Started UtBot Contest, classfileDir = /var/benchmarks/projects/fastjson/target/classes, classpathString=/var/benchmarks/projects/fastjson/target/classes:/var/benchmarks/projects/fastjson/target/fastjson-1.2.50-SNAPSHOT.jar:/var/benchmarks/projects/./fastjson/target/dependency/deeptestutils-1.1.0.jar:/var/benchmarks/projects/fastjson/target/dependency/commons-beanutils-1.8.0.jar:/var/benchmarks/projects/fastjson/target/dependency/woodstox-core-asl-4.4.1.jar:/var/benchmarks/projects/fastjson/target/dependency/spring-aop-4.3.7.RELEASE.jar:/var/benchmarks/projects/fastjson/target/dependency/hibernate-core-5.2.10.Final.jar:/var/benchmarks/projects/fastjson/target/dependency/jackson-module-kotlin-2.9.0.jar:/var/benchmarks/projects/fastjson/target/dependency/spring-data-commons-1.13.6.RELEASE.jar:/var/benchmarks/projects/fastjson/target/dependency/javax.annotation-api-1.2.jar:/var/benchmarks/projects/fastjson/target/dependency/gson-2.6.2.jar:/var/benchmarks/projects/fastjson/target/dependency/jetty-continuation-8.1.8.v20121106.jar:/var/benchmarks/projects/fastjson/target/dependency/objenesis-2.5.1.jar:/var/benchmarks/projects/fastjson/target/dependency/powermock-reflect-1.6.6.jar:/var/benchmarks/projects/fastjson/target/dependency/springfox-spring-web-2.6.1.jar:/var/benchmarks/projects/fastjson/target/dependency/javaslang-2.0.6.jar:/var/benchmarks/projects/fastjson/target/dependency/guava-18.0.jar:/var/benchmarks/projects/fastjson/target/dependency/mockito-core-1.10.19.jar:/var/benchmarks/projects/fastjson/target/dependency/json-lib-2.4-jdk15.jar:/var/benchmarks/projects/fastjson/target/dependency/jetty-xml-8.1.8.v20121106.jar:/var/benchmarks/projects/fastjson/target/dependency/xmlschema-core-2.2.1.jar:/var/benchmarks/projects/fastjson/target/dependency/powermock-api-support-1.6.6.jar:/var/benchmarks/projects/fastjson/target/dependency/commons-collections4-4.1.jar:/var/benchmarks/projects/fastjson/target/dependency/cglib-nodep-2.2.2.jar:/var/benchmarks/projects/fastjson/target/dependency/asm-debug-all-5.0.4.jar:/var/benchmarks/projects/fastjson/target/dependency/spring-plugin-core-1.2.0.RELEASE.jar:/var/benchmarks/projects/fastjson/target/dependency/cxf-rt-rs-client-3.1.2.jar:/var/benchmarks/projects/fastjson/target/dependency/jetty-io-8.1.8.v20121106.jar:/var/benchmarks/projects/fastjson/target/dependency/commons-lang3-3.4.jar:/var/benchmarks/projects/fastjson/target/dependency/stax2-api-3.1.4.jar:/var/benchmarks/projects/fastjson/target/dependency/jackson-annotations-2.9.0.jar:/var/benchmarks/projects/fastjson/target/dependency/jetty-server-8.1.8.v20121106.jar:/var/benchmarks/projects/fastjson/target/dependency/json-simple-1.1.1.jar:/var/benchmarks/projects/fastjson/target/dependency/asm-tree-4.0.jar:/var/benchmarks/projects/fastjson/target/dependency/spring-data-commons-core-1.4.1.RELEASE.jar:/var/benchmarks/projects/fastjson/target/dependency/powermock-module-junit4-common-1.6.6.jar:/var/benchmarks/projects/fastjson/target/dependency/jcl-over-slf4j-1.7.25.jar:/var/benchmarks/projects/fastjson/target/dependency/javax.servlet-3.0.0.v201112011016.jar:/var/benchmarks/projects/fastjson/target/dependency/springfox-core-2.6.1.jar:/var/benchmarks/projects/fastjson/target/dependency/osgi-resource-locator-1.0.1.jar:/var/benchmarks/projects/fastjson/target/dependency/javassist-3.18.0-GA.jar:/var/benchmarks/projects/fastjson/target/dependency/kotlin-reflect-1.1.3-2.jar:/var/benchmarks/projects/fastjson/target/dependency/spring-context-support-4.3.10.RELEASE.jar:/var/benchmarks/projects/fastjson/target/dependency/spring-plugin-metadata-1.2.0.RELEASE.jar:/var/benchmarks/projects/fastjson/target/dependency/kotlin-stdlib-1.1.3-2.jar:/var/benchmarks/projects/fastjson/target/dependency/spring-data-keyvalue-1.2.6.RELEASE.jar:/var/benchmarks/projects/fastjson/target/dependency/jersey-container-servlet-core-2.23.2.jar:/var/benchmarks/projects/fastjson/target/dependency/asm-4.0.jar:/var/benchmarks/projects/fastjson/target/dependency/asm-commons-4.0.jar:/var/benchmarks/projects/fastjson/target/dependency/jersey-guava-2.23.2.jar:/var/benchmarks/projects/fastjson/target/dependency/aopalliance-1.0.jar:/var/benchmarks/projects/fastjson/target/dependency/groovy-2.1.5.jar:/var/benchmarks/projects/fastjson/target/dependency/hk2-api-2.5.0-b05.jar:/var/benchmarks/projects/fastjson/target/dependency/jetty-security-8.1.8.v20121106.jar:/var/benchmarks/projects/fastjson/target/dependency/jmh-core-1.21.jar:/var/benchmarks/projects/fastjson/target/dependency/jersey-container-servlet-2.23.2.jar:/var/benchmarks/projects/fastjson/target/dependency/dom4j-1.6.1.jar:/var/benchmarks/projects/fastjson/target/dependency/spring-core-4.3.7.RELEASE.jar:/var/benchmarks/projects/fastjson/target/dependency/spring-data-redis-1.8.6.RELEASE.jar:/var/benchmarks/projects/fastjson/target/dependency/jackson-core-asl-1.9.13.jar:/var/benchmarks/projects/fastjson/target/dependency/jackson-mapper-asl-1.9.13.jar:/var/benchmarks/projects/fastjson/target/dependency/hibernate-jpa-2.1-api-1.0.0.Final.jar:/var/benchmarks/projects/fastjson/target/dependency/junit-4.12.jar:/var/benchmarks/projects/fastjson/target/dependency/commons-io-1.4.jar:/var/benchmarks/projects/fastjson/target/dependency/jetty-util-8.1.8.v20121106.jar:/var/benchmarks/projects/fastjson/target/dependency/hamcrest-core-1.3.jar:/var/benchmarks/projects/fastjson/target/dependency/jmh-generator-annprocess-1.21.jar:/var/benchmarks/projects/fastjson/target/dependency/jackson-jaxrs-base-2.8.7.jar:/var/benchmarks/projects/fastjson/target/dependency/powermock-module-junit4-1.6.6.jar:/var/benchmarks/projects/fastjson/target/dependency/powermock-core-1.6.6.jar:/var/benchmarks/projects/fastjson/target/dependency/slf4j-api-1.7.25.jar:/var/benchmarks/projects/fastjson/target/dependency/antlr-2.7.7.jar:/var/benchmarks/projects/fastjson/target/dependency/mockito-all-1.10.19.jar:/var/benchmarks/projects/fastjson/target/dependency/jersey-container-jdk-http-2.23.2.jar:/var/benchmarks/projects/fastjson/target/dependency/javaslang-match-2.0.6.jar:/var/benchmarks/projects/fastjson/target/dependency/jersey-test-framework-provider-jdk-http-2.23.2.jar:/var/benchmarks/projects/fastjson/target/dependency/jersey-entity-filtering-2.23.2.jar:/var/benchmarks/projects/fastjson/target/dependency/jandex-2.0.3.Final.jar:/var/benchmarks/projects/fastjson/target/dependency/ezmorph-1.0.6.jar:/var/benchmarks/projects/fastjson/target/dependency/jackson-jaxrs-json-provider-2.8.7.jar:/var/benchmarks/projects/fastjson/target/dependency/cxf-rt-transports-http-3.1.2.jar:/var/benchmarks/projects/fastjson/target/dependency/spring-beans-4.3.7.RELEASE.jar:/var/benchmarks/projects/fastjson/target/dependency/jersey-server-2.23.2.jar:/var/benchmarks/projects/fastjson/target/dependency/powermock-api-mockito-1.6.6.jar:/var/benchmarks/projects/fastjson/target/dependency/jackson-module-jaxb-annotations-2.8.7.jar:/var/benchmarks/projects/fastjson/target/dependency/jopt-simple-4.6.jar:/var/benchmarks/projects/fastjson/target/dependency/asm-analysis-4.0.jar:/var/benchmarks/projects/fastjson/target/dependency/annotations-13.0.jar:/var/benchmarks/projects/fastjson/target/dependency/json-path-2.3.0.jar:/var/benchmarks/projects/fastjson/target/dependency/springfox-spi-2.6.1.jar:/var/benchmarks/projects/fastjson/target/dependency/spring-websocket-4.3.7.RELEASE.jar:/var/benchmarks/projects/fastjson/target/dependency/spring-messaging-4.3.7.RELEASE.jar:/var/benchmarks/projects/fastjson/target/dependency/jersey-client-2.23.2.jar:/var/benchmarks/projects/fastjson/target/dependency/javax.ws.rs-api-2.0.1.jar:/var/benchmarks/projects/fastjson/target/dependency/accessors-smart-1.1.jar:/var/benchmarks/projects/fastjson/target/dependency/hibernate-commons-annotations-5.0.1.Final.jar:/var/benchmarks/projects/fastjson/target/dependency/commons-logging-1.1.1.jar:/var/benchmarks/projects/fastjson/target/dependency/jackson-core-2.9.0.jar:/var/benchmarks/projects/fastjson/target/dependency/spring-expression-4.3.7.RELEASE.jar:/var/benchmarks/projects/fastjson/target/dependency/jersey-media-jaxb-2.23.2.jar:/var/benchmarks/projects/fastjson/target/dependency/okhttp-3.6.0.jar:/var/benchmarks/projects/fastjson/target/dependency/commons-math3-3.2.jar:/var/benchmarks/projects/fastjson/target/dependency/jetty-webapp-8.1.8.v20121106.jar:/var/benchmarks/projects/fastjson/target/dependency/javax.inject-2.5.0-b05.jar:/var/benchmarks/projects/fastjson/target/dependency/cxf-core-3.1.2.jar:/var/benchmarks/projects/fastjson/target/dependency/powermock-api-mockito-common-1.6.6.jar:/var/benchmarks/projects/fastjson/target/dependency/jetty-http-8.1.8.v20121106.jar:/var/benchmarks/projects/fastjson/target/dependency/spring-security-config-3.2.10.RELEASE.jar:/var/benchmarks/projects/fastjson/target/dependency/okio-1.11.0.jar:/var/benchmarks/projects/fastjson/target/dependency/javax.servlet-api-3.1.0.jar:/var/benchmarks/projects/fastjson/target/dependency/json-smart-2.2.1.jar:/var/benchmarks/projects/fastjson/target/dependency/spring-tx-4.3.10.RELEASE.jar:/var/benchmarks/projects/fastjson/target/dependency/jackson-module-afterburner-2.9.0.jar:/var/benchmarks/projects/fastjson/target/dependency/asm-util-4.0.jar:/var/benchmarks/projects/fastjson/target/dependency/spring-security-web-4.2.3.RELEASE.jar:/var/benchmarks/projects/fastjson/target/dependency/spring-webmvc-4.3.7.RELEASE.jar:/var/benchmarks/projects/fastjson/target/dependency/hk2-locator-2.5.0-b05.jar:/var/benchmarks/projects/fastjson/target/dependency/retrofit-2.1.0.jar:/var/benchmarks/projects/fastjson/target/dependency/clojure-1.5.1.jar:/var/benchmarks/projects/fastjson/target/dependency/spring-security-oauth2-2.3.3.RELEASE.jar:/var/benchmarks/projects/fastjson/target/dependency/spring-test-4.3.7.RELEASE.jar:/var/benchmarks/projects/fastjson/target/dependency/aopalliance-repackaged-2.5.0-b05.jar:/var/benchmarks/projects/fastjson/target/dependency/spring-oxm-4.3.10.RELEASE.jar:/var/benchmarks/projects/fastjson/target/dependency/spring-security-core-4.2.3.RELEASE.jar:/var/benchmarks/projects/fastjson/target/dependency/jboss-transaction-api_1.2_spec-1.0.1.Final.jar:/var/benchmarks/projects/fastjson/target/dependency/lombok-1.14.4.jar:/var/benchmarks/projects/fastjson/target/dependency/commons-collections-3.2.1.jar:/var/benchmarks/projects/fastjson/target/dependency/cxf-rt-frontend-jaxrs-3.1.2.jar:/var/benchmarks/projects/fastjson/target/dependency/spring-context-4.3.7.RELEASE.jar:/var/benchmarks/projects/fastjson/target/dependency/jersey-test-framework-core-2.23.2.jar:/var/benchmarks/projects/fastjson/target/dependency/classmate-1.3.1.jar:/var/benchmarks/projects/fastjson/target/dependency/hk2-utils-2.5.0-b05.jar:/var/benchmarks/projects/fastjson/target/dependency/jersey-common-2.23.2.jar:/var/benchmarks/projects/fastjson/target/dependency/jackson-databind-2.9.0.jar:/var/benchmarks/projects/fastjson/target/dependency/jersey-media-json-jackson-2.23.2.jar:/var/benchmarks/projects/fastjson/target/dependency/commons-lang-2.5.jar:/var/benchmarks/projects/fastjson/target/dependency/jetty-servlet-8.1.8.v20121106.jar:/var/benchmarks/projects/fastjson/target/dependency/validation-api-1.1.0.Final.jar:/var/benchmarks/projects/fastjson/target/dependency/spring-web-4.3.7.RELEASE.jar:/var/benchmarks/projects/fastjson/target/dependency/jsoniter-0.9.8.jar:/var/benchmarks/projects/fastjson/target/dependency/jboss-logging-3.3.0.Final.jar, outputDir=/home/utbot_mocks/temp/testcases, mocks=Other classes: Mockito
16:19:12.457 | INFO  | Started: warmup: kotlin reflection :: init
16:19:12.541 | INFO  | Finished (in 0.083 sec): warmup: kotlin reflection :: init 
[INIT]
>> [RUN] com.alibaba.fastjson.support.spring.FastJsonHttpMessageConverter 30
16:19:12.555 | DEBUG | -----------------------------------------------------------------------------
16:19:12.556 | INFO  | Contest.runGeneration: Time budget: 30000 ms, Generation timeout=25500 ms, classpath=/var/benchmarks/projects/fastjson/target/classes:/var/benchmarks/projects/fastjson/target/fastjson-1.2.50-SNAPSHOT.jar:/var/benchmarks/projects/./fastjson/target/dependency/deeptestutils-1.1.0.jar:/var/benchmarks/projects/fastjson/target/dependency/commons-beanutils-1.8.0.jar:/var/benchmarks/projects/fastjson/target/dependency/woodstox-core-asl-4.4.1.jar:/var/benchmarks/projects/fastjson/target/dependency/spring-aop-4.3.7.RELEASE.jar:/var/benchmarks/projects/fastjson/target/dependency/hibernate-core-5.2.10.Final.jar:/var/benchmarks/projects/fastjson/target/dependency/jackson-module-kotlin-2.9.0.jar:/var/benchmarks/projects/fastjson/target/dependency/spring-data-commons-1.13.6.RELEASE.jar:/var/benchmarks/projects/fastjson/target/dependency/javax.annotation-api-1.2.jar:/var/benchmarks/projects/fastjson/target/dependency/gson-2.6.2.jar:/var/benchmarks/projects/fastjson/target/dependency/jetty-continuation-8.1.8.v20121106.jar:/var/benchmarks/projects/fastjson/target/dependency/objenesis-2.5.1.jar:/var/benchmarks/projects/fastjson/target/dependency/powermock-reflect-1.6.6.jar:/var/benchmarks/projects/fastjson/target/dependency/springfox-spring-web-2.6.1.jar:/var/benchmarks/projects/fastjson/target/dependency/javaslang-2.0.6.jar:/var/benchmarks/projects/fastjson/target/dependency/guava-18.0.jar:/var/benchmarks/projects/fastjson/target/dependency/mockito-core-1.10.19.jar:/var/benchmarks/projects/fastjson/target/dependency/json-lib-2.4-jdk15.jar:/var/benchmarks/projects/fastjson/target/dependency/jetty-xml-8.1.8.v20121106.jar:/var/benchmarks/projects/fastjson/target/dependency/xmlschema-core-2.2.1.jar:/var/benchmarks/projects/fastjson/target/dependency/powermock-api-support-1.6.6.jar:/var/benchmarks/projects/fastjson/target/dependency/commons-collections4-4.1.jar:/var/benchmarks/projects/fastjson/target/dependency/cglib-nodep-2.2.2.jar:/var/benchmarks/projects/fastjson/target/dependency/asm-debug-all-5.0.4.jar:/var/benchmarks/projects/fastjson/target/dependency/spring-plugin-core-1.2.0.RELEASE.jar:/var/benchmarks/projects/fastjson/target/dependency/cxf-rt-rs-client-3.1.2.jar:/var/benchmarks/projects/fastjson/target/dependency/jetty-io-8.1.8.v20121106.jar:/var/benchmarks/projects/fastjson/target/dependency/commons-lang3-3.4.jar:/var/benchmarks/projects/fastjson/target/dependency/stax2-api-3.1.4.jar:/var/benchmarks/projects/fastjson/target/dependency/jackson-annotations-2.9.0.jar:/var/benchmarks/projects/fastjson/target/dependency/jetty-server-8.1.8.v20121106.jar:/var/benchmarks/projects/fastjson/target/dependency/json-simple-1.1.1.jar:/var/benchmarks/projects/fastjson/target/dependency/asm-tree-4.0.jar:/var/benchmarks/projects/fastjson/target/dependency/spring-data-commons-core-1.4.1.RELEASE.jar:/var/benchmarks/projects/fastjson/target/dependency/powermock-module-junit4-common-1.6.6.jar:/var/benchmarks/projects/fastjson/target/dependency/jcl-over-slf4j-1.7.25.jar:/var/benchmarks/projects/fastjson/target/dependency/javax.servlet-3.0.0.v201112011016.jar:/var/benchmarks/projects/fastjson/target/dependency/springfox-core-2.6.1.jar:/var/benchmarks/projects/fastjson/target/dependency/osgi-resource-locator-1.0.1.jar:/var/benchmarks/projects/fastjson/target/dependency/javassist-3.18.0-GA.jar:/var/benchmarks/projects/fastjson/target/dependency/kotlin-reflect-1.1.3-2.jar:/var/benchmarks/projects/fastjson/target/dependency/spring-context-support-4.3.10.RELEASE.jar:/var/benchmarks/projects/fastjson/target/dependency/spring-plugin-metadata-1.2.0.RELEASE.jar:/var/benchmarks/projects/fastjson/target/dependency/kotlin-stdlib-1.1.3-2.jar:/var/benchmarks/projects/fastjson/target/dependency/spring-data-keyvalue-1.2.6.RELEASE.jar:/var/benchmarks/projects/fastjson/target/dependency/jersey-container-servlet-core-2.23.2.jar:/var/benchmarks/projects/fastjson/target/dependency/asm-4.0.jar:/var/benchmarks/projects/fastjson/target/dependency/asm-commons-4.0.jar:/var/benchmarks/projects/fastjson/target/dependency/jersey-guava-2.23.2.jar:/var/benchmarks/projects/fastjson/target/dependency/aopalliance-1.0.jar:/var/benchmarks/projects/fastjson/target/dependency/groovy-2.1.5.jar:/var/benchmarks/projects/fastjson/target/dependency/hk2-api-2.5.0-b05.jar:/var/benchmarks/projects/fastjson/target/dependency/jetty-security-8.1.8.v20121106.jar:/var/benchmarks/projects/fastjson/target/dependency/jmh-core-1.21.jar:/var/benchmarks/projects/fastjson/target/dependency/jersey-container-servlet-2.23.2.jar:/var/benchmarks/projects/fastjson/target/dependency/dom4j-1.6.1.jar:/var/benchmarks/projects/fastjson/target/dependency/spring-core-4.3.7.RELEASE.jar:/var/benchmarks/projects/fastjson/target/dependency/spring-data-redis-1.8.6.RELEASE.jar:/var/benchmarks/projects/fastjson/target/dependency/jackson-core-asl-1.9.13.jar:/var/benchmarks/projects/fastjson/target/dependency/jackson-mapper-asl-1.9.13.jar:/var/benchmarks/projects/fastjson/target/dependency/hibernate-jpa-2.1-api-1.0.0.Final.jar:/var/benchmarks/projects/fastjson/target/dependency/junit-4.12.jar:/var/benchmarks/projects/fastjson/target/dependency/commons-io-1.4.jar:/var/benchmarks/projects/fastjson/target/dependency/jetty-util-8.1.8.v20121106.jar:/var/benchmarks/projects/fastjson/target/dependency/hamcrest-core-1.3.jar:/var/benchmarks/projects/fastjson/target/dependency/jmh-generator-annprocess-1.21.jar:/var/benchmarks/projects/fastjson/target/dependency/jackson-jaxrs-base-2.8.7.jar:/var/benchmarks/projects/fastjson/target/dependency/powermock-module-junit4-1.6.6.jar:/var/benchmarks/projects/fastjson/target/dependency/powermock-core-1.6.6.jar:/var/benchmarks/projects/fastjson/target/dependency/slf4j-api-1.7.25.jar:/var/benchmarks/projects/fastjson/target/dependency/antlr-2.7.7.jar:/var/benchmarks/projects/fastjson/target/dependency/mockito-all-1.10.19.jar:/var/benchmarks/projects/fastjson/target/dependency/jersey-container-jdk-http-2.23.2.jar:/var/benchmarks/projects/fastjson/target/dependency/javaslang-match-2.0.6.jar:/var/benchmarks/projects/fastjson/target/dependency/jersey-test-framework-provider-jdk-http-2.23.2.jar:/var/benchmarks/projects/fastjson/target/dependency/jersey-entity-filtering-2.23.2.jar:/var/benchmarks/projects/fastjson/target/dependency/jandex-2.0.3.Final.jar:/var/benchmarks/projects/fastjson/target/dependency/ezmorph-1.0.6.jar:/var/benchmarks/projects/fastjson/target/dependency/jackson-jaxrs-json-provider-2.8.7.jar:/var/benchmarks/projects/fastjson/target/dependency/cxf-rt-transports-http-3.1.2.jar:/var/benchmarks/projects/fastjson/target/dependency/spring-beans-4.3.7.RELEASE.jar:/var/benchmarks/projects/fastjson/target/dependency/jersey-server-2.23.2.jar:/var/benchmarks/projects/fastjson/target/dependency/powermock-api-mockito-1.6.6.jar:/var/benchmarks/projects/fastjson/target/dependency/jackson-module-jaxb-annotations-2.8.7.jar:/var/benchmarks/projects/fastjson/target/dependency/jopt-simple-4.6.jar:/var/benchmarks/projects/fastjson/target/dependency/asm-analysis-4.0.jar:/var/benchmarks/projects/fastjson/target/dependency/annotations-13.0.jar:/var/benchmarks/projects/fastjson/target/dependency/json-path-2.3.0.jar:/var/benchmarks/projects/fastjson/target/dependency/springfox-spi-2.6.1.jar:/var/benchmarks/projects/fastjson/target/dependency/spring-websocket-4.3.7.RELEASE.jar:/var/benchmarks/projects/fastjson/target/dependency/spring-messaging-4.3.7.RELEASE.jar:/var/benchmarks/projects/fastjson/target/dependency/jersey-client-2.23.2.jar:/var/benchmarks/projects/fastjson/target/dependency/javax.ws.rs-api-2.0.1.jar:/var/benchmarks/projects/fastjson/target/dependency/accessors-smart-1.1.jar:/var/benchmarks/projects/fastjson/target/dependency/hibernate-commons-annotations-5.0.1.Final.jar:/var/benchmarks/projects/fastjson/target/dependency/commons-logging-1.1.1.jar:/var/benchmarks/projects/fastjson/target/dependency/jackson-core-2.9.0.jar:/var/benchmarks/projects/fastjson/target/dependency/spring-expression-4.3.7.RELEASE.jar:/var/benchmarks/projects/fastjson/target/dependency/jersey-media-jaxb-2.23.2.jar:/var/benchmarks/projects/fastjson/target/dependency/okhttp-3.6.0.jar:/var/benchmarks/projects/fastjson/target/dependency/commons-math3-3.2.jar:/var/benchmarks/projects/fastjson/target/dependency/jetty-webapp-8.1.8.v20121106.jar:/var/benchmarks/projects/fastjson/target/dependency/javax.inject-2.5.0-b05.jar:/var/benchmarks/projects/fastjson/target/dependency/cxf-core-3.1.2.jar:/var/benchmarks/projects/fastjson/target/dependency/powermock-api-mockito-common-1.6.6.jar:/var/benchmarks/projects/fastjson/target/dependency/jetty-http-8.1.8.v20121106.jar:/var/benchmarks/projects/fastjson/target/dependency/spring-security-config-3.2.10.RELEASE.jar:/var/benchmarks/projects/fastjson/target/dependency/okio-1.11.0.jar:/var/benchmarks/projects/fastjson/target/dependency/javax.servlet-api-3.1.0.jar:/var/benchmarks/projects/fastjson/target/dependency/json-smart-2.2.1.jar:/var/benchmarks/projects/fastjson/target/dependency/spring-tx-4.3.10.RELEASE.jar:/var/benchmarks/projects/fastjson/target/dependency/jackson-module-afterburner-2.9.0.jar:/var/benchmarks/projects/fastjson/target/dependency/asm-util-4.0.jar:/var/benchmarks/projects/fastjson/target/dependency/spring-security-web-4.2.3.RELEASE.jar:/var/benchmarks/projects/fastjson/target/dependency/spring-webmvc-4.3.7.RELEASE.jar:/var/benchmarks/projects/fastjson/target/dependency/hk2-locator-2.5.0-b05.jar:/var/benchmarks/projects/fastjson/target/dependency/retrofit-2.1.0.jar:/var/benchmarks/projects/fastjson/target/dependency/clojure-1.5.1.jar:/var/benchmarks/projects/fastjson/target/dependency/spring-security-oauth2-2.3.3.RELEASE.jar:/var/benchmarks/projects/fastjson/target/dependency/spring-test-4.3.7.RELEASE.jar:/var/benchmarks/projects/fastjson/target/dependency/aopalliance-repackaged-2.5.0-b05.jar:/var/benchmarks/projects/fastjson/target/dependency/spring-oxm-4.3.10.RELEASE.jar:/var/benchmarks/projects/fastjson/target/dependency/spring-security-core-4.2.3.RELEASE.jar:/var/benchmarks/projects/fastjson/target/dependency/jboss-transaction-api_1.2_spec-1.0.1.Final.jar:/var/benchmarks/projects/fastjson/target/dependency/lombok-1.14.4.jar:/var/benchmarks/projects/fastjson/target/dependency/commons-collections-3.2.1.jar:/var/benchmarks/projects/fastjson/target/dependency/cxf-rt-frontend-jaxrs-3.1.2.jar:/var/benchmarks/projects/fastjson/target/dependency/spring-context-4.3.7.RELEASE.jar:/var/benchmarks/projects/fastjson/target/dependency/jersey-test-framework-core-2.23.2.jar:/var/benchmarks/projects/fastjson/target/dependency/classmate-1.3.1.jar:/var/benchmarks/projects/fastjson/target/dependency/hk2-utils-2.5.0-b05.jar:/var/benchmarks/projects/fastjson/target/dependency/jersey-common-2.23.2.jar:/var/benchmarks/projects/fastjson/target/dependency/jackson-databind-2.9.0.jar:/var/benchmarks/projects/fastjson/target/dependency/jersey-media-json-jackson-2.23.2.jar:/var/benchmarks/projects/fastjson/target/dependency/commons-lang-2.5.jar:/var/benchmarks/projects/fastjson/target/dependency/jetty-servlet-8.1.8.v20121106.jar:/var/benchmarks/projects/fastjson/target/dependency/validation-api-1.1.0.Final.jar:/var/benchmarks/projects/fastjson/target/dependency/spring-web-4.3.7.RELEASE.jar:/var/benchmarks/projects/fastjson/target/dependency/jsoniter-0.9.8.jar:/var/benchmarks/projects/fastjson/target/dependency/jboss-logging-3.3.0.Final.jar, methodNameFilter=null
16:19:12.560 | INFO  | ClassUnderTest[ FQN: com.alibaba.fastjson.support.spring.FastJsonHttpMessageConverter
    classfileDir: /var/benchmarks/projects/fastjson/target/classes
    testClassSimpleName: FastJsonHttpMessageConverterTest
    generatedTestFile: /home/utbot_mocks/temp/testcases/com/alibaba/fastjson/support/spring/FastJsonHttpMessageConverterTest.java
    generatedTestsSourcesDir: /home/utbot_mocks/temp/testcases
]
16:19:12.591 | INFO  | Started: class com.alibaba.fastjson.support.spring.FastJsonHttpMessageConverter
16:19:12.592 | INFO  | Started: preparation class class com.alibaba.fastjson.support.spring.FastJsonHttpMessageConverter: kotlin reflection :: run
16:19:12.765 | INFO  | Finished (in 0.172 sec): preparation class class com.alibaba.fastjson.support.spring.FastJsonHttpMessageConverter: kotlin reflection :: run 
16:19:12.766 | INFO  | Started: 2nd optional soot initialization
16:19:12.767 | INFO  | Finished (in 0.001 sec): 2nd optional soot initialization 
16:19:12.778 | DEBUG |  ... 
16:19:12.800 | INFO  | Started: method com.alibaba.fastjson.support.spring.FastJsonHttpMessageConverter.write(Object, Type, MediaType, HttpOutputMessage)
16:19:12.801 | INFO  |  -- Remaining time budget: 25279 ms, #remaining_methods: 26, budget for method: 972 ms, solver timeout: 486 ms, budget for symbolic execution: 486 ms, budget for concrete execution: 486 ms,  -- 
16:19:13.274 | INFO  | |> Starting concrete execution for remaining state: com.alibaba.fastjson.support.spring.FastJsonHttpMessageConverter.write(Object, Type, MediaType, HttpOutputMessage)
16:19:13.761 | INFO  | (X) Cancelling concrete execution: com.alibaba.fastjson.support.spring.FastJsonHttpMessageConverter.write(Object, Type, MediaType, HttpOutputMessage)
16:19:13.764 | DEBUG |  ... 
16:19:13.765 | INFO  | Started: method com.alibaba.fastjson.support.spring.FastJsonHttpMessageConverter.read(Type, Class, HttpInputMessage)
16:19:13.765 | INFO  |  -- Remaining time budget: 24295 ms, #remaining_methods: 25, budget for method: 971 ms, solver timeout: 485 ms, budget for symbolic execution: 486 ms, budget for concrete execution: 485 ms,  -- 
16:19:13.792 | INFO  | Finished (in 0.991 sec): method com.alibaba.fastjson.support.spring.FastJsonHttpMessageConverter.write(Object, Type, MediaType, HttpOutputMessage) 
<StatsForMethod> : SUSPICIOUS
	#generatedTC=0
	WITH NO EXCEPTIONS
16:19:14.251 | INFO  | |> Starting concrete execution for remaining state: com.alibaba.fastjson.support.spring.FastJsonHttpMessageConverter.read(Type, Class, HttpInputMessage)
16:19:14.737 | INFO  | (X) Cancelling concrete execution: com.alibaba.fastjson.support.spring.FastJsonHttpMessageConverter.read(Type, Class, HttpInputMessage)
16:19:14.738 | INFO  | Finished (in 0.973 sec): method com.alibaba.fastjson.support.spring.FastJsonHttpMessageConverter.read(Type, Class, HttpInputMessage) 
<StatsForMethod> : SUSPICIOUS
	#generatedTC=0
	WITH NO EXCEPTIONS
16:19:14.739 | DEBUG |  ... 
16:19:14.740 | INFO  | Started: method com.alibaba.fastjson.support.spring.FastJsonHttpMessageConverter.canRead(Type, Class, MediaType)
16:19:14.740 | INFO  |  -- Remaining time budget: 23320 ms, #remaining_methods: 24, budget for method: 971 ms, solver timeout: 485 ms, budget for symbolic execution: 486 ms, budget for concrete execution: 485 ms,  -- 
16:19:15.421 | INFO  | |> Starting concrete execution for remaining state: com.alibaba.fastjson.support.spring.FastJsonHttpMessageConverter.canRead(Type, Class, MediaType)
16:19:15.648 | ERROR | Symbolic execution FAILED
com.huawei.utbot.instrumentation.util.ChildProcessError: Error in the child process |> java.lang.IllegalAccessException: java.lang.Class
	at sun.misc.Unsafe.allocateInstance(Native Method)
	at com.huawei.utbot.framework.util.EngineUtilsKt.getAnyInstance(EngineUtils.kt:61)
	at com.huawei.utbot.framework.concrete.MockValueConstructor.constructObject(MockValueConstructor.kt:158)
	at com.huawei.utbot.framework.concrete.MockValueConstructor.construct(MockValueConstructor.kt:124)
	at com.huawei.utbot.framework.concrete.MockValueConstructor.constructMethodParameters(MockValueConstructor.kt:101)
	at com.huawei.utbot.framework.concrete.UtExecutionInstrumentation.invoke(UtExecutionInstrumentation.kt:126)
	at com.huawei.utbot.framework.concrete.UtExecutionInstrumentation.invoke(UtExecutionInstrumentation.kt:96)
	at com.huawei.utbot.instrumentation.process.ChildProcessKt.loop(ChildProcess.kt:114)
	at com.huawei.utbot.instrumentation.process.ChildProcessKt.main(ChildProcess.kt:76)
	at com.huawei.utbot.instrumentation.process.ChildProcessKt.main(ChildProcess.kt)

	at com.huawei.utbot.instrumentation.ConcreteExecutor.executeAsync(ConcreteExecutor.kt:391) ~[utbot-junit-contest-1.0.jar:?]
	at com.huawei.utbot.instrumentation.ConcreteExecutor$executeAsync$1.invokeSuspend(ConcreteExecutor.kt) ~[utbot-junit-contest-1.0.jar:?]
	at kotlin.coroutines.jvm.internal.BaseContinuationImpl.resumeWith(ContinuationImpl.kt:33) [utbot-junit-contest-1.0.jar:?]
	at kotlinx.coroutines.DispatchedTask.run(DispatchedTask.kt:106) [utbot-junit-contest-1.0.jar:?]
	at java.util.concurrent.Executors$RunnableAdapter.call(Executors.java:511) [?:1.8.0_312]
	at java.util.concurrent.FutureTask.run(FutureTask.java:266) [?:1.8.0_312]
	at java.util.concurrent.ScheduledThreadPoolExecutor$ScheduledFutureTask.access$201(ScheduledThreadPoolExecutor.java:180) [?:1.8.0_312]
	at java.util.concurrent.ScheduledThreadPoolExecutor$ScheduledFutureTask.run(ScheduledThreadPoolExecutor.java:293) [?:1.8.0_312]
	at java.util.concurrent.ThreadPoolExecutor.runWorker(ThreadPoolExecutor.java:1149) [?:1.8.0_312]
	at java.util.concurrent.ThreadPoolExecutor$Worker.run(ThreadPoolExecutor.java:624) [?:1.8.0_312]
	at java.lang.Thread.run(Thread.java:748) [?:1.8.0_312]
16:19:15.906 | INFO  | (X) Cancelling concrete execution: com.alibaba.fastjson.support.spring.FastJsonHttpMessageConverter.canRead(Type, Class, MediaType)
16:19:15.915 | INFO  | Finished (in 1.175 sec): method com.alibaba.fastjson.support.spring.FastJsonHttpMessageConverter.canRead(Type, Class, MediaType) 
<StatsForMethod> :
	#generatedTC=0
	FAILED 1 time(s) with 1 different exception(s)"
16:19:15.917 | DEBUG |  ... 
16:19:15.917 | INFO  | Started: method com.alibaba.fastjson.support.spring.FastJsonHttpMessageConverter.canWrite(Type, Class, MediaType)
16:19:15.918 | INFO  |  -- Remaining time budget: 22142 ms, #remaining_methods: 23, budget for method: 962 ms, solver timeout: 481 ms, budget for symbolic execution: 481 ms, budget for concrete execution: 481 ms,  -- 
16:19:15.926 | ERROR | Symbolic execution FAILED
com.huawei.utbot.instrumentation.util.ChildProcessError: Error in the child process |> java.lang.IllegalAccessException: java.lang.Class
	at sun.misc.Unsafe.allocateInstance(Native Method)
	at com.huawei.utbot.framework.util.EngineUtilsKt.getAnyInstance(EngineUtils.kt:61)
	at com.huawei.utbot.framework.concrete.MockValueConstructor.constructObject(MockValueConstructor.kt:158)
	at com.huawei.utbot.framework.concrete.MockValueConstructor.construct(MockValueConstructor.kt:124)
	at com.huawei.utbot.framework.concrete.MockValueConstructor.constructMethodParameters(MockValueConstructor.kt:101)
	at com.huawei.utbot.framework.concrete.UtExecutionInstrumentation.invoke(UtExecutionInstrumentation.kt:126)
	at com.huawei.utbot.framework.concrete.UtExecutionInstrumentation.invoke(UtExecutionInstrumentation.kt:96)
	at com.huawei.utbot.instrumentation.process.ChildProcessKt.loop(ChildProcess.kt:114)
	at com.huawei.utbot.instrumentation.process.ChildProcessKt.main(ChildProcess.kt:76)
	at com.huawei.utbot.instrumentation.process.ChildProcessKt.main(ChildProcess.kt)

	at com.huawei.utbot.instrumentation.ConcreteExecutor.executeAsync(ConcreteExecutor.kt:391) ~[utbot-junit-contest-1.0.jar:?]
	at com.huawei.utbot.instrumentation.ConcreteExecutor$executeAsync$1.invokeSuspend(ConcreteExecutor.kt) ~[utbot-junit-contest-1.0.jar:?]
	at kotlin.coroutines.jvm.internal.BaseContinuationImpl.resumeWith(ContinuationImpl.kt:33) [utbot-junit-contest-1.0.jar:?]
	at kotlinx.coroutines.DispatchedTask.run(DispatchedTask.kt:106) [utbot-junit-contest-1.0.jar:?]
	at java.util.concurrent.Executors$RunnableAdapter.call(Executors.java:511) [?:1.8.0_312]
	at java.util.concurrent.FutureTask.run(FutureTask.java:266) [?:1.8.0_312]
	at java.util.concurrent.ScheduledThreadPoolExecutor$ScheduledFutureTask.access$201(ScheduledThreadPoolExecutor.java:180) [?:1.8.0_312]
	at java.util.concurrent.ScheduledThreadPoolExecutor$ScheduledFutureTask.run(ScheduledThreadPoolExecutor.java:293) [?:1.8.0_312]
	at java.util.concurrent.ThreadPoolExecutor.runWorker(ThreadPoolExecutor.java:1149) [?:1.8.0_312]
	at java.util.concurrent.ThreadPoolExecutor$Worker.run(ThreadPoolExecutor.java:624) [?:1.8.0_312]
	at java.lang.Thread.run(Thread.java:748) [?:1.8.0_312]
16:19:16.398 | INFO  | |> Starting concrete execution for remaining state: com.alibaba.fastjson.support.spring.FastJsonHttpMessageConverter.canWrite(Type, Class, MediaType)
16:19:16.442 | DEBUG | --new testCase collected, to generate: testCom.alibaba.fastjson.support.spring.FastJsonHttpMessageConverter.canWrite(Type, Class, MediaType)1
16:19:16.516 | INFO  | Finished (in 0.598 sec): method com.alibaba.fastjson.support.spring.FastJsonHttpMessageConverter.canWrite(Type, Class, MediaType) 
<StatsForMethod> :
	#generatedTC=1
	FAILED 1 time(s) with 1 different exception(s)"
16:19:16.531 | DEBUG |  ... 
16:19:16.531 | INFO  | Started: method com.alibaba.fastjson.support.spring.FastJsonHttpMessageConverter.readInternal(Class, HttpInputMessage)
16:19:16.532 | INFO  |  -- Remaining time budget: 21528 ms, #remaining_methods: 22, budget for method: 978 ms, solver timeout: 489 ms, budget for symbolic execution: 489 ms, budget for concrete execution: 489 ms,  -- 
16:19:16.540 | ERROR | Symbolic execution FAILED
com.huawei.utbot.instrumentation.util.ChildProcessError: Error in the child process |> java.lang.IllegalAccessException: java.lang.Class
	at sun.misc.Unsafe.allocateInstance(Native Method)
	at com.huawei.utbot.framework.util.EngineUtilsKt.getAnyInstance(EngineUtils.kt:61)
	at com.huawei.utbot.framework.concrete.MockValueConstructor.constructObject(MockValueConstructor.kt:158)
	at com.huawei.utbot.framework.concrete.MockValueConstructor.construct(MockValueConstructor.kt:124)
	at com.huawei.utbot.framework.concrete.MockValueConstructor.constructMethodParameters(MockValueConstructor.kt:101)
	at com.huawei.utbot.framework.concrete.UtExecutionInstrumentation.invoke(UtExecutionInstrumentation.kt:126)
	at com.huawei.utbot.framework.concrete.UtExecutionInstrumentation.invoke(UtExecutionInstrumentation.kt:96)
	at com.huawei.utbot.instrumentation.process.ChildProcessKt.loop(ChildProcess.kt:114)
	at com.huawei.utbot.instrumentation.process.ChildProcessKt.main(ChildProcess.kt:76)
	at com.huawei.utbot.instrumentation.process.ChildProcessKt.main(ChildProcess.kt)

	at com.huawei.utbot.instrumentation.ConcreteExecutor.executeAsync(ConcreteExecutor.kt:391) ~[utbot-junit-contest-1.0.jar:?]
	at com.huawei.utbot.instrumentation.ConcreteExecutor$executeAsync$1.invokeSuspend(ConcreteExecutor.kt) ~[utbot-junit-contest-1.0.jar:?]
	at kotlin.coroutines.jvm.internal.BaseContinuationImpl.resumeWith(ContinuationImpl.kt:33) [utbot-junit-contest-1.0.jar:?]
	at kotlinx.coroutines.DispatchedTask.run(DispatchedTask.kt:106) [utbot-junit-contest-1.0.jar:?]
	at java.util.concurrent.Executors$RunnableAdapter.call(Executors.java:511) [?:1.8.0_312]
	at java.util.concurrent.FutureTask.run(FutureTask.java:266) [?:1.8.0_312]
	at java.util.concurrent.ScheduledThreadPoolExecutor$ScheduledFutureTask.access$201(ScheduledThreadPoolExecutor.java:180) [?:1.8.0_312]
	at java.util.concurrent.ScheduledThreadPoolExecutor$ScheduledFutureTask.run(ScheduledThreadPoolExecutor.java:293) [?:1.8.0_312]
	at java.util.concurrent.ThreadPoolExecutor.runWorker(ThreadPoolExecutor.java:1149) [?:1.8.0_312]
	at java.util.concurrent.ThreadPoolExecutor$Worker.run(ThreadPoolExecutor.java:624) [?:1.8.0_312]
	at java.lang.Thread.run(Thread.java:748) [?:1.8.0_312]
16:19:17.021 | INFO  | |> Starting concrete execution for remaining state: com.alibaba.fastjson.support.spring.FastJsonHttpMessageConverter.readInternal(Class, HttpInputMessage)
16:19:17.416 | DEBUG | --new testCase collected, to generate: testCom.alibaba.fastjson.support.spring.FastJsonHttpMessageConverter.readInternal(Class, HttpInputMessage)1
16:19:17.474 | DEBUG | --new testCase collected, to generate: testCom.alibaba.fastjson.support.spring.FastJsonHttpMessageConverter.readInternal(Class, HttpInputMessage)2
16:19:17.510 | INFO  | (X) Cancelling concrete execution: com.alibaba.fastjson.support.spring.FastJsonHttpMessageConverter.readInternal(Class, HttpInputMessage)
16:19:17.544 | INFO  | Finished (in 1.012 sec): method com.alibaba.fastjson.support.spring.FastJsonHttpMessageConverter.readInternal(Class, HttpInputMessage) 
<StatsForMethod> :
	#generatedTC=2
	FAILED 1 time(s) with 1 different exception(s)"
16:19:17.573 | DEBUG |  ... 
16:19:17.573 | INFO  | Started: method com.alibaba.fastjson.support.spring.FastJsonHttpMessageConverter.writeInternal(Object, HttpOutputMessage)
16:19:17.573 | INFO  |  -- Remaining time budget: 20486 ms, #remaining_methods: 21, budget for method: 975 ms, solver timeout: 487 ms, budget for symbolic execution: 488 ms, budget for concrete execution: 487 ms,  -- 
16:19:18.062 | INFO  | |> Starting concrete execution for remaining state: com.alibaba.fastjson.support.spring.FastJsonHttpMessageConverter.writeInternal(Object, HttpOutputMessage)
16:19:18.247 | DEBUG | --new testCase collected, to generate: testCom.alibaba.fastjson.support.spring.FastJsonHttpMessageConverter.writeInternal(Object, HttpOutputMessage)1
16:19:18.549 | INFO  | (X) Cancelling concrete execution: com.alibaba.fastjson.support.spring.FastJsonHttpMessageConverter.writeInternal(Object, HttpOutputMessage)
16:19:18.661 | INFO  | Finished (in 1.088 sec): method com.alibaba.fastjson.support.spring.FastJsonHttpMessageConverter.writeInternal(Object, HttpOutputMessage) 
<StatsForMethod> :
	#generatedTC=1
	WITH NO EXCEPTIONS
16:19:18.670 | DEBUG |  ... 
16:19:18.671 | INFO  | Started: method com.alibaba.fastjson.support.spring.FastJsonHttpMessageConverter.supports(Class)
16:19:18.671 | INFO  |  -- Remaining time budget: 19388 ms, #remaining_methods: 20, budget for method: 969 ms, solver timeout: 484 ms, budget for symbolic execution: 485 ms, budget for concrete execution: 484 ms,  -- 
16:19:18.677 | ERROR | Symbolic execution FAILED
com.huawei.utbot.instrumentation.util.ChildProcessError: Error in the child process |> java.lang.IllegalAccessException: java.lang.Class
	at sun.misc.Unsafe.allocateInstance(Native Method)
	at com.huawei.utbot.framework.util.EngineUtilsKt.getAnyInstance(EngineUtils.kt:61)
	at com.huawei.utbot.framework.concrete.MockValueConstructor.constructObject(MockValueConstructor.kt:158)
	at com.huawei.utbot.framework.concrete.MockValueConstructor.construct(MockValueConstructor.kt:124)
	at com.huawei.utbot.framework.concrete.MockValueConstructor.constructMethodParameters(MockValueConstructor.kt:101)
	at com.huawei.utbot.framework.concrete.UtExecutionInstrumentation.invoke(UtExecutionInstrumentation.kt:126)
	at com.huawei.utbot.framework.concrete.UtExecutionInstrumentation.invoke(UtExecutionInstrumentation.kt:96)
	at com.huawei.utbot.instrumentation.process.ChildProcessKt.loop(ChildProcess.kt:114)
	at com.huawei.utbot.instrumentation.process.ChildProcessKt.main(ChildProcess.kt:76)
	at com.huawei.utbot.instrumentation.process.ChildProcessKt.main(ChildProcess.kt)

	at com.huawei.utbot.instrumentation.ConcreteExecutor.executeAsync(ConcreteExecutor.kt:391) ~[utbot-junit-contest-1.0.jar:?]
	at com.huawei.utbot.instrumentation.ConcreteExecutor$executeAsync$1.invokeSuspend(ConcreteExecutor.kt) ~[utbot-junit-contest-1.0.jar:?]
	at kotlin.coroutines.jvm.internal.BaseContinuationImpl.resumeWith(ContinuationImpl.kt:33) [utbot-junit-contest-1.0.jar:?]
	at kotlinx.coroutines.DispatchedTask.run(DispatchedTask.kt:106) [utbot-junit-contest-1.0.jar:?]
	at java.util.concurrent.Executors$RunnableAdapter.call(Executors.java:511) [?:1.8.0_312]
	at java.util.concurrent.FutureTask.run(FutureTask.java:266) [?:1.8.0_312]
	at java.util.concurrent.ScheduledThreadPoolExecutor$ScheduledFutureTask.access$201(ScheduledThreadPoolExecutor.java:180) [?:1.8.0_312]
	at java.util.concurrent.ScheduledThreadPoolExecutor$ScheduledFutureTask.run(ScheduledThreadPoolExecutor.java:293) [?:1.8.0_312]
	at java.util.concurrent.ThreadPoolExecutor.runWorker(ThreadPoolExecutor.java:1149) [?:1.8.0_312]
	at java.util.concurrent.ThreadPoolExecutor$Worker.run(ThreadPoolExecutor.java:624) [?:1.8.0_312]
	at java.lang.Thread.run(Thread.java:748) [?:1.8.0_312]
16:19:18.768 | DEBUG | --new testCase collected, to generate: testCom.alibaba.fastjson.support.spring.FastJsonHttpMessageConverter.supports(Class)1
16:19:18.768 | INFO  | Finished (in 0.097 sec): method com.alibaba.fastjson.support.spring.FastJsonHttpMessageConverter.supports(Class) 
<StatsForMethod> :
	#generatedTC=1
	FAILED 1 time(s) with 1 different exception(s)"
16:19:18.769 | DEBUG |  ... 
16:19:18.769 | INFO  | Started: method com.alibaba.fastjson.support.spring.FastJsonHttpMessageConverter.getCharset()
16:19:18.769 | INFO  |  -- Remaining time budget: 19290 ms, #remaining_methods: 19, budget for method: 1015 ms, solver timeout: 507 ms, budget for symbolic execution: 508 ms, budget for concrete execution: 507 ms,  -- 
16:19:19.278 | INFO  | |> Starting concrete execution for remaining state: com.alibaba.fastjson.support.spring.FastJsonHttpMessageConverter.getCharset()
16:19:19.435 | DEBUG | --new testCase collected, to generate: testCom.alibaba.fastjson.support.spring.FastJsonHttpMessageConverter.getCharset()1
16:19:19.467 | DEBUG | --new testCase collected, to generate: testCom.alibaba.fastjson.support.spring.FastJsonHttpMessageConverter.getCharset()2
16:19:19.500 | DEBUG | --new testCase collected, to generate: testCom.alibaba.fastjson.support.spring.FastJsonHttpMessageConverter.getCharset()3
16:19:19.500 | INFO  | Finished (in 0.731 sec): method com.alibaba.fastjson.support.spring.FastJsonHttpMessageConverter.getCharset() 
<StatsForMethod> :
	#generatedTC=3
	WITH NO EXCEPTIONS
16:19:19.501 | DEBUG |  ... 
16:19:19.501 | INFO  | Started: method com.alibaba.fastjson.support.spring.FastJsonHttpMessageConverter.setFeatures(SerializerFeature[])
16:19:19.501 | INFO  |  -- Remaining time budget: 18558 ms, #remaining_methods: 18, budget for method: 1031 ms, solver timeout: 515 ms, budget for symbolic execution: 516 ms, budget for concrete execution: 515 ms,  -- 
16:19:19.886 | DEBUG | --new testCase collected, to generate: testCom.alibaba.fastjson.support.spring.FastJsonHttpMessageConverter.setFeatures(SerializerFeature[])1
16:19:19.916 | DEBUG | --new testCase collected, to generate: testCom.alibaba.fastjson.support.spring.FastJsonHttpMessageConverter.setFeatures(SerializerFeature[])2
16:19:19.937 | DEBUG | --new testCase collected, to generate: testCom.alibaba.fastjson.support.spring.FastJsonHttpMessageConverter.setFeatures(SerializerFeature[])3
16:19:19.938 | INFO  | Finished (in 0.436 sec): method com.alibaba.fastjson.support.spring.FastJsonHttpMessageConverter.setFeatures(SerializerFeature[]) 
<StatsForMethod> :
	#generatedTC=3
	WITH NO EXCEPTIONS
16:19:19.939 | DEBUG |  ... 
16:19:19.939 | INFO  | Started: method com.alibaba.fastjson.support.spring.FastJsonHttpMessageConverter.getFeatures()
16:19:19.939 | INFO  |  -- Remaining time budget: 18120 ms, #remaining_methods: 17, budget for method: 1065 ms, solver timeout: 532 ms, budget for symbolic execution: 533 ms, budget for concrete execution: 532 ms,  -- 
16:19:20.327 | DEBUG | --new testCase collected, to generate: testCom.alibaba.fastjson.support.spring.FastJsonHttpMessageConverter.getFeatures()1
16:19:20.357 | DEBUG | --new testCase collected, to generate: testCom.alibaba.fastjson.support.spring.FastJsonHttpMessageConverter.getFeatures()2
16:19:20.381 | DEBUG | --new testCase collected, to generate: testCom.alibaba.fastjson.support.spring.FastJsonHttpMessageConverter.getFeatures()3
16:19:20.382 | INFO  | Finished (in 0.442 sec): method com.alibaba.fastjson.support.spring.FastJsonHttpMessageConverter.getFeatures() 
<StatsForMethod> :
	#generatedTC=3
	WITH NO EXCEPTIONS
16:19:20.383 | DEBUG |  ... 
16:19:20.383 | INFO  | Started: method com.alibaba.fastjson.support.spring.FastJsonHttpMessageConverter.setCharset(Charset)
16:19:20.383 | INFO  |  -- Remaining time budget: 17676 ms, #remaining_methods: 16, budget for method: 1104 ms, solver timeout: 552 ms, budget for symbolic execution: 552 ms, budget for concrete execution: 552 ms,  -- 
16:19:20.650 | DEBUG | --new testCase collected, to generate: testCom.alibaba.fastjson.support.spring.FastJsonHttpMessageConverter.setCharset(Charset)1
16:19:20.677 | DEBUG | --new testCase collected, to generate: testCom.alibaba.fastjson.support.spring.FastJsonHttpMessageConverter.setCharset(Charset)2
16:19:20.696 | DEBUG | --new testCase collected, to generate: testCom.alibaba.fastjson.support.spring.FastJsonHttpMessageConverter.setCharset(Charset)3
16:19:20.697 | INFO  | Finished (in 0.313 sec): method com.alibaba.fastjson.support.spring.FastJsonHttpMessageConverter.setCharset(Charset) 
<StatsForMethod> :
	#generatedTC=3
	WITH NO EXCEPTIONS
16:19:20.697 | DEBUG |  ... 
16:19:20.698 | INFO  | Started: method com.alibaba.fastjson.support.spring.FastJsonHttpMessageConverter.readType(Type, HttpInputMessage)
16:19:20.698 | INFO  |  -- Remaining time budget: 17361 ms, #remaining_methods: 15, budget for method: 1157 ms, solver timeout: 578 ms, budget for symbolic execution: 579 ms, budget for concrete execution: 578 ms,  -- 
16:19:20.959 | DEBUG | --new testCase collected, to generate: testCom.alibaba.fastjson.support.spring.FastJsonHttpMessageConverter.readType(Type, HttpInputMessage)1
16:19:21.016 | DEBUG | --new testCase collected, to generate: testCom.alibaba.fastjson.support.spring.FastJsonHttpMessageConverter.readType(Type, HttpInputMessage)2
16:19:21.049 | DEBUG | --new testCase collected, to generate: testCom.alibaba.fastjson.support.spring.FastJsonHttpMessageConverter.readType(Type, HttpInputMessage)3
16:19:21.273 | DEBUG | --new testCase collected, to generate: testCom.alibaba.fastjson.support.spring.FastJsonHttpMessageConverter.readType(Type, HttpInputMessage)4
16:19:21.274 | INFO  | Finished (in 0.576 sec): method com.alibaba.fastjson.support.spring.FastJsonHttpMessageConverter.readType(Type, HttpInputMessage) 
<StatsForMethod> :
	#generatedTC=4
	WITH NO EXCEPTIONS
16:19:21.275 | DEBUG |  ... 
16:19:21.276 | INFO  | Started: method com.alibaba.fastjson.support.spring.FastJsonHttpMessageConverter.strangeCodeForJackson(Object)
16:19:21.276 | INFO  |  -- Remaining time budget: 16783 ms, #remaining_methods: 14, budget for method: 1198 ms, solver timeout: 599 ms, budget for symbolic execution: 599 ms, budget for concrete execution: 599 ms,  -- 
16:19:21.597 | DEBUG | --new testCase collected, to generate: testCom.alibaba.fastjson.support.spring.FastJsonHttpMessageConverter.strangeCodeForJackson(Object)1
16:19:21.753 | DEBUG | --new testCase collected, to generate: testCom.alibaba.fastjson.support.spring.FastJsonHttpMessageConverter.strangeCodeForJackson(Object)2
16:19:21.875 | INFO  | |> Starting concrete execution for remaining state: com.alibaba.fastjson.support.spring.FastJsonHttpMessageConverter.strangeCodeForJackson(Object)
16:19:22.281 | INFO  | Finished (in 1.005 sec): method com.alibaba.fastjson.support.spring.FastJsonHttpMessageConverter.strangeCodeForJackson(Object) 
<StatsForMethod> :
	#generatedTC=2
	WITH NO EXCEPTIONS
16:19:22.302 | DEBUG |  ... 
16:19:22.303 | INFO  | Started: method com.alibaba.fastjson.support.spring.FastJsonHttpMessageConverter.addSerializeFilter(SerializeFilter)
16:19:22.303 | INFO  |  -- Remaining time budget: 15756 ms, #remaining_methods: 13, budget for method: 1212 ms, solver timeout: 606 ms, budget for symbolic execution: 606 ms, budget for concrete execution: 606 ms,  -- 
16:19:22.660 | DEBUG | --new testCase collected, to generate: testCom.alibaba.fastjson.support.spring.FastJsonHttpMessageConverter.addSerializeFilter(SerializeFilter)1
16:19:22.701 | DEBUG | --new testCase collected, to generate: testCom.alibaba.fastjson.support.spring.FastJsonHttpMessageConverter.addSerializeFilter(SerializeFilter)2
16:19:22.709 | DEBUG | --new testCase collected, to generate: testCom.alibaba.fastjson.support.spring.FastJsonHttpMessageConverter.addSerializeFilter(SerializeFilter)3
16:19:22.730 | DEBUG | --new testCase collected, to generate: testCom.alibaba.fastjson.support.spring.FastJsonHttpMessageConverter.addSerializeFilter(SerializeFilter)4
16:19:22.909 | INFO  | |> Starting concrete execution for remaining state: com.alibaba.fastjson.support.spring.FastJsonHttpMessageConverter.addSerializeFilter(SerializeFilter)
16:19:23.408 | DEBUG | --new testCase collected, to generate: testCom.alibaba.fastjson.support.spring.FastJsonHttpMessageConverter.addSerializeFilter(SerializeFilter)5
16:19:23.516 | INFO  | (X) Cancelling concrete execution: com.alibaba.fastjson.support.spring.FastJsonHttpMessageConverter.addSerializeFilter(SerializeFilter)
16:19:23.559 | INFO  | Finished (in 1.256 sec): method com.alibaba.fastjson.support.spring.FastJsonHttpMessageConverter.addSerializeFilter(SerializeFilter) 
<StatsForMethod> :
	#generatedTC=5
	WITH NO EXCEPTIONS
16:19:23.575 | DEBUG |  ... 
16:19:23.576 | INFO  | Started: method com.alibaba.fastjson.support.spring.FastJsonHttpMessageConverter.getFilters()
16:19:23.576 | INFO  |  -- Remaining time budget: 14484 ms, #remaining_methods: 12, budget for method: 1207 ms, solver timeout: 603 ms, budget for symbolic execution: 604 ms, budget for concrete execution: 603 ms,  -- 
16:19:23.852 | DEBUG | --new testCase collected, to generate: testCom.alibaba.fastjson.support.spring.FastJsonHttpMessageConverter.getFilters()1
16:19:23.878 | DEBUG | --new testCase collected, to generate: testCom.alibaba.fastjson.support.spring.FastJsonHttpMessageConverter.getFilters()2
16:19:23.900 | DEBUG | --new testCase collected, to generate: testCom.alibaba.fastjson.support.spring.FastJsonHttpMessageConverter.getFilters()3
16:19:23.900 | INFO  | Finished (in 0.324 sec): method com.alibaba.fastjson.support.spring.FastJsonHttpMessageConverter.getFilters() 
<StatsForMethod> :
	#generatedTC=3
	WITH NO EXCEPTIONS
16:19:23.901 | DEBUG |  ... 
16:19:23.901 | INFO  | Started: method com.alibaba.fastjson.support.spring.FastJsonHttpMessageConverter.setFilters(SerializeFilter[])
16:19:23.902 | INFO  |  -- Remaining time budget: 14158 ms, #remaining_methods: 11, budget for method: 1287 ms, solver timeout: 643 ms, budget for symbolic execution: 644 ms, budget for concrete execution: 643 ms,  -- 
16:19:24.145 | DEBUG | --new testCase collected, to generate: testCom.alibaba.fastjson.support.spring.FastJsonHttpMessageConverter.setFilters(SerializeFilter[])1
16:19:24.173 | DEBUG | --new testCase collected, to generate: testCom.alibaba.fastjson.support.spring.FastJsonHttpMessageConverter.setFilters(SerializeFilter[])2
16:19:24.194 | DEBUG | --new testCase collected, to generate: testCom.alibaba.fastjson.support.spring.FastJsonHttpMessageConverter.setFilters(SerializeFilter[])3
16:19:24.194 | INFO  | Finished (in 0.292 sec): method com.alibaba.fastjson.support.spring.FastJsonHttpMessageConverter.setFilters(SerializeFilter[]) 
<StatsForMethod> :
	#generatedTC=3
	WITH NO EXCEPTIONS
16:19:24.195 | DEBUG |  ... 
16:19:24.195 | INFO  | Started: method com.alibaba.fastjson.support.spring.FastJsonHttpMessageConverter.setDateFormat(String)
16:19:24.195 | INFO  |  -- Remaining time budget: 13864 ms, #remaining_methods: 10, budget for method: 1386 ms, solver timeout: 693 ms, budget for symbolic execution: 693 ms, budget for concrete execution: 693 ms,  -- 
16:19:24.507 | DEBUG | --new testCase collected, to generate: testCom.alibaba.fastjson.support.spring.FastJsonHttpMessageConverter.setDateFormat(String)1
16:19:24.533 | DEBUG | --new testCase collected, to generate: testCom.alibaba.fastjson.support.spring.FastJsonHttpMessageConverter.setDateFormat(String)2
16:19:24.553 | DEBUG | --new testCase collected, to generate: testCom.alibaba.fastjson.support.spring.FastJsonHttpMessageConverter.setDateFormat(String)3
16:19:24.553 | INFO  | Finished (in 0.358 sec): method com.alibaba.fastjson.support.spring.FastJsonHttpMessageConverter.setDateFormat(String) 
<StatsForMethod> :
	#generatedTC=3
	WITH NO EXCEPTIONS
16:19:24.554 | DEBUG |  ... 
16:19:24.554 | INFO  | Started: method com.alibaba.fastjson.support.spring.FastJsonHttpMessageConverter.getDateFormat()
16:19:24.554 | INFO  |  -- Remaining time budget: 13505 ms, #remaining_methods: 9, budget for method: 1500 ms, solver timeout: 750 ms, budget for symbolic execution: 750 ms, budget for concrete execution: 750 ms,  -- 
16:19:24.784 | DEBUG | --new testCase collected, to generate: testCom.alibaba.fastjson.support.spring.FastJsonHttpMessageConverter.getDateFormat()1
16:19:24.809 | DEBUG | --new testCase collected, to generate: testCom.alibaba.fastjson.support.spring.FastJsonHttpMessageConverter.getDateFormat()2
16:19:24.828 | DEBUG | --new testCase collected, to generate: testCom.alibaba.fastjson.support.spring.FastJsonHttpMessageConverter.getDateFormat()3
16:19:24.829 | INFO  | Finished (in 0.274 sec): method com.alibaba.fastjson.support.spring.FastJsonHttpMessageConverter.getDateFormat() 
<StatsForMethod> :
	#generatedTC=3
	WITH NO EXCEPTIONS
16:19:24.829 | DEBUG |  ... 
16:19:24.829 | INFO  | Started: method com.alibaba.fastjson.support.spring.FastJsonHttpMessageConverter.setFastJsonConfig(FastJsonConfig)
16:19:24.830 | INFO  |  -- Remaining time budget: 13230 ms, #remaining_methods: 8, budget for method: 1653 ms, solver timeout: 826 ms, budget for symbolic execution: 827 ms, budget for concrete execution: 826 ms,  -- 
16:19:25.054 | DEBUG | --new testCase collected, to generate: testCom.alibaba.fastjson.support.spring.FastJsonHttpMessageConverter.setFastJsonConfig(FastJsonConfig)1
16:19:25.079 | DEBUG | --new testCase collected, to generate: testCom.alibaba.fastjson.support.spring.FastJsonHttpMessageConverter.setFastJsonConfig(FastJsonConfig)2
16:19:25.080 | INFO  | Finished (in 0.250 sec): method com.alibaba.fastjson.support.spring.FastJsonHttpMessageConverter.setFastJsonConfig(FastJsonConfig) 
<StatsForMethod> :
	#generatedTC=2
	WITH NO EXCEPTIONS
16:19:25.081 | DEBUG |  ... 
16:19:25.081 | INFO  | Started: method com.alibaba.fastjson.support.spring.FastJsonHttpMessageConverter.getFastJsonConfig()
16:19:25.081 | INFO  |  -- Remaining time budget: 12978 ms, #remaining_methods: 7, budget for method: 1854 ms, solver timeout: 927 ms, budget for symbolic execution: 927 ms, budget for concrete execution: 927 ms,  -- 
16:19:25.307 | DEBUG | --new testCase collected, to generate: testCom.alibaba.fastjson.support.spring.FastJsonHttpMessageConverter.getFastJsonConfig()1
16:19:25.335 | DEBUG | --new testCase collected, to generate: testCom.alibaba.fastjson.support.spring.FastJsonHttpMessageConverter.getFastJsonConfig()2
16:19:25.335 | INFO  | Finished (in 0.254 sec): method com.alibaba.fastjson.support.spring.FastJsonHttpMessageConverter.getFastJsonConfig() 
<StatsForMethod> :
	#generatedTC=2
	WITH NO EXCEPTIONS
16:19:25.336 | DEBUG |  ... 
16:19:25.336 | INFO  | Started: method com.alibaba.fastjson.support.spring.FastJsonHttpMessageConverter.getType(Type, Class)
16:19:25.336 | INFO  |  -- Remaining time budget: 12723 ms, #remaining_methods: 6, budget for method: 2120 ms, solver timeout: 1000 ms, budget for symbolic execution: 1060 ms, budget for concrete execution: 1060 ms,  -- 
16:19:25.340 | ERROR | Symbolic execution FAILED
com.huawei.utbot.instrumentation.util.ChildProcessError: Error in the child process |> java.lang.IllegalAccessException: java.lang.Class
	at sun.misc.Unsafe.allocateInstance(Native Method)
	at com.huawei.utbot.framework.util.EngineUtilsKt.getAnyInstance(EngineUtils.kt:61)
	at com.huawei.utbot.framework.concrete.MockValueConstructor.constructObject(MockValueConstructor.kt:158)
	at com.huawei.utbot.framework.concrete.MockValueConstructor.construct(MockValueConstructor.kt:124)
	at com.huawei.utbot.framework.concrete.MockValueConstructor.constructMethodParameters(MockValueConstructor.kt:101)
	at com.huawei.utbot.framework.concrete.UtExecutionInstrumentation.invoke(UtExecutionInstrumentation.kt:126)
	at com.huawei.utbot.framework.concrete.UtExecutionInstrumentation.invoke(UtExecutionInstrumentation.kt:96)
	at com.huawei.utbot.instrumentation.process.ChildProcessKt.loop(ChildProcess.kt:114)
	at com.huawei.utbot.instrumentation.process.ChildProcessKt.main(ChildProcess.kt:76)
	at com.huawei.utbot.instrumentation.process.ChildProcessKt.main(ChildProcess.kt)

	at com.huawei.utbot.instrumentation.ConcreteExecutor.executeAsync(ConcreteExecutor.kt:391) ~[utbot-junit-contest-1.0.jar:?]
	at com.huawei.utbot.instrumentation.ConcreteExecutor$executeAsync$1.invokeSuspend(ConcreteExecutor.kt) ~[utbot-junit-contest-1.0.jar:?]
	at kotlin.coroutines.jvm.internal.BaseContinuationImpl.resumeWith(ContinuationImpl.kt:33) [utbot-junit-contest-1.0.jar:?]
	at kotlinx.coroutines.DispatchedTask.run(DispatchedTask.kt:106) [utbot-junit-contest-1.0.jar:?]
	at java.util.concurrent.Executors$RunnableAdapter.call(Executors.java:511) [?:1.8.0_312]
	at java.util.concurrent.FutureTask.run(FutureTask.java:266) [?:1.8.0_312]
	at java.util.concurrent.ScheduledThreadPoolExecutor$ScheduledFutureTask.access$201(ScheduledThreadPoolExecutor.java:180) [?:1.8.0_312]
	at java.util.concurrent.ScheduledThreadPoolExecutor$ScheduledFutureTask.run(ScheduledThreadPoolExecutor.java:293) [?:1.8.0_312]
	at java.util.concurrent.ThreadPoolExecutor.runWorker(ThreadPoolExecutor.java:1149) [?:1.8.0_312]
	at java.util.concurrent.ThreadPoolExecutor$Worker.run(ThreadPoolExecutor.java:624) [?:1.8.0_312]
	at java.lang.Thread.run(Thread.java:748) [?:1.8.0_312]
16:19:25.540 | DEBUG | --new testCase collected, to generate: testCom.alibaba.fastjson.support.spring.FastJsonHttpMessageConverter.getType(Type, Class)1
16:19:25.906 | DEBUG | --new testCase collected, to generate: testCom.alibaba.fastjson.support.spring.FastJsonHttpMessageConverter.getType(Type, Class)2
16:19:26.148 | DEBUG | --new testCase collected, to generate: testCom.alibaba.fastjson.support.spring.FastJsonHttpMessageConverter.getType(Type, Class)3
16:19:26.305 | DEBUG | --new testCase collected, to generate: testCom.alibaba.fastjson.support.spring.FastJsonHttpMessageConverter.getType(Type, Class)4
16:19:26.379 | DEBUG | --new testCase collected, to generate: testCom.alibaba.fastjson.support.spring.FastJsonHttpMessageConverter.getType(Type, Class)5
16:19:26.397 | INFO  | |> Starting concrete execution for remaining state: com.alibaba.fastjson.support.spring.FastJsonHttpMessageConverter.getType(Type, Class)
16:19:26.426 | DEBUG | --new testCase collected, to generate: testCom.alibaba.fastjson.support.spring.FastJsonHttpMessageConverter.getType(Type, Class)6
16:19:26.506 | DEBUG | --new testCase collected, to generate: testCom.alibaba.fastjson.support.spring.FastJsonHttpMessageConverter.getType(Type, Class)7
16:19:26.539 | DEBUG | --new testCase collected, to generate: testCom.alibaba.fastjson.support.spring.FastJsonHttpMessageConverter.getType(Type, Class)8
16:19:26.902 | DEBUG | --new testCase collected, to generate: testCom.alibaba.fastjson.support.spring.FastJsonHttpMessageConverter.getType(Type, Class)9
16:19:26.933 | DEBUG | --new testCase collected, to generate: testCom.alibaba.fastjson.support.spring.FastJsonHttpMessageConverter.getType(Type, Class)10
16:19:27.204 | DEBUG | --new testCase collected, to generate: testCom.alibaba.fastjson.support.spring.FastJsonHttpMessageConverter.getType(Type, Class)11
16:19:27.316 | DEBUG | --new testCase collected, to generate: testCom.alibaba.fastjson.support.spring.FastJsonHttpMessageConverter.getType(Type, Class)12
16:19:27.457 | INFO  | (X) Cancelling concrete execution: com.alibaba.fastjson.support.spring.FastJsonHttpMessageConverter.getType(Type, Class)
16:19:27.506 | INFO  | Finished (in 2.169 sec): method com.alibaba.fastjson.support.spring.FastJsonHttpMessageConverter.getType(Type, Class) 
<StatsForMethod> :
	#generatedTC=12
	FAILED 1 time(s) with 1 different exception(s)"
16:19:27.591 | DEBUG |  ... 
16:19:27.592 | INFO  | Started: method com.alibaba.fastjson.support.spring.FastJsonHttpMessageConverter.<init>()
16:19:27.592 | INFO  |  -- Remaining time budget: 10468 ms, #remaining_methods: 5, budget for method: 2093 ms, solver timeout: 1000 ms, budget for symbolic execution: 1047 ms, budget for concrete execution: 1046 ms,  -- 
16:19:27.853 | DEBUG | --new testCase collected, to generate: testCom.alibaba.fastjson.support.spring.FastJsonHttpMessageConverter.<init>()1
16:19:27.994 | INFO  | Finished (in 0.402 sec): method com.alibaba.fastjson.support.spring.FastJsonHttpMessageConverter.<init>() 
<StatsForMethod> :
	#generatedTC=1
	WITH NO EXCEPTIONS
16:19:28.001 | DEBUG |  ... 
16:19:28.002 | INFO  | Started: method com.alibaba.fastjson.support.spring.FastJsonHttpMessageConverter.Spring4TypeResolvableHelper.resolveVariable(TypeVariable, ResolvableType)
16:19:28.002 | INFO  |  -- Remaining time budget: 10058 ms, #remaining_methods: 4, budget for method: 2514 ms, solver timeout: 1000 ms, budget for symbolic execution: 1314 ms, budget for concrete execution: 1200 ms,  -- 
16:19:28.056 | DEBUG | --new testCase collected, to generate: testCom.alibaba.fastjson.support.spring.FastJsonHttpMessageConverter.Spring4TypeResolvableHelper.resolveVariable(TypeVariable, ResolvableType)1
16:19:28.138 | DEBUG | --new testCase collected, to generate: testCom.alibaba.fastjson.support.spring.FastJsonHttpMessageConverter.Spring4TypeResolvableHelper.resolveVariable(TypeVariable, ResolvableType)2
16:19:28.193 | DEBUG | --new testCase collected, to generate: testCom.alibaba.fastjson.support.spring.FastJsonHttpMessageConverter.Spring4TypeResolvableHelper.resolveVariable(TypeVariable, ResolvableType)3
16:19:28.215 | DEBUG | --new testCase collected, to generate: testCom.alibaba.fastjson.support.spring.FastJsonHttpMessageConverter.Spring4TypeResolvableHelper.resolveVariable(TypeVariable, ResolvableType)4
16:19:28.236 | DEBUG | --new testCase collected, to generate: testCom.alibaba.fastjson.support.spring.FastJsonHttpMessageConverter.Spring4TypeResolvableHelper.resolveVariable(TypeVariable, ResolvableType)5
16:19:28.261 | DEBUG | --new testCase collected, to generate: testCom.alibaba.fastjson.support.spring.FastJsonHttpMessageConverter.Spring4TypeResolvableHelper.resolveVariable(TypeVariable, ResolvableType)6
16:19:28.464 | DEBUG | --new testCase collected, to generate: testCom.alibaba.fastjson.support.spring.FastJsonHttpMessageConverter.Spring4TypeResolvableHelper.resolveVariable(TypeVariable, ResolvableType)7
16:19:28.511 | DEBUG | --new testCase collected, to generate: testCom.alibaba.fastjson.support.spring.FastJsonHttpMessageConverter.Spring4TypeResolvableHelper.resolveVariable(TypeVariable, ResolvableType)8
16:19:28.643 | DEBUG | --new testCase collected, to generate: testCom.alibaba.fastjson.support.spring.FastJsonHttpMessageConverter.Spring4TypeResolvableHelper.resolveVariable(TypeVariable, ResolvableType)9
16:19:28.831 | DEBUG | --new testCase collected, to generate: testCom.alibaba.fastjson.support.spring.FastJsonHttpMessageConverter.Spring4TypeResolvableHelper.resolveVariable(TypeVariable, ResolvableType)10
16:19:28.917 | DEBUG | --new testCase collected, to generate: testCom.alibaba.fastjson.support.spring.FastJsonHttpMessageConverter.Spring4TypeResolvableHelper.resolveVariable(TypeVariable, ResolvableType)11
16:19:29.222 | INFO  | Finished (in 1.220 sec): method com.alibaba.fastjson.support.spring.FastJsonHttpMessageConverter.Spring4TypeResolvableHelper.resolveVariable(TypeVariable, ResolvableType) 
<StatsForMethod> :
	#generatedTC=11
	WITH NO EXCEPTIONS
16:19:29.257 | DEBUG |  ... 
16:19:29.258 | INFO  | Started: method com.alibaba.fastjson.support.spring.FastJsonHttpMessageConverter.Spring4TypeResolvableHelper.isSupport()
16:19:29.258 | INFO  |  -- Remaining time budget: 8801 ms, #remaining_methods: 3, budget for method: 2933 ms, solver timeout: 1000 ms, budget for symbolic execution: 1733 ms, budget for concrete execution: 1200 ms,  -- 
16:19:29.261 | DEBUG | --new testCase collected, to generate: testCom.alibaba.fastjson.support.spring.FastJsonHttpMessageConverter.Spring4TypeResolvableHelper.isSupport()1
16:19:29.363 | DEBUG | --new testCase collected, to generate: testCom.alibaba.fastjson.support.spring.FastJsonHttpMessageConverter.Spring4TypeResolvableHelper.isSupport()2
16:19:29.363 | INFO  | Finished (in 0.105 sec): method com.alibaba.fastjson.support.spring.FastJsonHttpMessageConverter.Spring4TypeResolvableHelper.isSupport() 
<StatsForMethod> :
	#generatedTC=2
	WITH NO EXCEPTIONS
16:19:29.375 | DEBUG |  ... 
16:19:29.375 | INFO  | Started: method com.alibaba.fastjson.support.spring.FastJsonHttpMessageConverter.Spring4TypeResolvableHelper.getType(Type, Class)
16:19:29.375 | INFO  |  -- Remaining time budget: 8684 ms, #remaining_methods: 2, budget for method: 4342 ms, solver timeout: 1000 ms, budget for symbolic execution: 3142 ms, budget for concrete execution: 1200 ms,  -- 
16:19:29.378 | ERROR | Symbolic execution FAILED
com.huawei.utbot.instrumentation.util.ChildProcessError: Error in the child process |> java.lang.IllegalAccessException: java.lang.Class
	at sun.misc.Unsafe.allocateInstance(Native Method)
	at com.huawei.utbot.framework.util.EngineUtilsKt.getAnyInstance(EngineUtils.kt:61)
	at com.huawei.utbot.framework.concrete.MockValueConstructor.constructObject(MockValueConstructor.kt:158)
	at com.huawei.utbot.framework.concrete.MockValueConstructor.construct(MockValueConstructor.kt:124)
	at com.huawei.utbot.framework.concrete.MockValueConstructor.constructMethodParameters(MockValueConstructor.kt:101)
	at com.huawei.utbot.framework.concrete.UtExecutionInstrumentation.invoke(UtExecutionInstrumentation.kt:126)
	at com.huawei.utbot.framework.concrete.UtExecutionInstrumentation.invoke(UtExecutionInstrumentation.kt:96)
	at com.huawei.utbot.instrumentation.process.ChildProcessKt.loop(ChildProcess.kt:114)
	at com.huawei.utbot.instrumentation.process.ChildProcessKt.main(ChildProcess.kt:76)
	at com.huawei.utbot.instrumentation.process.ChildProcessKt.main(ChildProcess.kt)

	at com.huawei.utbot.instrumentation.ConcreteExecutor.executeAsync(ConcreteExecutor.kt:391) ~[utbot-junit-contest-1.0.jar:?]
	at com.huawei.utbot.instrumentation.ConcreteExecutor$executeAsync$1.invokeSuspend(ConcreteExecutor.kt) ~[utbot-junit-contest-1.0.jar:?]
	at kotlin.coroutines.jvm.internal.BaseContinuationImpl.resumeWith(ContinuationImpl.kt:33) [utbot-junit-contest-1.0.jar:?]
	at kotlinx.coroutines.DispatchedTask.run(DispatchedTask.kt:106) [utbot-junit-contest-1.0.jar:?]
	at java.util.concurrent.Executors$RunnableAdapter.call(Executors.java:511) [?:1.8.0_312]
	at java.util.concurrent.FutureTask.run(FutureTask.java:266) [?:1.8.0_312]
	at java.util.concurrent.ScheduledThreadPoolExecutor$ScheduledFutureTask.access$201(ScheduledThreadPoolExecutor.java:180) [?:1.8.0_312]
	at java.util.concurrent.ScheduledThreadPoolExecutor$ScheduledFutureTask.run(ScheduledThreadPoolExecutor.java:293) [?:1.8.0_312]
	at java.util.concurrent.ThreadPoolExecutor.runWorker(ThreadPoolExecutor.java:1149) [?:1.8.0_312]
	at java.util.concurrent.ThreadPoolExecutor$Worker.run(ThreadPoolExecutor.java:624) [?:1.8.0_312]
	at java.lang.Thread.run(Thread.java:748) [?:1.8.0_312]
16:19:29.453 | DEBUG | --new testCase collected, to generate: testCom.alibaba.fastjson.support.spring.FastJsonHttpMessageConverter.Spring4TypeResolvableHelper.getType(Type, Class)1
16:19:29.538 | DEBUG | --new testCase collected, to generate: testCom.alibaba.fastjson.support.spring.FastJsonHttpMessageConverter.Spring4TypeResolvableHelper.getType(Type, Class)2
16:19:29.547 | DEBUG | --new testCase collected, to generate: testCom.alibaba.fastjson.support.spring.FastJsonHttpMessageConverter.Spring4TypeResolvableHelper.getType(Type, Class)3
16:19:29.573 | DEBUG | --new testCase collected, to generate: testCom.alibaba.fastjson.support.spring.FastJsonHttpMessageConverter.Spring4TypeResolvableHelper.getType(Type, Class)4
16:19:29.781 | DEBUG | --new testCase collected, to generate: testCom.alibaba.fastjson.support.spring.FastJsonHttpMessageConverter.Spring4TypeResolvableHelper.getType(Type, Class)5
16:19:29.909 | DEBUG | --new testCase collected, to generate: testCom.alibaba.fastjson.support.spring.FastJsonHttpMessageConverter.Spring4TypeResolvableHelper.getType(Type, Class)6
16:19:29.950 | DEBUG | --new testCase collected, to generate: testCom.alibaba.fastjson.support.spring.FastJsonHttpMessageConverter.Spring4TypeResolvableHelper.getType(Type, Class)7
16:19:29.995 | DEBUG | --new testCase collected, to generate: testCom.alibaba.fastjson.support.spring.FastJsonHttpMessageConverter.Spring4TypeResolvableHelper.getType(Type, Class)8
16:19:30.046 | DEBUG | --new testCase collected, to generate: testCom.alibaba.fastjson.support.spring.FastJsonHttpMessageConverter.Spring4TypeResolvableHelper.getType(Type, Class)9
16:19:30.133 | DEBUG | --new testCase collected, to generate: testCom.alibaba.fastjson.support.spring.FastJsonHttpMessageConverter.Spring4TypeResolvableHelper.getType(Type, Class)10
16:19:30.551 | DEBUG | --new testCase collected, to generate: testCom.alibaba.fastjson.support.spring.FastJsonHttpMessageConverter.Spring4TypeResolvableHelper.getType(Type, Class)11
16:19:30.783 | DEBUG | --new testCase collected, to generate: testCom.alibaba.fastjson.support.spring.FastJsonHttpMessageConverter.Spring4TypeResolvableHelper.getType(Type, Class)12
16:19:30.980 | DEBUG | --new testCase collected, to generate: testCom.alibaba.fastjson.support.spring.FastJsonHttpMessageConverter.Spring4TypeResolvableHelper.getType(Type, Class)13
16:19:31.006 | DEBUG | --new testCase collected, to generate: testCom.alibaba.fastjson.support.spring.FastJsonHttpMessageConverter.Spring4TypeResolvableHelper.getType(Type, Class)14
16:19:31.064 | DEBUG | --new testCase collected, to generate: testCom.alibaba.fastjson.support.spring.FastJsonHttpMessageConverter.Spring4TypeResolvableHelper.getType(Type, Class)15
16:19:31.089 | DEBUG | --new testCase collected, to generate: testCom.alibaba.fastjson.support.spring.FastJsonHttpMessageConverter.Spring4TypeResolvableHelper.getType(Type, Class)16
16:19:31.555 | DEBUG | --new testCase collected, to generate: testCom.alibaba.fastjson.support.spring.FastJsonHttpMessageConverter.Spring4TypeResolvableHelper.getType(Type, Class)17
16:19:31.619 | DEBUG | --new testCase collected, to generate: testCom.alibaba.fastjson.support.spring.FastJsonHttpMessageConverter.Spring4TypeResolvableHelper.getType(Type, Class)18
16:19:31.800 | DEBUG | --new testCase collected, to generate: testCom.alibaba.fastjson.support.spring.FastJsonHttpMessageConverter.Spring4TypeResolvableHelper.getType(Type, Class)19
16:19:31.948 | DEBUG | --new testCase collected, to generate: testCom.alibaba.fastjson.support.spring.FastJsonHttpMessageConverter.Spring4TypeResolvableHelper.getType(Type, Class)20
16:19:32.189 | DEBUG | --new testCase collected, to generate: testCom.alibaba.fastjson.support.spring.FastJsonHttpMessageConverter.Spring4TypeResolvableHelper.getType(Type, Class)21
16:19:32.222 | DEBUG | --new testCase collected, to generate: testCom.alibaba.fastjson.support.spring.FastJsonHttpMessageConverter.Spring4TypeResolvableHelper.getType(Type, Class)22
16:19:32.518 | INFO  | |> Starting concrete execution for remaining state: com.alibaba.fastjson.support.spring.FastJsonHttpMessageConverter.Spring4TypeResolvableHelper.getType(Type, Class)
16:19:32.519 | DEBUG | --new testCase collected, to generate: testCom.alibaba.fastjson.support.spring.FastJsonHttpMessageConverter.Spring4TypeResolvableHelper.getType(Type, Class)23
16:19:32.712 | DEBUG | --new testCase collected, to generate: testCom.alibaba.fastjson.support.spring.FastJsonHttpMessageConverter.Spring4TypeResolvableHelper.getType(Type, Class)24
16:19:32.879 | DEBUG | --new testCase collected, to generate: testCom.alibaba.fastjson.support.spring.FastJsonHttpMessageConverter.Spring4TypeResolvableHelper.getType(Type, Class)25
16:19:33.042 | DEBUG | --new testCase collected, to generate: testCom.alibaba.fastjson.support.spring.FastJsonHttpMessageConverter.Spring4TypeResolvableHelper.getType(Type, Class)26
16:19:33.312 | DEBUG | --new testCase collected, to generate: testCom.alibaba.fastjson.support.spring.FastJsonHttpMessageConverter.Spring4TypeResolvableHelper.getType(Type, Class)27
16:19:33.515 | DEBUG | --new testCase collected, to generate: testCom.alibaba.fastjson.support.spring.FastJsonHttpMessageConverter.Spring4TypeResolvableHelper.getType(Type, Class)28
16:19:33.591 | INFO  | Finished (in 4.215 sec): method com.alibaba.fastjson.support.spring.FastJsonHttpMessageConverter.Spring4TypeResolvableHelper.getType(Type, Class) 
<StatsForMethod> :
	#generatedTC=28
	FAILED 1 time(s) with 1 different exception(s)"
16:19:33.714 | DEBUG |  ... 
16:19:33.715 | INFO  | Started: method com.alibaba.fastjson.support.spring.FastJsonHttpMessageConverter.Spring4TypeResolvableHelper.<init>()
16:19:33.715 | INFO  |  -- Remaining time budget: 4345 ms, #remaining_methods: 1, budget for method: 4345 ms, solver timeout: 1000 ms, budget for symbolic execution: 3145 ms, budget for concrete execution: 1200 ms,  -- 
16:19:33.717 | DEBUG | --new testCase collected, to generate: testCom.alibaba.fastjson.support.spring.FastJsonHttpMessageConverter.Spring4TypeResolvableHelper.<init>()1
16:19:33.738 | DEBUG | --new testCase collected, to generate: testCom.alibaba.fastjson.support.spring.FastJsonHttpMessageConverter.Spring4TypeResolvableHelper.<init>()2
16:19:33.739 | INFO  | Finished (in 0.024 sec): method com.alibaba.fastjson.support.spring.FastJsonHttpMessageConverter.Spring4TypeResolvableHelper.<init>() 
<StatsForMethod> :
	#generatedTC=2
	WITH NO EXCEPTIONS
16:19:33.743 | INFO  | Started: Flushing tests for [FastJsonHttpMessageConverter] on disk
16:19:47.791 | INFO  | File size for FastJsonHttpMessageConverterTest: 160 KB
16:19:47.794 | INFO  | Finished (in 14.050 sec): Flushing tests for [FastJsonHttpMessageConverter] on disk 
16:19:47.795 | INFO  | Finished (in 35.203 sec): class com.alibaba.fastjson.support.spring.FastJsonHttpMessageConverter 
<StatsForClass> :
	canceled by timeout = false
	#methods = 26, 
	#methods started symbolic exploration = 26
	#methods with at least one TC = 23
	#methods with exceptions = 6
	#generated TC = 100
	#coverage = null
[READY]
