Started UtBot Contest, classfileDir = /var/benchmarks/projects/spoon/target/classes, classpathString=/var/benchmarks/projects/spoon/target/classes:/var/benchmarks/projects/spoon/target/spoon-core-7.0.0.jar:/var/benchmarks/projects/./spoon/target/dependency/org.eclipse.text-3.12.0.jar:/var/benchmarks/projects/spoon/target/dependency/org.eclipse.equinox.app-1.6.100.jar:/var/benchmarks/projects/spoon/target/dependency/org.eclipse.core.contenttype-3.8.100.jar:/var/benchmarks/projects/spoon/target/dependency/mockito-all-2.0.2-beta.jar:/var/benchmarks/projects/spoon/target/dependency/jackson-databind-2.9.2.jar:/var/benchmarks/projects/spoon/target/dependency/guava-18.0.jar:/var/benchmarks/projects/spoon/target/dependency/org.eclipse.core.expressions-3.8.100.jar:/var/benchmarks/projects/spoon/target/dependency/org.eclipse.core.commands-3.10.100.jar:/var/benchmarks/projects/spoon/target/dependency/jackson-annotations-2.9.0.jar:/var/benchmarks/projects/spoon/target/dependency/org.eclipse.jdt.core-3.13.102.jar:/var/benchmarks/projects/spoon/target/dependency/org.eclipse.core.runtime-3.24.0.jar:/var/benchmarks/projects/spoon/target/dependency/org.eclipse.core.resources-3.16.0.jar:/var/benchmarks/projects/spoon/target/dependency/jackson-core-2.9.2.jar:/var/benchmarks/projects/spoon/target/dependency/junit-4.12.jar:/var/benchmarks/projects/spoon/target/dependency/org.eclipse.equinox.registry-3.11.100.jar:/var/benchmarks/projects/spoon/target/dependency/hamcrest-core-1.3.jar:/var/benchmarks/projects/spoon/target/dependency/maven-model-3.3.9.jar:/var/benchmarks/projects/spoon/target/dependency/plexus-utils-3.0.22.jar:/var/benchmarks/projects/spoon/target/dependency/jsap-2.1.jar:/var/benchmarks/projects/spoon/target/dependency/bridge-method-annotation-1.13.jar:/var/benchmarks/projects/spoon/target/dependency/org.eclipse.equinox.common-3.15.100.jar:/var/benchmarks/projects/spoon/target/dependency/org.eclipse.core.jobs-3.12.0.jar:/var/benchmarks/projects/spoon/target/dependency/commons-io-2.5.jar:/var/benchmarks/projects/spoon/target/dependency/commons-lang3-3.5.jar:/var/benchmarks/projects/spoon/target/dependency/system-rules-1.9.0.jar:/var/benchmarks/projects/spoon/target/dependency/querydsl-core-3.6.9.jar:/var/benchmarks/projects/spoon/target/dependency/org.eclipse.core.filesystem-1.9.200.jar:/var/benchmarks/projects/spoon/target/dependency/org.eclipse.equinox.preferences-3.9.100.jar:/var/benchmarks/projects/spoon/target/dependency/org.eclipse.osgi-3.17.100.jar:/var/benchmarks/projects/spoon/target/dependency/log4j-1.2.17.jar, outputDir=/home/utbot_mocks/temp/testcases, mocks=Other classes: Mockito
16:56:25.157 | INFO  | Started: warmup: kotlin reflection :: init
16:56:25.251 | INFO  | Finished (in 0.094 sec): warmup: kotlin reflection :: init 
[INIT]
>> [RUN] spoon.pattern.internal.node.MapEntryNode 30
16:56:25.269 | DEBUG | -----------------------------------------------------------------------------
16:56:25.270 | INFO  | Contest.runGeneration: Time budget: 30000 ms, Generation timeout=25500 ms, classpath=/var/benchmarks/projects/spoon/target/classes:/var/benchmarks/projects/spoon/target/spoon-core-7.0.0.jar:/var/benchmarks/projects/./spoon/target/dependency/org.eclipse.text-3.12.0.jar:/var/benchmarks/projects/spoon/target/dependency/org.eclipse.equinox.app-1.6.100.jar:/var/benchmarks/projects/spoon/target/dependency/org.eclipse.core.contenttype-3.8.100.jar:/var/benchmarks/projects/spoon/target/dependency/mockito-all-2.0.2-beta.jar:/var/benchmarks/projects/spoon/target/dependency/jackson-databind-2.9.2.jar:/var/benchmarks/projects/spoon/target/dependency/guava-18.0.jar:/var/benchmarks/projects/spoon/target/dependency/org.eclipse.core.expressions-3.8.100.jar:/var/benchmarks/projects/spoon/target/dependency/org.eclipse.core.commands-3.10.100.jar:/var/benchmarks/projects/spoon/target/dependency/jackson-annotations-2.9.0.jar:/var/benchmarks/projects/spoon/target/dependency/org.eclipse.jdt.core-3.13.102.jar:/var/benchmarks/projects/spoon/target/dependency/org.eclipse.core.runtime-3.24.0.jar:/var/benchmarks/projects/spoon/target/dependency/org.eclipse.core.resources-3.16.0.jar:/var/benchmarks/projects/spoon/target/dependency/jackson-core-2.9.2.jar:/var/benchmarks/projects/spoon/target/dependency/junit-4.12.jar:/var/benchmarks/projects/spoon/target/dependency/org.eclipse.equinox.registry-3.11.100.jar:/var/benchmarks/projects/spoon/target/dependency/hamcrest-core-1.3.jar:/var/benchmarks/projects/spoon/target/dependency/maven-model-3.3.9.jar:/var/benchmarks/projects/spoon/target/dependency/plexus-utils-3.0.22.jar:/var/benchmarks/projects/spoon/target/dependency/jsap-2.1.jar:/var/benchmarks/projects/spoon/target/dependency/bridge-method-annotation-1.13.jar:/var/benchmarks/projects/spoon/target/dependency/org.eclipse.equinox.common-3.15.100.jar:/var/benchmarks/projects/spoon/target/dependency/org.eclipse.core.jobs-3.12.0.jar:/var/benchmarks/projects/spoon/target/dependency/commons-io-2.5.jar:/var/benchmarks/projects/spoon/target/dependency/commons-lang3-3.5.jar:/var/benchmarks/projects/spoon/target/dependency/system-rules-1.9.0.jar:/var/benchmarks/projects/spoon/target/dependency/querydsl-core-3.6.9.jar:/var/benchmarks/projects/spoon/target/dependency/org.eclipse.core.filesystem-1.9.200.jar:/var/benchmarks/projects/spoon/target/dependency/org.eclipse.equinox.preferences-3.9.100.jar:/var/benchmarks/projects/spoon/target/dependency/org.eclipse.osgi-3.17.100.jar:/var/benchmarks/projects/spoon/target/dependency/log4j-1.2.17.jar, methodNameFilter=null
16:56:25.272 | INFO  | ClassUnderTest[ FQN: spoon.pattern.internal.node.MapEntryNode
    classfileDir: /var/benchmarks/projects/spoon/target/classes
    testClassSimpleName: MapEntryNodeTest
    generatedTestFile: /home/utbot_mocks/temp/testcases/spoon/pattern/internal/node/MapEntryNodeTest.java
    generatedTestsSourcesDir: /home/utbot_mocks/temp/testcases
]
16:56:25.303 | INFO  | Started: class spoon.pattern.internal.node.MapEntryNode
16:56:25.304 | INFO  | Started: preparation class class spoon.pattern.internal.node.MapEntryNode: kotlin reflection :: run
16:56:25.462 | INFO  | Finished (in 0.156 sec): preparation class class spoon.pattern.internal.node.MapEntryNode: kotlin reflection :: run 
16:56:25.463 | INFO  | Started: 2nd optional soot initialization
16:56:25.464 | INFO  | Finished (in 0.001 sec): 2nd optional soot initialization 
16:56:25.475 | DEBUG |  ... 
16:56:25.491 | INFO  | Started: method spoon.pattern.internal.node.MapEntryNode.forEachParameterInfo(BiConsumer)
16:56:25.492 | INFO  |  -- Remaining time budget: 25294 ms, #remaining_methods: 13, budget for method: 1945 ms, solver timeout: 972 ms, budget for symbolic execution: 973 ms, budget for concrete execution: 972 ms,  -- 
16:56:25.846 | DEBUG | --new testCase collected, to generate: testSpoon.pattern.internal.node.MapEntryNode.forEachParameterInfo(BiConsumer)1
16:56:26.044 | DEBUG | --new testCase collected, to generate: testSpoon.pattern.internal.node.MapEntryNode.forEachParameterInfo(BiConsumer)2
16:56:26.071 | DEBUG | --new testCase collected, to generate: testSpoon.pattern.internal.node.MapEntryNode.forEachParameterInfo(BiConsumer)3
16:56:26.096 | DEBUG | --new testCase collected, to generate: testSpoon.pattern.internal.node.MapEntryNode.forEachParameterInfo(BiConsumer)4
16:56:26.097 | INFO  | Finished (in 0.605 sec): method spoon.pattern.internal.node.MapEntryNode.forEachParameterInfo(BiConsumer) 
<StatsForMethod> :
	#generatedTC=4
	WITH NO EXCEPTIONS
16:56:26.100 | DEBUG |  ... 
16:56:26.101 | INFO  | Started: method spoon.pattern.internal.node.MapEntryNode.generateTargets(DefaultGenerator, ResultHolder, ImmutableMap)
16:56:26.101 | INFO  |  -- Remaining time budget: 24671 ms, #remaining_methods: 12, budget for method: 2055 ms, solver timeout: 1000 ms, budget for symbolic execution: 1028 ms, budget for concrete execution: 1027 ms,  -- 
16:56:26.116 | DEBUG | --new testCase collected, to generate: testSpoon.pattern.internal.node.MapEntryNode.generateTargets(DefaultGenerator, ResultHolder, ImmutableMap)1
16:56:26.392 | DEBUG | --new testCase collected, to generate: testSpoon.pattern.internal.node.MapEntryNode.generateTargets(DefaultGenerator, ResultHolder, ImmutableMap)2
16:56:26.676 | DEBUG | --new testCase collected, to generate: testSpoon.pattern.internal.node.MapEntryNode.generateTargets(DefaultGenerator, ResultHolder, ImmutableMap)3
16:56:27.129 | INFO  | |> Starting concrete execution for remaining state: spoon.pattern.internal.node.MapEntryNode.generateTargets(DefaultGenerator, ResultHolder, ImmutableMap)
16:56:27.154 | DEBUG | --new testCase collected, to generate: testSpoon.pattern.internal.node.MapEntryNode.generateTargets(DefaultGenerator, ResultHolder, ImmutableMap)4
16:56:27.869 | DEBUG | --new testCase collected, to generate: testSpoon.pattern.internal.node.MapEntryNode.generateTargets(DefaultGenerator, ResultHolder, ImmutableMap)5
16:56:28.158 | INFO  | (X) Cancelling concrete execution: spoon.pattern.internal.node.MapEntryNode.generateTargets(DefaultGenerator, ResultHolder, ImmutableMap)
16:56:28.200 | INFO  | Finished (in 2.099 sec): method spoon.pattern.internal.node.MapEntryNode.generateTargets(DefaultGenerator, ResultHolder, ImmutableMap) 
<StatsForMethod> :
	#generatedTC=5
	WITH NO EXCEPTIONS
16:56:28.205 | DEBUG |  ... 
16:56:28.206 | INFO  | Started: method spoon.pattern.internal.node.MapEntryNode.replaceNode(RootNode, RootNode)
16:56:28.206 | INFO  |  -- Remaining time budget: 22566 ms, #remaining_methods: 11, budget for method: 2051 ms, solver timeout: 1000 ms, budget for symbolic execution: 1026 ms, budget for concrete execution: 1025 ms,  -- 
16:56:28.216 | DEBUG | --new testCase collected, to generate: testSpoon.pattern.internal.node.MapEntryNode.replaceNode(RootNode, RootNode)1
16:56:28.273 | DEBUG | --new testCase collected, to generate: testSpoon.pattern.internal.node.MapEntryNode.replaceNode(RootNode, RootNode)2
16:56:28.299 | DEBUG | --new testCase collected, to generate: testSpoon.pattern.internal.node.MapEntryNode.replaceNode(RootNode, RootNode)3
16:56:29.189 | DEBUG | --new testCase collected, to generate: testSpoon.pattern.internal.node.MapEntryNode.replaceNode(RootNode, RootNode)4
16:56:29.197 | DEBUG | --new testCase collected, to generate: testSpoon.pattern.internal.node.MapEntryNode.replaceNode(RootNode, RootNode)5
16:56:29.229 | DEBUG | --new testCase collected, to generate: testSpoon.pattern.internal.node.MapEntryNode.replaceNode(RootNode, RootNode)6
16:56:29.232 | INFO  | |> Starting concrete execution for remaining state: spoon.pattern.internal.node.MapEntryNode.replaceNode(RootNode, RootNode)
16:56:29.259 | DEBUG | --new testCase collected, to generate: testSpoon.pattern.internal.node.MapEntryNode.replaceNode(RootNode, RootNode)7
16:56:29.284 | DEBUG | --new testCase collected, to generate: testSpoon.pattern.internal.node.MapEntryNode.replaceNode(RootNode, RootNode)8
16:56:29.285 | INFO  | Finished (in 1.079 sec): method spoon.pattern.internal.node.MapEntryNode.replaceNode(RootNode, RootNode) 
<StatsForMethod> :
	#generatedTC=8
	WITH NO EXCEPTIONS
16:56:29.287 | DEBUG |  ... 
16:56:29.287 | INFO  | Started: method spoon.pattern.internal.node.MapEntryNode.getMatchingStrategy()
16:56:29.288 | INFO  |  -- Remaining time budget: 21484 ms, #remaining_methods: 10, budget for method: 2148 ms, solver timeout: 1000 ms, budget for symbolic execution: 1074 ms, budget for concrete execution: 1074 ms,  -- 
16:56:29.301 | DEBUG | --new testCase collected, to generate: testSpoon.pattern.internal.node.MapEntryNode.getMatchingStrategy()1
16:56:29.414 | INFO  | Finished (in 0.126 sec): method spoon.pattern.internal.node.MapEntryNode.getMatchingStrategy() 
<StatsForMethod> :
	#generatedTC=1
	WITH NO EXCEPTIONS
16:56:29.422 | DEBUG |  ... 
16:56:29.423 | INFO  | Started: method spoon.pattern.internal.node.MapEntryNode.isTryNextMatch(ImmutableMap)
16:56:29.423 | INFO  |  -- Remaining time budget: 21349 ms, #remaining_methods: 9, budget for method: 2372 ms, solver timeout: 1000 ms, budget for symbolic execution: 1186 ms, budget for concrete execution: 1186 ms,  -- 
16:56:29.432 | DEBUG | --new testCase collected, to generate: testSpoon.pattern.internal.node.MapEntryNode.isTryNextMatch(ImmutableMap)1
16:56:29.466 | DEBUG | --new testCase collected, to generate: testSpoon.pattern.internal.node.MapEntryNode.isTryNextMatch(ImmutableMap)2
16:56:29.466 | INFO  | Finished (in 0.043 sec): method spoon.pattern.internal.node.MapEntryNode.isTryNextMatch(ImmutableMap) 
<StatsForMethod> :
	#generatedTC=2
	WITH NO EXCEPTIONS
16:56:29.467 | DEBUG |  ... 
16:56:29.467 | INFO  | Started: method spoon.pattern.internal.node.MapEntryNode.matchTarget(Object, ImmutableMap)
16:56:29.467 | INFO  |  -- Remaining time budget: 21304 ms, #remaining_methods: 8, budget for method: 2663 ms, solver timeout: 1000 ms, budget for symbolic execution: 1463 ms, budget for concrete execution: 1200 ms,  -- 
16:56:29.478 | DEBUG | --new testCase collected, to generate: testSpoon.pattern.internal.node.MapEntryNode.matchTarget(Object, ImmutableMap)1
16:56:30.023 | DEBUG | --new testCase collected, to generate: testSpoon.pattern.internal.node.MapEntryNode.matchTarget(Object, ImmutableMap)2
16:56:30.688 | INFO  | Finished (in 1.220 sec): method spoon.pattern.internal.node.MapEntryNode.matchTarget(Object, ImmutableMap) 
<StatsForMethod> :
	#generatedTC=2
	WITH NO EXCEPTIONS
16:56:30.720 | DEBUG |  ... 
16:56:30.720 | INFO  | Started: method spoon.pattern.internal.node.MapEntryNode.getValue()
16:56:30.720 | INFO  |  -- Remaining time budget: 20051 ms, #remaining_methods: 7, budget for method: 2864 ms, solver timeout: 1000 ms, budget for symbolic execution: 1664 ms, budget for concrete execution: 1200 ms,  -- 
16:56:30.725 | DEBUG | --new testCase collected, to generate: testSpoon.pattern.internal.node.MapEntryNode.getValue()1
16:56:30.752 | DEBUG | --new testCase collected, to generate: testSpoon.pattern.internal.node.MapEntryNode.getValue()2
16:56:30.752 | INFO  | Finished (in 0.032 sec): method spoon.pattern.internal.node.MapEntryNode.getValue() 
<StatsForMethod> :
	#generatedTC=2
	WITH NO EXCEPTIONS
16:56:30.753 | DEBUG |  ... 
16:56:30.753 | INFO  | Started: method spoon.pattern.internal.node.MapEntryNode.getKey()
16:56:30.753 | INFO  |  -- Remaining time budget: 20018 ms, #remaining_methods: 6, budget for method: 3336 ms, solver timeout: 1000 ms, budget for symbolic execution: 2136 ms, budget for concrete execution: 1200 ms,  -- 
16:56:30.758 | DEBUG | --new testCase collected, to generate: testSpoon.pattern.internal.node.MapEntryNode.getKey()1
16:56:30.784 | DEBUG | --new testCase collected, to generate: testSpoon.pattern.internal.node.MapEntryNode.getKey()2
16:56:30.785 | INFO  | Finished (in 0.031 sec): method spoon.pattern.internal.node.MapEntryNode.getKey() 
<StatsForMethod> :
	#generatedTC=2
	WITH NO EXCEPTIONS
16:56:30.785 | DEBUG |  ... 
16:56:30.786 | INFO  | Started: method spoon.pattern.internal.node.MapEntryNode.<init>(RootNode, RootNode)
16:56:30.786 | INFO  |  -- Remaining time budget: 19985 ms, #remaining_methods: 5, budget for method: 3997 ms, solver timeout: 1000 ms, budget for symbolic execution: 2797 ms, budget for concrete execution: 1200 ms,  -- 
16:56:30.792 | DEBUG | --new testCase collected, to generate: testSpoon.pattern.internal.node.MapEntryNode.<init>(RootNode, RootNode)1
16:56:30.846 | DEBUG | --new testCase collected, to generate: testSpoon.pattern.internal.node.MapEntryNode.<init>(RootNode, RootNode)2
16:56:30.846 | INFO  | Finished (in 0.060 sec): method spoon.pattern.internal.node.MapEntryNode.<init>(RootNode, RootNode) 
<StatsForMethod> :
	#generatedTC=2
	WITH NO EXCEPTIONS
16:56:30.849 | DEBUG |  ... 
16:56:30.850 | INFO  | Started: method spoon.pattern.internal.node.MapEntryNode.Entry.setValue(CtElement)
16:56:30.850 | INFO  |  -- Remaining time budget: 19922 ms, #remaining_methods: 4, budget for method: 4980 ms, solver timeout: 1000 ms, budget for symbolic execution: 3780 ms, budget for concrete execution: 1200 ms,  -- 
16:56:30.855 | DEBUG | --new testCase collected, to generate: testSpoon.pattern.internal.node.MapEntryNode.Entry.setValue(CtElement)1
16:56:30.888 | DEBUG | --new testCase collected, to generate: testSpoon.pattern.internal.node.MapEntryNode.Entry.setValue(CtElement)2
16:56:30.888 | INFO  | Finished (in 0.038 sec): method spoon.pattern.internal.node.MapEntryNode.Entry.setValue(CtElement) 
<StatsForMethod> :
	#generatedTC=2
	WITH NO EXCEPTIONS
16:56:30.889 | DEBUG |  ... 
16:56:30.889 | INFO  | Started: method spoon.pattern.internal.node.MapEntryNode.Entry.key()
16:56:30.890 | INFO  |  -- Remaining time budget: 19882 ms, #remaining_methods: 3, budget for method: 6627 ms, solver timeout: 1000 ms, budget for symbolic execution: 5427 ms, budget for concrete execution: 1200 ms,  -- 
16:56:30.893 | DEBUG | --new testCase collected, to generate: testSpoon.pattern.internal.node.MapEntryNode.Entry.key()1
16:56:30.921 | DEBUG | --new testCase collected, to generate: testSpoon.pattern.internal.node.MapEntryNode.Entry.key()2
16:56:30.921 | INFO  | Finished (in 0.032 sec): method spoon.pattern.internal.node.MapEntryNode.Entry.key() 
<StatsForMethod> :
	#generatedTC=2
	WITH NO EXCEPTIONS
16:56:30.922 | DEBUG |  ... 
16:56:30.923 | INFO  | Started: method spoon.pattern.internal.node.MapEntryNode.Entry.value()
16:56:30.923 | INFO  |  -- Remaining time budget: 19849 ms, #remaining_methods: 2, budget for method: 9924 ms, solver timeout: 1000 ms, budget for symbolic execution: 8724 ms, budget for concrete execution: 1200 ms,  -- 
16:56:30.926 | DEBUG | --new testCase collected, to generate: testSpoon.pattern.internal.node.MapEntryNode.Entry.value()1
16:56:30.953 | DEBUG | --new testCase collected, to generate: testSpoon.pattern.internal.node.MapEntryNode.Entry.value()2
16:56:30.954 | INFO  | Finished (in 0.031 sec): method spoon.pattern.internal.node.MapEntryNode.Entry.value() 
<StatsForMethod> :
	#generatedTC=2
	WITH NO EXCEPTIONS
16:56:30.954 | DEBUG |  ... 
16:56:30.955 | INFO  | Started: method spoon.pattern.internal.node.MapEntryNode.Entry.<init>(String, CtElement)
16:56:30.955 | INFO  |  -- Remaining time budget: 19816 ms, #remaining_methods: 1, budget for method: 19816 ms, solver timeout: 1000 ms, budget for symbolic execution: 18616 ms, budget for concrete execution: 1200 ms,  -- 
16:56:30.973 | DEBUG | --new testCase collected, to generate: testSpoon.pattern.internal.node.MapEntryNode.Entry.<init>(String, CtElement)1
16:56:31.035 | DEBUG | --new testCase collected, to generate: testSpoon.pattern.internal.node.MapEntryNode.Entry.<init>(String, CtElement)2
16:56:31.036 | INFO  | Finished (in 0.080 sec): method spoon.pattern.internal.node.MapEntryNode.Entry.<init>(String, CtElement) 
<StatsForMethod> :
	#generatedTC=2
	WITH NO EXCEPTIONS
16:56:31.041 | INFO  | Started: Flushing tests for [MapEntryNode] on disk
16:56:31.273 | INFO  | File size for MapEntryNodeTest: 26 KB
16:56:31.274 | INFO  | Finished (in 0.233 sec): Flushing tests for [MapEntryNode] on disk 
16:56:31.275 | INFO  | Finished (in 5.971 sec): class spoon.pattern.internal.node.MapEntryNode 
<StatsForClass> :
	canceled by timeout = false
	#methods = 13, 
	#methods started symbolic exploration = 13
	#methods with at least one TC = 13
	#methods with exceptions = 0
	#generated TC = 36
	#coverage = null
[READY]
