Started UtBot Contest, classfileDir = /var/benchmarks/projects/fastjson/target/classes, classpathString=/var/benchmarks/projects/fastjson/target/classes:/var/benchmarks/projects/fastjson/target/fastjson-1.2.50-SNAPSHOT.jar:/var/benchmarks/projects/./fastjson/target/dependency/deeptestutils-1.1.0.jar:/var/benchmarks/projects/fastjson/target/dependency/commons-beanutils-1.8.0.jar:/var/benchmarks/projects/fastjson/target/dependency/woodstox-core-asl-4.4.1.jar:/var/benchmarks/projects/fastjson/target/dependency/spring-aop-4.3.7.RELEASE.jar:/var/benchmarks/projects/fastjson/target/dependency/hibernate-core-5.2.10.Final.jar:/var/benchmarks/projects/fastjson/target/dependency/jackson-module-kotlin-2.9.0.jar:/var/benchmarks/projects/fastjson/target/dependency/spring-data-commons-1.13.6.RELEASE.jar:/var/benchmarks/projects/fastjson/target/dependency/javax.annotation-api-1.2.jar:/var/benchmarks/projects/fastjson/target/dependency/gson-2.6.2.jar:/var/benchmarks/projects/fastjson/target/dependency/jetty-continuation-8.1.8.v20121106.jar:/var/benchmarks/projects/fastjson/target/dependency/objenesis-2.5.1.jar:/var/benchmarks/projects/fastjson/target/dependency/powermock-reflect-1.6.6.jar:/var/benchmarks/projects/fastjson/target/dependency/springfox-spring-web-2.6.1.jar:/var/benchmarks/projects/fastjson/target/dependency/javaslang-2.0.6.jar:/var/benchmarks/projects/fastjson/target/dependency/guava-18.0.jar:/var/benchmarks/projects/fastjson/target/dependency/mockito-core-1.10.19.jar:/var/benchmarks/projects/fastjson/target/dependency/json-lib-2.4-jdk15.jar:/var/benchmarks/projects/fastjson/target/dependency/jetty-xml-8.1.8.v20121106.jar:/var/benchmarks/projects/fastjson/target/dependency/xmlschema-core-2.2.1.jar:/var/benchmarks/projects/fastjson/target/dependency/powermock-api-support-1.6.6.jar:/var/benchmarks/projects/fastjson/target/dependency/commons-collections4-4.1.jar:/var/benchmarks/projects/fastjson/target/dependency/cglib-nodep-2.2.2.jar:/var/benchmarks/projects/fastjson/target/dependency/asm-debug-all-5.0.4.jar:/var/benchmarks/projects/fastjson/target/dependency/spring-plugin-core-1.2.0.RELEASE.jar:/var/benchmarks/projects/fastjson/target/dependency/cxf-rt-rs-client-3.1.2.jar:/var/benchmarks/projects/fastjson/target/dependency/jetty-io-8.1.8.v20121106.jar:/var/benchmarks/projects/fastjson/target/dependency/commons-lang3-3.4.jar:/var/benchmarks/projects/fastjson/target/dependency/stax2-api-3.1.4.jar:/var/benchmarks/projects/fastjson/target/dependency/jackson-annotations-2.9.0.jar:/var/benchmarks/projects/fastjson/target/dependency/jetty-server-8.1.8.v20121106.jar:/var/benchmarks/projects/fastjson/target/dependency/json-simple-1.1.1.jar:/var/benchmarks/projects/fastjson/target/dependency/asm-tree-4.0.jar:/var/benchmarks/projects/fastjson/target/dependency/spring-data-commons-core-1.4.1.RELEASE.jar:/var/benchmarks/projects/fastjson/target/dependency/powermock-module-junit4-common-1.6.6.jar:/var/benchmarks/projects/fastjson/target/dependency/jcl-over-slf4j-1.7.25.jar:/var/benchmarks/projects/fastjson/target/dependency/javax.servlet-3.0.0.v201112011016.jar:/var/benchmarks/projects/fastjson/target/dependency/springfox-core-2.6.1.jar:/var/benchmarks/projects/fastjson/target/dependency/osgi-resource-locator-1.0.1.jar:/var/benchmarks/projects/fastjson/target/dependency/javassist-3.18.0-GA.jar:/var/benchmarks/projects/fastjson/target/dependency/kotlin-reflect-1.1.3-2.jar:/var/benchmarks/projects/fastjson/target/dependency/spring-context-support-4.3.10.RELEASE.jar:/var/benchmarks/projects/fastjson/target/dependency/spring-plugin-metadata-1.2.0.RELEASE.jar:/var/benchmarks/projects/fastjson/target/dependency/kotlin-stdlib-1.1.3-2.jar:/var/benchmarks/projects/fastjson/target/dependency/spring-data-keyvalue-1.2.6.RELEASE.jar:/var/benchmarks/projects/fastjson/target/dependency/jersey-container-servlet-core-2.23.2.jar:/var/benchmarks/projects/fastjson/target/dependency/asm-4.0.jar:/var/benchmarks/projects/fastjson/target/dependency/asm-commons-4.0.jar:/var/benchmarks/projects/fastjson/target/dependency/jersey-guava-2.23.2.jar:/var/benchmarks/projects/fastjson/target/dependency/aopalliance-1.0.jar:/var/benchmarks/projects/fastjson/target/dependency/groovy-2.1.5.jar:/var/benchmarks/projects/fastjson/target/dependency/hk2-api-2.5.0-b05.jar:/var/benchmarks/projects/fastjson/target/dependency/jetty-security-8.1.8.v20121106.jar:/var/benchmarks/projects/fastjson/target/dependency/jmh-core-1.21.jar:/var/benchmarks/projects/fastjson/target/dependency/jersey-container-servlet-2.23.2.jar:/var/benchmarks/projects/fastjson/target/dependency/dom4j-1.6.1.jar:/var/benchmarks/projects/fastjson/target/dependency/spring-core-4.3.7.RELEASE.jar:/var/benchmarks/projects/fastjson/target/dependency/spring-data-redis-1.8.6.RELEASE.jar:/var/benchmarks/projects/fastjson/target/dependency/jackson-core-asl-1.9.13.jar:/var/benchmarks/projects/fastjson/target/dependency/jackson-mapper-asl-1.9.13.jar:/var/benchmarks/projects/fastjson/target/dependency/hibernate-jpa-2.1-api-1.0.0.Final.jar:/var/benchmarks/projects/fastjson/target/dependency/junit-4.12.jar:/var/benchmarks/projects/fastjson/target/dependency/commons-io-1.4.jar:/var/benchmarks/projects/fastjson/target/dependency/jetty-util-8.1.8.v20121106.jar:/var/benchmarks/projects/fastjson/target/dependency/hamcrest-core-1.3.jar:/var/benchmarks/projects/fastjson/target/dependency/jmh-generator-annprocess-1.21.jar:/var/benchmarks/projects/fastjson/target/dependency/jackson-jaxrs-base-2.8.7.jar:/var/benchmarks/projects/fastjson/target/dependency/powermock-module-junit4-1.6.6.jar:/var/benchmarks/projects/fastjson/target/dependency/powermock-core-1.6.6.jar:/var/benchmarks/projects/fastjson/target/dependency/slf4j-api-1.7.25.jar:/var/benchmarks/projects/fastjson/target/dependency/antlr-2.7.7.jar:/var/benchmarks/projects/fastjson/target/dependency/mockito-all-1.10.19.jar:/var/benchmarks/projects/fastjson/target/dependency/jersey-container-jdk-http-2.23.2.jar:/var/benchmarks/projects/fastjson/target/dependency/javaslang-match-2.0.6.jar:/var/benchmarks/projects/fastjson/target/dependency/jersey-test-framework-provider-jdk-http-2.23.2.jar:/var/benchmarks/projects/fastjson/target/dependency/jersey-entity-filtering-2.23.2.jar:/var/benchmarks/projects/fastjson/target/dependency/jandex-2.0.3.Final.jar:/var/benchmarks/projects/fastjson/target/dependency/ezmorph-1.0.6.jar:/var/benchmarks/projects/fastjson/target/dependency/jackson-jaxrs-json-provider-2.8.7.jar:/var/benchmarks/projects/fastjson/target/dependency/cxf-rt-transports-http-3.1.2.jar:/var/benchmarks/projects/fastjson/target/dependency/spring-beans-4.3.7.RELEASE.jar:/var/benchmarks/projects/fastjson/target/dependency/jersey-server-2.23.2.jar:/var/benchmarks/projects/fastjson/target/dependency/powermock-api-mockito-1.6.6.jar:/var/benchmarks/projects/fastjson/target/dependency/jackson-module-jaxb-annotations-2.8.7.jar:/var/benchmarks/projects/fastjson/target/dependency/jopt-simple-4.6.jar:/var/benchmarks/projects/fastjson/target/dependency/asm-analysis-4.0.jar:/var/benchmarks/projects/fastjson/target/dependency/annotations-13.0.jar:/var/benchmarks/projects/fastjson/target/dependency/json-path-2.3.0.jar:/var/benchmarks/projects/fastjson/target/dependency/springfox-spi-2.6.1.jar:/var/benchmarks/projects/fastjson/target/dependency/spring-websocket-4.3.7.RELEASE.jar:/var/benchmarks/projects/fastjson/target/dependency/spring-messaging-4.3.7.RELEASE.jar:/var/benchmarks/projects/fastjson/target/dependency/jersey-client-2.23.2.jar:/var/benchmarks/projects/fastjson/target/dependency/javax.ws.rs-api-2.0.1.jar:/var/benchmarks/projects/fastjson/target/dependency/accessors-smart-1.1.jar:/var/benchmarks/projects/fastjson/target/dependency/hibernate-commons-annotations-5.0.1.Final.jar:/var/benchmarks/projects/fastjson/target/dependency/commons-logging-1.1.1.jar:/var/benchmarks/projects/fastjson/target/dependency/jackson-core-2.9.0.jar:/var/benchmarks/projects/fastjson/target/dependency/spring-expression-4.3.7.RELEASE.jar:/var/benchmarks/projects/fastjson/target/dependency/jersey-media-jaxb-2.23.2.jar:/var/benchmarks/projects/fastjson/target/dependency/okhttp-3.6.0.jar:/var/benchmarks/projects/fastjson/target/dependency/commons-math3-3.2.jar:/var/benchmarks/projects/fastjson/target/dependency/jetty-webapp-8.1.8.v20121106.jar:/var/benchmarks/projects/fastjson/target/dependency/javax.inject-2.5.0-b05.jar:/var/benchmarks/projects/fastjson/target/dependency/cxf-core-3.1.2.jar:/var/benchmarks/projects/fastjson/target/dependency/powermock-api-mockito-common-1.6.6.jar:/var/benchmarks/projects/fastjson/target/dependency/jetty-http-8.1.8.v20121106.jar:/var/benchmarks/projects/fastjson/target/dependency/spring-security-config-3.2.10.RELEASE.jar:/var/benchmarks/projects/fastjson/target/dependency/okio-1.11.0.jar:/var/benchmarks/projects/fastjson/target/dependency/javax.servlet-api-3.1.0.jar:/var/benchmarks/projects/fastjson/target/dependency/json-smart-2.2.1.jar:/var/benchmarks/projects/fastjson/target/dependency/spring-tx-4.3.10.RELEASE.jar:/var/benchmarks/projects/fastjson/target/dependency/jackson-module-afterburner-2.9.0.jar:/var/benchmarks/projects/fastjson/target/dependency/asm-util-4.0.jar:/var/benchmarks/projects/fastjson/target/dependency/spring-security-web-4.2.3.RELEASE.jar:/var/benchmarks/projects/fastjson/target/dependency/spring-webmvc-4.3.7.RELEASE.jar:/var/benchmarks/projects/fastjson/target/dependency/hk2-locator-2.5.0-b05.jar:/var/benchmarks/projects/fastjson/target/dependency/retrofit-2.1.0.jar:/var/benchmarks/projects/fastjson/target/dependency/clojure-1.5.1.jar:/var/benchmarks/projects/fastjson/target/dependency/spring-security-oauth2-2.3.3.RELEASE.jar:/var/benchmarks/projects/fastjson/target/dependency/spring-test-4.3.7.RELEASE.jar:/var/benchmarks/projects/fastjson/target/dependency/aopalliance-repackaged-2.5.0-b05.jar:/var/benchmarks/projects/fastjson/target/dependency/spring-oxm-4.3.10.RELEASE.jar:/var/benchmarks/projects/fastjson/target/dependency/spring-security-core-4.2.3.RELEASE.jar:/var/benchmarks/projects/fastjson/target/dependency/jboss-transaction-api_1.2_spec-1.0.1.Final.jar:/var/benchmarks/projects/fastjson/target/dependency/lombok-1.14.4.jar:/var/benchmarks/projects/fastjson/target/dependency/commons-collections-3.2.1.jar:/var/benchmarks/projects/fastjson/target/dependency/cxf-rt-frontend-jaxrs-3.1.2.jar:/var/benchmarks/projects/fastjson/target/dependency/spring-context-4.3.7.RELEASE.jar:/var/benchmarks/projects/fastjson/target/dependency/jersey-test-framework-core-2.23.2.jar:/var/benchmarks/projects/fastjson/target/dependency/classmate-1.3.1.jar:/var/benchmarks/projects/fastjson/target/dependency/hk2-utils-2.5.0-b05.jar:/var/benchmarks/projects/fastjson/target/dependency/jersey-common-2.23.2.jar:/var/benchmarks/projects/fastjson/target/dependency/jackson-databind-2.9.0.jar:/var/benchmarks/projects/fastjson/target/dependency/jersey-media-json-jackson-2.23.2.jar:/var/benchmarks/projects/fastjson/target/dependency/commons-lang-2.5.jar:/var/benchmarks/projects/fastjson/target/dependency/jetty-servlet-8.1.8.v20121106.jar:/var/benchmarks/projects/fastjson/target/dependency/validation-api-1.1.0.Final.jar:/var/benchmarks/projects/fastjson/target/dependency/spring-web-4.3.7.RELEASE.jar:/var/benchmarks/projects/fastjson/target/dependency/jsoniter-0.9.8.jar:/var/benchmarks/projects/fastjson/target/dependency/jboss-logging-3.3.0.Final.jar, outputDir=/home/utbot_mocks/temp/testcases, mocks=Other classes: Mockito
17:55:43.347 | INFO  | Started: warmup: kotlin reflection :: init
17:55:43.427 | INFO  | Finished (in 0.080 sec): warmup: kotlin reflection :: init 
[INIT]
>> [RUN] com.alibaba.fastjson.util.IOUtils 120
17:55:43.438 | DEBUG | -----------------------------------------------------------------------------
17:55:43.439 | INFO  | Contest.runGeneration: Time budget: 120000 ms, Generation timeout=102000 ms, classpath=/var/benchmarks/projects/fastjson/target/classes:/var/benchmarks/projects/fastjson/target/fastjson-1.2.50-SNAPSHOT.jar:/var/benchmarks/projects/./fastjson/target/dependency/deeptestutils-1.1.0.jar:/var/benchmarks/projects/fastjson/target/dependency/commons-beanutils-1.8.0.jar:/var/benchmarks/projects/fastjson/target/dependency/woodstox-core-asl-4.4.1.jar:/var/benchmarks/projects/fastjson/target/dependency/spring-aop-4.3.7.RELEASE.jar:/var/benchmarks/projects/fastjson/target/dependency/hibernate-core-5.2.10.Final.jar:/var/benchmarks/projects/fastjson/target/dependency/jackson-module-kotlin-2.9.0.jar:/var/benchmarks/projects/fastjson/target/dependency/spring-data-commons-1.13.6.RELEASE.jar:/var/benchmarks/projects/fastjson/target/dependency/javax.annotation-api-1.2.jar:/var/benchmarks/projects/fastjson/target/dependency/gson-2.6.2.jar:/var/benchmarks/projects/fastjson/target/dependency/jetty-continuation-8.1.8.v20121106.jar:/var/benchmarks/projects/fastjson/target/dependency/objenesis-2.5.1.jar:/var/benchmarks/projects/fastjson/target/dependency/powermock-reflect-1.6.6.jar:/var/benchmarks/projects/fastjson/target/dependency/springfox-spring-web-2.6.1.jar:/var/benchmarks/projects/fastjson/target/dependency/javaslang-2.0.6.jar:/var/benchmarks/projects/fastjson/target/dependency/guava-18.0.jar:/var/benchmarks/projects/fastjson/target/dependency/mockito-core-1.10.19.jar:/var/benchmarks/projects/fastjson/target/dependency/json-lib-2.4-jdk15.jar:/var/benchmarks/projects/fastjson/target/dependency/jetty-xml-8.1.8.v20121106.jar:/var/benchmarks/projects/fastjson/target/dependency/xmlschema-core-2.2.1.jar:/var/benchmarks/projects/fastjson/target/dependency/powermock-api-support-1.6.6.jar:/var/benchmarks/projects/fastjson/target/dependency/commons-collections4-4.1.jar:/var/benchmarks/projects/fastjson/target/dependency/cglib-nodep-2.2.2.jar:/var/benchmarks/projects/fastjson/target/dependency/asm-debug-all-5.0.4.jar:/var/benchmarks/projects/fastjson/target/dependency/spring-plugin-core-1.2.0.RELEASE.jar:/var/benchmarks/projects/fastjson/target/dependency/cxf-rt-rs-client-3.1.2.jar:/var/benchmarks/projects/fastjson/target/dependency/jetty-io-8.1.8.v20121106.jar:/var/benchmarks/projects/fastjson/target/dependency/commons-lang3-3.4.jar:/var/benchmarks/projects/fastjson/target/dependency/stax2-api-3.1.4.jar:/var/benchmarks/projects/fastjson/target/dependency/jackson-annotations-2.9.0.jar:/var/benchmarks/projects/fastjson/target/dependency/jetty-server-8.1.8.v20121106.jar:/var/benchmarks/projects/fastjson/target/dependency/json-simple-1.1.1.jar:/var/benchmarks/projects/fastjson/target/dependency/asm-tree-4.0.jar:/var/benchmarks/projects/fastjson/target/dependency/spring-data-commons-core-1.4.1.RELEASE.jar:/var/benchmarks/projects/fastjson/target/dependency/powermock-module-junit4-common-1.6.6.jar:/var/benchmarks/projects/fastjson/target/dependency/jcl-over-slf4j-1.7.25.jar:/var/benchmarks/projects/fastjson/target/dependency/javax.servlet-3.0.0.v201112011016.jar:/var/benchmarks/projects/fastjson/target/dependency/springfox-core-2.6.1.jar:/var/benchmarks/projects/fastjson/target/dependency/osgi-resource-locator-1.0.1.jar:/var/benchmarks/projects/fastjson/target/dependency/javassist-3.18.0-GA.jar:/var/benchmarks/projects/fastjson/target/dependency/kotlin-reflect-1.1.3-2.jar:/var/benchmarks/projects/fastjson/target/dependency/spring-context-support-4.3.10.RELEASE.jar:/var/benchmarks/projects/fastjson/target/dependency/spring-plugin-metadata-1.2.0.RELEASE.jar:/var/benchmarks/projects/fastjson/target/dependency/kotlin-stdlib-1.1.3-2.jar:/var/benchmarks/projects/fastjson/target/dependency/spring-data-keyvalue-1.2.6.RELEASE.jar:/var/benchmarks/projects/fastjson/target/dependency/jersey-container-servlet-core-2.23.2.jar:/var/benchmarks/projects/fastjson/target/dependency/asm-4.0.jar:/var/benchmarks/projects/fastjson/target/dependency/asm-commons-4.0.jar:/var/benchmarks/projects/fastjson/target/dependency/jersey-guava-2.23.2.jar:/var/benchmarks/projects/fastjson/target/dependency/aopalliance-1.0.jar:/var/benchmarks/projects/fastjson/target/dependency/groovy-2.1.5.jar:/var/benchmarks/projects/fastjson/target/dependency/hk2-api-2.5.0-b05.jar:/var/benchmarks/projects/fastjson/target/dependency/jetty-security-8.1.8.v20121106.jar:/var/benchmarks/projects/fastjson/target/dependency/jmh-core-1.21.jar:/var/benchmarks/projects/fastjson/target/dependency/jersey-container-servlet-2.23.2.jar:/var/benchmarks/projects/fastjson/target/dependency/dom4j-1.6.1.jar:/var/benchmarks/projects/fastjson/target/dependency/spring-core-4.3.7.RELEASE.jar:/var/benchmarks/projects/fastjson/target/dependency/spring-data-redis-1.8.6.RELEASE.jar:/var/benchmarks/projects/fastjson/target/dependency/jackson-core-asl-1.9.13.jar:/var/benchmarks/projects/fastjson/target/dependency/jackson-mapper-asl-1.9.13.jar:/var/benchmarks/projects/fastjson/target/dependency/hibernate-jpa-2.1-api-1.0.0.Final.jar:/var/benchmarks/projects/fastjson/target/dependency/junit-4.12.jar:/var/benchmarks/projects/fastjson/target/dependency/commons-io-1.4.jar:/var/benchmarks/projects/fastjson/target/dependency/jetty-util-8.1.8.v20121106.jar:/var/benchmarks/projects/fastjson/target/dependency/hamcrest-core-1.3.jar:/var/benchmarks/projects/fastjson/target/dependency/jmh-generator-annprocess-1.21.jar:/var/benchmarks/projects/fastjson/target/dependency/jackson-jaxrs-base-2.8.7.jar:/var/benchmarks/projects/fastjson/target/dependency/powermock-module-junit4-1.6.6.jar:/var/benchmarks/projects/fastjson/target/dependency/powermock-core-1.6.6.jar:/var/benchmarks/projects/fastjson/target/dependency/slf4j-api-1.7.25.jar:/var/benchmarks/projects/fastjson/target/dependency/antlr-2.7.7.jar:/var/benchmarks/projects/fastjson/target/dependency/mockito-all-1.10.19.jar:/var/benchmarks/projects/fastjson/target/dependency/jersey-container-jdk-http-2.23.2.jar:/var/benchmarks/projects/fastjson/target/dependency/javaslang-match-2.0.6.jar:/var/benchmarks/projects/fastjson/target/dependency/jersey-test-framework-provider-jdk-http-2.23.2.jar:/var/benchmarks/projects/fastjson/target/dependency/jersey-entity-filtering-2.23.2.jar:/var/benchmarks/projects/fastjson/target/dependency/jandex-2.0.3.Final.jar:/var/benchmarks/projects/fastjson/target/dependency/ezmorph-1.0.6.jar:/var/benchmarks/projects/fastjson/target/dependency/jackson-jaxrs-json-provider-2.8.7.jar:/var/benchmarks/projects/fastjson/target/dependency/cxf-rt-transports-http-3.1.2.jar:/var/benchmarks/projects/fastjson/target/dependency/spring-beans-4.3.7.RELEASE.jar:/var/benchmarks/projects/fastjson/target/dependency/jersey-server-2.23.2.jar:/var/benchmarks/projects/fastjson/target/dependency/powermock-api-mockito-1.6.6.jar:/var/benchmarks/projects/fastjson/target/dependency/jackson-module-jaxb-annotations-2.8.7.jar:/var/benchmarks/projects/fastjson/target/dependency/jopt-simple-4.6.jar:/var/benchmarks/projects/fastjson/target/dependency/asm-analysis-4.0.jar:/var/benchmarks/projects/fastjson/target/dependency/annotations-13.0.jar:/var/benchmarks/projects/fastjson/target/dependency/json-path-2.3.0.jar:/var/benchmarks/projects/fastjson/target/dependency/springfox-spi-2.6.1.jar:/var/benchmarks/projects/fastjson/target/dependency/spring-websocket-4.3.7.RELEASE.jar:/var/benchmarks/projects/fastjson/target/dependency/spring-messaging-4.3.7.RELEASE.jar:/var/benchmarks/projects/fastjson/target/dependency/jersey-client-2.23.2.jar:/var/benchmarks/projects/fastjson/target/dependency/javax.ws.rs-api-2.0.1.jar:/var/benchmarks/projects/fastjson/target/dependency/accessors-smart-1.1.jar:/var/benchmarks/projects/fastjson/target/dependency/hibernate-commons-annotations-5.0.1.Final.jar:/var/benchmarks/projects/fastjson/target/dependency/commons-logging-1.1.1.jar:/var/benchmarks/projects/fastjson/target/dependency/jackson-core-2.9.0.jar:/var/benchmarks/projects/fastjson/target/dependency/spring-expression-4.3.7.RELEASE.jar:/var/benchmarks/projects/fastjson/target/dependency/jersey-media-jaxb-2.23.2.jar:/var/benchmarks/projects/fastjson/target/dependency/okhttp-3.6.0.jar:/var/benchmarks/projects/fastjson/target/dependency/commons-math3-3.2.jar:/var/benchmarks/projects/fastjson/target/dependency/jetty-webapp-8.1.8.v20121106.jar:/var/benchmarks/projects/fastjson/target/dependency/javax.inject-2.5.0-b05.jar:/var/benchmarks/projects/fastjson/target/dependency/cxf-core-3.1.2.jar:/var/benchmarks/projects/fastjson/target/dependency/powermock-api-mockito-common-1.6.6.jar:/var/benchmarks/projects/fastjson/target/dependency/jetty-http-8.1.8.v20121106.jar:/var/benchmarks/projects/fastjson/target/dependency/spring-security-config-3.2.10.RELEASE.jar:/var/benchmarks/projects/fastjson/target/dependency/okio-1.11.0.jar:/var/benchmarks/projects/fastjson/target/dependency/javax.servlet-api-3.1.0.jar:/var/benchmarks/projects/fastjson/target/dependency/json-smart-2.2.1.jar:/var/benchmarks/projects/fastjson/target/dependency/spring-tx-4.3.10.RELEASE.jar:/var/benchmarks/projects/fastjson/target/dependency/jackson-module-afterburner-2.9.0.jar:/var/benchmarks/projects/fastjson/target/dependency/asm-util-4.0.jar:/var/benchmarks/projects/fastjson/target/dependency/spring-security-web-4.2.3.RELEASE.jar:/var/benchmarks/projects/fastjson/target/dependency/spring-webmvc-4.3.7.RELEASE.jar:/var/benchmarks/projects/fastjson/target/dependency/hk2-locator-2.5.0-b05.jar:/var/benchmarks/projects/fastjson/target/dependency/retrofit-2.1.0.jar:/var/benchmarks/projects/fastjson/target/dependency/clojure-1.5.1.jar:/var/benchmarks/projects/fastjson/target/dependency/spring-security-oauth2-2.3.3.RELEASE.jar:/var/benchmarks/projects/fastjson/target/dependency/spring-test-4.3.7.RELEASE.jar:/var/benchmarks/projects/fastjson/target/dependency/aopalliance-repackaged-2.5.0-b05.jar:/var/benchmarks/projects/fastjson/target/dependency/spring-oxm-4.3.10.RELEASE.jar:/var/benchmarks/projects/fastjson/target/dependency/spring-security-core-4.2.3.RELEASE.jar:/var/benchmarks/projects/fastjson/target/dependency/jboss-transaction-api_1.2_spec-1.0.1.Final.jar:/var/benchmarks/projects/fastjson/target/dependency/lombok-1.14.4.jar:/var/benchmarks/projects/fastjson/target/dependency/commons-collections-3.2.1.jar:/var/benchmarks/projects/fastjson/target/dependency/cxf-rt-frontend-jaxrs-3.1.2.jar:/var/benchmarks/projects/fastjson/target/dependency/spring-context-4.3.7.RELEASE.jar:/var/benchmarks/projects/fastjson/target/dependency/jersey-test-framework-core-2.23.2.jar:/var/benchmarks/projects/fastjson/target/dependency/classmate-1.3.1.jar:/var/benchmarks/projects/fastjson/target/dependency/hk2-utils-2.5.0-b05.jar:/var/benchmarks/projects/fastjson/target/dependency/jersey-common-2.23.2.jar:/var/benchmarks/projects/fastjson/target/dependency/jackson-databind-2.9.0.jar:/var/benchmarks/projects/fastjson/target/dependency/jersey-media-json-jackson-2.23.2.jar:/var/benchmarks/projects/fastjson/target/dependency/commons-lang-2.5.jar:/var/benchmarks/projects/fastjson/target/dependency/jetty-servlet-8.1.8.v20121106.jar:/var/benchmarks/projects/fastjson/target/dependency/validation-api-1.1.0.Final.jar:/var/benchmarks/projects/fastjson/target/dependency/spring-web-4.3.7.RELEASE.jar:/var/benchmarks/projects/fastjson/target/dependency/jsoniter-0.9.8.jar:/var/benchmarks/projects/fastjson/target/dependency/jboss-logging-3.3.0.Final.jar, methodNameFilter=null
17:55:43.442 | INFO  | ClassUnderTest[ FQN: com.alibaba.fastjson.util.IOUtils
    classfileDir: /var/benchmarks/projects/fastjson/target/classes
    testClassSimpleName: IOUtilsTest
    generatedTestFile: /home/utbot_mocks/temp/testcases/com/alibaba/fastjson/util/IOUtilsTest.java
    generatedTestsSourcesDir: /home/utbot_mocks/temp/testcases
]
17:55:43.470 | INFO  | Started: class com.alibaba.fastjson.util.IOUtils
17:55:43.471 | INFO  | Started: preparation class class com.alibaba.fastjson.util.IOUtils: kotlin reflection :: run
17:55:43.501 | INFO  | Finished (in 0.029 sec): preparation class class com.alibaba.fastjson.util.IOUtils: kotlin reflection :: run 
17:55:43.502 | INFO  | Started: 2nd optional soot initialization
17:55:43.503 | INFO  | Finished (in 0.001 sec): 2nd optional soot initialization 
17:55:43.514 | DEBUG |  ... 
17:55:43.530 | INFO  | Started: method com.alibaba.fastjson.util.IOUtils.encodeUTF8(char[], int, int, byte[])
17:55:43.531 | INFO  |  -- Remaining time budget: 101924 ms, #remaining_methods: 19, budget for method: 5364 ms, solver timeout: 1000 ms, budget for symbolic execution: 4164 ms, budget for concrete execution: 1200 ms,  -- 
17:55:43.903 | DEBUG | --new testCase collected, to generate: testCom.alibaba.fastjson.util.IOUtils.encodeUTF8(char[], int, int, byte[])1
17:55:44.175 | DEBUG | --new testCase collected, to generate: testCom.alibaba.fastjson.util.IOUtils.encodeUTF8(char[], int, int, byte[])2
17:55:44.267 | DEBUG | --new testCase collected, to generate: testCom.alibaba.fastjson.util.IOUtils.encodeUTF8(char[], int, int, byte[])3
17:55:44.297 | DEBUG | --new testCase collected, to generate: testCom.alibaba.fastjson.util.IOUtils.encodeUTF8(char[], int, int, byte[])4
17:55:44.334 | DEBUG | --new testCase collected, to generate: testCom.alibaba.fastjson.util.IOUtils.encodeUTF8(char[], int, int, byte[])5
17:55:44.367 | DEBUG | --new testCase collected, to generate: testCom.alibaba.fastjson.util.IOUtils.encodeUTF8(char[], int, int, byte[])6
17:55:44.541 | DEBUG | --new testCase collected, to generate: testCom.alibaba.fastjson.util.IOUtils.encodeUTF8(char[], int, int, byte[])7
17:55:44.570 | DEBUG | --new testCase collected, to generate: testCom.alibaba.fastjson.util.IOUtils.encodeUTF8(char[], int, int, byte[])8
17:55:44.783 | DEBUG | --new testCase collected, to generate: testCom.alibaba.fastjson.util.IOUtils.encodeUTF8(char[], int, int, byte[])9
17:55:44.838 | DEBUG | --new testCase collected, to generate: testCom.alibaba.fastjson.util.IOUtils.encodeUTF8(char[], int, int, byte[])10
17:55:44.918 | DEBUG | --new testCase collected, to generate: testCom.alibaba.fastjson.util.IOUtils.encodeUTF8(char[], int, int, byte[])11
17:55:45.513 | DEBUG | --new testCase collected, to generate: testCom.alibaba.fastjson.util.IOUtils.encodeUTF8(char[], int, int, byte[])12
17:55:45.537 | DEBUG | --new testCase collected, to generate: testCom.alibaba.fastjson.util.IOUtils.encodeUTF8(char[], int, int, byte[])13
17:55:45.554 | DEBUG | --new testCase collected, to generate: testCom.alibaba.fastjson.util.IOUtils.encodeUTF8(char[], int, int, byte[])14
17:55:45.583 | DEBUG | --new testCase collected, to generate: testCom.alibaba.fastjson.util.IOUtils.encodeUTF8(char[], int, int, byte[])15
17:55:45.611 | DEBUG | --new testCase collected, to generate: testCom.alibaba.fastjson.util.IOUtils.encodeUTF8(char[], int, int, byte[])16
17:55:45.646 | DEBUG | --new testCase collected, to generate: testCom.alibaba.fastjson.util.IOUtils.encodeUTF8(char[], int, int, byte[])17
17:55:45.699 | DEBUG | --new testCase collected, to generate: testCom.alibaba.fastjson.util.IOUtils.encodeUTF8(char[], int, int, byte[])18
17:55:45.725 | DEBUG | --new testCase collected, to generate: testCom.alibaba.fastjson.util.IOUtils.encodeUTF8(char[], int, int, byte[])19
17:55:45.806 | DEBUG | --new testCase collected, to generate: testCom.alibaba.fastjson.util.IOUtils.encodeUTF8(char[], int, int, byte[])20
17:55:45.863 | DEBUG | --new testCase collected, to generate: testCom.alibaba.fastjson.util.IOUtils.encodeUTF8(char[], int, int, byte[])21
17:55:45.894 | DEBUG | --new testCase collected, to generate: testCom.alibaba.fastjson.util.IOUtils.encodeUTF8(char[], int, int, byte[])22
17:55:45.935 | DEBUG | --new testCase collected, to generate: testCom.alibaba.fastjson.util.IOUtils.encodeUTF8(char[], int, int, byte[])23
17:55:45.993 | DEBUG | --new testCase collected, to generate: testCom.alibaba.fastjson.util.IOUtils.encodeUTF8(char[], int, int, byte[])24
17:55:46.046 | DEBUG | --new testCase collected, to generate: testCom.alibaba.fastjson.util.IOUtils.encodeUTF8(char[], int, int, byte[])25
17:55:46.101 | DEBUG | --new testCase collected, to generate: testCom.alibaba.fastjson.util.IOUtils.encodeUTF8(char[], int, int, byte[])26
17:55:46.651 | DEBUG | --new testCase collected, to generate: testCom.alibaba.fastjson.util.IOUtils.encodeUTF8(char[], int, int, byte[])27
17:55:46.831 | DEBUG | --new testCase collected, to generate: testCom.alibaba.fastjson.util.IOUtils.encodeUTF8(char[], int, int, byte[])28
17:55:46.890 | DEBUG | --new testCase collected, to generate: testCom.alibaba.fastjson.util.IOUtils.encodeUTF8(char[], int, int, byte[])29
17:55:47.324 | DEBUG | --new testCase collected, to generate: testCom.alibaba.fastjson.util.IOUtils.encodeUTF8(char[], int, int, byte[])30
17:55:47.688 | INFO  | |> Starting concrete execution for remaining state: com.alibaba.fastjson.util.IOUtils.encodeUTF8(char[], int, int, byte[])
17:55:48.890 | INFO  | (X) Cancelling concrete execution: com.alibaba.fastjson.util.IOUtils.encodeUTF8(char[], int, int, byte[])
17:55:48.995 | INFO  | Finished (in 5.464 sec): method com.alibaba.fastjson.util.IOUtils.encodeUTF8(char[], int, int, byte[]) 
<StatsForMethod> :
	#generatedTC=30
	WITH NO EXCEPTIONS
17:55:49.062 | DEBUG |  ... 
17:55:49.063 | INFO  | Started: method com.alibaba.fastjson.util.IOUtils.getChars(int, int, char[])
17:55:49.063 | INFO  |  -- Remaining time budget: 96378 ms, #remaining_methods: 18, budget for method: 5354 ms, solver timeout: 1000 ms, budget for symbolic execution: 4154 ms, budget for concrete execution: 1200 ms,  -- 
17:55:49.076 | DEBUG | --new testCase collected, to generate: testCom.alibaba.fastjson.util.IOUtils.getChars(int, int, char[])1
17:55:50.277 | INFO  | Finished (in 1.214 sec): method com.alibaba.fastjson.util.IOUtils.getChars(int, int, char[]) 
<StatsForMethod> :
	#generatedTC=1
	WITH NO EXCEPTIONS
17:55:50.301 | DEBUG |  ... 
17:55:50.301 | INFO  | Started: method com.alibaba.fastjson.util.IOUtils.getChars(long, int, char[])
17:55:50.302 | INFO  |  -- Remaining time budget: 95140 ms, #remaining_methods: 17, budget for method: 5596 ms, solver timeout: 1000 ms, budget for symbolic execution: 4396 ms, budget for concrete execution: 1200 ms,  -- 
17:55:50.320 | DEBUG | --new testCase collected, to generate: testCom.alibaba.fastjson.util.IOUtils.getChars(long, int, char[])1
17:55:51.973 | INFO  | Finished (in 1.671 sec): method com.alibaba.fastjson.util.IOUtils.getChars(long, int, char[]) 
<StatsForMethod> :
	#generatedTC=1
	WITH NO EXCEPTIONS
17:55:52.008 | DEBUG |  ... 
17:55:52.009 | INFO  | Started: method com.alibaba.fastjson.util.IOUtils.getChars(byte, int, char[])
17:55:52.009 | INFO  |  -- Remaining time budget: 93433 ms, #remaining_methods: 16, budget for method: 5839 ms, solver timeout: 1000 ms, budget for symbolic execution: 4639 ms, budget for concrete execution: 1200 ms,  -- 
17:55:52.055 | DEBUG | --new testCase collected, to generate: testCom.alibaba.fastjson.util.IOUtils.getChars(byte, int, char[])1
17:55:52.532 | INFO  | Finished (in 0.523 sec): method com.alibaba.fastjson.util.IOUtils.getChars(byte, int, char[]) 
<StatsForMethod> :
	#generatedTC=1
	WITH NO EXCEPTIONS
17:55:52.543 | DEBUG |  ... 
17:55:52.544 | INFO  | Started: method com.alibaba.fastjson.util.IOUtils.decode(CharsetDecoder, ByteBuffer, CharBuffer)
17:55:52.544 | INFO  |  -- Remaining time budget: 92897 ms, #remaining_methods: 15, budget for method: 6193 ms, solver timeout: 1000 ms, budget for symbolic execution: 4993 ms, budget for concrete execution: 1200 ms,  -- 
17:55:52.561 | DEBUG | --new testCase collected, to generate: testCom.alibaba.fastjson.util.IOUtils.decode(CharsetDecoder, ByteBuffer, CharBuffer)1
17:55:52.638 | DEBUG | --new testCase collected, to generate: testCom.alibaba.fastjson.util.IOUtils.decode(CharsetDecoder, ByteBuffer, CharBuffer)2
17:55:52.645 | DEBUG | --new testCase collected, to generate: testCom.alibaba.fastjson.util.IOUtils.decode(CharsetDecoder, ByteBuffer, CharBuffer)3
17:55:52.661 | DEBUG | --new testCase collected, to generate: testCom.alibaba.fastjson.util.IOUtils.decode(CharsetDecoder, ByteBuffer, CharBuffer)4
17:55:52.689 | DEBUG | --new testCase collected, to generate: testCom.alibaba.fastjson.util.IOUtils.decode(CharsetDecoder, ByteBuffer, CharBuffer)5
17:55:52.712 | INFO  | Finished (in 0.168 sec): method com.alibaba.fastjson.util.IOUtils.decode(CharsetDecoder, ByteBuffer, CharBuffer) 
<StatsForMethod> :
	#generatedTC=5
	WITH NO EXCEPTIONS
17:55:52.713 | DEBUG |  ... 
17:55:52.714 | INFO  | Started: method com.alibaba.fastjson.util.IOUtils.close(Closeable)
17:55:52.714 | INFO  |  -- Remaining time budget: 92727 ms, #remaining_methods: 14, budget for method: 6623 ms, solver timeout: 1000 ms, budget for symbolic execution: 5423 ms, budget for concrete execution: 1200 ms,  -- 
17:55:52.723 | DEBUG | --new testCase collected, to generate: testCom.alibaba.fastjson.util.IOUtils.close(Closeable)1
17:55:53.073 | DEBUG | --new testCase collected, to generate: testCom.alibaba.fastjson.util.IOUtils.close(Closeable)2
17:55:53.323 | DEBUG | --new testCase collected, to generate: testCom.alibaba.fastjson.util.IOUtils.close(Closeable)3
17:55:54.186 | DEBUG | --new testCase collected, to generate: testCom.alibaba.fastjson.util.IOUtils.close(Closeable)4
17:55:54.392 | DEBUG | --new testCase collected, to generate: testCom.alibaba.fastjson.util.IOUtils.close(Closeable)5
17:55:54.508 | DEBUG | --new testCase collected, to generate: testCom.alibaba.fastjson.util.IOUtils.close(Closeable)6
17:55:55.991 | DEBUG | --new testCase collected, to generate: testCom.alibaba.fastjson.util.IOUtils.close(Closeable)7
17:55:56.209 | DEBUG | --new testCase collected, to generate: testCom.alibaba.fastjson.util.IOUtils.close(Closeable)8
17:55:58.137 | INFO  | |> Starting concrete execution for remaining state: com.alibaba.fastjson.util.IOUtils.close(Closeable)
17:55:58.330 | DEBUG | --new testCase collected, to generate: testCom.alibaba.fastjson.util.IOUtils.close(Closeable)9
17:55:59.338 | INFO  | (X) Cancelling concrete execution: com.alibaba.fastjson.util.IOUtils.close(Closeable)
17:55:59.530 | INFO  | Finished (in 6.816 sec): method com.alibaba.fastjson.util.IOUtils.close(Closeable) 
<StatsForMethod> :
	#generatedTC=9
	WITH NO EXCEPTIONS
17:55:59.729 | DEBUG |  ... 
17:55:59.729 | INFO  | Started: method com.alibaba.fastjson.util.IOUtils.stringSize(int)
17:55:59.730 | INFO  |  -- Remaining time budget: 85712 ms, #remaining_methods: 13, budget for method: 6593 ms, solver timeout: 1000 ms, budget for symbolic execution: 5393 ms, budget for concrete execution: 1200 ms,  -- 
17:55:59.736 | DEBUG | --new testCase collected, to generate: testCom.alibaba.fastjson.util.IOUtils.stringSize(int)1
17:55:59.987 | INFO  | Finished (in 0.257 sec): method com.alibaba.fastjson.util.IOUtils.stringSize(int) 
<StatsForMethod> :
	#generatedTC=1
	WITH NO EXCEPTIONS
17:55:59.994 | DEBUG |  ... 
17:55:59.994 | INFO  | Started: method com.alibaba.fastjson.util.IOUtils.stringSize(long)
17:55:59.995 | INFO  |  -- Remaining time budget: 85447 ms, #remaining_methods: 12, budget for method: 7120 ms, solver timeout: 1000 ms, budget for symbolic execution: 5920 ms, budget for concrete execution: 1200 ms,  -- 
17:56:00.002 | DEBUG | --new testCase collected, to generate: testCom.alibaba.fastjson.util.IOUtils.stringSize(long)1
17:56:00.024 | DEBUG | --new testCase collected, to generate: testCom.alibaba.fastjson.util.IOUtils.stringSize(long)2
17:56:00.058 | DEBUG | --new testCase collected, to generate: testCom.alibaba.fastjson.util.IOUtils.stringSize(long)3
17:56:00.100 | DEBUG | --new testCase collected, to generate: testCom.alibaba.fastjson.util.IOUtils.stringSize(long)4
17:56:00.101 | INFO  | Finished (in 0.106 sec): method com.alibaba.fastjson.util.IOUtils.stringSize(long) 
<StatsForMethod> :
	#generatedTC=4
	WITH NO EXCEPTIONS
17:56:00.102 | DEBUG |  ... 
17:56:00.103 | INFO  | Started: method com.alibaba.fastjson.util.IOUtils.isValidJsonpQueryParam(String)
17:56:00.103 | INFO  |  -- Remaining time budget: 85338 ms, #remaining_methods: 11, budget for method: 7758 ms, solver timeout: 1000 ms, budget for symbolic execution: 6558 ms, budget for concrete execution: 1200 ms,  -- 
17:56:00.131 | DEBUG | --new testCase collected, to generate: testCom.alibaba.fastjson.util.IOUtils.isValidJsonpQueryParam(String)1
17:56:00.168 | DEBUG | --new testCase collected, to generate: testCom.alibaba.fastjson.util.IOUtils.isValidJsonpQueryParam(String)2
17:56:00.259 | DEBUG | --new testCase collected, to generate: testCom.alibaba.fastjson.util.IOUtils.isValidJsonpQueryParam(String)3
17:56:00.505 | DEBUG | --new testCase collected, to generate: testCom.alibaba.fastjson.util.IOUtils.isValidJsonpQueryParam(String)4
17:56:06.661 | INFO  | |> Starting concrete execution for remaining state: com.alibaba.fastjson.util.IOUtils.isValidJsonpQueryParam(String)
17:56:07.862 | INFO  | (X) Cancelling concrete execution: com.alibaba.fastjson.util.IOUtils.isValidJsonpQueryParam(String)
17:56:07.868 | INFO  | Finished (in 7.765 sec): method com.alibaba.fastjson.util.IOUtils.isValidJsonpQueryParam(String) 
<StatsForMethod> :
	#generatedTC=4
	WITH NO EXCEPTIONS
17:56:07.893 | DEBUG |  ... 
17:56:07.894 | INFO  | Started: method com.alibaba.fastjson.util.IOUtils.firstIdentifier(char)
17:56:07.894 | INFO  |  -- Remaining time budget: 77548 ms, #remaining_methods: 10, budget for method: 7754 ms, solver timeout: 1000 ms, budget for symbolic execution: 6554 ms, budget for concrete execution: 1200 ms,  -- 
17:56:07.899 | DEBUG | --new testCase collected, to generate: testCom.alibaba.fastjson.util.IOUtils.firstIdentifier(char)1
17:56:08.124 | INFO  | Finished (in 0.230 sec): method com.alibaba.fastjson.util.IOUtils.firstIdentifier(char) 
<StatsForMethod> :
	#generatedTC=1
	WITH NO EXCEPTIONS
17:56:08.130 | DEBUG |  ... 
17:56:08.131 | INFO  | Started: method com.alibaba.fastjson.util.IOUtils.isIdent(char)
17:56:08.131 | INFO  |  -- Remaining time budget: 77310 ms, #remaining_methods: 9, budget for method: 8590 ms, solver timeout: 1000 ms, budget for symbolic execution: 7390 ms, budget for concrete execution: 1200 ms,  -- 
17:56:08.137 | DEBUG | --new testCase collected, to generate: testCom.alibaba.fastjson.util.IOUtils.isIdent(char)1
17:56:08.365 | INFO  | Finished (in 0.234 sec): method com.alibaba.fastjson.util.IOUtils.isIdent(char) 
<StatsForMethod> :
	#generatedTC=1
	WITH NO EXCEPTIONS
17:56:08.371 | DEBUG |  ... 
17:56:08.372 | INFO  | Started: method com.alibaba.fastjson.util.IOUtils.decodeBase64(char[], int, int)
17:56:08.372 | INFO  |  -- Remaining time budget: 77070 ms, #remaining_methods: 8, budget for method: 9633 ms, solver timeout: 1000 ms, budget for symbolic execution: 8433 ms, budget for concrete execution: 1200 ms,  -- 
17:56:08.378 | DEBUG | --new testCase collected, to generate: testCom.alibaba.fastjson.util.IOUtils.decodeBase64(char[], int, int)1
17:56:08.412 | DEBUG | --new testCase collected, to generate: testCom.alibaba.fastjson.util.IOUtils.decodeBase64(char[], int, int)2
17:56:08.451 | DEBUG | --new testCase collected, to generate: testCom.alibaba.fastjson.util.IOUtils.decodeBase64(char[], int, int)3
17:56:08.475 | DEBUG | --new testCase collected, to generate: testCom.alibaba.fastjson.util.IOUtils.decodeBase64(char[], int, int)4
17:56:08.483 | DEBUG | --new testCase collected, to generate: testCom.alibaba.fastjson.util.IOUtils.decodeBase64(char[], int, int)5
17:56:08.768 | DEBUG | --new testCase collected, to generate: testCom.alibaba.fastjson.util.IOUtils.decodeBase64(char[], int, int)6
17:56:08.821 | DEBUG | --new testCase collected, to generate: testCom.alibaba.fastjson.util.IOUtils.decodeBase64(char[], int, int)7
17:56:09.012 | DEBUG | --new testCase collected, to generate: testCom.alibaba.fastjson.util.IOUtils.decodeBase64(char[], int, int)8
17:56:09.105 | DEBUG | --new testCase collected, to generate: testCom.alibaba.fastjson.util.IOUtils.decodeBase64(char[], int, int)9
17:56:09.529 | INFO  | Finished (in 1.157 sec): method com.alibaba.fastjson.util.IOUtils.decodeBase64(char[], int, int) 
<StatsForMethod> :
	#generatedTC=9
	WITH NO EXCEPTIONS
17:56:09.561 | DEBUG |  ... 
17:56:09.562 | INFO  | Started: method com.alibaba.fastjson.util.IOUtils.decodeBase64(String)
17:56:09.562 | INFO  |  -- Remaining time budget: 75879 ms, #remaining_methods: 7, budget for method: 10839 ms, solver timeout: 1000 ms, budget for symbolic execution: 9639 ms, budget for concrete execution: 1200 ms,  -- 
17:56:09.567 | DEBUG | --new testCase collected, to generate: testCom.alibaba.fastjson.util.IOUtils.decodeBase64(String)1
17:56:09.608 | DEBUG | --new testCase collected, to generate: testCom.alibaba.fastjson.util.IOUtils.decodeBase64(String)2
17:56:09.823 | DEBUG | --new testCase collected, to generate: testCom.alibaba.fastjson.util.IOUtils.decodeBase64(String)3
17:56:09.955 | DEBUG | --new testCase collected, to generate: testCom.alibaba.fastjson.util.IOUtils.decodeBase64(String)4
17:56:10.034 | DEBUG | --new testCase collected, to generate: testCom.alibaba.fastjson.util.IOUtils.decodeBase64(String)5
17:56:10.034 | INFO  | Finished (in 0.472 sec): method com.alibaba.fastjson.util.IOUtils.decodeBase64(String) 
<StatsForMethod> :
	#generatedTC=5
	WITH NO EXCEPTIONS
17:56:10.055 | DEBUG |  ... 
17:56:10.055 | INFO  | Started: method com.alibaba.fastjson.util.IOUtils.decodeBase64(String, int, int)
17:56:10.056 | INFO  |  -- Remaining time budget: 75386 ms, #remaining_methods: 6, budget for method: 12564 ms, solver timeout: 1000 ms, budget for symbolic execution: 11364 ms, budget for concrete execution: 1200 ms,  -- 
17:56:10.061 | DEBUG | --new testCase collected, to generate: testCom.alibaba.fastjson.util.IOUtils.decodeBase64(String, int, int)1
17:56:10.088 | DEBUG | --new testCase collected, to generate: testCom.alibaba.fastjson.util.IOUtils.decodeBase64(String, int, int)2
17:56:10.213 | DEBUG | --new testCase collected, to generate: testCom.alibaba.fastjson.util.IOUtils.decodeBase64(String, int, int)3
17:56:10.591 | DEBUG | --new testCase collected, to generate: testCom.alibaba.fastjson.util.IOUtils.decodeBase64(String, int, int)4
17:56:10.680 | DEBUG | --new testCase collected, to generate: testCom.alibaba.fastjson.util.IOUtils.decodeBase64(String, int, int)5
17:56:10.781 | DEBUG | --new testCase collected, to generate: testCom.alibaba.fastjson.util.IOUtils.decodeBase64(String, int, int)6
17:56:11.006 | DEBUG | --new testCase collected, to generate: testCom.alibaba.fastjson.util.IOUtils.decodeBase64(String, int, int)7
17:56:11.215 | DEBUG | --new testCase collected, to generate: testCom.alibaba.fastjson.util.IOUtils.decodeBase64(String, int, int)8
17:56:11.224 | INFO  | Finished (in 1.168 sec): method com.alibaba.fastjson.util.IOUtils.decodeBase64(String, int, int) 
<StatsForMethod> :
	#generatedTC=8
	WITH NO EXCEPTIONS
17:56:11.268 | DEBUG |  ... 
17:56:11.268 | INFO  | Started: method com.alibaba.fastjson.util.IOUtils.decodeUTF8(byte[], int, int, char[])
17:56:11.268 | INFO  |  -- Remaining time budget: 74173 ms, #remaining_methods: 5, budget for method: 14834 ms, solver timeout: 1000 ms, budget for symbolic execution: 13634 ms, budget for concrete execution: 1200 ms,  -- 
17:56:11.272 | DEBUG | --new testCase collected, to generate: testCom.alibaba.fastjson.util.IOUtils.decodeUTF8(byte[], int, int, char[])1
17:56:11.327 | DEBUG | --new testCase collected, to generate: testCom.alibaba.fastjson.util.IOUtils.decodeUTF8(byte[], int, int, char[])2
17:56:11.371 | DEBUG | --new testCase collected, to generate: testCom.alibaba.fastjson.util.IOUtils.decodeUTF8(byte[], int, int, char[])3
17:56:11.394 | DEBUG | --new testCase collected, to generate: testCom.alibaba.fastjson.util.IOUtils.decodeUTF8(byte[], int, int, char[])4
17:56:11.401 | DEBUG | --new testCase collected, to generate: testCom.alibaba.fastjson.util.IOUtils.decodeUTF8(byte[], int, int, char[])5
17:56:11.449 | DEBUG | --new testCase collected, to generate: testCom.alibaba.fastjson.util.IOUtils.decodeUTF8(byte[], int, int, char[])6
17:56:11.493 | DEBUG | --new testCase collected, to generate: testCom.alibaba.fastjson.util.IOUtils.decodeUTF8(byte[], int, int, char[])7
17:56:11.499 | DEBUG | --new testCase collected, to generate: testCom.alibaba.fastjson.util.IOUtils.decodeUTF8(byte[], int, int, char[])8
17:56:11.652 | DEBUG | --new testCase collected, to generate: testCom.alibaba.fastjson.util.IOUtils.decodeUTF8(byte[], int, int, char[])9
17:56:11.700 | DEBUG | --new testCase collected, to generate: testCom.alibaba.fastjson.util.IOUtils.decodeUTF8(byte[], int, int, char[])10
17:56:11.778 | DEBUG | --new testCase collected, to generate: testCom.alibaba.fastjson.util.IOUtils.decodeUTF8(byte[], int, int, char[])11
17:56:11.787 | DEBUG | --new testCase collected, to generate: testCom.alibaba.fastjson.util.IOUtils.decodeUTF8(byte[], int, int, char[])12
17:56:11.796 | DEBUG | --new testCase collected, to generate: testCom.alibaba.fastjson.util.IOUtils.decodeUTF8(byte[], int, int, char[])13
17:56:11.805 | DEBUG | --new testCase collected, to generate: testCom.alibaba.fastjson.util.IOUtils.decodeUTF8(byte[], int, int, char[])14
17:56:11.920 | DEBUG | --new testCase collected, to generate: testCom.alibaba.fastjson.util.IOUtils.decodeUTF8(byte[], int, int, char[])15
17:56:11.945 | DEBUG | --new testCase collected, to generate: testCom.alibaba.fastjson.util.IOUtils.decodeUTF8(byte[], int, int, char[])16
17:56:11.968 | DEBUG | --new testCase collected, to generate: testCom.alibaba.fastjson.util.IOUtils.decodeUTF8(byte[], int, int, char[])17
17:56:11.994 | DEBUG | --new testCase collected, to generate: testCom.alibaba.fastjson.util.IOUtils.decodeUTF8(byte[], int, int, char[])18
17:56:12.020 | DEBUG | --new testCase collected, to generate: testCom.alibaba.fastjson.util.IOUtils.decodeUTF8(byte[], int, int, char[])19
17:56:12.028 | DEBUG | --new testCase collected, to generate: testCom.alibaba.fastjson.util.IOUtils.decodeUTF8(byte[], int, int, char[])20
17:56:12.070 | DEBUG | --new testCase collected, to generate: testCom.alibaba.fastjson.util.IOUtils.decodeUTF8(byte[], int, int, char[])21
17:56:12.113 | DEBUG | --new testCase collected, to generate: testCom.alibaba.fastjson.util.IOUtils.decodeUTF8(byte[], int, int, char[])22
17:56:12.160 | DEBUG | --new testCase collected, to generate: testCom.alibaba.fastjson.util.IOUtils.decodeUTF8(byte[], int, int, char[])23
17:56:12.184 | DEBUG | --new testCase collected, to generate: testCom.alibaba.fastjson.util.IOUtils.decodeUTF8(byte[], int, int, char[])24
17:56:12.305 | DEBUG | --new testCase collected, to generate: testCom.alibaba.fastjson.util.IOUtils.decodeUTF8(byte[], int, int, char[])25
17:56:12.312 | DEBUG | --new testCase collected, to generate: testCom.alibaba.fastjson.util.IOUtils.decodeUTF8(byte[], int, int, char[])26
17:56:12.354 | DEBUG | --new testCase collected, to generate: testCom.alibaba.fastjson.util.IOUtils.decodeUTF8(byte[], int, int, char[])27
17:56:12.404 | DEBUG | --new testCase collected, to generate: testCom.alibaba.fastjson.util.IOUtils.decodeUTF8(byte[], int, int, char[])28
17:56:12.433 | DEBUG | --new testCase collected, to generate: testCom.alibaba.fastjson.util.IOUtils.decodeUTF8(byte[], int, int, char[])29
17:56:12.443 | DEBUG | --new testCase collected, to generate: testCom.alibaba.fastjson.util.IOUtils.decodeUTF8(byte[], int, int, char[])30
17:56:12.474 | DEBUG | --new testCase collected, to generate: testCom.alibaba.fastjson.util.IOUtils.decodeUTF8(byte[], int, int, char[])31
17:56:12.524 | DEBUG | --new testCase collected, to generate: testCom.alibaba.fastjson.util.IOUtils.decodeUTF8(byte[], int, int, char[])32
17:56:12.550 | DEBUG | --new testCase collected, to generate: testCom.alibaba.fastjson.util.IOUtils.decodeUTF8(byte[], int, int, char[])33
17:56:12.600 | DEBUG | --new testCase collected, to generate: testCom.alibaba.fastjson.util.IOUtils.decodeUTF8(byte[], int, int, char[])34
17:56:12.669 | DEBUG | --new testCase collected, to generate: testCom.alibaba.fastjson.util.IOUtils.decodeUTF8(byte[], int, int, char[])35
17:56:12.770 | DEBUG | --new testCase collected, to generate: testCom.alibaba.fastjson.util.IOUtils.decodeUTF8(byte[], int, int, char[])36
17:56:12.801 | DEBUG | --new testCase collected, to generate: testCom.alibaba.fastjson.util.IOUtils.decodeUTF8(byte[], int, int, char[])37
17:56:12.813 | INFO  | Finished (in 1.544 sec): method com.alibaba.fastjson.util.IOUtils.decodeUTF8(byte[], int, int, char[]) 
<StatsForMethod> :
	#generatedTC=37
	WITH NO EXCEPTIONS
17:56:12.871 | DEBUG |  ... 
17:56:12.871 | INFO  | Started: method com.alibaba.fastjson.util.IOUtils.readAll(Reader)
17:56:12.872 | INFO  |  -- Remaining time budget: 72570 ms, #remaining_methods: 4, budget for method: 18142 ms, solver timeout: 1000 ms, budget for symbolic execution: 16942 ms, budget for concrete execution: 1200 ms,  -- 
17:56:12.878 | DEBUG | --new testCase collected, to generate: testCom.alibaba.fastjson.util.IOUtils.readAll(Reader)1
17:56:12.941 | INFO  | Finished (in 0.070 sec): method com.alibaba.fastjson.util.IOUtils.readAll(Reader) 
<StatsForMethod> :
	#generatedTC=1
	WITH NO EXCEPTIONS
17:56:12.947 | DEBUG |  ... 
17:56:12.948 | INFO  | Started: method com.alibaba.fastjson.util.IOUtils.getStringProperty(String)
17:56:12.948 | INFO  |  -- Remaining time budget: 72493 ms, #remaining_methods: 3, budget for method: 24164 ms, solver timeout: 1000 ms, budget for symbolic execution: 22964 ms, budget for concrete execution: 1200 ms,  -- 
17:56:12.954 | DEBUG | --new testCase collected, to generate: testCom.alibaba.fastjson.util.IOUtils.getStringProperty(String)1
17:56:13.080 | DEBUG | --new testCase collected, to generate: testCom.alibaba.fastjson.util.IOUtils.getStringProperty(String)2
17:56:13.286 | DEBUG | --new testCase collected, to generate: testCom.alibaba.fastjson.util.IOUtils.getStringProperty(String)3
17:56:18.219 | DEBUG | --new testCase collected, to generate: testCom.alibaba.fastjson.util.IOUtils.getStringProperty(String)4
17:56:35.912 | INFO  | |> Starting concrete execution for remaining state: com.alibaba.fastjson.util.IOUtils.getStringProperty(String)
17:56:37.113 | INFO  | (X) Cancelling concrete execution: com.alibaba.fastjson.util.IOUtils.getStringProperty(String)
17:56:37.403 | INFO  | Finished (in 24.455 sec): method com.alibaba.fastjson.util.IOUtils.getStringProperty(String) 
<StatsForMethod> :
	#generatedTC=4
	WITH NO EXCEPTIONS
17:56:37.567 | DEBUG |  ... 
17:56:37.568 | INFO  | Started: method com.alibaba.fastjson.util.IOUtils.loadPropertiesFromFile()
17:56:37.568 | INFO  |  -- Remaining time budget: 47873 ms, #remaining_methods: 2, budget for method: 23936 ms, solver timeout: 1000 ms, budget for symbolic execution: 22736 ms, budget for concrete execution: 1200 ms,  -- 
17:56:37.571 | DEBUG | --new testCase collected, to generate: testCom.alibaba.fastjson.util.IOUtils.loadPropertiesFromFile()1
17:56:37.612 | DEBUG | --new testCase collected, to generate: testCom.alibaba.fastjson.util.IOUtils.loadPropertiesFromFile()2
17:56:37.612 | INFO  | Finished (in 0.044 sec): method com.alibaba.fastjson.util.IOUtils.loadPropertiesFromFile() 
<StatsForMethod> :
	#generatedTC=2
	WITH NO EXCEPTIONS
17:56:37.616 | DEBUG |  ... 
17:56:37.616 | INFO  | Started: method com.alibaba.fastjson.util.IOUtils.<init>()
17:56:37.616 | INFO  |  -- Remaining time budget: 47825 ms, #remaining_methods: 1, budget for method: 47825 ms, solver timeout: 1000 ms, budget for symbolic execution: 46625 ms, budget for concrete execution: 1200 ms,  -- 
17:56:37.620 | DEBUG | --new testCase collected, to generate: testCom.alibaba.fastjson.util.IOUtils.<init>()1
17:56:37.644 | DEBUG | --new testCase collected, to generate: testCom.alibaba.fastjson.util.IOUtils.<init>()2
17:56:37.644 | INFO  | Finished (in 0.027 sec): method com.alibaba.fastjson.util.IOUtils.<init>() 
<StatsForMethod> :
	#generatedTC=2
	WITH NO EXCEPTIONS
17:56:37.650 | INFO  | Started: Flushing tests for [IOUtils] on disk
17:56:37.957 | INFO  | File size for IOUtilsTest: 59 KB
17:56:37.958 | INFO  | Finished (in 0.308 sec): Flushing tests for [IOUtils] on disk 
17:56:37.959 | INFO  | Finished (in 54.488 sec): class com.alibaba.fastjson.util.IOUtils 
<StatsForClass> :
	canceled by timeout = false
	#methods = 19, 
	#methods started symbolic exploration = 19
	#methods with at least one TC = 19
	#methods with exceptions = 0
	#generated TC = 126
	#coverage = null
[READY]
