Started UtBot Contest, classfileDir = /var/benchmarks/projects/fastjson/target/classes, classpathString=/var/benchmarks/projects/fastjson/target/classes:/var/benchmarks/projects/fastjson/target/fastjson-1.2.50-SNAPSHOT.jar:/var/benchmarks/projects/./fastjson/target/dependency/deeptestutils-1.1.0.jar:/var/benchmarks/projects/fastjson/target/dependency/commons-beanutils-1.8.0.jar:/var/benchmarks/projects/fastjson/target/dependency/woodstox-core-asl-4.4.1.jar:/var/benchmarks/projects/fastjson/target/dependency/spring-aop-4.3.7.RELEASE.jar:/var/benchmarks/projects/fastjson/target/dependency/hibernate-core-5.2.10.Final.jar:/var/benchmarks/projects/fastjson/target/dependency/jackson-module-kotlin-2.9.0.jar:/var/benchmarks/projects/fastjson/target/dependency/spring-data-commons-1.13.6.RELEASE.jar:/var/benchmarks/projects/fastjson/target/dependency/javax.annotation-api-1.2.jar:/var/benchmarks/projects/fastjson/target/dependency/gson-2.6.2.jar:/var/benchmarks/projects/fastjson/target/dependency/jetty-continuation-8.1.8.v20121106.jar:/var/benchmarks/projects/fastjson/target/dependency/objenesis-2.5.1.jar:/var/benchmarks/projects/fastjson/target/dependency/powermock-reflect-1.6.6.jar:/var/benchmarks/projects/fastjson/target/dependency/springfox-spring-web-2.6.1.jar:/var/benchmarks/projects/fastjson/target/dependency/javaslang-2.0.6.jar:/var/benchmarks/projects/fastjson/target/dependency/guava-18.0.jar:/var/benchmarks/projects/fastjson/target/dependency/mockito-core-1.10.19.jar:/var/benchmarks/projects/fastjson/target/dependency/json-lib-2.4-jdk15.jar:/var/benchmarks/projects/fastjson/target/dependency/jetty-xml-8.1.8.v20121106.jar:/var/benchmarks/projects/fastjson/target/dependency/xmlschema-core-2.2.1.jar:/var/benchmarks/projects/fastjson/target/dependency/powermock-api-support-1.6.6.jar:/var/benchmarks/projects/fastjson/target/dependency/commons-collections4-4.1.jar:/var/benchmarks/projects/fastjson/target/dependency/cglib-nodep-2.2.2.jar:/var/benchmarks/projects/fastjson/target/dependency/asm-debug-all-5.0.4.jar:/var/benchmarks/projects/fastjson/target/dependency/spring-plugin-core-1.2.0.RELEASE.jar:/var/benchmarks/projects/fastjson/target/dependency/cxf-rt-rs-client-3.1.2.jar:/var/benchmarks/projects/fastjson/target/dependency/jetty-io-8.1.8.v20121106.jar:/var/benchmarks/projects/fastjson/target/dependency/commons-lang3-3.4.jar:/var/benchmarks/projects/fastjson/target/dependency/stax2-api-3.1.4.jar:/var/benchmarks/projects/fastjson/target/dependency/jackson-annotations-2.9.0.jar:/var/benchmarks/projects/fastjson/target/dependency/jetty-server-8.1.8.v20121106.jar:/var/benchmarks/projects/fastjson/target/dependency/json-simple-1.1.1.jar:/var/benchmarks/projects/fastjson/target/dependency/asm-tree-4.0.jar:/var/benchmarks/projects/fastjson/target/dependency/spring-data-commons-core-1.4.1.RELEASE.jar:/var/benchmarks/projects/fastjson/target/dependency/powermock-module-junit4-common-1.6.6.jar:/var/benchmarks/projects/fastjson/target/dependency/jcl-over-slf4j-1.7.25.jar:/var/benchmarks/projects/fastjson/target/dependency/javax.servlet-3.0.0.v201112011016.jar:/var/benchmarks/projects/fastjson/target/dependency/springfox-core-2.6.1.jar:/var/benchmarks/projects/fastjson/target/dependency/osgi-resource-locator-1.0.1.jar:/var/benchmarks/projects/fastjson/target/dependency/javassist-3.18.0-GA.jar:/var/benchmarks/projects/fastjson/target/dependency/kotlin-reflect-1.1.3-2.jar:/var/benchmarks/projects/fastjson/target/dependency/spring-context-support-4.3.10.RELEASE.jar:/var/benchmarks/projects/fastjson/target/dependency/spring-plugin-metadata-1.2.0.RELEASE.jar:/var/benchmarks/projects/fastjson/target/dependency/kotlin-stdlib-1.1.3-2.jar:/var/benchmarks/projects/fastjson/target/dependency/spring-data-keyvalue-1.2.6.RELEASE.jar:/var/benchmarks/projects/fastjson/target/dependency/jersey-container-servlet-core-2.23.2.jar:/var/benchmarks/projects/fastjson/target/dependency/asm-4.0.jar:/var/benchmarks/projects/fastjson/target/dependency/asm-commons-4.0.jar:/var/benchmarks/projects/fastjson/target/dependency/jersey-guava-2.23.2.jar:/var/benchmarks/projects/fastjson/target/dependency/aopalliance-1.0.jar:/var/benchmarks/projects/fastjson/target/dependency/groovy-2.1.5.jar:/var/benchmarks/projects/fastjson/target/dependency/hk2-api-2.5.0-b05.jar:/var/benchmarks/projects/fastjson/target/dependency/jetty-security-8.1.8.v20121106.jar:/var/benchmarks/projects/fastjson/target/dependency/jmh-core-1.21.jar:/var/benchmarks/projects/fastjson/target/dependency/jersey-container-servlet-2.23.2.jar:/var/benchmarks/projects/fastjson/target/dependency/dom4j-1.6.1.jar:/var/benchmarks/projects/fastjson/target/dependency/spring-core-4.3.7.RELEASE.jar:/var/benchmarks/projects/fastjson/target/dependency/spring-data-redis-1.8.6.RELEASE.jar:/var/benchmarks/projects/fastjson/target/dependency/jackson-core-asl-1.9.13.jar:/var/benchmarks/projects/fastjson/target/dependency/jackson-mapper-asl-1.9.13.jar:/var/benchmarks/projects/fastjson/target/dependency/hibernate-jpa-2.1-api-1.0.0.Final.jar:/var/benchmarks/projects/fastjson/target/dependency/junit-4.12.jar:/var/benchmarks/projects/fastjson/target/dependency/commons-io-1.4.jar:/var/benchmarks/projects/fastjson/target/dependency/jetty-util-8.1.8.v20121106.jar:/var/benchmarks/projects/fastjson/target/dependency/hamcrest-core-1.3.jar:/var/benchmarks/projects/fastjson/target/dependency/jmh-generator-annprocess-1.21.jar:/var/benchmarks/projects/fastjson/target/dependency/jackson-jaxrs-base-2.8.7.jar:/var/benchmarks/projects/fastjson/target/dependency/powermock-module-junit4-1.6.6.jar:/var/benchmarks/projects/fastjson/target/dependency/powermock-core-1.6.6.jar:/var/benchmarks/projects/fastjson/target/dependency/slf4j-api-1.7.25.jar:/var/benchmarks/projects/fastjson/target/dependency/antlr-2.7.7.jar:/var/benchmarks/projects/fastjson/target/dependency/mockito-all-1.10.19.jar:/var/benchmarks/projects/fastjson/target/dependency/jersey-container-jdk-http-2.23.2.jar:/var/benchmarks/projects/fastjson/target/dependency/javaslang-match-2.0.6.jar:/var/benchmarks/projects/fastjson/target/dependency/jersey-test-framework-provider-jdk-http-2.23.2.jar:/var/benchmarks/projects/fastjson/target/dependency/jersey-entity-filtering-2.23.2.jar:/var/benchmarks/projects/fastjson/target/dependency/jandex-2.0.3.Final.jar:/var/benchmarks/projects/fastjson/target/dependency/ezmorph-1.0.6.jar:/var/benchmarks/projects/fastjson/target/dependency/jackson-jaxrs-json-provider-2.8.7.jar:/var/benchmarks/projects/fastjson/target/dependency/cxf-rt-transports-http-3.1.2.jar:/var/benchmarks/projects/fastjson/target/dependency/spring-beans-4.3.7.RELEASE.jar:/var/benchmarks/projects/fastjson/target/dependency/jersey-server-2.23.2.jar:/var/benchmarks/projects/fastjson/target/dependency/powermock-api-mockito-1.6.6.jar:/var/benchmarks/projects/fastjson/target/dependency/jackson-module-jaxb-annotations-2.8.7.jar:/var/benchmarks/projects/fastjson/target/dependency/jopt-simple-4.6.jar:/var/benchmarks/projects/fastjson/target/dependency/asm-analysis-4.0.jar:/var/benchmarks/projects/fastjson/target/dependency/annotations-13.0.jar:/var/benchmarks/projects/fastjson/target/dependency/json-path-2.3.0.jar:/var/benchmarks/projects/fastjson/target/dependency/springfox-spi-2.6.1.jar:/var/benchmarks/projects/fastjson/target/dependency/spring-websocket-4.3.7.RELEASE.jar:/var/benchmarks/projects/fastjson/target/dependency/spring-messaging-4.3.7.RELEASE.jar:/var/benchmarks/projects/fastjson/target/dependency/jersey-client-2.23.2.jar:/var/benchmarks/projects/fastjson/target/dependency/javax.ws.rs-api-2.0.1.jar:/var/benchmarks/projects/fastjson/target/dependency/accessors-smart-1.1.jar:/var/benchmarks/projects/fastjson/target/dependency/hibernate-commons-annotations-5.0.1.Final.jar:/var/benchmarks/projects/fastjson/target/dependency/commons-logging-1.1.1.jar:/var/benchmarks/projects/fastjson/target/dependency/jackson-core-2.9.0.jar:/var/benchmarks/projects/fastjson/target/dependency/spring-expression-4.3.7.RELEASE.jar:/var/benchmarks/projects/fastjson/target/dependency/jersey-media-jaxb-2.23.2.jar:/var/benchmarks/projects/fastjson/target/dependency/okhttp-3.6.0.jar:/var/benchmarks/projects/fastjson/target/dependency/commons-math3-3.2.jar:/var/benchmarks/projects/fastjson/target/dependency/jetty-webapp-8.1.8.v20121106.jar:/var/benchmarks/projects/fastjson/target/dependency/javax.inject-2.5.0-b05.jar:/var/benchmarks/projects/fastjson/target/dependency/cxf-core-3.1.2.jar:/var/benchmarks/projects/fastjson/target/dependency/powermock-api-mockito-common-1.6.6.jar:/var/benchmarks/projects/fastjson/target/dependency/jetty-http-8.1.8.v20121106.jar:/var/benchmarks/projects/fastjson/target/dependency/spring-security-config-3.2.10.RELEASE.jar:/var/benchmarks/projects/fastjson/target/dependency/okio-1.11.0.jar:/var/benchmarks/projects/fastjson/target/dependency/javax.servlet-api-3.1.0.jar:/var/benchmarks/projects/fastjson/target/dependency/json-smart-2.2.1.jar:/var/benchmarks/projects/fastjson/target/dependency/spring-tx-4.3.10.RELEASE.jar:/var/benchmarks/projects/fastjson/target/dependency/jackson-module-afterburner-2.9.0.jar:/var/benchmarks/projects/fastjson/target/dependency/asm-util-4.0.jar:/var/benchmarks/projects/fastjson/target/dependency/spring-security-web-4.2.3.RELEASE.jar:/var/benchmarks/projects/fastjson/target/dependency/spring-webmvc-4.3.7.RELEASE.jar:/var/benchmarks/projects/fastjson/target/dependency/hk2-locator-2.5.0-b05.jar:/var/benchmarks/projects/fastjson/target/dependency/retrofit-2.1.0.jar:/var/benchmarks/projects/fastjson/target/dependency/clojure-1.5.1.jar:/var/benchmarks/projects/fastjson/target/dependency/spring-security-oauth2-2.3.3.RELEASE.jar:/var/benchmarks/projects/fastjson/target/dependency/spring-test-4.3.7.RELEASE.jar:/var/benchmarks/projects/fastjson/target/dependency/aopalliance-repackaged-2.5.0-b05.jar:/var/benchmarks/projects/fastjson/target/dependency/spring-oxm-4.3.10.RELEASE.jar:/var/benchmarks/projects/fastjson/target/dependency/spring-security-core-4.2.3.RELEASE.jar:/var/benchmarks/projects/fastjson/target/dependency/jboss-transaction-api_1.2_spec-1.0.1.Final.jar:/var/benchmarks/projects/fastjson/target/dependency/lombok-1.14.4.jar:/var/benchmarks/projects/fastjson/target/dependency/commons-collections-3.2.1.jar:/var/benchmarks/projects/fastjson/target/dependency/cxf-rt-frontend-jaxrs-3.1.2.jar:/var/benchmarks/projects/fastjson/target/dependency/spring-context-4.3.7.RELEASE.jar:/var/benchmarks/projects/fastjson/target/dependency/jersey-test-framework-core-2.23.2.jar:/var/benchmarks/projects/fastjson/target/dependency/classmate-1.3.1.jar:/var/benchmarks/projects/fastjson/target/dependency/hk2-utils-2.5.0-b05.jar:/var/benchmarks/projects/fastjson/target/dependency/jersey-common-2.23.2.jar:/var/benchmarks/projects/fastjson/target/dependency/jackson-databind-2.9.0.jar:/var/benchmarks/projects/fastjson/target/dependency/jersey-media-json-jackson-2.23.2.jar:/var/benchmarks/projects/fastjson/target/dependency/commons-lang-2.5.jar:/var/benchmarks/projects/fastjson/target/dependency/jetty-servlet-8.1.8.v20121106.jar:/var/benchmarks/projects/fastjson/target/dependency/validation-api-1.1.0.Final.jar:/var/benchmarks/projects/fastjson/target/dependency/spring-web-4.3.7.RELEASE.jar:/var/benchmarks/projects/fastjson/target/dependency/jsoniter-0.9.8.jar:/var/benchmarks/projects/fastjson/target/dependency/jboss-logging-3.3.0.Final.jar, outputDir=/home/utbot_mocks/temp/testcases, mocks=Other classes: Mockito
19:25:55.841 | INFO  | Started: warmup: kotlin reflection :: init
19:25:55.941 | INFO  | Finished (in 0.100 sec): warmup: kotlin reflection :: init 
[INIT]
>> [RUN] com.alibaba.fastjson.JSONReader 30
19:25:55.954 | DEBUG | -----------------------------------------------------------------------------
19:25:55.955 | INFO  | Contest.runGeneration: Time budget: 30000 ms, Generation timeout=25500 ms, classpath=/var/benchmarks/projects/fastjson/target/classes:/var/benchmarks/projects/fastjson/target/fastjson-1.2.50-SNAPSHOT.jar:/var/benchmarks/projects/./fastjson/target/dependency/deeptestutils-1.1.0.jar:/var/benchmarks/projects/fastjson/target/dependency/commons-beanutils-1.8.0.jar:/var/benchmarks/projects/fastjson/target/dependency/woodstox-core-asl-4.4.1.jar:/var/benchmarks/projects/fastjson/target/dependency/spring-aop-4.3.7.RELEASE.jar:/var/benchmarks/projects/fastjson/target/dependency/hibernate-core-5.2.10.Final.jar:/var/benchmarks/projects/fastjson/target/dependency/jackson-module-kotlin-2.9.0.jar:/var/benchmarks/projects/fastjson/target/dependency/spring-data-commons-1.13.6.RELEASE.jar:/var/benchmarks/projects/fastjson/target/dependency/javax.annotation-api-1.2.jar:/var/benchmarks/projects/fastjson/target/dependency/gson-2.6.2.jar:/var/benchmarks/projects/fastjson/target/dependency/jetty-continuation-8.1.8.v20121106.jar:/var/benchmarks/projects/fastjson/target/dependency/objenesis-2.5.1.jar:/var/benchmarks/projects/fastjson/target/dependency/powermock-reflect-1.6.6.jar:/var/benchmarks/projects/fastjson/target/dependency/springfox-spring-web-2.6.1.jar:/var/benchmarks/projects/fastjson/target/dependency/javaslang-2.0.6.jar:/var/benchmarks/projects/fastjson/target/dependency/guava-18.0.jar:/var/benchmarks/projects/fastjson/target/dependency/mockito-core-1.10.19.jar:/var/benchmarks/projects/fastjson/target/dependency/json-lib-2.4-jdk15.jar:/var/benchmarks/projects/fastjson/target/dependency/jetty-xml-8.1.8.v20121106.jar:/var/benchmarks/projects/fastjson/target/dependency/xmlschema-core-2.2.1.jar:/var/benchmarks/projects/fastjson/target/dependency/powermock-api-support-1.6.6.jar:/var/benchmarks/projects/fastjson/target/dependency/commons-collections4-4.1.jar:/var/benchmarks/projects/fastjson/target/dependency/cglib-nodep-2.2.2.jar:/var/benchmarks/projects/fastjson/target/dependency/asm-debug-all-5.0.4.jar:/var/benchmarks/projects/fastjson/target/dependency/spring-plugin-core-1.2.0.RELEASE.jar:/var/benchmarks/projects/fastjson/target/dependency/cxf-rt-rs-client-3.1.2.jar:/var/benchmarks/projects/fastjson/target/dependency/jetty-io-8.1.8.v20121106.jar:/var/benchmarks/projects/fastjson/target/dependency/commons-lang3-3.4.jar:/var/benchmarks/projects/fastjson/target/dependency/stax2-api-3.1.4.jar:/var/benchmarks/projects/fastjson/target/dependency/jackson-annotations-2.9.0.jar:/var/benchmarks/projects/fastjson/target/dependency/jetty-server-8.1.8.v20121106.jar:/var/benchmarks/projects/fastjson/target/dependency/json-simple-1.1.1.jar:/var/benchmarks/projects/fastjson/target/dependency/asm-tree-4.0.jar:/var/benchmarks/projects/fastjson/target/dependency/spring-data-commons-core-1.4.1.RELEASE.jar:/var/benchmarks/projects/fastjson/target/dependency/powermock-module-junit4-common-1.6.6.jar:/var/benchmarks/projects/fastjson/target/dependency/jcl-over-slf4j-1.7.25.jar:/var/benchmarks/projects/fastjson/target/dependency/javax.servlet-3.0.0.v201112011016.jar:/var/benchmarks/projects/fastjson/target/dependency/springfox-core-2.6.1.jar:/var/benchmarks/projects/fastjson/target/dependency/osgi-resource-locator-1.0.1.jar:/var/benchmarks/projects/fastjson/target/dependency/javassist-3.18.0-GA.jar:/var/benchmarks/projects/fastjson/target/dependency/kotlin-reflect-1.1.3-2.jar:/var/benchmarks/projects/fastjson/target/dependency/spring-context-support-4.3.10.RELEASE.jar:/var/benchmarks/projects/fastjson/target/dependency/spring-plugin-metadata-1.2.0.RELEASE.jar:/var/benchmarks/projects/fastjson/target/dependency/kotlin-stdlib-1.1.3-2.jar:/var/benchmarks/projects/fastjson/target/dependency/spring-data-keyvalue-1.2.6.RELEASE.jar:/var/benchmarks/projects/fastjson/target/dependency/jersey-container-servlet-core-2.23.2.jar:/var/benchmarks/projects/fastjson/target/dependency/asm-4.0.jar:/var/benchmarks/projects/fastjson/target/dependency/asm-commons-4.0.jar:/var/benchmarks/projects/fastjson/target/dependency/jersey-guava-2.23.2.jar:/var/benchmarks/projects/fastjson/target/dependency/aopalliance-1.0.jar:/var/benchmarks/projects/fastjson/target/dependency/groovy-2.1.5.jar:/var/benchmarks/projects/fastjson/target/dependency/hk2-api-2.5.0-b05.jar:/var/benchmarks/projects/fastjson/target/dependency/jetty-security-8.1.8.v20121106.jar:/var/benchmarks/projects/fastjson/target/dependency/jmh-core-1.21.jar:/var/benchmarks/projects/fastjson/target/dependency/jersey-container-servlet-2.23.2.jar:/var/benchmarks/projects/fastjson/target/dependency/dom4j-1.6.1.jar:/var/benchmarks/projects/fastjson/target/dependency/spring-core-4.3.7.RELEASE.jar:/var/benchmarks/projects/fastjson/target/dependency/spring-data-redis-1.8.6.RELEASE.jar:/var/benchmarks/projects/fastjson/target/dependency/jackson-core-asl-1.9.13.jar:/var/benchmarks/projects/fastjson/target/dependency/jackson-mapper-asl-1.9.13.jar:/var/benchmarks/projects/fastjson/target/dependency/hibernate-jpa-2.1-api-1.0.0.Final.jar:/var/benchmarks/projects/fastjson/target/dependency/junit-4.12.jar:/var/benchmarks/projects/fastjson/target/dependency/commons-io-1.4.jar:/var/benchmarks/projects/fastjson/target/dependency/jetty-util-8.1.8.v20121106.jar:/var/benchmarks/projects/fastjson/target/dependency/hamcrest-core-1.3.jar:/var/benchmarks/projects/fastjson/target/dependency/jmh-generator-annprocess-1.21.jar:/var/benchmarks/projects/fastjson/target/dependency/jackson-jaxrs-base-2.8.7.jar:/var/benchmarks/projects/fastjson/target/dependency/powermock-module-junit4-1.6.6.jar:/var/benchmarks/projects/fastjson/target/dependency/powermock-core-1.6.6.jar:/var/benchmarks/projects/fastjson/target/dependency/slf4j-api-1.7.25.jar:/var/benchmarks/projects/fastjson/target/dependency/antlr-2.7.7.jar:/var/benchmarks/projects/fastjson/target/dependency/mockito-all-1.10.19.jar:/var/benchmarks/projects/fastjson/target/dependency/jersey-container-jdk-http-2.23.2.jar:/var/benchmarks/projects/fastjson/target/dependency/javaslang-match-2.0.6.jar:/var/benchmarks/projects/fastjson/target/dependency/jersey-test-framework-provider-jdk-http-2.23.2.jar:/var/benchmarks/projects/fastjson/target/dependency/jersey-entity-filtering-2.23.2.jar:/var/benchmarks/projects/fastjson/target/dependency/jandex-2.0.3.Final.jar:/var/benchmarks/projects/fastjson/target/dependency/ezmorph-1.0.6.jar:/var/benchmarks/projects/fastjson/target/dependency/jackson-jaxrs-json-provider-2.8.7.jar:/var/benchmarks/projects/fastjson/target/dependency/cxf-rt-transports-http-3.1.2.jar:/var/benchmarks/projects/fastjson/target/dependency/spring-beans-4.3.7.RELEASE.jar:/var/benchmarks/projects/fastjson/target/dependency/jersey-server-2.23.2.jar:/var/benchmarks/projects/fastjson/target/dependency/powermock-api-mockito-1.6.6.jar:/var/benchmarks/projects/fastjson/target/dependency/jackson-module-jaxb-annotations-2.8.7.jar:/var/benchmarks/projects/fastjson/target/dependency/jopt-simple-4.6.jar:/var/benchmarks/projects/fastjson/target/dependency/asm-analysis-4.0.jar:/var/benchmarks/projects/fastjson/target/dependency/annotations-13.0.jar:/var/benchmarks/projects/fastjson/target/dependency/json-path-2.3.0.jar:/var/benchmarks/projects/fastjson/target/dependency/springfox-spi-2.6.1.jar:/var/benchmarks/projects/fastjson/target/dependency/spring-websocket-4.3.7.RELEASE.jar:/var/benchmarks/projects/fastjson/target/dependency/spring-messaging-4.3.7.RELEASE.jar:/var/benchmarks/projects/fastjson/target/dependency/jersey-client-2.23.2.jar:/var/benchmarks/projects/fastjson/target/dependency/javax.ws.rs-api-2.0.1.jar:/var/benchmarks/projects/fastjson/target/dependency/accessors-smart-1.1.jar:/var/benchmarks/projects/fastjson/target/dependency/hibernate-commons-annotations-5.0.1.Final.jar:/var/benchmarks/projects/fastjson/target/dependency/commons-logging-1.1.1.jar:/var/benchmarks/projects/fastjson/target/dependency/jackson-core-2.9.0.jar:/var/benchmarks/projects/fastjson/target/dependency/spring-expression-4.3.7.RELEASE.jar:/var/benchmarks/projects/fastjson/target/dependency/jersey-media-jaxb-2.23.2.jar:/var/benchmarks/projects/fastjson/target/dependency/okhttp-3.6.0.jar:/var/benchmarks/projects/fastjson/target/dependency/commons-math3-3.2.jar:/var/benchmarks/projects/fastjson/target/dependency/jetty-webapp-8.1.8.v20121106.jar:/var/benchmarks/projects/fastjson/target/dependency/javax.inject-2.5.0-b05.jar:/var/benchmarks/projects/fastjson/target/dependency/cxf-core-3.1.2.jar:/var/benchmarks/projects/fastjson/target/dependency/powermock-api-mockito-common-1.6.6.jar:/var/benchmarks/projects/fastjson/target/dependency/jetty-http-8.1.8.v20121106.jar:/var/benchmarks/projects/fastjson/target/dependency/spring-security-config-3.2.10.RELEASE.jar:/var/benchmarks/projects/fastjson/target/dependency/okio-1.11.0.jar:/var/benchmarks/projects/fastjson/target/dependency/javax.servlet-api-3.1.0.jar:/var/benchmarks/projects/fastjson/target/dependency/json-smart-2.2.1.jar:/var/benchmarks/projects/fastjson/target/dependency/spring-tx-4.3.10.RELEASE.jar:/var/benchmarks/projects/fastjson/target/dependency/jackson-module-afterburner-2.9.0.jar:/var/benchmarks/projects/fastjson/target/dependency/asm-util-4.0.jar:/var/benchmarks/projects/fastjson/target/dependency/spring-security-web-4.2.3.RELEASE.jar:/var/benchmarks/projects/fastjson/target/dependency/spring-webmvc-4.3.7.RELEASE.jar:/var/benchmarks/projects/fastjson/target/dependency/hk2-locator-2.5.0-b05.jar:/var/benchmarks/projects/fastjson/target/dependency/retrofit-2.1.0.jar:/var/benchmarks/projects/fastjson/target/dependency/clojure-1.5.1.jar:/var/benchmarks/projects/fastjson/target/dependency/spring-security-oauth2-2.3.3.RELEASE.jar:/var/benchmarks/projects/fastjson/target/dependency/spring-test-4.3.7.RELEASE.jar:/var/benchmarks/projects/fastjson/target/dependency/aopalliance-repackaged-2.5.0-b05.jar:/var/benchmarks/projects/fastjson/target/dependency/spring-oxm-4.3.10.RELEASE.jar:/var/benchmarks/projects/fastjson/target/dependency/spring-security-core-4.2.3.RELEASE.jar:/var/benchmarks/projects/fastjson/target/dependency/jboss-transaction-api_1.2_spec-1.0.1.Final.jar:/var/benchmarks/projects/fastjson/target/dependency/lombok-1.14.4.jar:/var/benchmarks/projects/fastjson/target/dependency/commons-collections-3.2.1.jar:/var/benchmarks/projects/fastjson/target/dependency/cxf-rt-frontend-jaxrs-3.1.2.jar:/var/benchmarks/projects/fastjson/target/dependency/spring-context-4.3.7.RELEASE.jar:/var/benchmarks/projects/fastjson/target/dependency/jersey-test-framework-core-2.23.2.jar:/var/benchmarks/projects/fastjson/target/dependency/classmate-1.3.1.jar:/var/benchmarks/projects/fastjson/target/dependency/hk2-utils-2.5.0-b05.jar:/var/benchmarks/projects/fastjson/target/dependency/jersey-common-2.23.2.jar:/var/benchmarks/projects/fastjson/target/dependency/jackson-databind-2.9.0.jar:/var/benchmarks/projects/fastjson/target/dependency/jersey-media-json-jackson-2.23.2.jar:/var/benchmarks/projects/fastjson/target/dependency/commons-lang-2.5.jar:/var/benchmarks/projects/fastjson/target/dependency/jetty-servlet-8.1.8.v20121106.jar:/var/benchmarks/projects/fastjson/target/dependency/validation-api-1.1.0.Final.jar:/var/benchmarks/projects/fastjson/target/dependency/spring-web-4.3.7.RELEASE.jar:/var/benchmarks/projects/fastjson/target/dependency/jsoniter-0.9.8.jar:/var/benchmarks/projects/fastjson/target/dependency/jboss-logging-3.3.0.Final.jar, methodNameFilter=null
19:25:55.961 | INFO  | ClassUnderTest[ FQN: com.alibaba.fastjson.JSONReader
    classfileDir: /var/benchmarks/projects/fastjson/target/classes
    testClassSimpleName: JSONReaderTest
    generatedTestFile: /home/utbot_mocks/temp/testcases/com/alibaba/fastjson/JSONReaderTest.java
    generatedTestsSourcesDir: /home/utbot_mocks/temp/testcases
]
19:25:55.991 | INFO  | Started: class com.alibaba.fastjson.JSONReader
19:25:55.992 | INFO  | Started: preparation class class com.alibaba.fastjson.JSONReader: kotlin reflection :: run
19:25:56.045 | INFO  | Finished (in 0.052 sec): preparation class class com.alibaba.fastjson.JSONReader: kotlin reflection :: run 
19:25:56.046 | INFO  | Started: 2nd optional soot initialization
19:25:56.047 | INFO  | Finished (in 0.001 sec): 2nd optional soot initialization 
19:25:56.058 | DEBUG |  ... 
19:25:56.078 | INFO  | Started: method com.alibaba.fastjson.JSONReader.close()
19:25:56.079 | INFO  |  -- Remaining time budget: 25397 ms, #remaining_methods: 29, budget for method: 875 ms, solver timeout: 437 ms, budget for symbolic execution: 438 ms, budget for concrete execution: 437 ms,  -- 
19:25:56.511 | INFO  | |> Starting concrete execution for remaining state: com.alibaba.fastjson.JSONReader.close()
19:25:56.530 | DEBUG | --new testCase collected, to generate: testCom.alibaba.fastjson.JSONReader.close()1
19:25:56.726 | DEBUG | --new testCase collected, to generate: testCom.alibaba.fastjson.JSONReader.close()2
19:25:56.727 | INFO  | Finished (in 0.649 sec): method com.alibaba.fastjson.JSONReader.close() 
<StatsForMethod> :
	#generatedTC=2
	WITH NO EXCEPTIONS
19:25:56.728 | DEBUG |  ... 
19:25:56.729 | INFO  | Started: method com.alibaba.fastjson.JSONReader.readString()
19:25:56.729 | INFO  |  -- Remaining time budget: 24731 ms, #remaining_methods: 28, budget for method: 883 ms, solver timeout: 441 ms, budget for symbolic execution: 442 ms, budget for concrete execution: 441 ms,  -- 
19:25:56.738 | DEBUG | --new testCase collected, to generate: testCom.alibaba.fastjson.JSONReader.readString()1
19:25:57.110 | DEBUG | --new testCase collected, to generate: testCom.alibaba.fastjson.JSONReader.readString()2
19:25:57.171 | INFO  | |> Starting concrete execution for remaining state: com.alibaba.fastjson.JSONReader.readString()
19:25:57.741 | INFO  | (X) Cancelling concrete execution: com.alibaba.fastjson.JSONReader.readString()
19:25:57.757 | INFO  | Finished (in 1.028 sec): method com.alibaba.fastjson.JSONReader.readString() 
<StatsForMethod> :
	#generatedTC=2
	WITH NO EXCEPTIONS
19:25:57.763 | DEBUG |  ... 
19:25:57.764 | INFO  | Started: method com.alibaba.fastjson.JSONReader.setLocale(Locale)
19:25:57.764 | INFO  |  -- Remaining time budget: 23697 ms, #remaining_methods: 27, budget for method: 877 ms, solver timeout: 438 ms, budget for symbolic execution: 439 ms, budget for concrete execution: 438 ms,  -- 
19:25:57.782 | DEBUG | --new testCase collected, to generate: testCom.alibaba.fastjson.JSONReader.setLocale(Locale)1
19:25:57.823 | DEBUG | --new testCase collected, to generate: testCom.alibaba.fastjson.JSONReader.setLocale(Locale)2
19:25:57.824 | INFO  | Finished (in 0.059 sec): method com.alibaba.fastjson.JSONReader.setLocale(Locale) 
<StatsForMethod> :
	#generatedTC=2
	WITH NO EXCEPTIONS
19:25:57.825 | DEBUG |  ... 
19:25:57.825 | INFO  | Started: method com.alibaba.fastjson.JSONReader.readLong()
19:25:57.825 | INFO  |  -- Remaining time budget: 23635 ms, #remaining_methods: 26, budget for method: 909 ms, solver timeout: 454 ms, budget for symbolic execution: 455 ms, budget for concrete execution: 454 ms,  -- 
19:25:57.834 | DEBUG | --new testCase collected, to generate: testCom.alibaba.fastjson.JSONReader.readLong()1
19:25:58.100 | DEBUG | --new testCase collected, to generate: testCom.alibaba.fastjson.JSONReader.readLong()2
19:25:58.281 | INFO  | |> Starting concrete execution for remaining state: com.alibaba.fastjson.JSONReader.readLong()
19:25:58.735 | INFO  | (X) Cancelling concrete execution: com.alibaba.fastjson.JSONReader.readLong()
19:25:58.808 | INFO  | Finished (in 0.983 sec): method com.alibaba.fastjson.JSONReader.readLong() 
<StatsForMethod> :
	#generatedTC=2
	WITH NO EXCEPTIONS
19:25:58.822 | DEBUG |  ... 
19:25:58.823 | INFO  | Started: method com.alibaba.fastjson.JSONReader.config(Feature, boolean)
19:25:58.823 | INFO  |  -- Remaining time budget: 22637 ms, #remaining_methods: 25, budget for method: 905 ms, solver timeout: 452 ms, budget for symbolic execution: 453 ms, budget for concrete execution: 452 ms,  -- 
19:25:58.838 | ERROR | Symbolic execution FAILED
com.huawei.utbot.instrumentation.util.ChildProcessError: Error in the child process |> java.lang.IllegalAccessException: Class com.huawei.utbot.framework.concrete.MockValueConstructor can not access a member of class com.alibaba.fastjson.parser.Feature with modifiers "private"
	at sun.reflect.Reflection.ensureMemberAccess(Reflection.java:102)
	at java.lang.reflect.AccessibleObject.slowCheckMemberAccess(AccessibleObject.java:296)
	at java.lang.reflect.AccessibleObject.checkAccess(AccessibleObject.java:288)
	at java.lang.reflect.Constructor.newInstance(Constructor.java:413)
	at com.huawei.utbot.framework.concrete.MockValueConstructor.call(MockValueConstructor.kt:414)
	at com.huawei.utbot.framework.concrete.MockValueConstructor.updateWithExecutableCallModel(MockValueConstructor.kt:353)
	at com.huawei.utbot.framework.concrete.MockValueConstructor.constructFromAssembleModel(MockValueConstructor.kt:332)
	at com.huawei.utbot.framework.concrete.MockValueConstructor.construct(MockValueConstructor.kt:126)
	at com.huawei.utbot.framework.concrete.MockValueConstructor.constructMethodParameters(MockValueConstructor.kt:101)
	at com.huawei.utbot.framework.concrete.UtExecutionInstrumentation.invoke(UtExecutionInstrumentation.kt:126)
	at com.huawei.utbot.framework.concrete.UtExecutionInstrumentation.invoke(UtExecutionInstrumentation.kt:96)
	at com.huawei.utbot.instrumentation.process.ChildProcessKt.loop(ChildProcess.kt:114)
	at com.huawei.utbot.instrumentation.process.ChildProcessKt.main(ChildProcess.kt:76)
	at com.huawei.utbot.instrumentation.process.ChildProcessKt.main(ChildProcess.kt)

	at com.huawei.utbot.instrumentation.ConcreteExecutor.executeAsync(ConcreteExecutor.kt:391) ~[utbot-junit-contest-1.0.jar:?]
	at com.huawei.utbot.instrumentation.ConcreteExecutor$executeAsync$1.invokeSuspend(ConcreteExecutor.kt) ~[utbot-junit-contest-1.0.jar:?]
	at kotlin.coroutines.jvm.internal.BaseContinuationImpl.resumeWith(ContinuationImpl.kt:33) [utbot-junit-contest-1.0.jar:?]
	at kotlinx.coroutines.DispatchedTask.run(DispatchedTask.kt:106) [utbot-junit-contest-1.0.jar:?]
	at java.util.concurrent.Executors$RunnableAdapter.call(Executors.java:511) [?:1.8.0_312]
	at java.util.concurrent.FutureTask.run(FutureTask.java:266) [?:1.8.0_312]
	at java.util.concurrent.ScheduledThreadPoolExecutor$ScheduledFutureTask.access$201(ScheduledThreadPoolExecutor.java:180) [?:1.8.0_312]
	at java.util.concurrent.ScheduledThreadPoolExecutor$ScheduledFutureTask.run(ScheduledThreadPoolExecutor.java:293) [?:1.8.0_312]
	at java.util.concurrent.ThreadPoolExecutor.runWorker(ThreadPoolExecutor.java:1149) [?:1.8.0_312]
	at java.util.concurrent.ThreadPoolExecutor$Worker.run(ThreadPoolExecutor.java:624) [?:1.8.0_312]
	at java.lang.Thread.run(Thread.java:748) [?:1.8.0_312]
19:25:58.872 | DEBUG | --new testCase collected, to generate: testCom.alibaba.fastjson.JSONReader.config(Feature, boolean)1
19:25:58.872 | INFO  | Finished (in 0.049 sec): method com.alibaba.fastjson.JSONReader.config(Feature, boolean) 
<StatsForMethod> :
	#generatedTC=1
	FAILED 1 time(s) with 1 different exception(s)"
19:25:58.873 | DEBUG |  ... 
19:25:58.873 | INFO  | Started: method com.alibaba.fastjson.JSONReader.getLocal()
19:25:58.873 | INFO  |  -- Remaining time budget: 22587 ms, #remaining_methods: 24, budget for method: 941 ms, solver timeout: 470 ms, budget for symbolic execution: 471 ms, budget for concrete execution: 470 ms,  -- 
19:25:58.880 | DEBUG | --new testCase collected, to generate: testCom.alibaba.fastjson.JSONReader.getLocal()1
19:25:58.914 | DEBUG | --new testCase collected, to generate: testCom.alibaba.fastjson.JSONReader.getLocal()2
19:25:58.914 | INFO  | Finished (in 0.041 sec): method com.alibaba.fastjson.JSONReader.getLocal() 
<StatsForMethod> :
	#generatedTC=2
	WITH NO EXCEPTIONS
19:25:58.915 | DEBUG |  ... 
19:25:58.915 | INFO  | Started: method com.alibaba.fastjson.JSONReader.startArray()
19:25:58.915 | INFO  |  -- Remaining time budget: 22545 ms, #remaining_methods: 23, budget for method: 980 ms, solver timeout: 490 ms, budget for symbolic execution: 490 ms, budget for concrete execution: 490 ms,  -- 
19:25:58.922 | DEBUG | --new testCase collected, to generate: testCom.alibaba.fastjson.JSONReader.startArray()1
19:25:59.150 | DEBUG | --new testCase collected, to generate: testCom.alibaba.fastjson.JSONReader.startArray()2
19:25:59.406 | INFO  | |> Starting concrete execution for remaining state: com.alibaba.fastjson.JSONReader.startArray()
19:25:59.423 | DEBUG | --new testCase collected, to generate: testCom.alibaba.fastjson.JSONReader.startArray()3
19:25:59.431 | DEBUG | --new testCase collected, to generate: testCom.alibaba.fastjson.JSONReader.startArray()4
19:25:59.439 | DEBUG | --new testCase collected, to generate: testCom.alibaba.fastjson.JSONReader.startArray()5
19:25:59.503 | DEBUG | --new testCase collected, to generate: testCom.alibaba.fastjson.JSONReader.startArray()6
19:25:59.510 | DEBUG | --new testCase collected, to generate: testCom.alibaba.fastjson.JSONReader.startArray()7
19:25:59.510 | INFO  | Finished (in 0.594 sec): method com.alibaba.fastjson.JSONReader.startArray() 
<StatsForMethod> :
	#generatedTC=7
	WITH NO EXCEPTIONS
19:25:59.549 | DEBUG |  ... 
19:25:59.550 | INFO  | Started: method com.alibaba.fastjson.JSONReader.endObject()
19:25:59.550 | INFO  |  -- Remaining time budget: 21910 ms, #remaining_methods: 22, budget for method: 995 ms, solver timeout: 497 ms, budget for symbolic execution: 498 ms, budget for concrete execution: 497 ms,  -- 
19:25:59.556 | DEBUG | --new testCase collected, to generate: testCom.alibaba.fastjson.JSONReader.endObject()1
19:25:59.701 | DEBUG | --new testCase collected, to generate: testCom.alibaba.fastjson.JSONReader.endObject()2
19:25:59.708 | DEBUG | --new testCase collected, to generate: testCom.alibaba.fastjson.JSONReader.endObject()3
19:25:59.712 | DEBUG | --new testCase collected, to generate: testCom.alibaba.fastjson.JSONReader.endObject()4
19:25:59.717 | DEBUG | --new testCase collected, to generate: testCom.alibaba.fastjson.JSONReader.endObject()5
19:25:59.722 | DEBUG | --new testCase collected, to generate: testCom.alibaba.fastjson.JSONReader.endObject()6
19:25:59.727 | DEBUG | --new testCase collected, to generate: testCom.alibaba.fastjson.JSONReader.endObject()7
19:25:59.727 | INFO  | Finished (in 0.177 sec): method com.alibaba.fastjson.JSONReader.endObject() 
<StatsForMethod> :
	#generatedTC=7
	WITH NO EXCEPTIONS
19:25:59.742 | DEBUG |  ... 
19:25:59.742 | INFO  | Started: method com.alibaba.fastjson.JSONReader.getTimzeZone()
19:25:59.742 | INFO  |  -- Remaining time budget: 21718 ms, #remaining_methods: 21, budget for method: 1034 ms, solver timeout: 517 ms, budget for symbolic execution: 517 ms, budget for concrete execution: 517 ms,  -- 
19:25:59.748 | DEBUG | --new testCase collected, to generate: testCom.alibaba.fastjson.JSONReader.getTimzeZone()1
19:25:59.779 | DEBUG | --new testCase collected, to generate: testCom.alibaba.fastjson.JSONReader.getTimzeZone()2
19:25:59.780 | INFO  | Finished (in 0.037 sec): method com.alibaba.fastjson.JSONReader.getTimzeZone() 
<StatsForMethod> :
	#generatedTC=2
	WITH NO EXCEPTIONS
19:25:59.780 | DEBUG |  ... 
19:25:59.780 | INFO  | Started: method com.alibaba.fastjson.JSONReader.startObject()
19:25:59.781 | INFO  |  -- Remaining time budget: 21680 ms, #remaining_methods: 20, budget for method: 1084 ms, solver timeout: 542 ms, budget for symbolic execution: 542 ms, budget for concrete execution: 542 ms,  -- 
19:25:59.786 | DEBUG | --new testCase collected, to generate: testCom.alibaba.fastjson.JSONReader.startObject()1
19:26:00.014 | DEBUG | --new testCase collected, to generate: testCom.alibaba.fastjson.JSONReader.startObject()2
19:26:00.213 | DEBUG | --new testCase collected, to generate: testCom.alibaba.fastjson.JSONReader.startObject()3
19:26:00.221 | DEBUG | --new testCase collected, to generate: testCom.alibaba.fastjson.JSONReader.startObject()4
19:26:00.228 | DEBUG | --new testCase collected, to generate: testCom.alibaba.fastjson.JSONReader.startObject()5
19:26:00.288 | DEBUG | --new testCase collected, to generate: testCom.alibaba.fastjson.JSONReader.startObject()6
19:26:00.297 | DEBUG | --new testCase collected, to generate: testCom.alibaba.fastjson.JSONReader.startObject()7
19:26:00.297 | INFO  | Finished (in 0.517 sec): method com.alibaba.fastjson.JSONReader.startObject() 
<StatsForMethod> :
	#generatedTC=7
	WITH NO EXCEPTIONS
19:26:00.337 | DEBUG |  ... 
19:26:00.338 | INFO  | Started: method com.alibaba.fastjson.JSONReader.setTimzeZone(TimeZone)
19:26:00.338 | INFO  |  -- Remaining time budget: 21122 ms, #remaining_methods: 19, budget for method: 1111 ms, solver timeout: 555 ms, budget for symbolic execution: 556 ms, budget for concrete execution: 555 ms,  -- 
19:26:00.345 | DEBUG | --new testCase collected, to generate: testCom.alibaba.fastjson.JSONReader.setTimzeZone(TimeZone)1
19:26:00.385 | DEBUG | --new testCase collected, to generate: testCom.alibaba.fastjson.JSONReader.setTimzeZone(TimeZone)2
19:26:00.386 | INFO  | Finished (in 0.047 sec): method com.alibaba.fastjson.JSONReader.setTimzeZone(TimeZone) 
<StatsForMethod> :
	#generatedTC=2
	WITH NO EXCEPTIONS
19:26:00.387 | DEBUG |  ... 
19:26:00.387 | INFO  | Started: method com.alibaba.fastjson.JSONReader.endArray()
19:26:00.387 | INFO  |  -- Remaining time budget: 21073 ms, #remaining_methods: 18, budget for method: 1170 ms, solver timeout: 585 ms, budget for symbolic execution: 585 ms, budget for concrete execution: 585 ms,  -- 
19:26:00.394 | DEBUG | --new testCase collected, to generate: testCom.alibaba.fastjson.JSONReader.endArray()1
19:26:00.521 | DEBUG | --new testCase collected, to generate: testCom.alibaba.fastjson.JSONReader.endArray()2
19:26:00.525 | DEBUG | --new testCase collected, to generate: testCom.alibaba.fastjson.JSONReader.endArray()3
19:26:00.527 | DEBUG | --new testCase collected, to generate: testCom.alibaba.fastjson.JSONReader.endArray()4
19:26:00.530 | DEBUG | --new testCase collected, to generate: testCom.alibaba.fastjson.JSONReader.endArray()5
19:26:00.532 | DEBUG | --new testCase collected, to generate: testCom.alibaba.fastjson.JSONReader.endArray()6
19:26:00.535 | DEBUG | --new testCase collected, to generate: testCom.alibaba.fastjson.JSONReader.endArray()7
19:26:00.535 | INFO  | Finished (in 0.148 sec): method com.alibaba.fastjson.JSONReader.endArray() 
<StatsForMethod> :
	#generatedTC=7
	WITH NO EXCEPTIONS
19:26:00.548 | DEBUG |  ... 
19:26:00.548 | INFO  | Started: method com.alibaba.fastjson.JSONReader.startStructure()
19:26:00.548 | INFO  |  -- Remaining time budget: 20912 ms, #remaining_methods: 17, budget for method: 1230 ms, solver timeout: 615 ms, budget for symbolic execution: 615 ms, budget for concrete execution: 615 ms,  -- 
19:26:00.554 | DEBUG | --new testCase collected, to generate: testCom.alibaba.fastjson.JSONReader.startStructure()1
19:26:00.585 | DEBUG | --new testCase collected, to generate: testCom.alibaba.fastjson.JSONReader.startStructure()2
19:26:00.653 | DEBUG | --new testCase collected, to generate: testCom.alibaba.fastjson.JSONReader.startStructure()3
19:26:00.672 | DEBUG | --new testCase collected, to generate: testCom.alibaba.fastjson.JSONReader.startStructure()4
19:26:00.678 | DEBUG | --new testCase collected, to generate: testCom.alibaba.fastjson.JSONReader.startStructure()5
19:26:00.685 | DEBUG | --new testCase collected, to generate: testCom.alibaba.fastjson.JSONReader.startStructure()6
19:26:00.707 | DEBUG | --new testCase collected, to generate: testCom.alibaba.fastjson.JSONReader.startStructure()7
19:26:00.714 | DEBUG | --new testCase collected, to generate: testCom.alibaba.fastjson.JSONReader.startStructure()8
19:26:00.715 | INFO  | Finished (in 0.166 sec): method com.alibaba.fastjson.JSONReader.startStructure() 
<StatsForMethod> :
	#generatedTC=8
	WITH NO EXCEPTIONS
19:26:00.716 | DEBUG |  ... 
19:26:00.717 | INFO  | Started: method com.alibaba.fastjson.JSONReader.endStructure()
19:26:00.717 | INFO  |  -- Remaining time budget: 20744 ms, #remaining_methods: 16, budget for method: 1296 ms, solver timeout: 648 ms, budget for symbolic execution: 648 ms, budget for concrete execution: 648 ms,  -- 
19:26:00.721 | DEBUG | --new testCase collected, to generate: testCom.alibaba.fastjson.JSONReader.endStructure()1
19:26:00.749 | DEBUG | --new testCase collected, to generate: testCom.alibaba.fastjson.JSONReader.endStructure()2
19:26:00.821 | DEBUG | --new testCase collected, to generate: testCom.alibaba.fastjson.JSONReader.endStructure()3
19:26:00.824 | DEBUG | --new testCase collected, to generate: testCom.alibaba.fastjson.JSONReader.endStructure()4
19:26:00.828 | DEBUG | --new testCase collected, to generate: testCom.alibaba.fastjson.JSONReader.endStructure()5
19:26:00.833 | DEBUG | --new testCase collected, to generate: testCom.alibaba.fastjson.JSONReader.endStructure()6
19:26:00.838 | DEBUG | --new testCase collected, to generate: testCom.alibaba.fastjson.JSONReader.endStructure()7
19:26:00.838 | INFO  | Finished (in 0.121 sec): method com.alibaba.fastjson.JSONReader.endStructure() 
<StatsForMethod> :
	#generatedTC=7
	WITH NO EXCEPTIONS
19:26:00.840 | DEBUG |  ... 
19:26:00.840 | INFO  | Started: method com.alibaba.fastjson.JSONReader.readInteger()
19:26:00.840 | INFO  |  -- Remaining time budget: 20620 ms, #remaining_methods: 15, budget for method: 1374 ms, solver timeout: 687 ms, budget for symbolic execution: 687 ms, budget for concrete execution: 687 ms,  -- 
19:26:00.844 | DEBUG | --new testCase collected, to generate: testCom.alibaba.fastjson.JSONReader.readInteger()1
19:26:01.117 | DEBUG | --new testCase collected, to generate: testCom.alibaba.fastjson.JSONReader.readInteger()2
19:26:01.527 | INFO  | |> Starting concrete execution for remaining state: com.alibaba.fastjson.JSONReader.readInteger()
19:26:01.648 | DEBUG | --new testCase collected, to generate: testCom.alibaba.fastjson.JSONReader.readInteger()3
19:26:01.709 | DEBUG | --new testCase collected, to generate: testCom.alibaba.fastjson.JSONReader.readInteger()4
19:26:02.046 | DEBUG | --new testCase collected, to generate: testCom.alibaba.fastjson.JSONReader.readInteger()5
19:26:02.183 | DEBUG | --new testCase collected, to generate: testCom.alibaba.fastjson.JSONReader.readInteger()6
19:26:02.215 | INFO  | (X) Cancelling concrete execution: com.alibaba.fastjson.JSONReader.readInteger()
19:26:02.329 | INFO  | Finished (in 1.489 sec): method com.alibaba.fastjson.JSONReader.readInteger() 
<StatsForMethod> :
	#generatedTC=6
	WITH NO EXCEPTIONS
19:26:02.360 | DEBUG |  ... 
19:26:02.360 | INFO  | Started: method com.alibaba.fastjson.JSONReader.readBefore()
19:26:02.360 | INFO  |  -- Remaining time budget: 19100 ms, #remaining_methods: 14, budget for method: 1364 ms, solver timeout: 682 ms, budget for symbolic execution: 682 ms, budget for concrete execution: 682 ms,  -- 
19:26:02.364 | DEBUG | --new testCase collected, to generate: testCom.alibaba.fastjson.JSONReader.readBefore()1
19:26:02.390 | DEBUG | --new testCase collected, to generate: testCom.alibaba.fastjson.JSONReader.readBefore()2
19:26:02.455 | DEBUG | --new testCase collected, to generate: testCom.alibaba.fastjson.JSONReader.readBefore()3
19:26:02.473 | DEBUG | --new testCase collected, to generate: testCom.alibaba.fastjson.JSONReader.readBefore()4
19:26:02.479 | DEBUG | --new testCase collected, to generate: testCom.alibaba.fastjson.JSONReader.readBefore()5
19:26:02.485 | DEBUG | --new testCase collected, to generate: testCom.alibaba.fastjson.JSONReader.readBefore()6
19:26:02.507 | DEBUG | --new testCase collected, to generate: testCom.alibaba.fastjson.JSONReader.readBefore()7
19:26:02.513 | DEBUG | --new testCase collected, to generate: testCom.alibaba.fastjson.JSONReader.readBefore()8
19:26:02.514 | INFO  | Finished (in 0.153 sec): method com.alibaba.fastjson.JSONReader.readBefore() 
<StatsForMethod> :
	#generatedTC=8
	WITH NO EXCEPTIONS
19:26:02.515 | DEBUG |  ... 
19:26:02.515 | INFO  | Started: method com.alibaba.fastjson.JSONReader.readAfter()
19:26:02.516 | INFO  |  -- Remaining time budget: 18945 ms, #remaining_methods: 13, budget for method: 1457 ms, solver timeout: 728 ms, budget for symbolic execution: 729 ms, budget for concrete execution: 728 ms,  -- 
19:26:02.521 | DEBUG | --new testCase collected, to generate: testCom.alibaba.fastjson.JSONReader.readAfter()1
19:26:02.549 | DEBUG | --new testCase collected, to generate: testCom.alibaba.fastjson.JSONReader.readAfter()2
19:26:02.635 | DEBUG | --new testCase collected, to generate: testCom.alibaba.fastjson.JSONReader.readAfter()3
19:26:02.643 | DEBUG | --new testCase collected, to generate: testCom.alibaba.fastjson.JSONReader.readAfter()4
19:26:02.665 | DEBUG | --new testCase collected, to generate: testCom.alibaba.fastjson.JSONReader.readAfter()5
19:26:02.670 | DEBUG | --new testCase collected, to generate: testCom.alibaba.fastjson.JSONReader.readAfter()6
19:26:02.678 | DEBUG | --new testCase collected, to generate: testCom.alibaba.fastjson.JSONReader.readAfter()7
19:26:02.683 | DEBUG | --new testCase collected, to generate: testCom.alibaba.fastjson.JSONReader.readAfter()8
19:26:02.683 | INFO  | Finished (in 0.168 sec): method com.alibaba.fastjson.JSONReader.readAfter() 
<StatsForMethod> :
	#generatedTC=8
	WITH NO EXCEPTIONS
19:26:02.685 | DEBUG |  ... 
19:26:02.685 | INFO  | Started: method com.alibaba.fastjson.JSONReader.hasNext()
19:26:02.686 | INFO  |  -- Remaining time budget: 18775 ms, #remaining_methods: 12, budget for method: 1564 ms, solver timeout: 782 ms, budget for symbolic execution: 782 ms, budget for concrete execution: 782 ms,  -- 
19:26:02.691 | DEBUG | --new testCase collected, to generate: testCom.alibaba.fastjson.JSONReader.hasNext()1
19:26:02.733 | DEBUG | --new testCase collected, to generate: testCom.alibaba.fastjson.JSONReader.hasNext()2
19:26:02.792 | DEBUG | --new testCase collected, to generate: testCom.alibaba.fastjson.JSONReader.hasNext()3
19:26:02.815 | DEBUG | --new testCase collected, to generate: testCom.alibaba.fastjson.JSONReader.hasNext()4
19:26:02.821 | DEBUG | --new testCase collected, to generate: testCom.alibaba.fastjson.JSONReader.hasNext()5
19:26:02.823 | DEBUG | --new testCase collected, to generate: testCom.alibaba.fastjson.JSONReader.hasNext()6
19:26:02.847 | DEBUG | --new testCase collected, to generate: testCom.alibaba.fastjson.JSONReader.hasNext()7
19:26:02.852 | DEBUG | --new testCase collected, to generate: testCom.alibaba.fastjson.JSONReader.hasNext()8
19:26:02.857 | INFO  | Finished (in 0.171 sec): method com.alibaba.fastjson.JSONReader.hasNext() 
<StatsForMethod> :
	#generatedTC=8
	WITH NO EXCEPTIONS
19:26:02.858 | DEBUG |  ... 
19:26:02.859 | INFO  | Started: method com.alibaba.fastjson.JSONReader.readObject(Object)
19:26:02.859 | INFO  |  -- Remaining time budget: 18602 ms, #remaining_methods: 11, budget for method: 1691 ms, solver timeout: 845 ms, budget for symbolic execution: 846 ms, budget for concrete execution: 845 ms,  -- 
19:26:02.865 | DEBUG | --new testCase collected, to generate: testCom.alibaba.fastjson.JSONReader.readObject(Object)1
19:26:03.291 | DEBUG | --new testCase collected, to generate: testCom.alibaba.fastjson.JSONReader.readObject(Object)2
19:26:03.705 | INFO  | |> Starting concrete execution for remaining state: com.alibaba.fastjson.JSONReader.readObject(Object)
19:26:04.491 | DEBUG | --new testCase collected, to generate: testCom.alibaba.fastjson.JSONReader.readObject(Object)3
19:26:04.551 | INFO  | (X) Cancelling concrete execution: com.alibaba.fastjson.JSONReader.readObject(Object)
19:26:04.650 | INFO  | Finished (in 1.791 sec): method com.alibaba.fastjson.JSONReader.readObject(Object) 
<StatsForMethod> :
	#generatedTC=3
	WITH NO EXCEPTIONS
19:26:04.686 | DEBUG |  ... 
19:26:04.686 | INFO  | Started: method com.alibaba.fastjson.JSONReader.readObject()
19:26:04.686 | INFO  |  -- Remaining time budget: 16774 ms, #remaining_methods: 10, budget for method: 1677 ms, solver timeout: 838 ms, budget for symbolic execution: 839 ms, budget for concrete execution: 838 ms,  -- 
19:26:04.690 | DEBUG | --new testCase collected, to generate: testCom.alibaba.fastjson.JSONReader.readObject()1
19:26:04.944 | DEBUG | --new testCase collected, to generate: testCom.alibaba.fastjson.JSONReader.readObject()2
19:26:05.525 | INFO  | |> Starting concrete execution for remaining state: com.alibaba.fastjson.JSONReader.readObject()
19:26:05.731 | DEBUG | --new testCase collected, to generate: testCom.alibaba.fastjson.JSONReader.readObject()3
19:26:05.886 | DEBUG | --new testCase collected, to generate: testCom.alibaba.fastjson.JSONReader.readObject()4
19:26:06.036 | DEBUG | --new testCase collected, to generate: testCom.alibaba.fastjson.JSONReader.readObject()5
19:26:06.061 | DEBUG | --new testCase collected, to generate: testCom.alibaba.fastjson.JSONReader.readObject()6
19:26:06.218 | DEBUG | --new testCase collected, to generate: testCom.alibaba.fastjson.JSONReader.readObject()7
19:26:06.364 | INFO  | (X) Cancelling concrete execution: com.alibaba.fastjson.JSONReader.readObject()
19:26:06.374 | INFO  | Finished (in 1.688 sec): method com.alibaba.fastjson.JSONReader.readObject() 
<StatsForMethod> :
	#generatedTC=7
	WITH NO EXCEPTIONS
19:26:06.415 | DEBUG |  ... 
19:26:06.416 | INFO  | Started: method com.alibaba.fastjson.JSONReader.readObject(Map)
19:26:06.416 | INFO  |  -- Remaining time budget: 15044 ms, #remaining_methods: 9, budget for method: 1671 ms, solver timeout: 835 ms, budget for symbolic execution: 836 ms, budget for concrete execution: 835 ms,  -- 
19:26:06.420 | DEBUG | --new testCase collected, to generate: testCom.alibaba.fastjson.JSONReader.readObject(Map)1
19:26:06.866 | DEBUG | --new testCase collected, to generate: testCom.alibaba.fastjson.JSONReader.readObject(Map)2
19:26:07.252 | INFO  | |> Starting concrete execution for remaining state: com.alibaba.fastjson.JSONReader.readObject(Map)
19:26:08.079 | DEBUG | --new testCase collected, to generate: testCom.alibaba.fastjson.JSONReader.readObject(Map)3
19:26:08.088 | INFO  | (X) Cancelling concrete execution: com.alibaba.fastjson.JSONReader.readObject(Map)
19:26:08.216 | INFO  | Finished (in 1.800 sec): method com.alibaba.fastjson.JSONReader.readObject(Map) 
<StatsForMethod> :
	#generatedTC=3
	WITH NO EXCEPTIONS
19:26:08.254 | DEBUG |  ... 
19:26:08.255 | INFO  | Started: method com.alibaba.fastjson.JSONReader.readObject(Type)
19:26:08.255 | INFO  |  -- Remaining time budget: 13206 ms, #remaining_methods: 8, budget for method: 1650 ms, solver timeout: 825 ms, budget for symbolic execution: 825 ms, budget for concrete execution: 825 ms,  -- 
19:26:08.259 | DEBUG | --new testCase collected, to generate: testCom.alibaba.fastjson.JSONReader.readObject(Type)1
19:26:08.542 | DEBUG | --new testCase collected, to generate: testCom.alibaba.fastjson.JSONReader.readObject(Type)2
19:26:09.064 | DEBUG | --new testCase collected, to generate: testCom.alibaba.fastjson.JSONReader.readObject(Type)3
19:26:09.080 | INFO  | |> Starting concrete execution for remaining state: com.alibaba.fastjson.JSONReader.readObject(Type)
19:26:09.285 | DEBUG | --new testCase collected, to generate: testCom.alibaba.fastjson.JSONReader.readObject(Type)4
19:26:09.504 | DEBUG | --new testCase collected, to generate: testCom.alibaba.fastjson.JSONReader.readObject(Type)5
19:26:09.672 | DEBUG | --new testCase collected, to generate: testCom.alibaba.fastjson.JSONReader.readObject(Type)6
19:26:09.826 | DEBUG | --new testCase collected, to generate: testCom.alibaba.fastjson.JSONReader.readObject(Type)7
19:26:09.906 | INFO  | (X) Cancelling concrete execution: com.alibaba.fastjson.JSONReader.readObject(Type)
19:26:09.980 | INFO  | Finished (in 1.725 sec): method com.alibaba.fastjson.JSONReader.readObject(Type) 
<StatsForMethod> :
	#generatedTC=7
	WITH NO EXCEPTIONS
19:26:10.019 | DEBUG |  ... 
19:26:10.020 | INFO  | Started: method com.alibaba.fastjson.JSONReader.readObject(TypeReference)
19:26:10.020 | INFO  |  -- Remaining time budget: 11441 ms, #remaining_methods: 7, budget for method: 1634 ms, solver timeout: 817 ms, budget for symbolic execution: 817 ms, budget for concrete execution: 817 ms,  -- 
19:26:10.025 | ERROR | Symbolic execution FAILED
com.huawei.utbot.instrumentation.util.ChildProcessError: Error in the child process |> java.lang.IllegalAccessException: Class com.huawei.utbot.framework.concrete.MockValueConstructor can not access a member of class com.alibaba.fastjson.TypeReference with modifiers "protected"
	at sun.reflect.Reflection.ensureMemberAccess(Reflection.java:102)
	at java.lang.reflect.AccessibleObject.slowCheckMemberAccess(AccessibleObject.java:296)
	at java.lang.reflect.AccessibleObject.checkAccess(AccessibleObject.java:288)
	at java.lang.reflect.Constructor.newInstance(Constructor.java:413)
	at com.huawei.utbot.framework.concrete.MockValueConstructor.call(MockValueConstructor.kt:414)
	at com.huawei.utbot.framework.concrete.MockValueConstructor.updateWithExecutableCallModel(MockValueConstructor.kt:353)
	at com.huawei.utbot.framework.concrete.MockValueConstructor.constructFromAssembleModel(MockValueConstructor.kt:332)
	at com.huawei.utbot.framework.concrete.MockValueConstructor.construct(MockValueConstructor.kt:126)
	at com.huawei.utbot.framework.concrete.MockValueConstructor.constructMethodParameters(MockValueConstructor.kt:101)
	at com.huawei.utbot.framework.concrete.UtExecutionInstrumentation.invoke(UtExecutionInstrumentation.kt:126)
	at com.huawei.utbot.framework.concrete.UtExecutionInstrumentation.invoke(UtExecutionInstrumentation.kt:96)
	at com.huawei.utbot.instrumentation.process.ChildProcessKt.loop(ChildProcess.kt:114)
	at com.huawei.utbot.instrumentation.process.ChildProcessKt.main(ChildProcess.kt:76)
	at com.huawei.utbot.instrumentation.process.ChildProcessKt.main(ChildProcess.kt)

	at com.huawei.utbot.instrumentation.ConcreteExecutor.executeAsync(ConcreteExecutor.kt:391) ~[utbot-junit-contest-1.0.jar:?]
	at com.huawei.utbot.instrumentation.ConcreteExecutor$executeAsync$1.invokeSuspend(ConcreteExecutor.kt) ~[utbot-junit-contest-1.0.jar:?]
	at kotlin.coroutines.jvm.internal.BaseContinuationImpl.resumeWith(ContinuationImpl.kt:33) [utbot-junit-contest-1.0.jar:?]
	at kotlinx.coroutines.DispatchedTask.run(DispatchedTask.kt:106) [utbot-junit-contest-1.0.jar:?]
	at java.util.concurrent.Executors$RunnableAdapter.call(Executors.java:511) [?:1.8.0_312]
	at java.util.concurrent.FutureTask.run(FutureTask.java:266) [?:1.8.0_312]
	at java.util.concurrent.ScheduledThreadPoolExecutor$ScheduledFutureTask.access$201(ScheduledThreadPoolExecutor.java:180) [?:1.8.0_312]
	at java.util.concurrent.ScheduledThreadPoolExecutor$ScheduledFutureTask.run(ScheduledThreadPoolExecutor.java:293) [?:1.8.0_312]
	at java.util.concurrent.ThreadPoolExecutor.runWorker(ThreadPoolExecutor.java:1149) [?:1.8.0_312]
	at java.util.concurrent.ThreadPoolExecutor$Worker.run(ThreadPoolExecutor.java:624) [?:1.8.0_312]
	at java.lang.Thread.run(Thread.java:748) [?:1.8.0_312]
19:26:10.113 | DEBUG | --new testCase collected, to generate: testCom.alibaba.fastjson.JSONReader.readObject(TypeReference)1
19:26:10.837 | INFO  | |> Starting concrete execution for remaining state: com.alibaba.fastjson.JSONReader.readObject(TypeReference)
19:26:11.181 | DEBUG | --new testCase collected, to generate: testCom.alibaba.fastjson.JSONReader.readObject(TypeReference)2
19:26:11.359 | DEBUG | --new testCase collected, to generate: testCom.alibaba.fastjson.JSONReader.readObject(TypeReference)3
19:26:11.533 | DEBUG | --new testCase collected, to generate: testCom.alibaba.fastjson.JSONReader.readObject(TypeReference)4
19:26:11.655 | INFO  | (X) Cancelling concrete execution: com.alibaba.fastjson.JSONReader.readObject(TypeReference)
19:26:11.704 | INFO  | Finished (in 1.684 sec): method com.alibaba.fastjson.JSONReader.readObject(TypeReference) 
<StatsForMethod> :
	#generatedTC=4
	FAILED 1 time(s) with 1 different exception(s)"
19:26:11.748 | DEBUG |  ... 
19:26:11.748 | INFO  | Started: method com.alibaba.fastjson.JSONReader.readObject(Class)
19:26:11.748 | INFO  |  -- Remaining time budget: 9712 ms, #remaining_methods: 6, budget for method: 1618 ms, solver timeout: 809 ms, budget for symbolic execution: 809 ms, budget for concrete execution: 809 ms,  -- 
19:26:11.752 | ERROR | Symbolic execution FAILED
com.huawei.utbot.instrumentation.util.ChildProcessError: Error in the child process |> java.lang.IllegalAccessException: java.lang.Class
	at sun.misc.Unsafe.allocateInstance(Native Method)
	at com.huawei.utbot.framework.util.EngineUtilsKt.getAnyInstance(EngineUtils.kt:61)
	at com.huawei.utbot.framework.concrete.MockValueConstructor.constructObject(MockValueConstructor.kt:158)
	at com.huawei.utbot.framework.concrete.MockValueConstructor.construct(MockValueConstructor.kt:124)
	at com.huawei.utbot.framework.concrete.MockValueConstructor.constructMethodParameters(MockValueConstructor.kt:101)
	at com.huawei.utbot.framework.concrete.UtExecutionInstrumentation.invoke(UtExecutionInstrumentation.kt:126)
	at com.huawei.utbot.framework.concrete.UtExecutionInstrumentation.invoke(UtExecutionInstrumentation.kt:96)
	at com.huawei.utbot.instrumentation.process.ChildProcessKt.loop(ChildProcess.kt:114)
	at com.huawei.utbot.instrumentation.process.ChildProcessKt.main(ChildProcess.kt:76)
	at com.huawei.utbot.instrumentation.process.ChildProcessKt.main(ChildProcess.kt)

	at com.huawei.utbot.instrumentation.ConcreteExecutor.executeAsync(ConcreteExecutor.kt:391) ~[utbot-junit-contest-1.0.jar:?]
	at com.huawei.utbot.instrumentation.ConcreteExecutor$executeAsync$1.invokeSuspend(ConcreteExecutor.kt) ~[utbot-junit-contest-1.0.jar:?]
	at kotlin.coroutines.jvm.internal.BaseContinuationImpl.resumeWith(ContinuationImpl.kt:33) [utbot-junit-contest-1.0.jar:?]
	at kotlinx.coroutines.DispatchedTask.run(DispatchedTask.kt:106) [utbot-junit-contest-1.0.jar:?]
	at java.util.concurrent.Executors$RunnableAdapter.call(Executors.java:511) [?:1.8.0_312]
	at java.util.concurrent.FutureTask.run(FutureTask.java:266) [?:1.8.0_312]
	at java.util.concurrent.ScheduledThreadPoolExecutor$ScheduledFutureTask.access$201(ScheduledThreadPoolExecutor.java:180) [?:1.8.0_312]
	at java.util.concurrent.ScheduledThreadPoolExecutor$ScheduledFutureTask.run(ScheduledThreadPoolExecutor.java:293) [?:1.8.0_312]
	at java.util.concurrent.ThreadPoolExecutor.runWorker(ThreadPoolExecutor.java:1149) [?:1.8.0_312]
	at java.util.concurrent.ThreadPoolExecutor$Worker.run(ThreadPoolExecutor.java:624) [?:1.8.0_312]
	at java.lang.Thread.run(Thread.java:748) [?:1.8.0_312]
19:26:12.042 | DEBUG | --new testCase collected, to generate: testCom.alibaba.fastjson.JSONReader.readObject(Class)1
19:26:12.558 | INFO  | |> Starting concrete execution for remaining state: com.alibaba.fastjson.JSONReader.readObject(Class)
19:26:12.563 | DEBUG | --new testCase collected, to generate: testCom.alibaba.fastjson.JSONReader.readObject(Class)2
19:26:12.784 | DEBUG | --new testCase collected, to generate: testCom.alibaba.fastjson.JSONReader.readObject(Class)3
19:26:13.004 | DEBUG | --new testCase collected, to generate: testCom.alibaba.fastjson.JSONReader.readObject(Class)4
19:26:13.165 | DEBUG | --new testCase collected, to generate: testCom.alibaba.fastjson.JSONReader.readObject(Class)5
19:26:13.316 | DEBUG | --new testCase collected, to generate: testCom.alibaba.fastjson.JSONReader.readObject(Class)6
19:26:13.367 | INFO  | (X) Cancelling concrete execution: com.alibaba.fastjson.JSONReader.readObject(Class)
19:26:13.469 | INFO  | Finished (in 1.720 sec): method com.alibaba.fastjson.JSONReader.readObject(Class) 
<StatsForMethod> :
	#generatedTC=6
	FAILED 1 time(s) with 1 different exception(s)"
19:26:13.507 | DEBUG |  ... 
19:26:13.508 | INFO  | Started: method com.alibaba.fastjson.JSONReader.peek()
19:26:13.508 | INFO  |  -- Remaining time budget: 7952 ms, #remaining_methods: 5, budget for method: 1590 ms, solver timeout: 795 ms, budget for symbolic execution: 795 ms, budget for concrete execution: 795 ms,  -- 
19:26:13.511 | DEBUG | --new testCase collected, to generate: testCom.alibaba.fastjson.JSONReader.peek()1
19:26:13.539 | DEBUG | --new testCase collected, to generate: testCom.alibaba.fastjson.JSONReader.peek()2
19:26:13.539 | INFO  | Finished (in 0.031 sec): method com.alibaba.fastjson.JSONReader.peek() 
<StatsForMethod> :
	#generatedTC=2
	WITH NO EXCEPTIONS
19:26:13.540 | DEBUG |  ... 
19:26:13.540 | INFO  | Started: method com.alibaba.fastjson.JSONReader.<init>(Reader)
19:26:13.540 | INFO  |  -- Remaining time budget: 7920 ms, #remaining_methods: 4, budget for method: 1980 ms, solver timeout: 990 ms, budget for symbolic execution: 990 ms, budget for concrete execution: 990 ms,  -- 
19:26:13.595 | DEBUG | --new testCase collected, to generate: testCom.alibaba.fastjson.JSONReader.<init>(Reader)1
19:26:13.676 | INFO  | Finished (in 0.135 sec): method com.alibaba.fastjson.JSONReader.<init>(Reader) 
<StatsForMethod> :
	#generatedTC=1
	WITH NO EXCEPTIONS
19:26:13.681 | DEBUG |  ... 
19:26:13.682 | INFO  | Started: method com.alibaba.fastjson.JSONReader.<init>(DefaultJSONParser)
19:26:13.682 | INFO  |  -- Remaining time budget: 7778 ms, #remaining_methods: 3, budget for method: 2592 ms, solver timeout: 1000 ms, budget for symbolic execution: 1392 ms, budget for concrete execution: 1200 ms,  -- 
19:26:13.705 | DEBUG | --new testCase collected, to generate: testCom.alibaba.fastjson.JSONReader.<init>(DefaultJSONParser)1
19:26:13.748 | DEBUG | --new testCase collected, to generate: testCom.alibaba.fastjson.JSONReader.<init>(DefaultJSONParser)2
19:26:13.748 | INFO  | Finished (in 0.066 sec): method com.alibaba.fastjson.JSONReader.<init>(DefaultJSONParser) 
<StatsForMethod> :
	#generatedTC=2
	WITH NO EXCEPTIONS
19:26:13.751 | DEBUG |  ... 
19:26:13.752 | INFO  | Started: method com.alibaba.fastjson.JSONReader.<init>(JSONLexer)
19:26:13.752 | INFO  |  -- Remaining time budget: 7708 ms, #remaining_methods: 2, budget for method: 3854 ms, solver timeout: 1000 ms, budget for symbolic execution: 2654 ms, budget for concrete execution: 1200 ms,  -- 
19:26:13.869 | ERROR | Symbolic execution FAILED
com.huawei.utbot.instrumentation.util.ChildProcessError: Error in the child process |> java.util.concurrent.TimeoutException: Timeout 100 elapsed
	at com.huawei.utbot.instrumentation.instrumentation.InvokeInstrumentation.invoke-d1pmJ48(InvokeInstrumentation.kt:75)
	at com.huawei.utbot.instrumentation.instrumentation.InvokeInstrumentation.invoke(InvokeInstrumentation.kt:22)
	at com.huawei.utbot.instrumentation.instrumentation.Instrumentation$DefaultImpls.invoke$default(Instrumentation.kt:25)
	at com.huawei.utbot.framework.concrete.UtExecutionInstrumentation$invoke$$inlined$use$lambda$1.invoke(UtExecutionInstrumentation.kt:146)
	at com.huawei.utbot.framework.concrete.UtExecutionInstrumentation$invoke$$inlined$use$lambda$1.invoke(UtExecutionInstrumentation.kt:96)
	at com.huawei.utbot.framework.concrete.UtExecutionInstrumentation.withStaticFields(UtExecutionInstrumentation.kt:225)
	at com.huawei.utbot.framework.concrete.UtExecutionInstrumentation.invoke(UtExecutionInstrumentation.kt:137)
	at com.huawei.utbot.framework.concrete.UtExecutionInstrumentation.invoke(UtExecutionInstrumentation.kt:96)
	at com.huawei.utbot.instrumentation.process.ChildProcessKt.loop(ChildProcess.kt:114)
	at com.huawei.utbot.instrumentation.process.ChildProcessKt.main(ChildProcess.kt:76)
	at com.huawei.utbot.instrumentation.process.ChildProcessKt.main(ChildProcess.kt)

	at com.huawei.utbot.instrumentation.ConcreteExecutor.executeAsync(ConcreteExecutor.kt:391) ~[utbot-junit-contest-1.0.jar:?]
	at com.huawei.utbot.instrumentation.ConcreteExecutor$executeAsync$1.invokeSuspend(ConcreteExecutor.kt) ~[utbot-junit-contest-1.0.jar:?]
	at kotlin.coroutines.jvm.internal.BaseContinuationImpl.resumeWith(ContinuationImpl.kt:33) [utbot-junit-contest-1.0.jar:?]
	at kotlinx.coroutines.DispatchedTask.run(DispatchedTask.kt:106) [utbot-junit-contest-1.0.jar:?]
	at java.util.concurrent.Executors$RunnableAdapter.call(Executors.java:511) [?:1.8.0_312]
	at java.util.concurrent.FutureTask.run(FutureTask.java:266) [?:1.8.0_312]
	at java.util.concurrent.ScheduledThreadPoolExecutor$ScheduledFutureTask.access$201(ScheduledThreadPoolExecutor.java:180) [?:1.8.0_312]
	at java.util.concurrent.ScheduledThreadPoolExecutor$ScheduledFutureTask.run(ScheduledThreadPoolExecutor.java:293) [?:1.8.0_312]
	at java.util.concurrent.ThreadPoolExecutor.runWorker(ThreadPoolExecutor.java:1149) [?:1.8.0_312]
	at java.util.concurrent.ThreadPoolExecutor$Worker.run(ThreadPoolExecutor.java:624) [?:1.8.0_312]
	at java.lang.Thread.run(Thread.java:748) [?:1.8.0_312]
19:26:13.981 | INFO  | Finished (in 0.229 sec): method com.alibaba.fastjson.JSONReader.<init>(JSONLexer) 
<StatsForMethod> :
	#generatedTC=0
	FAILED 1 time(s) with 1 different exception(s)"
19:26:13.992 | DEBUG |  ... 
19:26:13.993 | INFO  | Started: method com.alibaba.fastjson.JSONReader.<init>(Reader, Feature[])
19:26:13.993 | INFO  |  -- Remaining time budget: 7468 ms, #remaining_methods: 1, budget for method: 7468 ms, solver timeout: 1000 ms, budget for symbolic execution: 6268 ms, budget for concrete execution: 1200 ms,  -- 
19:26:14.017 | DEBUG | --new testCase collected, to generate: testCom.alibaba.fastjson.JSONReader.<init>(Reader, Feature[])1
19:26:14.085 | INFO  | Finished (in 0.092 sec): method com.alibaba.fastjson.JSONReader.<init>(Reader, Feature[]) 
<StatsForMethod> :
	#generatedTC=1
	WITH NO EXCEPTIONS
19:26:14.097 | INFO  | Started: Flushing tests for [JSONReader] on disk
19:26:14.551 | INFO  | File size for JSONReaderTest: 101 KB
19:26:14.556 | INFO  | Finished (in 0.458 sec): Flushing tests for [JSONReader] on disk 
19:26:14.556 | INFO  | Finished (in 18.564 sec): class com.alibaba.fastjson.JSONReader 
<StatsForClass> :
	canceled by timeout = false
	#methods = 29, 
	#methods started symbolic exploration = 29
	#methods with at least one TC = 28
	#methods with exceptions = 4
	#generated TC = 124
	#coverage = null
[READY]
