Started UtBot Contest, classfileDir = /var/benchmarks/projects/seata/core/target/classes, classpathString=/var/benchmarks/projects/seata/core/target/classes:/var/benchmarks/projects/seata/core/target/seata-core-0.5.0.jar:/var/benchmarks/projects/./seata/core/target/dependency/mockito-core-2.23.4.jar:/var/benchmarks/projects/seata/core/target/dependency/byte-buddy-agent-1.9.3.jar:/var/benchmarks/projects/seata/core/target/dependency/assertj-core-2.6.0.jar:/var/benchmarks/projects/seata/core/target/dependency/seata-common-0.5.0.jar:/var/benchmarks/projects/seata/core/target/dependency/byte-buddy-1.9.3.jar:/var/benchmarks/projects/seata/core/target/dependency/objenesis-2.6.jar:/var/benchmarks/projects/seata/core/target/dependency/seata-discovery-core-0.5.0.jar:/var/benchmarks/projects/seata/core/target/dependency/commons-pool2-2.4.2.jar:/var/benchmarks/projects/seata/core/target/dependency/junit-4.12.jar:/var/benchmarks/projects/seata/core/target/dependency/hamcrest-core-1.3.jar:/var/benchmarks/projects/seata/core/target/dependency/slf4j-api-1.7.22.jar:/var/benchmarks/projects/seata/core/target/dependency/seata-config-core-0.5.0.jar:/var/benchmarks/projects/seata/core/target/dependency/netty-all-4.1.24.Final.jar:/var/benchmarks/projects/seata/core/target/dependency/commons-lang-2.6.jar:/var/benchmarks/projects/seata/core/target/dependency/fastjson-1.2.48.jar:/var/benchmarks/projects/seata/core/target/dependency/config-1.2.1.jar:/var/benchmarks/projects/seata/core/target/dependency/commons-pool-1.6.jar, outputDir=/home/utbot_mocks/temp/testcases, mocks=Other classes: Mockito
11:41:06.285 | INFO  | Started: warmup: kotlin reflection :: init
11:41:06.357 | INFO  | Finished (in 0.072 sec): warmup: kotlin reflection :: init 
[INIT]
>> [RUN] io.seata.core.rpc.netty.NettyPoolableFactory 30
11:41:06.371 | DEBUG | -----------------------------------------------------------------------------
11:41:06.371 | INFO  | Contest.runGeneration: Time budget: 30000 ms, Generation timeout=25500 ms, classpath=/var/benchmarks/projects/seata/core/target/classes:/var/benchmarks/projects/seata/core/target/seata-core-0.5.0.jar:/var/benchmarks/projects/./seata/core/target/dependency/mockito-core-2.23.4.jar:/var/benchmarks/projects/seata/core/target/dependency/byte-buddy-agent-1.9.3.jar:/var/benchmarks/projects/seata/core/target/dependency/assertj-core-2.6.0.jar:/var/benchmarks/projects/seata/core/target/dependency/seata-common-0.5.0.jar:/var/benchmarks/projects/seata/core/target/dependency/byte-buddy-1.9.3.jar:/var/benchmarks/projects/seata/core/target/dependency/objenesis-2.6.jar:/var/benchmarks/projects/seata/core/target/dependency/seata-discovery-core-0.5.0.jar:/var/benchmarks/projects/seata/core/target/dependency/commons-pool2-2.4.2.jar:/var/benchmarks/projects/seata/core/target/dependency/junit-4.12.jar:/var/benchmarks/projects/seata/core/target/dependency/hamcrest-core-1.3.jar:/var/benchmarks/projects/seata/core/target/dependency/slf4j-api-1.7.22.jar:/var/benchmarks/projects/seata/core/target/dependency/seata-config-core-0.5.0.jar:/var/benchmarks/projects/seata/core/target/dependency/netty-all-4.1.24.Final.jar:/var/benchmarks/projects/seata/core/target/dependency/commons-lang-2.6.jar:/var/benchmarks/projects/seata/core/target/dependency/fastjson-1.2.48.jar:/var/benchmarks/projects/seata/core/target/dependency/config-1.2.1.jar:/var/benchmarks/projects/seata/core/target/dependency/commons-pool-1.6.jar, methodNameFilter=null
11:41:06.374 | INFO  | ClassUnderTest[ FQN: io.seata.core.rpc.netty.NettyPoolableFactory
    classfileDir: /var/benchmarks/projects/seata/core/target/classes
    testClassSimpleName: NettyPoolableFactoryTest
    generatedTestFile: /home/utbot_mocks/temp/testcases/io/seata/core/rpc/netty/NettyPoolableFactoryTest.java
    generatedTestsSourcesDir: /home/utbot_mocks/temp/testcases
]
11:41:06.401 | INFO  | Started: class io.seata.core.rpc.netty.NettyPoolableFactory
11:41:06.402 | INFO  | Started: preparation class class io.seata.core.rpc.netty.NettyPoolableFactory: kotlin reflection :: run
11:41:06.463 | INFO  | Finished (in 0.056 sec): preparation class class io.seata.core.rpc.netty.NettyPoolableFactory: kotlin reflection :: run 
11:41:06.464 | INFO  | Started: 2nd optional soot initialization
11:41:06.465 | INFO  | Finished (in 0.001 sec): 2nd optional soot initialization 
11:41:06.473 | DEBUG |  ... 
11:41:06.484 | INFO  | Started: method io.seata.core.rpc.netty.NettyPoolableFactory.validateObject(NettyPoolKey, Channel)
11:41:06.485 | INFO  |  -- Remaining time budget: 25399 ms, #remaining_methods: 8, budget for method: 3174 ms, solver timeout: 1000 ms, budget for symbolic execution: 1974 ms, budget for concrete execution: 1200 ms,  -- 
11:41:06.801 | DEBUG | --new testCase collected, to generate: testIo.seata.core.rpc.netty.NettyPoolableFactory.validateObject(NettyPoolKey, Channel)1
11:41:07.111 | DEBUG | --new testCase collected, to generate: testIo.seata.core.rpc.netty.NettyPoolableFactory.validateObject(NettyPoolKey, Channel)2
11:41:07.331 | DEBUG | --new testCase collected, to generate: testIo.seata.core.rpc.netty.NettyPoolableFactory.validateObject(NettyPoolKey, Channel)3
11:41:07.520 | DEBUG | --new testCase collected, to generate: testIo.seata.core.rpc.netty.NettyPoolableFactory.validateObject(NettyPoolKey, Channel)4
11:41:08.458 | INFO  | |> Starting concrete execution for remaining state: io.seata.core.rpc.netty.NettyPoolableFactory.validateObject(NettyPoolKey, Channel)
11:41:08.839 | DEBUG | --new testCase collected, to generate: testIo.seata.core.rpc.netty.NettyPoolableFactory.validateObject(NettyPoolKey, Channel)5
11:41:08.840 | INFO  | Finished (in 2.356 sec): method io.seata.core.rpc.netty.NettyPoolableFactory.validateObject(NettyPoolKey, Channel) 
<StatsForMethod> :
	#generatedTC=5
	WITH NO EXCEPTIONS
11:41:08.937 | DEBUG |  ... 
11:41:08.938 | INFO  | Started: method io.seata.core.rpc.netty.NettyPoolableFactory.makeObject(NettyPoolKey)
11:41:08.938 | INFO  |  -- Remaining time budget: 22936 ms, #remaining_methods: 7, budget for method: 3276 ms, solver timeout: 1000 ms, budget for symbolic execution: 2076 ms, budget for concrete execution: 1200 ms,  -- 
11:41:08.970 | DEBUG | --new testCase collected, to generate: testIo.seata.core.rpc.netty.NettyPoolableFactory.makeObject(NettyPoolKey)1
11:41:09.008 | DEBUG | --new testCase collected, to generate: testIo.seata.core.rpc.netty.NettyPoolableFactory.makeObject(NettyPoolKey)2
11:41:09.135 | DEBUG | --new testCase collected, to generate: testIo.seata.core.rpc.netty.NettyPoolableFactory.makeObject(NettyPoolKey)3
11:41:09.976 | DEBUG | --new testCase collected, to generate: testIo.seata.core.rpc.netty.NettyPoolableFactory.makeObject(NettyPoolKey)4
11:41:10.637 | INFO  | Finished (in 1.699 sec): method io.seata.core.rpc.netty.NettyPoolableFactory.makeObject(NettyPoolKey) 
<StatsForMethod> :
	#generatedTC=4
	WITH NO EXCEPTIONS
11:41:10.752 | DEBUG |  ... 
11:41:10.753 | INFO  | Started: method io.seata.core.rpc.netty.NettyPoolableFactory.destroyObject(NettyPoolKey, Channel)
11:41:10.753 | INFO  |  -- Remaining time budget: 21121 ms, #remaining_methods: 6, budget for method: 3520 ms, solver timeout: 1000 ms, budget for symbolic execution: 2320 ms, budget for concrete execution: 1200 ms,  -- 
11:41:10.762 | DEBUG | --new testCase collected, to generate: testIo.seata.core.rpc.netty.NettyPoolableFactory.destroyObject(NettyPoolKey, Channel)1
11:41:10.808 | DEBUG | --new testCase collected, to generate: testIo.seata.core.rpc.netty.NettyPoolableFactory.destroyObject(NettyPoolKey, Channel)2
11:41:10.891 | DEBUG | --new testCase collected, to generate: testIo.seata.core.rpc.netty.NettyPoolableFactory.destroyObject(NettyPoolKey, Channel)3
11:41:12.067 | DEBUG | --new testCase collected, to generate: testIo.seata.core.rpc.netty.NettyPoolableFactory.destroyObject(NettyPoolKey, Channel)4
11:41:12.070 | INFO  | Finished (in 1.317 sec): method io.seata.core.rpc.netty.NettyPoolableFactory.destroyObject(NettyPoolKey, Channel) 
<StatsForMethod> :
	#generatedTC=4
	WITH NO EXCEPTIONS
11:41:12.105 | DEBUG |  ... 
11:41:12.105 | INFO  | Started: method io.seata.core.rpc.netty.NettyPoolableFactory.activateObject(NettyPoolKey, Channel)
11:41:12.106 | INFO  |  -- Remaining time budget: 19768 ms, #remaining_methods: 5, budget for method: 3953 ms, solver timeout: 1000 ms, budget for symbolic execution: 2753 ms, budget for concrete execution: 1200 ms,  -- 
11:41:12.112 | DEBUG | --new testCase collected, to generate: testIo.seata.core.rpc.netty.NettyPoolableFactory.activateObject(NettyPoolKey, Channel)1
11:41:12.140 | DEBUG | --new testCase collected, to generate: testIo.seata.core.rpc.netty.NettyPoolableFactory.activateObject(NettyPoolKey, Channel)2
11:41:12.140 | INFO  | Finished (in 0.035 sec): method io.seata.core.rpc.netty.NettyPoolableFactory.activateObject(NettyPoolKey, Channel) 
<StatsForMethod> :
	#generatedTC=2
	WITH NO EXCEPTIONS
11:41:12.141 | DEBUG |  ... 
11:41:12.141 | INFO  | Started: method io.seata.core.rpc.netty.NettyPoolableFactory.passivateObject(NettyPoolKey, Channel)
11:41:12.141 | INFO  |  -- Remaining time budget: 19732 ms, #remaining_methods: 4, budget for method: 4933 ms, solver timeout: 1000 ms, budget for symbolic execution: 3733 ms, budget for concrete execution: 1200 ms,  -- 
11:41:12.148 | DEBUG | --new testCase collected, to generate: testIo.seata.core.rpc.netty.NettyPoolableFactory.passivateObject(NettyPoolKey, Channel)1
11:41:12.176 | DEBUG | --new testCase collected, to generate: testIo.seata.core.rpc.netty.NettyPoolableFactory.passivateObject(NettyPoolKey, Channel)2
11:41:12.176 | INFO  | Finished (in 0.035 sec): method io.seata.core.rpc.netty.NettyPoolableFactory.passivateObject(NettyPoolKey, Channel) 
<StatsForMethod> :
	#generatedTC=2
	WITH NO EXCEPTIONS
11:41:12.177 | DEBUG |  ... 
11:41:12.177 | INFO  | Started: method io.seata.core.rpc.netty.NettyPoolableFactory.getVersion(Object, NettyPoolKey$TransactionRole)
11:41:12.177 | INFO  |  -- Remaining time budget: 19696 ms, #remaining_methods: 3, budget for method: 6565 ms, solver timeout: 1000 ms, budget for symbolic execution: 5365 ms, budget for concrete execution: 1200 ms,  -- 
11:41:12.194 | DEBUG | --new testCase collected, to generate: testIo.seata.core.rpc.netty.NettyPoolableFactory.getVersion(Object, NettyPoolKey$TransactionRole)1
11:41:12.562 | INFO  | Finished (in 0.385 sec): method io.seata.core.rpc.netty.NettyPoolableFactory.getVersion(Object, NettyPoolKey$TransactionRole) 
<StatsForMethod> :
	#generatedTC=1
	WITH NO EXCEPTIONS
11:41:12.577 | DEBUG |  ... 
11:41:12.578 | INFO  | Started: method io.seata.core.rpc.netty.NettyPoolableFactory.isResponseSuccess(Object, NettyPoolKey$TransactionRole)
11:41:12.578 | INFO  |  -- Remaining time budget: 19296 ms, #remaining_methods: 2, budget for method: 9648 ms, solver timeout: 1000 ms, budget for symbolic execution: 8448 ms, budget for concrete execution: 1200 ms,  -- 
11:41:12.584 | DEBUG | --new testCase collected, to generate: testIo.seata.core.rpc.netty.NettyPoolableFactory.isResponseSuccess(Object, NettyPoolKey$TransactionRole)1
11:41:12.680 | DEBUG | --new testCase collected, to generate: testIo.seata.core.rpc.netty.NettyPoolableFactory.isResponseSuccess(Object, NettyPoolKey$TransactionRole)2
11:41:12.965 | INFO  | Finished (in 0.387 sec): method io.seata.core.rpc.netty.NettyPoolableFactory.isResponseSuccess(Object, NettyPoolKey$TransactionRole) 
<StatsForMethod> :
	#generatedTC=2
	WITH NO EXCEPTIONS
11:41:12.981 | DEBUG |  ... 
11:41:12.981 | INFO  | Started: method io.seata.core.rpc.netty.NettyPoolableFactory.<init>(AbstractRpcRemotingClient)
11:41:12.981 | INFO  |  -- Remaining time budget: 18892 ms, #remaining_methods: 1, budget for method: 18892 ms, solver timeout: 1000 ms, budget for symbolic execution: 17692 ms, budget for concrete execution: 1200 ms,  -- 
11:41:12.993 | DEBUG | --new testCase collected, to generate: testIo.seata.core.rpc.netty.NettyPoolableFactory.<init>(AbstractRpcRemotingClient)1
11:41:13.037 | INFO  | Finished (in 0.056 sec): method io.seata.core.rpc.netty.NettyPoolableFactory.<init>(AbstractRpcRemotingClient) 
<StatsForMethod> :
	#generatedTC=1
	WITH NO EXCEPTIONS
11:41:13.046 | INFO  | Started: Flushing tests for [NettyPoolableFactory] on disk
11:41:13.255 | INFO  | File size for NettyPoolableFactoryTest: 18 KB
11:41:13.257 | INFO  | Finished (in 0.210 sec): Flushing tests for [NettyPoolableFactory] on disk 
11:41:13.258 | INFO  | Finished (in 6.856 sec): class io.seata.core.rpc.netty.NettyPoolableFactory 
<StatsForClass> :
	canceled by timeout = false
	#methods = 8, 
	#methods started symbolic exploration = 8
	#methods with at least one TC = 8
	#methods with exceptions = 0
	#generated TC = 21
	#coverage = null
[READY]
