Started UtBot Contest, classfileDir = /var/benchmarks/projects/spoon/target/classes, classpathString=/var/benchmarks/projects/spoon/target/classes:/var/benchmarks/projects/spoon/target/spoon-core-7.0.0.jar:/var/benchmarks/projects/./spoon/target/dependency/org.eclipse.text-3.12.0.jar:/var/benchmarks/projects/spoon/target/dependency/org.eclipse.equinox.app-1.6.100.jar:/var/benchmarks/projects/spoon/target/dependency/org.eclipse.core.contenttype-3.8.100.jar:/var/benchmarks/projects/spoon/target/dependency/mockito-all-2.0.2-beta.jar:/var/benchmarks/projects/spoon/target/dependency/jackson-databind-2.9.2.jar:/var/benchmarks/projects/spoon/target/dependency/guava-18.0.jar:/var/benchmarks/projects/spoon/target/dependency/org.eclipse.core.expressions-3.8.100.jar:/var/benchmarks/projects/spoon/target/dependency/org.eclipse.core.commands-3.10.100.jar:/var/benchmarks/projects/spoon/target/dependency/jackson-annotations-2.9.0.jar:/var/benchmarks/projects/spoon/target/dependency/org.eclipse.jdt.core-3.13.102.jar:/var/benchmarks/projects/spoon/target/dependency/org.eclipse.core.runtime-3.24.0.jar:/var/benchmarks/projects/spoon/target/dependency/org.eclipse.core.resources-3.16.0.jar:/var/benchmarks/projects/spoon/target/dependency/jackson-core-2.9.2.jar:/var/benchmarks/projects/spoon/target/dependency/junit-4.12.jar:/var/benchmarks/projects/spoon/target/dependency/org.eclipse.equinox.registry-3.11.100.jar:/var/benchmarks/projects/spoon/target/dependency/hamcrest-core-1.3.jar:/var/benchmarks/projects/spoon/target/dependency/maven-model-3.3.9.jar:/var/benchmarks/projects/spoon/target/dependency/plexus-utils-3.0.22.jar:/var/benchmarks/projects/spoon/target/dependency/jsap-2.1.jar:/var/benchmarks/projects/spoon/target/dependency/bridge-method-annotation-1.13.jar:/var/benchmarks/projects/spoon/target/dependency/org.eclipse.equinox.common-3.15.100.jar:/var/benchmarks/projects/spoon/target/dependency/org.eclipse.core.jobs-3.12.0.jar:/var/benchmarks/projects/spoon/target/dependency/commons-io-2.5.jar:/var/benchmarks/projects/spoon/target/dependency/commons-lang3-3.5.jar:/var/benchmarks/projects/spoon/target/dependency/system-rules-1.9.0.jar:/var/benchmarks/projects/spoon/target/dependency/querydsl-core-3.6.9.jar:/var/benchmarks/projects/spoon/target/dependency/org.eclipse.core.filesystem-1.9.200.jar:/var/benchmarks/projects/spoon/target/dependency/org.eclipse.equinox.preferences-3.9.100.jar:/var/benchmarks/projects/spoon/target/dependency/org.eclipse.osgi-3.17.100.jar:/var/benchmarks/projects/spoon/target/dependency/log4j-1.2.17.jar, outputDir=/home/utbot_mocks/temp/testcases, mocks=Other classes: Mockito
16:20:08.736 | INFO  | Started: warmup: kotlin reflection :: init
16:20:08.822 | INFO  | Finished (in 0.085 sec): warmup: kotlin reflection :: init 
[INIT]
>> [RUN] spoon.pattern.internal.node.MapEntryNode 120
16:20:08.838 | DEBUG | -----------------------------------------------------------------------------
16:20:08.840 | INFO  | Contest.runGeneration: Time budget: 120000 ms, Generation timeout=102000 ms, classpath=/var/benchmarks/projects/spoon/target/classes:/var/benchmarks/projects/spoon/target/spoon-core-7.0.0.jar:/var/benchmarks/projects/./spoon/target/dependency/org.eclipse.text-3.12.0.jar:/var/benchmarks/projects/spoon/target/dependency/org.eclipse.equinox.app-1.6.100.jar:/var/benchmarks/projects/spoon/target/dependency/org.eclipse.core.contenttype-3.8.100.jar:/var/benchmarks/projects/spoon/target/dependency/mockito-all-2.0.2-beta.jar:/var/benchmarks/projects/spoon/target/dependency/jackson-databind-2.9.2.jar:/var/benchmarks/projects/spoon/target/dependency/guava-18.0.jar:/var/benchmarks/projects/spoon/target/dependency/org.eclipse.core.expressions-3.8.100.jar:/var/benchmarks/projects/spoon/target/dependency/org.eclipse.core.commands-3.10.100.jar:/var/benchmarks/projects/spoon/target/dependency/jackson-annotations-2.9.0.jar:/var/benchmarks/projects/spoon/target/dependency/org.eclipse.jdt.core-3.13.102.jar:/var/benchmarks/projects/spoon/target/dependency/org.eclipse.core.runtime-3.24.0.jar:/var/benchmarks/projects/spoon/target/dependency/org.eclipse.core.resources-3.16.0.jar:/var/benchmarks/projects/spoon/target/dependency/jackson-core-2.9.2.jar:/var/benchmarks/projects/spoon/target/dependency/junit-4.12.jar:/var/benchmarks/projects/spoon/target/dependency/org.eclipse.equinox.registry-3.11.100.jar:/var/benchmarks/projects/spoon/target/dependency/hamcrest-core-1.3.jar:/var/benchmarks/projects/spoon/target/dependency/maven-model-3.3.9.jar:/var/benchmarks/projects/spoon/target/dependency/plexus-utils-3.0.22.jar:/var/benchmarks/projects/spoon/target/dependency/jsap-2.1.jar:/var/benchmarks/projects/spoon/target/dependency/bridge-method-annotation-1.13.jar:/var/benchmarks/projects/spoon/target/dependency/org.eclipse.equinox.common-3.15.100.jar:/var/benchmarks/projects/spoon/target/dependency/org.eclipse.core.jobs-3.12.0.jar:/var/benchmarks/projects/spoon/target/dependency/commons-io-2.5.jar:/var/benchmarks/projects/spoon/target/dependency/commons-lang3-3.5.jar:/var/benchmarks/projects/spoon/target/dependency/system-rules-1.9.0.jar:/var/benchmarks/projects/spoon/target/dependency/querydsl-core-3.6.9.jar:/var/benchmarks/projects/spoon/target/dependency/org.eclipse.core.filesystem-1.9.200.jar:/var/benchmarks/projects/spoon/target/dependency/org.eclipse.equinox.preferences-3.9.100.jar:/var/benchmarks/projects/spoon/target/dependency/org.eclipse.osgi-3.17.100.jar:/var/benchmarks/projects/spoon/target/dependency/log4j-1.2.17.jar, methodNameFilter=null
16:20:08.842 | INFO  | ClassUnderTest[ FQN: spoon.pattern.internal.node.MapEntryNode
    classfileDir: /var/benchmarks/projects/spoon/target/classes
    testClassSimpleName: MapEntryNodeTest
    generatedTestFile: /home/utbot_mocks/temp/testcases/spoon/pattern/internal/node/MapEntryNodeTest.java
    generatedTestsSourcesDir: /home/utbot_mocks/temp/testcases
]
16:20:08.867 | INFO  | Started: class spoon.pattern.internal.node.MapEntryNode
16:20:08.868 | INFO  | Started: preparation class class spoon.pattern.internal.node.MapEntryNode: kotlin reflection :: run
16:20:09.012 | INFO  | Finished (in 0.144 sec): preparation class class spoon.pattern.internal.node.MapEntryNode: kotlin reflection :: run 
16:20:09.013 | INFO  | Started: 2nd optional soot initialization
16:20:09.015 | INFO  | Finished (in 0.001 sec): 2nd optional soot initialization 
16:20:09.025 | DEBUG |  ... 
16:20:09.036 | INFO  | Started: method spoon.pattern.internal.node.MapEntryNode.replaceNode(RootNode, RootNode)
16:20:09.037 | INFO  |  -- Remaining time budget: 101812 ms, #remaining_methods: 13, budget for method: 7831 ms, solver timeout: 1000 ms, budget for symbolic execution: 6631 ms, budget for concrete execution: 1200 ms,  -- 
16:20:09.361 | DEBUG | --new testCase collected, to generate: testSpoon.pattern.internal.node.MapEntryNode.replaceNode(RootNode, RootNode)1
16:20:09.595 | DEBUG | --new testCase collected, to generate: testSpoon.pattern.internal.node.MapEntryNode.replaceNode(RootNode, RootNode)2
16:20:09.629 | DEBUG | --new testCase collected, to generate: testSpoon.pattern.internal.node.MapEntryNode.replaceNode(RootNode, RootNode)3
16:20:09.684 | DEBUG | --new testCase collected, to generate: testSpoon.pattern.internal.node.MapEntryNode.replaceNode(RootNode, RootNode)4
16:20:09.696 | DEBUG | --new testCase collected, to generate: testSpoon.pattern.internal.node.MapEntryNode.replaceNode(RootNode, RootNode)5
16:20:09.733 | DEBUG | --new testCase collected, to generate: testSpoon.pattern.internal.node.MapEntryNode.replaceNode(RootNode, RootNode)6
16:20:09.760 | DEBUG | --new testCase collected, to generate: testSpoon.pattern.internal.node.MapEntryNode.replaceNode(RootNode, RootNode)7
16:20:09.788 | DEBUG | --new testCase collected, to generate: testSpoon.pattern.internal.node.MapEntryNode.replaceNode(RootNode, RootNode)8
16:20:09.789 | INFO  | Finished (in 0.752 sec): method spoon.pattern.internal.node.MapEntryNode.replaceNode(RootNode, RootNode) 
<StatsForMethod> :
	#generatedTC=8
	WITH NO EXCEPTIONS
16:20:09.793 | DEBUG |  ... 
16:20:09.794 | INFO  | Started: method spoon.pattern.internal.node.MapEntryNode.forEachParameterInfo(BiConsumer)
16:20:09.794 | INFO  |  -- Remaining time budget: 101048 ms, #remaining_methods: 12, budget for method: 8420 ms, solver timeout: 1000 ms, budget for symbolic execution: 7220 ms, budget for concrete execution: 1200 ms,  -- 
16:20:09.805 | DEBUG | --new testCase collected, to generate: testSpoon.pattern.internal.node.MapEntryNode.forEachParameterInfo(BiConsumer)1
16:20:09.848 | DEBUG | --new testCase collected, to generate: testSpoon.pattern.internal.node.MapEntryNode.forEachParameterInfo(BiConsumer)2
16:20:09.877 | DEBUG | --new testCase collected, to generate: testSpoon.pattern.internal.node.MapEntryNode.forEachParameterInfo(BiConsumer)3
16:20:09.910 | DEBUG | --new testCase collected, to generate: testSpoon.pattern.internal.node.MapEntryNode.forEachParameterInfo(BiConsumer)4
16:20:09.910 | INFO  | Finished (in 0.116 sec): method spoon.pattern.internal.node.MapEntryNode.forEachParameterInfo(BiConsumer) 
<StatsForMethod> :
	#generatedTC=4
	WITH NO EXCEPTIONS
16:20:09.911 | DEBUG |  ... 
16:20:09.912 | INFO  | Started: method spoon.pattern.internal.node.MapEntryNode.generateTargets(DefaultGenerator, ResultHolder, ImmutableMap)
16:20:09.913 | INFO  |  -- Remaining time budget: 100929 ms, #remaining_methods: 11, budget for method: 9175 ms, solver timeout: 1000 ms, budget for symbolic execution: 7975 ms, budget for concrete execution: 1200 ms,  -- 
16:20:09.933 | DEBUG | --new testCase collected, to generate: testSpoon.pattern.internal.node.MapEntryNode.generateTargets(DefaultGenerator, ResultHolder, ImmutableMap)1
16:20:10.216 | DEBUG | --new testCase collected, to generate: testSpoon.pattern.internal.node.MapEntryNode.generateTargets(DefaultGenerator, ResultHolder, ImmutableMap)2
16:20:11.273 | DEBUG | --new testCase collected, to generate: testSpoon.pattern.internal.node.MapEntryNode.generateTargets(DefaultGenerator, ResultHolder, ImmutableMap)3
16:20:11.733 | DEBUG | --new testCase collected, to generate: testSpoon.pattern.internal.node.MapEntryNode.generateTargets(DefaultGenerator, ResultHolder, ImmutableMap)4
16:20:12.435 | DEBUG | --new testCase collected, to generate: testSpoon.pattern.internal.node.MapEntryNode.generateTargets(DefaultGenerator, ResultHolder, ImmutableMap)5
16:20:12.738 | DEBUG | --new testCase collected, to generate: testSpoon.pattern.internal.node.MapEntryNode.generateTargets(DefaultGenerator, ResultHolder, ImmutableMap)6
16:20:15.601 | DEBUG | --new testCase collected, to generate: testSpoon.pattern.internal.node.MapEntryNode.generateTargets(DefaultGenerator, ResultHolder, ImmutableMap)7
16:20:15.627 | DEBUG | --new testCase collected, to generate: testSpoon.pattern.internal.node.MapEntryNode.generateTargets(DefaultGenerator, ResultHolder, ImmutableMap)8
16:20:15.628 | INFO  | Finished (in 5.715 sec): method spoon.pattern.internal.node.MapEntryNode.generateTargets(DefaultGenerator, ResultHolder, ImmutableMap) 
<StatsForMethod> :
	#generatedTC=8
	WITH NO EXCEPTIONS
16:20:15.651 | DEBUG |  ... 
16:20:15.651 | INFO  | Started: method spoon.pattern.internal.node.MapEntryNode.getMatchingStrategy()
16:20:15.651 | INFO  |  -- Remaining time budget: 95190 ms, #remaining_methods: 10, budget for method: 9519 ms, solver timeout: 1000 ms, budget for symbolic execution: 8319 ms, budget for concrete execution: 1200 ms,  -- 
16:20:15.663 | DEBUG | --new testCase collected, to generate: testSpoon.pattern.internal.node.MapEntryNode.getMatchingStrategy()1
16:20:15.772 | INFO  | Finished (in 0.121 sec): method spoon.pattern.internal.node.MapEntryNode.getMatchingStrategy() 
<StatsForMethod> :
	#generatedTC=1
	WITH NO EXCEPTIONS
16:20:15.780 | DEBUG |  ... 
16:20:15.781 | INFO  | Started: method spoon.pattern.internal.node.MapEntryNode.isTryNextMatch(ImmutableMap)
16:20:15.781 | INFO  |  -- Remaining time budget: 95060 ms, #remaining_methods: 9, budget for method: 10562 ms, solver timeout: 1000 ms, budget for symbolic execution: 9362 ms, budget for concrete execution: 1200 ms,  -- 
16:20:15.789 | DEBUG | --new testCase collected, to generate: testSpoon.pattern.internal.node.MapEntryNode.isTryNextMatch(ImmutableMap)1
16:20:15.825 | DEBUG | --new testCase collected, to generate: testSpoon.pattern.internal.node.MapEntryNode.isTryNextMatch(ImmutableMap)2
16:20:15.826 | INFO  | Finished (in 0.044 sec): method spoon.pattern.internal.node.MapEntryNode.isTryNextMatch(ImmutableMap) 
<StatsForMethod> :
	#generatedTC=2
	WITH NO EXCEPTIONS
16:20:15.826 | DEBUG |  ... 
16:20:15.827 | INFO  | Started: method spoon.pattern.internal.node.MapEntryNode.matchTarget(Object, ImmutableMap)
16:20:15.827 | INFO  |  -- Remaining time budget: 95014 ms, #remaining_methods: 8, budget for method: 11876 ms, solver timeout: 1000 ms, budget for symbolic execution: 10676 ms, budget for concrete execution: 1200 ms,  -- 
16:20:15.835 | DEBUG | --new testCase collected, to generate: testSpoon.pattern.internal.node.MapEntryNode.matchTarget(Object, ImmutableMap)1
16:20:16.378 | DEBUG | --new testCase collected, to generate: testSpoon.pattern.internal.node.MapEntryNode.matchTarget(Object, ImmutableMap)2
16:20:17.000 | INFO  | Finished (in 1.173 sec): method spoon.pattern.internal.node.MapEntryNode.matchTarget(Object, ImmutableMap) 
<StatsForMethod> :
	#generatedTC=2
	WITH NO EXCEPTIONS
16:20:17.033 | DEBUG |  ... 
16:20:17.034 | INFO  | Started: method spoon.pattern.internal.node.MapEntryNode.getValue()
16:20:17.034 | INFO  |  -- Remaining time budget: 93807 ms, #remaining_methods: 7, budget for method: 13401 ms, solver timeout: 1000 ms, budget for symbolic execution: 12201 ms, budget for concrete execution: 1200 ms,  -- 
16:20:17.040 | DEBUG | --new testCase collected, to generate: testSpoon.pattern.internal.node.MapEntryNode.getValue()1
16:20:17.067 | DEBUG | --new testCase collected, to generate: testSpoon.pattern.internal.node.MapEntryNode.getValue()2
16:20:17.067 | INFO  | Finished (in 0.033 sec): method spoon.pattern.internal.node.MapEntryNode.getValue() 
<StatsForMethod> :
	#generatedTC=2
	WITH NO EXCEPTIONS
16:20:17.068 | DEBUG |  ... 
16:20:17.069 | INFO  | Started: method spoon.pattern.internal.node.MapEntryNode.getKey()
16:20:17.069 | INFO  |  -- Remaining time budget: 93773 ms, #remaining_methods: 6, budget for method: 15628 ms, solver timeout: 1000 ms, budget for symbolic execution: 14428 ms, budget for concrete execution: 1200 ms,  -- 
16:20:17.074 | DEBUG | --new testCase collected, to generate: testSpoon.pattern.internal.node.MapEntryNode.getKey()1
16:20:17.102 | DEBUG | --new testCase collected, to generate: testSpoon.pattern.internal.node.MapEntryNode.getKey()2
16:20:17.103 | INFO  | Finished (in 0.034 sec): method spoon.pattern.internal.node.MapEntryNode.getKey() 
<StatsForMethod> :
	#generatedTC=2
	WITH NO EXCEPTIONS
16:20:17.104 | DEBUG |  ... 
16:20:17.105 | INFO  | Started: method spoon.pattern.internal.node.MapEntryNode.<init>(RootNode, RootNode)
16:20:17.105 | INFO  |  -- Remaining time budget: 93737 ms, #remaining_methods: 5, budget for method: 18747 ms, solver timeout: 1000 ms, budget for symbolic execution: 17547 ms, budget for concrete execution: 1200 ms,  -- 
16:20:17.112 | DEBUG | --new testCase collected, to generate: testSpoon.pattern.internal.node.MapEntryNode.<init>(RootNode, RootNode)1
16:20:17.178 | DEBUG | --new testCase collected, to generate: testSpoon.pattern.internal.node.MapEntryNode.<init>(RootNode, RootNode)2
16:20:17.179 | INFO  | Finished (in 0.074 sec): method spoon.pattern.internal.node.MapEntryNode.<init>(RootNode, RootNode) 
<StatsForMethod> :
	#generatedTC=2
	WITH NO EXCEPTIONS
16:20:17.182 | DEBUG |  ... 
16:20:17.182 | INFO  | Started: method spoon.pattern.internal.node.MapEntryNode.Entry.setValue(CtElement)
16:20:17.183 | INFO  |  -- Remaining time budget: 93659 ms, #remaining_methods: 4, budget for method: 23414 ms, solver timeout: 1000 ms, budget for symbolic execution: 22214 ms, budget for concrete execution: 1200 ms,  -- 
16:20:17.188 | DEBUG | --new testCase collected, to generate: testSpoon.pattern.internal.node.MapEntryNode.Entry.setValue(CtElement)1
16:20:17.217 | DEBUG | --new testCase collected, to generate: testSpoon.pattern.internal.node.MapEntryNode.Entry.setValue(CtElement)2
16:20:17.217 | INFO  | Finished (in 0.034 sec): method spoon.pattern.internal.node.MapEntryNode.Entry.setValue(CtElement) 
<StatsForMethod> :
	#generatedTC=2
	WITH NO EXCEPTIONS
16:20:17.218 | DEBUG |  ... 
16:20:17.218 | INFO  | Started: method spoon.pattern.internal.node.MapEntryNode.Entry.key()
16:20:17.219 | INFO  |  -- Remaining time budget: 93623 ms, #remaining_methods: 3, budget for method: 31207 ms, solver timeout: 1000 ms, budget for symbolic execution: 30007 ms, budget for concrete execution: 1200 ms,  -- 
16:20:17.222 | DEBUG | --new testCase collected, to generate: testSpoon.pattern.internal.node.MapEntryNode.Entry.key()1
16:20:17.251 | DEBUG | --new testCase collected, to generate: testSpoon.pattern.internal.node.MapEntryNode.Entry.key()2
16:20:17.252 | INFO  | Finished (in 0.033 sec): method spoon.pattern.internal.node.MapEntryNode.Entry.key() 
<StatsForMethod> :
	#generatedTC=2
	WITH NO EXCEPTIONS
16:20:17.253 | DEBUG |  ... 
16:20:17.253 | INFO  | Started: method spoon.pattern.internal.node.MapEntryNode.Entry.value()
16:20:17.253 | INFO  |  -- Remaining time budget: 93588 ms, #remaining_methods: 2, budget for method: 46794 ms, solver timeout: 1000 ms, budget for symbolic execution: 45594 ms, budget for concrete execution: 1200 ms,  -- 
16:20:17.257 | DEBUG | --new testCase collected, to generate: testSpoon.pattern.internal.node.MapEntryNode.Entry.value()1
16:20:17.284 | DEBUG | --new testCase collected, to generate: testSpoon.pattern.internal.node.MapEntryNode.Entry.value()2
16:20:17.285 | INFO  | Finished (in 0.031 sec): method spoon.pattern.internal.node.MapEntryNode.Entry.value() 
<StatsForMethod> :
	#generatedTC=2
	WITH NO EXCEPTIONS
16:20:17.285 | DEBUG |  ... 
16:20:17.286 | INFO  | Started: method spoon.pattern.internal.node.MapEntryNode.Entry.<init>(String, CtElement)
16:20:17.286 | INFO  |  -- Remaining time budget: 93555 ms, #remaining_methods: 1, budget for method: 93555 ms, solver timeout: 1000 ms, budget for symbolic execution: 92355 ms, budget for concrete execution: 1200 ms,  -- 
16:20:17.299 | DEBUG | --new testCase collected, to generate: testSpoon.pattern.internal.node.MapEntryNode.Entry.<init>(String, CtElement)1
16:20:17.347 | DEBUG | --new testCase collected, to generate: testSpoon.pattern.internal.node.MapEntryNode.Entry.<init>(String, CtElement)2
16:20:17.348 | INFO  | Finished (in 0.062 sec): method spoon.pattern.internal.node.MapEntryNode.Entry.<init>(String, CtElement) 
<StatsForMethod> :
	#generatedTC=2
	WITH NO EXCEPTIONS
16:20:17.355 | INFO  | Started: Flushing tests for [MapEntryNode] on disk
16:20:17.586 | INFO  | File size for MapEntryNodeTest: 29 KB
16:20:17.587 | INFO  | Finished (in 0.232 sec): Flushing tests for [MapEntryNode] on disk 
16:20:17.588 | INFO  | Finished (in 8.720 sec): class spoon.pattern.internal.node.MapEntryNode 
<StatsForClass> :
	canceled by timeout = false
	#methods = 13, 
	#methods started symbolic exploration = 13
	#methods with at least one TC = 13
	#methods with exceptions = 0
	#generated TC = 39
	#coverage = null
[READY]
