Started UtBot Contest, classfileDir = /var/benchmarks/projects/spoon/target/classes, classpathString=/var/benchmarks/projects/spoon/target/classes:/var/benchmarks/projects/spoon/target/spoon-core-7.0.0.jar:/var/benchmarks/projects/./spoon/target/dependency/org.eclipse.text-3.12.0.jar:/var/benchmarks/projects/spoon/target/dependency/org.eclipse.equinox.app-1.6.100.jar:/var/benchmarks/projects/spoon/target/dependency/org.eclipse.core.contenttype-3.8.100.jar:/var/benchmarks/projects/spoon/target/dependency/mockito-all-2.0.2-beta.jar:/var/benchmarks/projects/spoon/target/dependency/jackson-databind-2.9.2.jar:/var/benchmarks/projects/spoon/target/dependency/guava-18.0.jar:/var/benchmarks/projects/spoon/target/dependency/org.eclipse.core.expressions-3.8.100.jar:/var/benchmarks/projects/spoon/target/dependency/org.eclipse.core.commands-3.10.100.jar:/var/benchmarks/projects/spoon/target/dependency/jackson-annotations-2.9.0.jar:/var/benchmarks/projects/spoon/target/dependency/org.eclipse.jdt.core-3.13.102.jar:/var/benchmarks/projects/spoon/target/dependency/org.eclipse.core.runtime-3.24.0.jar:/var/benchmarks/projects/spoon/target/dependency/org.eclipse.core.resources-3.16.0.jar:/var/benchmarks/projects/spoon/target/dependency/jackson-core-2.9.2.jar:/var/benchmarks/projects/spoon/target/dependency/junit-4.12.jar:/var/benchmarks/projects/spoon/target/dependency/org.eclipse.equinox.registry-3.11.100.jar:/var/benchmarks/projects/spoon/target/dependency/hamcrest-core-1.3.jar:/var/benchmarks/projects/spoon/target/dependency/maven-model-3.3.9.jar:/var/benchmarks/projects/spoon/target/dependency/plexus-utils-3.0.22.jar:/var/benchmarks/projects/spoon/target/dependency/jsap-2.1.jar:/var/benchmarks/projects/spoon/target/dependency/bridge-method-annotation-1.13.jar:/var/benchmarks/projects/spoon/target/dependency/org.eclipse.equinox.common-3.15.100.jar:/var/benchmarks/projects/spoon/target/dependency/org.eclipse.core.jobs-3.12.0.jar:/var/benchmarks/projects/spoon/target/dependency/commons-io-2.5.jar:/var/benchmarks/projects/spoon/target/dependency/commons-lang3-3.5.jar:/var/benchmarks/projects/spoon/target/dependency/system-rules-1.9.0.jar:/var/benchmarks/projects/spoon/target/dependency/querydsl-core-3.6.9.jar:/var/benchmarks/projects/spoon/target/dependency/org.eclipse.core.filesystem-1.9.200.jar:/var/benchmarks/projects/spoon/target/dependency/org.eclipse.equinox.preferences-3.9.100.jar:/var/benchmarks/projects/spoon/target/dependency/org.eclipse.osgi-3.17.100.jar:/var/benchmarks/projects/spoon/target/dependency/log4j-1.2.17.jar, outputDir=/home/utbot_mocks/temp/testcases, mocks=Other classes: Mockito
18:18:23.674 | INFO  | Started: warmup: kotlin reflection :: init
18:18:23.749 | INFO  | Finished (in 0.074 sec): warmup: kotlin reflection :: init 
[INIT]
>> [RUN] spoon.support.reflect.code.CtForImpl 120
18:18:23.769 | DEBUG | -----------------------------------------------------------------------------
18:18:23.769 | INFO  | Contest.runGeneration: Time budget: 120000 ms, Generation timeout=102000 ms, classpath=/var/benchmarks/projects/spoon/target/classes:/var/benchmarks/projects/spoon/target/spoon-core-7.0.0.jar:/var/benchmarks/projects/./spoon/target/dependency/org.eclipse.text-3.12.0.jar:/var/benchmarks/projects/spoon/target/dependency/org.eclipse.equinox.app-1.6.100.jar:/var/benchmarks/projects/spoon/target/dependency/org.eclipse.core.contenttype-3.8.100.jar:/var/benchmarks/projects/spoon/target/dependency/mockito-all-2.0.2-beta.jar:/var/benchmarks/projects/spoon/target/dependency/jackson-databind-2.9.2.jar:/var/benchmarks/projects/spoon/target/dependency/guava-18.0.jar:/var/benchmarks/projects/spoon/target/dependency/org.eclipse.core.expressions-3.8.100.jar:/var/benchmarks/projects/spoon/target/dependency/org.eclipse.core.commands-3.10.100.jar:/var/benchmarks/projects/spoon/target/dependency/jackson-annotations-2.9.0.jar:/var/benchmarks/projects/spoon/target/dependency/org.eclipse.jdt.core-3.13.102.jar:/var/benchmarks/projects/spoon/target/dependency/org.eclipse.core.runtime-3.24.0.jar:/var/benchmarks/projects/spoon/target/dependency/org.eclipse.core.resources-3.16.0.jar:/var/benchmarks/projects/spoon/target/dependency/jackson-core-2.9.2.jar:/var/benchmarks/projects/spoon/target/dependency/junit-4.12.jar:/var/benchmarks/projects/spoon/target/dependency/org.eclipse.equinox.registry-3.11.100.jar:/var/benchmarks/projects/spoon/target/dependency/hamcrest-core-1.3.jar:/var/benchmarks/projects/spoon/target/dependency/maven-model-3.3.9.jar:/var/benchmarks/projects/spoon/target/dependency/plexus-utils-3.0.22.jar:/var/benchmarks/projects/spoon/target/dependency/jsap-2.1.jar:/var/benchmarks/projects/spoon/target/dependency/bridge-method-annotation-1.13.jar:/var/benchmarks/projects/spoon/target/dependency/org.eclipse.equinox.common-3.15.100.jar:/var/benchmarks/projects/spoon/target/dependency/org.eclipse.core.jobs-3.12.0.jar:/var/benchmarks/projects/spoon/target/dependency/commons-io-2.5.jar:/var/benchmarks/projects/spoon/target/dependency/commons-lang3-3.5.jar:/var/benchmarks/projects/spoon/target/dependency/system-rules-1.9.0.jar:/var/benchmarks/projects/spoon/target/dependency/querydsl-core-3.6.9.jar:/var/benchmarks/projects/spoon/target/dependency/org.eclipse.core.filesystem-1.9.200.jar:/var/benchmarks/projects/spoon/target/dependency/org.eclipse.equinox.preferences-3.9.100.jar:/var/benchmarks/projects/spoon/target/dependency/org.eclipse.osgi-3.17.100.jar:/var/benchmarks/projects/spoon/target/dependency/log4j-1.2.17.jar, methodNameFilter=null
18:18:23.772 | INFO  | ClassUnderTest[ FQN: spoon.support.reflect.code.CtForImpl
    classfileDir: /var/benchmarks/projects/spoon/target/classes
    testClassSimpleName: CtForImplTest
    generatedTestFile: /home/utbot_mocks/temp/testcases/spoon/support/reflect/code/CtForImplTest.java
    generatedTestsSourcesDir: /home/utbot_mocks/temp/testcases
]
18:18:23.804 | INFO  | Started: class spoon.support.reflect.code.CtForImpl
18:18:23.805 | INFO  | Started: preparation class class spoon.support.reflect.code.CtForImpl: kotlin reflection :: run
18:18:24.380 | INFO  | Finished (in 0.574 sec): preparation class class spoon.support.reflect.code.CtForImpl: kotlin reflection :: run 
18:18:24.381 | INFO  | Started: 2nd optional soot initialization
18:18:24.382 | INFO  | Finished (in 0.001 sec): 2nd optional soot initialization 
18:18:24.390 | DEBUG |  ... 
18:18:24.399 | INFO  | Started: method spoon.support.reflect.code.CtForImpl.accept(CtVisitor)
18:18:24.400 | INFO  |  -- Remaining time budget: 101379 ms, #remaining_methods: 13, budget for method: 7798 ms, solver timeout: 1000 ms, budget for symbolic execution: 6598 ms, budget for concrete execution: 1200 ms,  -- 
18:18:24.879 | DEBUG | --new testCase collected, to generate: testSpoon.support.reflect.code.CtForImpl.accept(CtVisitor)1
18:18:25.878 | DEBUG | --new testCase collected, to generate: testSpoon.support.reflect.code.CtForImpl.accept(CtVisitor)2
18:18:25.907 | DEBUG | --new testCase collected, to generate: testSpoon.support.reflect.code.CtForImpl.accept(CtVisitor)3
18:18:25.908 | INFO  | Finished (in 1.508 sec): method spoon.support.reflect.code.CtForImpl.accept(CtVisitor) 
<StatsForMethod> :
	#generatedTC=3
	WITH NO EXCEPTIONS
18:18:25.910 | DEBUG |  ... 
18:18:25.911 | INFO  | Started: method spoon.support.reflect.code.CtForImpl.clone()
18:18:25.911 | INFO  |  -- Remaining time budget: 99861 ms, #remaining_methods: 12, budget for method: 8321 ms, solver timeout: 1000 ms, budget for symbolic execution: 7121 ms, budget for concrete execution: 1200 ms,  -- 
18:18:26.173 | DEBUG | --new testCase collected, to generate: testSpoon.support.reflect.code.CtForImpl.clone()1
18:18:26.276 | INFO  | Finished (in 0.365 sec): method spoon.support.reflect.code.CtForImpl.clone() 
<StatsForMethod> :
	#generatedTC=1
	WITH NO EXCEPTIONS
18:18:26.281 | DEBUG |  ... 
18:18:26.282 | INFO  | Started: method spoon.support.reflect.code.CtForImpl.setExpression(CtExpression)
18:18:26.282 | INFO  |  -- Remaining time budget: 99489 ms, #remaining_methods: 11, budget for method: 9044 ms, solver timeout: 1000 ms, budget for symbolic execution: 7844 ms, budget for concrete execution: 1200 ms,  -- 
18:18:26.292 | DEBUG | --new testCase collected, to generate: testSpoon.support.reflect.code.CtForImpl.setExpression(CtExpression)1
18:18:27.141 | DEBUG | --new testCase collected, to generate: testSpoon.support.reflect.code.CtForImpl.setExpression(CtExpression)2
18:18:27.620 | DEBUG | --new testCase collected, to generate: testSpoon.support.reflect.code.CtForImpl.setExpression(CtExpression)3
18:18:28.863 | INFO  | Finished (in 2.580 sec): method spoon.support.reflect.code.CtForImpl.setExpression(CtExpression) 
<StatsForMethod> :
	#generatedTC=3
	WITH NO EXCEPTIONS
18:18:28.934 | DEBUG |  ... 
18:18:28.934 | INFO  | Started: method spoon.support.reflect.code.CtForImpl.getExpression()
18:18:28.935 | INFO  |  -- Remaining time budget: 96837 ms, #remaining_methods: 10, budget for method: 9683 ms, solver timeout: 1000 ms, budget for symbolic execution: 8483 ms, budget for concrete execution: 1200 ms,  -- 
18:18:28.943 | DEBUG | --new testCase collected, to generate: testSpoon.support.reflect.code.CtForImpl.getExpression()1
18:18:28.976 | DEBUG | --new testCase collected, to generate: testSpoon.support.reflect.code.CtForImpl.getExpression()2
18:18:28.976 | INFO  | Finished (in 0.041 sec): method spoon.support.reflect.code.CtForImpl.getExpression() 
<StatsForMethod> :
	#generatedTC=2
	WITH NO EXCEPTIONS
18:18:28.976 | DEBUG |  ... 
18:18:28.977 | INFO  | Started: method spoon.support.reflect.code.CtForImpl.removeForInit(CtStatement)
18:18:28.977 | INFO  |  -- Remaining time budget: 96794 ms, #remaining_methods: 9, budget for method: 10754 ms, solver timeout: 1000 ms, budget for symbolic execution: 9554 ms, budget for concrete execution: 1200 ms,  -- 
18:18:28.986 | DEBUG | --new testCase collected, to generate: testSpoon.support.reflect.code.CtForImpl.removeForInit(CtStatement)1
18:18:29.048 | DEBUG | --new testCase collected, to generate: testSpoon.support.reflect.code.CtForImpl.removeForInit(CtStatement)2
18:18:29.107 | DEBUG | --new testCase collected, to generate: testSpoon.support.reflect.code.CtForImpl.removeForInit(CtStatement)3
18:18:29.237 | DEBUG | --new testCase collected, to generate: testSpoon.support.reflect.code.CtForImpl.removeForInit(CtStatement)4
18:18:29.440 | INFO  | Finished (in 0.463 sec): method spoon.support.reflect.code.CtForImpl.removeForInit(CtStatement) 
<StatsForMethod> :
	#generatedTC=4
	WITH NO EXCEPTIONS
18:18:29.458 | DEBUG |  ... 
18:18:29.459 | INFO  | Started: method spoon.support.reflect.code.CtForImpl.getForInit()
18:18:29.459 | INFO  |  -- Remaining time budget: 96313 ms, #remaining_methods: 8, budget for method: 12039 ms, solver timeout: 1000 ms, budget for symbolic execution: 10839 ms, budget for concrete execution: 1200 ms,  -- 
18:18:29.465 | DEBUG | --new testCase collected, to generate: testSpoon.support.reflect.code.CtForImpl.getForInit()1
18:18:29.493 | DEBUG | --new testCase collected, to generate: testSpoon.support.reflect.code.CtForImpl.getForInit()2
18:18:29.493 | INFO  | Finished (in 0.035 sec): method spoon.support.reflect.code.CtForImpl.getForInit() 
<StatsForMethod> :
	#generatedTC=2
	WITH NO EXCEPTIONS
18:18:29.494 | DEBUG |  ... 
18:18:29.494 | INFO  | Started: method spoon.support.reflect.code.CtForImpl.addForInit(CtStatement)
18:18:29.494 | INFO  |  -- Remaining time budget: 96277 ms, #remaining_methods: 7, budget for method: 13753 ms, solver timeout: 1000 ms, budget for symbolic execution: 12553 ms, budget for concrete execution: 1200 ms,  -- 
18:18:29.500 | DEBUG | --new testCase collected, to generate: testSpoon.support.reflect.code.CtForImpl.addForInit(CtStatement)1
18:18:29.626 | DEBUG | --new testCase collected, to generate: testSpoon.support.reflect.code.CtForImpl.addForInit(CtStatement)2
18:18:29.736 | DEBUG | --new testCase collected, to generate: testSpoon.support.reflect.code.CtForImpl.addForInit(CtStatement)3
18:18:29.870 | DEBUG | --new testCase collected, to generate: testSpoon.support.reflect.code.CtForImpl.addForInit(CtStatement)4
18:18:30.296 | DEBUG | --new testCase collected, to generate: testSpoon.support.reflect.code.CtForImpl.addForInit(CtStatement)5
18:18:30.512 | INFO  | Finished (in 1.018 sec): method spoon.support.reflect.code.CtForImpl.addForInit(CtStatement) 
<StatsForMethod> :
	#generatedTC=5
	WITH NO EXCEPTIONS
18:18:30.551 | DEBUG |  ... 
18:18:30.551 | INFO  | Started: method spoon.support.reflect.code.CtForImpl.setForInit(List)
18:18:30.552 | INFO  |  -- Remaining time budget: 95220 ms, #remaining_methods: 6, budget for method: 15870 ms, solver timeout: 1000 ms, budget for symbolic execution: 14670 ms, budget for concrete execution: 1200 ms,  -- 
18:18:30.559 | DEBUG | --new testCase collected, to generate: testSpoon.support.reflect.code.CtForImpl.setForInit(List)1
18:18:30.643 | DEBUG | --new testCase collected, to generate: testSpoon.support.reflect.code.CtForImpl.setForInit(List)2
18:18:33.448 | DEBUG | --new testCase collected, to generate: testSpoon.support.reflect.code.CtForImpl.setForInit(List)3
18:18:34.045 | DEBUG | --new testCase collected, to generate: testSpoon.support.reflect.code.CtForImpl.setForInit(List)4
18:18:36.441 | INFO  | Finished (in 5.889 sec): method spoon.support.reflect.code.CtForImpl.setForInit(List) 
<StatsForMethod> :
	#generatedTC=4
	WITH NO EXCEPTIONS
18:18:36.566 | DEBUG |  ... 
18:18:36.567 | INFO  | Started: method spoon.support.reflect.code.CtForImpl.getForUpdate()
18:18:36.567 | INFO  |  -- Remaining time budget: 89204 ms, #remaining_methods: 5, budget for method: 17840 ms, solver timeout: 1000 ms, budget for symbolic execution: 16640 ms, budget for concrete execution: 1200 ms,  -- 
18:18:36.576 | DEBUG | --new testCase collected, to generate: testSpoon.support.reflect.code.CtForImpl.getForUpdate()1
18:18:36.607 | DEBUG | --new testCase collected, to generate: testSpoon.support.reflect.code.CtForImpl.getForUpdate()2
18:18:36.607 | INFO  | Finished (in 0.040 sec): method spoon.support.reflect.code.CtForImpl.getForUpdate() 
<StatsForMethod> :
	#generatedTC=2
	WITH NO EXCEPTIONS
18:18:36.608 | DEBUG |  ... 
18:18:36.608 | INFO  | Started: method spoon.support.reflect.code.CtForImpl.addForUpdate(CtStatement)
18:18:36.608 | INFO  |  -- Remaining time budget: 89163 ms, #remaining_methods: 4, budget for method: 22290 ms, solver timeout: 1000 ms, budget for symbolic execution: 21090 ms, budget for concrete execution: 1200 ms,  -- 
18:18:36.614 | DEBUG | --new testCase collected, to generate: testSpoon.support.reflect.code.CtForImpl.addForUpdate(CtStatement)1
18:18:36.691 | DEBUG | --new testCase collected, to generate: testSpoon.support.reflect.code.CtForImpl.addForUpdate(CtStatement)2
18:18:36.781 | DEBUG | --new testCase collected, to generate: testSpoon.support.reflect.code.CtForImpl.addForUpdate(CtStatement)3
18:18:36.885 | DEBUG | --new testCase collected, to generate: testSpoon.support.reflect.code.CtForImpl.addForUpdate(CtStatement)4
18:18:37.230 | DEBUG | --new testCase collected, to generate: testSpoon.support.reflect.code.CtForImpl.addForUpdate(CtStatement)5
18:18:37.436 | INFO  | Finished (in 0.827 sec): method spoon.support.reflect.code.CtForImpl.addForUpdate(CtStatement) 
<StatsForMethod> :
	#generatedTC=5
	WITH NO EXCEPTIONS
18:18:37.475 | DEBUG |  ... 
18:18:37.476 | INFO  | Started: method spoon.support.reflect.code.CtForImpl.setForUpdate(List)
18:18:37.476 | INFO  |  -- Remaining time budget: 88295 ms, #remaining_methods: 3, budget for method: 29431 ms, solver timeout: 1000 ms, budget for symbolic execution: 28231 ms, budget for concrete execution: 1200 ms,  -- 
18:18:37.481 | DEBUG | --new testCase collected, to generate: testSpoon.support.reflect.code.CtForImpl.setForUpdate(List)1
18:18:37.564 | DEBUG | --new testCase collected, to generate: testSpoon.support.reflect.code.CtForImpl.setForUpdate(List)2
18:18:40.291 | DEBUG | --new testCase collected, to generate: testSpoon.support.reflect.code.CtForImpl.setForUpdate(List)3
18:18:40.941 | DEBUG | --new testCase collected, to generate: testSpoon.support.reflect.code.CtForImpl.setForUpdate(List)4
18:18:43.278 | INFO  | Finished (in 5.801 sec): method spoon.support.reflect.code.CtForImpl.setForUpdate(List) 
<StatsForMethod> :
	#generatedTC=4
	WITH NO EXCEPTIONS
18:18:43.409 | DEBUG |  ... 
18:18:43.409 | INFO  | Started: method spoon.support.reflect.code.CtForImpl.removeForUpdate(CtStatement)
18:18:43.410 | INFO  |  -- Remaining time budget: 82362 ms, #remaining_methods: 2, budget for method: 41181 ms, solver timeout: 1000 ms, budget for symbolic execution: 39981 ms, budget for concrete execution: 1200 ms,  -- 
18:18:43.414 | DEBUG | --new testCase collected, to generate: testSpoon.support.reflect.code.CtForImpl.removeForUpdate(CtStatement)1
18:18:43.472 | DEBUG | --new testCase collected, to generate: testSpoon.support.reflect.code.CtForImpl.removeForUpdate(CtStatement)2
18:18:43.527 | DEBUG | --new testCase collected, to generate: testSpoon.support.reflect.code.CtForImpl.removeForUpdate(CtStatement)3
18:18:43.620 | DEBUG | --new testCase collected, to generate: testSpoon.support.reflect.code.CtForImpl.removeForUpdate(CtStatement)4
18:18:43.794 | INFO  | Finished (in 0.384 sec): method spoon.support.reflect.code.CtForImpl.removeForUpdate(CtStatement) 
<StatsForMethod> :
	#generatedTC=4
	WITH NO EXCEPTIONS
18:18:43.812 | DEBUG |  ... 
18:18:43.813 | INFO  | Started: method spoon.support.reflect.code.CtForImpl.<init>()
18:18:43.813 | INFO  |  -- Remaining time budget: 81958 ms, #remaining_methods: 1, budget for method: 81958 ms, solver timeout: 1000 ms, budget for symbolic execution: 80758 ms, budget for concrete execution: 1200 ms,  -- 
18:18:43.819 | DEBUG | --new testCase collected, to generate: testSpoon.support.reflect.code.CtForImpl.<init>()1
18:18:43.898 | INFO  | Finished (in 0.085 sec): method spoon.support.reflect.code.CtForImpl.<init>() 
<StatsForMethod> :
	#generatedTC=1
	WITH NO EXCEPTIONS
18:18:43.910 | INFO  | Started: Flushing tests for [CtForImpl] on disk
18:18:44.372 | INFO  | File size for CtForImplTest: 33 KB
18:18:44.374 | INFO  | Finished (in 0.463 sec): Flushing tests for [CtForImpl] on disk 
18:18:44.374 | INFO  | Finished (in 20.569 sec): class spoon.support.reflect.code.CtForImpl 
<StatsForClass> :
	canceled by timeout = false
	#methods = 13, 
	#methods started symbolic exploration = 13
	#methods with at least one TC = 13
	#methods with exceptions = 0
	#generated TC = 40
	#coverage = null
[READY]
