Started UtBot Contest, classfileDir = /var/benchmarks/projects/spoon/target/classes, classpathString=/var/benchmarks/projects/spoon/target/classes:/var/benchmarks/projects/spoon/target/spoon-core-7.0.0.jar:/var/benchmarks/projects/./spoon/target/dependency/org.eclipse.text-3.12.0.jar:/var/benchmarks/projects/spoon/target/dependency/org.eclipse.equinox.app-1.6.100.jar:/var/benchmarks/projects/spoon/target/dependency/org.eclipse.core.contenttype-3.8.100.jar:/var/benchmarks/projects/spoon/target/dependency/mockito-all-2.0.2-beta.jar:/var/benchmarks/projects/spoon/target/dependency/jackson-databind-2.9.2.jar:/var/benchmarks/projects/spoon/target/dependency/guava-18.0.jar:/var/benchmarks/projects/spoon/target/dependency/org.eclipse.core.expressions-3.8.100.jar:/var/benchmarks/projects/spoon/target/dependency/org.eclipse.core.commands-3.10.100.jar:/var/benchmarks/projects/spoon/target/dependency/jackson-annotations-2.9.0.jar:/var/benchmarks/projects/spoon/target/dependency/org.eclipse.jdt.core-3.13.102.jar:/var/benchmarks/projects/spoon/target/dependency/org.eclipse.core.runtime-3.24.0.jar:/var/benchmarks/projects/spoon/target/dependency/org.eclipse.core.resources-3.16.0.jar:/var/benchmarks/projects/spoon/target/dependency/jackson-core-2.9.2.jar:/var/benchmarks/projects/spoon/target/dependency/junit-4.12.jar:/var/benchmarks/projects/spoon/target/dependency/org.eclipse.equinox.registry-3.11.100.jar:/var/benchmarks/projects/spoon/target/dependency/hamcrest-core-1.3.jar:/var/benchmarks/projects/spoon/target/dependency/maven-model-3.3.9.jar:/var/benchmarks/projects/spoon/target/dependency/plexus-utils-3.0.22.jar:/var/benchmarks/projects/spoon/target/dependency/jsap-2.1.jar:/var/benchmarks/projects/spoon/target/dependency/bridge-method-annotation-1.13.jar:/var/benchmarks/projects/spoon/target/dependency/org.eclipse.equinox.common-3.15.100.jar:/var/benchmarks/projects/spoon/target/dependency/org.eclipse.core.jobs-3.12.0.jar:/var/benchmarks/projects/spoon/target/dependency/commons-io-2.5.jar:/var/benchmarks/projects/spoon/target/dependency/commons-lang3-3.5.jar:/var/benchmarks/projects/spoon/target/dependency/system-rules-1.9.0.jar:/var/benchmarks/projects/spoon/target/dependency/querydsl-core-3.6.9.jar:/var/benchmarks/projects/spoon/target/dependency/org.eclipse.core.filesystem-1.9.200.jar:/var/benchmarks/projects/spoon/target/dependency/org.eclipse.equinox.preferences-3.9.100.jar:/var/benchmarks/projects/spoon/target/dependency/org.eclipse.osgi-3.17.100.jar:/var/benchmarks/projects/spoon/target/dependency/log4j-1.2.17.jar, outputDir=/home/utbot_mocks/temp/testcases, mocks=Other classes: Mockito
13:59:59.298 | INFO  | Started: warmup: kotlin reflection :: init
13:59:59.392 | INFO  | Finished (in 0.093 sec): warmup: kotlin reflection :: init 
[INIT]
>> [RUN] spoon.support.reflect.code.CtForImpl 30
13:59:59.411 | DEBUG | -----------------------------------------------------------------------------
13:59:59.412 | INFO  | Contest.runGeneration: Time budget: 30000 ms, Generation timeout=25500 ms, classpath=/var/benchmarks/projects/spoon/target/classes:/var/benchmarks/projects/spoon/target/spoon-core-7.0.0.jar:/var/benchmarks/projects/./spoon/target/dependency/org.eclipse.text-3.12.0.jar:/var/benchmarks/projects/spoon/target/dependency/org.eclipse.equinox.app-1.6.100.jar:/var/benchmarks/projects/spoon/target/dependency/org.eclipse.core.contenttype-3.8.100.jar:/var/benchmarks/projects/spoon/target/dependency/mockito-all-2.0.2-beta.jar:/var/benchmarks/projects/spoon/target/dependency/jackson-databind-2.9.2.jar:/var/benchmarks/projects/spoon/target/dependency/guava-18.0.jar:/var/benchmarks/projects/spoon/target/dependency/org.eclipse.core.expressions-3.8.100.jar:/var/benchmarks/projects/spoon/target/dependency/org.eclipse.core.commands-3.10.100.jar:/var/benchmarks/projects/spoon/target/dependency/jackson-annotations-2.9.0.jar:/var/benchmarks/projects/spoon/target/dependency/org.eclipse.jdt.core-3.13.102.jar:/var/benchmarks/projects/spoon/target/dependency/org.eclipse.core.runtime-3.24.0.jar:/var/benchmarks/projects/spoon/target/dependency/org.eclipse.core.resources-3.16.0.jar:/var/benchmarks/projects/spoon/target/dependency/jackson-core-2.9.2.jar:/var/benchmarks/projects/spoon/target/dependency/junit-4.12.jar:/var/benchmarks/projects/spoon/target/dependency/org.eclipse.equinox.registry-3.11.100.jar:/var/benchmarks/projects/spoon/target/dependency/hamcrest-core-1.3.jar:/var/benchmarks/projects/spoon/target/dependency/maven-model-3.3.9.jar:/var/benchmarks/projects/spoon/target/dependency/plexus-utils-3.0.22.jar:/var/benchmarks/projects/spoon/target/dependency/jsap-2.1.jar:/var/benchmarks/projects/spoon/target/dependency/bridge-method-annotation-1.13.jar:/var/benchmarks/projects/spoon/target/dependency/org.eclipse.equinox.common-3.15.100.jar:/var/benchmarks/projects/spoon/target/dependency/org.eclipse.core.jobs-3.12.0.jar:/var/benchmarks/projects/spoon/target/dependency/commons-io-2.5.jar:/var/benchmarks/projects/spoon/target/dependency/commons-lang3-3.5.jar:/var/benchmarks/projects/spoon/target/dependency/system-rules-1.9.0.jar:/var/benchmarks/projects/spoon/target/dependency/querydsl-core-3.6.9.jar:/var/benchmarks/projects/spoon/target/dependency/org.eclipse.core.filesystem-1.9.200.jar:/var/benchmarks/projects/spoon/target/dependency/org.eclipse.equinox.preferences-3.9.100.jar:/var/benchmarks/projects/spoon/target/dependency/org.eclipse.osgi-3.17.100.jar:/var/benchmarks/projects/spoon/target/dependency/log4j-1.2.17.jar, methodNameFilter=null
13:59:59.416 | INFO  | ClassUnderTest[ FQN: spoon.support.reflect.code.CtForImpl
    classfileDir: /var/benchmarks/projects/spoon/target/classes
    testClassSimpleName: CtForImplTest
    generatedTestFile: /home/utbot_mocks/temp/testcases/spoon/support/reflect/code/CtForImplTest.java
    generatedTestsSourcesDir: /home/utbot_mocks/temp/testcases
]
13:59:59.448 | INFO  | Started: class spoon.support.reflect.code.CtForImpl
13:59:59.449 | INFO  | Started: preparation class class spoon.support.reflect.code.CtForImpl: kotlin reflection :: run
13:59:59.963 | INFO  | Finished (in 0.513 sec): preparation class class spoon.support.reflect.code.CtForImpl: kotlin reflection :: run 
13:59:59.964 | INFO  | Started: 2nd optional soot initialization
13:59:59.965 | INFO  | Finished (in 0.001 sec): 2nd optional soot initialization 
13:59:59.973 | DEBUG |  ... 
13:59:59.987 | INFO  | Started: method spoon.support.reflect.code.CtForImpl.accept(CtVisitor)
13:59:59.988 | INFO  |  -- Remaining time budget: 24939 ms, #remaining_methods: 13, budget for method: 1918 ms, solver timeout: 959 ms, budget for symbolic execution: 959 ms, budget for concrete execution: 959 ms,  -- 
14:00:00.488 | DEBUG | --new testCase collected, to generate: testSpoon.support.reflect.code.CtForImpl.accept(CtVisitor)1
14:00:01.428 | INFO  | |> Starting concrete execution for remaining state: spoon.support.reflect.code.CtForImpl.accept(CtVisitor)
14:00:01.511 | DEBUG | --new testCase collected, to generate: testSpoon.support.reflect.code.CtForImpl.accept(CtVisitor)2
14:00:01.537 | DEBUG | --new testCase collected, to generate: testSpoon.support.reflect.code.CtForImpl.accept(CtVisitor)3
14:00:01.539 | INFO  | Finished (in 1.551 sec): method spoon.support.reflect.code.CtForImpl.accept(CtVisitor) 
<StatsForMethod> :
	#generatedTC=3
	WITH NO EXCEPTIONS
14:00:01.541 | DEBUG |  ... 
14:00:01.541 | INFO  | Started: method spoon.support.reflect.code.CtForImpl.clone()
14:00:01.541 | INFO  |  -- Remaining time budget: 23373 ms, #remaining_methods: 12, budget for method: 1947 ms, solver timeout: 973 ms, budget for symbolic execution: 974 ms, budget for concrete execution: 973 ms,  -- 
14:00:01.832 | DEBUG | --new testCase collected, to generate: testSpoon.support.reflect.code.CtForImpl.clone()1
14:00:01.946 | INFO  | Finished (in 0.404 sec): method spoon.support.reflect.code.CtForImpl.clone() 
<StatsForMethod> :
	#generatedTC=1
	WITH NO EXCEPTIONS
14:00:01.951 | DEBUG |  ... 
14:00:01.951 | INFO  | Started: method spoon.support.reflect.code.CtForImpl.addForInit(CtStatement)
14:00:01.952 | INFO  |  -- Remaining time budget: 22963 ms, #remaining_methods: 11, budget for method: 2087 ms, solver timeout: 1000 ms, budget for symbolic execution: 1044 ms, budget for concrete execution: 1043 ms,  -- 
14:00:01.961 | DEBUG | --new testCase collected, to generate: testSpoon.support.reflect.code.CtForImpl.addForInit(CtStatement)1
14:00:02.125 | DEBUG | --new testCase collected, to generate: testSpoon.support.reflect.code.CtForImpl.addForInit(CtStatement)2
14:00:02.278 | DEBUG | --new testCase collected, to generate: testSpoon.support.reflect.code.CtForImpl.addForInit(CtStatement)3
14:00:02.491 | DEBUG | --new testCase collected, to generate: testSpoon.support.reflect.code.CtForImpl.addForInit(CtStatement)4
14:00:02.996 | INFO  | |> Starting concrete execution for remaining state: spoon.support.reflect.code.CtForImpl.addForInit(CtStatement)
14:00:03.062 | DEBUG | --new testCase collected, to generate: testSpoon.support.reflect.code.CtForImpl.addForInit(CtStatement)5
14:00:03.372 | INFO  | Finished (in 1.420 sec): method spoon.support.reflect.code.CtForImpl.addForInit(CtStatement) 
<StatsForMethod> :
	#generatedTC=5
	WITH NO EXCEPTIONS
14:00:03.412 | DEBUG |  ... 
14:00:03.413 | INFO  | Started: method spoon.support.reflect.code.CtForImpl.setForInit(List)
14:00:03.413 | INFO  |  -- Remaining time budget: 21502 ms, #remaining_methods: 10, budget for method: 2150 ms, solver timeout: 1000 ms, budget for symbolic execution: 1075 ms, budget for concrete execution: 1075 ms,  -- 
14:00:03.421 | DEBUG | --new testCase collected, to generate: testSpoon.support.reflect.code.CtForImpl.setForInit(List)1
14:00:03.522 | DEBUG | --new testCase collected, to generate: testSpoon.support.reflect.code.CtForImpl.setForInit(List)2
14:00:04.488 | INFO  | |> Starting concrete execution for remaining state: spoon.support.reflect.code.CtForImpl.setForInit(List)
14:00:05.564 | INFO  | (X) Cancelling concrete execution: spoon.support.reflect.code.CtForImpl.setForInit(List)
14:00:05.594 | INFO  | Finished (in 2.181 sec): method spoon.support.reflect.code.CtForImpl.setForInit(List) 
<StatsForMethod> :
	#generatedTC=2
	WITH NO EXCEPTIONS
14:00:05.632 | DEBUG |  ... 
14:00:05.632 | INFO  | Started: method spoon.support.reflect.code.CtForImpl.removeForInit(CtStatement)
14:00:05.632 | INFO  |  -- Remaining time budget: 19282 ms, #remaining_methods: 9, budget for method: 2142 ms, solver timeout: 1000 ms, budget for symbolic execution: 1071 ms, budget for concrete execution: 1071 ms,  -- 
14:00:05.641 | DEBUG | --new testCase collected, to generate: testSpoon.support.reflect.code.CtForImpl.removeForInit(CtStatement)1
14:00:05.711 | DEBUG | --new testCase collected, to generate: testSpoon.support.reflect.code.CtForImpl.removeForInit(CtStatement)2
14:00:05.775 | DEBUG | --new testCase collected, to generate: testSpoon.support.reflect.code.CtForImpl.removeForInit(CtStatement)3
14:00:05.916 | DEBUG | --new testCase collected, to generate: testSpoon.support.reflect.code.CtForImpl.removeForInit(CtStatement)4
14:00:06.140 | INFO  | Finished (in 0.508 sec): method spoon.support.reflect.code.CtForImpl.removeForInit(CtStatement) 
<StatsForMethod> :
	#generatedTC=4
	WITH NO EXCEPTIONS
14:00:06.158 | DEBUG |  ... 
14:00:06.158 | INFO  | Started: method spoon.support.reflect.code.CtForImpl.getForUpdate()
14:00:06.159 | INFO  |  -- Remaining time budget: 18756 ms, #remaining_methods: 8, budget for method: 2344 ms, solver timeout: 1000 ms, budget for symbolic execution: 1172 ms, budget for concrete execution: 1172 ms,  -- 
14:00:06.165 | DEBUG | --new testCase collected, to generate: testSpoon.support.reflect.code.CtForImpl.getForUpdate()1
14:00:06.195 | DEBUG | --new testCase collected, to generate: testSpoon.support.reflect.code.CtForImpl.getForUpdate()2
14:00:06.196 | INFO  | Finished (in 0.037 sec): method spoon.support.reflect.code.CtForImpl.getForUpdate() 
<StatsForMethod> :
	#generatedTC=2
	WITH NO EXCEPTIONS
14:00:06.197 | DEBUG |  ... 
14:00:06.197 | INFO  | Started: method spoon.support.reflect.code.CtForImpl.addForUpdate(CtStatement)
14:00:06.197 | INFO  |  -- Remaining time budget: 18717 ms, #remaining_methods: 7, budget for method: 2673 ms, solver timeout: 1000 ms, budget for symbolic execution: 1473 ms, budget for concrete execution: 1200 ms,  -- 
14:00:06.203 | DEBUG | --new testCase collected, to generate: testSpoon.support.reflect.code.CtForImpl.addForUpdate(CtStatement)1
14:00:06.273 | DEBUG | --new testCase collected, to generate: testSpoon.support.reflect.code.CtForImpl.addForUpdate(CtStatement)2
14:00:06.372 | DEBUG | --new testCase collected, to generate: testSpoon.support.reflect.code.CtForImpl.addForUpdate(CtStatement)3
14:00:06.495 | DEBUG | --new testCase collected, to generate: testSpoon.support.reflect.code.CtForImpl.addForUpdate(CtStatement)4
14:00:06.863 | DEBUG | --new testCase collected, to generate: testSpoon.support.reflect.code.CtForImpl.addForUpdate(CtStatement)5
14:00:07.096 | INFO  | Finished (in 0.899 sec): method spoon.support.reflect.code.CtForImpl.addForUpdate(CtStatement) 
<StatsForMethod> :
	#generatedTC=5
	WITH NO EXCEPTIONS
14:00:07.135 | DEBUG |  ... 
14:00:07.135 | INFO  | Started: method spoon.support.reflect.code.CtForImpl.setForUpdate(List)
14:00:07.136 | INFO  |  -- Remaining time budget: 17779 ms, #remaining_methods: 6, budget for method: 2963 ms, solver timeout: 1000 ms, budget for symbolic execution: 1763 ms, budget for concrete execution: 1200 ms,  -- 
14:00:07.142 | DEBUG | --new testCase collected, to generate: testSpoon.support.reflect.code.CtForImpl.setForUpdate(List)1
14:00:07.226 | DEBUG | --new testCase collected, to generate: testSpoon.support.reflect.code.CtForImpl.setForUpdate(List)2
14:00:08.899 | INFO  | |> Starting concrete execution for remaining state: spoon.support.reflect.code.CtForImpl.setForUpdate(List)
14:00:09.992 | DEBUG | --new testCase collected, to generate: testSpoon.support.reflect.code.CtForImpl.setForUpdate(List)3
14:00:10.100 | INFO  | (X) Cancelling concrete execution: spoon.support.reflect.code.CtForImpl.setForUpdate(List)
14:00:10.287 | INFO  | Finished (in 3.151 sec): method spoon.support.reflect.code.CtForImpl.setForUpdate(List) 
<StatsForMethod> :
	#generatedTC=3
	WITH NO EXCEPTIONS
14:00:10.339 | DEBUG |  ... 
14:00:10.340 | INFO  | Started: method spoon.support.reflect.code.CtForImpl.removeForUpdate(CtStatement)
14:00:10.340 | INFO  |  -- Remaining time budget: 14575 ms, #remaining_methods: 5, budget for method: 2915 ms, solver timeout: 1000 ms, budget for symbolic execution: 1715 ms, budget for concrete execution: 1200 ms,  -- 
14:00:10.345 | DEBUG | --new testCase collected, to generate: testSpoon.support.reflect.code.CtForImpl.removeForUpdate(CtStatement)1
14:00:10.402 | DEBUG | --new testCase collected, to generate: testSpoon.support.reflect.code.CtForImpl.removeForUpdate(CtStatement)2
14:00:10.454 | DEBUG | --new testCase collected, to generate: testSpoon.support.reflect.code.CtForImpl.removeForUpdate(CtStatement)3
14:00:10.554 | DEBUG | --new testCase collected, to generate: testSpoon.support.reflect.code.CtForImpl.removeForUpdate(CtStatement)4
14:00:10.734 | INFO  | Finished (in 0.394 sec): method spoon.support.reflect.code.CtForImpl.removeForUpdate(CtStatement) 
<StatsForMethod> :
	#generatedTC=4
	WITH NO EXCEPTIONS
14:00:10.751 | DEBUG |  ... 
14:00:10.752 | INFO  | Started: method spoon.support.reflect.code.CtForImpl.getExpression()
14:00:10.752 | INFO  |  -- Remaining time budget: 14162 ms, #remaining_methods: 4, budget for method: 3540 ms, solver timeout: 1000 ms, budget for symbolic execution: 2340 ms, budget for concrete execution: 1200 ms,  -- 
14:00:10.757 | DEBUG | --new testCase collected, to generate: testSpoon.support.reflect.code.CtForImpl.getExpression()1
14:00:10.783 | DEBUG | --new testCase collected, to generate: testSpoon.support.reflect.code.CtForImpl.getExpression()2
14:00:10.783 | INFO  | Finished (in 0.031 sec): method spoon.support.reflect.code.CtForImpl.getExpression() 
<StatsForMethod> :
	#generatedTC=2
	WITH NO EXCEPTIONS
14:00:10.784 | DEBUG |  ... 
14:00:10.784 | INFO  | Started: method spoon.support.reflect.code.CtForImpl.setExpression(CtExpression)
14:00:10.784 | INFO  |  -- Remaining time budget: 14130 ms, #remaining_methods: 3, budget for method: 4710 ms, solver timeout: 1000 ms, budget for symbolic execution: 3510 ms, budget for concrete execution: 1200 ms,  -- 
14:00:10.788 | DEBUG | --new testCase collected, to generate: testSpoon.support.reflect.code.CtForImpl.setExpression(CtExpression)1
14:00:11.316 | DEBUG | --new testCase collected, to generate: testSpoon.support.reflect.code.CtForImpl.setExpression(CtExpression)2
14:00:11.672 | DEBUG | --new testCase collected, to generate: testSpoon.support.reflect.code.CtForImpl.setExpression(CtExpression)3
14:00:12.664 | INFO  | Finished (in 1.879 sec): method spoon.support.reflect.code.CtForImpl.setExpression(CtExpression) 
<StatsForMethod> :
	#generatedTC=3
	WITH NO EXCEPTIONS
14:00:12.733 | DEBUG |  ... 
14:00:12.733 | INFO  | Started: method spoon.support.reflect.code.CtForImpl.getForInit()
14:00:12.734 | INFO  |  -- Remaining time budget: 12181 ms, #remaining_methods: 2, budget for method: 6090 ms, solver timeout: 1000 ms, budget for symbolic execution: 4890 ms, budget for concrete execution: 1200 ms,  -- 
14:00:12.740 | DEBUG | --new testCase collected, to generate: testSpoon.support.reflect.code.CtForImpl.getForInit()1
14:00:12.766 | DEBUG | --new testCase collected, to generate: testSpoon.support.reflect.code.CtForImpl.getForInit()2
14:00:12.767 | INFO  | Finished (in 0.033 sec): method spoon.support.reflect.code.CtForImpl.getForInit() 
<StatsForMethod> :
	#generatedTC=2
	WITH NO EXCEPTIONS
14:00:12.768 | DEBUG |  ... 
14:00:12.768 | INFO  | Started: method spoon.support.reflect.code.CtForImpl.<init>()
14:00:12.768 | INFO  |  -- Remaining time budget: 12146 ms, #remaining_methods: 1, budget for method: 12146 ms, solver timeout: 1000 ms, budget for symbolic execution: 10946 ms, budget for concrete execution: 1200 ms,  -- 
14:00:12.774 | DEBUG | --new testCase collected, to generate: testSpoon.support.reflect.code.CtForImpl.<init>()1
14:00:12.853 | INFO  | Finished (in 0.084 sec): method spoon.support.reflect.code.CtForImpl.<init>() 
<StatsForMethod> :
	#generatedTC=1
	WITH NO EXCEPTIONS
14:00:12.863 | INFO  | Started: Flushing tests for [CtForImpl] on disk
14:00:13.350 | INFO  | File size for CtForImplTest: 31 KB
14:00:13.352 | INFO  | Finished (in 0.488 sec): Flushing tests for [CtForImpl] on disk 
14:00:13.353 | INFO  | Finished (in 13.904 sec): class spoon.support.reflect.code.CtForImpl 
<StatsForClass> :
	canceled by timeout = false
	#methods = 13, 
	#methods started symbolic exploration = 13
	#methods with at least one TC = 13
	#methods with exceptions = 0
	#generated TC = 37
	#coverage = null
[READY]
