Started UtBot Contest, classfileDir = /var/benchmarks/projects/fastjson/target/classes, classpathString=/var/benchmarks/projects/fastjson/target/classes:/var/benchmarks/projects/fastjson/target/fastjson-1.2.50-SNAPSHOT.jar:/var/benchmarks/projects/./fastjson/target/dependency/deeptestutils-1.1.0.jar:/var/benchmarks/projects/fastjson/target/dependency/commons-beanutils-1.8.0.jar:/var/benchmarks/projects/fastjson/target/dependency/woodstox-core-asl-4.4.1.jar:/var/benchmarks/projects/fastjson/target/dependency/spring-aop-4.3.7.RELEASE.jar:/var/benchmarks/projects/fastjson/target/dependency/hibernate-core-5.2.10.Final.jar:/var/benchmarks/projects/fastjson/target/dependency/jackson-module-kotlin-2.9.0.jar:/var/benchmarks/projects/fastjson/target/dependency/spring-data-commons-1.13.6.RELEASE.jar:/var/benchmarks/projects/fastjson/target/dependency/javax.annotation-api-1.2.jar:/var/benchmarks/projects/fastjson/target/dependency/gson-2.6.2.jar:/var/benchmarks/projects/fastjson/target/dependency/jetty-continuation-8.1.8.v20121106.jar:/var/benchmarks/projects/fastjson/target/dependency/objenesis-2.5.1.jar:/var/benchmarks/projects/fastjson/target/dependency/powermock-reflect-1.6.6.jar:/var/benchmarks/projects/fastjson/target/dependency/springfox-spring-web-2.6.1.jar:/var/benchmarks/projects/fastjson/target/dependency/javaslang-2.0.6.jar:/var/benchmarks/projects/fastjson/target/dependency/guava-18.0.jar:/var/benchmarks/projects/fastjson/target/dependency/mockito-core-1.10.19.jar:/var/benchmarks/projects/fastjson/target/dependency/json-lib-2.4-jdk15.jar:/var/benchmarks/projects/fastjson/target/dependency/jetty-xml-8.1.8.v20121106.jar:/var/benchmarks/projects/fastjson/target/dependency/xmlschema-core-2.2.1.jar:/var/benchmarks/projects/fastjson/target/dependency/powermock-api-support-1.6.6.jar:/var/benchmarks/projects/fastjson/target/dependency/commons-collections4-4.1.jar:/var/benchmarks/projects/fastjson/target/dependency/cglib-nodep-2.2.2.jar:/var/benchmarks/projects/fastjson/target/dependency/asm-debug-all-5.0.4.jar:/var/benchmarks/projects/fastjson/target/dependency/spring-plugin-core-1.2.0.RELEASE.jar:/var/benchmarks/projects/fastjson/target/dependency/cxf-rt-rs-client-3.1.2.jar:/var/benchmarks/projects/fastjson/target/dependency/jetty-io-8.1.8.v20121106.jar:/var/benchmarks/projects/fastjson/target/dependency/commons-lang3-3.4.jar:/var/benchmarks/projects/fastjson/target/dependency/stax2-api-3.1.4.jar:/var/benchmarks/projects/fastjson/target/dependency/jackson-annotations-2.9.0.jar:/var/benchmarks/projects/fastjson/target/dependency/jetty-server-8.1.8.v20121106.jar:/var/benchmarks/projects/fastjson/target/dependency/json-simple-1.1.1.jar:/var/benchmarks/projects/fastjson/target/dependency/asm-tree-4.0.jar:/var/benchmarks/projects/fastjson/target/dependency/spring-data-commons-core-1.4.1.RELEASE.jar:/var/benchmarks/projects/fastjson/target/dependency/powermock-module-junit4-common-1.6.6.jar:/var/benchmarks/projects/fastjson/target/dependency/jcl-over-slf4j-1.7.25.jar:/var/benchmarks/projects/fastjson/target/dependency/javax.servlet-3.0.0.v201112011016.jar:/var/benchmarks/projects/fastjson/target/dependency/springfox-core-2.6.1.jar:/var/benchmarks/projects/fastjson/target/dependency/osgi-resource-locator-1.0.1.jar:/var/benchmarks/projects/fastjson/target/dependency/javassist-3.18.0-GA.jar:/var/benchmarks/projects/fastjson/target/dependency/kotlin-reflect-1.1.3-2.jar:/var/benchmarks/projects/fastjson/target/dependency/spring-context-support-4.3.10.RELEASE.jar:/var/benchmarks/projects/fastjson/target/dependency/spring-plugin-metadata-1.2.0.RELEASE.jar:/var/benchmarks/projects/fastjson/target/dependency/kotlin-stdlib-1.1.3-2.jar:/var/benchmarks/projects/fastjson/target/dependency/spring-data-keyvalue-1.2.6.RELEASE.jar:/var/benchmarks/projects/fastjson/target/dependency/jersey-container-servlet-core-2.23.2.jar:/var/benchmarks/projects/fastjson/target/dependency/asm-4.0.jar:/var/benchmarks/projects/fastjson/target/dependency/asm-commons-4.0.jar:/var/benchmarks/projects/fastjson/target/dependency/jersey-guava-2.23.2.jar:/var/benchmarks/projects/fastjson/target/dependency/aopalliance-1.0.jar:/var/benchmarks/projects/fastjson/target/dependency/groovy-2.1.5.jar:/var/benchmarks/projects/fastjson/target/dependency/hk2-api-2.5.0-b05.jar:/var/benchmarks/projects/fastjson/target/dependency/jetty-security-8.1.8.v20121106.jar:/var/benchmarks/projects/fastjson/target/dependency/jmh-core-1.21.jar:/var/benchmarks/projects/fastjson/target/dependency/jersey-container-servlet-2.23.2.jar:/var/benchmarks/projects/fastjson/target/dependency/dom4j-1.6.1.jar:/var/benchmarks/projects/fastjson/target/dependency/spring-core-4.3.7.RELEASE.jar:/var/benchmarks/projects/fastjson/target/dependency/spring-data-redis-1.8.6.RELEASE.jar:/var/benchmarks/projects/fastjson/target/dependency/jackson-core-asl-1.9.13.jar:/var/benchmarks/projects/fastjson/target/dependency/jackson-mapper-asl-1.9.13.jar:/var/benchmarks/projects/fastjson/target/dependency/hibernate-jpa-2.1-api-1.0.0.Final.jar:/var/benchmarks/projects/fastjson/target/dependency/junit-4.12.jar:/var/benchmarks/projects/fastjson/target/dependency/commons-io-1.4.jar:/var/benchmarks/projects/fastjson/target/dependency/jetty-util-8.1.8.v20121106.jar:/var/benchmarks/projects/fastjson/target/dependency/hamcrest-core-1.3.jar:/var/benchmarks/projects/fastjson/target/dependency/jmh-generator-annprocess-1.21.jar:/var/benchmarks/projects/fastjson/target/dependency/jackson-jaxrs-base-2.8.7.jar:/var/benchmarks/projects/fastjson/target/dependency/powermock-module-junit4-1.6.6.jar:/var/benchmarks/projects/fastjson/target/dependency/powermock-core-1.6.6.jar:/var/benchmarks/projects/fastjson/target/dependency/slf4j-api-1.7.25.jar:/var/benchmarks/projects/fastjson/target/dependency/antlr-2.7.7.jar:/var/benchmarks/projects/fastjson/target/dependency/mockito-all-1.10.19.jar:/var/benchmarks/projects/fastjson/target/dependency/jersey-container-jdk-http-2.23.2.jar:/var/benchmarks/projects/fastjson/target/dependency/javaslang-match-2.0.6.jar:/var/benchmarks/projects/fastjson/target/dependency/jersey-test-framework-provider-jdk-http-2.23.2.jar:/var/benchmarks/projects/fastjson/target/dependency/jersey-entity-filtering-2.23.2.jar:/var/benchmarks/projects/fastjson/target/dependency/jandex-2.0.3.Final.jar:/var/benchmarks/projects/fastjson/target/dependency/ezmorph-1.0.6.jar:/var/benchmarks/projects/fastjson/target/dependency/jackson-jaxrs-json-provider-2.8.7.jar:/var/benchmarks/projects/fastjson/target/dependency/cxf-rt-transports-http-3.1.2.jar:/var/benchmarks/projects/fastjson/target/dependency/spring-beans-4.3.7.RELEASE.jar:/var/benchmarks/projects/fastjson/target/dependency/jersey-server-2.23.2.jar:/var/benchmarks/projects/fastjson/target/dependency/powermock-api-mockito-1.6.6.jar:/var/benchmarks/projects/fastjson/target/dependency/jackson-module-jaxb-annotations-2.8.7.jar:/var/benchmarks/projects/fastjson/target/dependency/jopt-simple-4.6.jar:/var/benchmarks/projects/fastjson/target/dependency/asm-analysis-4.0.jar:/var/benchmarks/projects/fastjson/target/dependency/annotations-13.0.jar:/var/benchmarks/projects/fastjson/target/dependency/json-path-2.3.0.jar:/var/benchmarks/projects/fastjson/target/dependency/springfox-spi-2.6.1.jar:/var/benchmarks/projects/fastjson/target/dependency/spring-websocket-4.3.7.RELEASE.jar:/var/benchmarks/projects/fastjson/target/dependency/spring-messaging-4.3.7.RELEASE.jar:/var/benchmarks/projects/fastjson/target/dependency/jersey-client-2.23.2.jar:/var/benchmarks/projects/fastjson/target/dependency/javax.ws.rs-api-2.0.1.jar:/var/benchmarks/projects/fastjson/target/dependency/accessors-smart-1.1.jar:/var/benchmarks/projects/fastjson/target/dependency/hibernate-commons-annotations-5.0.1.Final.jar:/var/benchmarks/projects/fastjson/target/dependency/commons-logging-1.1.1.jar:/var/benchmarks/projects/fastjson/target/dependency/jackson-core-2.9.0.jar:/var/benchmarks/projects/fastjson/target/dependency/spring-expression-4.3.7.RELEASE.jar:/var/benchmarks/projects/fastjson/target/dependency/jersey-media-jaxb-2.23.2.jar:/var/benchmarks/projects/fastjson/target/dependency/okhttp-3.6.0.jar:/var/benchmarks/projects/fastjson/target/dependency/commons-math3-3.2.jar:/var/benchmarks/projects/fastjson/target/dependency/jetty-webapp-8.1.8.v20121106.jar:/var/benchmarks/projects/fastjson/target/dependency/javax.inject-2.5.0-b05.jar:/var/benchmarks/projects/fastjson/target/dependency/cxf-core-3.1.2.jar:/var/benchmarks/projects/fastjson/target/dependency/powermock-api-mockito-common-1.6.6.jar:/var/benchmarks/projects/fastjson/target/dependency/jetty-http-8.1.8.v20121106.jar:/var/benchmarks/projects/fastjson/target/dependency/spring-security-config-3.2.10.RELEASE.jar:/var/benchmarks/projects/fastjson/target/dependency/okio-1.11.0.jar:/var/benchmarks/projects/fastjson/target/dependency/javax.servlet-api-3.1.0.jar:/var/benchmarks/projects/fastjson/target/dependency/json-smart-2.2.1.jar:/var/benchmarks/projects/fastjson/target/dependency/spring-tx-4.3.10.RELEASE.jar:/var/benchmarks/projects/fastjson/target/dependency/jackson-module-afterburner-2.9.0.jar:/var/benchmarks/projects/fastjson/target/dependency/asm-util-4.0.jar:/var/benchmarks/projects/fastjson/target/dependency/spring-security-web-4.2.3.RELEASE.jar:/var/benchmarks/projects/fastjson/target/dependency/spring-webmvc-4.3.7.RELEASE.jar:/var/benchmarks/projects/fastjson/target/dependency/hk2-locator-2.5.0-b05.jar:/var/benchmarks/projects/fastjson/target/dependency/retrofit-2.1.0.jar:/var/benchmarks/projects/fastjson/target/dependency/clojure-1.5.1.jar:/var/benchmarks/projects/fastjson/target/dependency/spring-security-oauth2-2.3.3.RELEASE.jar:/var/benchmarks/projects/fastjson/target/dependency/spring-test-4.3.7.RELEASE.jar:/var/benchmarks/projects/fastjson/target/dependency/aopalliance-repackaged-2.5.0-b05.jar:/var/benchmarks/projects/fastjson/target/dependency/spring-oxm-4.3.10.RELEASE.jar:/var/benchmarks/projects/fastjson/target/dependency/spring-security-core-4.2.3.RELEASE.jar:/var/benchmarks/projects/fastjson/target/dependency/jboss-transaction-api_1.2_spec-1.0.1.Final.jar:/var/benchmarks/projects/fastjson/target/dependency/lombok-1.14.4.jar:/var/benchmarks/projects/fastjson/target/dependency/commons-collections-3.2.1.jar:/var/benchmarks/projects/fastjson/target/dependency/cxf-rt-frontend-jaxrs-3.1.2.jar:/var/benchmarks/projects/fastjson/target/dependency/spring-context-4.3.7.RELEASE.jar:/var/benchmarks/projects/fastjson/target/dependency/jersey-test-framework-core-2.23.2.jar:/var/benchmarks/projects/fastjson/target/dependency/classmate-1.3.1.jar:/var/benchmarks/projects/fastjson/target/dependency/hk2-utils-2.5.0-b05.jar:/var/benchmarks/projects/fastjson/target/dependency/jersey-common-2.23.2.jar:/var/benchmarks/projects/fastjson/target/dependency/jackson-databind-2.9.0.jar:/var/benchmarks/projects/fastjson/target/dependency/jersey-media-json-jackson-2.23.2.jar:/var/benchmarks/projects/fastjson/target/dependency/commons-lang-2.5.jar:/var/benchmarks/projects/fastjson/target/dependency/jetty-servlet-8.1.8.v20121106.jar:/var/benchmarks/projects/fastjson/target/dependency/validation-api-1.1.0.Final.jar:/var/benchmarks/projects/fastjson/target/dependency/spring-web-4.3.7.RELEASE.jar:/var/benchmarks/projects/fastjson/target/dependency/jsoniter-0.9.8.jar:/var/benchmarks/projects/fastjson/target/dependency/jboss-logging-3.3.0.Final.jar, outputDir=/home/utbot_mocks/temp/testcases, mocks=Other classes: Mockito
16:50:24.622 | INFO  | Started: warmup: kotlin reflection :: init
16:50:24.708 | INFO  | Finished (in 0.085 sec): warmup: kotlin reflection :: init 
[INIT]
>> [RUN] com.alibaba.fastjson.JSONReader 30
16:50:24.719 | DEBUG | -----------------------------------------------------------------------------
16:50:24.720 | INFO  | Contest.runGeneration: Time budget: 30000 ms, Generation timeout=25500 ms, classpath=/var/benchmarks/projects/fastjson/target/classes:/var/benchmarks/projects/fastjson/target/fastjson-1.2.50-SNAPSHOT.jar:/var/benchmarks/projects/./fastjson/target/dependency/deeptestutils-1.1.0.jar:/var/benchmarks/projects/fastjson/target/dependency/commons-beanutils-1.8.0.jar:/var/benchmarks/projects/fastjson/target/dependency/woodstox-core-asl-4.4.1.jar:/var/benchmarks/projects/fastjson/target/dependency/spring-aop-4.3.7.RELEASE.jar:/var/benchmarks/projects/fastjson/target/dependency/hibernate-core-5.2.10.Final.jar:/var/benchmarks/projects/fastjson/target/dependency/jackson-module-kotlin-2.9.0.jar:/var/benchmarks/projects/fastjson/target/dependency/spring-data-commons-1.13.6.RELEASE.jar:/var/benchmarks/projects/fastjson/target/dependency/javax.annotation-api-1.2.jar:/var/benchmarks/projects/fastjson/target/dependency/gson-2.6.2.jar:/var/benchmarks/projects/fastjson/target/dependency/jetty-continuation-8.1.8.v20121106.jar:/var/benchmarks/projects/fastjson/target/dependency/objenesis-2.5.1.jar:/var/benchmarks/projects/fastjson/target/dependency/powermock-reflect-1.6.6.jar:/var/benchmarks/projects/fastjson/target/dependency/springfox-spring-web-2.6.1.jar:/var/benchmarks/projects/fastjson/target/dependency/javaslang-2.0.6.jar:/var/benchmarks/projects/fastjson/target/dependency/guava-18.0.jar:/var/benchmarks/projects/fastjson/target/dependency/mockito-core-1.10.19.jar:/var/benchmarks/projects/fastjson/target/dependency/json-lib-2.4-jdk15.jar:/var/benchmarks/projects/fastjson/target/dependency/jetty-xml-8.1.8.v20121106.jar:/var/benchmarks/projects/fastjson/target/dependency/xmlschema-core-2.2.1.jar:/var/benchmarks/projects/fastjson/target/dependency/powermock-api-support-1.6.6.jar:/var/benchmarks/projects/fastjson/target/dependency/commons-collections4-4.1.jar:/var/benchmarks/projects/fastjson/target/dependency/cglib-nodep-2.2.2.jar:/var/benchmarks/projects/fastjson/target/dependency/asm-debug-all-5.0.4.jar:/var/benchmarks/projects/fastjson/target/dependency/spring-plugin-core-1.2.0.RELEASE.jar:/var/benchmarks/projects/fastjson/target/dependency/cxf-rt-rs-client-3.1.2.jar:/var/benchmarks/projects/fastjson/target/dependency/jetty-io-8.1.8.v20121106.jar:/var/benchmarks/projects/fastjson/target/dependency/commons-lang3-3.4.jar:/var/benchmarks/projects/fastjson/target/dependency/stax2-api-3.1.4.jar:/var/benchmarks/projects/fastjson/target/dependency/jackson-annotations-2.9.0.jar:/var/benchmarks/projects/fastjson/target/dependency/jetty-server-8.1.8.v20121106.jar:/var/benchmarks/projects/fastjson/target/dependency/json-simple-1.1.1.jar:/var/benchmarks/projects/fastjson/target/dependency/asm-tree-4.0.jar:/var/benchmarks/projects/fastjson/target/dependency/spring-data-commons-core-1.4.1.RELEASE.jar:/var/benchmarks/projects/fastjson/target/dependency/powermock-module-junit4-common-1.6.6.jar:/var/benchmarks/projects/fastjson/target/dependency/jcl-over-slf4j-1.7.25.jar:/var/benchmarks/projects/fastjson/target/dependency/javax.servlet-3.0.0.v201112011016.jar:/var/benchmarks/projects/fastjson/target/dependency/springfox-core-2.6.1.jar:/var/benchmarks/projects/fastjson/target/dependency/osgi-resource-locator-1.0.1.jar:/var/benchmarks/projects/fastjson/target/dependency/javassist-3.18.0-GA.jar:/var/benchmarks/projects/fastjson/target/dependency/kotlin-reflect-1.1.3-2.jar:/var/benchmarks/projects/fastjson/target/dependency/spring-context-support-4.3.10.RELEASE.jar:/var/benchmarks/projects/fastjson/target/dependency/spring-plugin-metadata-1.2.0.RELEASE.jar:/var/benchmarks/projects/fastjson/target/dependency/kotlin-stdlib-1.1.3-2.jar:/var/benchmarks/projects/fastjson/target/dependency/spring-data-keyvalue-1.2.6.RELEASE.jar:/var/benchmarks/projects/fastjson/target/dependency/jersey-container-servlet-core-2.23.2.jar:/var/benchmarks/projects/fastjson/target/dependency/asm-4.0.jar:/var/benchmarks/projects/fastjson/target/dependency/asm-commons-4.0.jar:/var/benchmarks/projects/fastjson/target/dependency/jersey-guava-2.23.2.jar:/var/benchmarks/projects/fastjson/target/dependency/aopalliance-1.0.jar:/var/benchmarks/projects/fastjson/target/dependency/groovy-2.1.5.jar:/var/benchmarks/projects/fastjson/target/dependency/hk2-api-2.5.0-b05.jar:/var/benchmarks/projects/fastjson/target/dependency/jetty-security-8.1.8.v20121106.jar:/var/benchmarks/projects/fastjson/target/dependency/jmh-core-1.21.jar:/var/benchmarks/projects/fastjson/target/dependency/jersey-container-servlet-2.23.2.jar:/var/benchmarks/projects/fastjson/target/dependency/dom4j-1.6.1.jar:/var/benchmarks/projects/fastjson/target/dependency/spring-core-4.3.7.RELEASE.jar:/var/benchmarks/projects/fastjson/target/dependency/spring-data-redis-1.8.6.RELEASE.jar:/var/benchmarks/projects/fastjson/target/dependency/jackson-core-asl-1.9.13.jar:/var/benchmarks/projects/fastjson/target/dependency/jackson-mapper-asl-1.9.13.jar:/var/benchmarks/projects/fastjson/target/dependency/hibernate-jpa-2.1-api-1.0.0.Final.jar:/var/benchmarks/projects/fastjson/target/dependency/junit-4.12.jar:/var/benchmarks/projects/fastjson/target/dependency/commons-io-1.4.jar:/var/benchmarks/projects/fastjson/target/dependency/jetty-util-8.1.8.v20121106.jar:/var/benchmarks/projects/fastjson/target/dependency/hamcrest-core-1.3.jar:/var/benchmarks/projects/fastjson/target/dependency/jmh-generator-annprocess-1.21.jar:/var/benchmarks/projects/fastjson/target/dependency/jackson-jaxrs-base-2.8.7.jar:/var/benchmarks/projects/fastjson/target/dependency/powermock-module-junit4-1.6.6.jar:/var/benchmarks/projects/fastjson/target/dependency/powermock-core-1.6.6.jar:/var/benchmarks/projects/fastjson/target/dependency/slf4j-api-1.7.25.jar:/var/benchmarks/projects/fastjson/target/dependency/antlr-2.7.7.jar:/var/benchmarks/projects/fastjson/target/dependency/mockito-all-1.10.19.jar:/var/benchmarks/projects/fastjson/target/dependency/jersey-container-jdk-http-2.23.2.jar:/var/benchmarks/projects/fastjson/target/dependency/javaslang-match-2.0.6.jar:/var/benchmarks/projects/fastjson/target/dependency/jersey-test-framework-provider-jdk-http-2.23.2.jar:/var/benchmarks/projects/fastjson/target/dependency/jersey-entity-filtering-2.23.2.jar:/var/benchmarks/projects/fastjson/target/dependency/jandex-2.0.3.Final.jar:/var/benchmarks/projects/fastjson/target/dependency/ezmorph-1.0.6.jar:/var/benchmarks/projects/fastjson/target/dependency/jackson-jaxrs-json-provider-2.8.7.jar:/var/benchmarks/projects/fastjson/target/dependency/cxf-rt-transports-http-3.1.2.jar:/var/benchmarks/projects/fastjson/target/dependency/spring-beans-4.3.7.RELEASE.jar:/var/benchmarks/projects/fastjson/target/dependency/jersey-server-2.23.2.jar:/var/benchmarks/projects/fastjson/target/dependency/powermock-api-mockito-1.6.6.jar:/var/benchmarks/projects/fastjson/target/dependency/jackson-module-jaxb-annotations-2.8.7.jar:/var/benchmarks/projects/fastjson/target/dependency/jopt-simple-4.6.jar:/var/benchmarks/projects/fastjson/target/dependency/asm-analysis-4.0.jar:/var/benchmarks/projects/fastjson/target/dependency/annotations-13.0.jar:/var/benchmarks/projects/fastjson/target/dependency/json-path-2.3.0.jar:/var/benchmarks/projects/fastjson/target/dependency/springfox-spi-2.6.1.jar:/var/benchmarks/projects/fastjson/target/dependency/spring-websocket-4.3.7.RELEASE.jar:/var/benchmarks/projects/fastjson/target/dependency/spring-messaging-4.3.7.RELEASE.jar:/var/benchmarks/projects/fastjson/target/dependency/jersey-client-2.23.2.jar:/var/benchmarks/projects/fastjson/target/dependency/javax.ws.rs-api-2.0.1.jar:/var/benchmarks/projects/fastjson/target/dependency/accessors-smart-1.1.jar:/var/benchmarks/projects/fastjson/target/dependency/hibernate-commons-annotations-5.0.1.Final.jar:/var/benchmarks/projects/fastjson/target/dependency/commons-logging-1.1.1.jar:/var/benchmarks/projects/fastjson/target/dependency/jackson-core-2.9.0.jar:/var/benchmarks/projects/fastjson/target/dependency/spring-expression-4.3.7.RELEASE.jar:/var/benchmarks/projects/fastjson/target/dependency/jersey-media-jaxb-2.23.2.jar:/var/benchmarks/projects/fastjson/target/dependency/okhttp-3.6.0.jar:/var/benchmarks/projects/fastjson/target/dependency/commons-math3-3.2.jar:/var/benchmarks/projects/fastjson/target/dependency/jetty-webapp-8.1.8.v20121106.jar:/var/benchmarks/projects/fastjson/target/dependency/javax.inject-2.5.0-b05.jar:/var/benchmarks/projects/fastjson/target/dependency/cxf-core-3.1.2.jar:/var/benchmarks/projects/fastjson/target/dependency/powermock-api-mockito-common-1.6.6.jar:/var/benchmarks/projects/fastjson/target/dependency/jetty-http-8.1.8.v20121106.jar:/var/benchmarks/projects/fastjson/target/dependency/spring-security-config-3.2.10.RELEASE.jar:/var/benchmarks/projects/fastjson/target/dependency/okio-1.11.0.jar:/var/benchmarks/projects/fastjson/target/dependency/javax.servlet-api-3.1.0.jar:/var/benchmarks/projects/fastjson/target/dependency/json-smart-2.2.1.jar:/var/benchmarks/projects/fastjson/target/dependency/spring-tx-4.3.10.RELEASE.jar:/var/benchmarks/projects/fastjson/target/dependency/jackson-module-afterburner-2.9.0.jar:/var/benchmarks/projects/fastjson/target/dependency/asm-util-4.0.jar:/var/benchmarks/projects/fastjson/target/dependency/spring-security-web-4.2.3.RELEASE.jar:/var/benchmarks/projects/fastjson/target/dependency/spring-webmvc-4.3.7.RELEASE.jar:/var/benchmarks/projects/fastjson/target/dependency/hk2-locator-2.5.0-b05.jar:/var/benchmarks/projects/fastjson/target/dependency/retrofit-2.1.0.jar:/var/benchmarks/projects/fastjson/target/dependency/clojure-1.5.1.jar:/var/benchmarks/projects/fastjson/target/dependency/spring-security-oauth2-2.3.3.RELEASE.jar:/var/benchmarks/projects/fastjson/target/dependency/spring-test-4.3.7.RELEASE.jar:/var/benchmarks/projects/fastjson/target/dependency/aopalliance-repackaged-2.5.0-b05.jar:/var/benchmarks/projects/fastjson/target/dependency/spring-oxm-4.3.10.RELEASE.jar:/var/benchmarks/projects/fastjson/target/dependency/spring-security-core-4.2.3.RELEASE.jar:/var/benchmarks/projects/fastjson/target/dependency/jboss-transaction-api_1.2_spec-1.0.1.Final.jar:/var/benchmarks/projects/fastjson/target/dependency/lombok-1.14.4.jar:/var/benchmarks/projects/fastjson/target/dependency/commons-collections-3.2.1.jar:/var/benchmarks/projects/fastjson/target/dependency/cxf-rt-frontend-jaxrs-3.1.2.jar:/var/benchmarks/projects/fastjson/target/dependency/spring-context-4.3.7.RELEASE.jar:/var/benchmarks/projects/fastjson/target/dependency/jersey-test-framework-core-2.23.2.jar:/var/benchmarks/projects/fastjson/target/dependency/classmate-1.3.1.jar:/var/benchmarks/projects/fastjson/target/dependency/hk2-utils-2.5.0-b05.jar:/var/benchmarks/projects/fastjson/target/dependency/jersey-common-2.23.2.jar:/var/benchmarks/projects/fastjson/target/dependency/jackson-databind-2.9.0.jar:/var/benchmarks/projects/fastjson/target/dependency/jersey-media-json-jackson-2.23.2.jar:/var/benchmarks/projects/fastjson/target/dependency/commons-lang-2.5.jar:/var/benchmarks/projects/fastjson/target/dependency/jetty-servlet-8.1.8.v20121106.jar:/var/benchmarks/projects/fastjson/target/dependency/validation-api-1.1.0.Final.jar:/var/benchmarks/projects/fastjson/target/dependency/spring-web-4.3.7.RELEASE.jar:/var/benchmarks/projects/fastjson/target/dependency/jsoniter-0.9.8.jar:/var/benchmarks/projects/fastjson/target/dependency/jboss-logging-3.3.0.Final.jar, methodNameFilter=null
16:50:24.723 | INFO  | ClassUnderTest[ FQN: com.alibaba.fastjson.JSONReader
    classfileDir: /var/benchmarks/projects/fastjson/target/classes
    testClassSimpleName: JSONReaderTest
    generatedTestFile: /home/utbot_mocks/temp/testcases/com/alibaba/fastjson/JSONReaderTest.java
    generatedTestsSourcesDir: /home/utbot_mocks/temp/testcases
]
16:50:24.745 | INFO  | Started: class com.alibaba.fastjson.JSONReader
16:50:24.746 | INFO  | Started: preparation class class com.alibaba.fastjson.JSONReader: kotlin reflection :: run
16:50:24.793 | INFO  | Finished (in 0.047 sec): preparation class class com.alibaba.fastjson.JSONReader: kotlin reflection :: run 
16:50:24.794 | INFO  | Started: 2nd optional soot initialization
16:50:24.795 | INFO  | Finished (in 0.001 sec): 2nd optional soot initialization 
16:50:24.802 | DEBUG |  ... 
16:50:24.810 | INFO  | Started: method com.alibaba.fastjson.JSONReader.close()
16:50:24.812 | INFO  |  -- Remaining time budget: 25415 ms, #remaining_methods: 29, budget for method: 876 ms, solver timeout: 438 ms, budget for symbolic execution: 438 ms, budget for concrete execution: 438 ms,  -- 
16:50:25.172 | DEBUG | --new testCase collected, to generate: testCom.alibaba.fastjson.JSONReader.close()1
16:50:25.248 | INFO  | |> Starting concrete execution for remaining state: com.alibaba.fastjson.JSONReader.close()
16:50:25.364 | DEBUG | --new testCase collected, to generate: testCom.alibaba.fastjson.JSONReader.close()2
16:50:25.365 | INFO  | Finished (in 0.554 sec): method com.alibaba.fastjson.JSONReader.close() 
<StatsForMethod> :
	#generatedTC=2
	WITH NO EXCEPTIONS
16:50:25.367 | DEBUG |  ... 
16:50:25.367 | INFO  | Started: method com.alibaba.fastjson.JSONReader.readString()
16:50:25.368 | INFO  |  -- Remaining time budget: 24855 ms, #remaining_methods: 28, budget for method: 887 ms, solver timeout: 443 ms, budget for symbolic execution: 444 ms, budget for concrete execution: 443 ms,  -- 
16:50:25.377 | DEBUG | --new testCase collected, to generate: testCom.alibaba.fastjson.JSONReader.readString()1
16:50:25.736 | DEBUG | --new testCase collected, to generate: testCom.alibaba.fastjson.JSONReader.readString()2
16:50:25.812 | INFO  | |> Starting concrete execution for remaining state: com.alibaba.fastjson.JSONReader.readString()
16:50:26.413 | INFO  | (X) Cancelling concrete execution: com.alibaba.fastjson.JSONReader.readString()
16:50:26.428 | INFO  | Finished (in 1.061 sec): method com.alibaba.fastjson.JSONReader.readString() 
<StatsForMethod> :
	#generatedTC=2
	WITH NO EXCEPTIONS
16:50:26.434 | DEBUG |  ... 
16:50:26.434 | INFO  | Started: method com.alibaba.fastjson.JSONReader.setLocale(Locale)
16:50:26.435 | INFO  |  -- Remaining time budget: 23788 ms, #remaining_methods: 27, budget for method: 881 ms, solver timeout: 440 ms, budget for symbolic execution: 441 ms, budget for concrete execution: 440 ms,  -- 
16:50:26.452 | DEBUG | --new testCase collected, to generate: testCom.alibaba.fastjson.JSONReader.setLocale(Locale)1
16:50:26.488 | DEBUG | --new testCase collected, to generate: testCom.alibaba.fastjson.JSONReader.setLocale(Locale)2
16:50:26.489 | INFO  | Finished (in 0.054 sec): method com.alibaba.fastjson.JSONReader.setLocale(Locale) 
<StatsForMethod> :
	#generatedTC=2
	WITH NO EXCEPTIONS
16:50:26.490 | DEBUG |  ... 
16:50:26.490 | INFO  | Started: method com.alibaba.fastjson.JSONReader.readLong()
16:50:26.491 | INFO  |  -- Remaining time budget: 23732 ms, #remaining_methods: 26, budget for method: 912 ms, solver timeout: 456 ms, budget for symbolic execution: 456 ms, budget for concrete execution: 456 ms,  -- 
16:50:26.498 | DEBUG | --new testCase collected, to generate: testCom.alibaba.fastjson.JSONReader.readLong()1
16:50:26.776 | DEBUG | --new testCase collected, to generate: testCom.alibaba.fastjson.JSONReader.readLong()2
16:50:26.947 | INFO  | |> Starting concrete execution for remaining state: com.alibaba.fastjson.JSONReader.readLong()
16:50:27.404 | INFO  | (X) Cancelling concrete execution: com.alibaba.fastjson.JSONReader.readLong()
16:50:27.441 | INFO  | Finished (in 0.951 sec): method com.alibaba.fastjson.JSONReader.readLong() 
<StatsForMethod> :
	#generatedTC=2
	WITH NO EXCEPTIONS
16:50:27.455 | DEBUG |  ... 
16:50:27.455 | INFO  | Started: method com.alibaba.fastjson.JSONReader.config(Feature, boolean)
16:50:27.455 | INFO  |  -- Remaining time budget: 22767 ms, #remaining_methods: 25, budget for method: 910 ms, solver timeout: 455 ms, budget for symbolic execution: 455 ms, budget for concrete execution: 455 ms,  -- 
16:50:27.470 | ERROR | Symbolic execution FAILED
com.huawei.utbot.instrumentation.util.ChildProcessError: Error in the child process |> java.lang.IllegalAccessException: Class com.huawei.utbot.framework.concrete.MockValueConstructor can not access a member of class com.alibaba.fastjson.parser.Feature with modifiers "private"
	at sun.reflect.Reflection.ensureMemberAccess(Reflection.java:102)
	at java.lang.reflect.AccessibleObject.slowCheckMemberAccess(AccessibleObject.java:296)
	at java.lang.reflect.AccessibleObject.checkAccess(AccessibleObject.java:288)
	at java.lang.reflect.Constructor.newInstance(Constructor.java:413)
	at com.huawei.utbot.framework.concrete.MockValueConstructor.call(MockValueConstructor.kt:414)
	at com.huawei.utbot.framework.concrete.MockValueConstructor.updateWithExecutableCallModel(MockValueConstructor.kt:353)
	at com.huawei.utbot.framework.concrete.MockValueConstructor.constructFromAssembleModel(MockValueConstructor.kt:332)
	at com.huawei.utbot.framework.concrete.MockValueConstructor.construct(MockValueConstructor.kt:126)
	at com.huawei.utbot.framework.concrete.MockValueConstructor.constructMethodParameters(MockValueConstructor.kt:101)
	at com.huawei.utbot.framework.concrete.UtExecutionInstrumentation.invoke(UtExecutionInstrumentation.kt:126)
	at com.huawei.utbot.framework.concrete.UtExecutionInstrumentation.invoke(UtExecutionInstrumentation.kt:96)
	at com.huawei.utbot.instrumentation.process.ChildProcessKt.loop(ChildProcess.kt:114)
	at com.huawei.utbot.instrumentation.process.ChildProcessKt.main(ChildProcess.kt:76)
	at com.huawei.utbot.instrumentation.process.ChildProcessKt.main(ChildProcess.kt)

	at com.huawei.utbot.instrumentation.ConcreteExecutor.executeAsync(ConcreteExecutor.kt:391) ~[utbot-junit-contest-1.0.jar:?]
	at com.huawei.utbot.instrumentation.ConcreteExecutor$executeAsync$1.invokeSuspend(ConcreteExecutor.kt) ~[utbot-junit-contest-1.0.jar:?]
	at kotlin.coroutines.jvm.internal.BaseContinuationImpl.resumeWith(ContinuationImpl.kt:33) [utbot-junit-contest-1.0.jar:?]
	at kotlinx.coroutines.DispatchedTask.run(DispatchedTask.kt:106) [utbot-junit-contest-1.0.jar:?]
	at java.util.concurrent.Executors$RunnableAdapter.call(Executors.java:511) [?:1.8.0_312]
	at java.util.concurrent.FutureTask.run(FutureTask.java:266) [?:1.8.0_312]
	at java.util.concurrent.ScheduledThreadPoolExecutor$ScheduledFutureTask.access$201(ScheduledThreadPoolExecutor.java:180) [?:1.8.0_312]
	at java.util.concurrent.ScheduledThreadPoolExecutor$ScheduledFutureTask.run(ScheduledThreadPoolExecutor.java:293) [?:1.8.0_312]
	at java.util.concurrent.ThreadPoolExecutor.runWorker(ThreadPoolExecutor.java:1149) [?:1.8.0_312]
	at java.util.concurrent.ThreadPoolExecutor$Worker.run(ThreadPoolExecutor.java:624) [?:1.8.0_312]
	at java.lang.Thread.run(Thread.java:748) [?:1.8.0_312]
16:50:27.505 | DEBUG | --new testCase collected, to generate: testCom.alibaba.fastjson.JSONReader.config(Feature, boolean)1
16:50:27.505 | INFO  | Finished (in 0.050 sec): method com.alibaba.fastjson.JSONReader.config(Feature, boolean) 
<StatsForMethod> :
	#generatedTC=1
	FAILED 1 time(s) with 1 different exception(s)"
16:50:27.506 | DEBUG |  ... 
16:50:27.506 | INFO  | Started: method com.alibaba.fastjson.JSONReader.endObject()
16:50:27.506 | INFO  |  -- Remaining time budget: 22716 ms, #remaining_methods: 24, budget for method: 946 ms, solver timeout: 473 ms, budget for symbolic execution: 473 ms, budget for concrete execution: 473 ms,  -- 
16:50:27.513 | DEBUG | --new testCase collected, to generate: testCom.alibaba.fastjson.JSONReader.endObject()1
16:50:27.645 | DEBUG | --new testCase collected, to generate: testCom.alibaba.fastjson.JSONReader.endObject()2
16:50:27.650 | DEBUG | --new testCase collected, to generate: testCom.alibaba.fastjson.JSONReader.endObject()3
16:50:27.654 | DEBUG | --new testCase collected, to generate: testCom.alibaba.fastjson.JSONReader.endObject()4
16:50:27.657 | DEBUG | --new testCase collected, to generate: testCom.alibaba.fastjson.JSONReader.endObject()5
16:50:27.661 | DEBUG | --new testCase collected, to generate: testCom.alibaba.fastjson.JSONReader.endObject()6
16:50:27.664 | DEBUG | --new testCase collected, to generate: testCom.alibaba.fastjson.JSONReader.endObject()7
16:50:27.664 | INFO  | Finished (in 0.158 sec): method com.alibaba.fastjson.JSONReader.endObject() 
<StatsForMethod> :
	#generatedTC=7
	WITH NO EXCEPTIONS
16:50:27.676 | DEBUG |  ... 
16:50:27.677 | INFO  | Started: method com.alibaba.fastjson.JSONReader.getLocal()
16:50:27.677 | INFO  |  -- Remaining time budget: 22546 ms, #remaining_methods: 23, budget for method: 980 ms, solver timeout: 490 ms, budget for symbolic execution: 490 ms, budget for concrete execution: 490 ms,  -- 
16:50:27.682 | DEBUG | --new testCase collected, to generate: testCom.alibaba.fastjson.JSONReader.getLocal()1
16:50:27.716 | DEBUG | --new testCase collected, to generate: testCom.alibaba.fastjson.JSONReader.getLocal()2
16:50:27.716 | INFO  | Finished (in 0.039 sec): method com.alibaba.fastjson.JSONReader.getLocal() 
<StatsForMethod> :
	#generatedTC=2
	WITH NO EXCEPTIONS
16:50:27.717 | DEBUG |  ... 
16:50:27.717 | INFO  | Started: method com.alibaba.fastjson.JSONReader.startArray()
16:50:27.717 | INFO  |  -- Remaining time budget: 22505 ms, #remaining_methods: 22, budget for method: 1022 ms, solver timeout: 511 ms, budget for symbolic execution: 511 ms, budget for concrete execution: 511 ms,  -- 
16:50:27.723 | DEBUG | --new testCase collected, to generate: testCom.alibaba.fastjson.JSONReader.startArray()1
16:50:27.945 | DEBUG | --new testCase collected, to generate: testCom.alibaba.fastjson.JSONReader.startArray()2
16:50:28.202 | DEBUG | --new testCase collected, to generate: testCom.alibaba.fastjson.JSONReader.startArray()3
16:50:28.209 | DEBUG | --new testCase collected, to generate: testCom.alibaba.fastjson.JSONReader.startArray()4
16:50:28.216 | DEBUG | --new testCase collected, to generate: testCom.alibaba.fastjson.JSONReader.startArray()5
16:50:28.228 | INFO  | |> Starting concrete execution for remaining state: com.alibaba.fastjson.JSONReader.startArray()
16:50:28.276 | DEBUG | --new testCase collected, to generate: testCom.alibaba.fastjson.JSONReader.startArray()6
16:50:28.282 | DEBUG | --new testCase collected, to generate: testCom.alibaba.fastjson.JSONReader.startArray()7
16:50:28.282 | INFO  | Finished (in 0.565 sec): method com.alibaba.fastjson.JSONReader.startArray() 
<StatsForMethod> :
	#generatedTC=7
	WITH NO EXCEPTIONS
16:50:28.321 | DEBUG |  ... 
16:50:28.321 | INFO  | Started: method com.alibaba.fastjson.JSONReader.startStructure()
16:50:28.321 | INFO  |  -- Remaining time budget: 21901 ms, #remaining_methods: 21, budget for method: 1042 ms, solver timeout: 521 ms, budget for symbolic execution: 521 ms, budget for concrete execution: 521 ms,  -- 
16:50:28.329 | DEBUG | --new testCase collected, to generate: testCom.alibaba.fastjson.JSONReader.startStructure()1
16:50:28.356 | DEBUG | --new testCase collected, to generate: testCom.alibaba.fastjson.JSONReader.startStructure()2
16:50:28.426 | DEBUG | --new testCase collected, to generate: testCom.alibaba.fastjson.JSONReader.startStructure()3
16:50:28.444 | DEBUG | --new testCase collected, to generate: testCom.alibaba.fastjson.JSONReader.startStructure()4
16:50:28.451 | DEBUG | --new testCase collected, to generate: testCom.alibaba.fastjson.JSONReader.startStructure()5
16:50:28.458 | DEBUG | --new testCase collected, to generate: testCom.alibaba.fastjson.JSONReader.startStructure()6
16:50:28.480 | DEBUG | --new testCase collected, to generate: testCom.alibaba.fastjson.JSONReader.startStructure()7
16:50:28.488 | DEBUG | --new testCase collected, to generate: testCom.alibaba.fastjson.JSONReader.startStructure()8
16:50:28.488 | INFO  | Finished (in 0.166 sec): method com.alibaba.fastjson.JSONReader.startStructure() 
<StatsForMethod> :
	#generatedTC=8
	WITH NO EXCEPTIONS
16:50:28.489 | DEBUG |  ... 
16:50:28.489 | INFO  | Started: method com.alibaba.fastjson.JSONReader.endStructure()
16:50:28.489 | INFO  |  -- Remaining time budget: 21733 ms, #remaining_methods: 20, budget for method: 1086 ms, solver timeout: 543 ms, budget for symbolic execution: 543 ms, budget for concrete execution: 543 ms,  -- 
16:50:28.495 | DEBUG | --new testCase collected, to generate: testCom.alibaba.fastjson.JSONReader.endStructure()1
16:50:28.521 | DEBUG | --new testCase collected, to generate: testCom.alibaba.fastjson.JSONReader.endStructure()2
16:50:28.592 | DEBUG | --new testCase collected, to generate: testCom.alibaba.fastjson.JSONReader.endStructure()3
16:50:28.594 | DEBUG | --new testCase collected, to generate: testCom.alibaba.fastjson.JSONReader.endStructure()4
16:50:28.599 | DEBUG | --new testCase collected, to generate: testCom.alibaba.fastjson.JSONReader.endStructure()5
16:50:28.604 | DEBUG | --new testCase collected, to generate: testCom.alibaba.fastjson.JSONReader.endStructure()6
16:50:28.611 | DEBUG | --new testCase collected, to generate: testCom.alibaba.fastjson.JSONReader.endStructure()7
16:50:28.611 | INFO  | Finished (in 0.122 sec): method com.alibaba.fastjson.JSONReader.endStructure() 
<StatsForMethod> :
	#generatedTC=7
	WITH NO EXCEPTIONS
16:50:28.613 | DEBUG |  ... 
16:50:28.613 | INFO  | Started: method com.alibaba.fastjson.JSONReader.readInteger()
16:50:28.613 | INFO  |  -- Remaining time budget: 21609 ms, #remaining_methods: 19, budget for method: 1137 ms, solver timeout: 568 ms, budget for symbolic execution: 569 ms, budget for concrete execution: 568 ms,  -- 
16:50:28.619 | DEBUG | --new testCase collected, to generate: testCom.alibaba.fastjson.JSONReader.readInteger()1
16:50:28.883 | DEBUG | --new testCase collected, to generate: testCom.alibaba.fastjson.JSONReader.readInteger()2
16:50:29.182 | INFO  | |> Starting concrete execution for remaining state: com.alibaba.fastjson.JSONReader.readInteger()
16:50:29.416 | DEBUG | --new testCase collected, to generate: testCom.alibaba.fastjson.JSONReader.readInteger()3
16:50:29.475 | DEBUG | --new testCase collected, to generate: testCom.alibaba.fastjson.JSONReader.readInteger()4
16:50:29.751 | INFO  | (X) Cancelling concrete execution: com.alibaba.fastjson.JSONReader.readInteger()
16:50:29.817 | INFO  | Finished (in 1.204 sec): method com.alibaba.fastjson.JSONReader.readInteger() 
<StatsForMethod> :
	#generatedTC=4
	WITH NO EXCEPTIONS
16:50:29.842 | DEBUG |  ... 
16:50:29.842 | INFO  | Started: method com.alibaba.fastjson.JSONReader.getTimzeZone()
16:50:29.842 | INFO  |  -- Remaining time budget: 20380 ms, #remaining_methods: 18, budget for method: 1132 ms, solver timeout: 566 ms, budget for symbolic execution: 566 ms, budget for concrete execution: 566 ms,  -- 
16:50:29.848 | DEBUG | --new testCase collected, to generate: testCom.alibaba.fastjson.JSONReader.getTimzeZone()1
16:50:29.877 | DEBUG | --new testCase collected, to generate: testCom.alibaba.fastjson.JSONReader.getTimzeZone()2
16:50:29.877 | INFO  | Finished (in 0.034 sec): method com.alibaba.fastjson.JSONReader.getTimzeZone() 
<StatsForMethod> :
	#generatedTC=2
	WITH NO EXCEPTIONS
16:50:29.878 | DEBUG |  ... 
16:50:29.878 | INFO  | Started: method com.alibaba.fastjson.JSONReader.startObject()
16:50:29.879 | INFO  |  -- Remaining time budget: 20344 ms, #remaining_methods: 17, budget for method: 1196 ms, solver timeout: 598 ms, budget for symbolic execution: 598 ms, budget for concrete execution: 598 ms,  -- 
16:50:29.883 | DEBUG | --new testCase collected, to generate: testCom.alibaba.fastjson.JSONReader.startObject()1
16:50:30.096 | DEBUG | --new testCase collected, to generate: testCom.alibaba.fastjson.JSONReader.startObject()2
16:50:30.280 | DEBUG | --new testCase collected, to generate: testCom.alibaba.fastjson.JSONReader.startObject()3
16:50:30.287 | DEBUG | --new testCase collected, to generate: testCom.alibaba.fastjson.JSONReader.startObject()4
16:50:30.293 | DEBUG | --new testCase collected, to generate: testCom.alibaba.fastjson.JSONReader.startObject()5
16:50:30.351 | DEBUG | --new testCase collected, to generate: testCom.alibaba.fastjson.JSONReader.startObject()6
16:50:30.357 | DEBUG | --new testCase collected, to generate: testCom.alibaba.fastjson.JSONReader.startObject()7
16:50:30.358 | INFO  | Finished (in 0.479 sec): method com.alibaba.fastjson.JSONReader.startObject() 
<StatsForMethod> :
	#generatedTC=7
	WITH NO EXCEPTIONS
16:50:30.397 | DEBUG |  ... 
16:50:30.397 | INFO  | Started: method com.alibaba.fastjson.JSONReader.setTimzeZone(TimeZone)
16:50:30.398 | INFO  |  -- Remaining time budget: 19825 ms, #remaining_methods: 16, budget for method: 1239 ms, solver timeout: 619 ms, budget for symbolic execution: 620 ms, budget for concrete execution: 619 ms,  -- 
16:50:30.404 | DEBUG | --new testCase collected, to generate: testCom.alibaba.fastjson.JSONReader.setTimzeZone(TimeZone)1
16:50:30.448 | DEBUG | --new testCase collected, to generate: testCom.alibaba.fastjson.JSONReader.setTimzeZone(TimeZone)2
16:50:30.449 | INFO  | Finished (in 0.051 sec): method com.alibaba.fastjson.JSONReader.setTimzeZone(TimeZone) 
<StatsForMethod> :
	#generatedTC=2
	WITH NO EXCEPTIONS
16:50:30.450 | DEBUG |  ... 
16:50:30.450 | INFO  | Started: method com.alibaba.fastjson.JSONReader.endArray()
16:50:30.450 | INFO  |  -- Remaining time budget: 19772 ms, #remaining_methods: 15, budget for method: 1318 ms, solver timeout: 659 ms, budget for symbolic execution: 659 ms, budget for concrete execution: 659 ms,  -- 
16:50:30.454 | DEBUG | --new testCase collected, to generate: testCom.alibaba.fastjson.JSONReader.endArray()1
16:50:30.570 | DEBUG | --new testCase collected, to generate: testCom.alibaba.fastjson.JSONReader.endArray()2
16:50:30.574 | DEBUG | --new testCase collected, to generate: testCom.alibaba.fastjson.JSONReader.endArray()3
16:50:30.576 | DEBUG | --new testCase collected, to generate: testCom.alibaba.fastjson.JSONReader.endArray()4
16:50:30.579 | DEBUG | --new testCase collected, to generate: testCom.alibaba.fastjson.JSONReader.endArray()5
16:50:30.582 | DEBUG | --new testCase collected, to generate: testCom.alibaba.fastjson.JSONReader.endArray()6
16:50:30.584 | DEBUG | --new testCase collected, to generate: testCom.alibaba.fastjson.JSONReader.endArray()7
16:50:30.584 | INFO  | Finished (in 0.134 sec): method com.alibaba.fastjson.JSONReader.endArray() 
<StatsForMethod> :
	#generatedTC=7
	WITH NO EXCEPTIONS
16:50:30.597 | DEBUG |  ... 
16:50:30.598 | INFO  | Started: method com.alibaba.fastjson.JSONReader.readAfter()
16:50:30.598 | INFO  |  -- Remaining time budget: 19624 ms, #remaining_methods: 14, budget for method: 1401 ms, solver timeout: 700 ms, budget for symbolic execution: 701 ms, budget for concrete execution: 700 ms,  -- 
16:50:30.607 | DEBUG | --new testCase collected, to generate: testCom.alibaba.fastjson.JSONReader.readAfter()1
16:50:30.631 | DEBUG | --new testCase collected, to generate: testCom.alibaba.fastjson.JSONReader.readAfter()2
16:50:30.707 | DEBUG | --new testCase collected, to generate: testCom.alibaba.fastjson.JSONReader.readAfter()3
16:50:30.713 | DEBUG | --new testCase collected, to generate: testCom.alibaba.fastjson.JSONReader.readAfter()4
16:50:30.734 | DEBUG | --new testCase collected, to generate: testCom.alibaba.fastjson.JSONReader.readAfter()5
16:50:30.737 | DEBUG | --new testCase collected, to generate: testCom.alibaba.fastjson.JSONReader.readAfter()6
16:50:30.743 | DEBUG | --new testCase collected, to generate: testCom.alibaba.fastjson.JSONReader.readAfter()7
16:50:30.746 | DEBUG | --new testCase collected, to generate: testCom.alibaba.fastjson.JSONReader.readAfter()8
16:50:30.747 | INFO  | Finished (in 0.149 sec): method com.alibaba.fastjson.JSONReader.readAfter() 
<StatsForMethod> :
	#generatedTC=8
	WITH NO EXCEPTIONS
16:50:30.748 | DEBUG |  ... 
16:50:30.748 | INFO  | Started: method com.alibaba.fastjson.JSONReader.readBefore()
16:50:30.748 | INFO  |  -- Remaining time budget: 19474 ms, #remaining_methods: 13, budget for method: 1498 ms, solver timeout: 749 ms, budget for symbolic execution: 749 ms, budget for concrete execution: 749 ms,  -- 
16:50:30.753 | DEBUG | --new testCase collected, to generate: testCom.alibaba.fastjson.JSONReader.readBefore()1
16:50:30.777 | DEBUG | --new testCase collected, to generate: testCom.alibaba.fastjson.JSONReader.readBefore()2
16:50:30.841 | DEBUG | --new testCase collected, to generate: testCom.alibaba.fastjson.JSONReader.readBefore()3
16:50:30.859 | DEBUG | --new testCase collected, to generate: testCom.alibaba.fastjson.JSONReader.readBefore()4
16:50:30.865 | DEBUG | --new testCase collected, to generate: testCom.alibaba.fastjson.JSONReader.readBefore()5
16:50:30.870 | DEBUG | --new testCase collected, to generate: testCom.alibaba.fastjson.JSONReader.readBefore()6
16:50:30.892 | DEBUG | --new testCase collected, to generate: testCom.alibaba.fastjson.JSONReader.readBefore()7
16:50:30.899 | DEBUG | --new testCase collected, to generate: testCom.alibaba.fastjson.JSONReader.readBefore()8
16:50:30.900 | INFO  | Finished (in 0.151 sec): method com.alibaba.fastjson.JSONReader.readBefore() 
<StatsForMethod> :
	#generatedTC=8
	WITH NO EXCEPTIONS
16:50:30.901 | DEBUG |  ... 
16:50:30.901 | INFO  | Started: method com.alibaba.fastjson.JSONReader.hasNext()
16:50:30.902 | INFO  |  -- Remaining time budget: 19321 ms, #remaining_methods: 12, budget for method: 1610 ms, solver timeout: 805 ms, budget for symbolic execution: 805 ms, budget for concrete execution: 805 ms,  -- 
16:50:30.907 | DEBUG | --new testCase collected, to generate: testCom.alibaba.fastjson.JSONReader.hasNext()1
16:50:30.955 | DEBUG | --new testCase collected, to generate: testCom.alibaba.fastjson.JSONReader.hasNext()2
16:50:31.016 | DEBUG | --new testCase collected, to generate: testCom.alibaba.fastjson.JSONReader.hasNext()3
16:50:31.044 | DEBUG | --new testCase collected, to generate: testCom.alibaba.fastjson.JSONReader.hasNext()4
16:50:31.051 | DEBUG | --new testCase collected, to generate: testCom.alibaba.fastjson.JSONReader.hasNext()5
16:50:31.055 | DEBUG | --new testCase collected, to generate: testCom.alibaba.fastjson.JSONReader.hasNext()6
16:50:31.080 | DEBUG | --new testCase collected, to generate: testCom.alibaba.fastjson.JSONReader.hasNext()7
16:50:31.084 | DEBUG | --new testCase collected, to generate: testCom.alibaba.fastjson.JSONReader.hasNext()8
16:50:31.090 | INFO  | Finished (in 0.187 sec): method com.alibaba.fastjson.JSONReader.hasNext() 
<StatsForMethod> :
	#generatedTC=8
	WITH NO EXCEPTIONS
16:50:31.092 | DEBUG |  ... 
16:50:31.092 | INFO  | Started: method com.alibaba.fastjson.JSONReader.readObject(Object)
16:50:31.092 | INFO  |  -- Remaining time budget: 19130 ms, #remaining_methods: 11, budget for method: 1739 ms, solver timeout: 869 ms, budget for symbolic execution: 870 ms, budget for concrete execution: 869 ms,  -- 
16:50:31.103 | DEBUG | --new testCase collected, to generate: testCom.alibaba.fastjson.JSONReader.readObject(Object)1
16:50:31.505 | DEBUG | --new testCase collected, to generate: testCom.alibaba.fastjson.JSONReader.readObject(Object)2
16:50:31.963 | INFO  | |> Starting concrete execution for remaining state: com.alibaba.fastjson.JSONReader.readObject(Object)
16:50:32.684 | DEBUG | --new testCase collected, to generate: testCom.alibaba.fastjson.JSONReader.readObject(Object)3
16:50:32.832 | INFO  | (X) Cancelling concrete execution: com.alibaba.fastjson.JSONReader.readObject(Object)
16:50:32.994 | INFO  | Finished (in 1.901 sec): method com.alibaba.fastjson.JSONReader.readObject(Object) 
<StatsForMethod> :
	#generatedTC=3
	WITH NO EXCEPTIONS
16:50:33.034 | DEBUG |  ... 
16:50:33.035 | INFO  | Started: method com.alibaba.fastjson.JSONReader.readObject()
16:50:33.035 | INFO  |  -- Remaining time budget: 17187 ms, #remaining_methods: 10, budget for method: 1718 ms, solver timeout: 859 ms, budget for symbolic execution: 859 ms, budget for concrete execution: 859 ms,  -- 
16:50:33.039 | DEBUG | --new testCase collected, to generate: testCom.alibaba.fastjson.JSONReader.readObject()1
16:50:33.287 | DEBUG | --new testCase collected, to generate: testCom.alibaba.fastjson.JSONReader.readObject()2
16:50:33.894 | INFO  | |> Starting concrete execution for remaining state: com.alibaba.fastjson.JSONReader.readObject()
16:50:34.052 | DEBUG | --new testCase collected, to generate: testCom.alibaba.fastjson.JSONReader.readObject()3
16:50:34.200 | DEBUG | --new testCase collected, to generate: testCom.alibaba.fastjson.JSONReader.readObject()4
16:50:34.347 | DEBUG | --new testCase collected, to generate: testCom.alibaba.fastjson.JSONReader.readObject()5
16:50:34.371 | DEBUG | --new testCase collected, to generate: testCom.alibaba.fastjson.JSONReader.readObject()6
16:50:34.521 | DEBUG | --new testCase collected, to generate: testCom.alibaba.fastjson.JSONReader.readObject()7
16:50:34.669 | DEBUG | --new testCase collected, to generate: testCom.alibaba.fastjson.JSONReader.readObject()8
16:50:34.669 | INFO  | Finished (in 1.634 sec): method com.alibaba.fastjson.JSONReader.readObject() 
<StatsForMethod> :
	#generatedTC=8
	WITH NO EXCEPTIONS
16:50:34.706 | DEBUG |  ... 
16:50:34.706 | INFO  | Started: method com.alibaba.fastjson.JSONReader.readObject(Map)
16:50:34.706 | INFO  |  -- Remaining time budget: 15516 ms, #remaining_methods: 9, budget for method: 1724 ms, solver timeout: 862 ms, budget for symbolic execution: 862 ms, budget for concrete execution: 862 ms,  -- 
16:50:34.710 | DEBUG | --new testCase collected, to generate: testCom.alibaba.fastjson.JSONReader.readObject(Map)1
16:50:35.168 | DEBUG | --new testCase collected, to generate: testCom.alibaba.fastjson.JSONReader.readObject(Map)2
16:50:35.569 | INFO  | |> Starting concrete execution for remaining state: com.alibaba.fastjson.JSONReader.readObject(Map)
16:50:36.348 | DEBUG | --new testCase collected, to generate: testCom.alibaba.fastjson.JSONReader.readObject(Map)3
16:50:36.431 | INFO  | (X) Cancelling concrete execution: com.alibaba.fastjson.JSONReader.readObject(Map)
16:50:36.482 | INFO  | Finished (in 1.776 sec): method com.alibaba.fastjson.JSONReader.readObject(Map) 
<StatsForMethod> :
	#generatedTC=3
	WITH NO EXCEPTIONS
16:50:36.518 | DEBUG |  ... 
16:50:36.518 | INFO  | Started: method com.alibaba.fastjson.JSONReader.readObject(Type)
16:50:36.518 | INFO  |  -- Remaining time budget: 13704 ms, #remaining_methods: 8, budget for method: 1713 ms, solver timeout: 856 ms, budget for symbolic execution: 857 ms, budget for concrete execution: 856 ms,  -- 
16:50:36.523 | DEBUG | --new testCase collected, to generate: testCom.alibaba.fastjson.JSONReader.readObject(Type)1
16:50:36.799 | DEBUG | --new testCase collected, to generate: testCom.alibaba.fastjson.JSONReader.readObject(Type)2
16:50:37.305 | DEBUG | --new testCase collected, to generate: testCom.alibaba.fastjson.JSONReader.readObject(Type)3
16:50:37.376 | INFO  | |> Starting concrete execution for remaining state: com.alibaba.fastjson.JSONReader.readObject(Type)
16:50:37.524 | DEBUG | --new testCase collected, to generate: testCom.alibaba.fastjson.JSONReader.readObject(Type)4
16:50:37.742 | DEBUG | --new testCase collected, to generate: testCom.alibaba.fastjson.JSONReader.readObject(Type)5
16:50:37.898 | DEBUG | --new testCase collected, to generate: testCom.alibaba.fastjson.JSONReader.readObject(Type)6
16:50:38.048 | DEBUG | --new testCase collected, to generate: testCom.alibaba.fastjson.JSONReader.readObject(Type)7
16:50:38.205 | DEBUG | --new testCase collected, to generate: testCom.alibaba.fastjson.JSONReader.readObject(Type)8
16:50:38.206 | INFO  | Finished (in 1.687 sec): method com.alibaba.fastjson.JSONReader.readObject(Type) 
<StatsForMethod> :
	#generatedTC=8
	WITH NO EXCEPTIONS
16:50:38.246 | DEBUG |  ... 
16:50:38.246 | INFO  | Started: method com.alibaba.fastjson.JSONReader.readObject(TypeReference)
16:50:38.247 | INFO  |  -- Remaining time budget: 11976 ms, #remaining_methods: 7, budget for method: 1710 ms, solver timeout: 855 ms, budget for symbolic execution: 855 ms, budget for concrete execution: 855 ms,  -- 
16:50:38.254 | ERROR | Symbolic execution FAILED
com.huawei.utbot.instrumentation.util.ChildProcessError: Error in the child process |> java.lang.IllegalAccessException: Class com.huawei.utbot.framework.concrete.MockValueConstructor can not access a member of class com.alibaba.fastjson.TypeReference with modifiers "protected"
	at sun.reflect.Reflection.ensureMemberAccess(Reflection.java:102)
	at java.lang.reflect.AccessibleObject.slowCheckMemberAccess(AccessibleObject.java:296)
	at java.lang.reflect.AccessibleObject.checkAccess(AccessibleObject.java:288)
	at java.lang.reflect.Constructor.newInstance(Constructor.java:413)
	at com.huawei.utbot.framework.concrete.MockValueConstructor.call(MockValueConstructor.kt:414)
	at com.huawei.utbot.framework.concrete.MockValueConstructor.updateWithExecutableCallModel(MockValueConstructor.kt:353)
	at com.huawei.utbot.framework.concrete.MockValueConstructor.constructFromAssembleModel(MockValueConstructor.kt:332)
	at com.huawei.utbot.framework.concrete.MockValueConstructor.construct(MockValueConstructor.kt:126)
	at com.huawei.utbot.framework.concrete.MockValueConstructor.constructMethodParameters(MockValueConstructor.kt:101)
	at com.huawei.utbot.framework.concrete.UtExecutionInstrumentation.invoke(UtExecutionInstrumentation.kt:126)
	at com.huawei.utbot.framework.concrete.UtExecutionInstrumentation.invoke(UtExecutionInstrumentation.kt:96)
	at com.huawei.utbot.instrumentation.process.ChildProcessKt.loop(ChildProcess.kt:114)
	at com.huawei.utbot.instrumentation.process.ChildProcessKt.main(ChildProcess.kt:76)
	at com.huawei.utbot.instrumentation.process.ChildProcessKt.main(ChildProcess.kt)

	at com.huawei.utbot.instrumentation.ConcreteExecutor.executeAsync(ConcreteExecutor.kt:391) ~[utbot-junit-contest-1.0.jar:?]
	at com.huawei.utbot.instrumentation.ConcreteExecutor$executeAsync$1.invokeSuspend(ConcreteExecutor.kt) ~[utbot-junit-contest-1.0.jar:?]
	at kotlin.coroutines.jvm.internal.BaseContinuationImpl.resumeWith(ContinuationImpl.kt:33) [utbot-junit-contest-1.0.jar:?]
	at kotlinx.coroutines.DispatchedTask.run(DispatchedTask.kt:106) [utbot-junit-contest-1.0.jar:?]
	at java.util.concurrent.Executors$RunnableAdapter.call(Executors.java:511) [?:1.8.0_312]
	at java.util.concurrent.FutureTask.run(FutureTask.java:266) [?:1.8.0_312]
	at java.util.concurrent.ScheduledThreadPoolExecutor$ScheduledFutureTask.access$201(ScheduledThreadPoolExecutor.java:180) [?:1.8.0_312]
	at java.util.concurrent.ScheduledThreadPoolExecutor$ScheduledFutureTask.run(ScheduledThreadPoolExecutor.java:293) [?:1.8.0_312]
	at java.util.concurrent.ThreadPoolExecutor.runWorker(ThreadPoolExecutor.java:1149) [?:1.8.0_312]
	at java.util.concurrent.ThreadPoolExecutor$Worker.run(ThreadPoolExecutor.java:624) [?:1.8.0_312]
	at java.lang.Thread.run(Thread.java:748) [?:1.8.0_312]
16:50:38.333 | DEBUG | --new testCase collected, to generate: testCom.alibaba.fastjson.JSONReader.readObject(TypeReference)1
16:50:39.102 | INFO  | |> Starting concrete execution for remaining state: com.alibaba.fastjson.JSONReader.readObject(TypeReference)
16:50:39.398 | DEBUG | --new testCase collected, to generate: testCom.alibaba.fastjson.JSONReader.readObject(TypeReference)2
16:50:39.575 | DEBUG | --new testCase collected, to generate: testCom.alibaba.fastjson.JSONReader.readObject(TypeReference)3
16:50:39.744 | DEBUG | --new testCase collected, to generate: testCom.alibaba.fastjson.JSONReader.readObject(TypeReference)4
16:50:39.907 | DEBUG | --new testCase collected, to generate: testCom.alibaba.fastjson.JSONReader.readObject(TypeReference)5
16:50:39.957 | INFO  | (X) Cancelling concrete execution: com.alibaba.fastjson.JSONReader.readObject(TypeReference)
16:50:40.061 | INFO  | Finished (in 1.815 sec): method com.alibaba.fastjson.JSONReader.readObject(TypeReference) 
<StatsForMethod> :
	#generatedTC=5
	FAILED 1 time(s) with 1 different exception(s)"
16:50:40.105 | DEBUG |  ... 
16:50:40.105 | INFO  | Started: method com.alibaba.fastjson.JSONReader.readObject(Class)
16:50:40.105 | INFO  |  -- Remaining time budget: 10117 ms, #remaining_methods: 6, budget for method: 1686 ms, solver timeout: 843 ms, budget for symbolic execution: 843 ms, budget for concrete execution: 843 ms,  -- 
16:50:40.109 | ERROR | Symbolic execution FAILED
com.huawei.utbot.instrumentation.util.ChildProcessError: Error in the child process |> java.lang.IllegalAccessException: java.lang.Class
	at sun.misc.Unsafe.allocateInstance(Native Method)
	at com.huawei.utbot.framework.util.EngineUtilsKt.getAnyInstance(EngineUtils.kt:61)
	at com.huawei.utbot.framework.concrete.MockValueConstructor.constructObject(MockValueConstructor.kt:158)
	at com.huawei.utbot.framework.concrete.MockValueConstructor.construct(MockValueConstructor.kt:124)
	at com.huawei.utbot.framework.concrete.MockValueConstructor.constructMethodParameters(MockValueConstructor.kt:101)
	at com.huawei.utbot.framework.concrete.UtExecutionInstrumentation.invoke(UtExecutionInstrumentation.kt:126)
	at com.huawei.utbot.framework.concrete.UtExecutionInstrumentation.invoke(UtExecutionInstrumentation.kt:96)
	at com.huawei.utbot.instrumentation.process.ChildProcessKt.loop(ChildProcess.kt:114)
	at com.huawei.utbot.instrumentation.process.ChildProcessKt.main(ChildProcess.kt:76)
	at com.huawei.utbot.instrumentation.process.ChildProcessKt.main(ChildProcess.kt)

	at com.huawei.utbot.instrumentation.ConcreteExecutor.executeAsync(ConcreteExecutor.kt:391) ~[utbot-junit-contest-1.0.jar:?]
	at com.huawei.utbot.instrumentation.ConcreteExecutor$executeAsync$1.invokeSuspend(ConcreteExecutor.kt) ~[utbot-junit-contest-1.0.jar:?]
	at kotlin.coroutines.jvm.internal.BaseContinuationImpl.resumeWith(ContinuationImpl.kt:33) [utbot-junit-contest-1.0.jar:?]
	at kotlinx.coroutines.DispatchedTask.run(DispatchedTask.kt:106) [utbot-junit-contest-1.0.jar:?]
	at java.util.concurrent.Executors$RunnableAdapter.call(Executors.java:511) [?:1.8.0_312]
	at java.util.concurrent.FutureTask.run(FutureTask.java:266) [?:1.8.0_312]
	at java.util.concurrent.ScheduledThreadPoolExecutor$ScheduledFutureTask.access$201(ScheduledThreadPoolExecutor.java:180) [?:1.8.0_312]
	at java.util.concurrent.ScheduledThreadPoolExecutor$ScheduledFutureTask.run(ScheduledThreadPoolExecutor.java:293) [?:1.8.0_312]
	at java.util.concurrent.ThreadPoolExecutor.runWorker(ThreadPoolExecutor.java:1149) [?:1.8.0_312]
	at java.util.concurrent.ThreadPoolExecutor$Worker.run(ThreadPoolExecutor.java:624) [?:1.8.0_312]
	at java.lang.Thread.run(Thread.java:748) [?:1.8.0_312]
16:50:40.396 | DEBUG | --new testCase collected, to generate: testCom.alibaba.fastjson.JSONReader.readObject(Class)1
16:50:40.897 | DEBUG | --new testCase collected, to generate: testCom.alibaba.fastjson.JSONReader.readObject(Class)2
16:50:40.949 | INFO  | |> Starting concrete execution for remaining state: com.alibaba.fastjson.JSONReader.readObject(Class)
16:50:41.110 | DEBUG | --new testCase collected, to generate: testCom.alibaba.fastjson.JSONReader.readObject(Class)3
16:50:41.326 | DEBUG | --new testCase collected, to generate: testCom.alibaba.fastjson.JSONReader.readObject(Class)4
16:50:41.481 | DEBUG | --new testCase collected, to generate: testCom.alibaba.fastjson.JSONReader.readObject(Class)5
16:50:41.630 | DEBUG | --new testCase collected, to generate: testCom.alibaba.fastjson.JSONReader.readObject(Class)6
16:50:41.783 | DEBUG | --new testCase collected, to generate: testCom.alibaba.fastjson.JSONReader.readObject(Class)7
16:50:41.784 | INFO  | Finished (in 1.679 sec): method com.alibaba.fastjson.JSONReader.readObject(Class) 
<StatsForMethod> :
	#generatedTC=7
	FAILED 1 time(s) with 1 different exception(s)"
16:50:41.827 | DEBUG |  ... 
16:50:41.827 | INFO  | Started: method com.alibaba.fastjson.JSONReader.peek()
16:50:41.827 | INFO  |  -- Remaining time budget: 8395 ms, #remaining_methods: 5, budget for method: 1679 ms, solver timeout: 839 ms, budget for symbolic execution: 840 ms, budget for concrete execution: 839 ms,  -- 
16:50:41.831 | DEBUG | --new testCase collected, to generate: testCom.alibaba.fastjson.JSONReader.peek()1
16:50:41.857 | DEBUG | --new testCase collected, to generate: testCom.alibaba.fastjson.JSONReader.peek()2
16:50:41.857 | INFO  | Finished (in 0.030 sec): method com.alibaba.fastjson.JSONReader.peek() 
<StatsForMethod> :
	#generatedTC=2
	WITH NO EXCEPTIONS
16:50:41.858 | DEBUG |  ... 
16:50:41.858 | INFO  | Started: method com.alibaba.fastjson.JSONReader.<init>(DefaultJSONParser)
16:50:41.858 | INFO  |  -- Remaining time budget: 8364 ms, #remaining_methods: 4, budget for method: 2091 ms, solver timeout: 1000 ms, budget for symbolic execution: 1046 ms, budget for concrete execution: 1045 ms,  -- 
16:50:41.884 | DEBUG | --new testCase collected, to generate: testCom.alibaba.fastjson.JSONReader.<init>(DefaultJSONParser)1
16:50:41.924 | DEBUG | --new testCase collected, to generate: testCom.alibaba.fastjson.JSONReader.<init>(DefaultJSONParser)2
16:50:41.924 | INFO  | Finished (in 0.066 sec): method com.alibaba.fastjson.JSONReader.<init>(DefaultJSONParser) 
<StatsForMethod> :
	#generatedTC=2
	WITH NO EXCEPTIONS
16:50:41.928 | DEBUG |  ... 
16:50:41.929 | INFO  | Started: method com.alibaba.fastjson.JSONReader.<init>(JSONLexer)
16:50:41.929 | INFO  |  -- Remaining time budget: 8293 ms, #remaining_methods: 3, budget for method: 2764 ms, solver timeout: 1000 ms, budget for symbolic execution: 1564 ms, budget for concrete execution: 1200 ms,  -- 
16:50:42.047 | ERROR | Symbolic execution FAILED
com.huawei.utbot.instrumentation.util.ChildProcessError: Error in the child process |> java.util.concurrent.TimeoutException: Timeout 100 elapsed
	at com.huawei.utbot.instrumentation.instrumentation.InvokeInstrumentation.invoke-d1pmJ48(InvokeInstrumentation.kt:75)
	at com.huawei.utbot.instrumentation.instrumentation.InvokeInstrumentation.invoke(InvokeInstrumentation.kt:22)
	at com.huawei.utbot.instrumentation.instrumentation.Instrumentation$DefaultImpls.invoke$default(Instrumentation.kt:25)
	at com.huawei.utbot.framework.concrete.UtExecutionInstrumentation$invoke$$inlined$use$lambda$1.invoke(UtExecutionInstrumentation.kt:146)
	at com.huawei.utbot.framework.concrete.UtExecutionInstrumentation$invoke$$inlined$use$lambda$1.invoke(UtExecutionInstrumentation.kt:96)
	at com.huawei.utbot.framework.concrete.UtExecutionInstrumentation.withStaticFields(UtExecutionInstrumentation.kt:225)
	at com.huawei.utbot.framework.concrete.UtExecutionInstrumentation.invoke(UtExecutionInstrumentation.kt:137)
	at com.huawei.utbot.framework.concrete.UtExecutionInstrumentation.invoke(UtExecutionInstrumentation.kt:96)
	at com.huawei.utbot.instrumentation.process.ChildProcessKt.loop(ChildProcess.kt:114)
	at com.huawei.utbot.instrumentation.process.ChildProcessKt.main(ChildProcess.kt:76)
	at com.huawei.utbot.instrumentation.process.ChildProcessKt.main(ChildProcess.kt)

	at com.huawei.utbot.instrumentation.ConcreteExecutor.executeAsync(ConcreteExecutor.kt:391) ~[utbot-junit-contest-1.0.jar:?]
	at com.huawei.utbot.instrumentation.ConcreteExecutor$executeAsync$1.invokeSuspend(ConcreteExecutor.kt) ~[utbot-junit-contest-1.0.jar:?]
	at kotlin.coroutines.jvm.internal.BaseContinuationImpl.resumeWith(ContinuationImpl.kt:33) [utbot-junit-contest-1.0.jar:?]
	at kotlinx.coroutines.DispatchedTask.run(DispatchedTask.kt:106) [utbot-junit-contest-1.0.jar:?]
	at java.util.concurrent.Executors$RunnableAdapter.call(Executors.java:511) [?:1.8.0_312]
	at java.util.concurrent.FutureTask.run(FutureTask.java:266) [?:1.8.0_312]
	at java.util.concurrent.ScheduledThreadPoolExecutor$ScheduledFutureTask.access$201(ScheduledThreadPoolExecutor.java:180) [?:1.8.0_312]
	at java.util.concurrent.ScheduledThreadPoolExecutor$ScheduledFutureTask.run(ScheduledThreadPoolExecutor.java:293) [?:1.8.0_312]
	at java.util.concurrent.ThreadPoolExecutor.runWorker(ThreadPoolExecutor.java:1149) [?:1.8.0_312]
	at java.util.concurrent.ThreadPoolExecutor$Worker.run(ThreadPoolExecutor.java:624) [?:1.8.0_312]
	at java.lang.Thread.run(Thread.java:748) [?:1.8.0_312]
16:50:42.216 | INFO  | Finished (in 0.287 sec): method com.alibaba.fastjson.JSONReader.<init>(JSONLexer) 
<StatsForMethod> :
	#generatedTC=0
	FAILED 1 time(s) with 1 different exception(s)"
16:50:42.226 | DEBUG |  ... 
16:50:42.227 | INFO  | Started: method com.alibaba.fastjson.JSONReader.<init>(Reader, Feature[])
16:50:42.229 | INFO  |  -- Remaining time budget: 7995 ms, #remaining_methods: 2, budget for method: 3997 ms, solver timeout: 1000 ms, budget for symbolic execution: 2797 ms, budget for concrete execution: 1200 ms,  -- 
16:50:42.398 | DEBUG | --new testCase collected, to generate: testCom.alibaba.fastjson.JSONReader.<init>(Reader, Feature[])1
16:50:42.457 | INFO  | Finished (in 0.228 sec): method com.alibaba.fastjson.JSONReader.<init>(Reader, Feature[]) 
<StatsForMethod> :
	#generatedTC=1
	WITH NO EXCEPTIONS
16:50:42.463 | DEBUG |  ... 
16:50:42.463 | INFO  | Started: method com.alibaba.fastjson.JSONReader.<init>(Reader)
16:50:42.463 | INFO  |  -- Remaining time budget: 7759 ms, #remaining_methods: 1, budget for method: 7759 ms, solver timeout: 1000 ms, budget for symbolic execution: 6559 ms, budget for concrete execution: 1200 ms,  -- 
16:50:42.469 | DEBUG | --new testCase collected, to generate: testCom.alibaba.fastjson.JSONReader.<init>(Reader)1
16:50:42.525 | INFO  | Finished (in 0.062 sec): method com.alibaba.fastjson.JSONReader.<init>(Reader) 
<StatsForMethod> :
	#generatedTC=1
	WITH NO EXCEPTIONS
16:50:42.534 | INFO  | Started: Flushing tests for [JSONReader] on disk
16:50:43.123 | INFO  | File size for JSONReaderTest: 102 KB
16:50:43.126 | INFO  | Finished (in 0.592 sec): Flushing tests for [JSONReader] on disk 
16:50:43.127 | INFO  | Finished (in 18.381 sec): class com.alibaba.fastjson.JSONReader 
<StatsForClass> :
	canceled by timeout = false
	#methods = 29, 
	#methods started symbolic exploration = 29
	#methods with at least one TC = 28
	#methods with exceptions = 4
	#generated TC = 126
	#coverage = null
[READY]
