Started UtBot Contest, classfileDir = /var/benchmarks/projects/fastjson/target/classes, classpathString=/var/benchmarks/projects/fastjson/target/classes:/var/benchmarks/projects/fastjson/target/fastjson-1.2.50-SNAPSHOT.jar:/var/benchmarks/projects/./fastjson/target/dependency/deeptestutils-1.1.0.jar:/var/benchmarks/projects/fastjson/target/dependency/commons-beanutils-1.8.0.jar:/var/benchmarks/projects/fastjson/target/dependency/woodstox-core-asl-4.4.1.jar:/var/benchmarks/projects/fastjson/target/dependency/spring-aop-4.3.7.RELEASE.jar:/var/benchmarks/projects/fastjson/target/dependency/hibernate-core-5.2.10.Final.jar:/var/benchmarks/projects/fastjson/target/dependency/jackson-module-kotlin-2.9.0.jar:/var/benchmarks/projects/fastjson/target/dependency/spring-data-commons-1.13.6.RELEASE.jar:/var/benchmarks/projects/fastjson/target/dependency/javax.annotation-api-1.2.jar:/var/benchmarks/projects/fastjson/target/dependency/gson-2.6.2.jar:/var/benchmarks/projects/fastjson/target/dependency/jetty-continuation-8.1.8.v20121106.jar:/var/benchmarks/projects/fastjson/target/dependency/objenesis-2.5.1.jar:/var/benchmarks/projects/fastjson/target/dependency/powermock-reflect-1.6.6.jar:/var/benchmarks/projects/fastjson/target/dependency/springfox-spring-web-2.6.1.jar:/var/benchmarks/projects/fastjson/target/dependency/javaslang-2.0.6.jar:/var/benchmarks/projects/fastjson/target/dependency/guava-18.0.jar:/var/benchmarks/projects/fastjson/target/dependency/mockito-core-1.10.19.jar:/var/benchmarks/projects/fastjson/target/dependency/json-lib-2.4-jdk15.jar:/var/benchmarks/projects/fastjson/target/dependency/jetty-xml-8.1.8.v20121106.jar:/var/benchmarks/projects/fastjson/target/dependency/xmlschema-core-2.2.1.jar:/var/benchmarks/projects/fastjson/target/dependency/powermock-api-support-1.6.6.jar:/var/benchmarks/projects/fastjson/target/dependency/commons-collections4-4.1.jar:/var/benchmarks/projects/fastjson/target/dependency/cglib-nodep-2.2.2.jar:/var/benchmarks/projects/fastjson/target/dependency/asm-debug-all-5.0.4.jar:/var/benchmarks/projects/fastjson/target/dependency/spring-plugin-core-1.2.0.RELEASE.jar:/var/benchmarks/projects/fastjson/target/dependency/cxf-rt-rs-client-3.1.2.jar:/var/benchmarks/projects/fastjson/target/dependency/jetty-io-8.1.8.v20121106.jar:/var/benchmarks/projects/fastjson/target/dependency/commons-lang3-3.4.jar:/var/benchmarks/projects/fastjson/target/dependency/stax2-api-3.1.4.jar:/var/benchmarks/projects/fastjson/target/dependency/jackson-annotations-2.9.0.jar:/var/benchmarks/projects/fastjson/target/dependency/jetty-server-8.1.8.v20121106.jar:/var/benchmarks/projects/fastjson/target/dependency/json-simple-1.1.1.jar:/var/benchmarks/projects/fastjson/target/dependency/asm-tree-4.0.jar:/var/benchmarks/projects/fastjson/target/dependency/spring-data-commons-core-1.4.1.RELEASE.jar:/var/benchmarks/projects/fastjson/target/dependency/powermock-module-junit4-common-1.6.6.jar:/var/benchmarks/projects/fastjson/target/dependency/jcl-over-slf4j-1.7.25.jar:/var/benchmarks/projects/fastjson/target/dependency/javax.servlet-3.0.0.v201112011016.jar:/var/benchmarks/projects/fastjson/target/dependency/springfox-core-2.6.1.jar:/var/benchmarks/projects/fastjson/target/dependency/osgi-resource-locator-1.0.1.jar:/var/benchmarks/projects/fastjson/target/dependency/javassist-3.18.0-GA.jar:/var/benchmarks/projects/fastjson/target/dependency/kotlin-reflect-1.1.3-2.jar:/var/benchmarks/projects/fastjson/target/dependency/spring-context-support-4.3.10.RELEASE.jar:/var/benchmarks/projects/fastjson/target/dependency/spring-plugin-metadata-1.2.0.RELEASE.jar:/var/benchmarks/projects/fastjson/target/dependency/kotlin-stdlib-1.1.3-2.jar:/var/benchmarks/projects/fastjson/target/dependency/spring-data-keyvalue-1.2.6.RELEASE.jar:/var/benchmarks/projects/fastjson/target/dependency/jersey-container-servlet-core-2.23.2.jar:/var/benchmarks/projects/fastjson/target/dependency/asm-4.0.jar:/var/benchmarks/projects/fastjson/target/dependency/asm-commons-4.0.jar:/var/benchmarks/projects/fastjson/target/dependency/jersey-guava-2.23.2.jar:/var/benchmarks/projects/fastjson/target/dependency/aopalliance-1.0.jar:/var/benchmarks/projects/fastjson/target/dependency/groovy-2.1.5.jar:/var/benchmarks/projects/fastjson/target/dependency/hk2-api-2.5.0-b05.jar:/var/benchmarks/projects/fastjson/target/dependency/jetty-security-8.1.8.v20121106.jar:/var/benchmarks/projects/fastjson/target/dependency/jmh-core-1.21.jar:/var/benchmarks/projects/fastjson/target/dependency/jersey-container-servlet-2.23.2.jar:/var/benchmarks/projects/fastjson/target/dependency/dom4j-1.6.1.jar:/var/benchmarks/projects/fastjson/target/dependency/spring-core-4.3.7.RELEASE.jar:/var/benchmarks/projects/fastjson/target/dependency/spring-data-redis-1.8.6.RELEASE.jar:/var/benchmarks/projects/fastjson/target/dependency/jackson-core-asl-1.9.13.jar:/var/benchmarks/projects/fastjson/target/dependency/jackson-mapper-asl-1.9.13.jar:/var/benchmarks/projects/fastjson/target/dependency/hibernate-jpa-2.1-api-1.0.0.Final.jar:/var/benchmarks/projects/fastjson/target/dependency/junit-4.12.jar:/var/benchmarks/projects/fastjson/target/dependency/commons-io-1.4.jar:/var/benchmarks/projects/fastjson/target/dependency/jetty-util-8.1.8.v20121106.jar:/var/benchmarks/projects/fastjson/target/dependency/hamcrest-core-1.3.jar:/var/benchmarks/projects/fastjson/target/dependency/jmh-generator-annprocess-1.21.jar:/var/benchmarks/projects/fastjson/target/dependency/jackson-jaxrs-base-2.8.7.jar:/var/benchmarks/projects/fastjson/target/dependency/powermock-module-junit4-1.6.6.jar:/var/benchmarks/projects/fastjson/target/dependency/powermock-core-1.6.6.jar:/var/benchmarks/projects/fastjson/target/dependency/slf4j-api-1.7.25.jar:/var/benchmarks/projects/fastjson/target/dependency/antlr-2.7.7.jar:/var/benchmarks/projects/fastjson/target/dependency/mockito-all-1.10.19.jar:/var/benchmarks/projects/fastjson/target/dependency/jersey-container-jdk-http-2.23.2.jar:/var/benchmarks/projects/fastjson/target/dependency/javaslang-match-2.0.6.jar:/var/benchmarks/projects/fastjson/target/dependency/jersey-test-framework-provider-jdk-http-2.23.2.jar:/var/benchmarks/projects/fastjson/target/dependency/jersey-entity-filtering-2.23.2.jar:/var/benchmarks/projects/fastjson/target/dependency/jandex-2.0.3.Final.jar:/var/benchmarks/projects/fastjson/target/dependency/ezmorph-1.0.6.jar:/var/benchmarks/projects/fastjson/target/dependency/jackson-jaxrs-json-provider-2.8.7.jar:/var/benchmarks/projects/fastjson/target/dependency/cxf-rt-transports-http-3.1.2.jar:/var/benchmarks/projects/fastjson/target/dependency/spring-beans-4.3.7.RELEASE.jar:/var/benchmarks/projects/fastjson/target/dependency/jersey-server-2.23.2.jar:/var/benchmarks/projects/fastjson/target/dependency/powermock-api-mockito-1.6.6.jar:/var/benchmarks/projects/fastjson/target/dependency/jackson-module-jaxb-annotations-2.8.7.jar:/var/benchmarks/projects/fastjson/target/dependency/jopt-simple-4.6.jar:/var/benchmarks/projects/fastjson/target/dependency/asm-analysis-4.0.jar:/var/benchmarks/projects/fastjson/target/dependency/annotations-13.0.jar:/var/benchmarks/projects/fastjson/target/dependency/json-path-2.3.0.jar:/var/benchmarks/projects/fastjson/target/dependency/springfox-spi-2.6.1.jar:/var/benchmarks/projects/fastjson/target/dependency/spring-websocket-4.3.7.RELEASE.jar:/var/benchmarks/projects/fastjson/target/dependency/spring-messaging-4.3.7.RELEASE.jar:/var/benchmarks/projects/fastjson/target/dependency/jersey-client-2.23.2.jar:/var/benchmarks/projects/fastjson/target/dependency/javax.ws.rs-api-2.0.1.jar:/var/benchmarks/projects/fastjson/target/dependency/accessors-smart-1.1.jar:/var/benchmarks/projects/fastjson/target/dependency/hibernate-commons-annotations-5.0.1.Final.jar:/var/benchmarks/projects/fastjson/target/dependency/commons-logging-1.1.1.jar:/var/benchmarks/projects/fastjson/target/dependency/jackson-core-2.9.0.jar:/var/benchmarks/projects/fastjson/target/dependency/spring-expression-4.3.7.RELEASE.jar:/var/benchmarks/projects/fastjson/target/dependency/jersey-media-jaxb-2.23.2.jar:/var/benchmarks/projects/fastjson/target/dependency/okhttp-3.6.0.jar:/var/benchmarks/projects/fastjson/target/dependency/commons-math3-3.2.jar:/var/benchmarks/projects/fastjson/target/dependency/jetty-webapp-8.1.8.v20121106.jar:/var/benchmarks/projects/fastjson/target/dependency/javax.inject-2.5.0-b05.jar:/var/benchmarks/projects/fastjson/target/dependency/cxf-core-3.1.2.jar:/var/benchmarks/projects/fastjson/target/dependency/powermock-api-mockito-common-1.6.6.jar:/var/benchmarks/projects/fastjson/target/dependency/jetty-http-8.1.8.v20121106.jar:/var/benchmarks/projects/fastjson/target/dependency/spring-security-config-3.2.10.RELEASE.jar:/var/benchmarks/projects/fastjson/target/dependency/okio-1.11.0.jar:/var/benchmarks/projects/fastjson/target/dependency/javax.servlet-api-3.1.0.jar:/var/benchmarks/projects/fastjson/target/dependency/json-smart-2.2.1.jar:/var/benchmarks/projects/fastjson/target/dependency/spring-tx-4.3.10.RELEASE.jar:/var/benchmarks/projects/fastjson/target/dependency/jackson-module-afterburner-2.9.0.jar:/var/benchmarks/projects/fastjson/target/dependency/asm-util-4.0.jar:/var/benchmarks/projects/fastjson/target/dependency/spring-security-web-4.2.3.RELEASE.jar:/var/benchmarks/projects/fastjson/target/dependency/spring-webmvc-4.3.7.RELEASE.jar:/var/benchmarks/projects/fastjson/target/dependency/hk2-locator-2.5.0-b05.jar:/var/benchmarks/projects/fastjson/target/dependency/retrofit-2.1.0.jar:/var/benchmarks/projects/fastjson/target/dependency/clojure-1.5.1.jar:/var/benchmarks/projects/fastjson/target/dependency/spring-security-oauth2-2.3.3.RELEASE.jar:/var/benchmarks/projects/fastjson/target/dependency/spring-test-4.3.7.RELEASE.jar:/var/benchmarks/projects/fastjson/target/dependency/aopalliance-repackaged-2.5.0-b05.jar:/var/benchmarks/projects/fastjson/target/dependency/spring-oxm-4.3.10.RELEASE.jar:/var/benchmarks/projects/fastjson/target/dependency/spring-security-core-4.2.3.RELEASE.jar:/var/benchmarks/projects/fastjson/target/dependency/jboss-transaction-api_1.2_spec-1.0.1.Final.jar:/var/benchmarks/projects/fastjson/target/dependency/lombok-1.14.4.jar:/var/benchmarks/projects/fastjson/target/dependency/commons-collections-3.2.1.jar:/var/benchmarks/projects/fastjson/target/dependency/cxf-rt-frontend-jaxrs-3.1.2.jar:/var/benchmarks/projects/fastjson/target/dependency/spring-context-4.3.7.RELEASE.jar:/var/benchmarks/projects/fastjson/target/dependency/jersey-test-framework-core-2.23.2.jar:/var/benchmarks/projects/fastjson/target/dependency/classmate-1.3.1.jar:/var/benchmarks/projects/fastjson/target/dependency/hk2-utils-2.5.0-b05.jar:/var/benchmarks/projects/fastjson/target/dependency/jersey-common-2.23.2.jar:/var/benchmarks/projects/fastjson/target/dependency/jackson-databind-2.9.0.jar:/var/benchmarks/projects/fastjson/target/dependency/jersey-media-json-jackson-2.23.2.jar:/var/benchmarks/projects/fastjson/target/dependency/commons-lang-2.5.jar:/var/benchmarks/projects/fastjson/target/dependency/jetty-servlet-8.1.8.v20121106.jar:/var/benchmarks/projects/fastjson/target/dependency/validation-api-1.1.0.Final.jar:/var/benchmarks/projects/fastjson/target/dependency/spring-web-4.3.7.RELEASE.jar:/var/benchmarks/projects/fastjson/target/dependency/jsoniter-0.9.8.jar:/var/benchmarks/projects/fastjson/target/dependency/jboss-logging-3.3.0.Final.jar, outputDir=/home/utbot_mocks/temp/testcases, mocks=Other classes: Mockito
17:21:12.604 | INFO  | Started: warmup: kotlin reflection :: init
17:21:12.687 | INFO  | Finished (in 0.083 sec): warmup: kotlin reflection :: init 
[INIT]
>> [RUN] com.alibaba.fastjson.JSONReader 30
17:21:12.699 | DEBUG | -----------------------------------------------------------------------------
17:21:12.700 | INFO  | Contest.runGeneration: Time budget: 30000 ms, Generation timeout=25500 ms, classpath=/var/benchmarks/projects/fastjson/target/classes:/var/benchmarks/projects/fastjson/target/fastjson-1.2.50-SNAPSHOT.jar:/var/benchmarks/projects/./fastjson/target/dependency/deeptestutils-1.1.0.jar:/var/benchmarks/projects/fastjson/target/dependency/commons-beanutils-1.8.0.jar:/var/benchmarks/projects/fastjson/target/dependency/woodstox-core-asl-4.4.1.jar:/var/benchmarks/projects/fastjson/target/dependency/spring-aop-4.3.7.RELEASE.jar:/var/benchmarks/projects/fastjson/target/dependency/hibernate-core-5.2.10.Final.jar:/var/benchmarks/projects/fastjson/target/dependency/jackson-module-kotlin-2.9.0.jar:/var/benchmarks/projects/fastjson/target/dependency/spring-data-commons-1.13.6.RELEASE.jar:/var/benchmarks/projects/fastjson/target/dependency/javax.annotation-api-1.2.jar:/var/benchmarks/projects/fastjson/target/dependency/gson-2.6.2.jar:/var/benchmarks/projects/fastjson/target/dependency/jetty-continuation-8.1.8.v20121106.jar:/var/benchmarks/projects/fastjson/target/dependency/objenesis-2.5.1.jar:/var/benchmarks/projects/fastjson/target/dependency/powermock-reflect-1.6.6.jar:/var/benchmarks/projects/fastjson/target/dependency/springfox-spring-web-2.6.1.jar:/var/benchmarks/projects/fastjson/target/dependency/javaslang-2.0.6.jar:/var/benchmarks/projects/fastjson/target/dependency/guava-18.0.jar:/var/benchmarks/projects/fastjson/target/dependency/mockito-core-1.10.19.jar:/var/benchmarks/projects/fastjson/target/dependency/json-lib-2.4-jdk15.jar:/var/benchmarks/projects/fastjson/target/dependency/jetty-xml-8.1.8.v20121106.jar:/var/benchmarks/projects/fastjson/target/dependency/xmlschema-core-2.2.1.jar:/var/benchmarks/projects/fastjson/target/dependency/powermock-api-support-1.6.6.jar:/var/benchmarks/projects/fastjson/target/dependency/commons-collections4-4.1.jar:/var/benchmarks/projects/fastjson/target/dependency/cglib-nodep-2.2.2.jar:/var/benchmarks/projects/fastjson/target/dependency/asm-debug-all-5.0.4.jar:/var/benchmarks/projects/fastjson/target/dependency/spring-plugin-core-1.2.0.RELEASE.jar:/var/benchmarks/projects/fastjson/target/dependency/cxf-rt-rs-client-3.1.2.jar:/var/benchmarks/projects/fastjson/target/dependency/jetty-io-8.1.8.v20121106.jar:/var/benchmarks/projects/fastjson/target/dependency/commons-lang3-3.4.jar:/var/benchmarks/projects/fastjson/target/dependency/stax2-api-3.1.4.jar:/var/benchmarks/projects/fastjson/target/dependency/jackson-annotations-2.9.0.jar:/var/benchmarks/projects/fastjson/target/dependency/jetty-server-8.1.8.v20121106.jar:/var/benchmarks/projects/fastjson/target/dependency/json-simple-1.1.1.jar:/var/benchmarks/projects/fastjson/target/dependency/asm-tree-4.0.jar:/var/benchmarks/projects/fastjson/target/dependency/spring-data-commons-core-1.4.1.RELEASE.jar:/var/benchmarks/projects/fastjson/target/dependency/powermock-module-junit4-common-1.6.6.jar:/var/benchmarks/projects/fastjson/target/dependency/jcl-over-slf4j-1.7.25.jar:/var/benchmarks/projects/fastjson/target/dependency/javax.servlet-3.0.0.v201112011016.jar:/var/benchmarks/projects/fastjson/target/dependency/springfox-core-2.6.1.jar:/var/benchmarks/projects/fastjson/target/dependency/osgi-resource-locator-1.0.1.jar:/var/benchmarks/projects/fastjson/target/dependency/javassist-3.18.0-GA.jar:/var/benchmarks/projects/fastjson/target/dependency/kotlin-reflect-1.1.3-2.jar:/var/benchmarks/projects/fastjson/target/dependency/spring-context-support-4.3.10.RELEASE.jar:/var/benchmarks/projects/fastjson/target/dependency/spring-plugin-metadata-1.2.0.RELEASE.jar:/var/benchmarks/projects/fastjson/target/dependency/kotlin-stdlib-1.1.3-2.jar:/var/benchmarks/projects/fastjson/target/dependency/spring-data-keyvalue-1.2.6.RELEASE.jar:/var/benchmarks/projects/fastjson/target/dependency/jersey-container-servlet-core-2.23.2.jar:/var/benchmarks/projects/fastjson/target/dependency/asm-4.0.jar:/var/benchmarks/projects/fastjson/target/dependency/asm-commons-4.0.jar:/var/benchmarks/projects/fastjson/target/dependency/jersey-guava-2.23.2.jar:/var/benchmarks/projects/fastjson/target/dependency/aopalliance-1.0.jar:/var/benchmarks/projects/fastjson/target/dependency/groovy-2.1.5.jar:/var/benchmarks/projects/fastjson/target/dependency/hk2-api-2.5.0-b05.jar:/var/benchmarks/projects/fastjson/target/dependency/jetty-security-8.1.8.v20121106.jar:/var/benchmarks/projects/fastjson/target/dependency/jmh-core-1.21.jar:/var/benchmarks/projects/fastjson/target/dependency/jersey-container-servlet-2.23.2.jar:/var/benchmarks/projects/fastjson/target/dependency/dom4j-1.6.1.jar:/var/benchmarks/projects/fastjson/target/dependency/spring-core-4.3.7.RELEASE.jar:/var/benchmarks/projects/fastjson/target/dependency/spring-data-redis-1.8.6.RELEASE.jar:/var/benchmarks/projects/fastjson/target/dependency/jackson-core-asl-1.9.13.jar:/var/benchmarks/projects/fastjson/target/dependency/jackson-mapper-asl-1.9.13.jar:/var/benchmarks/projects/fastjson/target/dependency/hibernate-jpa-2.1-api-1.0.0.Final.jar:/var/benchmarks/projects/fastjson/target/dependency/junit-4.12.jar:/var/benchmarks/projects/fastjson/target/dependency/commons-io-1.4.jar:/var/benchmarks/projects/fastjson/target/dependency/jetty-util-8.1.8.v20121106.jar:/var/benchmarks/projects/fastjson/target/dependency/hamcrest-core-1.3.jar:/var/benchmarks/projects/fastjson/target/dependency/jmh-generator-annprocess-1.21.jar:/var/benchmarks/projects/fastjson/target/dependency/jackson-jaxrs-base-2.8.7.jar:/var/benchmarks/projects/fastjson/target/dependency/powermock-module-junit4-1.6.6.jar:/var/benchmarks/projects/fastjson/target/dependency/powermock-core-1.6.6.jar:/var/benchmarks/projects/fastjson/target/dependency/slf4j-api-1.7.25.jar:/var/benchmarks/projects/fastjson/target/dependency/antlr-2.7.7.jar:/var/benchmarks/projects/fastjson/target/dependency/mockito-all-1.10.19.jar:/var/benchmarks/projects/fastjson/target/dependency/jersey-container-jdk-http-2.23.2.jar:/var/benchmarks/projects/fastjson/target/dependency/javaslang-match-2.0.6.jar:/var/benchmarks/projects/fastjson/target/dependency/jersey-test-framework-provider-jdk-http-2.23.2.jar:/var/benchmarks/projects/fastjson/target/dependency/jersey-entity-filtering-2.23.2.jar:/var/benchmarks/projects/fastjson/target/dependency/jandex-2.0.3.Final.jar:/var/benchmarks/projects/fastjson/target/dependency/ezmorph-1.0.6.jar:/var/benchmarks/projects/fastjson/target/dependency/jackson-jaxrs-json-provider-2.8.7.jar:/var/benchmarks/projects/fastjson/target/dependency/cxf-rt-transports-http-3.1.2.jar:/var/benchmarks/projects/fastjson/target/dependency/spring-beans-4.3.7.RELEASE.jar:/var/benchmarks/projects/fastjson/target/dependency/jersey-server-2.23.2.jar:/var/benchmarks/projects/fastjson/target/dependency/powermock-api-mockito-1.6.6.jar:/var/benchmarks/projects/fastjson/target/dependency/jackson-module-jaxb-annotations-2.8.7.jar:/var/benchmarks/projects/fastjson/target/dependency/jopt-simple-4.6.jar:/var/benchmarks/projects/fastjson/target/dependency/asm-analysis-4.0.jar:/var/benchmarks/projects/fastjson/target/dependency/annotations-13.0.jar:/var/benchmarks/projects/fastjson/target/dependency/json-path-2.3.0.jar:/var/benchmarks/projects/fastjson/target/dependency/springfox-spi-2.6.1.jar:/var/benchmarks/projects/fastjson/target/dependency/spring-websocket-4.3.7.RELEASE.jar:/var/benchmarks/projects/fastjson/target/dependency/spring-messaging-4.3.7.RELEASE.jar:/var/benchmarks/projects/fastjson/target/dependency/jersey-client-2.23.2.jar:/var/benchmarks/projects/fastjson/target/dependency/javax.ws.rs-api-2.0.1.jar:/var/benchmarks/projects/fastjson/target/dependency/accessors-smart-1.1.jar:/var/benchmarks/projects/fastjson/target/dependency/hibernate-commons-annotations-5.0.1.Final.jar:/var/benchmarks/projects/fastjson/target/dependency/commons-logging-1.1.1.jar:/var/benchmarks/projects/fastjson/target/dependency/jackson-core-2.9.0.jar:/var/benchmarks/projects/fastjson/target/dependency/spring-expression-4.3.7.RELEASE.jar:/var/benchmarks/projects/fastjson/target/dependency/jersey-media-jaxb-2.23.2.jar:/var/benchmarks/projects/fastjson/target/dependency/okhttp-3.6.0.jar:/var/benchmarks/projects/fastjson/target/dependency/commons-math3-3.2.jar:/var/benchmarks/projects/fastjson/target/dependency/jetty-webapp-8.1.8.v20121106.jar:/var/benchmarks/projects/fastjson/target/dependency/javax.inject-2.5.0-b05.jar:/var/benchmarks/projects/fastjson/target/dependency/cxf-core-3.1.2.jar:/var/benchmarks/projects/fastjson/target/dependency/powermock-api-mockito-common-1.6.6.jar:/var/benchmarks/projects/fastjson/target/dependency/jetty-http-8.1.8.v20121106.jar:/var/benchmarks/projects/fastjson/target/dependency/spring-security-config-3.2.10.RELEASE.jar:/var/benchmarks/projects/fastjson/target/dependency/okio-1.11.0.jar:/var/benchmarks/projects/fastjson/target/dependency/javax.servlet-api-3.1.0.jar:/var/benchmarks/projects/fastjson/target/dependency/json-smart-2.2.1.jar:/var/benchmarks/projects/fastjson/target/dependency/spring-tx-4.3.10.RELEASE.jar:/var/benchmarks/projects/fastjson/target/dependency/jackson-module-afterburner-2.9.0.jar:/var/benchmarks/projects/fastjson/target/dependency/asm-util-4.0.jar:/var/benchmarks/projects/fastjson/target/dependency/spring-security-web-4.2.3.RELEASE.jar:/var/benchmarks/projects/fastjson/target/dependency/spring-webmvc-4.3.7.RELEASE.jar:/var/benchmarks/projects/fastjson/target/dependency/hk2-locator-2.5.0-b05.jar:/var/benchmarks/projects/fastjson/target/dependency/retrofit-2.1.0.jar:/var/benchmarks/projects/fastjson/target/dependency/clojure-1.5.1.jar:/var/benchmarks/projects/fastjson/target/dependency/spring-security-oauth2-2.3.3.RELEASE.jar:/var/benchmarks/projects/fastjson/target/dependency/spring-test-4.3.7.RELEASE.jar:/var/benchmarks/projects/fastjson/target/dependency/aopalliance-repackaged-2.5.0-b05.jar:/var/benchmarks/projects/fastjson/target/dependency/spring-oxm-4.3.10.RELEASE.jar:/var/benchmarks/projects/fastjson/target/dependency/spring-security-core-4.2.3.RELEASE.jar:/var/benchmarks/projects/fastjson/target/dependency/jboss-transaction-api_1.2_spec-1.0.1.Final.jar:/var/benchmarks/projects/fastjson/target/dependency/lombok-1.14.4.jar:/var/benchmarks/projects/fastjson/target/dependency/commons-collections-3.2.1.jar:/var/benchmarks/projects/fastjson/target/dependency/cxf-rt-frontend-jaxrs-3.1.2.jar:/var/benchmarks/projects/fastjson/target/dependency/spring-context-4.3.7.RELEASE.jar:/var/benchmarks/projects/fastjson/target/dependency/jersey-test-framework-core-2.23.2.jar:/var/benchmarks/projects/fastjson/target/dependency/classmate-1.3.1.jar:/var/benchmarks/projects/fastjson/target/dependency/hk2-utils-2.5.0-b05.jar:/var/benchmarks/projects/fastjson/target/dependency/jersey-common-2.23.2.jar:/var/benchmarks/projects/fastjson/target/dependency/jackson-databind-2.9.0.jar:/var/benchmarks/projects/fastjson/target/dependency/jersey-media-json-jackson-2.23.2.jar:/var/benchmarks/projects/fastjson/target/dependency/commons-lang-2.5.jar:/var/benchmarks/projects/fastjson/target/dependency/jetty-servlet-8.1.8.v20121106.jar:/var/benchmarks/projects/fastjson/target/dependency/validation-api-1.1.0.Final.jar:/var/benchmarks/projects/fastjson/target/dependency/spring-web-4.3.7.RELEASE.jar:/var/benchmarks/projects/fastjson/target/dependency/jsoniter-0.9.8.jar:/var/benchmarks/projects/fastjson/target/dependency/jboss-logging-3.3.0.Final.jar, methodNameFilter=null
17:21:12.704 | INFO  | ClassUnderTest[ FQN: com.alibaba.fastjson.JSONReader
    classfileDir: /var/benchmarks/projects/fastjson/target/classes
    testClassSimpleName: JSONReaderTest
    generatedTestFile: /home/utbot_mocks/temp/testcases/com/alibaba/fastjson/JSONReaderTest.java
    generatedTestsSourcesDir: /home/utbot_mocks/temp/testcases
]
17:21:12.726 | INFO  | Started: class com.alibaba.fastjson.JSONReader
17:21:12.727 | INFO  | Started: preparation class class com.alibaba.fastjson.JSONReader: kotlin reflection :: run
17:21:12.770 | INFO  | Finished (in 0.043 sec): preparation class class com.alibaba.fastjson.JSONReader: kotlin reflection :: run 
17:21:12.771 | INFO  | Started: 2nd optional soot initialization
17:21:12.772 | INFO  | Finished (in 0.001 sec): 2nd optional soot initialization 
17:21:12.780 | DEBUG |  ... 
17:21:12.789 | INFO  | Started: method com.alibaba.fastjson.JSONReader.close()
17:21:12.790 | INFO  |  -- Remaining time budget: 25421 ms, #remaining_methods: 29, budget for method: 876 ms, solver timeout: 438 ms, budget for symbolic execution: 438 ms, budget for concrete execution: 438 ms,  -- 
17:21:13.142 | DEBUG | --new testCase collected, to generate: testCom.alibaba.fastjson.JSONReader.close()1
17:21:13.225 | INFO  | |> Starting concrete execution for remaining state: com.alibaba.fastjson.JSONReader.close()
17:21:13.359 | DEBUG | --new testCase collected, to generate: testCom.alibaba.fastjson.JSONReader.close()2
17:21:13.360 | INFO  | Finished (in 0.570 sec): method com.alibaba.fastjson.JSONReader.close() 
<StatsForMethod> :
	#generatedTC=2
	WITH NO EXCEPTIONS
17:21:13.362 | DEBUG |  ... 
17:21:13.363 | INFO  | Started: method com.alibaba.fastjson.JSONReader.readString()
17:21:13.364 | INFO  |  -- Remaining time budget: 24840 ms, #remaining_methods: 28, budget for method: 887 ms, solver timeout: 443 ms, budget for symbolic execution: 444 ms, budget for concrete execution: 443 ms,  -- 
17:21:13.380 | DEBUG | --new testCase collected, to generate: testCom.alibaba.fastjson.JSONReader.readString()1
17:21:13.735 | DEBUG | --new testCase collected, to generate: testCom.alibaba.fastjson.JSONReader.readString()2
17:21:13.807 | INFO  | |> Starting concrete execution for remaining state: com.alibaba.fastjson.JSONReader.readString()
17:21:14.424 | INFO  | (X) Cancelling concrete execution: com.alibaba.fastjson.JSONReader.readString()
17:21:14.449 | INFO  | Finished (in 1.086 sec): method com.alibaba.fastjson.JSONReader.readString() 
<StatsForMethod> :
	#generatedTC=2
	WITH NO EXCEPTIONS
17:21:14.455 | DEBUG |  ... 
17:21:14.456 | INFO  | Started: method com.alibaba.fastjson.JSONReader.setLocale(Locale)
17:21:14.456 | INFO  |  -- Remaining time budget: 23747 ms, #remaining_methods: 27, budget for method: 879 ms, solver timeout: 439 ms, budget for symbolic execution: 440 ms, budget for concrete execution: 439 ms,  -- 
17:21:14.472 | DEBUG | --new testCase collected, to generate: testCom.alibaba.fastjson.JSONReader.setLocale(Locale)1
17:21:14.511 | DEBUG | --new testCase collected, to generate: testCom.alibaba.fastjson.JSONReader.setLocale(Locale)2
17:21:14.511 | INFO  | Finished (in 0.055 sec): method com.alibaba.fastjson.JSONReader.setLocale(Locale) 
<StatsForMethod> :
	#generatedTC=2
	WITH NO EXCEPTIONS
17:21:14.512 | DEBUG |  ... 
17:21:14.513 | INFO  | Started: method com.alibaba.fastjson.JSONReader.readLong()
17:21:14.513 | INFO  |  -- Remaining time budget: 23691 ms, #remaining_methods: 26, budget for method: 911 ms, solver timeout: 455 ms, budget for symbolic execution: 456 ms, budget for concrete execution: 455 ms,  -- 
17:21:14.520 | DEBUG | --new testCase collected, to generate: testCom.alibaba.fastjson.JSONReader.readLong()1
17:21:14.804 | DEBUG | --new testCase collected, to generate: testCom.alibaba.fastjson.JSONReader.readLong()2
17:21:14.969 | INFO  | |> Starting concrete execution for remaining state: com.alibaba.fastjson.JSONReader.readLong()
17:21:15.425 | INFO  | (X) Cancelling concrete execution: com.alibaba.fastjson.JSONReader.readLong()
17:21:15.498 | INFO  | Finished (in 0.986 sec): method com.alibaba.fastjson.JSONReader.readLong() 
<StatsForMethod> :
	#generatedTC=2
	WITH NO EXCEPTIONS
17:21:15.512 | DEBUG |  ... 
17:21:15.513 | INFO  | Started: method com.alibaba.fastjson.JSONReader.config(Feature, boolean)
17:21:15.513 | INFO  |  -- Remaining time budget: 22691 ms, #remaining_methods: 25, budget for method: 907 ms, solver timeout: 453 ms, budget for symbolic execution: 454 ms, budget for concrete execution: 453 ms,  -- 
17:21:15.527 | ERROR | Symbolic execution FAILED
com.huawei.utbot.instrumentation.util.ChildProcessError: Error in the child process |> java.lang.IllegalAccessException: Class com.huawei.utbot.framework.concrete.MockValueConstructor can not access a member of class com.alibaba.fastjson.parser.Feature with modifiers "private"
	at sun.reflect.Reflection.ensureMemberAccess(Reflection.java:102)
	at java.lang.reflect.AccessibleObject.slowCheckMemberAccess(AccessibleObject.java:296)
	at java.lang.reflect.AccessibleObject.checkAccess(AccessibleObject.java:288)
	at java.lang.reflect.Constructor.newInstance(Constructor.java:413)
	at com.huawei.utbot.framework.concrete.MockValueConstructor.call(MockValueConstructor.kt:414)
	at com.huawei.utbot.framework.concrete.MockValueConstructor.updateWithExecutableCallModel(MockValueConstructor.kt:353)
	at com.huawei.utbot.framework.concrete.MockValueConstructor.constructFromAssembleModel(MockValueConstructor.kt:332)
	at com.huawei.utbot.framework.concrete.MockValueConstructor.construct(MockValueConstructor.kt:126)
	at com.huawei.utbot.framework.concrete.MockValueConstructor.constructMethodParameters(MockValueConstructor.kt:101)
	at com.huawei.utbot.framework.concrete.UtExecutionInstrumentation.invoke(UtExecutionInstrumentation.kt:126)
	at com.huawei.utbot.framework.concrete.UtExecutionInstrumentation.invoke(UtExecutionInstrumentation.kt:96)
	at com.huawei.utbot.instrumentation.process.ChildProcessKt.loop(ChildProcess.kt:114)
	at com.huawei.utbot.instrumentation.process.ChildProcessKt.main(ChildProcess.kt:76)
	at com.huawei.utbot.instrumentation.process.ChildProcessKt.main(ChildProcess.kt)

	at com.huawei.utbot.instrumentation.ConcreteExecutor.executeAsync(ConcreteExecutor.kt:391) ~[utbot-junit-contest-1.0.jar:?]
	at com.huawei.utbot.instrumentation.ConcreteExecutor$executeAsync$1.invokeSuspend(ConcreteExecutor.kt) ~[utbot-junit-contest-1.0.jar:?]
	at kotlin.coroutines.jvm.internal.BaseContinuationImpl.resumeWith(ContinuationImpl.kt:33) [utbot-junit-contest-1.0.jar:?]
	at kotlinx.coroutines.DispatchedTask.run(DispatchedTask.kt:106) [utbot-junit-contest-1.0.jar:?]
	at java.util.concurrent.Executors$RunnableAdapter.call(Executors.java:511) [?:1.8.0_312]
	at java.util.concurrent.FutureTask.run(FutureTask.java:266) [?:1.8.0_312]
	at java.util.concurrent.ScheduledThreadPoolExecutor$ScheduledFutureTask.access$201(ScheduledThreadPoolExecutor.java:180) [?:1.8.0_312]
	at java.util.concurrent.ScheduledThreadPoolExecutor$ScheduledFutureTask.run(ScheduledThreadPoolExecutor.java:293) [?:1.8.0_312]
	at java.util.concurrent.ThreadPoolExecutor.runWorker(ThreadPoolExecutor.java:1149) [?:1.8.0_312]
	at java.util.concurrent.ThreadPoolExecutor$Worker.run(ThreadPoolExecutor.java:624) [?:1.8.0_312]
	at java.lang.Thread.run(Thread.java:748) [?:1.8.0_312]
17:21:15.566 | DEBUG | --new testCase collected, to generate: testCom.alibaba.fastjson.JSONReader.config(Feature, boolean)1
17:21:15.567 | INFO  | Finished (in 0.054 sec): method com.alibaba.fastjson.JSONReader.config(Feature, boolean) 
<StatsForMethod> :
	#generatedTC=1
	FAILED 1 time(s) with 1 different exception(s)"
17:21:15.568 | DEBUG |  ... 
17:21:15.568 | INFO  | Started: method com.alibaba.fastjson.JSONReader.startArray()
17:21:15.568 | INFO  |  -- Remaining time budget: 22635 ms, #remaining_methods: 24, budget for method: 943 ms, solver timeout: 471 ms, budget for symbolic execution: 472 ms, budget for concrete execution: 471 ms,  -- 
17:21:15.577 | DEBUG | --new testCase collected, to generate: testCom.alibaba.fastjson.JSONReader.startArray()1
17:21:15.844 | DEBUG | --new testCase collected, to generate: testCom.alibaba.fastjson.JSONReader.startArray()2
17:21:16.041 | INFO  | |> Starting concrete execution for remaining state: com.alibaba.fastjson.JSONReader.startArray()
17:21:16.113 | DEBUG | --new testCase collected, to generate: testCom.alibaba.fastjson.JSONReader.startArray()3
17:21:16.124 | DEBUG | --new testCase collected, to generate: testCom.alibaba.fastjson.JSONReader.startArray()4
17:21:16.132 | DEBUG | --new testCase collected, to generate: testCom.alibaba.fastjson.JSONReader.startArray()5
17:21:16.196 | DEBUG | --new testCase collected, to generate: testCom.alibaba.fastjson.JSONReader.startArray()6
17:21:16.204 | DEBUG | --new testCase collected, to generate: testCom.alibaba.fastjson.JSONReader.startArray()7
17:21:16.204 | INFO  | Finished (in 0.636 sec): method com.alibaba.fastjson.JSONReader.startArray() 
<StatsForMethod> :
	#generatedTC=7
	WITH NO EXCEPTIONS
17:21:16.244 | DEBUG |  ... 
17:21:16.244 | INFO  | Started: method com.alibaba.fastjson.JSONReader.getLocal()
17:21:16.244 | INFO  |  -- Remaining time budget: 21959 ms, #remaining_methods: 23, budget for method: 954 ms, solver timeout: 477 ms, budget for symbolic execution: 477 ms, budget for concrete execution: 477 ms,  -- 
17:21:16.254 | DEBUG | --new testCase collected, to generate: testCom.alibaba.fastjson.JSONReader.getLocal()1
17:21:16.286 | DEBUG | --new testCase collected, to generate: testCom.alibaba.fastjson.JSONReader.getLocal()2
17:21:16.286 | INFO  | Finished (in 0.042 sec): method com.alibaba.fastjson.JSONReader.getLocal() 
<StatsForMethod> :
	#generatedTC=2
	WITH NO EXCEPTIONS
17:21:16.287 | DEBUG |  ... 
17:21:16.288 | INFO  | Started: method com.alibaba.fastjson.JSONReader.endObject()
17:21:16.288 | INFO  |  -- Remaining time budget: 21915 ms, #remaining_methods: 22, budget for method: 996 ms, solver timeout: 498 ms, budget for symbolic execution: 498 ms, budget for concrete execution: 498 ms,  -- 
17:21:16.295 | DEBUG | --new testCase collected, to generate: testCom.alibaba.fastjson.JSONReader.endObject()1
17:21:16.425 | DEBUG | --new testCase collected, to generate: testCom.alibaba.fastjson.JSONReader.endObject()2
17:21:16.430 | DEBUG | --new testCase collected, to generate: testCom.alibaba.fastjson.JSONReader.endObject()3
17:21:16.433 | DEBUG | --new testCase collected, to generate: testCom.alibaba.fastjson.JSONReader.endObject()4
17:21:16.435 | DEBUG | --new testCase collected, to generate: testCom.alibaba.fastjson.JSONReader.endObject()5
17:21:16.439 | DEBUG | --new testCase collected, to generate: testCom.alibaba.fastjson.JSONReader.endObject()6
17:21:16.442 | DEBUG | --new testCase collected, to generate: testCom.alibaba.fastjson.JSONReader.endObject()7
17:21:16.442 | INFO  | Finished (in 0.154 sec): method com.alibaba.fastjson.JSONReader.endObject() 
<StatsForMethod> :
	#generatedTC=7
	WITH NO EXCEPTIONS
17:21:16.454 | DEBUG |  ... 
17:21:16.454 | INFO  | Started: method com.alibaba.fastjson.JSONReader.getTimzeZone()
17:21:16.455 | INFO  |  -- Remaining time budget: 21749 ms, #remaining_methods: 21, budget for method: 1035 ms, solver timeout: 517 ms, budget for symbolic execution: 518 ms, budget for concrete execution: 517 ms,  -- 
17:21:16.460 | DEBUG | --new testCase collected, to generate: testCom.alibaba.fastjson.JSONReader.getTimzeZone()1
17:21:16.490 | DEBUG | --new testCase collected, to generate: testCom.alibaba.fastjson.JSONReader.getTimzeZone()2
17:21:16.490 | INFO  | Finished (in 0.035 sec): method com.alibaba.fastjson.JSONReader.getTimzeZone() 
<StatsForMethod> :
	#generatedTC=2
	WITH NO EXCEPTIONS
17:21:16.491 | DEBUG |  ... 
17:21:16.491 | INFO  | Started: method com.alibaba.fastjson.JSONReader.startStructure()
17:21:16.491 | INFO  |  -- Remaining time budget: 21712 ms, #remaining_methods: 20, budget for method: 1085 ms, solver timeout: 542 ms, budget for symbolic execution: 543 ms, budget for concrete execution: 542 ms,  -- 
17:21:16.498 | DEBUG | --new testCase collected, to generate: testCom.alibaba.fastjson.JSONReader.startStructure()1
17:21:16.538 | DEBUG | --new testCase collected, to generate: testCom.alibaba.fastjson.JSONReader.startStructure()2
17:21:16.611 | DEBUG | --new testCase collected, to generate: testCom.alibaba.fastjson.JSONReader.startStructure()3
17:21:16.630 | DEBUG | --new testCase collected, to generate: testCom.alibaba.fastjson.JSONReader.startStructure()4
17:21:16.636 | DEBUG | --new testCase collected, to generate: testCom.alibaba.fastjson.JSONReader.startStructure()5
17:21:16.643 | DEBUG | --new testCase collected, to generate: testCom.alibaba.fastjson.JSONReader.startStructure()6
17:21:16.667 | DEBUG | --new testCase collected, to generate: testCom.alibaba.fastjson.JSONReader.startStructure()7
17:21:16.674 | DEBUG | --new testCase collected, to generate: testCom.alibaba.fastjson.JSONReader.startStructure()8
17:21:16.674 | INFO  | Finished (in 0.183 sec): method com.alibaba.fastjson.JSONReader.startStructure() 
<StatsForMethod> :
	#generatedTC=8
	WITH NO EXCEPTIONS
17:21:16.675 | DEBUG |  ... 
17:21:16.675 | INFO  | Started: method com.alibaba.fastjson.JSONReader.endStructure()
17:21:16.675 | INFO  |  -- Remaining time budget: 21528 ms, #remaining_methods: 19, budget for method: 1133 ms, solver timeout: 566 ms, budget for symbolic execution: 567 ms, budget for concrete execution: 566 ms,  -- 
17:21:16.684 | DEBUG | --new testCase collected, to generate: testCom.alibaba.fastjson.JSONReader.endStructure()1
17:21:16.716 | DEBUG | --new testCase collected, to generate: testCom.alibaba.fastjson.JSONReader.endStructure()2
17:21:16.797 | DEBUG | --new testCase collected, to generate: testCom.alibaba.fastjson.JSONReader.endStructure()3
17:21:16.802 | DEBUG | --new testCase collected, to generate: testCom.alibaba.fastjson.JSONReader.endStructure()4
17:21:16.808 | DEBUG | --new testCase collected, to generate: testCom.alibaba.fastjson.JSONReader.endStructure()5
17:21:16.817 | DEBUG | --new testCase collected, to generate: testCom.alibaba.fastjson.JSONReader.endStructure()6
17:21:16.825 | DEBUG | --new testCase collected, to generate: testCom.alibaba.fastjson.JSONReader.endStructure()7
17:21:16.825 | INFO  | Finished (in 0.150 sec): method com.alibaba.fastjson.JSONReader.endStructure() 
<StatsForMethod> :
	#generatedTC=7
	WITH NO EXCEPTIONS
17:21:16.828 | DEBUG |  ... 
17:21:16.828 | INFO  | Started: method com.alibaba.fastjson.JSONReader.startObject()
17:21:16.829 | INFO  |  -- Remaining time budget: 21375 ms, #remaining_methods: 18, budget for method: 1187 ms, solver timeout: 593 ms, budget for symbolic execution: 594 ms, budget for concrete execution: 593 ms,  -- 
17:21:16.838 | DEBUG | --new testCase collected, to generate: testCom.alibaba.fastjson.JSONReader.startObject()1
17:21:17.056 | DEBUG | --new testCase collected, to generate: testCom.alibaba.fastjson.JSONReader.startObject()2
17:21:17.265 | DEBUG | --new testCase collected, to generate: testCom.alibaba.fastjson.JSONReader.startObject()3
17:21:17.276 | DEBUG | --new testCase collected, to generate: testCom.alibaba.fastjson.JSONReader.startObject()4
17:21:17.285 | DEBUG | --new testCase collected, to generate: testCom.alibaba.fastjson.JSONReader.startObject()5
17:21:17.349 | DEBUG | --new testCase collected, to generate: testCom.alibaba.fastjson.JSONReader.startObject()6
17:21:17.358 | DEBUG | --new testCase collected, to generate: testCom.alibaba.fastjson.JSONReader.startObject()7
17:21:17.358 | INFO  | Finished (in 0.529 sec): method com.alibaba.fastjson.JSONReader.startObject() 
<StatsForMethod> :
	#generatedTC=7
	WITH NO EXCEPTIONS
17:21:17.402 | DEBUG |  ... 
17:21:17.402 | INFO  | Started: method com.alibaba.fastjson.JSONReader.setTimzeZone(TimeZone)
17:21:17.402 | INFO  |  -- Remaining time budget: 20801 ms, #remaining_methods: 17, budget for method: 1223 ms, solver timeout: 611 ms, budget for symbolic execution: 612 ms, budget for concrete execution: 611 ms,  -- 
17:21:17.409 | DEBUG | --new testCase collected, to generate: testCom.alibaba.fastjson.JSONReader.setTimzeZone(TimeZone)1
17:21:17.441 | DEBUG | --new testCase collected, to generate: testCom.alibaba.fastjson.JSONReader.setTimzeZone(TimeZone)2
17:21:17.441 | INFO  | Finished (in 0.038 sec): method com.alibaba.fastjson.JSONReader.setTimzeZone(TimeZone) 
<StatsForMethod> :
	#generatedTC=2
	WITH NO EXCEPTIONS
17:21:17.441 | DEBUG |  ... 
17:21:17.442 | INFO  | Started: method com.alibaba.fastjson.JSONReader.readBefore()
17:21:17.442 | INFO  |  -- Remaining time budget: 20761 ms, #remaining_methods: 16, budget for method: 1297 ms, solver timeout: 648 ms, budget for symbolic execution: 649 ms, budget for concrete execution: 648 ms,  -- 
17:21:17.446 | DEBUG | --new testCase collected, to generate: testCom.alibaba.fastjson.JSONReader.readBefore()1
17:21:17.473 | DEBUG | --new testCase collected, to generate: testCom.alibaba.fastjson.JSONReader.readBefore()2
17:21:17.552 | DEBUG | --new testCase collected, to generate: testCom.alibaba.fastjson.JSONReader.readBefore()3
17:21:17.571 | DEBUG | --new testCase collected, to generate: testCom.alibaba.fastjson.JSONReader.readBefore()4
17:21:17.578 | DEBUG | --new testCase collected, to generate: testCom.alibaba.fastjson.JSONReader.readBefore()5
17:21:17.585 | DEBUG | --new testCase collected, to generate: testCom.alibaba.fastjson.JSONReader.readBefore()6
17:21:17.610 | DEBUG | --new testCase collected, to generate: testCom.alibaba.fastjson.JSONReader.readBefore()7
17:21:17.619 | DEBUG | --new testCase collected, to generate: testCom.alibaba.fastjson.JSONReader.readBefore()8
17:21:17.619 | INFO  | Finished (in 0.177 sec): method com.alibaba.fastjson.JSONReader.readBefore() 
<StatsForMethod> :
	#generatedTC=8
	WITH NO EXCEPTIONS
17:21:17.621 | DEBUG |  ... 
17:21:17.621 | INFO  | Started: method com.alibaba.fastjson.JSONReader.readAfter()
17:21:17.621 | INFO  |  -- Remaining time budget: 20582 ms, #remaining_methods: 15, budget for method: 1372 ms, solver timeout: 686 ms, budget for symbolic execution: 686 ms, budget for concrete execution: 686 ms,  -- 
17:21:17.626 | DEBUG | --new testCase collected, to generate: testCom.alibaba.fastjson.JSONReader.readAfter()1
17:21:17.656 | DEBUG | --new testCase collected, to generate: testCom.alibaba.fastjson.JSONReader.readAfter()2
17:21:17.742 | DEBUG | --new testCase collected, to generate: testCom.alibaba.fastjson.JSONReader.readAfter()3
17:21:17.749 | DEBUG | --new testCase collected, to generate: testCom.alibaba.fastjson.JSONReader.readAfter()4
17:21:17.771 | DEBUG | --new testCase collected, to generate: testCom.alibaba.fastjson.JSONReader.readAfter()5
17:21:17.776 | DEBUG | --new testCase collected, to generate: testCom.alibaba.fastjson.JSONReader.readAfter()6
17:21:17.784 | DEBUG | --new testCase collected, to generate: testCom.alibaba.fastjson.JSONReader.readAfter()7
17:21:17.789 | DEBUG | --new testCase collected, to generate: testCom.alibaba.fastjson.JSONReader.readAfter()8
17:21:17.789 | INFO  | Finished (in 0.168 sec): method com.alibaba.fastjson.JSONReader.readAfter() 
<StatsForMethod> :
	#generatedTC=8
	WITH NO EXCEPTIONS
17:21:17.790 | DEBUG |  ... 
17:21:17.791 | INFO  | Started: method com.alibaba.fastjson.JSONReader.readInteger()
17:21:17.791 | INFO  |  -- Remaining time budget: 20413 ms, #remaining_methods: 14, budget for method: 1458 ms, solver timeout: 729 ms, budget for symbolic execution: 729 ms, budget for concrete execution: 729 ms,  -- 
17:21:17.796 | DEBUG | --new testCase collected, to generate: testCom.alibaba.fastjson.JSONReader.readInteger()1
17:21:18.036 | DEBUG | --new testCase collected, to generate: testCom.alibaba.fastjson.JSONReader.readInteger()2
17:21:18.520 | INFO  | |> Starting concrete execution for remaining state: com.alibaba.fastjson.JSONReader.readInteger()
17:21:18.611 | DEBUG | --new testCase collected, to generate: testCom.alibaba.fastjson.JSONReader.readInteger()3
17:21:18.676 | DEBUG | --new testCase collected, to generate: testCom.alibaba.fastjson.JSONReader.readInteger()4
17:21:19.025 | DEBUG | --new testCase collected, to generate: testCom.alibaba.fastjson.JSONReader.readInteger()5
17:21:19.165 | DEBUG | --new testCase collected, to generate: testCom.alibaba.fastjson.JSONReader.readInteger()6
17:21:19.250 | INFO  | (X) Cancelling concrete execution: com.alibaba.fastjson.JSONReader.readInteger()
17:21:19.312 | INFO  | Finished (in 1.521 sec): method com.alibaba.fastjson.JSONReader.readInteger() 
<StatsForMethod> :
	#generatedTC=6
	WITH NO EXCEPTIONS
17:21:19.343 | DEBUG |  ... 
17:21:19.344 | INFO  | Started: method com.alibaba.fastjson.JSONReader.endArray()
17:21:19.344 | INFO  |  -- Remaining time budget: 18859 ms, #remaining_methods: 13, budget for method: 1450 ms, solver timeout: 725 ms, budget for symbolic execution: 725 ms, budget for concrete execution: 725 ms,  -- 
17:21:19.348 | DEBUG | --new testCase collected, to generate: testCom.alibaba.fastjson.JSONReader.endArray()1
17:21:19.470 | DEBUG | --new testCase collected, to generate: testCom.alibaba.fastjson.JSONReader.endArray()2
17:21:19.474 | DEBUG | --new testCase collected, to generate: testCom.alibaba.fastjson.JSONReader.endArray()3
17:21:19.476 | DEBUG | --new testCase collected, to generate: testCom.alibaba.fastjson.JSONReader.endArray()4
17:21:19.479 | DEBUG | --new testCase collected, to generate: testCom.alibaba.fastjson.JSONReader.endArray()5
17:21:19.482 | DEBUG | --new testCase collected, to generate: testCom.alibaba.fastjson.JSONReader.endArray()6
17:21:19.484 | DEBUG | --new testCase collected, to generate: testCom.alibaba.fastjson.JSONReader.endArray()7
17:21:19.485 | INFO  | Finished (in 0.140 sec): method com.alibaba.fastjson.JSONReader.endArray() 
<StatsForMethod> :
	#generatedTC=7
	WITH NO EXCEPTIONS
17:21:19.498 | DEBUG |  ... 
17:21:19.498 | INFO  | Started: method com.alibaba.fastjson.JSONReader.hasNext()
17:21:19.499 | INFO  |  -- Remaining time budget: 18705 ms, #remaining_methods: 12, budget for method: 1558 ms, solver timeout: 779 ms, budget for symbolic execution: 779 ms, budget for concrete execution: 779 ms,  -- 
17:21:19.504 | DEBUG | --new testCase collected, to generate: testCom.alibaba.fastjson.JSONReader.hasNext()1
17:21:19.549 | DEBUG | --new testCase collected, to generate: testCom.alibaba.fastjson.JSONReader.hasNext()2
17:21:19.612 | DEBUG | --new testCase collected, to generate: testCom.alibaba.fastjson.JSONReader.hasNext()3
17:21:19.637 | DEBUG | --new testCase collected, to generate: testCom.alibaba.fastjson.JSONReader.hasNext()4
17:21:19.642 | DEBUG | --new testCase collected, to generate: testCom.alibaba.fastjson.JSONReader.hasNext()5
17:21:19.645 | DEBUG | --new testCase collected, to generate: testCom.alibaba.fastjson.JSONReader.hasNext()6
17:21:19.670 | DEBUG | --new testCase collected, to generate: testCom.alibaba.fastjson.JSONReader.hasNext()7
17:21:19.676 | DEBUG | --new testCase collected, to generate: testCom.alibaba.fastjson.JSONReader.hasNext()8
17:21:19.681 | INFO  | Finished (in 0.182 sec): method com.alibaba.fastjson.JSONReader.hasNext() 
<StatsForMethod> :
	#generatedTC=8
	WITH NO EXCEPTIONS
17:21:19.683 | DEBUG |  ... 
17:21:19.684 | INFO  | Started: method com.alibaba.fastjson.JSONReader.readObject(TypeReference)
17:21:19.684 | INFO  |  -- Remaining time budget: 18520 ms, #remaining_methods: 11, budget for method: 1683 ms, solver timeout: 841 ms, budget for symbolic execution: 842 ms, budget for concrete execution: 841 ms,  -- 
17:21:19.691 | ERROR | Symbolic execution FAILED
com.huawei.utbot.instrumentation.util.ChildProcessError: Error in the child process |> java.lang.IllegalAccessException: Class com.huawei.utbot.framework.concrete.MockValueConstructor can not access a member of class com.alibaba.fastjson.TypeReference with modifiers "protected"
	at sun.reflect.Reflection.ensureMemberAccess(Reflection.java:102)
	at java.lang.reflect.AccessibleObject.slowCheckMemberAccess(AccessibleObject.java:296)
	at java.lang.reflect.AccessibleObject.checkAccess(AccessibleObject.java:288)
	at java.lang.reflect.Constructor.newInstance(Constructor.java:413)
	at com.huawei.utbot.framework.concrete.MockValueConstructor.call(MockValueConstructor.kt:414)
	at com.huawei.utbot.framework.concrete.MockValueConstructor.updateWithExecutableCallModel(MockValueConstructor.kt:353)
	at com.huawei.utbot.framework.concrete.MockValueConstructor.constructFromAssembleModel(MockValueConstructor.kt:332)
	at com.huawei.utbot.framework.concrete.MockValueConstructor.construct(MockValueConstructor.kt:126)
	at com.huawei.utbot.framework.concrete.MockValueConstructor.constructMethodParameters(MockValueConstructor.kt:101)
	at com.huawei.utbot.framework.concrete.UtExecutionInstrumentation.invoke(UtExecutionInstrumentation.kt:126)
	at com.huawei.utbot.framework.concrete.UtExecutionInstrumentation.invoke(UtExecutionInstrumentation.kt:96)
	at com.huawei.utbot.instrumentation.process.ChildProcessKt.loop(ChildProcess.kt:114)
	at com.huawei.utbot.instrumentation.process.ChildProcessKt.main(ChildProcess.kt:76)
	at com.huawei.utbot.instrumentation.process.ChildProcessKt.main(ChildProcess.kt)

	at com.huawei.utbot.instrumentation.ConcreteExecutor.executeAsync(ConcreteExecutor.kt:391) ~[utbot-junit-contest-1.0.jar:?]
	at com.huawei.utbot.instrumentation.ConcreteExecutor$executeAsync$1.invokeSuspend(ConcreteExecutor.kt) ~[utbot-junit-contest-1.0.jar:?]
	at kotlin.coroutines.jvm.internal.BaseContinuationImpl.resumeWith(ContinuationImpl.kt:33) [utbot-junit-contest-1.0.jar:?]
	at kotlinx.coroutines.DispatchedTask.run(DispatchedTask.kt:106) [utbot-junit-contest-1.0.jar:?]
	at java.util.concurrent.Executors$RunnableAdapter.call(Executors.java:511) [?:1.8.0_312]
	at java.util.concurrent.FutureTask.run(FutureTask.java:266) [?:1.8.0_312]
	at java.util.concurrent.ScheduledThreadPoolExecutor$ScheduledFutureTask.access$201(ScheduledThreadPoolExecutor.java:180) [?:1.8.0_312]
	at java.util.concurrent.ScheduledThreadPoolExecutor$ScheduledFutureTask.run(ScheduledThreadPoolExecutor.java:293) [?:1.8.0_312]
	at java.util.concurrent.ThreadPoolExecutor.runWorker(ThreadPoolExecutor.java:1149) [?:1.8.0_312]
	at java.util.concurrent.ThreadPoolExecutor$Worker.run(ThreadPoolExecutor.java:624) [?:1.8.0_312]
	at java.lang.Thread.run(Thread.java:748) [?:1.8.0_312]
17:21:19.782 | DEBUG | --new testCase collected, to generate: testCom.alibaba.fastjson.JSONReader.readObject(TypeReference)1
17:21:20.526 | INFO  | |> Starting concrete execution for remaining state: com.alibaba.fastjson.JSONReader.readObject(TypeReference)
17:21:20.913 | DEBUG | --new testCase collected, to generate: testCom.alibaba.fastjson.JSONReader.readObject(TypeReference)2
17:21:21.101 | DEBUG | --new testCase collected, to generate: testCom.alibaba.fastjson.JSONReader.readObject(TypeReference)3
17:21:21.283 | DEBUG | --new testCase collected, to generate: testCom.alibaba.fastjson.JSONReader.readObject(TypeReference)4
17:21:21.368 | INFO  | (X) Cancelling concrete execution: com.alibaba.fastjson.JSONReader.readObject(TypeReference)
17:21:21.455 | INFO  | Finished (in 1.771 sec): method com.alibaba.fastjson.JSONReader.readObject(TypeReference) 
<StatsForMethod> :
	#generatedTC=4
	FAILED 1 time(s) with 1 different exception(s)"
17:21:21.500 | DEBUG |  ... 
17:21:21.501 | INFO  | Started: method com.alibaba.fastjson.JSONReader.readObject()
17:21:21.501 | INFO  |  -- Remaining time budget: 16702 ms, #remaining_methods: 10, budget for method: 1670 ms, solver timeout: 835 ms, budget for symbolic execution: 835 ms, budget for concrete execution: 835 ms,  -- 
17:21:21.505 | DEBUG | --new testCase collected, to generate: testCom.alibaba.fastjson.JSONReader.readObject()1
17:21:21.764 | DEBUG | --new testCase collected, to generate: testCom.alibaba.fastjson.JSONReader.readObject()2
17:21:22.336 | INFO  | |> Starting concrete execution for remaining state: com.alibaba.fastjson.JSONReader.readObject()
17:21:22.589 | DEBUG | --new testCase collected, to generate: testCom.alibaba.fastjson.JSONReader.readObject()3
17:21:22.745 | DEBUG | --new testCase collected, to generate: testCom.alibaba.fastjson.JSONReader.readObject()4
17:21:22.897 | DEBUG | --new testCase collected, to generate: testCom.alibaba.fastjson.JSONReader.readObject()5
17:21:22.918 | DEBUG | --new testCase collected, to generate: testCom.alibaba.fastjson.JSONReader.readObject()6
17:21:23.072 | DEBUG | --new testCase collected, to generate: testCom.alibaba.fastjson.JSONReader.readObject()7
17:21:23.172 | INFO  | (X) Cancelling concrete execution: com.alibaba.fastjson.JSONReader.readObject()
17:21:23.227 | INFO  | Finished (in 1.726 sec): method com.alibaba.fastjson.JSONReader.readObject() 
<StatsForMethod> :
	#generatedTC=7
	WITH NO EXCEPTIONS
17:21:23.265 | DEBUG |  ... 
17:21:23.265 | INFO  | Started: method com.alibaba.fastjson.JSONReader.readObject(Map)
17:21:23.266 | INFO  |  -- Remaining time budget: 14938 ms, #remaining_methods: 9, budget for method: 1659 ms, solver timeout: 829 ms, budget for symbolic execution: 830 ms, budget for concrete execution: 829 ms,  -- 
17:21:23.270 | DEBUG | --new testCase collected, to generate: testCom.alibaba.fastjson.JSONReader.readObject(Map)1
17:21:23.713 | DEBUG | --new testCase collected, to generate: testCom.alibaba.fastjson.JSONReader.readObject(Map)2
17:21:24.096 | INFO  | |> Starting concrete execution for remaining state: com.alibaba.fastjson.JSONReader.readObject(Map)
17:21:24.925 | INFO  | (X) Cancelling concrete execution: com.alibaba.fastjson.JSONReader.readObject(Map)
17:21:24.986 | INFO  | Finished (in 1.721 sec): method com.alibaba.fastjson.JSONReader.readObject(Map) 
<StatsForMethod> :
	#generatedTC=2
	WITH NO EXCEPTIONS
17:21:25.017 | DEBUG |  ... 
17:21:25.017 | INFO  | Started: method com.alibaba.fastjson.JSONReader.readObject(Class)
17:21:25.018 | INFO  |  -- Remaining time budget: 13186 ms, #remaining_methods: 8, budget for method: 1648 ms, solver timeout: 824 ms, budget for symbolic execution: 824 ms, budget for concrete execution: 824 ms,  -- 
17:21:25.021 | ERROR | Symbolic execution FAILED
com.huawei.utbot.instrumentation.util.ChildProcessError: Error in the child process |> java.lang.IllegalAccessException: java.lang.Class
	at sun.misc.Unsafe.allocateInstance(Native Method)
	at com.huawei.utbot.framework.util.EngineUtilsKt.getAnyInstance(EngineUtils.kt:61)
	at com.huawei.utbot.framework.concrete.MockValueConstructor.constructObject(MockValueConstructor.kt:158)
	at com.huawei.utbot.framework.concrete.MockValueConstructor.construct(MockValueConstructor.kt:124)
	at com.huawei.utbot.framework.concrete.MockValueConstructor.constructMethodParameters(MockValueConstructor.kt:101)
	at com.huawei.utbot.framework.concrete.UtExecutionInstrumentation.invoke(UtExecutionInstrumentation.kt:126)
	at com.huawei.utbot.framework.concrete.UtExecutionInstrumentation.invoke(UtExecutionInstrumentation.kt:96)
	at com.huawei.utbot.instrumentation.process.ChildProcessKt.loop(ChildProcess.kt:114)
	at com.huawei.utbot.instrumentation.process.ChildProcessKt.main(ChildProcess.kt:76)
	at com.huawei.utbot.instrumentation.process.ChildProcessKt.main(ChildProcess.kt)

	at com.huawei.utbot.instrumentation.ConcreteExecutor.executeAsync(ConcreteExecutor.kt:391) ~[utbot-junit-contest-1.0.jar:?]
	at com.huawei.utbot.instrumentation.ConcreteExecutor$executeAsync$1.invokeSuspend(ConcreteExecutor.kt) ~[utbot-junit-contest-1.0.jar:?]
	at kotlin.coroutines.jvm.internal.BaseContinuationImpl.resumeWith(ContinuationImpl.kt:33) [utbot-junit-contest-1.0.jar:?]
	at kotlinx.coroutines.DispatchedTask.run(DispatchedTask.kt:106) [utbot-junit-contest-1.0.jar:?]
	at java.util.concurrent.Executors$RunnableAdapter.call(Executors.java:511) [?:1.8.0_312]
	at java.util.concurrent.FutureTask.run(FutureTask.java:266) [?:1.8.0_312]
	at java.util.concurrent.ScheduledThreadPoolExecutor$ScheduledFutureTask.access$201(ScheduledThreadPoolExecutor.java:180) [?:1.8.0_312]
	at java.util.concurrent.ScheduledThreadPoolExecutor$ScheduledFutureTask.run(ScheduledThreadPoolExecutor.java:293) [?:1.8.0_312]
	at java.util.concurrent.ThreadPoolExecutor.runWorker(ThreadPoolExecutor.java:1149) [?:1.8.0_312]
	at java.util.concurrent.ThreadPoolExecutor$Worker.run(ThreadPoolExecutor.java:624) [?:1.8.0_312]
	at java.lang.Thread.run(Thread.java:748) [?:1.8.0_312]
17:21:25.358 | DEBUG | --new testCase collected, to generate: testCom.alibaba.fastjson.JSONReader.readObject(Class)1
17:21:25.842 | INFO  | |> Starting concrete execution for remaining state: com.alibaba.fastjson.JSONReader.readObject(Class)
17:21:25.881 | DEBUG | --new testCase collected, to generate: testCom.alibaba.fastjson.JSONReader.readObject(Class)2
17:21:26.104 | DEBUG | --new testCase collected, to generate: testCom.alibaba.fastjson.JSONReader.readObject(Class)3
17:21:26.325 | DEBUG | --new testCase collected, to generate: testCom.alibaba.fastjson.JSONReader.readObject(Class)4
17:21:26.478 | DEBUG | --new testCase collected, to generate: testCom.alibaba.fastjson.JSONReader.readObject(Class)5
17:21:26.633 | DEBUG | --new testCase collected, to generate: testCom.alibaba.fastjson.JSONReader.readObject(Class)6
17:21:26.666 | INFO  | (X) Cancelling concrete execution: com.alibaba.fastjson.JSONReader.readObject(Class)
17:21:26.786 | INFO  | Finished (in 1.769 sec): method com.alibaba.fastjson.JSONReader.readObject(Class) 
<StatsForMethod> :
	#generatedTC=6
	FAILED 1 time(s) with 1 different exception(s)"
17:21:26.825 | DEBUG |  ... 
17:21:26.825 | INFO  | Started: method com.alibaba.fastjson.JSONReader.readObject(Type)
17:21:26.826 | INFO  |  -- Remaining time budget: 11378 ms, #remaining_methods: 7, budget for method: 1625 ms, solver timeout: 812 ms, budget for symbolic execution: 813 ms, budget for concrete execution: 812 ms,  -- 
17:21:26.830 | DEBUG | --new testCase collected, to generate: testCom.alibaba.fastjson.JSONReader.readObject(Type)1
17:21:27.122 | DEBUG | --new testCase collected, to generate: testCom.alibaba.fastjson.JSONReader.readObject(Type)2
17:21:27.639 | INFO  | |> Starting concrete execution for remaining state: com.alibaba.fastjson.JSONReader.readObject(Type)
17:21:27.648 | DEBUG | --new testCase collected, to generate: testCom.alibaba.fastjson.JSONReader.readObject(Type)3
17:21:27.873 | DEBUG | --new testCase collected, to generate: testCom.alibaba.fastjson.JSONReader.readObject(Type)4
17:21:28.098 | DEBUG | --new testCase collected, to generate: testCom.alibaba.fastjson.JSONReader.readObject(Type)5
17:21:28.257 | DEBUG | --new testCase collected, to generate: testCom.alibaba.fastjson.JSONReader.readObject(Type)6
17:21:28.409 | DEBUG | --new testCase collected, to generate: testCom.alibaba.fastjson.JSONReader.readObject(Type)7
17:21:28.451 | INFO  | (X) Cancelling concrete execution: com.alibaba.fastjson.JSONReader.readObject(Type)
17:21:28.564 | INFO  | Finished (in 1.739 sec): method com.alibaba.fastjson.JSONReader.readObject(Type) 
<StatsForMethod> :
	#generatedTC=7
	WITH NO EXCEPTIONS
17:21:28.602 | DEBUG |  ... 
17:21:28.603 | INFO  | Started: method com.alibaba.fastjson.JSONReader.readObject(Object)
17:21:28.603 | INFO  |  -- Remaining time budget: 9601 ms, #remaining_methods: 6, budget for method: 1600 ms, solver timeout: 800 ms, budget for symbolic execution: 800 ms, budget for concrete execution: 800 ms,  -- 
17:21:28.607 | DEBUG | --new testCase collected, to generate: testCom.alibaba.fastjson.JSONReader.readObject(Object)1
17:21:29.019 | DEBUG | --new testCase collected, to generate: testCom.alibaba.fastjson.JSONReader.readObject(Object)2
17:21:29.403 | INFO  | |> Starting concrete execution for remaining state: com.alibaba.fastjson.JSONReader.readObject(Object)
17:21:30.204 | INFO  | (X) Cancelling concrete execution: com.alibaba.fastjson.JSONReader.readObject(Object)
17:21:30.246 | INFO  | Finished (in 1.643 sec): method com.alibaba.fastjson.JSONReader.readObject(Object) 
<StatsForMethod> :
	#generatedTC=2
	WITH NO EXCEPTIONS
17:21:30.276 | DEBUG |  ... 
17:21:30.277 | INFO  | Started: method com.alibaba.fastjson.JSONReader.peek()
17:21:30.277 | INFO  |  -- Remaining time budget: 7927 ms, #remaining_methods: 5, budget for method: 1585 ms, solver timeout: 792 ms, budget for symbolic execution: 793 ms, budget for concrete execution: 792 ms,  -- 
17:21:30.281 | DEBUG | --new testCase collected, to generate: testCom.alibaba.fastjson.JSONReader.peek()1
17:21:30.307 | DEBUG | --new testCase collected, to generate: testCom.alibaba.fastjson.JSONReader.peek()2
17:21:30.308 | INFO  | Finished (in 0.031 sec): method com.alibaba.fastjson.JSONReader.peek() 
<StatsForMethod> :
	#generatedTC=2
	WITH NO EXCEPTIONS
17:21:30.308 | DEBUG |  ... 
17:21:30.309 | INFO  | Started: method com.alibaba.fastjson.JSONReader.<init>(DefaultJSONParser)
17:21:30.309 | INFO  |  -- Remaining time budget: 7895 ms, #remaining_methods: 4, budget for method: 1973 ms, solver timeout: 986 ms, budget for symbolic execution: 987 ms, budget for concrete execution: 986 ms,  -- 
17:21:30.329 | DEBUG | --new testCase collected, to generate: testCom.alibaba.fastjson.JSONReader.<init>(DefaultJSONParser)1
17:21:30.371 | DEBUG | --new testCase collected, to generate: testCom.alibaba.fastjson.JSONReader.<init>(DefaultJSONParser)2
17:21:30.371 | INFO  | Finished (in 0.062 sec): method com.alibaba.fastjson.JSONReader.<init>(DefaultJSONParser) 
<StatsForMethod> :
	#generatedTC=2
	WITH NO EXCEPTIONS
17:21:30.374 | DEBUG |  ... 
17:21:30.375 | INFO  | Started: method com.alibaba.fastjson.JSONReader.<init>(JSONLexer)
17:21:30.375 | INFO  |  -- Remaining time budget: 7828 ms, #remaining_methods: 3, budget for method: 2609 ms, solver timeout: 1000 ms, budget for symbolic execution: 1409 ms, budget for concrete execution: 1200 ms,  -- 
17:21:30.492 | ERROR | Symbolic execution FAILED
com.huawei.utbot.instrumentation.util.ChildProcessError: Error in the child process |> java.util.concurrent.TimeoutException: Timeout 100 elapsed
	at com.huawei.utbot.instrumentation.instrumentation.InvokeInstrumentation.invoke-d1pmJ48(InvokeInstrumentation.kt:75)
	at com.huawei.utbot.instrumentation.instrumentation.InvokeInstrumentation.invoke(InvokeInstrumentation.kt:22)
	at com.huawei.utbot.instrumentation.instrumentation.Instrumentation$DefaultImpls.invoke$default(Instrumentation.kt:25)
	at com.huawei.utbot.framework.concrete.UtExecutionInstrumentation$invoke$$inlined$use$lambda$1.invoke(UtExecutionInstrumentation.kt:146)
	at com.huawei.utbot.framework.concrete.UtExecutionInstrumentation$invoke$$inlined$use$lambda$1.invoke(UtExecutionInstrumentation.kt:96)
	at com.huawei.utbot.framework.concrete.UtExecutionInstrumentation.withStaticFields(UtExecutionInstrumentation.kt:225)
	at com.huawei.utbot.framework.concrete.UtExecutionInstrumentation.invoke(UtExecutionInstrumentation.kt:137)
	at com.huawei.utbot.framework.concrete.UtExecutionInstrumentation.invoke(UtExecutionInstrumentation.kt:96)
	at com.huawei.utbot.instrumentation.process.ChildProcessKt.loop(ChildProcess.kt:114)
	at com.huawei.utbot.instrumentation.process.ChildProcessKt.main(ChildProcess.kt:76)
	at com.huawei.utbot.instrumentation.process.ChildProcessKt.main(ChildProcess.kt)

	at com.huawei.utbot.instrumentation.ConcreteExecutor.executeAsync(ConcreteExecutor.kt:391) ~[utbot-junit-contest-1.0.jar:?]
	at com.huawei.utbot.instrumentation.ConcreteExecutor$executeAsync$1.invokeSuspend(ConcreteExecutor.kt) ~[utbot-junit-contest-1.0.jar:?]
	at kotlin.coroutines.jvm.internal.BaseContinuationImpl.resumeWith(ContinuationImpl.kt:33) [utbot-junit-contest-1.0.jar:?]
	at kotlinx.coroutines.DispatchedTask.run(DispatchedTask.kt:106) [utbot-junit-contest-1.0.jar:?]
	at java.util.concurrent.Executors$RunnableAdapter.call(Executors.java:511) [?:1.8.0_312]
	at java.util.concurrent.FutureTask.run(FutureTask.java:266) [?:1.8.0_312]
	at java.util.concurrent.ScheduledThreadPoolExecutor$ScheduledFutureTask.access$201(ScheduledThreadPoolExecutor.java:180) [?:1.8.0_312]
	at java.util.concurrent.ScheduledThreadPoolExecutor$ScheduledFutureTask.run(ScheduledThreadPoolExecutor.java:293) [?:1.8.0_312]
	at java.util.concurrent.ThreadPoolExecutor.runWorker(ThreadPoolExecutor.java:1149) [?:1.8.0_312]
	at java.util.concurrent.ThreadPoolExecutor$Worker.run(ThreadPoolExecutor.java:624) [?:1.8.0_312]
	at java.lang.Thread.run(Thread.java:748) [?:1.8.0_312]
17:21:30.604 | INFO  | Finished (in 0.229 sec): method com.alibaba.fastjson.JSONReader.<init>(JSONLexer) 
<StatsForMethod> :
	#generatedTC=0
	FAILED 1 time(s) with 1 different exception(s)"
17:21:30.612 | DEBUG |  ... 
17:21:30.612 | INFO  | Started: method com.alibaba.fastjson.JSONReader.<init>(Reader)
17:21:30.612 | INFO  |  -- Remaining time budget: 7591 ms, #remaining_methods: 2, budget for method: 3795 ms, solver timeout: 1000 ms, budget for symbolic execution: 2595 ms, budget for concrete execution: 1200 ms,  -- 
17:21:30.652 | DEBUG | --new testCase collected, to generate: testCom.alibaba.fastjson.JSONReader.<init>(Reader)1
17:21:30.715 | INFO  | Finished (in 0.102 sec): method com.alibaba.fastjson.JSONReader.<init>(Reader) 
<StatsForMethod> :
	#generatedTC=1
	WITH NO EXCEPTIONS
17:21:30.721 | DEBUG |  ... 
17:21:30.721 | INFO  | Started: method com.alibaba.fastjson.JSONReader.<init>(Reader, Feature[])
17:21:30.722 | INFO  |  -- Remaining time budget: 7482 ms, #remaining_methods: 1, budget for method: 7482 ms, solver timeout: 1000 ms, budget for symbolic execution: 6282 ms, budget for concrete execution: 1200 ms,  -- 
17:21:30.727 | DEBUG | --new testCase collected, to generate: testCom.alibaba.fastjson.JSONReader.<init>(Reader, Feature[])1
17:21:30.785 | INFO  | Finished (in 0.063 sec): method com.alibaba.fastjson.JSONReader.<init>(Reader, Feature[]) 
<StatsForMethod> :
	#generatedTC=1
	WITH NO EXCEPTIONS
17:21:30.794 | INFO  | Started: Flushing tests for [JSONReader] on disk
17:21:31.281 | INFO  | File size for JSONReaderTest: 100 KB
17:21:31.282 | INFO  | Finished (in 0.488 sec): Flushing tests for [JSONReader] on disk 
17:21:31.283 | INFO  | Finished (in 18.557 sec): class com.alibaba.fastjson.JSONReader 
<StatsForClass> :
	canceled by timeout = false
	#methods = 29, 
	#methods started symbolic exploration = 29
	#methods with at least one TC = 28
	#methods with exceptions = 4
	#generated TC = 122
	#coverage = null
[READY]
