Started UtBot Contest, classfileDir = /var/benchmarks/projects/fastjson/target/classes, classpathString=/var/benchmarks/projects/fastjson/target/classes:/var/benchmarks/projects/fastjson/target/fastjson-1.2.50-SNAPSHOT.jar:/var/benchmarks/projects/./fastjson/target/dependency/deeptestutils-1.1.0.jar:/var/benchmarks/projects/fastjson/target/dependency/commons-beanutils-1.8.0.jar:/var/benchmarks/projects/fastjson/target/dependency/woodstox-core-asl-4.4.1.jar:/var/benchmarks/projects/fastjson/target/dependency/spring-aop-4.3.7.RELEASE.jar:/var/benchmarks/projects/fastjson/target/dependency/hibernate-core-5.2.10.Final.jar:/var/benchmarks/projects/fastjson/target/dependency/jackson-module-kotlin-2.9.0.jar:/var/benchmarks/projects/fastjson/target/dependency/spring-data-commons-1.13.6.RELEASE.jar:/var/benchmarks/projects/fastjson/target/dependency/javax.annotation-api-1.2.jar:/var/benchmarks/projects/fastjson/target/dependency/gson-2.6.2.jar:/var/benchmarks/projects/fastjson/target/dependency/jetty-continuation-8.1.8.v20121106.jar:/var/benchmarks/projects/fastjson/target/dependency/objenesis-2.5.1.jar:/var/benchmarks/projects/fastjson/target/dependency/powermock-reflect-1.6.6.jar:/var/benchmarks/projects/fastjson/target/dependency/springfox-spring-web-2.6.1.jar:/var/benchmarks/projects/fastjson/target/dependency/javaslang-2.0.6.jar:/var/benchmarks/projects/fastjson/target/dependency/guava-18.0.jar:/var/benchmarks/projects/fastjson/target/dependency/mockito-core-1.10.19.jar:/var/benchmarks/projects/fastjson/target/dependency/json-lib-2.4-jdk15.jar:/var/benchmarks/projects/fastjson/target/dependency/jetty-xml-8.1.8.v20121106.jar:/var/benchmarks/projects/fastjson/target/dependency/xmlschema-core-2.2.1.jar:/var/benchmarks/projects/fastjson/target/dependency/powermock-api-support-1.6.6.jar:/var/benchmarks/projects/fastjson/target/dependency/commons-collections4-4.1.jar:/var/benchmarks/projects/fastjson/target/dependency/cglib-nodep-2.2.2.jar:/var/benchmarks/projects/fastjson/target/dependency/asm-debug-all-5.0.4.jar:/var/benchmarks/projects/fastjson/target/dependency/spring-plugin-core-1.2.0.RELEASE.jar:/var/benchmarks/projects/fastjson/target/dependency/cxf-rt-rs-client-3.1.2.jar:/var/benchmarks/projects/fastjson/target/dependency/jetty-io-8.1.8.v20121106.jar:/var/benchmarks/projects/fastjson/target/dependency/commons-lang3-3.4.jar:/var/benchmarks/projects/fastjson/target/dependency/stax2-api-3.1.4.jar:/var/benchmarks/projects/fastjson/target/dependency/jackson-annotations-2.9.0.jar:/var/benchmarks/projects/fastjson/target/dependency/jetty-server-8.1.8.v20121106.jar:/var/benchmarks/projects/fastjson/target/dependency/json-simple-1.1.1.jar:/var/benchmarks/projects/fastjson/target/dependency/asm-tree-4.0.jar:/var/benchmarks/projects/fastjson/target/dependency/spring-data-commons-core-1.4.1.RELEASE.jar:/var/benchmarks/projects/fastjson/target/dependency/powermock-module-junit4-common-1.6.6.jar:/var/benchmarks/projects/fastjson/target/dependency/jcl-over-slf4j-1.7.25.jar:/var/benchmarks/projects/fastjson/target/dependency/javax.servlet-3.0.0.v201112011016.jar:/var/benchmarks/projects/fastjson/target/dependency/springfox-core-2.6.1.jar:/var/benchmarks/projects/fastjson/target/dependency/osgi-resource-locator-1.0.1.jar:/var/benchmarks/projects/fastjson/target/dependency/javassist-3.18.0-GA.jar:/var/benchmarks/projects/fastjson/target/dependency/kotlin-reflect-1.1.3-2.jar:/var/benchmarks/projects/fastjson/target/dependency/spring-context-support-4.3.10.RELEASE.jar:/var/benchmarks/projects/fastjson/target/dependency/spring-plugin-metadata-1.2.0.RELEASE.jar:/var/benchmarks/projects/fastjson/target/dependency/kotlin-stdlib-1.1.3-2.jar:/var/benchmarks/projects/fastjson/target/dependency/spring-data-keyvalue-1.2.6.RELEASE.jar:/var/benchmarks/projects/fastjson/target/dependency/jersey-container-servlet-core-2.23.2.jar:/var/benchmarks/projects/fastjson/target/dependency/asm-4.0.jar:/var/benchmarks/projects/fastjson/target/dependency/asm-commons-4.0.jar:/var/benchmarks/projects/fastjson/target/dependency/jersey-guava-2.23.2.jar:/var/benchmarks/projects/fastjson/target/dependency/aopalliance-1.0.jar:/var/benchmarks/projects/fastjson/target/dependency/groovy-2.1.5.jar:/var/benchmarks/projects/fastjson/target/dependency/hk2-api-2.5.0-b05.jar:/var/benchmarks/projects/fastjson/target/dependency/jetty-security-8.1.8.v20121106.jar:/var/benchmarks/projects/fastjson/target/dependency/jmh-core-1.21.jar:/var/benchmarks/projects/fastjson/target/dependency/jersey-container-servlet-2.23.2.jar:/var/benchmarks/projects/fastjson/target/dependency/dom4j-1.6.1.jar:/var/benchmarks/projects/fastjson/target/dependency/spring-core-4.3.7.RELEASE.jar:/var/benchmarks/projects/fastjson/target/dependency/spring-data-redis-1.8.6.RELEASE.jar:/var/benchmarks/projects/fastjson/target/dependency/jackson-core-asl-1.9.13.jar:/var/benchmarks/projects/fastjson/target/dependency/jackson-mapper-asl-1.9.13.jar:/var/benchmarks/projects/fastjson/target/dependency/hibernate-jpa-2.1-api-1.0.0.Final.jar:/var/benchmarks/projects/fastjson/target/dependency/junit-4.12.jar:/var/benchmarks/projects/fastjson/target/dependency/commons-io-1.4.jar:/var/benchmarks/projects/fastjson/target/dependency/jetty-util-8.1.8.v20121106.jar:/var/benchmarks/projects/fastjson/target/dependency/hamcrest-core-1.3.jar:/var/benchmarks/projects/fastjson/target/dependency/jmh-generator-annprocess-1.21.jar:/var/benchmarks/projects/fastjson/target/dependency/jackson-jaxrs-base-2.8.7.jar:/var/benchmarks/projects/fastjson/target/dependency/powermock-module-junit4-1.6.6.jar:/var/benchmarks/projects/fastjson/target/dependency/powermock-core-1.6.6.jar:/var/benchmarks/projects/fastjson/target/dependency/slf4j-api-1.7.25.jar:/var/benchmarks/projects/fastjson/target/dependency/antlr-2.7.7.jar:/var/benchmarks/projects/fastjson/target/dependency/mockito-all-1.10.19.jar:/var/benchmarks/projects/fastjson/target/dependency/jersey-container-jdk-http-2.23.2.jar:/var/benchmarks/projects/fastjson/target/dependency/javaslang-match-2.0.6.jar:/var/benchmarks/projects/fastjson/target/dependency/jersey-test-framework-provider-jdk-http-2.23.2.jar:/var/benchmarks/projects/fastjson/target/dependency/jersey-entity-filtering-2.23.2.jar:/var/benchmarks/projects/fastjson/target/dependency/jandex-2.0.3.Final.jar:/var/benchmarks/projects/fastjson/target/dependency/ezmorph-1.0.6.jar:/var/benchmarks/projects/fastjson/target/dependency/jackson-jaxrs-json-provider-2.8.7.jar:/var/benchmarks/projects/fastjson/target/dependency/cxf-rt-transports-http-3.1.2.jar:/var/benchmarks/projects/fastjson/target/dependency/spring-beans-4.3.7.RELEASE.jar:/var/benchmarks/projects/fastjson/target/dependency/jersey-server-2.23.2.jar:/var/benchmarks/projects/fastjson/target/dependency/powermock-api-mockito-1.6.6.jar:/var/benchmarks/projects/fastjson/target/dependency/jackson-module-jaxb-annotations-2.8.7.jar:/var/benchmarks/projects/fastjson/target/dependency/jopt-simple-4.6.jar:/var/benchmarks/projects/fastjson/target/dependency/asm-analysis-4.0.jar:/var/benchmarks/projects/fastjson/target/dependency/annotations-13.0.jar:/var/benchmarks/projects/fastjson/target/dependency/json-path-2.3.0.jar:/var/benchmarks/projects/fastjson/target/dependency/springfox-spi-2.6.1.jar:/var/benchmarks/projects/fastjson/target/dependency/spring-websocket-4.3.7.RELEASE.jar:/var/benchmarks/projects/fastjson/target/dependency/spring-messaging-4.3.7.RELEASE.jar:/var/benchmarks/projects/fastjson/target/dependency/jersey-client-2.23.2.jar:/var/benchmarks/projects/fastjson/target/dependency/javax.ws.rs-api-2.0.1.jar:/var/benchmarks/projects/fastjson/target/dependency/accessors-smart-1.1.jar:/var/benchmarks/projects/fastjson/target/dependency/hibernate-commons-annotations-5.0.1.Final.jar:/var/benchmarks/projects/fastjson/target/dependency/commons-logging-1.1.1.jar:/var/benchmarks/projects/fastjson/target/dependency/jackson-core-2.9.0.jar:/var/benchmarks/projects/fastjson/target/dependency/spring-expression-4.3.7.RELEASE.jar:/var/benchmarks/projects/fastjson/target/dependency/jersey-media-jaxb-2.23.2.jar:/var/benchmarks/projects/fastjson/target/dependency/okhttp-3.6.0.jar:/var/benchmarks/projects/fastjson/target/dependency/commons-math3-3.2.jar:/var/benchmarks/projects/fastjson/target/dependency/jetty-webapp-8.1.8.v20121106.jar:/var/benchmarks/projects/fastjson/target/dependency/javax.inject-2.5.0-b05.jar:/var/benchmarks/projects/fastjson/target/dependency/cxf-core-3.1.2.jar:/var/benchmarks/projects/fastjson/target/dependency/powermock-api-mockito-common-1.6.6.jar:/var/benchmarks/projects/fastjson/target/dependency/jetty-http-8.1.8.v20121106.jar:/var/benchmarks/projects/fastjson/target/dependency/spring-security-config-3.2.10.RELEASE.jar:/var/benchmarks/projects/fastjson/target/dependency/okio-1.11.0.jar:/var/benchmarks/projects/fastjson/target/dependency/javax.servlet-api-3.1.0.jar:/var/benchmarks/projects/fastjson/target/dependency/json-smart-2.2.1.jar:/var/benchmarks/projects/fastjson/target/dependency/spring-tx-4.3.10.RELEASE.jar:/var/benchmarks/projects/fastjson/target/dependency/jackson-module-afterburner-2.9.0.jar:/var/benchmarks/projects/fastjson/target/dependency/asm-util-4.0.jar:/var/benchmarks/projects/fastjson/target/dependency/spring-security-web-4.2.3.RELEASE.jar:/var/benchmarks/projects/fastjson/target/dependency/spring-webmvc-4.3.7.RELEASE.jar:/var/benchmarks/projects/fastjson/target/dependency/hk2-locator-2.5.0-b05.jar:/var/benchmarks/projects/fastjson/target/dependency/retrofit-2.1.0.jar:/var/benchmarks/projects/fastjson/target/dependency/clojure-1.5.1.jar:/var/benchmarks/projects/fastjson/target/dependency/spring-security-oauth2-2.3.3.RELEASE.jar:/var/benchmarks/projects/fastjson/target/dependency/spring-test-4.3.7.RELEASE.jar:/var/benchmarks/projects/fastjson/target/dependency/aopalliance-repackaged-2.5.0-b05.jar:/var/benchmarks/projects/fastjson/target/dependency/spring-oxm-4.3.10.RELEASE.jar:/var/benchmarks/projects/fastjson/target/dependency/spring-security-core-4.2.3.RELEASE.jar:/var/benchmarks/projects/fastjson/target/dependency/jboss-transaction-api_1.2_spec-1.0.1.Final.jar:/var/benchmarks/projects/fastjson/target/dependency/lombok-1.14.4.jar:/var/benchmarks/projects/fastjson/target/dependency/commons-collections-3.2.1.jar:/var/benchmarks/projects/fastjson/target/dependency/cxf-rt-frontend-jaxrs-3.1.2.jar:/var/benchmarks/projects/fastjson/target/dependency/spring-context-4.3.7.RELEASE.jar:/var/benchmarks/projects/fastjson/target/dependency/jersey-test-framework-core-2.23.2.jar:/var/benchmarks/projects/fastjson/target/dependency/classmate-1.3.1.jar:/var/benchmarks/projects/fastjson/target/dependency/hk2-utils-2.5.0-b05.jar:/var/benchmarks/projects/fastjson/target/dependency/jersey-common-2.23.2.jar:/var/benchmarks/projects/fastjson/target/dependency/jackson-databind-2.9.0.jar:/var/benchmarks/projects/fastjson/target/dependency/jersey-media-json-jackson-2.23.2.jar:/var/benchmarks/projects/fastjson/target/dependency/commons-lang-2.5.jar:/var/benchmarks/projects/fastjson/target/dependency/jetty-servlet-8.1.8.v20121106.jar:/var/benchmarks/projects/fastjson/target/dependency/validation-api-1.1.0.Final.jar:/var/benchmarks/projects/fastjson/target/dependency/spring-web-4.3.7.RELEASE.jar:/var/benchmarks/projects/fastjson/target/dependency/jsoniter-0.9.8.jar:/var/benchmarks/projects/fastjson/target/dependency/jboss-logging-3.3.0.Final.jar, outputDir=/home/utbot_mocks/temp/testcases, mocks=Other classes: Mockito
11:15:38.657 | INFO  | Started: warmup: kotlin reflection :: init
11:15:38.744 | INFO  | Finished (in 0.086 sec): warmup: kotlin reflection :: init 
[INIT]
>> [RUN] com.alibaba.fastjson.asm.Type 30
11:15:38.754 | DEBUG | -----------------------------------------------------------------------------
11:15:38.755 | INFO  | Contest.runGeneration: Time budget: 30000 ms, Generation timeout=25500 ms, classpath=/var/benchmarks/projects/fastjson/target/classes:/var/benchmarks/projects/fastjson/target/fastjson-1.2.50-SNAPSHOT.jar:/var/benchmarks/projects/./fastjson/target/dependency/deeptestutils-1.1.0.jar:/var/benchmarks/projects/fastjson/target/dependency/commons-beanutils-1.8.0.jar:/var/benchmarks/projects/fastjson/target/dependency/woodstox-core-asl-4.4.1.jar:/var/benchmarks/projects/fastjson/target/dependency/spring-aop-4.3.7.RELEASE.jar:/var/benchmarks/projects/fastjson/target/dependency/hibernate-core-5.2.10.Final.jar:/var/benchmarks/projects/fastjson/target/dependency/jackson-module-kotlin-2.9.0.jar:/var/benchmarks/projects/fastjson/target/dependency/spring-data-commons-1.13.6.RELEASE.jar:/var/benchmarks/projects/fastjson/target/dependency/javax.annotation-api-1.2.jar:/var/benchmarks/projects/fastjson/target/dependency/gson-2.6.2.jar:/var/benchmarks/projects/fastjson/target/dependency/jetty-continuation-8.1.8.v20121106.jar:/var/benchmarks/projects/fastjson/target/dependency/objenesis-2.5.1.jar:/var/benchmarks/projects/fastjson/target/dependency/powermock-reflect-1.6.6.jar:/var/benchmarks/projects/fastjson/target/dependency/springfox-spring-web-2.6.1.jar:/var/benchmarks/projects/fastjson/target/dependency/javaslang-2.0.6.jar:/var/benchmarks/projects/fastjson/target/dependency/guava-18.0.jar:/var/benchmarks/projects/fastjson/target/dependency/mockito-core-1.10.19.jar:/var/benchmarks/projects/fastjson/target/dependency/json-lib-2.4-jdk15.jar:/var/benchmarks/projects/fastjson/target/dependency/jetty-xml-8.1.8.v20121106.jar:/var/benchmarks/projects/fastjson/target/dependency/xmlschema-core-2.2.1.jar:/var/benchmarks/projects/fastjson/target/dependency/powermock-api-support-1.6.6.jar:/var/benchmarks/projects/fastjson/target/dependency/commons-collections4-4.1.jar:/var/benchmarks/projects/fastjson/target/dependency/cglib-nodep-2.2.2.jar:/var/benchmarks/projects/fastjson/target/dependency/asm-debug-all-5.0.4.jar:/var/benchmarks/projects/fastjson/target/dependency/spring-plugin-core-1.2.0.RELEASE.jar:/var/benchmarks/projects/fastjson/target/dependency/cxf-rt-rs-client-3.1.2.jar:/var/benchmarks/projects/fastjson/target/dependency/jetty-io-8.1.8.v20121106.jar:/var/benchmarks/projects/fastjson/target/dependency/commons-lang3-3.4.jar:/var/benchmarks/projects/fastjson/target/dependency/stax2-api-3.1.4.jar:/var/benchmarks/projects/fastjson/target/dependency/jackson-annotations-2.9.0.jar:/var/benchmarks/projects/fastjson/target/dependency/jetty-server-8.1.8.v20121106.jar:/var/benchmarks/projects/fastjson/target/dependency/json-simple-1.1.1.jar:/var/benchmarks/projects/fastjson/target/dependency/asm-tree-4.0.jar:/var/benchmarks/projects/fastjson/target/dependency/spring-data-commons-core-1.4.1.RELEASE.jar:/var/benchmarks/projects/fastjson/target/dependency/powermock-module-junit4-common-1.6.6.jar:/var/benchmarks/projects/fastjson/target/dependency/jcl-over-slf4j-1.7.25.jar:/var/benchmarks/projects/fastjson/target/dependency/javax.servlet-3.0.0.v201112011016.jar:/var/benchmarks/projects/fastjson/target/dependency/springfox-core-2.6.1.jar:/var/benchmarks/projects/fastjson/target/dependency/osgi-resource-locator-1.0.1.jar:/var/benchmarks/projects/fastjson/target/dependency/javassist-3.18.0-GA.jar:/var/benchmarks/projects/fastjson/target/dependency/kotlin-reflect-1.1.3-2.jar:/var/benchmarks/projects/fastjson/target/dependency/spring-context-support-4.3.10.RELEASE.jar:/var/benchmarks/projects/fastjson/target/dependency/spring-plugin-metadata-1.2.0.RELEASE.jar:/var/benchmarks/projects/fastjson/target/dependency/kotlin-stdlib-1.1.3-2.jar:/var/benchmarks/projects/fastjson/target/dependency/spring-data-keyvalue-1.2.6.RELEASE.jar:/var/benchmarks/projects/fastjson/target/dependency/jersey-container-servlet-core-2.23.2.jar:/var/benchmarks/projects/fastjson/target/dependency/asm-4.0.jar:/var/benchmarks/projects/fastjson/target/dependency/asm-commons-4.0.jar:/var/benchmarks/projects/fastjson/target/dependency/jersey-guava-2.23.2.jar:/var/benchmarks/projects/fastjson/target/dependency/aopalliance-1.0.jar:/var/benchmarks/projects/fastjson/target/dependency/groovy-2.1.5.jar:/var/benchmarks/projects/fastjson/target/dependency/hk2-api-2.5.0-b05.jar:/var/benchmarks/projects/fastjson/target/dependency/jetty-security-8.1.8.v20121106.jar:/var/benchmarks/projects/fastjson/target/dependency/jmh-core-1.21.jar:/var/benchmarks/projects/fastjson/target/dependency/jersey-container-servlet-2.23.2.jar:/var/benchmarks/projects/fastjson/target/dependency/dom4j-1.6.1.jar:/var/benchmarks/projects/fastjson/target/dependency/spring-core-4.3.7.RELEASE.jar:/var/benchmarks/projects/fastjson/target/dependency/spring-data-redis-1.8.6.RELEASE.jar:/var/benchmarks/projects/fastjson/target/dependency/jackson-core-asl-1.9.13.jar:/var/benchmarks/projects/fastjson/target/dependency/jackson-mapper-asl-1.9.13.jar:/var/benchmarks/projects/fastjson/target/dependency/hibernate-jpa-2.1-api-1.0.0.Final.jar:/var/benchmarks/projects/fastjson/target/dependency/junit-4.12.jar:/var/benchmarks/projects/fastjson/target/dependency/commons-io-1.4.jar:/var/benchmarks/projects/fastjson/target/dependency/jetty-util-8.1.8.v20121106.jar:/var/benchmarks/projects/fastjson/target/dependency/hamcrest-core-1.3.jar:/var/benchmarks/projects/fastjson/target/dependency/jmh-generator-annprocess-1.21.jar:/var/benchmarks/projects/fastjson/target/dependency/jackson-jaxrs-base-2.8.7.jar:/var/benchmarks/projects/fastjson/target/dependency/powermock-module-junit4-1.6.6.jar:/var/benchmarks/projects/fastjson/target/dependency/powermock-core-1.6.6.jar:/var/benchmarks/projects/fastjson/target/dependency/slf4j-api-1.7.25.jar:/var/benchmarks/projects/fastjson/target/dependency/antlr-2.7.7.jar:/var/benchmarks/projects/fastjson/target/dependency/mockito-all-1.10.19.jar:/var/benchmarks/projects/fastjson/target/dependency/jersey-container-jdk-http-2.23.2.jar:/var/benchmarks/projects/fastjson/target/dependency/javaslang-match-2.0.6.jar:/var/benchmarks/projects/fastjson/target/dependency/jersey-test-framework-provider-jdk-http-2.23.2.jar:/var/benchmarks/projects/fastjson/target/dependency/jersey-entity-filtering-2.23.2.jar:/var/benchmarks/projects/fastjson/target/dependency/jandex-2.0.3.Final.jar:/var/benchmarks/projects/fastjson/target/dependency/ezmorph-1.0.6.jar:/var/benchmarks/projects/fastjson/target/dependency/jackson-jaxrs-json-provider-2.8.7.jar:/var/benchmarks/projects/fastjson/target/dependency/cxf-rt-transports-http-3.1.2.jar:/var/benchmarks/projects/fastjson/target/dependency/spring-beans-4.3.7.RELEASE.jar:/var/benchmarks/projects/fastjson/target/dependency/jersey-server-2.23.2.jar:/var/benchmarks/projects/fastjson/target/dependency/powermock-api-mockito-1.6.6.jar:/var/benchmarks/projects/fastjson/target/dependency/jackson-module-jaxb-annotations-2.8.7.jar:/var/benchmarks/projects/fastjson/target/dependency/jopt-simple-4.6.jar:/var/benchmarks/projects/fastjson/target/dependency/asm-analysis-4.0.jar:/var/benchmarks/projects/fastjson/target/dependency/annotations-13.0.jar:/var/benchmarks/projects/fastjson/target/dependency/json-path-2.3.0.jar:/var/benchmarks/projects/fastjson/target/dependency/springfox-spi-2.6.1.jar:/var/benchmarks/projects/fastjson/target/dependency/spring-websocket-4.3.7.RELEASE.jar:/var/benchmarks/projects/fastjson/target/dependency/spring-messaging-4.3.7.RELEASE.jar:/var/benchmarks/projects/fastjson/target/dependency/jersey-client-2.23.2.jar:/var/benchmarks/projects/fastjson/target/dependency/javax.ws.rs-api-2.0.1.jar:/var/benchmarks/projects/fastjson/target/dependency/accessors-smart-1.1.jar:/var/benchmarks/projects/fastjson/target/dependency/hibernate-commons-annotations-5.0.1.Final.jar:/var/benchmarks/projects/fastjson/target/dependency/commons-logging-1.1.1.jar:/var/benchmarks/projects/fastjson/target/dependency/jackson-core-2.9.0.jar:/var/benchmarks/projects/fastjson/target/dependency/spring-expression-4.3.7.RELEASE.jar:/var/benchmarks/projects/fastjson/target/dependency/jersey-media-jaxb-2.23.2.jar:/var/benchmarks/projects/fastjson/target/dependency/okhttp-3.6.0.jar:/var/benchmarks/projects/fastjson/target/dependency/commons-math3-3.2.jar:/var/benchmarks/projects/fastjson/target/dependency/jetty-webapp-8.1.8.v20121106.jar:/var/benchmarks/projects/fastjson/target/dependency/javax.inject-2.5.0-b05.jar:/var/benchmarks/projects/fastjson/target/dependency/cxf-core-3.1.2.jar:/var/benchmarks/projects/fastjson/target/dependency/powermock-api-mockito-common-1.6.6.jar:/var/benchmarks/projects/fastjson/target/dependency/jetty-http-8.1.8.v20121106.jar:/var/benchmarks/projects/fastjson/target/dependency/spring-security-config-3.2.10.RELEASE.jar:/var/benchmarks/projects/fastjson/target/dependency/okio-1.11.0.jar:/var/benchmarks/projects/fastjson/target/dependency/javax.servlet-api-3.1.0.jar:/var/benchmarks/projects/fastjson/target/dependency/json-smart-2.2.1.jar:/var/benchmarks/projects/fastjson/target/dependency/spring-tx-4.3.10.RELEASE.jar:/var/benchmarks/projects/fastjson/target/dependency/jackson-module-afterburner-2.9.0.jar:/var/benchmarks/projects/fastjson/target/dependency/asm-util-4.0.jar:/var/benchmarks/projects/fastjson/target/dependency/spring-security-web-4.2.3.RELEASE.jar:/var/benchmarks/projects/fastjson/target/dependency/spring-webmvc-4.3.7.RELEASE.jar:/var/benchmarks/projects/fastjson/target/dependency/hk2-locator-2.5.0-b05.jar:/var/benchmarks/projects/fastjson/target/dependency/retrofit-2.1.0.jar:/var/benchmarks/projects/fastjson/target/dependency/clojure-1.5.1.jar:/var/benchmarks/projects/fastjson/target/dependency/spring-security-oauth2-2.3.3.RELEASE.jar:/var/benchmarks/projects/fastjson/target/dependency/spring-test-4.3.7.RELEASE.jar:/var/benchmarks/projects/fastjson/target/dependency/aopalliance-repackaged-2.5.0-b05.jar:/var/benchmarks/projects/fastjson/target/dependency/spring-oxm-4.3.10.RELEASE.jar:/var/benchmarks/projects/fastjson/target/dependency/spring-security-core-4.2.3.RELEASE.jar:/var/benchmarks/projects/fastjson/target/dependency/jboss-transaction-api_1.2_spec-1.0.1.Final.jar:/var/benchmarks/projects/fastjson/target/dependency/lombok-1.14.4.jar:/var/benchmarks/projects/fastjson/target/dependency/commons-collections-3.2.1.jar:/var/benchmarks/projects/fastjson/target/dependency/cxf-rt-frontend-jaxrs-3.1.2.jar:/var/benchmarks/projects/fastjson/target/dependency/spring-context-4.3.7.RELEASE.jar:/var/benchmarks/projects/fastjson/target/dependency/jersey-test-framework-core-2.23.2.jar:/var/benchmarks/projects/fastjson/target/dependency/classmate-1.3.1.jar:/var/benchmarks/projects/fastjson/target/dependency/hk2-utils-2.5.0-b05.jar:/var/benchmarks/projects/fastjson/target/dependency/jersey-common-2.23.2.jar:/var/benchmarks/projects/fastjson/target/dependency/jackson-databind-2.9.0.jar:/var/benchmarks/projects/fastjson/target/dependency/jersey-media-json-jackson-2.23.2.jar:/var/benchmarks/projects/fastjson/target/dependency/commons-lang-2.5.jar:/var/benchmarks/projects/fastjson/target/dependency/jetty-servlet-8.1.8.v20121106.jar:/var/benchmarks/projects/fastjson/target/dependency/validation-api-1.1.0.Final.jar:/var/benchmarks/projects/fastjson/target/dependency/spring-web-4.3.7.RELEASE.jar:/var/benchmarks/projects/fastjson/target/dependency/jsoniter-0.9.8.jar:/var/benchmarks/projects/fastjson/target/dependency/jboss-logging-3.3.0.Final.jar, methodNameFilter=null
11:15:38.760 | INFO  | ClassUnderTest[ FQN: com.alibaba.fastjson.asm.Type
    classfileDir: /var/benchmarks/projects/fastjson/target/classes
    testClassSimpleName: TypeTest
    generatedTestFile: /home/utbot_mocks/temp/testcases/com/alibaba/fastjson/asm/TypeTest.java
    generatedTestsSourcesDir: /home/utbot_mocks/temp/testcases
]
11:15:38.784 | INFO  | Started: class com.alibaba.fastjson.asm.Type
11:15:38.785 | INFO  | Started: preparation class class com.alibaba.fastjson.asm.Type: kotlin reflection :: run
11:15:38.803 | INFO  | Finished (in 0.017 sec): preparation class class com.alibaba.fastjson.asm.Type: kotlin reflection :: run 
11:15:38.803 | INFO  | Started: 2nd optional soot initialization
11:15:38.804 | INFO  | Finished (in 0.001 sec): 2nd optional soot initialization 
11:15:38.812 | DEBUG |  ... 
11:15:38.818 | INFO  | Started: method com.alibaba.fastjson.asm.Type.getInternalName()
11:15:38.821 | INFO  |  -- Remaining time budget: 25445 ms, #remaining_methods: 9, budget for method: 2827 ms, solver timeout: 1000 ms, budget for symbolic execution: 1627 ms, budget for concrete execution: 1200 ms,  -- 
11:15:39.150 | DEBUG | --new testCase collected, to generate: testCom.alibaba.fastjson.asm.Type.getInternalName()1
11:15:40.249 | DEBUG | --new testCase collected, to generate: testCom.alibaba.fastjson.asm.Type.getInternalName()2
11:15:40.264 | INFO  | Finished (in 1.445 sec): method com.alibaba.fastjson.asm.Type.getInternalName() 
<StatsForMethod> :
	#generatedTC=2
	WITH NO EXCEPTIONS
11:15:40.274 | DEBUG |  ... 
11:15:40.275 | INFO  | Started: method com.alibaba.fastjson.asm.Type.getDimensions()
11:15:40.275 | INFO  |  -- Remaining time budget: 23984 ms, #remaining_methods: 8, budget for method: 2998 ms, solver timeout: 1000 ms, budget for symbolic execution: 1798 ms, budget for concrete execution: 1200 ms,  -- 
11:15:40.285 | DEBUG | --new testCase collected, to generate: testCom.alibaba.fastjson.asm.Type.getDimensions()1
11:15:40.329 | DEBUG | --new testCase collected, to generate: testCom.alibaba.fastjson.asm.Type.getDimensions()2
11:15:40.385 | DEBUG | --new testCase collected, to generate: testCom.alibaba.fastjson.asm.Type.getDimensions()3
11:15:40.411 | DEBUG | --new testCase collected, to generate: testCom.alibaba.fastjson.asm.Type.getDimensions()4
11:15:40.444 | DEBUG | --new testCase collected, to generate: testCom.alibaba.fastjson.asm.Type.getDimensions()5
11:15:40.445 | INFO  | Finished (in 0.169 sec): method com.alibaba.fastjson.asm.Type.getDimensions() 
<StatsForMethod> :
	#generatedTC=5
	WITH NO EXCEPTIONS
11:15:40.449 | DEBUG |  ... 
11:15:40.450 | INFO  | Started: method com.alibaba.fastjson.asm.Type.getDescriptor()
11:15:40.450 | INFO  |  -- Remaining time budget: 23809 ms, #remaining_methods: 7, budget for method: 3401 ms, solver timeout: 1000 ms, budget for symbolic execution: 2201 ms, budget for concrete execution: 1200 ms,  -- 
11:15:40.462 | DEBUG | --new testCase collected, to generate: testCom.alibaba.fastjson.asm.Type.getDescriptor()1
11:15:40.708 | DEBUG | --new testCase collected, to generate: testCom.alibaba.fastjson.asm.Type.getDescriptor()2
11:15:40.720 | INFO  | Finished (in 0.270 sec): method com.alibaba.fastjson.asm.Type.getDescriptor() 
<StatsForMethod> :
	#generatedTC=2
	WITH NO EXCEPTIONS
11:15:40.728 | DEBUG |  ... 
11:15:40.728 | INFO  | Started: method com.alibaba.fastjson.asm.Type.getClassName()
11:15:40.729 | INFO  |  -- Remaining time budget: 23531 ms, #remaining_methods: 6, budget for method: 3921 ms, solver timeout: 1000 ms, budget for symbolic execution: 2721 ms, budget for concrete execution: 1200 ms,  -- 
11:15:40.737 | DEBUG | --new testCase collected, to generate: testCom.alibaba.fastjson.asm.Type.getClassName()1
11:15:40.776 | DEBUG | --new testCase collected, to generate: testCom.alibaba.fastjson.asm.Type.getClassName()2
11:15:40.818 | DEBUG | --new testCase collected, to generate: testCom.alibaba.fastjson.asm.Type.getClassName()3
11:15:40.841 | DEBUG | --new testCase collected, to generate: testCom.alibaba.fastjson.asm.Type.getClassName()4
11:15:40.864 | DEBUG | --new testCase collected, to generate: testCom.alibaba.fastjson.asm.Type.getClassName()5
11:15:40.888 | DEBUG | --new testCase collected, to generate: testCom.alibaba.fastjson.asm.Type.getClassName()6
11:15:40.929 | DEBUG | --new testCase collected, to generate: testCom.alibaba.fastjson.asm.Type.getClassName()7
11:15:40.953 | DEBUG | --new testCase collected, to generate: testCom.alibaba.fastjson.asm.Type.getClassName()8
11:15:40.976 | DEBUG | --new testCase collected, to generate: testCom.alibaba.fastjson.asm.Type.getClassName()9
11:15:41.004 | DEBUG | --new testCase collected, to generate: testCom.alibaba.fastjson.asm.Type.getClassName()10
11:15:42.598 | DEBUG | --new testCase collected, to generate: testCom.alibaba.fastjson.asm.Type.getClassName()11
11:15:42.693 | DEBUG | --new testCase collected, to generate: testCom.alibaba.fastjson.asm.Type.getClassName()12
11:15:42.922 | DEBUG | --new testCase collected, to generate: testCom.alibaba.fastjson.asm.Type.getClassName()13
11:15:43.031 | DEBUG | --new testCase collected, to generate: testCom.alibaba.fastjson.asm.Type.getClassName()14
11:15:43.117 | DEBUG | --new testCase collected, to generate: testCom.alibaba.fastjson.asm.Type.getClassName()15
11:15:43.158 | DEBUG | --new testCase collected, to generate: testCom.alibaba.fastjson.asm.Type.getClassName()16
11:15:43.189 | DEBUG | --new testCase collected, to generate: testCom.alibaba.fastjson.asm.Type.getClassName()17
11:15:43.450 | INFO  | |> Starting concrete execution for remaining state: com.alibaba.fastjson.asm.Type.getClassName()
11:15:43.552 | DEBUG | --new testCase collected, to generate: testCom.alibaba.fastjson.asm.Type.getClassName()18
11:15:43.749 | DEBUG | --new testCase collected, to generate: testCom.alibaba.fastjson.asm.Type.getClassName()19
11:15:43.780 | DEBUG | --new testCase collected, to generate: testCom.alibaba.fastjson.asm.Type.getClassName()20
11:15:43.858 | DEBUG | --new testCase collected, to generate: testCom.alibaba.fastjson.asm.Type.getClassName()21
11:15:44.152 | DEBUG | --new testCase collected, to generate: testCom.alibaba.fastjson.asm.Type.getClassName()22
11:15:44.178 | DEBUG | --new testCase collected, to generate: testCom.alibaba.fastjson.asm.Type.getClassName()23
11:15:44.202 | DEBUG | --new testCase collected, to generate: testCom.alibaba.fastjson.asm.Type.getClassName()24
11:15:44.308 | DEBUG | --new testCase collected, to generate: testCom.alibaba.fastjson.asm.Type.getClassName()25
11:15:44.652 | INFO  | (X) Cancelling concrete execution: com.alibaba.fastjson.asm.Type.getClassName()
11:15:44.752 | INFO  | Finished (in 4.023 sec): method com.alibaba.fastjson.asm.Type.getClassName() 
<StatsForMethod> :
	#generatedTC=25
	WITH NO EXCEPTIONS
11:15:44.950 | DEBUG |  ... 
11:15:44.950 | INFO  | Started: method com.alibaba.fastjson.asm.Type.getArgumentsAndReturnSizes(String)
11:15:44.951 | INFO  |  -- Remaining time budget: 19309 ms, #remaining_methods: 5, budget for method: 3861 ms, solver timeout: 1000 ms, budget for symbolic execution: 2661 ms, budget for concrete execution: 1200 ms,  -- 
11:15:44.996 | DEBUG | --new testCase collected, to generate: testCom.alibaba.fastjson.asm.Type.getArgumentsAndReturnSizes(String)1
11:15:45.040 | DEBUG | --new testCase collected, to generate: testCom.alibaba.fastjson.asm.Type.getArgumentsAndReturnSizes(String)2
11:15:45.227 | DEBUG | --new testCase collected, to generate: testCom.alibaba.fastjson.asm.Type.getArgumentsAndReturnSizes(String)3
11:15:45.312 | DEBUG | --new testCase collected, to generate: testCom.alibaba.fastjson.asm.Type.getArgumentsAndReturnSizes(String)4
11:15:45.352 | DEBUG | --new testCase collected, to generate: testCom.alibaba.fastjson.asm.Type.getArgumentsAndReturnSizes(String)5
11:15:45.356 | DEBUG | --new testCase collected, to generate: testCom.alibaba.fastjson.asm.Type.getArgumentsAndReturnSizes(String)6
11:15:45.361 | DEBUG | --new testCase collected, to generate: testCom.alibaba.fastjson.asm.Type.getArgumentsAndReturnSizes(String)7
11:15:45.459 | DEBUG | --new testCase collected, to generate: testCom.alibaba.fastjson.asm.Type.getArgumentsAndReturnSizes(String)8
11:15:45.629 | DEBUG | --new testCase collected, to generate: testCom.alibaba.fastjson.asm.Type.getArgumentsAndReturnSizes(String)9
11:15:45.677 | DEBUG | --new testCase collected, to generate: testCom.alibaba.fastjson.asm.Type.getArgumentsAndReturnSizes(String)10
11:15:45.801 | DEBUG | --new testCase collected, to generate: testCom.alibaba.fastjson.asm.Type.getArgumentsAndReturnSizes(String)11
11:15:45.841 | DEBUG | --new testCase collected, to generate: testCom.alibaba.fastjson.asm.Type.getArgumentsAndReturnSizes(String)12
11:15:45.963 | DEBUG | --new testCase collected, to generate: testCom.alibaba.fastjson.asm.Type.getArgumentsAndReturnSizes(String)13
11:15:45.997 | INFO  | Finished (in 1.047 sec): method com.alibaba.fastjson.asm.Type.getArgumentsAndReturnSizes(String) 
<StatsForMethod> :
	#generatedTC=13
	WITH NO EXCEPTIONS
11:15:46.049 | DEBUG |  ... 
11:15:46.049 | INFO  | Started: method com.alibaba.fastjson.asm.Type.getArgumentTypes(String)
11:15:46.050 | INFO  |  -- Remaining time budget: 18210 ms, #remaining_methods: 4, budget for method: 4552 ms, solver timeout: 1000 ms, budget for symbolic execution: 3352 ms, budget for concrete execution: 1200 ms,  -- 
11:15:46.063 | DEBUG | --new testCase collected, to generate: testCom.alibaba.fastjson.asm.Type.getArgumentTypes(String)1
11:15:46.119 | DEBUG | --new testCase collected, to generate: testCom.alibaba.fastjson.asm.Type.getArgumentTypes(String)2
11:15:46.241 | DEBUG | --new testCase collected, to generate: testCom.alibaba.fastjson.asm.Type.getArgumentTypes(String)3
11:15:46.323 | DEBUG | --new testCase collected, to generate: testCom.alibaba.fastjson.asm.Type.getArgumentTypes(String)4
11:15:46.350 | DEBUG | --new testCase collected, to generate: testCom.alibaba.fastjson.asm.Type.getArgumentTypes(String)5
11:15:46.358 | DEBUG | --new testCase collected, to generate: testCom.alibaba.fastjson.asm.Type.getArgumentTypes(String)6
11:15:46.804 | DEBUG | --new testCase collected, to generate: testCom.alibaba.fastjson.asm.Type.getArgumentTypes(String)7
11:15:46.875 | DEBUG | --new testCase collected, to generate: testCom.alibaba.fastjson.asm.Type.getArgumentTypes(String)8
11:15:47.194 | DEBUG | --new testCase collected, to generate: testCom.alibaba.fastjson.asm.Type.getArgumentTypes(String)9
11:15:47.248 | DEBUG | --new testCase collected, to generate: testCom.alibaba.fastjson.asm.Type.getArgumentTypes(String)10
11:15:47.283 | DEBUG | --new testCase collected, to generate: testCom.alibaba.fastjson.asm.Type.getArgumentTypes(String)11
11:15:47.849 | DEBUG | --new testCase collected, to generate: testCom.alibaba.fastjson.asm.Type.getArgumentTypes(String)12
11:15:48.010 | DEBUG | --new testCase collected, to generate: testCom.alibaba.fastjson.asm.Type.getArgumentTypes(String)13
11:15:48.085 | DEBUG | --new testCase collected, to generate: testCom.alibaba.fastjson.asm.Type.getArgumentTypes(String)14
11:15:48.360 | DEBUG | --new testCase collected, to generate: testCom.alibaba.fastjson.asm.Type.getArgumentTypes(String)15
11:15:48.670 | DEBUG | --new testCase collected, to generate: testCom.alibaba.fastjson.asm.Type.getArgumentTypes(String)16
11:15:48.804 | DEBUG | --new testCase collected, to generate: testCom.alibaba.fastjson.asm.Type.getArgumentTypes(String)17
11:15:48.979 | DEBUG | --new testCase collected, to generate: testCom.alibaba.fastjson.asm.Type.getArgumentTypes(String)18
11:15:48.992 | DEBUG | --new testCase collected, to generate: testCom.alibaba.fastjson.asm.Type.getArgumentTypes(String)19
11:15:48.997 | DEBUG | --new testCase collected, to generate: testCom.alibaba.fastjson.asm.Type.getArgumentTypes(String)20
11:15:49.013 | DEBUG | --new testCase collected, to generate: testCom.alibaba.fastjson.asm.Type.getArgumentTypes(String)21
11:15:49.214 | DEBUG | --new testCase collected, to generate: testCom.alibaba.fastjson.asm.Type.getArgumentTypes(String)22
11:15:49.254 | DEBUG | --new testCase collected, to generate: testCom.alibaba.fastjson.asm.Type.getArgumentTypes(String)23
11:15:49.350 | DEBUG | --new testCase collected, to generate: testCom.alibaba.fastjson.asm.Type.getArgumentTypes(String)24
11:15:49.402 | INFO  | |> Starting concrete execution for remaining state: com.alibaba.fastjson.asm.Type.getArgumentTypes(String)
11:15:49.439 | DEBUG | --new testCase collected, to generate: testCom.alibaba.fastjson.asm.Type.getArgumentTypes(String)25
11:15:49.538 | DEBUG | --new testCase collected, to generate: testCom.alibaba.fastjson.asm.Type.getArgumentTypes(String)26
11:15:49.779 | DEBUG | --new testCase collected, to generate: testCom.alibaba.fastjson.asm.Type.getArgumentTypes(String)27
11:15:49.896 | DEBUG | --new testCase collected, to generate: testCom.alibaba.fastjson.asm.Type.getArgumentTypes(String)28
11:15:50.602 | INFO  | (X) Cancelling concrete execution: com.alibaba.fastjson.asm.Type.getArgumentTypes(String)
11:15:50.739 | INFO  | Finished (in 4.689 sec): method com.alibaba.fastjson.asm.Type.getArgumentTypes(String) 
<StatsForMethod> :
	#generatedTC=28
	WITH NO EXCEPTIONS
11:15:50.965 | DEBUG |  ... 
11:15:50.966 | INFO  | Started: method com.alibaba.fastjson.asm.Type.getType(char[], int)
11:15:50.966 | INFO  |  -- Remaining time budget: 13294 ms, #remaining_methods: 3, budget for method: 4431 ms, solver timeout: 1000 ms, budget for symbolic execution: 3231 ms, budget for concrete execution: 1200 ms,  -- 
11:15:50.974 | DEBUG | --new testCase collected, to generate: testCom.alibaba.fastjson.asm.Type.getType(char[], int)1
11:15:50.999 | DEBUG | --new testCase collected, to generate: testCom.alibaba.fastjson.asm.Type.getType(char[], int)2
11:15:51.304 | DEBUG | --new testCase collected, to generate: testCom.alibaba.fastjson.asm.Type.getType(char[], int)3
11:15:51.380 | DEBUG | --new testCase collected, to generate: testCom.alibaba.fastjson.asm.Type.getType(char[], int)4
11:15:51.402 | DEBUG | --new testCase collected, to generate: testCom.alibaba.fastjson.asm.Type.getType(char[], int)5
11:15:51.460 | DEBUG | --new testCase collected, to generate: testCom.alibaba.fastjson.asm.Type.getType(char[], int)6
11:15:51.481 | DEBUG | --new testCase collected, to generate: testCom.alibaba.fastjson.asm.Type.getType(char[], int)7
11:15:51.537 | DEBUG | --new testCase collected, to generate: testCom.alibaba.fastjson.asm.Type.getType(char[], int)8
11:15:51.564 | DEBUG | --new testCase collected, to generate: testCom.alibaba.fastjson.asm.Type.getType(char[], int)9
11:15:51.627 | DEBUG | --new testCase collected, to generate: testCom.alibaba.fastjson.asm.Type.getType(char[], int)10
11:15:51.799 | DEBUG | --new testCase collected, to generate: testCom.alibaba.fastjson.asm.Type.getType(char[], int)11
11:15:51.824 | DEBUG | --new testCase collected, to generate: testCom.alibaba.fastjson.asm.Type.getType(char[], int)12
11:15:51.867 | DEBUG | --new testCase collected, to generate: testCom.alibaba.fastjson.asm.Type.getType(char[], int)13
11:15:51.892 | DEBUG | --new testCase collected, to generate: testCom.alibaba.fastjson.asm.Type.getType(char[], int)14
11:15:51.915 | DEBUG | --new testCase collected, to generate: testCom.alibaba.fastjson.asm.Type.getType(char[], int)15
11:15:51.937 | DEBUG | --new testCase collected, to generate: testCom.alibaba.fastjson.asm.Type.getType(char[], int)16
11:15:51.969 | DEBUG | --new testCase collected, to generate: testCom.alibaba.fastjson.asm.Type.getType(char[], int)17
11:15:51.991 | DEBUG | --new testCase collected, to generate: testCom.alibaba.fastjson.asm.Type.getType(char[], int)18
11:15:52.043 | DEBUG | --new testCase collected, to generate: testCom.alibaba.fastjson.asm.Type.getType(char[], int)19
11:15:52.121 | DEBUG | --new testCase collected, to generate: testCom.alibaba.fastjson.asm.Type.getType(char[], int)20
11:15:52.171 | DEBUG | --new testCase collected, to generate: testCom.alibaba.fastjson.asm.Type.getType(char[], int)21
11:15:52.233 | DEBUG | --new testCase collected, to generate: testCom.alibaba.fastjson.asm.Type.getType(char[], int)22
11:15:52.382 | DEBUG | --new testCase collected, to generate: testCom.alibaba.fastjson.asm.Type.getType(char[], int)23
11:15:52.520 | DEBUG | --new testCase collected, to generate: testCom.alibaba.fastjson.asm.Type.getType(char[], int)24
11:15:52.756 | DEBUG | --new testCase collected, to generate: testCom.alibaba.fastjson.asm.Type.getType(char[], int)25
11:15:52.948 | DEBUG | --new testCase collected, to generate: testCom.alibaba.fastjson.asm.Type.getType(char[], int)26
11:15:52.977 | DEBUG | --new testCase collected, to generate: testCom.alibaba.fastjson.asm.Type.getType(char[], int)27
11:15:53.019 | DEBUG | --new testCase collected, to generate: testCom.alibaba.fastjson.asm.Type.getType(char[], int)28
11:15:53.114 | DEBUG | --new testCase collected, to generate: testCom.alibaba.fastjson.asm.Type.getType(char[], int)29
11:15:53.151 | INFO  | Finished (in 2.184 sec): method com.alibaba.fastjson.asm.Type.getType(char[], int) 
<StatsForMethod> :
	#generatedTC=29
	WITH NO EXCEPTIONS
11:15:53.301 | DEBUG |  ... 
11:15:53.302 | INFO  | Started: method com.alibaba.fastjson.asm.Type.getType(String)
11:15:53.302 | INFO  |  -- Remaining time budget: 10958 ms, #remaining_methods: 2, budget for method: 5479 ms, solver timeout: 1000 ms, budget for symbolic execution: 4279 ms, budget for concrete execution: 1200 ms,  -- 
11:15:53.308 | DEBUG | --new testCase collected, to generate: testCom.alibaba.fastjson.asm.Type.getType(String)1
11:15:53.346 | DEBUG | --new testCase collected, to generate: testCom.alibaba.fastjson.asm.Type.getType(String)2
11:15:54.758 | DEBUG | --new testCase collected, to generate: testCom.alibaba.fastjson.asm.Type.getType(String)3
11:15:54.836 | DEBUG | --new testCase collected, to generate: testCom.alibaba.fastjson.asm.Type.getType(String)4
11:15:54.929 | DEBUG | --new testCase collected, to generate: testCom.alibaba.fastjson.asm.Type.getType(String)5
11:15:54.972 | DEBUG | --new testCase collected, to generate: testCom.alibaba.fastjson.asm.Type.getType(String)6
11:15:54.996 | DEBUG | --new testCase collected, to generate: testCom.alibaba.fastjson.asm.Type.getType(String)7
11:15:55.005 | DEBUG | --new testCase collected, to generate: testCom.alibaba.fastjson.asm.Type.getType(String)8
11:15:55.087 | DEBUG | --new testCase collected, to generate: testCom.alibaba.fastjson.asm.Type.getType(String)9
11:15:55.092 | DEBUG | --new testCase collected, to generate: testCom.alibaba.fastjson.asm.Type.getType(String)10
11:15:55.152 | DEBUG | --new testCase collected, to generate: testCom.alibaba.fastjson.asm.Type.getType(String)11
11:15:55.190 | DEBUG | --new testCase collected, to generate: testCom.alibaba.fastjson.asm.Type.getType(String)12
11:15:55.325 | DEBUG | --new testCase collected, to generate: testCom.alibaba.fastjson.asm.Type.getType(String)13
11:15:55.389 | DEBUG | --new testCase collected, to generate: testCom.alibaba.fastjson.asm.Type.getType(String)14
11:15:55.395 | DEBUG | --new testCase collected, to generate: testCom.alibaba.fastjson.asm.Type.getType(String)15
11:15:55.498 | DEBUG | --new testCase collected, to generate: testCom.alibaba.fastjson.asm.Type.getType(String)16
11:15:55.545 | DEBUG | --new testCase collected, to generate: testCom.alibaba.fastjson.asm.Type.getType(String)17
11:15:55.551 | DEBUG | --new testCase collected, to generate: testCom.alibaba.fastjson.asm.Type.getType(String)18
11:15:55.561 | DEBUG | --new testCase collected, to generate: testCom.alibaba.fastjson.asm.Type.getType(String)19
11:15:56.044 | DEBUG | --new testCase collected, to generate: testCom.alibaba.fastjson.asm.Type.getType(String)20
11:15:56.082 | DEBUG | --new testCase collected, to generate: testCom.alibaba.fastjson.asm.Type.getType(String)21
11:15:56.108 | DEBUG | --new testCase collected, to generate: testCom.alibaba.fastjson.asm.Type.getType(String)22
11:15:56.112 | DEBUG | --new testCase collected, to generate: testCom.alibaba.fastjson.asm.Type.getType(String)23
11:15:56.119 | DEBUG | --new testCase collected, to generate: testCom.alibaba.fastjson.asm.Type.getType(String)24
11:15:56.186 | DEBUG | --new testCase collected, to generate: testCom.alibaba.fastjson.asm.Type.getType(String)25
11:15:56.256 | DEBUG | --new testCase collected, to generate: testCom.alibaba.fastjson.asm.Type.getType(String)26
11:15:56.283 | DEBUG | --new testCase collected, to generate: testCom.alibaba.fastjson.asm.Type.getType(String)27
11:15:56.394 | INFO  | Finished (in 3.092 sec): method com.alibaba.fastjson.asm.Type.getType(String) 
<StatsForMethod> :
	#generatedTC=27
	WITH NO EXCEPTIONS
11:15:56.573 | DEBUG |  ... 
11:15:56.574 | INFO  | Started: method com.alibaba.fastjson.asm.Type.<init>(int, char[], int, int)
11:15:56.574 | INFO  |  -- Remaining time budget: 7686 ms, #remaining_methods: 1, budget for method: 7686 ms, solver timeout: 1000 ms, budget for symbolic execution: 6486 ms, budget for concrete execution: 1200 ms,  -- 
11:15:56.580 | DEBUG | --new testCase collected, to generate: testCom.alibaba.fastjson.asm.Type.<init>(int, char[], int, int)1
11:15:56.628 | DEBUG | --new testCase collected, to generate: testCom.alibaba.fastjson.asm.Type.<init>(int, char[], int, int)2
11:15:56.629 | INFO  | Finished (in 0.055 sec): method com.alibaba.fastjson.asm.Type.<init>(int, char[], int, int) 
<StatsForMethod> :
	#generatedTC=2
	WITH NO EXCEPTIONS
11:15:56.635 | INFO  | Started: Flushing tests for [Type] on disk
11:15:57.082 | INFO  | File size for TypeTest: 82 KB
11:15:57.083 | INFO  | Finished (in 0.448 sec): Flushing tests for [Type] on disk 
11:15:57.084 | INFO  | Finished (in 18.299 sec): class com.alibaba.fastjson.asm.Type 
<StatsForClass> :
	canceled by timeout = false
	#methods = 9, 
	#methods started symbolic exploration = 9
	#methods with at least one TC = 9
	#methods with exceptions = 0
	#generated TC = 133
	#coverage = null
[READY]
