Started UtBot Contest, classfileDir = /var/benchmarks/projects/fastjson/target/classes, classpathString=/var/benchmarks/projects/fastjson/target/classes:/var/benchmarks/projects/fastjson/target/fastjson-1.2.50-SNAPSHOT.jar:/var/benchmarks/projects/./fastjson/target/dependency/deeptestutils-1.1.0.jar:/var/benchmarks/projects/fastjson/target/dependency/commons-beanutils-1.8.0.jar:/var/benchmarks/projects/fastjson/target/dependency/woodstox-core-asl-4.4.1.jar:/var/benchmarks/projects/fastjson/target/dependency/spring-aop-4.3.7.RELEASE.jar:/var/benchmarks/projects/fastjson/target/dependency/hibernate-core-5.2.10.Final.jar:/var/benchmarks/projects/fastjson/target/dependency/jackson-module-kotlin-2.9.0.jar:/var/benchmarks/projects/fastjson/target/dependency/spring-data-commons-1.13.6.RELEASE.jar:/var/benchmarks/projects/fastjson/target/dependency/javax.annotation-api-1.2.jar:/var/benchmarks/projects/fastjson/target/dependency/gson-2.6.2.jar:/var/benchmarks/projects/fastjson/target/dependency/jetty-continuation-8.1.8.v20121106.jar:/var/benchmarks/projects/fastjson/target/dependency/objenesis-2.5.1.jar:/var/benchmarks/projects/fastjson/target/dependency/powermock-reflect-1.6.6.jar:/var/benchmarks/projects/fastjson/target/dependency/springfox-spring-web-2.6.1.jar:/var/benchmarks/projects/fastjson/target/dependency/javaslang-2.0.6.jar:/var/benchmarks/projects/fastjson/target/dependency/guava-18.0.jar:/var/benchmarks/projects/fastjson/target/dependency/mockito-core-1.10.19.jar:/var/benchmarks/projects/fastjson/target/dependency/json-lib-2.4-jdk15.jar:/var/benchmarks/projects/fastjson/target/dependency/jetty-xml-8.1.8.v20121106.jar:/var/benchmarks/projects/fastjson/target/dependency/xmlschema-core-2.2.1.jar:/var/benchmarks/projects/fastjson/target/dependency/powermock-api-support-1.6.6.jar:/var/benchmarks/projects/fastjson/target/dependency/commons-collections4-4.1.jar:/var/benchmarks/projects/fastjson/target/dependency/cglib-nodep-2.2.2.jar:/var/benchmarks/projects/fastjson/target/dependency/asm-debug-all-5.0.4.jar:/var/benchmarks/projects/fastjson/target/dependency/spring-plugin-core-1.2.0.RELEASE.jar:/var/benchmarks/projects/fastjson/target/dependency/cxf-rt-rs-client-3.1.2.jar:/var/benchmarks/projects/fastjson/target/dependency/jetty-io-8.1.8.v20121106.jar:/var/benchmarks/projects/fastjson/target/dependency/commons-lang3-3.4.jar:/var/benchmarks/projects/fastjson/target/dependency/stax2-api-3.1.4.jar:/var/benchmarks/projects/fastjson/target/dependency/jackson-annotations-2.9.0.jar:/var/benchmarks/projects/fastjson/target/dependency/jetty-server-8.1.8.v20121106.jar:/var/benchmarks/projects/fastjson/target/dependency/json-simple-1.1.1.jar:/var/benchmarks/projects/fastjson/target/dependency/asm-tree-4.0.jar:/var/benchmarks/projects/fastjson/target/dependency/spring-data-commons-core-1.4.1.RELEASE.jar:/var/benchmarks/projects/fastjson/target/dependency/powermock-module-junit4-common-1.6.6.jar:/var/benchmarks/projects/fastjson/target/dependency/jcl-over-slf4j-1.7.25.jar:/var/benchmarks/projects/fastjson/target/dependency/javax.servlet-3.0.0.v201112011016.jar:/var/benchmarks/projects/fastjson/target/dependency/springfox-core-2.6.1.jar:/var/benchmarks/projects/fastjson/target/dependency/osgi-resource-locator-1.0.1.jar:/var/benchmarks/projects/fastjson/target/dependency/javassist-3.18.0-GA.jar:/var/benchmarks/projects/fastjson/target/dependency/kotlin-reflect-1.1.3-2.jar:/var/benchmarks/projects/fastjson/target/dependency/spring-context-support-4.3.10.RELEASE.jar:/var/benchmarks/projects/fastjson/target/dependency/spring-plugin-metadata-1.2.0.RELEASE.jar:/var/benchmarks/projects/fastjson/target/dependency/kotlin-stdlib-1.1.3-2.jar:/var/benchmarks/projects/fastjson/target/dependency/spring-data-keyvalue-1.2.6.RELEASE.jar:/var/benchmarks/projects/fastjson/target/dependency/jersey-container-servlet-core-2.23.2.jar:/var/benchmarks/projects/fastjson/target/dependency/asm-4.0.jar:/var/benchmarks/projects/fastjson/target/dependency/asm-commons-4.0.jar:/var/benchmarks/projects/fastjson/target/dependency/jersey-guava-2.23.2.jar:/var/benchmarks/projects/fastjson/target/dependency/aopalliance-1.0.jar:/var/benchmarks/projects/fastjson/target/dependency/groovy-2.1.5.jar:/var/benchmarks/projects/fastjson/target/dependency/hk2-api-2.5.0-b05.jar:/var/benchmarks/projects/fastjson/target/dependency/jetty-security-8.1.8.v20121106.jar:/var/benchmarks/projects/fastjson/target/dependency/jmh-core-1.21.jar:/var/benchmarks/projects/fastjson/target/dependency/jersey-container-servlet-2.23.2.jar:/var/benchmarks/projects/fastjson/target/dependency/dom4j-1.6.1.jar:/var/benchmarks/projects/fastjson/target/dependency/spring-core-4.3.7.RELEASE.jar:/var/benchmarks/projects/fastjson/target/dependency/spring-data-redis-1.8.6.RELEASE.jar:/var/benchmarks/projects/fastjson/target/dependency/jackson-core-asl-1.9.13.jar:/var/benchmarks/projects/fastjson/target/dependency/jackson-mapper-asl-1.9.13.jar:/var/benchmarks/projects/fastjson/target/dependency/hibernate-jpa-2.1-api-1.0.0.Final.jar:/var/benchmarks/projects/fastjson/target/dependency/junit-4.12.jar:/var/benchmarks/projects/fastjson/target/dependency/commons-io-1.4.jar:/var/benchmarks/projects/fastjson/target/dependency/jetty-util-8.1.8.v20121106.jar:/var/benchmarks/projects/fastjson/target/dependency/hamcrest-core-1.3.jar:/var/benchmarks/projects/fastjson/target/dependency/jmh-generator-annprocess-1.21.jar:/var/benchmarks/projects/fastjson/target/dependency/jackson-jaxrs-base-2.8.7.jar:/var/benchmarks/projects/fastjson/target/dependency/powermock-module-junit4-1.6.6.jar:/var/benchmarks/projects/fastjson/target/dependency/powermock-core-1.6.6.jar:/var/benchmarks/projects/fastjson/target/dependency/slf4j-api-1.7.25.jar:/var/benchmarks/projects/fastjson/target/dependency/antlr-2.7.7.jar:/var/benchmarks/projects/fastjson/target/dependency/mockito-all-1.10.19.jar:/var/benchmarks/projects/fastjson/target/dependency/jersey-container-jdk-http-2.23.2.jar:/var/benchmarks/projects/fastjson/target/dependency/javaslang-match-2.0.6.jar:/var/benchmarks/projects/fastjson/target/dependency/jersey-test-framework-provider-jdk-http-2.23.2.jar:/var/benchmarks/projects/fastjson/target/dependency/jersey-entity-filtering-2.23.2.jar:/var/benchmarks/projects/fastjson/target/dependency/jandex-2.0.3.Final.jar:/var/benchmarks/projects/fastjson/target/dependency/ezmorph-1.0.6.jar:/var/benchmarks/projects/fastjson/target/dependency/jackson-jaxrs-json-provider-2.8.7.jar:/var/benchmarks/projects/fastjson/target/dependency/cxf-rt-transports-http-3.1.2.jar:/var/benchmarks/projects/fastjson/target/dependency/spring-beans-4.3.7.RELEASE.jar:/var/benchmarks/projects/fastjson/target/dependency/jersey-server-2.23.2.jar:/var/benchmarks/projects/fastjson/target/dependency/powermock-api-mockito-1.6.6.jar:/var/benchmarks/projects/fastjson/target/dependency/jackson-module-jaxb-annotations-2.8.7.jar:/var/benchmarks/projects/fastjson/target/dependency/jopt-simple-4.6.jar:/var/benchmarks/projects/fastjson/target/dependency/asm-analysis-4.0.jar:/var/benchmarks/projects/fastjson/target/dependency/annotations-13.0.jar:/var/benchmarks/projects/fastjson/target/dependency/json-path-2.3.0.jar:/var/benchmarks/projects/fastjson/target/dependency/springfox-spi-2.6.1.jar:/var/benchmarks/projects/fastjson/target/dependency/spring-websocket-4.3.7.RELEASE.jar:/var/benchmarks/projects/fastjson/target/dependency/spring-messaging-4.3.7.RELEASE.jar:/var/benchmarks/projects/fastjson/target/dependency/jersey-client-2.23.2.jar:/var/benchmarks/projects/fastjson/target/dependency/javax.ws.rs-api-2.0.1.jar:/var/benchmarks/projects/fastjson/target/dependency/accessors-smart-1.1.jar:/var/benchmarks/projects/fastjson/target/dependency/hibernate-commons-annotations-5.0.1.Final.jar:/var/benchmarks/projects/fastjson/target/dependency/commons-logging-1.1.1.jar:/var/benchmarks/projects/fastjson/target/dependency/jackson-core-2.9.0.jar:/var/benchmarks/projects/fastjson/target/dependency/spring-expression-4.3.7.RELEASE.jar:/var/benchmarks/projects/fastjson/target/dependency/jersey-media-jaxb-2.23.2.jar:/var/benchmarks/projects/fastjson/target/dependency/okhttp-3.6.0.jar:/var/benchmarks/projects/fastjson/target/dependency/commons-math3-3.2.jar:/var/benchmarks/projects/fastjson/target/dependency/jetty-webapp-8.1.8.v20121106.jar:/var/benchmarks/projects/fastjson/target/dependency/javax.inject-2.5.0-b05.jar:/var/benchmarks/projects/fastjson/target/dependency/cxf-core-3.1.2.jar:/var/benchmarks/projects/fastjson/target/dependency/powermock-api-mockito-common-1.6.6.jar:/var/benchmarks/projects/fastjson/target/dependency/jetty-http-8.1.8.v20121106.jar:/var/benchmarks/projects/fastjson/target/dependency/spring-security-config-3.2.10.RELEASE.jar:/var/benchmarks/projects/fastjson/target/dependency/okio-1.11.0.jar:/var/benchmarks/projects/fastjson/target/dependency/javax.servlet-api-3.1.0.jar:/var/benchmarks/projects/fastjson/target/dependency/json-smart-2.2.1.jar:/var/benchmarks/projects/fastjson/target/dependency/spring-tx-4.3.10.RELEASE.jar:/var/benchmarks/projects/fastjson/target/dependency/jackson-module-afterburner-2.9.0.jar:/var/benchmarks/projects/fastjson/target/dependency/asm-util-4.0.jar:/var/benchmarks/projects/fastjson/target/dependency/spring-security-web-4.2.3.RELEASE.jar:/var/benchmarks/projects/fastjson/target/dependency/spring-webmvc-4.3.7.RELEASE.jar:/var/benchmarks/projects/fastjson/target/dependency/hk2-locator-2.5.0-b05.jar:/var/benchmarks/projects/fastjson/target/dependency/retrofit-2.1.0.jar:/var/benchmarks/projects/fastjson/target/dependency/clojure-1.5.1.jar:/var/benchmarks/projects/fastjson/target/dependency/spring-security-oauth2-2.3.3.RELEASE.jar:/var/benchmarks/projects/fastjson/target/dependency/spring-test-4.3.7.RELEASE.jar:/var/benchmarks/projects/fastjson/target/dependency/aopalliance-repackaged-2.5.0-b05.jar:/var/benchmarks/projects/fastjson/target/dependency/spring-oxm-4.3.10.RELEASE.jar:/var/benchmarks/projects/fastjson/target/dependency/spring-security-core-4.2.3.RELEASE.jar:/var/benchmarks/projects/fastjson/target/dependency/jboss-transaction-api_1.2_spec-1.0.1.Final.jar:/var/benchmarks/projects/fastjson/target/dependency/lombok-1.14.4.jar:/var/benchmarks/projects/fastjson/target/dependency/commons-collections-3.2.1.jar:/var/benchmarks/projects/fastjson/target/dependency/cxf-rt-frontend-jaxrs-3.1.2.jar:/var/benchmarks/projects/fastjson/target/dependency/spring-context-4.3.7.RELEASE.jar:/var/benchmarks/projects/fastjson/target/dependency/jersey-test-framework-core-2.23.2.jar:/var/benchmarks/projects/fastjson/target/dependency/classmate-1.3.1.jar:/var/benchmarks/projects/fastjson/target/dependency/hk2-utils-2.5.0-b05.jar:/var/benchmarks/projects/fastjson/target/dependency/jersey-common-2.23.2.jar:/var/benchmarks/projects/fastjson/target/dependency/jackson-databind-2.9.0.jar:/var/benchmarks/projects/fastjson/target/dependency/jersey-media-json-jackson-2.23.2.jar:/var/benchmarks/projects/fastjson/target/dependency/commons-lang-2.5.jar:/var/benchmarks/projects/fastjson/target/dependency/jetty-servlet-8.1.8.v20121106.jar:/var/benchmarks/projects/fastjson/target/dependency/validation-api-1.1.0.Final.jar:/var/benchmarks/projects/fastjson/target/dependency/spring-web-4.3.7.RELEASE.jar:/var/benchmarks/projects/fastjson/target/dependency/jsoniter-0.9.8.jar:/var/benchmarks/projects/fastjson/target/dependency/jboss-logging-3.3.0.Final.jar, outputDir=/home/utbot_mocks/temp/testcases, mocks=Other classes: Mockito
23:26:44.487 | INFO  | Started: warmup: kotlin reflection :: init
23:26:44.587 | INFO  | Finished (in 0.100 sec): warmup: kotlin reflection :: init 
[INIT]
>> [RUN] com.alibaba.fastjson.support.spring.FastJsonHttpMessageConverter 120
23:26:44.603 | DEBUG | -----------------------------------------------------------------------------
23:26:44.603 | INFO  | Contest.runGeneration: Time budget: 120000 ms, Generation timeout=102000 ms, classpath=/var/benchmarks/projects/fastjson/target/classes:/var/benchmarks/projects/fastjson/target/fastjson-1.2.50-SNAPSHOT.jar:/var/benchmarks/projects/./fastjson/target/dependency/deeptestutils-1.1.0.jar:/var/benchmarks/projects/fastjson/target/dependency/commons-beanutils-1.8.0.jar:/var/benchmarks/projects/fastjson/target/dependency/woodstox-core-asl-4.4.1.jar:/var/benchmarks/projects/fastjson/target/dependency/spring-aop-4.3.7.RELEASE.jar:/var/benchmarks/projects/fastjson/target/dependency/hibernate-core-5.2.10.Final.jar:/var/benchmarks/projects/fastjson/target/dependency/jackson-module-kotlin-2.9.0.jar:/var/benchmarks/projects/fastjson/target/dependency/spring-data-commons-1.13.6.RELEASE.jar:/var/benchmarks/projects/fastjson/target/dependency/javax.annotation-api-1.2.jar:/var/benchmarks/projects/fastjson/target/dependency/gson-2.6.2.jar:/var/benchmarks/projects/fastjson/target/dependency/jetty-continuation-8.1.8.v20121106.jar:/var/benchmarks/projects/fastjson/target/dependency/objenesis-2.5.1.jar:/var/benchmarks/projects/fastjson/target/dependency/powermock-reflect-1.6.6.jar:/var/benchmarks/projects/fastjson/target/dependency/springfox-spring-web-2.6.1.jar:/var/benchmarks/projects/fastjson/target/dependency/javaslang-2.0.6.jar:/var/benchmarks/projects/fastjson/target/dependency/guava-18.0.jar:/var/benchmarks/projects/fastjson/target/dependency/mockito-core-1.10.19.jar:/var/benchmarks/projects/fastjson/target/dependency/json-lib-2.4-jdk15.jar:/var/benchmarks/projects/fastjson/target/dependency/jetty-xml-8.1.8.v20121106.jar:/var/benchmarks/projects/fastjson/target/dependency/xmlschema-core-2.2.1.jar:/var/benchmarks/projects/fastjson/target/dependency/powermock-api-support-1.6.6.jar:/var/benchmarks/projects/fastjson/target/dependency/commons-collections4-4.1.jar:/var/benchmarks/projects/fastjson/target/dependency/cglib-nodep-2.2.2.jar:/var/benchmarks/projects/fastjson/target/dependency/asm-debug-all-5.0.4.jar:/var/benchmarks/projects/fastjson/target/dependency/spring-plugin-core-1.2.0.RELEASE.jar:/var/benchmarks/projects/fastjson/target/dependency/cxf-rt-rs-client-3.1.2.jar:/var/benchmarks/projects/fastjson/target/dependency/jetty-io-8.1.8.v20121106.jar:/var/benchmarks/projects/fastjson/target/dependency/commons-lang3-3.4.jar:/var/benchmarks/projects/fastjson/target/dependency/stax2-api-3.1.4.jar:/var/benchmarks/projects/fastjson/target/dependency/jackson-annotations-2.9.0.jar:/var/benchmarks/projects/fastjson/target/dependency/jetty-server-8.1.8.v20121106.jar:/var/benchmarks/projects/fastjson/target/dependency/json-simple-1.1.1.jar:/var/benchmarks/projects/fastjson/target/dependency/asm-tree-4.0.jar:/var/benchmarks/projects/fastjson/target/dependency/spring-data-commons-core-1.4.1.RELEASE.jar:/var/benchmarks/projects/fastjson/target/dependency/powermock-module-junit4-common-1.6.6.jar:/var/benchmarks/projects/fastjson/target/dependency/jcl-over-slf4j-1.7.25.jar:/var/benchmarks/projects/fastjson/target/dependency/javax.servlet-3.0.0.v201112011016.jar:/var/benchmarks/projects/fastjson/target/dependency/springfox-core-2.6.1.jar:/var/benchmarks/projects/fastjson/target/dependency/osgi-resource-locator-1.0.1.jar:/var/benchmarks/projects/fastjson/target/dependency/javassist-3.18.0-GA.jar:/var/benchmarks/projects/fastjson/target/dependency/kotlin-reflect-1.1.3-2.jar:/var/benchmarks/projects/fastjson/target/dependency/spring-context-support-4.3.10.RELEASE.jar:/var/benchmarks/projects/fastjson/target/dependency/spring-plugin-metadata-1.2.0.RELEASE.jar:/var/benchmarks/projects/fastjson/target/dependency/kotlin-stdlib-1.1.3-2.jar:/var/benchmarks/projects/fastjson/target/dependency/spring-data-keyvalue-1.2.6.RELEASE.jar:/var/benchmarks/projects/fastjson/target/dependency/jersey-container-servlet-core-2.23.2.jar:/var/benchmarks/projects/fastjson/target/dependency/asm-4.0.jar:/var/benchmarks/projects/fastjson/target/dependency/asm-commons-4.0.jar:/var/benchmarks/projects/fastjson/target/dependency/jersey-guava-2.23.2.jar:/var/benchmarks/projects/fastjson/target/dependency/aopalliance-1.0.jar:/var/benchmarks/projects/fastjson/target/dependency/groovy-2.1.5.jar:/var/benchmarks/projects/fastjson/target/dependency/hk2-api-2.5.0-b05.jar:/var/benchmarks/projects/fastjson/target/dependency/jetty-security-8.1.8.v20121106.jar:/var/benchmarks/projects/fastjson/target/dependency/jmh-core-1.21.jar:/var/benchmarks/projects/fastjson/target/dependency/jersey-container-servlet-2.23.2.jar:/var/benchmarks/projects/fastjson/target/dependency/dom4j-1.6.1.jar:/var/benchmarks/projects/fastjson/target/dependency/spring-core-4.3.7.RELEASE.jar:/var/benchmarks/projects/fastjson/target/dependency/spring-data-redis-1.8.6.RELEASE.jar:/var/benchmarks/projects/fastjson/target/dependency/jackson-core-asl-1.9.13.jar:/var/benchmarks/projects/fastjson/target/dependency/jackson-mapper-asl-1.9.13.jar:/var/benchmarks/projects/fastjson/target/dependency/hibernate-jpa-2.1-api-1.0.0.Final.jar:/var/benchmarks/projects/fastjson/target/dependency/junit-4.12.jar:/var/benchmarks/projects/fastjson/target/dependency/commons-io-1.4.jar:/var/benchmarks/projects/fastjson/target/dependency/jetty-util-8.1.8.v20121106.jar:/var/benchmarks/projects/fastjson/target/dependency/hamcrest-core-1.3.jar:/var/benchmarks/projects/fastjson/target/dependency/jmh-generator-annprocess-1.21.jar:/var/benchmarks/projects/fastjson/target/dependency/jackson-jaxrs-base-2.8.7.jar:/var/benchmarks/projects/fastjson/target/dependency/powermock-module-junit4-1.6.6.jar:/var/benchmarks/projects/fastjson/target/dependency/powermock-core-1.6.6.jar:/var/benchmarks/projects/fastjson/target/dependency/slf4j-api-1.7.25.jar:/var/benchmarks/projects/fastjson/target/dependency/antlr-2.7.7.jar:/var/benchmarks/projects/fastjson/target/dependency/mockito-all-1.10.19.jar:/var/benchmarks/projects/fastjson/target/dependency/jersey-container-jdk-http-2.23.2.jar:/var/benchmarks/projects/fastjson/target/dependency/javaslang-match-2.0.6.jar:/var/benchmarks/projects/fastjson/target/dependency/jersey-test-framework-provider-jdk-http-2.23.2.jar:/var/benchmarks/projects/fastjson/target/dependency/jersey-entity-filtering-2.23.2.jar:/var/benchmarks/projects/fastjson/target/dependency/jandex-2.0.3.Final.jar:/var/benchmarks/projects/fastjson/target/dependency/ezmorph-1.0.6.jar:/var/benchmarks/projects/fastjson/target/dependency/jackson-jaxrs-json-provider-2.8.7.jar:/var/benchmarks/projects/fastjson/target/dependency/cxf-rt-transports-http-3.1.2.jar:/var/benchmarks/projects/fastjson/target/dependency/spring-beans-4.3.7.RELEASE.jar:/var/benchmarks/projects/fastjson/target/dependency/jersey-server-2.23.2.jar:/var/benchmarks/projects/fastjson/target/dependency/powermock-api-mockito-1.6.6.jar:/var/benchmarks/projects/fastjson/target/dependency/jackson-module-jaxb-annotations-2.8.7.jar:/var/benchmarks/projects/fastjson/target/dependency/jopt-simple-4.6.jar:/var/benchmarks/projects/fastjson/target/dependency/asm-analysis-4.0.jar:/var/benchmarks/projects/fastjson/target/dependency/annotations-13.0.jar:/var/benchmarks/projects/fastjson/target/dependency/json-path-2.3.0.jar:/var/benchmarks/projects/fastjson/target/dependency/springfox-spi-2.6.1.jar:/var/benchmarks/projects/fastjson/target/dependency/spring-websocket-4.3.7.RELEASE.jar:/var/benchmarks/projects/fastjson/target/dependency/spring-messaging-4.3.7.RELEASE.jar:/var/benchmarks/projects/fastjson/target/dependency/jersey-client-2.23.2.jar:/var/benchmarks/projects/fastjson/target/dependency/javax.ws.rs-api-2.0.1.jar:/var/benchmarks/projects/fastjson/target/dependency/accessors-smart-1.1.jar:/var/benchmarks/projects/fastjson/target/dependency/hibernate-commons-annotations-5.0.1.Final.jar:/var/benchmarks/projects/fastjson/target/dependency/commons-logging-1.1.1.jar:/var/benchmarks/projects/fastjson/target/dependency/jackson-core-2.9.0.jar:/var/benchmarks/projects/fastjson/target/dependency/spring-expression-4.3.7.RELEASE.jar:/var/benchmarks/projects/fastjson/target/dependency/jersey-media-jaxb-2.23.2.jar:/var/benchmarks/projects/fastjson/target/dependency/okhttp-3.6.0.jar:/var/benchmarks/projects/fastjson/target/dependency/commons-math3-3.2.jar:/var/benchmarks/projects/fastjson/target/dependency/jetty-webapp-8.1.8.v20121106.jar:/var/benchmarks/projects/fastjson/target/dependency/javax.inject-2.5.0-b05.jar:/var/benchmarks/projects/fastjson/target/dependency/cxf-core-3.1.2.jar:/var/benchmarks/projects/fastjson/target/dependency/powermock-api-mockito-common-1.6.6.jar:/var/benchmarks/projects/fastjson/target/dependency/jetty-http-8.1.8.v20121106.jar:/var/benchmarks/projects/fastjson/target/dependency/spring-security-config-3.2.10.RELEASE.jar:/var/benchmarks/projects/fastjson/target/dependency/okio-1.11.0.jar:/var/benchmarks/projects/fastjson/target/dependency/javax.servlet-api-3.1.0.jar:/var/benchmarks/projects/fastjson/target/dependency/json-smart-2.2.1.jar:/var/benchmarks/projects/fastjson/target/dependency/spring-tx-4.3.10.RELEASE.jar:/var/benchmarks/projects/fastjson/target/dependency/jackson-module-afterburner-2.9.0.jar:/var/benchmarks/projects/fastjson/target/dependency/asm-util-4.0.jar:/var/benchmarks/projects/fastjson/target/dependency/spring-security-web-4.2.3.RELEASE.jar:/var/benchmarks/projects/fastjson/target/dependency/spring-webmvc-4.3.7.RELEASE.jar:/var/benchmarks/projects/fastjson/target/dependency/hk2-locator-2.5.0-b05.jar:/var/benchmarks/projects/fastjson/target/dependency/retrofit-2.1.0.jar:/var/benchmarks/projects/fastjson/target/dependency/clojure-1.5.1.jar:/var/benchmarks/projects/fastjson/target/dependency/spring-security-oauth2-2.3.3.RELEASE.jar:/var/benchmarks/projects/fastjson/target/dependency/spring-test-4.3.7.RELEASE.jar:/var/benchmarks/projects/fastjson/target/dependency/aopalliance-repackaged-2.5.0-b05.jar:/var/benchmarks/projects/fastjson/target/dependency/spring-oxm-4.3.10.RELEASE.jar:/var/benchmarks/projects/fastjson/target/dependency/spring-security-core-4.2.3.RELEASE.jar:/var/benchmarks/projects/fastjson/target/dependency/jboss-transaction-api_1.2_spec-1.0.1.Final.jar:/var/benchmarks/projects/fastjson/target/dependency/lombok-1.14.4.jar:/var/benchmarks/projects/fastjson/target/dependency/commons-collections-3.2.1.jar:/var/benchmarks/projects/fastjson/target/dependency/cxf-rt-frontend-jaxrs-3.1.2.jar:/var/benchmarks/projects/fastjson/target/dependency/spring-context-4.3.7.RELEASE.jar:/var/benchmarks/projects/fastjson/target/dependency/jersey-test-framework-core-2.23.2.jar:/var/benchmarks/projects/fastjson/target/dependency/classmate-1.3.1.jar:/var/benchmarks/projects/fastjson/target/dependency/hk2-utils-2.5.0-b05.jar:/var/benchmarks/projects/fastjson/target/dependency/jersey-common-2.23.2.jar:/var/benchmarks/projects/fastjson/target/dependency/jackson-databind-2.9.0.jar:/var/benchmarks/projects/fastjson/target/dependency/jersey-media-json-jackson-2.23.2.jar:/var/benchmarks/projects/fastjson/target/dependency/commons-lang-2.5.jar:/var/benchmarks/projects/fastjson/target/dependency/jetty-servlet-8.1.8.v20121106.jar:/var/benchmarks/projects/fastjson/target/dependency/validation-api-1.1.0.Final.jar:/var/benchmarks/projects/fastjson/target/dependency/spring-web-4.3.7.RELEASE.jar:/var/benchmarks/projects/fastjson/target/dependency/jsoniter-0.9.8.jar:/var/benchmarks/projects/fastjson/target/dependency/jboss-logging-3.3.0.Final.jar, methodNameFilter=null
23:26:44.608 | INFO  | ClassUnderTest[ FQN: com.alibaba.fastjson.support.spring.FastJsonHttpMessageConverter
    classfileDir: /var/benchmarks/projects/fastjson/target/classes
    testClassSimpleName: FastJsonHttpMessageConverterTest
    generatedTestFile: /home/utbot_mocks/temp/testcases/com/alibaba/fastjson/support/spring/FastJsonHttpMessageConverterTest.java
    generatedTestsSourcesDir: /home/utbot_mocks/temp/testcases
]
23:26:44.642 | INFO  | Started: class com.alibaba.fastjson.support.spring.FastJsonHttpMessageConverter
23:26:44.643 | INFO  | Started: preparation class class com.alibaba.fastjson.support.spring.FastJsonHttpMessageConverter: kotlin reflection :: run
23:26:44.803 | INFO  | Finished (in 0.160 sec): preparation class class com.alibaba.fastjson.support.spring.FastJsonHttpMessageConverter: kotlin reflection :: run 
23:26:44.805 | INFO  | Started: 2nd optional soot initialization
23:26:44.806 | INFO  | Finished (in 0.001 sec): 2nd optional soot initialization 
23:26:44.815 | DEBUG |  ... 
23:26:44.830 | INFO  | Started: method com.alibaba.fastjson.support.spring.FastJsonHttpMessageConverter.write(Object, Type, MediaType, HttpOutputMessage)
23:26:44.831 | INFO  |  -- Remaining time budget: 101790 ms, #remaining_methods: 26, budget for method: 3915 ms, solver timeout: 1000 ms, budget for symbolic execution: 2715 ms, budget for concrete execution: 1200 ms,  -- 
23:26:47.869 | INFO  | |> Starting concrete execution for remaining state: com.alibaba.fastjson.support.spring.FastJsonHttpMessageConverter.write(Object, Type, MediaType, HttpOutputMessage)
23:26:48.061 | DEBUG | --new testCase collected, to generate: testCom.alibaba.fastjson.support.spring.FastJsonHttpMessageConverter.write(Object, Type, MediaType, HttpOutputMessage)1
23:26:49.070 | INFO  | (X) Cancelling concrete execution: com.alibaba.fastjson.support.spring.FastJsonHttpMessageConverter.write(Object, Type, MediaType, HttpOutputMessage)
23:26:49.260 | INFO  | Finished (in 4.429 sec): method com.alibaba.fastjson.support.spring.FastJsonHttpMessageConverter.write(Object, Type, MediaType, HttpOutputMessage) 
<StatsForMethod> :
	#generatedTC=1
	WITH NO EXCEPTIONS
23:26:49.264 | DEBUG |  ... 
23:26:49.265 | INFO  | Started: method com.alibaba.fastjson.support.spring.FastJsonHttpMessageConverter.read(Type, Class, HttpInputMessage)
23:26:49.265 | INFO  |  -- Remaining time budget: 97343 ms, #remaining_methods: 25, budget for method: 3893 ms, solver timeout: 1000 ms, budget for symbolic execution: 2693 ms, budget for concrete execution: 1200 ms,  -- 
23:26:49.281 | ERROR | Symbolic execution FAILED
com.huawei.utbot.instrumentation.util.ChildProcessError: Error in the child process |> java.lang.IllegalAccessException: java.lang.Class
	at sun.misc.Unsafe.allocateInstance(Native Method)
	at com.huawei.utbot.framework.util.EngineUtilsKt.getAnyInstance(EngineUtils.kt:61)
	at com.huawei.utbot.framework.concrete.MockValueConstructor.constructObject(MockValueConstructor.kt:158)
	at com.huawei.utbot.framework.concrete.MockValueConstructor.construct(MockValueConstructor.kt:124)
	at com.huawei.utbot.framework.concrete.MockValueConstructor.constructMethodParameters(MockValueConstructor.kt:101)
	at com.huawei.utbot.framework.concrete.UtExecutionInstrumentation.invoke(UtExecutionInstrumentation.kt:126)
	at com.huawei.utbot.framework.concrete.UtExecutionInstrumentation.invoke(UtExecutionInstrumentation.kt:96)
	at com.huawei.utbot.instrumentation.process.ChildProcessKt.loop(ChildProcess.kt:114)
	at com.huawei.utbot.instrumentation.process.ChildProcessKt.main(ChildProcess.kt:76)
	at com.huawei.utbot.instrumentation.process.ChildProcessKt.main(ChildProcess.kt)

	at com.huawei.utbot.instrumentation.ConcreteExecutor.executeAsync(ConcreteExecutor.kt:391) ~[utbot-junit-contest-1.0.jar:?]
	at com.huawei.utbot.instrumentation.ConcreteExecutor$executeAsync$1.invokeSuspend(ConcreteExecutor.kt) ~[utbot-junit-contest-1.0.jar:?]
	at kotlin.coroutines.jvm.internal.BaseContinuationImpl.resumeWith(ContinuationImpl.kt:33) [utbot-junit-contest-1.0.jar:?]
	at kotlinx.coroutines.DispatchedTask.run(DispatchedTask.kt:106) [utbot-junit-contest-1.0.jar:?]
	at java.util.concurrent.Executors$RunnableAdapter.call(Executors.java:511) [?:1.8.0_312]
	at java.util.concurrent.FutureTask.run(FutureTask.java:266) [?:1.8.0_312]
	at java.util.concurrent.ScheduledThreadPoolExecutor$ScheduledFutureTask.access$201(ScheduledThreadPoolExecutor.java:180) [?:1.8.0_312]
	at java.util.concurrent.ScheduledThreadPoolExecutor$ScheduledFutureTask.run(ScheduledThreadPoolExecutor.java:293) [?:1.8.0_312]
	at java.util.concurrent.ThreadPoolExecutor.runWorker(ThreadPoolExecutor.java:1149) [?:1.8.0_312]
	at java.util.concurrent.ThreadPoolExecutor$Worker.run(ThreadPoolExecutor.java:624) [?:1.8.0_312]
	at java.lang.Thread.run(Thread.java:748) [?:1.8.0_312]
23:26:51.224 | DEBUG | --new testCase collected, to generate: testCom.alibaba.fastjson.support.spring.FastJsonHttpMessageConverter.read(Type, Class, HttpInputMessage)1
23:26:51.958 | INFO  | |> Starting concrete execution for remaining state: com.alibaba.fastjson.support.spring.FastJsonHttpMessageConverter.read(Type, Class, HttpInputMessage)
23:26:51.965 | DEBUG | --new testCase collected, to generate: testCom.alibaba.fastjson.support.spring.FastJsonHttpMessageConverter.read(Type, Class, HttpInputMessage)2
23:26:52.190 | DEBUG | --new testCase collected, to generate: testCom.alibaba.fastjson.support.spring.FastJsonHttpMessageConverter.read(Type, Class, HttpInputMessage)3
23:26:52.269 | DEBUG | --new testCase collected, to generate: testCom.alibaba.fastjson.support.spring.FastJsonHttpMessageConverter.read(Type, Class, HttpInputMessage)4
23:26:53.159 | INFO  | (X) Cancelling concrete execution: com.alibaba.fastjson.support.spring.FastJsonHttpMessageConverter.read(Type, Class, HttpInputMessage)
23:26:53.265 | INFO  | Finished (in 4.000 sec): method com.alibaba.fastjson.support.spring.FastJsonHttpMessageConverter.read(Type, Class, HttpInputMessage) 
<StatsForMethod> :
	#generatedTC=4
	FAILED 1 time(s) with 1 different exception(s)"
23:26:53.379 | DEBUG |  ... 
23:26:53.380 | INFO  | Started: method com.alibaba.fastjson.support.spring.FastJsonHttpMessageConverter.canRead(Type, Class, MediaType)
23:26:53.381 | INFO  |  -- Remaining time budget: 93227 ms, #remaining_methods: 24, budget for method: 3884 ms, solver timeout: 1000 ms, budget for symbolic execution: 2684 ms, budget for concrete execution: 1200 ms,  -- 
23:26:53.390 | ERROR | Symbolic execution FAILED
com.huawei.utbot.instrumentation.util.ChildProcessError: Error in the child process |> java.lang.IllegalAccessException: java.lang.Class
	at sun.misc.Unsafe.allocateInstance(Native Method)
	at com.huawei.utbot.framework.util.EngineUtilsKt.getAnyInstance(EngineUtils.kt:61)
	at com.huawei.utbot.framework.concrete.MockValueConstructor.constructObject(MockValueConstructor.kt:158)
	at com.huawei.utbot.framework.concrete.MockValueConstructor.construct(MockValueConstructor.kt:124)
	at com.huawei.utbot.framework.concrete.MockValueConstructor.constructMethodParameters(MockValueConstructor.kt:101)
	at com.huawei.utbot.framework.concrete.UtExecutionInstrumentation.invoke(UtExecutionInstrumentation.kt:126)
	at com.huawei.utbot.framework.concrete.UtExecutionInstrumentation.invoke(UtExecutionInstrumentation.kt:96)
	at com.huawei.utbot.instrumentation.process.ChildProcessKt.loop(ChildProcess.kt:114)
	at com.huawei.utbot.instrumentation.process.ChildProcessKt.main(ChildProcess.kt:76)
	at com.huawei.utbot.instrumentation.process.ChildProcessKt.main(ChildProcess.kt)

	at com.huawei.utbot.instrumentation.ConcreteExecutor.executeAsync(ConcreteExecutor.kt:391) ~[utbot-junit-contest-1.0.jar:?]
	at com.huawei.utbot.instrumentation.ConcreteExecutor$executeAsync$1.invokeSuspend(ConcreteExecutor.kt) ~[utbot-junit-contest-1.0.jar:?]
	at kotlin.coroutines.jvm.internal.BaseContinuationImpl.resumeWith(ContinuationImpl.kt:33) [utbot-junit-contest-1.0.jar:?]
	at kotlinx.coroutines.DispatchedTask.run(DispatchedTask.kt:106) [utbot-junit-contest-1.0.jar:?]
	at java.util.concurrent.Executors$RunnableAdapter.call(Executors.java:511) [?:1.8.0_312]
	at java.util.concurrent.FutureTask.run(FutureTask.java:266) [?:1.8.0_312]
	at java.util.concurrent.ScheduledThreadPoolExecutor$ScheduledFutureTask.access$201(ScheduledThreadPoolExecutor.java:180) [?:1.8.0_312]
	at java.util.concurrent.ScheduledThreadPoolExecutor$ScheduledFutureTask.run(ScheduledThreadPoolExecutor.java:293) [?:1.8.0_312]
	at java.util.concurrent.ThreadPoolExecutor.runWorker(ThreadPoolExecutor.java:1149) [?:1.8.0_312]
	at java.util.concurrent.ThreadPoolExecutor$Worker.run(ThreadPoolExecutor.java:624) [?:1.8.0_312]
	at java.lang.Thread.run(Thread.java:748) [?:1.8.0_312]
23:26:54.088 | DEBUG | --new testCase collected, to generate: testCom.alibaba.fastjson.support.spring.FastJsonHttpMessageConverter.canRead(Type, Class, MediaType)1
23:26:54.935 | DEBUG | --new testCase collected, to generate: testCom.alibaba.fastjson.support.spring.FastJsonHttpMessageConverter.canRead(Type, Class, MediaType)2
23:26:55.186 | INFO  | Finished (in 1.805 sec): method com.alibaba.fastjson.support.spring.FastJsonHttpMessageConverter.canRead(Type, Class, MediaType) 
<StatsForMethod> :
	#generatedTC=2
	FAILED 1 time(s) with 1 different exception(s)"
23:26:55.275 | DEBUG |  ... 
23:26:55.276 | INFO  | Started: method com.alibaba.fastjson.support.spring.FastJsonHttpMessageConverter.canWrite(Type, Class, MediaType)
23:26:55.276 | INFO  |  -- Remaining time budget: 91332 ms, #remaining_methods: 23, budget for method: 3970 ms, solver timeout: 1000 ms, budget for symbolic execution: 2770 ms, budget for concrete execution: 1200 ms,  -- 
23:26:55.286 | ERROR | Symbolic execution FAILED
com.huawei.utbot.instrumentation.util.ChildProcessError: Error in the child process |> java.lang.IllegalAccessException: java.lang.Class
	at sun.misc.Unsafe.allocateInstance(Native Method)
	at com.huawei.utbot.framework.util.EngineUtilsKt.getAnyInstance(EngineUtils.kt:61)
	at com.huawei.utbot.framework.concrete.MockValueConstructor.constructObject(MockValueConstructor.kt:158)
	at com.huawei.utbot.framework.concrete.MockValueConstructor.construct(MockValueConstructor.kt:124)
	at com.huawei.utbot.framework.concrete.MockValueConstructor.constructMethodParameters(MockValueConstructor.kt:101)
	at com.huawei.utbot.framework.concrete.UtExecutionInstrumentation.invoke(UtExecutionInstrumentation.kt:126)
	at com.huawei.utbot.framework.concrete.UtExecutionInstrumentation.invoke(UtExecutionInstrumentation.kt:96)
	at com.huawei.utbot.instrumentation.process.ChildProcessKt.loop(ChildProcess.kt:114)
	at com.huawei.utbot.instrumentation.process.ChildProcessKt.main(ChildProcess.kt:76)
	at com.huawei.utbot.instrumentation.process.ChildProcessKt.main(ChildProcess.kt)

	at com.huawei.utbot.instrumentation.ConcreteExecutor.executeAsync(ConcreteExecutor.kt:391) ~[utbot-junit-contest-1.0.jar:?]
	at com.huawei.utbot.instrumentation.ConcreteExecutor$executeAsync$1.invokeSuspend(ConcreteExecutor.kt) ~[utbot-junit-contest-1.0.jar:?]
	at kotlin.coroutines.jvm.internal.BaseContinuationImpl.resumeWith(ContinuationImpl.kt:33) [utbot-junit-contest-1.0.jar:?]
	at kotlinx.coroutines.DispatchedTask.run(DispatchedTask.kt:106) [utbot-junit-contest-1.0.jar:?]
	at java.util.concurrent.Executors$RunnableAdapter.call(Executors.java:511) [?:1.8.0_312]
	at java.util.concurrent.FutureTask.run(FutureTask.java:266) [?:1.8.0_312]
	at java.util.concurrent.ScheduledThreadPoolExecutor$ScheduledFutureTask.access$201(ScheduledThreadPoolExecutor.java:180) [?:1.8.0_312]
	at java.util.concurrent.ScheduledThreadPoolExecutor$ScheduledFutureTask.run(ScheduledThreadPoolExecutor.java:293) [?:1.8.0_312]
	at java.util.concurrent.ThreadPoolExecutor.runWorker(ThreadPoolExecutor.java:1149) [?:1.8.0_312]
	at java.util.concurrent.ThreadPoolExecutor$Worker.run(ThreadPoolExecutor.java:624) [?:1.8.0_312]
	at java.lang.Thread.run(Thread.java:748) [?:1.8.0_312]
23:26:55.571 | DEBUG | --new testCase collected, to generate: testCom.alibaba.fastjson.support.spring.FastJsonHttpMessageConverter.canWrite(Type, Class, MediaType)1
23:26:55.613 | INFO  | Finished (in 0.337 sec): method com.alibaba.fastjson.support.spring.FastJsonHttpMessageConverter.canWrite(Type, Class, MediaType) 
<StatsForMethod> :
	#generatedTC=1
	FAILED 1 time(s) with 1 different exception(s)"
23:26:55.627 | DEBUG |  ... 
23:26:55.627 | INFO  | Started: method com.alibaba.fastjson.support.spring.FastJsonHttpMessageConverter.readInternal(Class, HttpInputMessage)
23:26:55.628 | INFO  |  -- Remaining time budget: 90980 ms, #remaining_methods: 22, budget for method: 4135 ms, solver timeout: 1000 ms, budget for symbolic execution: 2935 ms, budget for concrete execution: 1200 ms,  -- 
23:26:55.639 | ERROR | Symbolic execution FAILED
com.huawei.utbot.instrumentation.util.ChildProcessError: Error in the child process |> java.lang.IllegalAccessException: java.lang.Class
	at sun.misc.Unsafe.allocateInstance(Native Method)
	at com.huawei.utbot.framework.util.EngineUtilsKt.getAnyInstance(EngineUtils.kt:61)
	at com.huawei.utbot.framework.concrete.MockValueConstructor.constructObject(MockValueConstructor.kt:158)
	at com.huawei.utbot.framework.concrete.MockValueConstructor.construct(MockValueConstructor.kt:124)
	at com.huawei.utbot.framework.concrete.MockValueConstructor.constructMethodParameters(MockValueConstructor.kt:101)
	at com.huawei.utbot.framework.concrete.UtExecutionInstrumentation.invoke(UtExecutionInstrumentation.kt:126)
	at com.huawei.utbot.framework.concrete.UtExecutionInstrumentation.invoke(UtExecutionInstrumentation.kt:96)
	at com.huawei.utbot.instrumentation.process.ChildProcessKt.loop(ChildProcess.kt:114)
	at com.huawei.utbot.instrumentation.process.ChildProcessKt.main(ChildProcess.kt:76)
	at com.huawei.utbot.instrumentation.process.ChildProcessKt.main(ChildProcess.kt)

	at com.huawei.utbot.instrumentation.ConcreteExecutor.executeAsync(ConcreteExecutor.kt:391) ~[utbot-junit-contest-1.0.jar:?]
	at com.huawei.utbot.instrumentation.ConcreteExecutor$executeAsync$1.invokeSuspend(ConcreteExecutor.kt) ~[utbot-junit-contest-1.0.jar:?]
	at kotlin.coroutines.jvm.internal.BaseContinuationImpl.resumeWith(ContinuationImpl.kt:33) [utbot-junit-contest-1.0.jar:?]
	at kotlinx.coroutines.DispatchedTask.run(DispatchedTask.kt:106) [utbot-junit-contest-1.0.jar:?]
	at java.util.concurrent.Executors$RunnableAdapter.call(Executors.java:511) [?:1.8.0_312]
	at java.util.concurrent.FutureTask.run(FutureTask.java:266) [?:1.8.0_312]
	at java.util.concurrent.ScheduledThreadPoolExecutor$ScheduledFutureTask.access$201(ScheduledThreadPoolExecutor.java:180) [?:1.8.0_312]
	at java.util.concurrent.ScheduledThreadPoolExecutor$ScheduledFutureTask.run(ScheduledThreadPoolExecutor.java:293) [?:1.8.0_312]
	at java.util.concurrent.ThreadPoolExecutor.runWorker(ThreadPoolExecutor.java:1149) [?:1.8.0_312]
	at java.util.concurrent.ThreadPoolExecutor$Worker.run(ThreadPoolExecutor.java:624) [?:1.8.0_312]
	at java.lang.Thread.run(Thread.java:748) [?:1.8.0_312]
23:26:56.368 | DEBUG | --new testCase collected, to generate: testCom.alibaba.fastjson.support.spring.FastJsonHttpMessageConverter.readInternal(Class, HttpInputMessage)1
23:26:56.417 | DEBUG | --new testCase collected, to generate: testCom.alibaba.fastjson.support.spring.FastJsonHttpMessageConverter.readInternal(Class, HttpInputMessage)2
23:26:56.900 | DEBUG | --new testCase collected, to generate: testCom.alibaba.fastjson.support.spring.FastJsonHttpMessageConverter.readInternal(Class, HttpInputMessage)3
23:26:56.937 | DEBUG | --new testCase collected, to generate: testCom.alibaba.fastjson.support.spring.FastJsonHttpMessageConverter.readInternal(Class, HttpInputMessage)4
23:26:56.940 | INFO  | Finished (in 1.312 sec): method com.alibaba.fastjson.support.spring.FastJsonHttpMessageConverter.readInternal(Class, HttpInputMessage) 
<StatsForMethod> :
	#generatedTC=4
	FAILED 1 time(s) with 1 different exception(s)"
23:26:56.987 | DEBUG |  ... 
23:26:56.989 | INFO  | Started: method com.alibaba.fastjson.support.spring.FastJsonHttpMessageConverter.writeInternal(Object, HttpOutputMessage)
23:26:56.990 | INFO  |  -- Remaining time budget: 89618 ms, #remaining_methods: 21, budget for method: 4267 ms, solver timeout: 1000 ms, budget for symbolic execution: 3067 ms, budget for concrete execution: 1200 ms,  -- 
23:26:57.987 | DEBUG | --new testCase collected, to generate: testCom.alibaba.fastjson.support.spring.FastJsonHttpMessageConverter.writeInternal(Object, HttpOutputMessage)1
23:26:59.123 | DEBUG | --new testCase collected, to generate: testCom.alibaba.fastjson.support.spring.FastJsonHttpMessageConverter.writeInternal(Object, HttpOutputMessage)2
23:27:00.057 | INFO  | |> Starting concrete execution for remaining state: com.alibaba.fastjson.support.spring.FastJsonHttpMessageConverter.writeInternal(Object, HttpOutputMessage)
23:27:00.998 | DEBUG | --new testCase collected, to generate: testCom.alibaba.fastjson.support.spring.FastJsonHttpMessageConverter.writeInternal(Object, HttpOutputMessage)3
23:27:01.257 | INFO  | (X) Cancelling concrete execution: com.alibaba.fastjson.support.spring.FastJsonHttpMessageConverter.writeInternal(Object, HttpOutputMessage)
23:27:01.403 | INFO  | Finished (in 4.414 sec): method com.alibaba.fastjson.support.spring.FastJsonHttpMessageConverter.writeInternal(Object, HttpOutputMessage) 
<StatsForMethod> :
	#generatedTC=3
	WITH NO EXCEPTIONS
23:27:01.496 | DEBUG |  ... 
23:27:01.497 | INFO  | Started: method com.alibaba.fastjson.support.spring.FastJsonHttpMessageConverter.supports(Class)
23:27:01.497 | INFO  |  -- Remaining time budget: 85111 ms, #remaining_methods: 20, budget for method: 4255 ms, solver timeout: 1000 ms, budget for symbolic execution: 3055 ms, budget for concrete execution: 1200 ms,  -- 
23:27:01.503 | ERROR | Symbolic execution FAILED
com.huawei.utbot.instrumentation.util.ChildProcessError: Error in the child process |> java.lang.IllegalAccessException: java.lang.Class
	at sun.misc.Unsafe.allocateInstance(Native Method)
	at com.huawei.utbot.framework.util.EngineUtilsKt.getAnyInstance(EngineUtils.kt:61)
	at com.huawei.utbot.framework.concrete.MockValueConstructor.constructObject(MockValueConstructor.kt:158)
	at com.huawei.utbot.framework.concrete.MockValueConstructor.construct(MockValueConstructor.kt:124)
	at com.huawei.utbot.framework.concrete.MockValueConstructor.constructMethodParameters(MockValueConstructor.kt:101)
	at com.huawei.utbot.framework.concrete.UtExecutionInstrumentation.invoke(UtExecutionInstrumentation.kt:126)
	at com.huawei.utbot.framework.concrete.UtExecutionInstrumentation.invoke(UtExecutionInstrumentation.kt:96)
	at com.huawei.utbot.instrumentation.process.ChildProcessKt.loop(ChildProcess.kt:114)
	at com.huawei.utbot.instrumentation.process.ChildProcessKt.main(ChildProcess.kt:76)
	at com.huawei.utbot.instrumentation.process.ChildProcessKt.main(ChildProcess.kt)

	at com.huawei.utbot.instrumentation.ConcreteExecutor.executeAsync(ConcreteExecutor.kt:391) ~[utbot-junit-contest-1.0.jar:?]
	at com.huawei.utbot.instrumentation.ConcreteExecutor$executeAsync$1.invokeSuspend(ConcreteExecutor.kt) ~[utbot-junit-contest-1.0.jar:?]
	at kotlin.coroutines.jvm.internal.BaseContinuationImpl.resumeWith(ContinuationImpl.kt:33) [utbot-junit-contest-1.0.jar:?]
	at kotlinx.coroutines.DispatchedTask.run(DispatchedTask.kt:106) [utbot-junit-contest-1.0.jar:?]
	at java.util.concurrent.Executors$RunnableAdapter.call(Executors.java:511) [?:1.8.0_312]
	at java.util.concurrent.FutureTask.run(FutureTask.java:266) [?:1.8.0_312]
	at java.util.concurrent.ScheduledThreadPoolExecutor$ScheduledFutureTask.access$201(ScheduledThreadPoolExecutor.java:180) [?:1.8.0_312]
	at java.util.concurrent.ScheduledThreadPoolExecutor$ScheduledFutureTask.run(ScheduledThreadPoolExecutor.java:293) [?:1.8.0_312]
	at java.util.concurrent.ThreadPoolExecutor.runWorker(ThreadPoolExecutor.java:1149) [?:1.8.0_312]
	at java.util.concurrent.ThreadPoolExecutor$Worker.run(ThreadPoolExecutor.java:624) [?:1.8.0_312]
	at java.lang.Thread.run(Thread.java:748) [?:1.8.0_312]
23:27:01.607 | DEBUG | --new testCase collected, to generate: testCom.alibaba.fastjson.support.spring.FastJsonHttpMessageConverter.supports(Class)1
23:27:01.608 | INFO  | Finished (in 0.111 sec): method com.alibaba.fastjson.support.spring.FastJsonHttpMessageConverter.supports(Class) 
<StatsForMethod> :
	#generatedTC=1
	FAILED 1 time(s) with 1 different exception(s)"
23:27:01.609 | DEBUG |  ... 
23:27:01.609 | INFO  | Started: method com.alibaba.fastjson.support.spring.FastJsonHttpMessageConverter.setFeatures(SerializerFeature[])
23:27:01.609 | INFO  |  -- Remaining time budget: 84998 ms, #remaining_methods: 19, budget for method: 4473 ms, solver timeout: 1000 ms, budget for symbolic execution: 3273 ms, budget for concrete execution: 1200 ms,  -- 
23:27:02.282 | DEBUG | --new testCase collected, to generate: testCom.alibaba.fastjson.support.spring.FastJsonHttpMessageConverter.setFeatures(SerializerFeature[])1
23:27:02.319 | DEBUG | --new testCase collected, to generate: testCom.alibaba.fastjson.support.spring.FastJsonHttpMessageConverter.setFeatures(SerializerFeature[])2
23:27:02.341 | DEBUG | --new testCase collected, to generate: testCom.alibaba.fastjson.support.spring.FastJsonHttpMessageConverter.setFeatures(SerializerFeature[])3
23:27:02.341 | INFO  | Finished (in 0.732 sec): method com.alibaba.fastjson.support.spring.FastJsonHttpMessageConverter.setFeatures(SerializerFeature[]) 
<StatsForMethod> :
	#generatedTC=3
	WITH NO EXCEPTIONS
23:27:02.342 | DEBUG |  ... 
23:27:02.342 | INFO  | Started: method com.alibaba.fastjson.support.spring.FastJsonHttpMessageConverter.getCharset()
23:27:02.343 | INFO  |  -- Remaining time budget: 84265 ms, #remaining_methods: 18, budget for method: 4681 ms, solver timeout: 1000 ms, budget for symbolic execution: 3481 ms, budget for concrete execution: 1200 ms,  -- 
23:27:03.008 | DEBUG | --new testCase collected, to generate: testCom.alibaba.fastjson.support.spring.FastJsonHttpMessageConverter.getCharset()1
23:27:03.035 | DEBUG | --new testCase collected, to generate: testCom.alibaba.fastjson.support.spring.FastJsonHttpMessageConverter.getCharset()2
23:27:03.056 | DEBUG | --new testCase collected, to generate: testCom.alibaba.fastjson.support.spring.FastJsonHttpMessageConverter.getCharset()3
23:27:03.057 | INFO  | Finished (in 0.714 sec): method com.alibaba.fastjson.support.spring.FastJsonHttpMessageConverter.getCharset() 
<StatsForMethod> :
	#generatedTC=3
	WITH NO EXCEPTIONS
23:27:03.058 | DEBUG |  ... 
23:27:03.058 | INFO  | Started: method com.alibaba.fastjson.support.spring.FastJsonHttpMessageConverter.getFastJsonConfig()
23:27:03.058 | INFO  |  -- Remaining time budget: 83549 ms, #remaining_methods: 17, budget for method: 4914 ms, solver timeout: 1000 ms, budget for symbolic execution: 3714 ms, budget for concrete execution: 1200 ms,  -- 
23:27:03.625 | DEBUG | --new testCase collected, to generate: testCom.alibaba.fastjson.support.spring.FastJsonHttpMessageConverter.getFastJsonConfig()1
23:27:03.652 | DEBUG | --new testCase collected, to generate: testCom.alibaba.fastjson.support.spring.FastJsonHttpMessageConverter.getFastJsonConfig()2
23:27:03.652 | INFO  | Finished (in 0.594 sec): method com.alibaba.fastjson.support.spring.FastJsonHttpMessageConverter.getFastJsonConfig() 
<StatsForMethod> :
	#generatedTC=2
	WITH NO EXCEPTIONS
23:27:03.653 | DEBUG |  ... 
23:27:03.654 | INFO  | Started: method com.alibaba.fastjson.support.spring.FastJsonHttpMessageConverter.addSerializeFilter(SerializeFilter)
23:27:03.654 | INFO  |  -- Remaining time budget: 82954 ms, #remaining_methods: 16, budget for method: 5184 ms, solver timeout: 1000 ms, budget for symbolic execution: 3984 ms, budget for concrete execution: 1200 ms,  -- 
23:27:04.037 | DEBUG | --new testCase collected, to generate: testCom.alibaba.fastjson.support.spring.FastJsonHttpMessageConverter.addSerializeFilter(SerializeFilter)1
23:27:04.079 | DEBUG | --new testCase collected, to generate: testCom.alibaba.fastjson.support.spring.FastJsonHttpMessageConverter.addSerializeFilter(SerializeFilter)2
23:27:04.088 | DEBUG | --new testCase collected, to generate: testCom.alibaba.fastjson.support.spring.FastJsonHttpMessageConverter.addSerializeFilter(SerializeFilter)3
23:27:04.110 | DEBUG | --new testCase collected, to generate: testCom.alibaba.fastjson.support.spring.FastJsonHttpMessageConverter.addSerializeFilter(SerializeFilter)4
23:27:04.822 | DEBUG | --new testCase collected, to generate: testCom.alibaba.fastjson.support.spring.FastJsonHttpMessageConverter.addSerializeFilter(SerializeFilter)5
23:27:04.974 | DEBUG | --new testCase collected, to generate: testCom.alibaba.fastjson.support.spring.FastJsonHttpMessageConverter.addSerializeFilter(SerializeFilter)6
23:27:05.185 | DEBUG | --new testCase collected, to generate: testCom.alibaba.fastjson.support.spring.FastJsonHttpMessageConverter.addSerializeFilter(SerializeFilter)7
23:27:05.185 | INFO  | Finished (in 1.531 sec): method com.alibaba.fastjson.support.spring.FastJsonHttpMessageConverter.addSerializeFilter(SerializeFilter) 
<StatsForMethod> :
	#generatedTC=7
	WITH NO EXCEPTIONS
23:27:05.203 | DEBUG |  ... 
23:27:05.203 | INFO  | Started: method com.alibaba.fastjson.support.spring.FastJsonHttpMessageConverter.setFastJsonConfig(FastJsonConfig)
23:27:05.204 | INFO  |  -- Remaining time budget: 81404 ms, #remaining_methods: 15, budget for method: 5426 ms, solver timeout: 1000 ms, budget for symbolic execution: 4226 ms, budget for concrete execution: 1200 ms,  -- 
23:27:05.559 | DEBUG | --new testCase collected, to generate: testCom.alibaba.fastjson.support.spring.FastJsonHttpMessageConverter.setFastJsonConfig(FastJsonConfig)1
23:27:05.587 | DEBUG | --new testCase collected, to generate: testCom.alibaba.fastjson.support.spring.FastJsonHttpMessageConverter.setFastJsonConfig(FastJsonConfig)2
23:27:05.588 | INFO  | Finished (in 0.384 sec): method com.alibaba.fastjson.support.spring.FastJsonHttpMessageConverter.setFastJsonConfig(FastJsonConfig) 
<StatsForMethod> :
	#generatedTC=2
	WITH NO EXCEPTIONS
23:27:05.589 | DEBUG |  ... 
23:27:05.589 | INFO  | Started: method com.alibaba.fastjson.support.spring.FastJsonHttpMessageConverter.strangeCodeForJackson(Object)
23:27:05.589 | INFO  |  -- Remaining time budget: 81018 ms, #remaining_methods: 14, budget for method: 5787 ms, solver timeout: 1000 ms, budget for symbolic execution: 4587 ms, budget for concrete execution: 1200 ms,  -- 
23:27:05.928 | DEBUG | --new testCase collected, to generate: testCom.alibaba.fastjson.support.spring.FastJsonHttpMessageConverter.strangeCodeForJackson(Object)1
23:27:06.082 | DEBUG | --new testCase collected, to generate: testCom.alibaba.fastjson.support.spring.FastJsonHttpMessageConverter.strangeCodeForJackson(Object)2
23:27:06.608 | INFO  | Finished (in 1.019 sec): method com.alibaba.fastjson.support.spring.FastJsonHttpMessageConverter.strangeCodeForJackson(Object) 
<StatsForMethod> :
	#generatedTC=2
	WITH NO EXCEPTIONS
23:27:06.631 | DEBUG |  ... 
23:27:06.632 | INFO  | Started: method com.alibaba.fastjson.support.spring.FastJsonHttpMessageConverter.getFilters()
23:27:06.632 | INFO  |  -- Remaining time budget: 79975 ms, #remaining_methods: 13, budget for method: 6151 ms, solver timeout: 1000 ms, budget for symbolic execution: 4951 ms, budget for concrete execution: 1200 ms,  -- 
23:27:06.976 | DEBUG | --new testCase collected, to generate: testCom.alibaba.fastjson.support.spring.FastJsonHttpMessageConverter.getFilters()1
23:27:07.003 | DEBUG | --new testCase collected, to generate: testCom.alibaba.fastjson.support.spring.FastJsonHttpMessageConverter.getFilters()2
23:27:07.026 | DEBUG | --new testCase collected, to generate: testCom.alibaba.fastjson.support.spring.FastJsonHttpMessageConverter.getFilters()3
23:27:07.026 | INFO  | Finished (in 0.394 sec): method com.alibaba.fastjson.support.spring.FastJsonHttpMessageConverter.getFilters() 
<StatsForMethod> :
	#generatedTC=3
	WITH NO EXCEPTIONS
23:27:07.028 | DEBUG |  ... 
23:27:07.028 | INFO  | Started: method com.alibaba.fastjson.support.spring.FastJsonHttpMessageConverter.setFilters(SerializeFilter[])
23:27:07.028 | INFO  |  -- Remaining time budget: 79579 ms, #remaining_methods: 12, budget for method: 6631 ms, solver timeout: 1000 ms, budget for symbolic execution: 5431 ms, budget for concrete execution: 1200 ms,  -- 
23:27:07.306 | DEBUG | --new testCase collected, to generate: testCom.alibaba.fastjson.support.spring.FastJsonHttpMessageConverter.setFilters(SerializeFilter[])1
23:27:07.335 | DEBUG | --new testCase collected, to generate: testCom.alibaba.fastjson.support.spring.FastJsonHttpMessageConverter.setFilters(SerializeFilter[])2
23:27:07.358 | DEBUG | --new testCase collected, to generate: testCom.alibaba.fastjson.support.spring.FastJsonHttpMessageConverter.setFilters(SerializeFilter[])3
23:27:07.358 | INFO  | Finished (in 0.330 sec): method com.alibaba.fastjson.support.spring.FastJsonHttpMessageConverter.setFilters(SerializeFilter[]) 
<StatsForMethod> :
	#generatedTC=3
	WITH NO EXCEPTIONS
23:27:07.359 | DEBUG |  ... 
23:27:07.359 | INFO  | Started: method com.alibaba.fastjson.support.spring.FastJsonHttpMessageConverter.setDateFormat(String)
23:27:07.360 | INFO  |  -- Remaining time budget: 79248 ms, #remaining_methods: 11, budget for method: 7204 ms, solver timeout: 1000 ms, budget for symbolic execution: 6004 ms, budget for concrete execution: 1200 ms,  -- 
23:27:07.705 | DEBUG | --new testCase collected, to generate: testCom.alibaba.fastjson.support.spring.FastJsonHttpMessageConverter.setDateFormat(String)1
23:27:07.732 | DEBUG | --new testCase collected, to generate: testCom.alibaba.fastjson.support.spring.FastJsonHttpMessageConverter.setDateFormat(String)2
23:27:07.751 | DEBUG | --new testCase collected, to generate: testCom.alibaba.fastjson.support.spring.FastJsonHttpMessageConverter.setDateFormat(String)3
23:27:07.752 | INFO  | Finished (in 0.392 sec): method com.alibaba.fastjson.support.spring.FastJsonHttpMessageConverter.setDateFormat(String) 
<StatsForMethod> :
	#generatedTC=3
	WITH NO EXCEPTIONS
23:27:07.753 | DEBUG |  ... 
23:27:07.753 | INFO  | Started: method com.alibaba.fastjson.support.spring.FastJsonHttpMessageConverter.getDateFormat()
23:27:07.753 | INFO  |  -- Remaining time budget: 78854 ms, #remaining_methods: 10, budget for method: 7885 ms, solver timeout: 1000 ms, budget for symbolic execution: 6685 ms, budget for concrete execution: 1200 ms,  -- 
23:27:08.061 | DEBUG | --new testCase collected, to generate: testCom.alibaba.fastjson.support.spring.FastJsonHttpMessageConverter.getDateFormat()1
23:27:08.087 | DEBUG | --new testCase collected, to generate: testCom.alibaba.fastjson.support.spring.FastJsonHttpMessageConverter.getDateFormat()2
23:27:08.108 | DEBUG | --new testCase collected, to generate: testCom.alibaba.fastjson.support.spring.FastJsonHttpMessageConverter.getDateFormat()3
23:27:08.109 | INFO  | Finished (in 0.355 sec): method com.alibaba.fastjson.support.spring.FastJsonHttpMessageConverter.getDateFormat() 
<StatsForMethod> :
	#generatedTC=3
	WITH NO EXCEPTIONS
23:27:08.110 | DEBUG |  ... 
23:27:08.110 | INFO  | Started: method com.alibaba.fastjson.support.spring.FastJsonHttpMessageConverter.getFeatures()
23:27:08.110 | INFO  |  -- Remaining time budget: 78497 ms, #remaining_methods: 9, budget for method: 8721 ms, solver timeout: 1000 ms, budget for symbolic execution: 7521 ms, budget for concrete execution: 1200 ms,  -- 
23:27:08.441 | DEBUG | --new testCase collected, to generate: testCom.alibaba.fastjson.support.spring.FastJsonHttpMessageConverter.getFeatures()1
23:27:08.467 | DEBUG | --new testCase collected, to generate: testCom.alibaba.fastjson.support.spring.FastJsonHttpMessageConverter.getFeatures()2
23:27:08.489 | DEBUG | --new testCase collected, to generate: testCom.alibaba.fastjson.support.spring.FastJsonHttpMessageConverter.getFeatures()3
23:27:08.490 | INFO  | Finished (in 0.380 sec): method com.alibaba.fastjson.support.spring.FastJsonHttpMessageConverter.getFeatures() 
<StatsForMethod> :
	#generatedTC=3
	WITH NO EXCEPTIONS
23:27:08.491 | DEBUG |  ... 
23:27:08.491 | INFO  | Started: method com.alibaba.fastjson.support.spring.FastJsonHttpMessageConverter.readType(Type, HttpInputMessage)
23:27:08.491 | INFO  |  -- Remaining time budget: 78116 ms, #remaining_methods: 8, budget for method: 9764 ms, solver timeout: 1000 ms, budget for symbolic execution: 8564 ms, budget for concrete execution: 1200 ms,  -- 
23:27:08.813 | DEBUG | --new testCase collected, to generate: testCom.alibaba.fastjson.support.spring.FastJsonHttpMessageConverter.readType(Type, HttpInputMessage)1
23:27:08.868 | DEBUG | --new testCase collected, to generate: testCom.alibaba.fastjson.support.spring.FastJsonHttpMessageConverter.readType(Type, HttpInputMessage)2
23:27:08.899 | DEBUG | --new testCase collected, to generate: testCom.alibaba.fastjson.support.spring.FastJsonHttpMessageConverter.readType(Type, HttpInputMessage)3
23:27:09.161 | DEBUG | --new testCase collected, to generate: testCom.alibaba.fastjson.support.spring.FastJsonHttpMessageConverter.readType(Type, HttpInputMessage)4
23:27:09.162 | INFO  | Finished (in 0.670 sec): method com.alibaba.fastjson.support.spring.FastJsonHttpMessageConverter.readType(Type, HttpInputMessage) 
<StatsForMethod> :
	#generatedTC=4
	WITH NO EXCEPTIONS
23:27:09.164 | DEBUG |  ... 
23:27:09.164 | INFO  | Started: method com.alibaba.fastjson.support.spring.FastJsonHttpMessageConverter.setCharset(Charset)
23:27:09.165 | INFO  |  -- Remaining time budget: 77443 ms, #remaining_methods: 7, budget for method: 11063 ms, solver timeout: 1000 ms, budget for symbolic execution: 9863 ms, budget for concrete execution: 1200 ms,  -- 
23:27:09.659 | DEBUG | --new testCase collected, to generate: testCom.alibaba.fastjson.support.spring.FastJsonHttpMessageConverter.setCharset(Charset)1
23:27:09.687 | DEBUG | --new testCase collected, to generate: testCom.alibaba.fastjson.support.spring.FastJsonHttpMessageConverter.setCharset(Charset)2
23:27:09.708 | DEBUG | --new testCase collected, to generate: testCom.alibaba.fastjson.support.spring.FastJsonHttpMessageConverter.setCharset(Charset)3
23:27:09.709 | INFO  | Finished (in 0.544 sec): method com.alibaba.fastjson.support.spring.FastJsonHttpMessageConverter.setCharset(Charset) 
<StatsForMethod> :
	#generatedTC=3
	WITH NO EXCEPTIONS
23:27:09.709 | DEBUG |  ... 
23:27:09.710 | INFO  | Started: method com.alibaba.fastjson.support.spring.FastJsonHttpMessageConverter.getType(Type, Class)
23:27:09.710 | INFO  |  -- Remaining time budget: 76897 ms, #remaining_methods: 6, budget for method: 12816 ms, solver timeout: 1000 ms, budget for symbolic execution: 11616 ms, budget for concrete execution: 1200 ms,  -- 
23:27:09.714 | ERROR | Symbolic execution FAILED
com.huawei.utbot.instrumentation.util.ChildProcessError: Error in the child process |> java.lang.IllegalAccessException: java.lang.Class
	at sun.misc.Unsafe.allocateInstance(Native Method)
	at com.huawei.utbot.framework.util.EngineUtilsKt.getAnyInstance(EngineUtils.kt:61)
	at com.huawei.utbot.framework.concrete.MockValueConstructor.constructObject(MockValueConstructor.kt:158)
	at com.huawei.utbot.framework.concrete.MockValueConstructor.construct(MockValueConstructor.kt:124)
	at com.huawei.utbot.framework.concrete.MockValueConstructor.constructMethodParameters(MockValueConstructor.kt:101)
	at com.huawei.utbot.framework.concrete.UtExecutionInstrumentation.invoke(UtExecutionInstrumentation.kt:126)
	at com.huawei.utbot.framework.concrete.UtExecutionInstrumentation.invoke(UtExecutionInstrumentation.kt:96)
	at com.huawei.utbot.instrumentation.process.ChildProcessKt.loop(ChildProcess.kt:114)
	at com.huawei.utbot.instrumentation.process.ChildProcessKt.main(ChildProcess.kt:76)
	at com.huawei.utbot.instrumentation.process.ChildProcessKt.main(ChildProcess.kt)

	at com.huawei.utbot.instrumentation.ConcreteExecutor.executeAsync(ConcreteExecutor.kt:391) ~[utbot-junit-contest-1.0.jar:?]
	at com.huawei.utbot.instrumentation.ConcreteExecutor$executeAsync$1.invokeSuspend(ConcreteExecutor.kt) ~[utbot-junit-contest-1.0.jar:?]
	at kotlin.coroutines.jvm.internal.BaseContinuationImpl.resumeWith(ContinuationImpl.kt:33) [utbot-junit-contest-1.0.jar:?]
	at kotlinx.coroutines.DispatchedTask.run(DispatchedTask.kt:106) [utbot-junit-contest-1.0.jar:?]
	at java.util.concurrent.Executors$RunnableAdapter.call(Executors.java:511) [?:1.8.0_312]
	at java.util.concurrent.FutureTask.run(FutureTask.java:266) [?:1.8.0_312]
	at java.util.concurrent.ScheduledThreadPoolExecutor$ScheduledFutureTask.access$201(ScheduledThreadPoolExecutor.java:180) [?:1.8.0_312]
	at java.util.concurrent.ScheduledThreadPoolExecutor$ScheduledFutureTask.run(ScheduledThreadPoolExecutor.java:293) [?:1.8.0_312]
	at java.util.concurrent.ThreadPoolExecutor.runWorker(ThreadPoolExecutor.java:1149) [?:1.8.0_312]
	at java.util.concurrent.ThreadPoolExecutor$Worker.run(ThreadPoolExecutor.java:624) [?:1.8.0_312]
	at java.lang.Thread.run(Thread.java:748) [?:1.8.0_312]
23:27:09.920 | DEBUG | --new testCase collected, to generate: testCom.alibaba.fastjson.support.spring.FastJsonHttpMessageConverter.getType(Type, Class)1
23:27:10.238 | DEBUG | --new testCase collected, to generate: testCom.alibaba.fastjson.support.spring.FastJsonHttpMessageConverter.getType(Type, Class)2
23:27:10.425 | DEBUG | --new testCase collected, to generate: testCom.alibaba.fastjson.support.spring.FastJsonHttpMessageConverter.getType(Type, Class)3
23:27:10.551 | DEBUG | --new testCase collected, to generate: testCom.alibaba.fastjson.support.spring.FastJsonHttpMessageConverter.getType(Type, Class)4
23:27:10.610 | DEBUG | --new testCase collected, to generate: testCom.alibaba.fastjson.support.spring.FastJsonHttpMessageConverter.getType(Type, Class)5
23:27:10.655 | DEBUG | --new testCase collected, to generate: testCom.alibaba.fastjson.support.spring.FastJsonHttpMessageConverter.getType(Type, Class)6
23:27:10.723 | DEBUG | --new testCase collected, to generate: testCom.alibaba.fastjson.support.spring.FastJsonHttpMessageConverter.getType(Type, Class)7
23:27:10.754 | DEBUG | --new testCase collected, to generate: testCom.alibaba.fastjson.support.spring.FastJsonHttpMessageConverter.getType(Type, Class)8
23:27:11.073 | DEBUG | --new testCase collected, to generate: testCom.alibaba.fastjson.support.spring.FastJsonHttpMessageConverter.getType(Type, Class)9
23:27:11.105 | DEBUG | --new testCase collected, to generate: testCom.alibaba.fastjson.support.spring.FastJsonHttpMessageConverter.getType(Type, Class)10
23:27:11.348 | DEBUG | --new testCase collected, to generate: testCom.alibaba.fastjson.support.spring.FastJsonHttpMessageConverter.getType(Type, Class)11
23:27:11.472 | DEBUG | --new testCase collected, to generate: testCom.alibaba.fastjson.support.spring.FastJsonHttpMessageConverter.getType(Type, Class)12
23:27:11.672 | DEBUG | --new testCase collected, to generate: testCom.alibaba.fastjson.support.spring.FastJsonHttpMessageConverter.getType(Type, Class)13
23:27:13.402 | DEBUG | --new testCase collected, to generate: testCom.alibaba.fastjson.support.spring.FastJsonHttpMessageConverter.getType(Type, Class)14
23:27:13.441 | DEBUG | --new testCase collected, to generate: testCom.alibaba.fastjson.support.spring.FastJsonHttpMessageConverter.getType(Type, Class)15
23:27:13.489 | DEBUG | --new testCase collected, to generate: testCom.alibaba.fastjson.support.spring.FastJsonHttpMessageConverter.getType(Type, Class)16
23:27:14.502 | DEBUG | --new testCase collected, to generate: testCom.alibaba.fastjson.support.spring.FastJsonHttpMessageConverter.getType(Type, Class)17
23:27:14.761 | DEBUG | --new testCase collected, to generate: testCom.alibaba.fastjson.support.spring.FastJsonHttpMessageConverter.getType(Type, Class)18
23:27:15.540 | DEBUG | --new testCase collected, to generate: testCom.alibaba.fastjson.support.spring.FastJsonHttpMessageConverter.getType(Type, Class)19
23:27:15.837 | DEBUG | --new testCase collected, to generate: testCom.alibaba.fastjson.support.spring.FastJsonHttpMessageConverter.getType(Type, Class)20
23:27:17.664 | DEBUG | --new testCase collected, to generate: testCom.alibaba.fastjson.support.spring.FastJsonHttpMessageConverter.getType(Type, Class)21
23:27:17.784 | DEBUG | --new testCase collected, to generate: testCom.alibaba.fastjson.support.spring.FastJsonHttpMessageConverter.getType(Type, Class)22
23:27:18.062 | DEBUG | --new testCase collected, to generate: testCom.alibaba.fastjson.support.spring.FastJsonHttpMessageConverter.getType(Type, Class)23
23:27:18.540 | DEBUG | --new testCase collected, to generate: testCom.alibaba.fastjson.support.spring.FastJsonHttpMessageConverter.getType(Type, Class)24
23:27:19.606 | DEBUG | --new testCase collected, to generate: testCom.alibaba.fastjson.support.spring.FastJsonHttpMessageConverter.getType(Type, Class)25
23:27:19.648 | DEBUG | --new testCase collected, to generate: testCom.alibaba.fastjson.support.spring.FastJsonHttpMessageConverter.getType(Type, Class)26
23:27:19.883 | DEBUG | --new testCase collected, to generate: testCom.alibaba.fastjson.support.spring.FastJsonHttpMessageConverter.getType(Type, Class)27
23:27:21.008 | DEBUG | --new testCase collected, to generate: testCom.alibaba.fastjson.support.spring.FastJsonHttpMessageConverter.getType(Type, Class)28
23:27:21.326 | INFO  | |> Starting concrete execution for remaining state: com.alibaba.fastjson.support.spring.FastJsonHttpMessageConverter.getType(Type, Class)
23:27:21.364 | DEBUG | --new testCase collected, to generate: testCom.alibaba.fastjson.support.spring.FastJsonHttpMessageConverter.getType(Type, Class)29
23:27:22.527 | INFO  | (X) Cancelling concrete execution: com.alibaba.fastjson.support.spring.FastJsonHttpMessageConverter.getType(Type, Class)
23:27:22.736 | INFO  | Finished (in 13.026 sec): method com.alibaba.fastjson.support.spring.FastJsonHttpMessageConverter.getType(Type, Class) 
<StatsForMethod> :
	#generatedTC=29
	FAILED 1 time(s) with 1 different exception(s)"
23:27:23.153 | DEBUG |  ... 
23:27:23.154 | INFO  | Started: method com.alibaba.fastjson.support.spring.FastJsonHttpMessageConverter.<init>()
23:27:23.154 | INFO  |  -- Remaining time budget: 63454 ms, #remaining_methods: 5, budget for method: 12690 ms, solver timeout: 1000 ms, budget for symbolic execution: 11490 ms, budget for concrete execution: 1200 ms,  -- 
23:27:23.493 | DEBUG | --new testCase collected, to generate: testCom.alibaba.fastjson.support.spring.FastJsonHttpMessageConverter.<init>()1
23:27:23.629 | INFO  | Finished (in 0.475 sec): method com.alibaba.fastjson.support.spring.FastJsonHttpMessageConverter.<init>() 
<StatsForMethod> :
	#generatedTC=1
	WITH NO EXCEPTIONS
23:27:23.640 | DEBUG |  ... 
23:27:23.641 | INFO  | Started: method com.alibaba.fastjson.support.spring.FastJsonHttpMessageConverter.Spring4TypeResolvableHelper.resolveVariable(TypeVariable, ResolvableType)
23:27:23.642 | INFO  |  -- Remaining time budget: 62966 ms, #remaining_methods: 4, budget for method: 15741 ms, solver timeout: 1000 ms, budget for symbolic execution: 14541 ms, budget for concrete execution: 1200 ms,  -- 
23:27:23.720 | DEBUG | --new testCase collected, to generate: testCom.alibaba.fastjson.support.spring.FastJsonHttpMessageConverter.Spring4TypeResolvableHelper.resolveVariable(TypeVariable, ResolvableType)1
23:27:23.812 | DEBUG | --new testCase collected, to generate: testCom.alibaba.fastjson.support.spring.FastJsonHttpMessageConverter.Spring4TypeResolvableHelper.resolveVariable(TypeVariable, ResolvableType)2
23:27:23.869 | DEBUG | --new testCase collected, to generate: testCom.alibaba.fastjson.support.spring.FastJsonHttpMessageConverter.Spring4TypeResolvableHelper.resolveVariable(TypeVariable, ResolvableType)3
23:27:23.891 | DEBUG | --new testCase collected, to generate: testCom.alibaba.fastjson.support.spring.FastJsonHttpMessageConverter.Spring4TypeResolvableHelper.resolveVariable(TypeVariable, ResolvableType)4
23:27:23.913 | DEBUG | --new testCase collected, to generate: testCom.alibaba.fastjson.support.spring.FastJsonHttpMessageConverter.Spring4TypeResolvableHelper.resolveVariable(TypeVariable, ResolvableType)5
23:27:23.938 | DEBUG | --new testCase collected, to generate: testCom.alibaba.fastjson.support.spring.FastJsonHttpMessageConverter.Spring4TypeResolvableHelper.resolveVariable(TypeVariable, ResolvableType)6
23:27:24.143 | DEBUG | --new testCase collected, to generate: testCom.alibaba.fastjson.support.spring.FastJsonHttpMessageConverter.Spring4TypeResolvableHelper.resolveVariable(TypeVariable, ResolvableType)7
23:27:24.190 | DEBUG | --new testCase collected, to generate: testCom.alibaba.fastjson.support.spring.FastJsonHttpMessageConverter.Spring4TypeResolvableHelper.resolveVariable(TypeVariable, ResolvableType)8
23:27:24.319 | DEBUG | --new testCase collected, to generate: testCom.alibaba.fastjson.support.spring.FastJsonHttpMessageConverter.Spring4TypeResolvableHelper.resolveVariable(TypeVariable, ResolvableType)9
23:27:24.506 | DEBUG | --new testCase collected, to generate: testCom.alibaba.fastjson.support.spring.FastJsonHttpMessageConverter.Spring4TypeResolvableHelper.resolveVariable(TypeVariable, ResolvableType)10
23:27:24.590 | DEBUG | --new testCase collected, to generate: testCom.alibaba.fastjson.support.spring.FastJsonHttpMessageConverter.Spring4TypeResolvableHelper.resolveVariable(TypeVariable, ResolvableType)11
23:27:24.895 | INFO  | Finished (in 1.253 sec): method com.alibaba.fastjson.support.spring.FastJsonHttpMessageConverter.Spring4TypeResolvableHelper.resolveVariable(TypeVariable, ResolvableType) 
<StatsForMethod> :
	#generatedTC=11
	WITH NO EXCEPTIONS
23:27:24.933 | DEBUG |  ... 
23:27:24.934 | INFO  | Started: method com.alibaba.fastjson.support.spring.FastJsonHttpMessageConverter.Spring4TypeResolvableHelper.isSupport()
23:27:24.934 | INFO  |  -- Remaining time budget: 61674 ms, #remaining_methods: 3, budget for method: 20558 ms, solver timeout: 1000 ms, budget for symbolic execution: 19358 ms, budget for concrete execution: 1200 ms,  -- 
23:27:24.938 | DEBUG | --new testCase collected, to generate: testCom.alibaba.fastjson.support.spring.FastJsonHttpMessageConverter.Spring4TypeResolvableHelper.isSupport()1
23:27:25.041 | DEBUG | --new testCase collected, to generate: testCom.alibaba.fastjson.support.spring.FastJsonHttpMessageConverter.Spring4TypeResolvableHelper.isSupport()2
23:27:25.042 | INFO  | Finished (in 0.108 sec): method com.alibaba.fastjson.support.spring.FastJsonHttpMessageConverter.Spring4TypeResolvableHelper.isSupport() 
<StatsForMethod> :
	#generatedTC=2
	WITH NO EXCEPTIONS
23:27:25.055 | DEBUG |  ... 
23:27:25.056 | INFO  | Started: method com.alibaba.fastjson.support.spring.FastJsonHttpMessageConverter.Spring4TypeResolvableHelper.getType(Type, Class)
23:27:25.056 | INFO  |  -- Remaining time budget: 61551 ms, #remaining_methods: 2, budget for method: 30775 ms, solver timeout: 1000 ms, budget for symbolic execution: 29575 ms, budget for concrete execution: 1200 ms,  -- 
23:27:25.059 | ERROR | Symbolic execution FAILED
com.huawei.utbot.instrumentation.util.ChildProcessError: Error in the child process |> java.lang.IllegalAccessException: java.lang.Class
	at sun.misc.Unsafe.allocateInstance(Native Method)
	at com.huawei.utbot.framework.util.EngineUtilsKt.getAnyInstance(EngineUtils.kt:61)
	at com.huawei.utbot.framework.concrete.MockValueConstructor.constructObject(MockValueConstructor.kt:158)
	at com.huawei.utbot.framework.concrete.MockValueConstructor.construct(MockValueConstructor.kt:124)
	at com.huawei.utbot.framework.concrete.MockValueConstructor.constructMethodParameters(MockValueConstructor.kt:101)
	at com.huawei.utbot.framework.concrete.UtExecutionInstrumentation.invoke(UtExecutionInstrumentation.kt:126)
	at com.huawei.utbot.framework.concrete.UtExecutionInstrumentation.invoke(UtExecutionInstrumentation.kt:96)
	at com.huawei.utbot.instrumentation.process.ChildProcessKt.loop(ChildProcess.kt:114)
	at com.huawei.utbot.instrumentation.process.ChildProcessKt.main(ChildProcess.kt:76)
	at com.huawei.utbot.instrumentation.process.ChildProcessKt.main(ChildProcess.kt)

	at com.huawei.utbot.instrumentation.ConcreteExecutor.executeAsync(ConcreteExecutor.kt:391) ~[utbot-junit-contest-1.0.jar:?]
	at com.huawei.utbot.instrumentation.ConcreteExecutor$executeAsync$1.invokeSuspend(ConcreteExecutor.kt) ~[utbot-junit-contest-1.0.jar:?]
	at kotlin.coroutines.jvm.internal.BaseContinuationImpl.resumeWith(ContinuationImpl.kt:33) [utbot-junit-contest-1.0.jar:?]
	at kotlinx.coroutines.DispatchedTask.run(DispatchedTask.kt:106) [utbot-junit-contest-1.0.jar:?]
	at java.util.concurrent.Executors$RunnableAdapter.call(Executors.java:511) [?:1.8.0_312]
	at java.util.concurrent.FutureTask.run(FutureTask.java:266) [?:1.8.0_312]
	at java.util.concurrent.ScheduledThreadPoolExecutor$ScheduledFutureTask.access$201(ScheduledThreadPoolExecutor.java:180) [?:1.8.0_312]
	at java.util.concurrent.ScheduledThreadPoolExecutor$ScheduledFutureTask.run(ScheduledThreadPoolExecutor.java:293) [?:1.8.0_312]
	at java.util.concurrent.ThreadPoolExecutor.runWorker(ThreadPoolExecutor.java:1149) [?:1.8.0_312]
	at java.util.concurrent.ThreadPoolExecutor$Worker.run(ThreadPoolExecutor.java:624) [?:1.8.0_312]
	at java.lang.Thread.run(Thread.java:748) [?:1.8.0_312]
23:27:25.142 | DEBUG | --new testCase collected, to generate: testCom.alibaba.fastjson.support.spring.FastJsonHttpMessageConverter.Spring4TypeResolvableHelper.getType(Type, Class)1
23:27:25.226 | DEBUG | --new testCase collected, to generate: testCom.alibaba.fastjson.support.spring.FastJsonHttpMessageConverter.Spring4TypeResolvableHelper.getType(Type, Class)2
23:27:25.232 | DEBUG | --new testCase collected, to generate: testCom.alibaba.fastjson.support.spring.FastJsonHttpMessageConverter.Spring4TypeResolvableHelper.getType(Type, Class)3
23:27:25.255 | DEBUG | --new testCase collected, to generate: testCom.alibaba.fastjson.support.spring.FastJsonHttpMessageConverter.Spring4TypeResolvableHelper.getType(Type, Class)4
23:27:25.449 | DEBUG | --new testCase collected, to generate: testCom.alibaba.fastjson.support.spring.FastJsonHttpMessageConverter.Spring4TypeResolvableHelper.getType(Type, Class)5
23:27:25.569 | DEBUG | --new testCase collected, to generate: testCom.alibaba.fastjson.support.spring.FastJsonHttpMessageConverter.Spring4TypeResolvableHelper.getType(Type, Class)6
23:27:25.606 | DEBUG | --new testCase collected, to generate: testCom.alibaba.fastjson.support.spring.FastJsonHttpMessageConverter.Spring4TypeResolvableHelper.getType(Type, Class)7
23:27:25.648 | DEBUG | --new testCase collected, to generate: testCom.alibaba.fastjson.support.spring.FastJsonHttpMessageConverter.Spring4TypeResolvableHelper.getType(Type, Class)8
23:27:25.701 | DEBUG | --new testCase collected, to generate: testCom.alibaba.fastjson.support.spring.FastJsonHttpMessageConverter.Spring4TypeResolvableHelper.getType(Type, Class)9
23:27:25.783 | DEBUG | --new testCase collected, to generate: testCom.alibaba.fastjson.support.spring.FastJsonHttpMessageConverter.Spring4TypeResolvableHelper.getType(Type, Class)10
23:27:26.210 | DEBUG | --new testCase collected, to generate: testCom.alibaba.fastjson.support.spring.FastJsonHttpMessageConverter.Spring4TypeResolvableHelper.getType(Type, Class)11
23:27:26.438 | DEBUG | --new testCase collected, to generate: testCom.alibaba.fastjson.support.spring.FastJsonHttpMessageConverter.Spring4TypeResolvableHelper.getType(Type, Class)12
23:27:26.642 | DEBUG | --new testCase collected, to generate: testCom.alibaba.fastjson.support.spring.FastJsonHttpMessageConverter.Spring4TypeResolvableHelper.getType(Type, Class)13
23:27:26.664 | DEBUG | --new testCase collected, to generate: testCom.alibaba.fastjson.support.spring.FastJsonHttpMessageConverter.Spring4TypeResolvableHelper.getType(Type, Class)14
23:27:26.714 | DEBUG | --new testCase collected, to generate: testCom.alibaba.fastjson.support.spring.FastJsonHttpMessageConverter.Spring4TypeResolvableHelper.getType(Type, Class)15
23:27:26.739 | DEBUG | --new testCase collected, to generate: testCom.alibaba.fastjson.support.spring.FastJsonHttpMessageConverter.Spring4TypeResolvableHelper.getType(Type, Class)16
23:27:27.129 | DEBUG | --new testCase collected, to generate: testCom.alibaba.fastjson.support.spring.FastJsonHttpMessageConverter.Spring4TypeResolvableHelper.getType(Type, Class)17
23:27:27.189 | DEBUG | --new testCase collected, to generate: testCom.alibaba.fastjson.support.spring.FastJsonHttpMessageConverter.Spring4TypeResolvableHelper.getType(Type, Class)18
23:27:27.360 | DEBUG | --new testCase collected, to generate: testCom.alibaba.fastjson.support.spring.FastJsonHttpMessageConverter.Spring4TypeResolvableHelper.getType(Type, Class)19
23:27:27.479 | DEBUG | --new testCase collected, to generate: testCom.alibaba.fastjson.support.spring.FastJsonHttpMessageConverter.Spring4TypeResolvableHelper.getType(Type, Class)20
23:27:27.696 | DEBUG | --new testCase collected, to generate: testCom.alibaba.fastjson.support.spring.FastJsonHttpMessageConverter.Spring4TypeResolvableHelper.getType(Type, Class)21
23:27:27.726 | DEBUG | --new testCase collected, to generate: testCom.alibaba.fastjson.support.spring.FastJsonHttpMessageConverter.Spring4TypeResolvableHelper.getType(Type, Class)22
23:27:28.054 | DEBUG | --new testCase collected, to generate: testCom.alibaba.fastjson.support.spring.FastJsonHttpMessageConverter.Spring4TypeResolvableHelper.getType(Type, Class)23
23:27:28.254 | DEBUG | --new testCase collected, to generate: testCom.alibaba.fastjson.support.spring.FastJsonHttpMessageConverter.Spring4TypeResolvableHelper.getType(Type, Class)24
23:27:28.398 | DEBUG | --new testCase collected, to generate: testCom.alibaba.fastjson.support.spring.FastJsonHttpMessageConverter.Spring4TypeResolvableHelper.getType(Type, Class)25
23:27:28.558 | DEBUG | --new testCase collected, to generate: testCom.alibaba.fastjson.support.spring.FastJsonHttpMessageConverter.Spring4TypeResolvableHelper.getType(Type, Class)26
23:27:28.820 | DEBUG | --new testCase collected, to generate: testCom.alibaba.fastjson.support.spring.FastJsonHttpMessageConverter.Spring4TypeResolvableHelper.getType(Type, Class)27
23:27:29.002 | DEBUG | --new testCase collected, to generate: testCom.alibaba.fastjson.support.spring.FastJsonHttpMessageConverter.Spring4TypeResolvableHelper.getType(Type, Class)28
23:27:29.074 | INFO  | Finished (in 4.018 sec): method com.alibaba.fastjson.support.spring.FastJsonHttpMessageConverter.Spring4TypeResolvableHelper.getType(Type, Class) 
<StatsForMethod> :
	#generatedTC=28
	FAILED 1 time(s) with 1 different exception(s)"
23:27:29.208 | DEBUG |  ... 
23:27:29.209 | INFO  | Started: method com.alibaba.fastjson.support.spring.FastJsonHttpMessageConverter.Spring4TypeResolvableHelper.<init>()
23:27:29.209 | INFO  |  -- Remaining time budget: 57398 ms, #remaining_methods: 1, budget for method: 57398 ms, solver timeout: 1000 ms, budget for symbolic execution: 56198 ms, budget for concrete execution: 1200 ms,  -- 
23:27:29.213 | DEBUG | --new testCase collected, to generate: testCom.alibaba.fastjson.support.spring.FastJsonHttpMessageConverter.Spring4TypeResolvableHelper.<init>()1
23:27:29.234 | DEBUG | --new testCase collected, to generate: testCom.alibaba.fastjson.support.spring.FastJsonHttpMessageConverter.Spring4TypeResolvableHelper.<init>()2
23:27:29.235 | INFO  | Finished (in 0.026 sec): method com.alibaba.fastjson.support.spring.FastJsonHttpMessageConverter.Spring4TypeResolvableHelper.<init>() 
<StatsForMethod> :
	#generatedTC=2
	WITH NO EXCEPTIONS
23:27:29.241 | INFO  | Started: Flushing tests for [FastJsonHttpMessageConverter] on disk
23:27:44.338 | INFO  | File size for FastJsonHttpMessageConverterTest: 232 KB
23:27:44.341 | INFO  | Finished (in 15.100 sec): Flushing tests for [FastJsonHttpMessageConverter] on disk 
23:27:44.342 | INFO  | Finished (in 59.700 sec): class com.alibaba.fastjson.support.spring.FastJsonHttpMessageConverter 
<StatsForClass> :
	canceled by timeout = false
	#methods = 26, 
	#methods started symbolic exploration = 26
	#methods with at least one TC = 26
	#methods with exceptions = 7
	#generated TC = 130
	#coverage = null
[READY]
