Started UtBot Contest, classfileDir = /var/benchmarks/projects/fastjson/target/classes, classpathString=/var/benchmarks/projects/fastjson/target/classes:/var/benchmarks/projects/fastjson/target/fastjson-1.2.50-SNAPSHOT.jar:/var/benchmarks/projects/./fastjson/target/dependency/deeptestutils-1.1.0.jar:/var/benchmarks/projects/fastjson/target/dependency/commons-beanutils-1.8.0.jar:/var/benchmarks/projects/fastjson/target/dependency/woodstox-core-asl-4.4.1.jar:/var/benchmarks/projects/fastjson/target/dependency/spring-aop-4.3.7.RELEASE.jar:/var/benchmarks/projects/fastjson/target/dependency/hibernate-core-5.2.10.Final.jar:/var/benchmarks/projects/fastjson/target/dependency/jackson-module-kotlin-2.9.0.jar:/var/benchmarks/projects/fastjson/target/dependency/spring-data-commons-1.13.6.RELEASE.jar:/var/benchmarks/projects/fastjson/target/dependency/javax.annotation-api-1.2.jar:/var/benchmarks/projects/fastjson/target/dependency/gson-2.6.2.jar:/var/benchmarks/projects/fastjson/target/dependency/jetty-continuation-8.1.8.v20121106.jar:/var/benchmarks/projects/fastjson/target/dependency/objenesis-2.5.1.jar:/var/benchmarks/projects/fastjson/target/dependency/powermock-reflect-1.6.6.jar:/var/benchmarks/projects/fastjson/target/dependency/springfox-spring-web-2.6.1.jar:/var/benchmarks/projects/fastjson/target/dependency/javaslang-2.0.6.jar:/var/benchmarks/projects/fastjson/target/dependency/guava-18.0.jar:/var/benchmarks/projects/fastjson/target/dependency/mockito-core-1.10.19.jar:/var/benchmarks/projects/fastjson/target/dependency/json-lib-2.4-jdk15.jar:/var/benchmarks/projects/fastjson/target/dependency/jetty-xml-8.1.8.v20121106.jar:/var/benchmarks/projects/fastjson/target/dependency/xmlschema-core-2.2.1.jar:/var/benchmarks/projects/fastjson/target/dependency/powermock-api-support-1.6.6.jar:/var/benchmarks/projects/fastjson/target/dependency/commons-collections4-4.1.jar:/var/benchmarks/projects/fastjson/target/dependency/cglib-nodep-2.2.2.jar:/var/benchmarks/projects/fastjson/target/dependency/asm-debug-all-5.0.4.jar:/var/benchmarks/projects/fastjson/target/dependency/spring-plugin-core-1.2.0.RELEASE.jar:/var/benchmarks/projects/fastjson/target/dependency/cxf-rt-rs-client-3.1.2.jar:/var/benchmarks/projects/fastjson/target/dependency/jetty-io-8.1.8.v20121106.jar:/var/benchmarks/projects/fastjson/target/dependency/commons-lang3-3.4.jar:/var/benchmarks/projects/fastjson/target/dependency/stax2-api-3.1.4.jar:/var/benchmarks/projects/fastjson/target/dependency/jackson-annotations-2.9.0.jar:/var/benchmarks/projects/fastjson/target/dependency/jetty-server-8.1.8.v20121106.jar:/var/benchmarks/projects/fastjson/target/dependency/json-simple-1.1.1.jar:/var/benchmarks/projects/fastjson/target/dependency/asm-tree-4.0.jar:/var/benchmarks/projects/fastjson/target/dependency/spring-data-commons-core-1.4.1.RELEASE.jar:/var/benchmarks/projects/fastjson/target/dependency/powermock-module-junit4-common-1.6.6.jar:/var/benchmarks/projects/fastjson/target/dependency/jcl-over-slf4j-1.7.25.jar:/var/benchmarks/projects/fastjson/target/dependency/javax.servlet-3.0.0.v201112011016.jar:/var/benchmarks/projects/fastjson/target/dependency/springfox-core-2.6.1.jar:/var/benchmarks/projects/fastjson/target/dependency/osgi-resource-locator-1.0.1.jar:/var/benchmarks/projects/fastjson/target/dependency/javassist-3.18.0-GA.jar:/var/benchmarks/projects/fastjson/target/dependency/kotlin-reflect-1.1.3-2.jar:/var/benchmarks/projects/fastjson/target/dependency/spring-context-support-4.3.10.RELEASE.jar:/var/benchmarks/projects/fastjson/target/dependency/spring-plugin-metadata-1.2.0.RELEASE.jar:/var/benchmarks/projects/fastjson/target/dependency/kotlin-stdlib-1.1.3-2.jar:/var/benchmarks/projects/fastjson/target/dependency/spring-data-keyvalue-1.2.6.RELEASE.jar:/var/benchmarks/projects/fastjson/target/dependency/jersey-container-servlet-core-2.23.2.jar:/var/benchmarks/projects/fastjson/target/dependency/asm-4.0.jar:/var/benchmarks/projects/fastjson/target/dependency/asm-commons-4.0.jar:/var/benchmarks/projects/fastjson/target/dependency/jersey-guava-2.23.2.jar:/var/benchmarks/projects/fastjson/target/dependency/aopalliance-1.0.jar:/var/benchmarks/projects/fastjson/target/dependency/groovy-2.1.5.jar:/var/benchmarks/projects/fastjson/target/dependency/hk2-api-2.5.0-b05.jar:/var/benchmarks/projects/fastjson/target/dependency/jetty-security-8.1.8.v20121106.jar:/var/benchmarks/projects/fastjson/target/dependency/jmh-core-1.21.jar:/var/benchmarks/projects/fastjson/target/dependency/jersey-container-servlet-2.23.2.jar:/var/benchmarks/projects/fastjson/target/dependency/dom4j-1.6.1.jar:/var/benchmarks/projects/fastjson/target/dependency/spring-core-4.3.7.RELEASE.jar:/var/benchmarks/projects/fastjson/target/dependency/spring-data-redis-1.8.6.RELEASE.jar:/var/benchmarks/projects/fastjson/target/dependency/jackson-core-asl-1.9.13.jar:/var/benchmarks/projects/fastjson/target/dependency/jackson-mapper-asl-1.9.13.jar:/var/benchmarks/projects/fastjson/target/dependency/hibernate-jpa-2.1-api-1.0.0.Final.jar:/var/benchmarks/projects/fastjson/target/dependency/junit-4.12.jar:/var/benchmarks/projects/fastjson/target/dependency/commons-io-1.4.jar:/var/benchmarks/projects/fastjson/target/dependency/jetty-util-8.1.8.v20121106.jar:/var/benchmarks/projects/fastjson/target/dependency/hamcrest-core-1.3.jar:/var/benchmarks/projects/fastjson/target/dependency/jmh-generator-annprocess-1.21.jar:/var/benchmarks/projects/fastjson/target/dependency/jackson-jaxrs-base-2.8.7.jar:/var/benchmarks/projects/fastjson/target/dependency/powermock-module-junit4-1.6.6.jar:/var/benchmarks/projects/fastjson/target/dependency/powermock-core-1.6.6.jar:/var/benchmarks/projects/fastjson/target/dependency/slf4j-api-1.7.25.jar:/var/benchmarks/projects/fastjson/target/dependency/antlr-2.7.7.jar:/var/benchmarks/projects/fastjson/target/dependency/mockito-all-1.10.19.jar:/var/benchmarks/projects/fastjson/target/dependency/jersey-container-jdk-http-2.23.2.jar:/var/benchmarks/projects/fastjson/target/dependency/javaslang-match-2.0.6.jar:/var/benchmarks/projects/fastjson/target/dependency/jersey-test-framework-provider-jdk-http-2.23.2.jar:/var/benchmarks/projects/fastjson/target/dependency/jersey-entity-filtering-2.23.2.jar:/var/benchmarks/projects/fastjson/target/dependency/jandex-2.0.3.Final.jar:/var/benchmarks/projects/fastjson/target/dependency/ezmorph-1.0.6.jar:/var/benchmarks/projects/fastjson/target/dependency/jackson-jaxrs-json-provider-2.8.7.jar:/var/benchmarks/projects/fastjson/target/dependency/cxf-rt-transports-http-3.1.2.jar:/var/benchmarks/projects/fastjson/target/dependency/spring-beans-4.3.7.RELEASE.jar:/var/benchmarks/projects/fastjson/target/dependency/jersey-server-2.23.2.jar:/var/benchmarks/projects/fastjson/target/dependency/powermock-api-mockito-1.6.6.jar:/var/benchmarks/projects/fastjson/target/dependency/jackson-module-jaxb-annotations-2.8.7.jar:/var/benchmarks/projects/fastjson/target/dependency/jopt-simple-4.6.jar:/var/benchmarks/projects/fastjson/target/dependency/asm-analysis-4.0.jar:/var/benchmarks/projects/fastjson/target/dependency/annotations-13.0.jar:/var/benchmarks/projects/fastjson/target/dependency/json-path-2.3.0.jar:/var/benchmarks/projects/fastjson/target/dependency/springfox-spi-2.6.1.jar:/var/benchmarks/projects/fastjson/target/dependency/spring-websocket-4.3.7.RELEASE.jar:/var/benchmarks/projects/fastjson/target/dependency/spring-messaging-4.3.7.RELEASE.jar:/var/benchmarks/projects/fastjson/target/dependency/jersey-client-2.23.2.jar:/var/benchmarks/projects/fastjson/target/dependency/javax.ws.rs-api-2.0.1.jar:/var/benchmarks/projects/fastjson/target/dependency/accessors-smart-1.1.jar:/var/benchmarks/projects/fastjson/target/dependency/hibernate-commons-annotations-5.0.1.Final.jar:/var/benchmarks/projects/fastjson/target/dependency/commons-logging-1.1.1.jar:/var/benchmarks/projects/fastjson/target/dependency/jackson-core-2.9.0.jar:/var/benchmarks/projects/fastjson/target/dependency/spring-expression-4.3.7.RELEASE.jar:/var/benchmarks/projects/fastjson/target/dependency/jersey-media-jaxb-2.23.2.jar:/var/benchmarks/projects/fastjson/target/dependency/okhttp-3.6.0.jar:/var/benchmarks/projects/fastjson/target/dependency/commons-math3-3.2.jar:/var/benchmarks/projects/fastjson/target/dependency/jetty-webapp-8.1.8.v20121106.jar:/var/benchmarks/projects/fastjson/target/dependency/javax.inject-2.5.0-b05.jar:/var/benchmarks/projects/fastjson/target/dependency/cxf-core-3.1.2.jar:/var/benchmarks/projects/fastjson/target/dependency/powermock-api-mockito-common-1.6.6.jar:/var/benchmarks/projects/fastjson/target/dependency/jetty-http-8.1.8.v20121106.jar:/var/benchmarks/projects/fastjson/target/dependency/spring-security-config-3.2.10.RELEASE.jar:/var/benchmarks/projects/fastjson/target/dependency/okio-1.11.0.jar:/var/benchmarks/projects/fastjson/target/dependency/javax.servlet-api-3.1.0.jar:/var/benchmarks/projects/fastjson/target/dependency/json-smart-2.2.1.jar:/var/benchmarks/projects/fastjson/target/dependency/spring-tx-4.3.10.RELEASE.jar:/var/benchmarks/projects/fastjson/target/dependency/jackson-module-afterburner-2.9.0.jar:/var/benchmarks/projects/fastjson/target/dependency/asm-util-4.0.jar:/var/benchmarks/projects/fastjson/target/dependency/spring-security-web-4.2.3.RELEASE.jar:/var/benchmarks/projects/fastjson/target/dependency/spring-webmvc-4.3.7.RELEASE.jar:/var/benchmarks/projects/fastjson/target/dependency/hk2-locator-2.5.0-b05.jar:/var/benchmarks/projects/fastjson/target/dependency/retrofit-2.1.0.jar:/var/benchmarks/projects/fastjson/target/dependency/clojure-1.5.1.jar:/var/benchmarks/projects/fastjson/target/dependency/spring-security-oauth2-2.3.3.RELEASE.jar:/var/benchmarks/projects/fastjson/target/dependency/spring-test-4.3.7.RELEASE.jar:/var/benchmarks/projects/fastjson/target/dependency/aopalliance-repackaged-2.5.0-b05.jar:/var/benchmarks/projects/fastjson/target/dependency/spring-oxm-4.3.10.RELEASE.jar:/var/benchmarks/projects/fastjson/target/dependency/spring-security-core-4.2.3.RELEASE.jar:/var/benchmarks/projects/fastjson/target/dependency/jboss-transaction-api_1.2_spec-1.0.1.Final.jar:/var/benchmarks/projects/fastjson/target/dependency/lombok-1.14.4.jar:/var/benchmarks/projects/fastjson/target/dependency/commons-collections-3.2.1.jar:/var/benchmarks/projects/fastjson/target/dependency/cxf-rt-frontend-jaxrs-3.1.2.jar:/var/benchmarks/projects/fastjson/target/dependency/spring-context-4.3.7.RELEASE.jar:/var/benchmarks/projects/fastjson/target/dependency/jersey-test-framework-core-2.23.2.jar:/var/benchmarks/projects/fastjson/target/dependency/classmate-1.3.1.jar:/var/benchmarks/projects/fastjson/target/dependency/hk2-utils-2.5.0-b05.jar:/var/benchmarks/projects/fastjson/target/dependency/jersey-common-2.23.2.jar:/var/benchmarks/projects/fastjson/target/dependency/jackson-databind-2.9.0.jar:/var/benchmarks/projects/fastjson/target/dependency/jersey-media-json-jackson-2.23.2.jar:/var/benchmarks/projects/fastjson/target/dependency/commons-lang-2.5.jar:/var/benchmarks/projects/fastjson/target/dependency/jetty-servlet-8.1.8.v20121106.jar:/var/benchmarks/projects/fastjson/target/dependency/validation-api-1.1.0.Final.jar:/var/benchmarks/projects/fastjson/target/dependency/spring-web-4.3.7.RELEASE.jar:/var/benchmarks/projects/fastjson/target/dependency/jsoniter-0.9.8.jar:/var/benchmarks/projects/fastjson/target/dependency/jboss-logging-3.3.0.Final.jar, outputDir=/home/utbot_mocks/temp/testcases, mocks=Other classes: Mockito
17:20:00.984 | INFO  | Started: warmup: kotlin reflection :: init
17:20:01.089 | INFO  | Finished (in 0.104 sec): warmup: kotlin reflection :: init 
[INIT]
>> [RUN] com.alibaba.fastjson.asm.ByteVector 30
17:20:01.102 | DEBUG | -----------------------------------------------------------------------------
17:20:01.103 | INFO  | Contest.runGeneration: Time budget: 30000 ms, Generation timeout=25500 ms, classpath=/var/benchmarks/projects/fastjson/target/classes:/var/benchmarks/projects/fastjson/target/fastjson-1.2.50-SNAPSHOT.jar:/var/benchmarks/projects/./fastjson/target/dependency/deeptestutils-1.1.0.jar:/var/benchmarks/projects/fastjson/target/dependency/commons-beanutils-1.8.0.jar:/var/benchmarks/projects/fastjson/target/dependency/woodstox-core-asl-4.4.1.jar:/var/benchmarks/projects/fastjson/target/dependency/spring-aop-4.3.7.RELEASE.jar:/var/benchmarks/projects/fastjson/target/dependency/hibernate-core-5.2.10.Final.jar:/var/benchmarks/projects/fastjson/target/dependency/jackson-module-kotlin-2.9.0.jar:/var/benchmarks/projects/fastjson/target/dependency/spring-data-commons-1.13.6.RELEASE.jar:/var/benchmarks/projects/fastjson/target/dependency/javax.annotation-api-1.2.jar:/var/benchmarks/projects/fastjson/target/dependency/gson-2.6.2.jar:/var/benchmarks/projects/fastjson/target/dependency/jetty-continuation-8.1.8.v20121106.jar:/var/benchmarks/projects/fastjson/target/dependency/objenesis-2.5.1.jar:/var/benchmarks/projects/fastjson/target/dependency/powermock-reflect-1.6.6.jar:/var/benchmarks/projects/fastjson/target/dependency/springfox-spring-web-2.6.1.jar:/var/benchmarks/projects/fastjson/target/dependency/javaslang-2.0.6.jar:/var/benchmarks/projects/fastjson/target/dependency/guava-18.0.jar:/var/benchmarks/projects/fastjson/target/dependency/mockito-core-1.10.19.jar:/var/benchmarks/projects/fastjson/target/dependency/json-lib-2.4-jdk15.jar:/var/benchmarks/projects/fastjson/target/dependency/jetty-xml-8.1.8.v20121106.jar:/var/benchmarks/projects/fastjson/target/dependency/xmlschema-core-2.2.1.jar:/var/benchmarks/projects/fastjson/target/dependency/powermock-api-support-1.6.6.jar:/var/benchmarks/projects/fastjson/target/dependency/commons-collections4-4.1.jar:/var/benchmarks/projects/fastjson/target/dependency/cglib-nodep-2.2.2.jar:/var/benchmarks/projects/fastjson/target/dependency/asm-debug-all-5.0.4.jar:/var/benchmarks/projects/fastjson/target/dependency/spring-plugin-core-1.2.0.RELEASE.jar:/var/benchmarks/projects/fastjson/target/dependency/cxf-rt-rs-client-3.1.2.jar:/var/benchmarks/projects/fastjson/target/dependency/jetty-io-8.1.8.v20121106.jar:/var/benchmarks/projects/fastjson/target/dependency/commons-lang3-3.4.jar:/var/benchmarks/projects/fastjson/target/dependency/stax2-api-3.1.4.jar:/var/benchmarks/projects/fastjson/target/dependency/jackson-annotations-2.9.0.jar:/var/benchmarks/projects/fastjson/target/dependency/jetty-server-8.1.8.v20121106.jar:/var/benchmarks/projects/fastjson/target/dependency/json-simple-1.1.1.jar:/var/benchmarks/projects/fastjson/target/dependency/asm-tree-4.0.jar:/var/benchmarks/projects/fastjson/target/dependency/spring-data-commons-core-1.4.1.RELEASE.jar:/var/benchmarks/projects/fastjson/target/dependency/powermock-module-junit4-common-1.6.6.jar:/var/benchmarks/projects/fastjson/target/dependency/jcl-over-slf4j-1.7.25.jar:/var/benchmarks/projects/fastjson/target/dependency/javax.servlet-3.0.0.v201112011016.jar:/var/benchmarks/projects/fastjson/target/dependency/springfox-core-2.6.1.jar:/var/benchmarks/projects/fastjson/target/dependency/osgi-resource-locator-1.0.1.jar:/var/benchmarks/projects/fastjson/target/dependency/javassist-3.18.0-GA.jar:/var/benchmarks/projects/fastjson/target/dependency/kotlin-reflect-1.1.3-2.jar:/var/benchmarks/projects/fastjson/target/dependency/spring-context-support-4.3.10.RELEASE.jar:/var/benchmarks/projects/fastjson/target/dependency/spring-plugin-metadata-1.2.0.RELEASE.jar:/var/benchmarks/projects/fastjson/target/dependency/kotlin-stdlib-1.1.3-2.jar:/var/benchmarks/projects/fastjson/target/dependency/spring-data-keyvalue-1.2.6.RELEASE.jar:/var/benchmarks/projects/fastjson/target/dependency/jersey-container-servlet-core-2.23.2.jar:/var/benchmarks/projects/fastjson/target/dependency/asm-4.0.jar:/var/benchmarks/projects/fastjson/target/dependency/asm-commons-4.0.jar:/var/benchmarks/projects/fastjson/target/dependency/jersey-guava-2.23.2.jar:/var/benchmarks/projects/fastjson/target/dependency/aopalliance-1.0.jar:/var/benchmarks/projects/fastjson/target/dependency/groovy-2.1.5.jar:/var/benchmarks/projects/fastjson/target/dependency/hk2-api-2.5.0-b05.jar:/var/benchmarks/projects/fastjson/target/dependency/jetty-security-8.1.8.v20121106.jar:/var/benchmarks/projects/fastjson/target/dependency/jmh-core-1.21.jar:/var/benchmarks/projects/fastjson/target/dependency/jersey-container-servlet-2.23.2.jar:/var/benchmarks/projects/fastjson/target/dependency/dom4j-1.6.1.jar:/var/benchmarks/projects/fastjson/target/dependency/spring-core-4.3.7.RELEASE.jar:/var/benchmarks/projects/fastjson/target/dependency/spring-data-redis-1.8.6.RELEASE.jar:/var/benchmarks/projects/fastjson/target/dependency/jackson-core-asl-1.9.13.jar:/var/benchmarks/projects/fastjson/target/dependency/jackson-mapper-asl-1.9.13.jar:/var/benchmarks/projects/fastjson/target/dependency/hibernate-jpa-2.1-api-1.0.0.Final.jar:/var/benchmarks/projects/fastjson/target/dependency/junit-4.12.jar:/var/benchmarks/projects/fastjson/target/dependency/commons-io-1.4.jar:/var/benchmarks/projects/fastjson/target/dependency/jetty-util-8.1.8.v20121106.jar:/var/benchmarks/projects/fastjson/target/dependency/hamcrest-core-1.3.jar:/var/benchmarks/projects/fastjson/target/dependency/jmh-generator-annprocess-1.21.jar:/var/benchmarks/projects/fastjson/target/dependency/jackson-jaxrs-base-2.8.7.jar:/var/benchmarks/projects/fastjson/target/dependency/powermock-module-junit4-1.6.6.jar:/var/benchmarks/projects/fastjson/target/dependency/powermock-core-1.6.6.jar:/var/benchmarks/projects/fastjson/target/dependency/slf4j-api-1.7.25.jar:/var/benchmarks/projects/fastjson/target/dependency/antlr-2.7.7.jar:/var/benchmarks/projects/fastjson/target/dependency/mockito-all-1.10.19.jar:/var/benchmarks/projects/fastjson/target/dependency/jersey-container-jdk-http-2.23.2.jar:/var/benchmarks/projects/fastjson/target/dependency/javaslang-match-2.0.6.jar:/var/benchmarks/projects/fastjson/target/dependency/jersey-test-framework-provider-jdk-http-2.23.2.jar:/var/benchmarks/projects/fastjson/target/dependency/jersey-entity-filtering-2.23.2.jar:/var/benchmarks/projects/fastjson/target/dependency/jandex-2.0.3.Final.jar:/var/benchmarks/projects/fastjson/target/dependency/ezmorph-1.0.6.jar:/var/benchmarks/projects/fastjson/target/dependency/jackson-jaxrs-json-provider-2.8.7.jar:/var/benchmarks/projects/fastjson/target/dependency/cxf-rt-transports-http-3.1.2.jar:/var/benchmarks/projects/fastjson/target/dependency/spring-beans-4.3.7.RELEASE.jar:/var/benchmarks/projects/fastjson/target/dependency/jersey-server-2.23.2.jar:/var/benchmarks/projects/fastjson/target/dependency/powermock-api-mockito-1.6.6.jar:/var/benchmarks/projects/fastjson/target/dependency/jackson-module-jaxb-annotations-2.8.7.jar:/var/benchmarks/projects/fastjson/target/dependency/jopt-simple-4.6.jar:/var/benchmarks/projects/fastjson/target/dependency/asm-analysis-4.0.jar:/var/benchmarks/projects/fastjson/target/dependency/annotations-13.0.jar:/var/benchmarks/projects/fastjson/target/dependency/json-path-2.3.0.jar:/var/benchmarks/projects/fastjson/target/dependency/springfox-spi-2.6.1.jar:/var/benchmarks/projects/fastjson/target/dependency/spring-websocket-4.3.7.RELEASE.jar:/var/benchmarks/projects/fastjson/target/dependency/spring-messaging-4.3.7.RELEASE.jar:/var/benchmarks/projects/fastjson/target/dependency/jersey-client-2.23.2.jar:/var/benchmarks/projects/fastjson/target/dependency/javax.ws.rs-api-2.0.1.jar:/var/benchmarks/projects/fastjson/target/dependency/accessors-smart-1.1.jar:/var/benchmarks/projects/fastjson/target/dependency/hibernate-commons-annotations-5.0.1.Final.jar:/var/benchmarks/projects/fastjson/target/dependency/commons-logging-1.1.1.jar:/var/benchmarks/projects/fastjson/target/dependency/jackson-core-2.9.0.jar:/var/benchmarks/projects/fastjson/target/dependency/spring-expression-4.3.7.RELEASE.jar:/var/benchmarks/projects/fastjson/target/dependency/jersey-media-jaxb-2.23.2.jar:/var/benchmarks/projects/fastjson/target/dependency/okhttp-3.6.0.jar:/var/benchmarks/projects/fastjson/target/dependency/commons-math3-3.2.jar:/var/benchmarks/projects/fastjson/target/dependency/jetty-webapp-8.1.8.v20121106.jar:/var/benchmarks/projects/fastjson/target/dependency/javax.inject-2.5.0-b05.jar:/var/benchmarks/projects/fastjson/target/dependency/cxf-core-3.1.2.jar:/var/benchmarks/projects/fastjson/target/dependency/powermock-api-mockito-common-1.6.6.jar:/var/benchmarks/projects/fastjson/target/dependency/jetty-http-8.1.8.v20121106.jar:/var/benchmarks/projects/fastjson/target/dependency/spring-security-config-3.2.10.RELEASE.jar:/var/benchmarks/projects/fastjson/target/dependency/okio-1.11.0.jar:/var/benchmarks/projects/fastjson/target/dependency/javax.servlet-api-3.1.0.jar:/var/benchmarks/projects/fastjson/target/dependency/json-smart-2.2.1.jar:/var/benchmarks/projects/fastjson/target/dependency/spring-tx-4.3.10.RELEASE.jar:/var/benchmarks/projects/fastjson/target/dependency/jackson-module-afterburner-2.9.0.jar:/var/benchmarks/projects/fastjson/target/dependency/asm-util-4.0.jar:/var/benchmarks/projects/fastjson/target/dependency/spring-security-web-4.2.3.RELEASE.jar:/var/benchmarks/projects/fastjson/target/dependency/spring-webmvc-4.3.7.RELEASE.jar:/var/benchmarks/projects/fastjson/target/dependency/hk2-locator-2.5.0-b05.jar:/var/benchmarks/projects/fastjson/target/dependency/retrofit-2.1.0.jar:/var/benchmarks/projects/fastjson/target/dependency/clojure-1.5.1.jar:/var/benchmarks/projects/fastjson/target/dependency/spring-security-oauth2-2.3.3.RELEASE.jar:/var/benchmarks/projects/fastjson/target/dependency/spring-test-4.3.7.RELEASE.jar:/var/benchmarks/projects/fastjson/target/dependency/aopalliance-repackaged-2.5.0-b05.jar:/var/benchmarks/projects/fastjson/target/dependency/spring-oxm-4.3.10.RELEASE.jar:/var/benchmarks/projects/fastjson/target/dependency/spring-security-core-4.2.3.RELEASE.jar:/var/benchmarks/projects/fastjson/target/dependency/jboss-transaction-api_1.2_spec-1.0.1.Final.jar:/var/benchmarks/projects/fastjson/target/dependency/lombok-1.14.4.jar:/var/benchmarks/projects/fastjson/target/dependency/commons-collections-3.2.1.jar:/var/benchmarks/projects/fastjson/target/dependency/cxf-rt-frontend-jaxrs-3.1.2.jar:/var/benchmarks/projects/fastjson/target/dependency/spring-context-4.3.7.RELEASE.jar:/var/benchmarks/projects/fastjson/target/dependency/jersey-test-framework-core-2.23.2.jar:/var/benchmarks/projects/fastjson/target/dependency/classmate-1.3.1.jar:/var/benchmarks/projects/fastjson/target/dependency/hk2-utils-2.5.0-b05.jar:/var/benchmarks/projects/fastjson/target/dependency/jersey-common-2.23.2.jar:/var/benchmarks/projects/fastjson/target/dependency/jackson-databind-2.9.0.jar:/var/benchmarks/projects/fastjson/target/dependency/jersey-media-json-jackson-2.23.2.jar:/var/benchmarks/projects/fastjson/target/dependency/commons-lang-2.5.jar:/var/benchmarks/projects/fastjson/target/dependency/jetty-servlet-8.1.8.v20121106.jar:/var/benchmarks/projects/fastjson/target/dependency/validation-api-1.1.0.Final.jar:/var/benchmarks/projects/fastjson/target/dependency/spring-web-4.3.7.RELEASE.jar:/var/benchmarks/projects/fastjson/target/dependency/jsoniter-0.9.8.jar:/var/benchmarks/projects/fastjson/target/dependency/jboss-logging-3.3.0.Final.jar, methodNameFilter=null
17:20:01.108 | INFO  | ClassUnderTest[ FQN: com.alibaba.fastjson.asm.ByteVector
    classfileDir: /var/benchmarks/projects/fastjson/target/classes
    testClassSimpleName: ByteVectorTest
    generatedTestFile: /home/utbot_mocks/temp/testcases/com/alibaba/fastjson/asm/ByteVectorTest.java
    generatedTestsSourcesDir: /home/utbot_mocks/temp/testcases
]
17:20:01.141 | INFO  | Started: class com.alibaba.fastjson.asm.ByteVector
17:20:01.142 | INFO  | Started: preparation class class com.alibaba.fastjson.asm.ByteVector: kotlin reflection :: run
17:20:01.159 | INFO  | Finished (in 0.016 sec): preparation class class com.alibaba.fastjson.asm.ByteVector: kotlin reflection :: run 
17:20:01.160 | INFO  | Started: 2nd optional soot initialization
17:20:01.162 | INFO  | Finished (in 0.001 sec): 2nd optional soot initialization 
17:20:01.175 | DEBUG |  ... 
17:20:01.189 | INFO  | Started: method com.alibaba.fastjson.asm.ByteVector.putByteArray(byte[], int, int)
17:20:01.191 | INFO  |  -- Remaining time budget: 25427 ms, #remaining_methods: 10, budget for method: 2542 ms, solver timeout: 1000 ms, budget for symbolic execution: 1342 ms, budget for concrete execution: 1200 ms,  -- 
17:20:01.511 | DEBUG | --new testCase collected, to generate: testCom.alibaba.fastjson.asm.ByteVector.putByteArray(byte[], int, int)1
17:20:02.197 | DEBUG | --new testCase collected, to generate: testCom.alibaba.fastjson.asm.ByteVector.putByteArray(byte[], int, int)2
17:20:02.396 | DEBUG | --new testCase collected, to generate: testCom.alibaba.fastjson.asm.ByteVector.putByteArray(byte[], int, int)3
17:20:02.524 | INFO  | |> Starting concrete execution for remaining state: com.alibaba.fastjson.asm.ByteVector.putByteArray(byte[], int, int)
17:20:02.885 | DEBUG | --new testCase collected, to generate: testCom.alibaba.fastjson.asm.ByteVector.putByteArray(byte[], int, int)4
17:20:03.374 | DEBUG | --new testCase collected, to generate: testCom.alibaba.fastjson.asm.ByteVector.putByteArray(byte[], int, int)5
17:20:03.425 | DEBUG | --new testCase collected, to generate: testCom.alibaba.fastjson.asm.ByteVector.putByteArray(byte[], int, int)6
17:20:03.452 | DEBUG | --new testCase collected, to generate: testCom.alibaba.fastjson.asm.ByteVector.putByteArray(byte[], int, int)7
17:20:03.462 | INFO  | Finished (in 2.272 sec): method com.alibaba.fastjson.asm.ByteVector.putByteArray(byte[], int, int) 
<StatsForMethod> :
	#generatedTC=7
	WITH NO EXCEPTIONS
17:20:03.505 | DEBUG |  ... 
17:20:03.506 | INFO  | Started: method com.alibaba.fastjson.asm.ByteVector.putUTF8(String)
17:20:03.506 | INFO  |  -- Remaining time budget: 23101 ms, #remaining_methods: 9, budget for method: 2566 ms, solver timeout: 1000 ms, budget for symbolic execution: 1366 ms, budget for concrete execution: 1200 ms,  -- 
17:20:03.544 | DEBUG | --new testCase collected, to generate: testCom.alibaba.fastjson.asm.ByteVector.putUTF8(String)1
17:20:03.589 | DEBUG | --new testCase collected, to generate: testCom.alibaba.fastjson.asm.ByteVector.putUTF8(String)2
17:20:03.732 | DEBUG | --new testCase collected, to generate: testCom.alibaba.fastjson.asm.ByteVector.putUTF8(String)3
17:20:03.766 | DEBUG | --new testCase collected, to generate: testCom.alibaba.fastjson.asm.ByteVector.putUTF8(String)4
17:20:03.775 | DEBUG | --new testCase collected, to generate: testCom.alibaba.fastjson.asm.ByteVector.putUTF8(String)5
17:20:03.916 | DEBUG | --new testCase collected, to generate: testCom.alibaba.fastjson.asm.ByteVector.putUTF8(String)6
17:20:04.410 | DEBUG | --new testCase collected, to generate: testCom.alibaba.fastjson.asm.ByteVector.putUTF8(String)7
17:20:04.451 | DEBUG | --new testCase collected, to generate: testCom.alibaba.fastjson.asm.ByteVector.putUTF8(String)8
17:20:04.557 | DEBUG | --new testCase collected, to generate: testCom.alibaba.fastjson.asm.ByteVector.putUTF8(String)9
17:20:04.708 | DEBUG | --new testCase collected, to generate: testCom.alibaba.fastjson.asm.ByteVector.putUTF8(String)10
17:20:04.801 | DEBUG | --new testCase collected, to generate: testCom.alibaba.fastjson.asm.ByteVector.putUTF8(String)11
17:20:04.837 | DEBUG | --new testCase collected, to generate: testCom.alibaba.fastjson.asm.ByteVector.putUTF8(String)12
17:20:04.838 | INFO  | Finished (in 1.332 sec): method com.alibaba.fastjson.asm.ByteVector.putUTF8(String) 
<StatsForMethod> :
	#generatedTC=12
	WITH NO EXCEPTIONS
17:20:04.919 | DEBUG |  ... 
17:20:04.920 | INFO  | Started: method com.alibaba.fastjson.asm.ByteVector.put12(int, int)
17:20:04.920 | INFO  |  -- Remaining time budget: 21686 ms, #remaining_methods: 8, budget for method: 2710 ms, solver timeout: 1000 ms, budget for symbolic execution: 1510 ms, budget for concrete execution: 1200 ms,  -- 
17:20:04.929 | DEBUG | --new testCase collected, to generate: testCom.alibaba.fastjson.asm.ByteVector.put12(int, int)1
17:20:04.977 | DEBUG | --new testCase collected, to generate: testCom.alibaba.fastjson.asm.ByteVector.put12(int, int)2
17:20:05.003 | DEBUG | --new testCase collected, to generate: testCom.alibaba.fastjson.asm.ByteVector.put12(int, int)3
17:20:05.027 | DEBUG | --new testCase collected, to generate: testCom.alibaba.fastjson.asm.ByteVector.put12(int, int)4
17:20:05.184 | DEBUG | --new testCase collected, to generate: testCom.alibaba.fastjson.asm.ByteVector.put12(int, int)5
17:20:05.493 | DEBUG | --new testCase collected, to generate: testCom.alibaba.fastjson.asm.ByteVector.put12(int, int)6
17:20:05.518 | DEBUG | --new testCase collected, to generate: testCom.alibaba.fastjson.asm.ByteVector.put12(int, int)7
17:20:05.673 | DEBUG | --new testCase collected, to generate: testCom.alibaba.fastjson.asm.ByteVector.put12(int, int)8
17:20:05.676 | INFO  | Finished (in 0.755 sec): method com.alibaba.fastjson.asm.ByteVector.put12(int, int) 
<StatsForMethod> :
	#generatedTC=8
	WITH NO EXCEPTIONS
17:20:05.723 | DEBUG |  ... 
17:20:05.724 | INFO  | Started: method com.alibaba.fastjson.asm.ByteVector.put11(int, int)
17:20:05.724 | INFO  |  -- Remaining time budget: 20883 ms, #remaining_methods: 7, budget for method: 2983 ms, solver timeout: 1000 ms, budget for symbolic execution: 1783 ms, budget for concrete execution: 1200 ms,  -- 
17:20:05.732 | DEBUG | --new testCase collected, to generate: testCom.alibaba.fastjson.asm.ByteVector.put11(int, int)1
17:20:05.781 | DEBUG | --new testCase collected, to generate: testCom.alibaba.fastjson.asm.ByteVector.put11(int, int)2
17:20:05.805 | DEBUG | --new testCase collected, to generate: testCom.alibaba.fastjson.asm.ByteVector.put11(int, int)3
17:20:05.843 | DEBUG | --new testCase collected, to generate: testCom.alibaba.fastjson.asm.ByteVector.put11(int, int)4
17:20:05.885 | DEBUG | --new testCase collected, to generate: testCom.alibaba.fastjson.asm.ByteVector.put11(int, int)5
17:20:06.256 | DEBUG | --new testCase collected, to generate: testCom.alibaba.fastjson.asm.ByteVector.put11(int, int)6
17:20:06.387 | DEBUG | --new testCase collected, to generate: testCom.alibaba.fastjson.asm.ByteVector.put11(int, int)7
17:20:06.393 | INFO  | Finished (in 0.669 sec): method com.alibaba.fastjson.asm.ByteVector.put11(int, int) 
<StatsForMethod> :
	#generatedTC=7
	WITH NO EXCEPTIONS
17:20:06.436 | DEBUG |  ... 
17:20:06.437 | INFO  | Started: method com.alibaba.fastjson.asm.ByteVector.enlarge(int)
17:20:06.437 | INFO  |  -- Remaining time budget: 20169 ms, #remaining_methods: 6, budget for method: 3361 ms, solver timeout: 1000 ms, budget for symbolic execution: 2161 ms, budget for concrete execution: 1200 ms,  -- 
17:20:06.448 | DEBUG | --new testCase collected, to generate: testCom.alibaba.fastjson.asm.ByteVector.enlarge(int)1
17:20:06.477 | DEBUG | --new testCase collected, to generate: testCom.alibaba.fastjson.asm.ByteVector.enlarge(int)2
17:20:06.760 | DEBUG | --new testCase collected, to generate: testCom.alibaba.fastjson.asm.ByteVector.enlarge(int)3
17:20:06.818 | DEBUG | --new testCase collected, to generate: testCom.alibaba.fastjson.asm.ByteVector.enlarge(int)4
17:20:06.823 | INFO  | Finished (in 0.386 sec): method com.alibaba.fastjson.asm.ByteVector.enlarge(int) 
<StatsForMethod> :
	#generatedTC=4
	WITH NO EXCEPTIONS
17:20:06.840 | DEBUG |  ... 
17:20:06.841 | INFO  | Started: method com.alibaba.fastjson.asm.ByteVector.putByte(int)
17:20:06.841 | INFO  |  -- Remaining time budget: 19765 ms, #remaining_methods: 5, budget for method: 3953 ms, solver timeout: 1000 ms, budget for symbolic execution: 2753 ms, budget for concrete execution: 1200 ms,  -- 
17:20:06.850 | DEBUG | --new testCase collected, to generate: testCom.alibaba.fastjson.asm.ByteVector.putByte(int)1
17:20:06.879 | DEBUG | --new testCase collected, to generate: testCom.alibaba.fastjson.asm.ByteVector.putByte(int)2
17:20:06.938 | DEBUG | --new testCase collected, to generate: testCom.alibaba.fastjson.asm.ByteVector.putByte(int)3
17:20:06.945 | DEBUG | --new testCase collected, to generate: testCom.alibaba.fastjson.asm.ByteVector.putByte(int)4
17:20:06.976 | DEBUG | --new testCase collected, to generate: testCom.alibaba.fastjson.asm.ByteVector.putByte(int)5
17:20:07.344 | DEBUG | --new testCase collected, to generate: testCom.alibaba.fastjson.asm.ByteVector.putByte(int)6
17:20:07.366 | DEBUG | --new testCase collected, to generate: testCom.alibaba.fastjson.asm.ByteVector.putByte(int)7
17:20:07.430 | DEBUG | --new testCase collected, to generate: testCom.alibaba.fastjson.asm.ByteVector.putByte(int)8
17:20:07.431 | INFO  | Finished (in 0.589 sec): method com.alibaba.fastjson.asm.ByteVector.putByte(int) 
<StatsForMethod> :
	#generatedTC=8
	WITH NO EXCEPTIONS
17:20:07.462 | DEBUG |  ... 
17:20:07.463 | INFO  | Started: method com.alibaba.fastjson.asm.ByteVector.putShort(int)
17:20:07.463 | INFO  |  -- Remaining time budget: 19143 ms, #remaining_methods: 4, budget for method: 4785 ms, solver timeout: 1000 ms, budget for symbolic execution: 3585 ms, budget for concrete execution: 1200 ms,  -- 
17:20:07.470 | DEBUG | --new testCase collected, to generate: testCom.alibaba.fastjson.asm.ByteVector.putShort(int)1
17:20:07.499 | DEBUG | --new testCase collected, to generate: testCom.alibaba.fastjson.asm.ByteVector.putShort(int)2
17:20:07.540 | DEBUG | --new testCase collected, to generate: testCom.alibaba.fastjson.asm.ByteVector.putShort(int)3
17:20:07.564 | DEBUG | --new testCase collected, to generate: testCom.alibaba.fastjson.asm.ByteVector.putShort(int)4
17:20:07.680 | DEBUG | --new testCase collected, to generate: testCom.alibaba.fastjson.asm.ByteVector.putShort(int)5
17:20:07.989 | DEBUG | --new testCase collected, to generate: testCom.alibaba.fastjson.asm.ByteVector.putShort(int)6
17:20:08.033 | DEBUG | --new testCase collected, to generate: testCom.alibaba.fastjson.asm.ByteVector.putShort(int)7
17:20:08.098 | DEBUG | --new testCase collected, to generate: testCom.alibaba.fastjson.asm.ByteVector.putShort(int)8
17:20:08.119 | INFO  | Finished (in 0.655 sec): method com.alibaba.fastjson.asm.ByteVector.putShort(int) 
<StatsForMethod> :
	#generatedTC=8
	WITH NO EXCEPTIONS
17:20:08.158 | DEBUG |  ... 
17:20:08.159 | INFO  | Started: method com.alibaba.fastjson.asm.ByteVector.putInt(int)
17:20:08.159 | INFO  |  -- Remaining time budget: 18448 ms, #remaining_methods: 3, budget for method: 6149 ms, solver timeout: 1000 ms, budget for symbolic execution: 4949 ms, budget for concrete execution: 1200 ms,  -- 
17:20:08.166 | DEBUG | --new testCase collected, to generate: testCom.alibaba.fastjson.asm.ByteVector.putInt(int)1
17:20:08.194 | DEBUG | --new testCase collected, to generate: testCom.alibaba.fastjson.asm.ByteVector.putInt(int)2
17:20:08.235 | DEBUG | --new testCase collected, to generate: testCom.alibaba.fastjson.asm.ByteVector.putInt(int)3
17:20:08.259 | DEBUG | --new testCase collected, to generate: testCom.alibaba.fastjson.asm.ByteVector.putInt(int)4
17:20:08.469 | DEBUG | --new testCase collected, to generate: testCom.alibaba.fastjson.asm.ByteVector.putInt(int)5
17:20:08.965 | DEBUG | --new testCase collected, to generate: testCom.alibaba.fastjson.asm.ByteVector.putInt(int)6
17:20:09.040 | DEBUG | --new testCase collected, to generate: testCom.alibaba.fastjson.asm.ByteVector.putInt(int)7
17:20:09.124 | DEBUG | --new testCase collected, to generate: testCom.alibaba.fastjson.asm.ByteVector.putInt(int)8
17:20:09.127 | INFO  | Finished (in 0.968 sec): method com.alibaba.fastjson.asm.ByteVector.putInt(int) 
<StatsForMethod> :
	#generatedTC=8
	WITH NO EXCEPTIONS
17:20:09.207 | DEBUG |  ... 
17:20:09.208 | INFO  | Started: method com.alibaba.fastjson.asm.ByteVector.<init>()
17:20:09.208 | INFO  |  -- Remaining time budget: 17398 ms, #remaining_methods: 2, budget for method: 8699 ms, solver timeout: 1000 ms, budget for symbolic execution: 7499 ms, budget for concrete execution: 1200 ms,  -- 
17:20:09.216 | DEBUG | --new testCase collected, to generate: testCom.alibaba.fastjson.asm.ByteVector.<init>()1
17:20:09.261 | DEBUG | --new testCase collected, to generate: testCom.alibaba.fastjson.asm.ByteVector.<init>()2
17:20:09.261 | INFO  | Finished (in 0.053 sec): method com.alibaba.fastjson.asm.ByteVector.<init>() 
<StatsForMethod> :
	#generatedTC=2
	WITH NO EXCEPTIONS
17:20:09.265 | DEBUG |  ... 
17:20:09.265 | INFO  | Started: method com.alibaba.fastjson.asm.ByteVector.<init>(int)
17:20:09.266 | INFO  |  -- Remaining time budget: 17341 ms, #remaining_methods: 1, budget for method: 17341 ms, solver timeout: 1000 ms, budget for symbolic execution: 16141 ms, budget for concrete execution: 1200 ms,  -- 
17:20:09.271 | DEBUG | --new testCase collected, to generate: testCom.alibaba.fastjson.asm.ByteVector.<init>(int)1
17:20:09.314 | DEBUG | --new testCase collected, to generate: testCom.alibaba.fastjson.asm.ByteVector.<init>(int)2
17:20:09.334 | DEBUG | --new testCase collected, to generate: testCom.alibaba.fastjson.asm.ByteVector.<init>(int)3
17:20:09.334 | INFO  | Finished (in 0.068 sec): method com.alibaba.fastjson.asm.ByteVector.<init>(int) 
<StatsForMethod> :
	#generatedTC=3
	WITH NO EXCEPTIONS
17:20:09.342 | INFO  | Started: Flushing tests for [ByteVector] on disk
17:20:09.632 | INFO  | File size for ByteVectorTest: 40 KB
17:20:09.634 | INFO  | Finished (in 0.291 sec): Flushing tests for [ByteVector] on disk 
17:20:09.635 | INFO  | Finished (in 8.493 sec): class com.alibaba.fastjson.asm.ByteVector 
<StatsForClass> :
	canceled by timeout = false
	#methods = 10, 
	#methods started symbolic exploration = 10
	#methods with at least one TC = 10
	#methods with exceptions = 0
	#generated TC = 67
	#coverage = null
[READY]
