#
# A fatal error has been detected by the Java Runtime Environment:
#
#  SIGSEGV (0xb) at pc=0x00007f241b693964, pid=16016, tid=0x00007f23be585700
#
# JRE version: OpenJDK Runtime Environment (8.0_312-b07) (build 1.8.0_312-8u312-b07-0ubuntu1~20.04-b07)
# Java VM: OpenJDK 64-Bit Server VM (25.312-b07 mixed mode linux-amd64 compressed oops)
# Problematic frame:
# V  [libjvm.so+0x74d964]  JVM_GetClassAccessFlags+0x54
#
# Core dump written. Default location: /home/utbot_mocks/core or core.16016
#
# If you would like to submit a bug report, please visit:
#   http://bugreport.java.com/bugreport/crash.jsp
#

---------------  T H R E A D  ---------------

Current thread (0x00007f24147e7800):  JavaThread "executor" daemon [_thread_in_vm, id=16038, stack(0x00007f23be485000,0x00007f23be586000)]

siginfo: si_signo: 11 (SIGSEGV), si_code: 1 (SEGV_MAPERR), si_addr: 0x0000000000000000

Registers:
RAX=0x0000000000000000, RBX=0x00007f240123bf90, RCX=0x00007f240123cd00, RDX=0x00007f241bd27978
RSP=0x00007f23be583fe0, RBP=0x00007f23be584000, RSI=0x0000000000000000, RDI=0x00007f24147e7800
R8 =0x00007f23940027f0, R9 =0x000000000000000b, R10=0x00007f24058e57cf, R11=0x00007f24058e5798
R12=0x00007f24147e7800, R13=0x0000000000000000, R14=0x00007f23be584040, R15=0x00007f24147e7800
RIP=0x00007f241b693964, EFLAGS=0x0000000000010246, CSGSFS=0x002b000000000033, ERR=0x0000000000000004
  TRAPNO=0x000000000000000e

Top of Stack: (sp=0x00007f23be583fe0)
0x00007f23be583fe0:   00007f240123bf90 0000000000000000
0x00007f23be583ff0:   00007f23be584070 00007f23be584040
0x00007f23be584000:   00007f23be584050 00007f24058e583f
0x00007f23be584010:   0000000000000000 00007f2414882f20
0x00007f23be584020:   00007f24010fd5c0 00007f24147e7800
0x00007f23be584030:   00007f24144b86b0 00007f23bd0f0028
0x00007f23be584040:   00000003d1401868 00007f241b5d512d
0x00007f23be584050:   00007f23be5840b8 00007f2405007a40
0x00007f23be584060:   0000000000000000 00007f2405007a40
0x00007f23be584070:   0000000000000000 00007f23be584078
0x00007f23be584080:   00007f240123c029 00007f23be5840d0
0x00007f23be584090:   00007f240123cd00 00007f23bd428f50
0x00007f23be5840a0:   00007f240123c038 00007f23be584070
0x00007f23be5840b0:   00007f23be5840c8 00007f23be584118
0x00007f23be5840c0:   00007f24050077d0 0000000000000000
0x00007f23be5840d0:   0000000000000000 00007f23be5840d8
0x00007f23be5840e0:   00007f240119787f 00007f23be584140
0x00007f23be5840f0:   00007f2401212e90 0000000000000000
0x00007f23be584100:   00007f24011978d0 00007f23be5840c8
0x00007f23be584110:   00007f23be584130 00007f23be584188
0x00007f23be584120:   00007f2405007d80 0000000000000000
0x00007f23be584130:   000000067ee78870 000000067ee77f08
0x00007f23be584140:   000000067ee77a08 00007f23be584148
0x00007f23be584150:   00007f23bd0f436b 00007f23be5841b8
0x00007f23be584160:   00007f23bd413a58 0000000000000000
0x00007f23be584170:   00007f23bd0f4508 00007f23be584130
0x00007f23be584180:   00007f23be5841a8 00007f23be584220
0x00007f23be584190:   00007f24050004e7 0000000000000000
0x00007f23be5841a0:   0000000000000020 000000067ee78870
0x00007f23be5841b0:   000000067ee77f08 000000067ee77a08
0x00007f23be5841c0:   00007f2400001fa0 00007f23be5842c0
0x00007f23be5841d0:   00007f23be5843f0 00007f24147e7800 

Instructions: (pc=0x00007f241b693964)
0x00007f241b693944:   00 74 0b 4c 89 e7 45 31 e4 e8 7e 4d 38 00 4c 89
0x00007f241b693954:   e7 e8 f6 a0 ff ff 41 f6 c5 01 0f 85 7c 00 00 00
0x00007f241b693964:   49 8b 7d 00 e8 63 4b f5 ff 84 c0 0f 85 93 00 00
0x00007f241b693974:   00 49 8b 7d 00 e8 32 48 f5 ff 44 8b b0 9c 00 00 

Register to memory mapping:

RAX=0x0000000000000000 is an unknown value
RBX={method} {0x00007f240123bf90} 'getClassAccessFlags' '(Ljava/lang/Class;)I' in 'sun/reflect/Reflection'
RCX=0x00007f240123cd00 is pointing into metadata
RDX=0x00007f241bd27978: <offset 0xde1978> in /usr/lib/jvm/java-8-openjdk-amd64/jre/lib/amd64/server/libjvm.so at 0x00007f241af46000
RSP=0x00007f23be583fe0 is pointing into the stack for thread: 0x00007f24147e7800
RBP=0x00007f23be584000 is pointing into the stack for thread: 0x00007f24147e7800
RSI=0x0000000000000000 is an unknown value
RDI=0x00007f24147e7800 is a thread
R8 =0x00007f23940027f0 is an unknown value
R9 =0x000000000000000b is an unknown value
R10=0x00007f24058e57cf is at entry_point+79 in (nmethod*)0x00007f24058e5610
R11=0x00007f24058e5798 is at entry_point+24 in (nmethod*)0x00007f24058e5610
R12=0x00007f24147e7800 is a thread
R13=0x0000000000000000 is an unknown value
R14=0x00007f23be584040 is pointing into the stack for thread: 0x00007f24147e7800
R15=0x00007f24147e7800 is a thread


Stack: [0x00007f23be485000,0x00007f23be586000],  sp=0x00007f23be583fe0,  free space=1019k
Native frames: (J=compiled Java code, j=interpreted, Vv=VM code, C=native code)
V  [libjvm.so+0x74d964]  JVM_GetClassAccessFlags+0x54
J 2214  sun.reflect.Reflection.getClassAccessFlags(Ljava/lang/Class;)I (0 bytes) @ 0x00007f24058e583f [0x00007f24058e5780+0xbf]
j  sun.reflect.Reflection.quickCheckMemberAccess(Ljava/lang/Class;I)Z+1
j  java.lang.reflect.Method.invoke(Ljava/lang/Object;[Ljava/lang/Object;)Ljava/lang/Object;+15
j  com.google.common.base.Throwables.invokeAccessibleNonThrowingMethod(Ljava/lang/reflect/Method;Ljava/lang/Object;[Ljava/lang/Object;)Ljava/lang/Object;+123
v  ~StubRoutines::call_stub
V  [libjvm.so+0x69e1a5]
V  [libjvm.so+0xa003cd]
V  [libjvm.so+0xa0149b]
V  [libjvm.so+0x755d52]  JVM_InvokeMethod+0x1f2
j  sun.reflect.NativeMethodAccessorImpl.invoke0(Ljava/lang/reflect/Method;Ljava/lang/Object;[Ljava/lang/Object;)Ljava/lang/Object;+0
j  sun.reflect.NativeMethodAccessorImpl.invoke(Ljava/lang/Object;[Ljava/lang/Object;)Ljava/lang/Object;+100
j  sun.reflect.DelegatingMethodAccessorImpl.invoke(Ljava/lang/Object;[Ljava/lang/Object;)Ljava/lang/Object;+6
j  java.lang.reflect.Method.invoke(Ljava/lang/Object;[Ljava/lang/Object;)Ljava/lang/Object;+56
j  com.huawei.utbot.instrumentation.instrumentation.InvokeInstrumentation$invoke$$inlined$run$lambda$1.invoke()Ljava/lang/Object;+52
j  com.huawei.utbot.common.ThreadBasedExecutor$invokeWithTimeout$1.invoke()V+36
j  com.huawei.utbot.common.ThreadBasedExecutor$invokeWithTimeout$1.invoke()Ljava/lang/Object;+1
j  kotlin.concurrent.ThreadsKt$thread$thread$1.run()V+4
v  ~StubRoutines::call_stub
V  [libjvm.so+0x69e1a5]
V  [libjvm.so+0x69b91f]
V  [libjvm.so+0x69bf04]
V  [libjvm.so+0x747f30]
V  [libjvm.so+0xadb400]
V  [libjvm.so+0xadb752]
V  [libjvm.so+0x97dec0]
C  [libpthread.so.0+0x9609]  start_thread+0xd9

Java frames: (J=compiled Java code, j=interpreted, Vv=VM code)
J 2214  sun.reflect.Reflection.getClassAccessFlags(Ljava/lang/Class;)I (0 bytes) @ 0x00007f24058e57cf [0x00007f24058e5780+0x4f]
j  sun.reflect.Reflection.quickCheckMemberAccess(Ljava/lang/Class;I)Z+1
j  java.lang.reflect.Method.invoke(Ljava/lang/Object;[Ljava/lang/Object;)Ljava/lang/Object;+15
j  com.google.common.base.Throwables.invokeAccessibleNonThrowingMethod(Ljava/lang/reflect/Method;Ljava/lang/Object;[Ljava/lang/Object;)Ljava/lang/Object;+123
v  ~StubRoutines::call_stub
j  sun.reflect.NativeMethodAccessorImpl.invoke0(Ljava/lang/reflect/Method;Ljava/lang/Object;[Ljava/lang/Object;)Ljava/lang/Object;+0
j  sun.reflect.NativeMethodAccessorImpl.invoke(Ljava/lang/Object;[Ljava/lang/Object;)Ljava/lang/Object;+100
j  sun.reflect.DelegatingMethodAccessorImpl.invoke(Ljava/lang/Object;[Ljava/lang/Object;)Ljava/lang/Object;+6
j  java.lang.reflect.Method.invoke(Ljava/lang/Object;[Ljava/lang/Object;)Ljava/lang/Object;+56
j  com.huawei.utbot.instrumentation.instrumentation.InvokeInstrumentation$invoke$$inlined$run$lambda$1.invoke()Ljava/lang/Object;+52
j  com.huawei.utbot.common.ThreadBasedExecutor$invokeWithTimeout$1.invoke()V+36
j  com.huawei.utbot.common.ThreadBasedExecutor$invokeWithTimeout$1.invoke()Ljava/lang/Object;+1
j  kotlin.concurrent.ThreadsKt$thread$thread$1.run()V+4
v  ~StubRoutines::call_stub

---------------  P R O C E S S  ---------------

Java Threads: ( => current thread )
=>0x00007f24147e7800 JavaThread "executor" daemon [_thread_in_vm, id=16038, stack(0x00007f23be485000,0x00007f23be586000)]
  0x00007f24142fb800 JavaThread "Service Thread" daemon [_thread_blocked, id=16036, stack(0x00007f23bf03b000,0x00007f23bf13c000)]
  0x00007f24142f8800 JavaThread "C1 CompilerThread3" daemon [_thread_blocked, id=16035, stack(0x00007f23bf13d000,0x00007f23bf23d000)]
  0x00007f24142f6000 JavaThread "C2 CompilerThread2" daemon [_thread_blocked, id=16034, stack(0x00007f23bf23e000,0x00007f23bf33e000)]
  0x00007f24142f4000 JavaThread "C2 CompilerThread1" daemon [_thread_blocked, id=16033, stack(0x00007f23bf33f000,0x00007f23bf43f000)]
  0x00007f24142f2000 JavaThread "C2 CompilerThread0" daemon [_thread_in_native, id=16032, stack(0x00007f23bf440000,0x00007f23bf540000)]
  0x00007f2414206800 JavaThread "Signal Dispatcher" daemon [_thread_blocked, id=16031, stack(0x00007f23bf6f7000,0x00007f23bf7f8000)]
  0x00007f24141d7800 JavaThread "Finalizer" daemon [_thread_blocked, id=16029, stack(0x00007f23bf7f8000,0x00007f23bf8f9000)]
  0x00007f24141d3000 JavaThread "Reference Handler" daemon [_thread_blocked, id=16028, stack(0x00007f23bf8f9000,0x00007f23bf9fa000)]
  0x00007f241400b800 JavaThread "main" [_thread_blocked, id=16018, stack(0x00007f241aafa000,0x00007f241abfa000)]

Other Threads:
  0x00007f24141c9000 VMThread [stack: 0x00007f23bf9fb000,0x00007f23bfafb000] [id=16027]
  0x00007f24142fe000 WatcherThread [stack: 0x00007f23bef3b000,0x00007f23bf03b000] [id=16037]

VM state:not at safepoint (normal execution)

VM Mutex/Monitor currently owned by a thread: None

heap address: 0x00000003d1400000, size: 16108 MB, Compressed Oops mode: Zero based, Oop shift amount: 3
Narrow klass base: 0x0000000000000000, Narrow klass shift: 3
Compressed class space size: 1073741824 Address: 0x00000007c0000000

Heap:
 PSYoungGen      total 301056K, used 242698K [0x0000000670700000, 0x0000000695300000, 0x00000007c0000000)
  eden space 258048K, 94% used [0x0000000670700000,0x000000067f402b40,0x0000000680300000)
  from space 43008K, 0% used [0x0000000680300000,0x0000000680300000,0x0000000682d00000)
  to   space 43008K, 0% used [0x0000000692900000,0x0000000692900000,0x0000000695300000)
 ParOldGen       total 481792K, used 32879K [0x00000003d1400000, 0x00000003eea80000, 0x0000000670700000)
  object space 481792K, 6% used [0x00000003d1400000,0x00000003d341bc38,0x00000003eea80000)
 Metaspace       used 30028K, capacity 30324K, committed 30592K, reserved 1077248K
  class space    used 2963K, capacity 3074K, committed 3200K, reserved 1048576K

Card table byte_map: [0x00007f241873a000,0x00007f241a6b1000] byte_map_base: 0x00007f24168b0000

Marking Bits: (ParMarkBitMap*) 0x00007f241bd2b720
 Begin Bits: [0x00007f23c48a0000, 0x00007f23d4450000)
 End Bits:   [0x00007f23d4450000, 0x00007f23e4000000)

Polling page: 0x00007f241bfc6000

CodeCache: size=245760Kb used=9323Kb max_used=9323Kb free=236436Kb
 bounds [0x00007f2405000000, 0x00007f2405930000, 0x00007f2414000000]
 total_blobs=2654 nmethods=2235 adapters=332
 compilation: enabled

Compilation events (10 events):
Event: 46.116 Thread 0x00007f24142f8800 nmethod 2244 0x00007f240591c390 code [0x00007f240591c7a0, 0x00007f240591eb08]
Event: 46.116 Thread 0x00007f24142f8800 2246       3       com.esotericsoftware.kryo.util.Generics$GenericType::resolve (32 bytes)
Event: 46.117 Thread 0x00007f24142f8800 nmethod 2246 0x00007f24058ffed0 code [0x00007f2405900060, 0x00007f2405900548]
Event: 46.117 Thread 0x00007f24142f8800 2245       3       java.util.IdentityHashMap::hash (18 bytes)
Event: 46.117 Thread 0x00007f24142f8800 nmethod 2245 0x00007f24058ffb50 code [0x00007f24058ffcc0, 0x00007f24058ffe48]
Event: 46.456 Thread 0x00007f24142f8800 2247       3       com.esotericsoftware.kryo.io.Input::readString (71 bytes)
Event: 46.457 Thread 0x00007f24142f8800 nmethod 2247 0x00007f2405920290 code [0x00007f2405920440, 0x00007f24059207a8]
Event: 46.459 Thread 0x00007f24142f8800 2248       3       java.lang.Class::privateGetDeclaredMethods (67 bytes)
Event: 46.459 Thread 0x00007f24142f8800 nmethod 2248 0x00007f24059208d0 code [0x00007f2405920ae0, 0x00007f2405921408]
Event: 46.459 Thread 0x00007f24142f2000 2249       4       kotlin.text.StringsKt__StringsKt::indexOf (65 bytes)

GC Heap History (4 events):
Event: 2.131 GC heap before
{Heap before GC invocations=1 (full 0):
 PSYoungGen      total 301056K, used 249900K [0x0000000670700000, 0x0000000685700000, 0x00000007c0000000)
  eden space 258048K, 96% used [0x0000000670700000,0x000000067fb0b2f0,0x0000000680300000)
  from space 43008K, 0% used [0x0000000682d00000,0x0000000682d00000,0x0000000685700000)
  to   space 43008K, 0% used [0x0000000680300000,0x0000000680300000,0x0000000682d00000)
 ParOldGen       total 688128K, used 0K [0x00000003d1400000, 0x00000003fb400000, 0x0000000670700000)
  object space 688128K, 0% used [0x00000003d1400000,0x00000003d1400000,0x00000003fb400000)
 Metaspace       used 20951K, capacity 21198K, committed 21296K, reserved 1069056K
  class space    used 2064K, capacity 2145K, committed 2176K, reserved 1048576K
Event: 2.161 GC heap after
Heap after GC invocations=1 (full 0):
 PSYoungGen      total 301056K, used 33598K [0x0000000670700000, 0x0000000695300000, 0x00000007c0000000)
  eden space 258048K, 0% used [0x0000000670700000,0x0000000670700000,0x0000000680300000)
  from space 43008K, 78% used [0x0000000680300000,0x00000006823cf910,0x0000000682d00000)
  to   space 43008K, 0% used [0x0000000692900000,0x0000000692900000,0x0000000695300000)
 ParOldGen       total 688128K, used 16K [0x00000003d1400000, 0x00000003fb400000, 0x0000000670700000)
  object space 688128K, 0% used [0x00000003d1400000,0x00000003d1404000,0x00000003fb400000)
 Metaspace       used 20951K, capacity 21198K, committed 21296K, reserved 1069056K
  class space    used 2064K, capacity 2145K, committed 2176K, reserved 1048576K
}
Event: 2.161 GC heap before
{Heap before GC invocations=2 (full 1):
 PSYoungGen      total 301056K, used 33598K [0x0000000670700000, 0x0000000695300000, 0x00000007c0000000)
  eden space 258048K, 0% used [0x0000000670700000,0x0000000670700000,0x0000000680300000)
  from space 43008K, 78% used [0x0000000680300000,0x00000006823cf910,0x0000000682d00000)
  to   space 43008K, 0% used [0x0000000692900000,0x0000000692900000,0x0000000695300000)
 ParOldGen       total 688128K, used 16K [0x00000003d1400000, 0x00000003fb400000, 0x0000000670700000)
  object space 688128K, 0% used [0x00000003d1400000,0x00000003d1404000,0x00000003fb400000)
 Metaspace       used 20951K, capacity 21198K, committed 21296K, reserved 1069056K
  class space    used 2064K, capacity 2145K, committed 2176K, reserved 1048576K
Event: 2.249 GC heap after
Heap after GC invocations=2 (full 1):
 PSYoungGen      total 301056K, used 0K [0x0000000670700000, 0x0000000695300000, 0x00000007c0000000)
  eden space 258048K, 0% used [0x0000000670700000,0x0000000670700000,0x0000000680300000)
  from space 43008K, 0% used [0x0000000680300000,0x0000000680300000,0x0000000682d00000)
  to   space 43008K, 0% used [0x0000000692900000,0x0000000692900000,0x0000000695300000)
 ParOldGen       total 481792K, used 32879K [0x00000003d1400000, 0x00000003eea80000, 0x0000000670700000)
  object space 481792K, 6% used [0x00000003d1400000,0x00000003d341bc38,0x00000003eea80000)
 Metaspace       used 20951K, capacity 21198K, committed 21296K, reserved 1069056K
  class space    used 2064K, capacity 2145K, committed 2176K, reserved 1048576K
}

Deoptimization events (10 events):
Event: 1.758 Thread 0x00007f241400b800 Uncommon trap: reason=range_check action=make_not_entrant pc=0x00007f240563df2c method=java.lang.String.charAt(I)C @ 27
Event: 1.861 Thread 0x00007f241400b800 Uncommon trap: reason=unstable_if action=reinterpret pc=0x00007f2405628770 method=org.objectweb.asm.Frame.merge(Lorg/objectweb/asm/SymbolTable;I[II)Z @ 287
Event: 1.863 Thread 0x00007f241400b800 Uncommon trap: reason=unstable_if action=reinterpret pc=0x00007f24055f44d4 method=org.objectweb.asm.Frame.merge(Lorg/objectweb/asm/SymbolTable;I[II)Z @ 287
Event: 3.078 Thread 0x00007f241400b800 Uncommon trap: reason=unstable_if action=reinterpret pc=0x00007f24056da29c method=org.objectweb.asm.Frame.merge(Lorg/objectweb/asm/SymbolTable;I[II)Z @ 277
Event: 3.080 Thread 0x00007f241400b800 Uncommon trap: reason=unstable_if action=reinterpret pc=0x00007f24056c79d4 method=org.objectweb.asm.Frame.execute(IILorg/objectweb/asm/Symbol;Lorg/objectweb/asm/SymbolTable;)V @ 2191
Event: 3.867 Thread 0x00007f241400b800 Uncommon trap: reason=unstable_if action=reinterpret pc=0x00007f240548c800 method=java.util.HashMap.getNode(ILjava/lang/Object;)Ljava/util/HashMap$Node; @ 84
Event: 3.867 Thread 0x00007f241400b800 Uncommon trap: reason=unstable_if action=reinterpret pc=0x00007f240543aba4 method=java.lang.Long.compare(JJ)I @ 3
Event: 3.867 Thread 0x00007f241400b800 Uncommon trap: reason=unstable_if action=reinterpret pc=0x00007f2405419150 method=java.lang.Long.equals(Ljava/lang/Object;)Z @ 19
Event: 3.867 Thread 0x00007f241400b800 Uncommon trap: reason=unstable_if action=reinterpret pc=0x00007f24052cfc00 method=java.util.HashMap.getNode(ILjava/lang/Object;)Ljava/util/HashMap$Node; @ 84
Event: 3.870 Thread 0x00007f241400b800 Uncommon trap: reason=unstable_if action=reinterpret pc=0x00007f240576f4c0 method=java.lang.Class.getGenericInfo()Lsun/reflect/generics/repository/ClassRepository; @ 6

Classes redefined (0 events):
No events

Internal exceptions (10 events):
Event: 3.097 Thread 0x00007f241400b800 Exception <a 'java/lang/ClassCircularityError': com/google/common/io/CharSource> (0x000000067d0f2240) thrown at [/build/openjdk-8-85WbbC/openjdk-8-8u312-b07/src/hotspot/src/share/vm/classfile/systemDictionary.cpp, line 804]
Event: 3.097 Thread 0x00007f241400b800 Exception <a 'java/lang/ClassCircularityError'> (0x000000067d0f2240) thrown at [/build/openjdk-8-85WbbC/openjdk-8-8u312-b07/src/hotspot/src/share/vm/prims/jvm.cpp, line 1527]
Event: 3.097 Thread 0x00007f241400b800 Exception <a 'java/lang/ClassCircularityError'> (0x000000067d0f2240) thrown at [/build/openjdk-8-85WbbC/openjdk-8-8u312-b07/src/hotspot/src/share/vm/prims/jvm.cpp, line 1527]
Event: 3.104 Thread 0x00007f241400b800 Exception <a 'java/lang/ClassCircularityError': com/google/common/io/BaseEncoding$StandardBaseEncoding> (0x000000067d2b6c90) thrown at [/build/openjdk-8-85WbbC/openjdk-8-8u312-b07/src/hotspot/src/share/vm/classfile/systemDictionary.cpp, line 804]
Event: 8.758 Thread 0x00007f24147e7800 Exception <a 'java/lang/reflect/InvocationTargetException'> (0x000000067f18ac68) thrown at [/build/openjdk-8-85WbbC/openjdk-8-8u312-b07/src/hotspot/src/share/vm/runtime/reflection.cpp, line 1090]
Event: 16.148 Thread 0x00007f241400b800 Exception <a 'java/lang/IllegalAccessException': java.lang.Class> (0x000000067ed93410) thrown at [/build/openjdk-8-85WbbC/openjdk-8-8u312-b07/src/hotspot/src/share/vm/oops/instanceKlass.cpp, line 1172]
Event: 17.223 Thread 0x00007f241400b800 Exception <a 'java/lang/IllegalAccessException': java.lang.Class> (0x000000067edaa1a8) thrown at [/build/openjdk-8-85WbbC/openjdk-8-8u312-b07/src/hotspot/src/share/vm/oops/instanceKlass.cpp, line 1172]
Event: 19.631 Thread 0x00007f241400b800 Exception <a 'java/lang/IllegalAccessException': java.lang.Class> (0x000000067edcfa90) thrown at [/build/openjdk-8-85WbbC/openjdk-8-8u312-b07/src/hotspot/src/share/vm/oops/instanceKlass.cpp, line 1172]
Event: 22.060 Thread 0x00007f241400b800 Exception <a 'java/lang/IllegalAccessException': java.lang.Class> (0x000000067eddf358) thrown at [/build/openjdk-8-85WbbC/openjdk-8-8u312-b07/src/hotspot/src/share/vm/oops/instanceKlass.cpp, line 1172]
Event: 25.768 Thread 0x00007f241400b800 Exception <a 'java/lang/IllegalAccessException': java.lang.Class> (0x000000067edf07e0) thrown at [/build/openjdk-8-85WbbC/openjdk-8-8u312-b07/src/hotspot/src/share/vm/oops/instanceKlass.cpp, line 1172]

Events (10 events):
Event: 16.148 loading class com/huawei/utbot/instrumentation/util/Protocol$ExceptionInChildProcess
Event: 16.148 loading class com/huawei/utbot/instrumentation/util/Protocol$ExceptionInChildProcess done
Event: 28.775 Executing VM operation: RevokeBias
Event: 28.776 Executing VM operation: RevokeBias done
Event: 46.458 loading class com/huawei/utbot/framework/plugin/api/UtConcreteValue$Companion$invoke$25
Event: 46.458 loading class com/huawei/utbot/framework/plugin/api/UtConcreteValue$Companion$invoke$25 done
Event: 46.458 loading class com/huawei/utbot/framework/plugin/api/UtConcreteValue$Companion$invoke$26
Event: 46.458 loading class com/huawei/utbot/framework/plugin/api/UtConcreteValue$Companion$invoke$26 done
Event: 46.458 loading class com/huawei/utbot/framework/plugin/api/UtConcreteValue$Companion$invoke$27
Event: 46.458 loading class com/huawei/utbot/framework/plugin/api/UtConcreteValue$Companion$invoke$27 done


Dynamic libraries:
3d1400000-3eea80000 rw-p 00000000 00:00 0 
3eea80000-670700000 ---p 00000000 00:00 0 
670700000-695300000 rw-p 00000000 00:00 0 
695300000-7c0000000 ---p 00000000 00:00 0 
7c0000000-7c0320000 rw-p 00000000 00:00 0 
7c0320000-800000000 ---p 00000000 00:00 0 
555613042000-555613043000 r--p 00000000 08:01 284033                     /usr/lib/jvm/java-8-openjdk-amd64/jre/bin/java
555613043000-555613044000 r-xp 00001000 08:01 284033                     /usr/lib/jvm/java-8-openjdk-amd64/jre/bin/java
555613044000-555613045000 r--p 00002000 08:01 284033                     /usr/lib/jvm/java-8-openjdk-amd64/jre/bin/java
555613045000-555613046000 r--p 00002000 08:01 284033                     /usr/lib/jvm/java-8-openjdk-amd64/jre/bin/java
555613046000-555613047000 rw-p 00003000 08:01 284033                     /usr/lib/jvm/java-8-openjdk-amd64/jre/bin/java
555613ed4000-555613ef5000 rw-p 00000000 00:00 0                          [heap]
7f2390000000-7f2390021000 rw-p 00000000 00:00 0 
7f2390021000-7f2394000000 ---p 00000000 00:00 0 
7f2394000000-7f239410e000 rw-p 00000000 00:00 0 
7f239410e000-7f2398000000 ---p 00000000 00:00 0 
7f2398000000-7f2398b44000 rw-p 00000000 00:00 0 
7f2398b44000-7f239c000000 ---p 00000000 00:00 0 
7f239c000000-7f239c021000 rw-p 00000000 00:00 0 
7f239c021000-7f23a0000000 ---p 00000000 00:00 0 
7f23a0000000-7f23a1f3b000 rw-p 00000000 00:00 0 
7f23a1f3b000-7f23a4000000 ---p 00000000 00:00 0 
7f23a4000000-7f23a5cb1000 rw-p 00000000 00:00 0 
7f23a5cb1000-7f23a8000000 ---p 00000000 00:00 0 
7f23a8000000-7f23a8021000 rw-p 00000000 00:00 0 
7f23a8021000-7f23ac000000 ---p 00000000 00:00 0 
7f23ac000000-7f23ae58e000 rw-p 00000000 00:00 0 
7f23ae58e000-7f23b0000000 ---p 00000000 00:00 0 
7f23b0000000-7f23b0021000 rw-p 00000000 00:00 0 
7f23b0021000-7f23b4000000 ---p 00000000 00:00 0 
7f23b4000000-7f23b4021000 rw-p 00000000 00:00 0 
7f23b4021000-7f23b8000000 ---p 00000000 00:00 0 
7f23b8000000-7f23b8021000 rw-p 00000000 00:00 0 
7f23b8021000-7f23bc000000 ---p 00000000 00:00 0 
7f23bcff0000-7f23bd1f0000 rw-p 00000000 00:00 0 
7f23bd3a9000-7f23bd469000 rw-p 00000000 00:00 0 
7f23bd469000-7f23bd5a9000 ---p 00000000 00:00 0 
7f23bd5a9000-7f23bd7a9000 rw-p 00000000 00:00 0 
7f23bd875000-7f23bda75000 rw-p 00000000 00:00 0 
7f23bda75000-7f23bdc75000 rw-p 00000000 00:00 0 
7f23bdce5000-7f23bdee5000 rw-p 00000000 00:00 0 
7f23bdee5000-7f23be0e5000 rw-p 00000000 00:00 0 
7f23be285000-7f23be485000 rw-p 00000000 00:00 0 
7f23be485000-7f23be488000 ---p 00000000 00:00 0 
7f23be488000-7f23be586000 rw-p 00000000 00:00 0 
7f23be586000-7f23be597000 r--s 00093000 08:01 655381                     /home/utbot_mocks/libs/mockito-core-4.2.0.jar
7f23be597000-7f23be797000 rw-p 00000000 00:00 0 
7f23be797000-7f23be997000 rw-p 00000000 00:00 0 
7f23be997000-7f23bea5c000 rw-p 00000000 00:00 0 
7f23bea5c000-7f23bef3a000 r--s 0a590000 08:01 655384                     /home/utbot_mocks/libs/utbot-junit-contest-1.0.jar
7f23bef3a000-7f23bef3b000 ---p 00000000 00:00 0 
7f23bef3b000-7f23bf03b000 rw-p 00000000 00:00 0 
7f23bf03b000-7f23bf03e000 ---p 00000000 00:00 0 
7f23bf03e000-7f23bf13c000 rw-p 00000000 00:00 0 
7f23bf13c000-7f23bf13d000 ---p 00000000 00:00 0 
7f23bf13d000-7f23bf140000 ---p 00000000 00:00 0 
7f23bf140000-7f23bf23d000 rw-p 00000000 00:00 0 
7f23bf23d000-7f23bf23e000 ---p 00000000 00:00 0 
7f23bf23e000-7f23bf241000 ---p 00000000 00:00 0 
7f23bf241000-7f23bf33e000 rw-p 00000000 00:00 0 
7f23bf33e000-7f23bf33f000 ---p 00000000 00:00 0 
7f23bf33f000-7f23bf342000 ---p 00000000 00:00 0 
7f23bf342000-7f23bf43f000 rw-p 00000000 00:00 0 
7f23bf43f000-7f23bf440000 ---p 00000000 00:00 0 
7f23bf440000-7f23bf443000 ---p 00000000 00:00 0 
7f23bf443000-7f23bf540000 rw-p 00000000 00:00 0 
7f23bf540000-7f23bf6f7000 r--s 016ca000 08:01 655383                     /home/utbot_mocks/libs/utbot-instrumentation-1.0-SNAPSHOT.jar
7f23bf6f7000-7f23bf6fa000 ---p 00000000 00:00 0 
7f23bf6fa000-7f23bf7f8000 rw-p 00000000 00:00 0 
7f23bf7f8000-7f23bf7fb000 ---p 00000000 00:00 0 
7f23bf7fb000-7f23bf8f9000 rw-p 00000000 00:00 0 
7f23bf8f9000-7f23bf8fc000 ---p 00000000 00:00 0 
7f23bf8fc000-7f23bf9fa000 rw-p 00000000 00:00 0 
7f23bf9fa000-7f23bf9fb000 ---p 00000000 00:00 0 
7f23bf9fb000-7f23c0000000 rw-p 00000000 00:00 0 
7f23c0000000-7f23c0021000 rw-p 00000000 00:00 0 
7f23c0021000-7f23c4000000 ---p 00000000 00:00 0 
7f23c400e000-7f23c4010000 r--s 00003000 08:01 177247                     /var/benchmarks/projects/guava/guava/target/dependency/jsr305-3.0.2.jar
7f23c4010000-7f23c4012000 r--s 00001000 08:01 177246                     /var/benchmarks/projects/guava/guava/target/dependency/j2objc-annotations-1.1.jar
7f23c4012000-7f23c4014000 r--s 00002000 08:01 177245                     /var/benchmarks/projects/guava/guava/target/dependency/error_prone_annotations-2.1.3.jar
7f23c4014000-7f23c401e000 r--s 00026000 08:01 177244                     /var/benchmarks/projects/guava/guava/target/dependency/checker-qual-2.5.2.jar
7f23c401e000-7f23c4050000 r--s 0026c000 08:01 177252                     /var/benchmarks/projects/guava/guava/target/guava-26.0-jre.jar
7f23c4050000-7f23e4000000 rw-p 00000000 00:00 0 
7f23e4000000-7f23e4021000 rw-p 00000000 00:00 0 
7f23e4021000-7f23e8000000 ---p 00000000 00:00 0 
7f23e8000000-7f23e8021000 rw-p 00000000 00:00 0 
7f23e8021000-7f23ec000000 ---p 00000000 00:00 0 
7f23ec000000-7f23ec021000 rw-p 00000000 00:00 0 
7f23ec021000-7f23f0000000 ---p 00000000 00:00 0 
7f23f0000000-7f23f0021000 rw-p 00000000 00:00 0 
7f23f0021000-7f23f4000000 ---p 00000000 00:00 0 
7f23f4000000-7f23f4021000 rw-p 00000000 00:00 0 
7f23f4021000-7f23f8000000 ---p 00000000 00:00 0 
7f23f8000000-7f23f8021000 rw-p 00000000 00:00 0 
7f23f8021000-7f23fc000000 ---p 00000000 00:00 0 
7f23fc000000-7f23fc021000 rw-p 00000000 00:00 0 
7f23fc021000-7f2400000000 ---p 00000000 00:00 0 
7f2400001000-7f2400007000 r--s 000d3000 08:01 284124                     /usr/lib/jvm/java-8-openjdk-amd64/jre/lib/jfr.jar
7f2400007000-7f240000c000 r--p 00000000 08:01 284073                     /usr/lib/jvm/java-8-openjdk-amd64/jre/lib/amd64/libnet.so
7f240000c000-7f240001d000 r-xp 00005000 08:01 284073                     /usr/lib/jvm/java-8-openjdk-amd64/jre/lib/amd64/libnet.so
7f240001d000-7f2400021000 r--p 00016000 08:01 284073                     /usr/lib/jvm/java-8-openjdk-amd64/jre/lib/amd64/libnet.so
7f2400021000-7f2400022000 r--p 00019000 08:01 284073                     /usr/lib/jvm/java-8-openjdk-amd64/jre/lib/amd64/libnet.so
7f2400022000-7f2400023000 rw-p 0001a000 08:01 284073                     /usr/lib/jvm/java-8-openjdk-amd64/jre/lib/amd64/libnet.so
7f2400023000-7f240002a000 r--p 00000000 08:01 284074                     /usr/lib/jvm/java-8-openjdk-amd64/jre/lib/amd64/libnio.so
7f240002a000-7f2400033000 r-xp 00007000 08:01 284074                     /usr/lib/jvm/java-8-openjdk-amd64/jre/lib/amd64/libnio.so
7f2400033000-7f2400036000 r--p 00010000 08:01 284074                     /usr/lib/jvm/java-8-openjdk-amd64/jre/lib/amd64/libnio.so
7f2400036000-7f2400037000 r--p 00012000 08:01 284074                     /usr/lib/jvm/java-8-openjdk-amd64/jre/lib/amd64/libnio.so
7f2400037000-7f2400038000 rw-p 00013000 08:01 284074                     /usr/lib/jvm/java-8-openjdk-amd64/jre/lib/amd64/libnio.so
7f2400038000-7f240003a000 r--s 00010000 08:01 284108                     /usr/lib/jvm/java-8-openjdk-amd64/jre/lib/ext/zipfs.jar
7f240003a000-7f2400055000 r--s 001d6000 08:01 284104                     /usr/lib/jvm/java-8-openjdk-amd64/jre/lib/ext/nashorn.jar
7f2400055000-7f2400eb1000 rw-p 00000000 00:00 0 
7f2400eb1000-7f2401083000 r--s 03cab000 08:01 284138                     /usr/lib/jvm/java-8-openjdk-amd64/jre/lib/rt.jar
7f2401083000-7f2403a05000 rw-p 00000000 00:00 0 
7f2403a05000-7f2403a06000 ---p 00000000 00:00 0 
7f2403a06000-7f2403bf2000 rw-p 00000000 00:00 0 
7f2403bf2000-7f2405000000 ---p 00000000 00:00 0 
7f2405000000-7f2405930000 rwxp 00000000 00:00 0 
7f2405930000-7f2414000000 ---p 00000000 00:00 0 
7f2414000000-7f241521a000 rw-p 00000000 00:00 0 
7f241521a000-7f2418000000 ---p 00000000 00:00 0 
7f2418000000-7f2418001000 r--s 00000000 08:01 655382                     /home/utbot_mocks/libs/mockito-inline-4.2.0.jar
7f2418001000-7f2418005000 r--s 00041000 08:01 284107                     /usr/lib/jvm/java-8-openjdk-amd64/jre/lib/ext/sunpkcs11.jar
7f2418005000-7f2418007000 r--s 00008000 08:01 284105                     /usr/lib/jvm/java-8-openjdk-amd64/jre/lib/ext/sunec.jar
7f2418007000-7f241800d000 r--s 0003d000 08:01 284106                     /usr/lib/jvm/java-8-openjdk-amd64/jre/lib/ext/sunjce_provider.jar
7f241800d000-7f2418018000 r--s 00116000 08:01 284103                     /usr/lib/jvm/java-8-openjdk-amd64/jre/lib/ext/localedata.jar
7f2418018000-7f2418033000 r--s 00394000 08:01 284097                     /usr/lib/jvm/java-8-openjdk-amd64/jre/lib/ext/cldrdata.jar
7f2418033000-7f2418034000 ---p 00000000 00:00 0 
7f2418034000-7f2418134000 rw-p 00000000 00:00 0 
7f2418134000-7f2418135000 ---p 00000000 00:00 0 
7f2418135000-7f2418235000 rw-p 00000000 00:00 0 
7f2418235000-7f2418236000 ---p 00000000 00:00 0 
7f2418236000-7f2418336000 rw-p 00000000 00:00 0 
7f2418336000-7f2418337000 ---p 00000000 00:00 0 
7f2418337000-7f2418437000 rw-p 00000000 00:00 0 
7f2418437000-7f2418438000 ---p 00000000 00:00 0 
7f2418438000-7f2418538000 rw-p 00000000 00:00 0 
7f2418538000-7f2418539000 ---p 00000000 00:00 0 
7f2418539000-7f2418639000 rw-p 00000000 00:00 0 
7f2418639000-7f241863a000 ---p 00000000 00:00 0 
7f241863a000-7f2418826000 rw-p 00000000 00:00 0 
7f2418826000-7f2419c33000 ---p 00000000 00:00 0 
7f2419c33000-7f2419d5a000 rw-p 00000000 00:00 0 
7f2419d5a000-7f241a6b0000 ---p 00000000 00:00 0 
7f241a6b0000-7f241a6d6000 rw-p 00000000 00:00 0 
7f241a6d6000-7f241aa71000 ---p 00000000 00:00 0 
7f241aa71000-7f241aa74000 r--p 00000000 08:01 284082                     /usr/lib/jvm/java-8-openjdk-amd64/jre/lib/amd64/libzip.so
7f241aa74000-7f241aa79000 r-xp 00003000 08:01 284082                     /usr/lib/jvm/java-8-openjdk-amd64/jre/lib/amd64/libzip.so
7f241aa79000-7f241aa7b000 r--p 00008000 08:01 284082                     /usr/lib/jvm/java-8-openjdk-amd64/jre/lib/amd64/libzip.so
7f241aa7b000-7f241aa7c000 r--p 00009000 08:01 284082                     /usr/lib/jvm/java-8-openjdk-amd64/jre/lib/amd64/libzip.so
7f241aa7c000-7f241aa7d000 rw-p 0000a000 08:01 284082                     /usr/lib/jvm/java-8-openjdk-amd64/jre/lib/amd64/libzip.so
7f241aa7d000-7f241aa85000 rw-s 00000000 08:01 659727                     /tmp/hsperfdata_root/16016
7f241aa85000-7f241aa88000 r--p 00000000 08:01 279170                     /usr/lib/x86_64-linux-gnu/libnss_files-2.31.so
7f241aa88000-7f241aa8f000 r-xp 00003000 08:01 279170                     /usr/lib/x86_64-linux-gnu/libnss_files-2.31.so
7f241aa8f000-7f241aa91000 r--p 0000a000 08:01 279170                     /usr/lib/x86_64-linux-gnu/libnss_files-2.31.so
7f241aa91000-7f241aa92000 r--p 0000b000 08:01 279170                     /usr/lib/x86_64-linux-gnu/libnss_files-2.31.so
7f241aa92000-7f241aa93000 rw-p 0000c000 08:01 279170                     /usr/lib/x86_64-linux-gnu/libnss_files-2.31.so
7f241aa93000-7f241aa99000 rw-p 00000000 00:00 0 
7f241aa99000-7f241aa9a000 r--s 00000000 08:01 177243                     /var/benchmarks/projects/guava/guava/target/dependency/animal-sniffer-annotations-1.14.jar
7f241aa9a000-7f241aa9d000 r--s 0000f000 08:01 284099                     /usr/lib/jvm/java-8-openjdk-amd64/jre/lib/ext/icedtea-sound.jar
7f241aa9d000-7f241aa9e000 r--s 0000a000 08:01 284100                     /usr/lib/jvm/java-8-openjdk-amd64/jre/lib/ext/jaccess.jar
7f241aa9e000-7f241aaa0000 r--p 00000000 08:01 284056                     /usr/lib/jvm/java-8-openjdk-amd64/jre/lib/amd64/libinstrument.so
7f241aaa0000-7f241aaa7000 r-xp 00002000 08:01 284056                     /usr/lib/jvm/java-8-openjdk-amd64/jre/lib/amd64/libinstrument.so
7f241aaa7000-7f241aaaa000 r--p 00009000 08:01 284056                     /usr/lib/jvm/java-8-openjdk-amd64/jre/lib/amd64/libinstrument.so
7f241aaaa000-7f241aaab000 r--p 0000b000 08:01 284056                     /usr/lib/jvm/java-8-openjdk-amd64/jre/lib/amd64/libinstrument.so
7f241aaab000-7f241aaac000 rw-p 0000c000 08:01 284056                     /usr/lib/jvm/java-8-openjdk-amd64/jre/lib/amd64/libinstrument.so
7f241aaac000-7f241aab9000 r--p 00000000 08:01 284061                     /usr/lib/jvm/java-8-openjdk-amd64/jre/lib/amd64/libjava.so
7f241aab9000-7f241aad1000 r-xp 0000d000 08:01 284061                     /usr/lib/jvm/java-8-openjdk-amd64/jre/lib/amd64/libjava.so
7f241aad1000-7f241aad8000 r--p 00025000 08:01 284061                     /usr/lib/jvm/java-8-openjdk-amd64/jre/lib/amd64/libjava.so
7f241aad8000-7f241aad9000 r--p 0002b000 08:01 284061                     /usr/lib/jvm/java-8-openjdk-amd64/jre/lib/amd64/libjava.so
7f241aad9000-7f241aadb000 rw-p 0002c000 08:01 284061                     /usr/lib/jvm/java-8-openjdk-amd64/jre/lib/amd64/libjava.so
7f241aadb000-7f241aae0000 r--p 00000000 08:01 284081                     /usr/lib/jvm/java-8-openjdk-amd64/jre/lib/amd64/libverify.so
7f241aae0000-7f241aae9000 r-xp 00005000 08:01 284081                     /usr/lib/jvm/java-8-openjdk-amd64/jre/lib/amd64/libverify.so
7f241aae9000-7f241aaeb000 r--p 0000e000 08:01 284081                     /usr/lib/jvm/java-8-openjdk-amd64/jre/lib/amd64/libverify.so
7f241aaeb000-7f241aaed000 r--p 0000f000 08:01 284081                     /usr/lib/jvm/java-8-openjdk-amd64/jre/lib/amd64/libverify.so
7f241aaed000-7f241aaee000 rw-p 00011000 08:01 284081                     /usr/lib/jvm/java-8-openjdk-amd64/jre/lib/amd64/libverify.so
7f241aaee000-7f241aaf1000 r--p 00000000 08:01 279203                     /usr/lib/x86_64-linux-gnu/librt-2.31.so
7f241aaf1000-7f241aaf5000 r-xp 00003000 08:01 279203                     /usr/lib/x86_64-linux-gnu/librt-2.31.so
7f241aaf5000-7f241aaf6000 r--p 00007000 08:01 279203                     /usr/lib/x86_64-linux-gnu/librt-2.31.so
7f241aaf6000-7f241aaf7000 ---p 00008000 08:01 279203                     /usr/lib/x86_64-linux-gnu/librt-2.31.so
7f241aaf7000-7f241aaf8000 r--p 00008000 08:01 279203                     /usr/lib/x86_64-linux-gnu/librt-2.31.so
7f241aaf8000-7f241aaf9000 rw-p 00009000 08:01 279203                     /usr/lib/x86_64-linux-gnu/librt-2.31.so
7f241aaf9000-7f241aafa000 ---p 00000000 00:00 0 
7f241aafa000-7f241aafd000 ---p 00000000 00:00 0 
7f241aafd000-7f241abfa000 rw-p 00000000 00:00 0 
7f241abfa000-7f241abfd000 r--p 00000000 08:01 279130                     /usr/lib/x86_64-linux-gnu/libgcc_s.so.1
7f241abfd000-7f241ac0f000 r-xp 00003000 08:01 279130                     /usr/lib/x86_64-linux-gnu/libgcc_s.so.1
7f241ac0f000-7f241ac13000 r--p 00015000 08:01 279130                     /usr/lib/x86_64-linux-gnu/libgcc_s.so.1
7f241ac13000-7f241ac14000 r--p 00018000 08:01 279130                     /usr/lib/x86_64-linux-gnu/libgcc_s.so.1
7f241ac14000-7f241ac15000 rw-p 00019000 08:01 279130                     /usr/lib/x86_64-linux-gnu/libgcc_s.so.1
7f241ac15000-7f241ac24000 r--p 00000000 08:01 279147                     /usr/lib/x86_64-linux-gnu/libm-2.31.so
7f241ac24000-7f241accb000 r-xp 0000f000 08:01 279147                     /usr/lib/x86_64-linux-gnu/libm-2.31.so
7f241accb000-7f241ad62000 r--p 000b6000 08:01 279147                     /usr/lib/x86_64-linux-gnu/libm-2.31.so
7f241ad62000-7f241ad63000 r--p 0014c000 08:01 279147                     /usr/lib/x86_64-linux-gnu/libm-2.31.so
7f241ad63000-7f241ad64000 rw-p 0014d000 08:01 279147                     /usr/lib/x86_64-linux-gnu/libm-2.31.so
7f241ad64000-7f241adfa000 r--p 00000000 08:01 279215                     /usr/lib/x86_64-linux-gnu/libstdc++.so.6.0.28
7f241adfa000-7f241aeeb000 r-xp 00096000 08:01 279215                     /usr/lib/x86_64-linux-gnu/libstdc++.so.6.0.28
7f241aeeb000-7f241af34000 r--p 00187000 08:01 279215                     /usr/lib/x86_64-linux-gnu/libstdc++.so.6.0.28
7f241af34000-7f241af35000 ---p 001d0000 08:01 279215                     /usr/lib/x86_64-linux-gnu/libstdc++.so.6.0.28
7f241af35000-7f241af40000 r--p 001d0000 08:01 279215                     /usr/lib/x86_64-linux-gnu/libstdc++.so.6.0.28
7f241af40000-7f241af43000 rw-p 001db000 08:01 279215                     /usr/lib/x86_64-linux-gnu/libstdc++.so.6.0.28
7f241af43000-7f241af46000 rw-p 00000000 00:00 0 
7f241af46000-7f241b13b000 r--p 00000000 08:01 284086                     /usr/lib/jvm/java-8-openjdk-amd64/jre/lib/amd64/server/libjvm.so
7f241b13b000-7f241baa4000 r-xp 001f5000 08:01 284086                     /usr/lib/jvm/java-8-openjdk-amd64/jre/lib/amd64/server/libjvm.so
7f241baa4000-7f241bc56000 r--p 00b5e000 08:01 284086                     /usr/lib/jvm/java-8-openjdk-amd64/jre/lib/amd64/server/libjvm.so
7f241bc56000-7f241bcec000 r--p 00d0f000 08:01 284086                     /usr/lib/jvm/java-8-openjdk-amd64/jre/lib/amd64/server/libjvm.so
7f241bcec000-7f241bd15000 rw-p 00da5000 08:01 284086                     /usr/lib/jvm/java-8-openjdk-amd64/jre/lib/amd64/server/libjvm.so
7f241bd15000-7f241bd4a000 rw-p 00000000 00:00 0 
7f241bd4a000-7f241bd51000 r--p 00000000 08:01 279199                     /usr/lib/x86_64-linux-gnu/libpthread-2.31.so
7f241bd51000-7f241bd62000 r-xp 00007000 08:01 279199                     /usr/lib/x86_64-linux-gnu/libpthread-2.31.so
7f241bd62000-7f241bd67000 r--p 00018000 08:01 279199                     /usr/lib/x86_64-linux-gnu/libpthread-2.31.so
7f241bd67000-7f241bd68000 r--p 0001c000 08:01 279199                     /usr/lib/x86_64-linux-gnu/libpthread-2.31.so
7f241bd68000-7f241bd69000 rw-p 0001d000 08:01 279199                     /usr/lib/x86_64-linux-gnu/libpthread-2.31.so
7f241bd69000-7f241bd6d000 rw-p 00000000 00:00 0 
7f241bd6d000-7f241bd6e000 r--p 00000000 08:01 279116                     /usr/lib/x86_64-linux-gnu/libdl-2.31.so
7f241bd6e000-7f241bd70000 r-xp 00001000 08:01 279116                     /usr/lib/x86_64-linux-gnu/libdl-2.31.so
7f241bd70000-7f241bd71000 r--p 00003000 08:01 279116                     /usr/lib/x86_64-linux-gnu/libdl-2.31.so
7f241bd71000-7f241bd72000 r--p 00003000 08:01 279116                     /usr/lib/x86_64-linux-gnu/libdl-2.31.so
7f241bd72000-7f241bd73000 rw-p 00004000 08:01 279116                     /usr/lib/x86_64-linux-gnu/libdl-2.31.so
7f241bd73000-7f241bd75000 r--p 00000000 08:01 279235                     /usr/lib/x86_64-linux-gnu/libz.so.1.2.11
7f241bd75000-7f241bd86000 r-xp 00002000 08:01 279235                     /usr/lib/x86_64-linux-gnu/libz.so.1.2.11
7f241bd86000-7f241bd8c000 r--p 00013000 08:01 279235                     /usr/lib/x86_64-linux-gnu/libz.so.1.2.11
7f241bd8c000-7f241bd8d000 ---p 00019000 08:01 279235                     /usr/lib/x86_64-linux-gnu/libz.so.1.2.11
7f241bd8d000-7f241bd8e000 r--p 00019000 08:01 279235                     /usr/lib/x86_64-linux-gnu/libz.so.1.2.11
7f241bd8e000-7f241bd8f000 rw-p 0001a000 08:01 279235                     /usr/lib/x86_64-linux-gnu/libz.so.1.2.11
7f241bd8f000-7f241bdb4000 r--p 00000000 08:01 279105                     /usr/lib/x86_64-linux-gnu/libc-2.31.so
7f241bdb4000-7f241bf2c000 r-xp 00025000 08:01 279105                     /usr/lib/x86_64-linux-gnu/libc-2.31.so
7f241bf2c000-7f241bf76000 r--p 0019d000 08:01 279105                     /usr/lib/x86_64-linux-gnu/libc-2.31.so
7f241bf76000-7f241bf77000 ---p 001e7000 08:01 279105                     /usr/lib/x86_64-linux-gnu/libc-2.31.so
7f241bf77000-7f241bf7a000 r--p 001e7000 08:01 279105                     /usr/lib/x86_64-linux-gnu/libc-2.31.so
7f241bf7a000-7f241bf7d000 rw-p 001ea000 08:01 279105                     /usr/lib/x86_64-linux-gnu/libc-2.31.so
7f241bf7d000-7f241bf81000 rw-p 00000000 00:00 0 
7f241bf81000-7f241bf83000 r--s 00001000 08:01 284098                     /usr/lib/jvm/java-8-openjdk-amd64/jre/lib/ext/dnsns.jar
7f241bf83000-7f241bf85000 r--s 0000c000 08:01 553515                     /usr/share/java/java-atk-wrapper.jar
7f241bf85000-7f241bf86000 rw-p 00000000 00:00 0 
7f241bf86000-7f241bf89000 r--p 00000000 08:01 284045                     /usr/lib/jvm/java-8-openjdk-amd64/jre/lib/amd64/jli/libjli.so
7f241bf89000-7f241bf93000 r-xp 00003000 08:01 284045                     /usr/lib/jvm/java-8-openjdk-amd64/jre/lib/amd64/jli/libjli.so
7f241bf93000-7f241bf96000 r--p 0000d000 08:01 284045                     /usr/lib/jvm/java-8-openjdk-amd64/jre/lib/amd64/jli/libjli.so
7f241bf96000-7f241bf97000 r--p 0000f000 08:01 284045                     /usr/lib/jvm/java-8-openjdk-amd64/jre/lib/amd64/jli/libjli.so
7f241bf97000-7f241bf98000 rw-p 00010000 08:01 284045                     /usr/lib/jvm/java-8-openjdk-amd64/jre/lib/amd64/jli/libjli.so
7f241bf98000-7f241bf9a000 rw-p 00000000 00:00 0 
7f241bf9a000-7f241bf9b000 r--p 00000000 08:01 279083                     /usr/lib/x86_64-linux-gnu/ld-2.31.so
7f241bf9b000-7f241bfbe000 r-xp 00001000 08:01 279083                     /usr/lib/x86_64-linux-gnu/ld-2.31.so
7f241bfbe000-7f241bfc6000 r--p 00024000 08:01 279083                     /usr/lib/x86_64-linux-gnu/ld-2.31.so
7f241bfc6000-7f241bfc7000 r--p 00000000 00:00 0 
7f241bfc7000-7f241bfc8000 r--p 0002c000 08:01 279083                     /usr/lib/x86_64-linux-gnu/ld-2.31.so
7f241bfc8000-7f241bfc9000 rw-p 0002d000 08:01 279083                     /usr/lib/x86_64-linux-gnu/ld-2.31.so
7f241bfc9000-7f241bfca000 rw-p 00000000 00:00 0 
7ffc0158c000-7ffc015ad000 rw-p 00000000 00:00 0                          [stack]
7ffc015c6000-7ffc015c9000 r--p 00000000 00:00 0                          [vvar]
7ffc015c9000-7ffc015cb000 r-xp 00000000 00:00 0                          [vdso]

VM Arguments:
jvm_args: -javaagent:/home/utbot_mocks/libs/utbot-instrumentation-1.0-SNAPSHOT.jar 
java_command: /home/utbot_mocks/libs/utbot-instrumentation-1.0-SNAPSHOT.jar
java_class_path (initial): /home/utbot_mocks/libs/utbot-instrumentation-1.0-SNAPSHOT.jar:/home/utbot_mocks/libs/utbot-instrumentation-1.0-SNAPSHOT.jar
Launcher Type: SUN_STANDARD

Environment Variables:
JAVA_HOME=/usr
PATH=/usr/local/sbin:/usr/local/bin:/usr/sbin:/usr/bin:/sbin:/bin

Signal Handlers:
SIGSEGV: [libjvm.so+0xb373b0], sa_mask[0]=11111111011111111101111111111110, sa_flags=SA_RESTART|SA_SIGINFO
SIGBUS: [libjvm.so+0xb373b0], sa_mask[0]=11111111011111111101111111111110, sa_flags=SA_RESTART|SA_SIGINFO
SIGFPE: [libjvm.so+0x97bff0], sa_mask[0]=11111111011111111101111111111110, sa_flags=SA_RESTART|SA_SIGINFO
SIGPIPE: [libjvm.so+0x97bff0], sa_mask[0]=11111111011111111101111111111110, sa_flags=SA_RESTART|SA_SIGINFO
SIGXFSZ: [libjvm.so+0x97bff0], sa_mask[0]=11111111011111111101111111111110, sa_flags=SA_RESTART|SA_SIGINFO
SIGILL: [libjvm.so+0x97bff0], sa_mask[0]=11111111011111111101111111111110, sa_flags=SA_RESTART|SA_SIGINFO
SIGUSR1: SIG_DFL, sa_mask[0]=00000000000000000000000000000000, sa_flags=none
SIGUSR2: [libjvm.so+0x97bea0], sa_mask[0]=00100000000000000000000000000000, sa_flags=SA_RESTART|SA_SIGINFO
SIGHUP: [libjvm.so+0x97c270], sa_mask[0]=11111111011111111101111111111110, sa_flags=SA_RESTART|SA_SIGINFO
SIGINT: [libjvm.so+0x97c270], sa_mask[0]=11111111011111111101111111111110, sa_flags=SA_RESTART|SA_SIGINFO
SIGTERM: [libjvm.so+0x97c270], sa_mask[0]=11111111011111111101111111111110, sa_flags=SA_RESTART|SA_SIGINFO
SIGQUIT: [libjvm.so+0x97c270], sa_mask[0]=11111111011111111101111111111110, sa_flags=SA_RESTART|SA_SIGINFO


---------------  S Y S T E M  ---------------

OS:DISTRIB_ID=Ubuntu
DISTRIB_RELEASE=20.04
DISTRIB_CODENAME=focal
DISTRIB_DESCRIPTION="Ubuntu 20.04.3 LTS"

uname:Linux 4.19.0-18-cloud-amd64 #1 SMP Debian 4.19.208-1 (2021-09-29) x86_64
libc:glibc 2.31 NPTL 2.31 
rlimit: STACK 8192k, CORE infinity, NPROC infinity, NOFILE 1048576, AS infinity
load average:2.28 2.65 2.53

/proc/meminfo:
MemTotal:       65971232 kB
MemFree:        47589088 kB
MemAvailable:   60555880 kB
Buffers:           96612 kB
Cached:         13143876 kB
SwapCached:            0 kB
Active:          5038588 kB
Inactive:       12600672 kB
Active(anon):    4390996 kB
Inactive(anon):     8420 kB
Active(file):     647592 kB
Inactive(file): 12592252 kB
Unevictable:           0 kB
Mlocked:               0 kB
SwapTotal:             0 kB
SwapFree:              0 kB
Dirty:               172 kB
Writeback:             0 kB
AnonPages:       4387084 kB
Mapped:           203996 kB
Shmem:              8620 kB
Slab:             530292 kB
SReclaimable:     454104 kB
SUnreclaim:        76188 kB
KernelStack:        5760 kB
PageTables:        12340 kB
NFS_Unstable:          0 kB
Bounce:                0 kB
WritebackTmp:          0 kB
CommitLimit:    32985616 kB
Committed_AS:   11672220 kB
VmallocTotal:   34359738367 kB
VmallocUsed:           0 kB
VmallocChunk:          0 kB
Percpu:             2848 kB
AnonHugePages:   2220032 kB
ShmemHugePages:        0 kB
ShmemPmdMapped:        0 kB
HugePages_Total:       0
HugePages_Free:        0
HugePages_Rsvd:        0
HugePages_Surp:        0
Hugepagesize:       2048 kB
Hugetlb:               0 kB
DirectMap4k:      158528 kB
DirectMap2M:    12421120 kB
DirectMap1G:    56623104 kB

container (cgroup) information:
container_type: cgroupv1
cpu_cpuset_cpus: 0-7
cpu_memory_nodes: 0
active_processor_count: 8
cpu_quota: -1
cpu_period: 100000
cpu_shares: -1
memory_limit_in_bytes: -1
memory_and_swap_limit_in_bytes: -2
memory_soft_limit_in_bytes: -1
memory_usage_in_bytes: 17128767488
memory_max_usage_in_bytes: 21574221824


CPU:total 8 (initial active 8) (4 cores per cpu, 2 threads per core) family 6 model 79 stepping 0, cmov, cx8, fxsr, mmx, sse, sse2, sse3, ssse3, sse4.1, sse4.2, popcnt, avx, avx2, aes, clmul, erms, rtm, 3dnowpref, lzcnt, ht, tsc, tscinvbit, bmi1, bmi2, adx

/proc/cpuinfo:
processor	: 0
vendor_id	: GenuineIntel
cpu family	: 6
model		: 79
model name	: Intel(R) Xeon(R) CPU @ 2.20GHz
stepping	: 0
microcode	: 0x1
cpu MHz		: 2200.164
cache size	: 56320 KB
physical id	: 0
siblings	: 8
core id		: 0
cpu cores	: 4
apicid		: 0
initial apicid	: 0
fpu		: yes
fpu_exception	: yes
cpuid level	: 13
wp		: yes
flags		: fpu vme de pse tsc msr pae mce cx8 apic sep mtrr pge mca cmov pat pse36 clflush mmx fxsr sse sse2 ss ht syscall nx pdpe1gb rdtscp lm constant_tsc rep_good nopl xtopology nonstop_tsc cpuid tsc_known_freq pni pclmulqdq ssse3 fma cx16 pcid sse4_1 sse4_2 x2apic movbe popcnt aes xsave avx f16c rdrand hypervisor lahf_lm abm 3dnowprefetch invpcid_single pti ssbd ibrs ibpb stibp fsgsbase tsc_adjust bmi1 hle avx2 smep bmi2 erms invpcid rtm rdseed adx smap xsaveopt arat md_clear arch_capabilities
bugs		: cpu_meltdown spectre_v1 spectre_v2 spec_store_bypass l1tf mds swapgs taa
bogomips	: 4400.32
clflush size	: 64
cache_alignment	: 64
address sizes	: 46 bits physical, 48 bits virtual
power management:

processor	: 1
vendor_id	: GenuineIntel
cpu family	: 6
model		: 79
model name	: Intel(R) Xeon(R) CPU @ 2.20GHz
stepping	: 0
microcode	: 0x1
cpu MHz		: 2200.164
cache size	: 56320 KB
physical id	: 0
siblings	: 8
core id		: 1
cpu cores	: 4
apicid		: 2
initial apicid	: 2
fpu		: yes
fpu_exception	: yes
cpuid level	: 13
wp		: yes
flags		: fpu vme de pse tsc msr pae mce cx8 apic sep mtrr pge mca cmov pat pse36 clflush mmx fxsr sse sse2 ss ht syscall nx pdpe1gb rdtscp lm constant_tsc rep_good nopl xtopology nonstop_tsc cpuid tsc_known_freq pni pclmulqdq ssse3 fma cx16 pcid sse4_1 sse4_2 x2apic movbe popcnt aes xsave avx f16c rdrand hypervisor lahf_lm abm 3dnowprefetch invpcid_single pti ssbd ibrs ibpb stibp fsgsbase tsc_adjust bmi1 hle avx2 smep bmi2 erms invpcid rtm rdseed adx smap xsaveopt arat md_clear arch_capabilities
bugs		: cpu_meltdown spectre_v1 spectre_v2 spec_store_bypass l1tf mds swapgs taa
bogomips	: 4400.32
clflush size	: 64
cache_alignment	: 64
address sizes	: 46 bits physical, 48 bits virtual
power management:

processor	: 2
vendor_id	: GenuineIntel
cpu family	: 6
model		: 79
model name	: Intel(R) Xeon(R) CPU @ 2.20GHz
stepping	: 0
microcode	: 0x1
cpu MHz		: 2200.164
cache size	: 56320 KB
physical id	: 0
siblings	: 8
core id		: 2
cpu cores	: 4
apicid		: 4
initial apicid	: 4
fpu		: yes
fpu_exception	: yes
cpuid level	: 13
wp		: yes
flags		: fpu vme de pse tsc msr pae mce cx8 apic sep mtrr pge mca cmov pat pse36 clflush mmx fxsr sse sse2 ss ht syscall nx pdpe1gb rdtscp lm constant_tsc rep_good nopl xtopology nonstop_tsc cpuid tsc_known_freq pni pclmulqdq ssse3 fma cx16 pcid sse4_1 sse4_2 x2apic movbe popcnt aes xsave avx f16c rdrand hypervisor lahf_lm abm 3dnowprefetch invpcid_single pti ssbd ibrs ibpb stibp fsgsbase tsc_adjust bmi1 hle avx2 smep bmi2 erms invpcid rtm rdseed adx smap xsaveopt arat md_clear arch_capabilities
bugs		: cpu_meltdown spectre_v1 spectre_v2 spec_store_bypass l1tf mds swapgs taa
bogomips	: 4400.32
clflush size	: 64
cache_alignment	: 64
address sizes	: 46 bits physical, 48 bits virtual
power management:

processor	: 3
vendor_id	: GenuineIntel
cpu family	: 6
model		: 79
model name	: Intel(R) Xeon(R) CPU @ 2.20GHz
stepping	: 0
microcode	: 0x1
cpu MHz		: 2200.164
cache size	: 56320 KB
physical id	: 0
siblings	: 8
core id		: 3
cpu cores	: 4
apicid		: 6
initial apicid	: 6
fpu		: yes
fpu_exception	: yes
cpuid level	: 13
wp		: yes
flags		: fpu vme de pse tsc msr pae mce cx8 apic sep mtrr pge mca cmov pat pse36 clflush mmx fxsr sse sse2 ss ht syscall nx pdpe1gb rdtscp lm constant_tsc rep_good nopl xtopology nonstop_tsc cpuid tsc_known_freq pni pclmulqdq ssse3 fma cx16 pcid sse4_1 sse4_2 x2apic movbe popcnt aes xsave avx f16c rdrand hypervisor lahf_lm abm 3dnowprefetch invpcid_single pti ssbd ibrs ibpb stibp fsgsbase tsc_adjust bmi1 hle avx2 smep bmi2 erms invpcid rtm rdseed adx smap xsaveopt arat md_clear arch_capabilities
bugs		: cpu_meltdown spectre_v1 spectre_v2 spec_store_bypass l1tf mds swapgs taa
bogomips	: 4400.32
clflush size	: 64
cache_alignment	: 64
address sizes	: 46 bits physical, 48 bits virtual
power management:

processor	: 4
vendor_id	: GenuineIntel
cpu family	: 6
model		: 79
model name	: Intel(R) Xeon(R) CPU @ 2.20GHz
stepping	: 0
microcode	: 0x1
cpu MHz		: 2200.164
cache size	: 56320 KB
physical id	: 0
siblings	: 8
core id		: 0
cpu cores	: 4
apicid		: 1
initial apicid	: 1
fpu		: yes
fpu_exception	: yes
cpuid level	: 13
wp		: yes
flags		: fpu vme de pse tsc msr pae mce cx8 apic sep mtrr pge mca cmov pat pse36 clflush mmx fxsr sse sse2 ss ht syscall nx pdpe1gb rdtscp lm constant_tsc rep_good nopl xtopology nonstop_tsc cpuid tsc_known_freq pni pclmulqdq ssse3 fma cx16 pcid sse4_1 sse4_2 x2apic movbe popcnt aes xsave avx f16c rdrand hypervisor lahf_lm abm 3dnowprefetch invpcid_single pti ssbd ibrs ibpb stibp fsgsbase tsc_adjust bmi1 hle avx2 smep bmi2 erms invpcid rtm rdseed adx smap xsaveopt arat md_clear arch_capabilities
bugs		: cpu_meltdown spectre_v1 spectre_v2 spec_store_bypass l1tf mds swapgs taa
bogomips	: 4400.32
clflush size	: 64
cache_alignment	: 64
address sizes	: 46 bits physical, 48 bits virtual
power management:

processor	: 5
vendor_id	: GenuineIntel
cpu family	: 6
model		: 79
model name	: Intel(R) Xeon(R) CPU @ 2.20GHz
stepping	: 0
microcode	: 0x1
cpu MHz		: 2200.164
cache size	: 56320 KB
physical id	: 0
siblings	: 8
core id		: 1
cpu cores	: 4
apicid		: 3
initial apicid	: 3
fpu		: yes
fpu_exception	: yes
cpuid level	: 13
wp		: yes
flags		: fpu vme de pse tsc msr pae mce cx8 apic sep mtrr pge mca cmov pat pse36 clflush mmx fxsr sse sse2 ss ht syscall nx pdpe1gb rdtscp lm constant_tsc rep_good nopl xtopology nonstop_tsc cpuid tsc_known_freq pni pclmulqdq ssse3 fma cx16 pcid sse4_1 sse4_2 x2apic movbe popcnt aes xsave avx f16c rdrand hypervisor lahf_lm abm 3dnowprefetch invpcid_single pti ssbd ibrs ibpb stibp fsgsbase tsc_adjust bmi1 hle avx2 smep bmi2 erms invpcid rtm rdseed adx smap xsaveopt arat md_clear arch_capabilities
bugs		: cpu_meltdown spectre_v1 spectre_v2 spec_store_bypass l1tf mds swapgs taa
bogomips	: 4400.32
clflush size	: 64
cache_alignment	: 64
address sizes	: 46 bits physical, 48 bits virtual
power management:

processor	: 6
vendor_id	: GenuineIntel
cpu family	: 6
model		: 79
model name	: Intel(R) Xeon(R) CPU @ 2.20GHz
stepping	: 0
microcode	: 0x1
cpu MHz		: 2200.164
cache size	: 56320 KB
physical id	: 0
siblings	: 8
core id		: 2
cpu cores	: 4
apicid		: 5
initial apicid	: 5
fpu		: yes
fpu_exception	: yes
cpuid level	: 13
wp		: yes
flags		: fpu vme de pse tsc msr pae mce cx8 apic sep mtrr pge mca cmov pat pse36 clflush mmx fxsr sse sse2 ss ht syscall nx pdpe1gb rdtscp lm constant_tsc rep_good nopl xtopology nonstop_tsc cpuid tsc_known_freq pni pclmulqdq ssse3 fma cx16 pcid sse4_1 sse4_2 x2apic movbe popcnt aes xsave avx f16c rdrand hypervisor lahf_lm abm 3dnowprefetch invpcid_single pti ssbd ibrs ibpb stibp fsgsbase tsc_adjust bmi1 hle avx2 smep bmi2 erms invpcid rtm rdseed adx smap xsaveopt arat md_clear arch_capabilities
bugs		: cpu_meltdown spectre_v1 spectre_v2 spec_store_bypass l1tf mds swapgs taa
bogomips	: 4400.32
clflush size	: 64
cache_alignment	: 64
address sizes	: 46 bits physical, 48 bits virtual
power management:

processor	: 7
vendor_id	: GenuineIntel
cpu family	: 6
model		: 79
model name	: Intel(R) Xeon(R) CPU @ 2.20GHz
stepping	: 0
microcode	: 0x1
cpu MHz		: 2200.164
cache size	: 56320 KB
physical id	: 0
siblings	: 8
core id		: 3
cpu cores	: 4
apicid		: 7
initial apicid	: 7
fpu		: yes
fpu_exception	: yes
cpuid level	: 13
wp		: yes
flags		: fpu vme de pse tsc msr pae mce cx8 apic sep mtrr pge mca cmov pat pse36 clflush mmx fxsr sse sse2 ss ht syscall nx pdpe1gb rdtscp lm constant_tsc rep_good nopl xtopology nonstop_tsc cpuid tsc_known_freq pni pclmulqdq ssse3 fma cx16 pcid sse4_1 sse4_2 x2apic movbe popcnt aes xsave avx f16c rdrand hypervisor lahf_lm abm 3dnowprefetch invpcid_single pti ssbd ibrs ibpb stibp fsgsbase tsc_adjust bmi1 hle avx2 smep bmi2 erms invpcid rtm rdseed adx smap xsaveopt arat md_clear arch_capabilities
bugs		: cpu_meltdown spectre_v1 spectre_v2 spec_store_bypass l1tf mds swapgs taa
bogomips	: 4400.32
clflush size	: 64
cache_alignment	: 64
address sizes	: 46 bits physical, 48 bits virtual
power management:



Memory: 4k page, physical 65971232k(47589088k free), swap 0k(0k free)

vm_info: OpenJDK 64-Bit Server VM (25.312-b07) for linux-amd64 JRE (1.8.0_312-8u312-b07-0ubuntu1~20.04-b07), built on Nov  3 2021 13:54:59 by "buildd" with gcc 9.3.0

time: Wed Feb 16 22:39:49 2022
timezone: UTC
elapsed time: 46.470148 seconds (0d 0h 0m 46s)

