Started UtBot Contest, classfileDir = /var/benchmarks/projects/guava/guava/target/classes, classpathString=/var/benchmarks/projects/guava/guava/target/classes:/var/benchmarks/projects/guava/guava/target/guava-26.0-jre.jar:/var/benchmarks/projects/./guava/guava/target/dependency/checker-qual-2.5.2.jar:/var/benchmarks/projects/guava/guava/target/dependency/error_prone_annotations-2.1.3.jar:/var/benchmarks/projects/guava/guava/target/dependency/j2objc-annotations-1.1.jar:/var/benchmarks/projects/guava/guava/target/dependency/jsr305-3.0.2.jar:/var/benchmarks/projects/guava/guava/target/dependency/animal-sniffer-annotations-1.14.jar, outputDir=/home/utbot_mocks/temp/testcases, mocks=Other classes: Mockito
19:35:45.997 | INFO  | Started: warmup: kotlin reflection :: init
19:35:46.079 | INFO  | Finished (in 0.081 sec): warmup: kotlin reflection :: init 
[INIT]
>> [RUN] com.google.common.collect.SparseImmutableTable 120
19:35:46.092 | DEBUG | -----------------------------------------------------------------------------
19:35:46.093 | INFO  | Contest.runGeneration: Time budget: 120000 ms, Generation timeout=102000 ms, classpath=/var/benchmarks/projects/guava/guava/target/classes:/var/benchmarks/projects/guava/guava/target/guava-26.0-jre.jar:/var/benchmarks/projects/./guava/guava/target/dependency/checker-qual-2.5.2.jar:/var/benchmarks/projects/guava/guava/target/dependency/error_prone_annotations-2.1.3.jar:/var/benchmarks/projects/guava/guava/target/dependency/j2objc-annotations-1.1.jar:/var/benchmarks/projects/guava/guava/target/dependency/jsr305-3.0.2.jar:/var/benchmarks/projects/guava/guava/target/dependency/animal-sniffer-annotations-1.14.jar, methodNameFilter=null
19:35:46.094 | INFO  | ClassUnderTest[ FQN: com.google.common.collect.SparseImmutableTable
    classfileDir: /var/benchmarks/projects/guava/guava/target/classes
    testClassSimpleName: SparseImmutableTableTest
    generatedTestFile: /home/utbot_mocks/temp/testcases/com/google/common/collect/SparseImmutableTableTest.java
    generatedTestsSourcesDir: /home/utbot_mocks/temp/testcases
]
19:35:46.115 | INFO  | Started: class com.google.common.collect.SparseImmutableTable
19:35:46.116 | INFO  | Started: preparation class class com.google.common.collect.SparseImmutableTable: kotlin reflection :: run
19:35:46.326 | INFO  | Finished (in 0.210 sec): preparation class class com.google.common.collect.SparseImmutableTable: kotlin reflection :: run 
19:35:46.327 | INFO  | Started: 2nd optional soot initialization
19:35:46.328 | INFO  | Finished (in 0.001 sec): 2nd optional soot initialization 
19:35:46.337 | DEBUG |  ... 
19:35:46.345 | INFO  | Started: method com.google.common.collect.SparseImmutableTable.rowMap()
19:35:46.349 | INFO  |  -- Remaining time budget: 101753 ms, #remaining_methods: 7, budget for method: 14536 ms, solver timeout: 1000 ms, budget for symbolic execution: 13336 ms, budget for concrete execution: 1200 ms,  -- 
19:35:46.658 | ERROR | Symbolic execution FAILED
com.huawei.utbot.instrumentation.util.ChildProcessError: Error in the child process |> java.util.NoSuchElementException: List is empty.
	at kotlin.collections.CollectionsKt___CollectionsKt.first(_Collections.kt:212)
	at com.huawei.utbot.framework.concrete.UtExecutionInstrumentation.sortOutException(UtExecutionInstrumentation.kt:179)
	at com.huawei.utbot.framework.concrete.UtExecutionInstrumentation.access$sortOutException(UtExecutionInstrumentation.kt:96)
	at com.huawei.utbot.framework.concrete.UtExecutionInstrumentation$invoke$$inlined$use$lambda$1.invoke(UtExecutionInstrumentation.kt:152)
	at com.huawei.utbot.framework.concrete.UtExecutionInstrumentation$invoke$$inlined$use$lambda$1.invoke(UtExecutionInstrumentation.kt:96)
	at com.huawei.utbot.framework.concrete.UtExecutionInstrumentation.withStaticFields(UtExecutionInstrumentation.kt:225)
	at com.huawei.utbot.framework.concrete.UtExecutionInstrumentation.invoke(UtExecutionInstrumentation.kt:137)
	at com.huawei.utbot.framework.concrete.UtExecutionInstrumentation.invoke(UtExecutionInstrumentation.kt:96)
	at com.huawei.utbot.instrumentation.process.ChildProcessKt.loop(ChildProcess.kt:114)
	at com.huawei.utbot.instrumentation.process.ChildProcessKt.main(ChildProcess.kt:76)
	at com.huawei.utbot.instrumentation.process.ChildProcessKt.main(ChildProcess.kt)

	at com.huawei.utbot.instrumentation.ConcreteExecutor.executeAsync(ConcreteExecutor.kt:391) ~[utbot-junit-contest-1.0.jar:?]
	at com.huawei.utbot.instrumentation.ConcreteExecutor$executeAsync$1.invokeSuspend(ConcreteExecutor.kt) ~[utbot-junit-contest-1.0.jar:?]
	at kotlin.coroutines.jvm.internal.BaseContinuationImpl.resumeWith(ContinuationImpl.kt:33) [utbot-junit-contest-1.0.jar:?]
	at kotlinx.coroutines.DispatchedTask.run(DispatchedTask.kt:106) [utbot-junit-contest-1.0.jar:?]
	at java.util.concurrent.Executors$RunnableAdapter.call(Executors.java:511) [?:1.8.0_312]
	at java.util.concurrent.FutureTask.run(FutureTask.java:266) [?:1.8.0_312]
	at java.util.concurrent.ScheduledThreadPoolExecutor$ScheduledFutureTask.access$201(ScheduledThreadPoolExecutor.java:180) [?:1.8.0_312]
	at java.util.concurrent.ScheduledThreadPoolExecutor$ScheduledFutureTask.run(ScheduledThreadPoolExecutor.java:293) [?:1.8.0_312]
	at java.util.concurrent.ThreadPoolExecutor.runWorker(ThreadPoolExecutor.java:1149) [?:1.8.0_312]
	at java.util.concurrent.ThreadPoolExecutor$Worker.run(ThreadPoolExecutor.java:624) [?:1.8.0_312]
	at java.lang.Thread.run(Thread.java:748) [?:1.8.0_312]
19:35:46.847 | DEBUG | --new testCase collected, to generate: testCom.google.common.collect.SparseImmutableTable.rowMap()1
19:35:46.849 | INFO  | Finished (in 0.500 sec): method com.google.common.collect.SparseImmutableTable.rowMap() 
<StatsForMethod> :
	#generatedTC=1
	FAILED 1 time(s) with 1 different exception(s)"
19:35:46.850 | DEBUG |  ... 
19:35:46.851 | INFO  | Started: method com.google.common.collect.SparseImmutableTable.columnMap()
19:35:46.851 | INFO  |  -- Remaining time budget: 101242 ms, #remaining_methods: 6, budget for method: 16873 ms, solver timeout: 1000 ms, budget for symbolic execution: 15673 ms, budget for concrete execution: 1200 ms,  -- 
19:35:46.857 | ERROR | Symbolic execution FAILED
com.huawei.utbot.instrumentation.util.ChildProcessError: Error in the child process |> java.util.NoSuchElementException: List is empty.
	at kotlin.collections.CollectionsKt___CollectionsKt.first(_Collections.kt:212)
	at com.huawei.utbot.framework.concrete.UtExecutionInstrumentation.sortOutException(UtExecutionInstrumentation.kt:179)
	at com.huawei.utbot.framework.concrete.UtExecutionInstrumentation.access$sortOutException(UtExecutionInstrumentation.kt:96)
	at com.huawei.utbot.framework.concrete.UtExecutionInstrumentation$invoke$$inlined$use$lambda$1.invoke(UtExecutionInstrumentation.kt:152)
	at com.huawei.utbot.framework.concrete.UtExecutionInstrumentation$invoke$$inlined$use$lambda$1.invoke(UtExecutionInstrumentation.kt:96)
	at com.huawei.utbot.framework.concrete.UtExecutionInstrumentation.withStaticFields(UtExecutionInstrumentation.kt:225)
	at com.huawei.utbot.framework.concrete.UtExecutionInstrumentation.invoke(UtExecutionInstrumentation.kt:137)
	at com.huawei.utbot.framework.concrete.UtExecutionInstrumentation.invoke(UtExecutionInstrumentation.kt:96)
	at com.huawei.utbot.instrumentation.process.ChildProcessKt.loop(ChildProcess.kt:114)
	at com.huawei.utbot.instrumentation.process.ChildProcessKt.main(ChildProcess.kt:76)
	at com.huawei.utbot.instrumentation.process.ChildProcessKt.main(ChildProcess.kt)

	at com.huawei.utbot.instrumentation.ConcreteExecutor.executeAsync(ConcreteExecutor.kt:391) ~[utbot-junit-contest-1.0.jar:?]
	at com.huawei.utbot.instrumentation.ConcreteExecutor$executeAsync$1.invokeSuspend(ConcreteExecutor.kt) ~[utbot-junit-contest-1.0.jar:?]
	at kotlin.coroutines.jvm.internal.BaseContinuationImpl.resumeWith(ContinuationImpl.kt:33) [utbot-junit-contest-1.0.jar:?]
	at kotlinx.coroutines.DispatchedTask.run(DispatchedTask.kt:106) [utbot-junit-contest-1.0.jar:?]
	at java.util.concurrent.Executors$RunnableAdapter.call(Executors.java:511) [?:1.8.0_312]
	at java.util.concurrent.FutureTask.run(FutureTask.java:266) [?:1.8.0_312]
	at java.util.concurrent.ScheduledThreadPoolExecutor$ScheduledFutureTask.access$201(ScheduledThreadPoolExecutor.java:180) [?:1.8.0_312]
	at java.util.concurrent.ScheduledThreadPoolExecutor$ScheduledFutureTask.run(ScheduledThreadPoolExecutor.java:293) [?:1.8.0_312]
	at java.util.concurrent.ThreadPoolExecutor.runWorker(ThreadPoolExecutor.java:1149) [?:1.8.0_312]
	at java.util.concurrent.ThreadPoolExecutor$Worker.run(ThreadPoolExecutor.java:624) [?:1.8.0_312]
	at java.lang.Thread.run(Thread.java:748) [?:1.8.0_312]
19:35:46.902 | DEBUG | --new testCase collected, to generate: testCom.google.common.collect.SparseImmutableTable.columnMap()1
19:35:46.902 | INFO  | Finished (in 0.051 sec): method com.google.common.collect.SparseImmutableTable.columnMap() 
<StatsForMethod> :
	#generatedTC=1
	FAILED 1 time(s) with 1 different exception(s)"
19:35:46.904 | DEBUG |  ... 
19:35:46.904 | INFO  | Started: method com.google.common.collect.SparseImmutableTable.size()
19:35:46.904 | INFO  |  -- Remaining time budget: 101189 ms, #remaining_methods: 5, budget for method: 20237 ms, solver timeout: 1000 ms, budget for symbolic execution: 19037 ms, budget for concrete execution: 1200 ms,  -- 
19:35:46.910 | ERROR | Symbolic execution FAILED
com.huawei.utbot.instrumentation.util.ChildProcessError: Error in the child process |> java.util.NoSuchElementException: List is empty.
	at kotlin.collections.CollectionsKt___CollectionsKt.first(_Collections.kt:212)
	at com.huawei.utbot.framework.concrete.UtExecutionInstrumentation.sortOutException(UtExecutionInstrumentation.kt:179)
	at com.huawei.utbot.framework.concrete.UtExecutionInstrumentation.access$sortOutException(UtExecutionInstrumentation.kt:96)
	at com.huawei.utbot.framework.concrete.UtExecutionInstrumentation$invoke$$inlined$use$lambda$1.invoke(UtExecutionInstrumentation.kt:152)
	at com.huawei.utbot.framework.concrete.UtExecutionInstrumentation$invoke$$inlined$use$lambda$1.invoke(UtExecutionInstrumentation.kt:96)
	at com.huawei.utbot.framework.concrete.UtExecutionInstrumentation.withStaticFields(UtExecutionInstrumentation.kt:225)
	at com.huawei.utbot.framework.concrete.UtExecutionInstrumentation.invoke(UtExecutionInstrumentation.kt:137)
	at com.huawei.utbot.framework.concrete.UtExecutionInstrumentation.invoke(UtExecutionInstrumentation.kt:96)
	at com.huawei.utbot.instrumentation.process.ChildProcessKt.loop(ChildProcess.kt:114)
	at com.huawei.utbot.instrumentation.process.ChildProcessKt.main(ChildProcess.kt:76)
	at com.huawei.utbot.instrumentation.process.ChildProcessKt.main(ChildProcess.kt)

	at com.huawei.utbot.instrumentation.ConcreteExecutor.executeAsync(ConcreteExecutor.kt:391) ~[utbot-junit-contest-1.0.jar:?]
	at com.huawei.utbot.instrumentation.ConcreteExecutor$executeAsync$1.invokeSuspend(ConcreteExecutor.kt) ~[utbot-junit-contest-1.0.jar:?]
	at kotlin.coroutines.jvm.internal.BaseContinuationImpl.resumeWith(ContinuationImpl.kt:33) [utbot-junit-contest-1.0.jar:?]
	at kotlinx.coroutines.DispatchedTask.run(DispatchedTask.kt:106) [utbot-junit-contest-1.0.jar:?]
	at java.util.concurrent.Executors$RunnableAdapter.call(Executors.java:511) [?:1.8.0_312]
	at java.util.concurrent.FutureTask.run(FutureTask.java:266) [?:1.8.0_312]
	at java.util.concurrent.ScheduledThreadPoolExecutor$ScheduledFutureTask.access$201(ScheduledThreadPoolExecutor.java:180) [?:1.8.0_312]
	at java.util.concurrent.ScheduledThreadPoolExecutor$ScheduledFutureTask.run(ScheduledThreadPoolExecutor.java:293) [?:1.8.0_312]
	at java.util.concurrent.ThreadPoolExecutor.runWorker(ThreadPoolExecutor.java:1149) [?:1.8.0_312]
	at java.util.concurrent.ThreadPoolExecutor$Worker.run(ThreadPoolExecutor.java:624) [?:1.8.0_312]
	at java.lang.Thread.run(Thread.java:748) [?:1.8.0_312]
19:35:46.950 | DEBUG | --new testCase collected, to generate: testCom.google.common.collect.SparseImmutableTable.size()1
19:35:46.950 | INFO  | Finished (in 0.046 sec): method com.google.common.collect.SparseImmutableTable.size() 
<StatsForMethod> :
	#generatedTC=1
	FAILED 1 time(s) with 1 different exception(s)"
19:35:46.951 | DEBUG |  ... 
19:35:46.952 | INFO  | Started: method com.google.common.collect.SparseImmutableTable.createSerializedForm()
19:35:46.952 | INFO  |  -- Remaining time budget: 101141 ms, #remaining_methods: 4, budget for method: 25285 ms, solver timeout: 1000 ms, budget for symbolic execution: 24085 ms, budget for concrete execution: 1200 ms,  -- 
19:35:46.958 | ERROR | Symbolic execution FAILED
com.huawei.utbot.instrumentation.util.ChildProcessError: Error in the child process |> java.util.NoSuchElementException: List is empty.
	at kotlin.collections.CollectionsKt___CollectionsKt.first(_Collections.kt:212)
	at com.huawei.utbot.framework.concrete.UtExecutionInstrumentation.sortOutException(UtExecutionInstrumentation.kt:179)
	at com.huawei.utbot.framework.concrete.UtExecutionInstrumentation.access$sortOutException(UtExecutionInstrumentation.kt:96)
	at com.huawei.utbot.framework.concrete.UtExecutionInstrumentation$invoke$$inlined$use$lambda$1.invoke(UtExecutionInstrumentation.kt:152)
	at com.huawei.utbot.framework.concrete.UtExecutionInstrumentation$invoke$$inlined$use$lambda$1.invoke(UtExecutionInstrumentation.kt:96)
	at com.huawei.utbot.framework.concrete.UtExecutionInstrumentation.withStaticFields(UtExecutionInstrumentation.kt:225)
	at com.huawei.utbot.framework.concrete.UtExecutionInstrumentation.invoke(UtExecutionInstrumentation.kt:137)
	at com.huawei.utbot.framework.concrete.UtExecutionInstrumentation.invoke(UtExecutionInstrumentation.kt:96)
	at com.huawei.utbot.instrumentation.process.ChildProcessKt.loop(ChildProcess.kt:114)
	at com.huawei.utbot.instrumentation.process.ChildProcessKt.main(ChildProcess.kt:76)
	at com.huawei.utbot.instrumentation.process.ChildProcessKt.main(ChildProcess.kt)

	at com.huawei.utbot.instrumentation.ConcreteExecutor.executeAsync(ConcreteExecutor.kt:391) ~[utbot-junit-contest-1.0.jar:?]
	at com.huawei.utbot.instrumentation.ConcreteExecutor$executeAsync$1.invokeSuspend(ConcreteExecutor.kt) ~[utbot-junit-contest-1.0.jar:?]
	at kotlin.coroutines.jvm.internal.BaseContinuationImpl.resumeWith(ContinuationImpl.kt:33) [utbot-junit-contest-1.0.jar:?]
	at kotlinx.coroutines.DispatchedTask.run(DispatchedTask.kt:106) [utbot-junit-contest-1.0.jar:?]
	at java.util.concurrent.Executors$RunnableAdapter.call(Executors.java:511) [?:1.8.0_312]
	at java.util.concurrent.FutureTask.run(FutureTask.java:266) [?:1.8.0_312]
	at java.util.concurrent.ScheduledThreadPoolExecutor$ScheduledFutureTask.access$201(ScheduledThreadPoolExecutor.java:180) [?:1.8.0_312]
	at java.util.concurrent.ScheduledThreadPoolExecutor$ScheduledFutureTask.run(ScheduledThreadPoolExecutor.java:293) [?:1.8.0_312]
	at java.util.concurrent.ThreadPoolExecutor.runWorker(ThreadPoolExecutor.java:1149) [?:1.8.0_312]
	at java.util.concurrent.ThreadPoolExecutor$Worker.run(ThreadPoolExecutor.java:624) [?:1.8.0_312]
	at java.lang.Thread.run(Thread.java:748) [?:1.8.0_312]
19:35:48.025 | DEBUG | --new testCase collected, to generate: testCom.google.common.collect.SparseImmutableTable.createSerializedForm()1
19:35:48.207 | DEBUG | --new testCase collected, to generate: testCom.google.common.collect.SparseImmutableTable.createSerializedForm()2
19:35:48.238 | DEBUG | --new testCase collected, to generate: testCom.google.common.collect.SparseImmutableTable.createSerializedForm()3
19:35:48.287 | INFO  | Finished (in 1.335 sec): method com.google.common.collect.SparseImmutableTable.createSerializedForm() 
<StatsForMethod> :
	#generatedTC=3
	FAILED 1 time(s) with 1 different exception(s)"
19:35:48.317 | DEBUG |  ... 
19:35:48.318 | INFO  | Started: method com.google.common.collect.SparseImmutableTable.getCell(int)
19:35:48.318 | INFO  |  -- Remaining time budget: 99776 ms, #remaining_methods: 3, budget for method: 33258 ms, solver timeout: 1000 ms, budget for symbolic execution: 32058 ms, budget for concrete execution: 1200 ms,  -- 
19:35:48.324 | ERROR | Symbolic execution FAILED
com.huawei.utbot.instrumentation.util.ChildProcessError: Error in the child process |> java.util.NoSuchElementException: List is empty.
	at kotlin.collections.CollectionsKt___CollectionsKt.first(_Collections.kt:212)
	at com.huawei.utbot.framework.concrete.UtExecutionInstrumentation.sortOutException(UtExecutionInstrumentation.kt:179)
	at com.huawei.utbot.framework.concrete.UtExecutionInstrumentation.access$sortOutException(UtExecutionInstrumentation.kt:96)
	at com.huawei.utbot.framework.concrete.UtExecutionInstrumentation$invoke$$inlined$use$lambda$1.invoke(UtExecutionInstrumentation.kt:152)
	at com.huawei.utbot.framework.concrete.UtExecutionInstrumentation$invoke$$inlined$use$lambda$1.invoke(UtExecutionInstrumentation.kt:96)
	at com.huawei.utbot.framework.concrete.UtExecutionInstrumentation.withStaticFields(UtExecutionInstrumentation.kt:225)
	at com.huawei.utbot.framework.concrete.UtExecutionInstrumentation.invoke(UtExecutionInstrumentation.kt:137)
	at com.huawei.utbot.framework.concrete.UtExecutionInstrumentation.invoke(UtExecutionInstrumentation.kt:96)
	at com.huawei.utbot.instrumentation.process.ChildProcessKt.loop(ChildProcess.kt:114)
	at com.huawei.utbot.instrumentation.process.ChildProcessKt.main(ChildProcess.kt:76)
	at com.huawei.utbot.instrumentation.process.ChildProcessKt.main(ChildProcess.kt)

	at com.huawei.utbot.instrumentation.ConcreteExecutor.executeAsync(ConcreteExecutor.kt:391) ~[utbot-junit-contest-1.0.jar:?]
	at com.huawei.utbot.instrumentation.ConcreteExecutor$executeAsync$1.invokeSuspend(ConcreteExecutor.kt) ~[utbot-junit-contest-1.0.jar:?]
	at kotlin.coroutines.jvm.internal.BaseContinuationImpl.resumeWith(ContinuationImpl.kt:33) [utbot-junit-contest-1.0.jar:?]
	at kotlinx.coroutines.DispatchedTask.run(DispatchedTask.kt:106) [utbot-junit-contest-1.0.jar:?]
	at java.util.concurrent.Executors$RunnableAdapter.call(Executors.java:511) [?:1.8.0_312]
	at java.util.concurrent.FutureTask.run(FutureTask.java:266) [?:1.8.0_312]
	at java.util.concurrent.ScheduledThreadPoolExecutor$ScheduledFutureTask.access$201(ScheduledThreadPoolExecutor.java:180) [?:1.8.0_312]
	at java.util.concurrent.ScheduledThreadPoolExecutor$ScheduledFutureTask.run(ScheduledThreadPoolExecutor.java:293) [?:1.8.0_312]
	at java.util.concurrent.ThreadPoolExecutor.runWorker(ThreadPoolExecutor.java:1149) [?:1.8.0_312]
	at java.util.concurrent.ThreadPoolExecutor$Worker.run(ThreadPoolExecutor.java:624) [?:1.8.0_312]
	at java.lang.Thread.run(Thread.java:748) [?:1.8.0_312]
19:35:48.366 | DEBUG | --new testCase collected, to generate: testCom.google.common.collect.SparseImmutableTable.getCell(int)1
19:35:48.387 | DEBUG | --new testCase collected, to generate: testCom.google.common.collect.SparseImmutableTable.getCell(int)2
19:35:48.582 | DEBUG | --new testCase collected, to generate: testCom.google.common.collect.SparseImmutableTable.getCell(int)3
19:35:48.606 | DEBUG | --new testCase collected, to generate: testCom.google.common.collect.SparseImmutableTable.getCell(int)4
19:35:48.632 | DEBUG | --new testCase collected, to generate: testCom.google.common.collect.SparseImmutableTable.getCell(int)5
19:35:48.691 | DEBUG | --new testCase collected, to generate: testCom.google.common.collect.SparseImmutableTable.getCell(int)6
19:35:49.017 | DEBUG | --new testCase collected, to generate: testCom.google.common.collect.SparseImmutableTable.getCell(int)7
19:35:49.167 | DEBUG | --new testCase collected, to generate: testCom.google.common.collect.SparseImmutableTable.getCell(int)8
19:35:49.314 | DEBUG | --new testCase collected, to generate: testCom.google.common.collect.SparseImmutableTable.getCell(int)9
19:35:49.464 | DEBUG | --new testCase collected, to generate: testCom.google.common.collect.SparseImmutableTable.getCell(int)10
19:35:49.660 | DEBUG | --new testCase collected, to generate: testCom.google.common.collect.SparseImmutableTable.getCell(int)11
19:35:49.873 | DEBUG | --new testCase collected, to generate: testCom.google.common.collect.SparseImmutableTable.getCell(int)12
19:35:50.284 | DEBUG | --new testCase collected, to generate: testCom.google.common.collect.SparseImmutableTable.getCell(int)13
19:35:50.612 | DEBUG | --new testCase collected, to generate: testCom.google.common.collect.SparseImmutableTable.getCell(int)14
19:35:51.807 | DEBUG | --new testCase collected, to generate: testCom.google.common.collect.SparseImmutableTable.getCell(int)15
19:35:52.979 | DEBUG | --new testCase collected, to generate: testCom.google.common.collect.SparseImmutableTable.getCell(int)16
19:35:53.873 | DEBUG | --new testCase collected, to generate: testCom.google.common.collect.SparseImmutableTable.getCell(int)17
19:35:55.254 | DEBUG | --new testCase collected, to generate: testCom.google.common.collect.SparseImmutableTable.getCell(int)18
19:35:55.748 | DEBUG | --new testCase collected, to generate: testCom.google.common.collect.SparseImmutableTable.getCell(int)19
19:35:56.418 | DEBUG | --new testCase collected, to generate: testCom.google.common.collect.SparseImmutableTable.getCell(int)20
19:36:00.112 | DEBUG | --new testCase collected, to generate: testCom.google.common.collect.SparseImmutableTable.getCell(int)21
19:36:02.111 | DEBUG | --new testCase collected, to generate: testCom.google.common.collect.SparseImmutableTable.getCell(int)22
19:36:04.459 | DEBUG | --new testCase collected, to generate: testCom.google.common.collect.SparseImmutableTable.getCell(int)23
19:36:04.525 | INFO  | Finished (in 16.206 sec): method com.google.common.collect.SparseImmutableTable.getCell(int) 
<StatsForMethod> :
	#generatedTC=23
	FAILED 1 time(s) with 1 different exception(s)"
19:36:04.750 | DEBUG |  ... 
19:36:04.751 | INFO  | Started: method com.google.common.collect.SparseImmutableTable.getValue(int)
19:36:04.751 | INFO  |  -- Remaining time budget: 83342 ms, #remaining_methods: 2, budget for method: 41671 ms, solver timeout: 1000 ms, budget for symbolic execution: 40471 ms, budget for concrete execution: 1200 ms,  -- 
19:36:04.756 | ERROR | Symbolic execution FAILED
com.huawei.utbot.instrumentation.util.ChildProcessError: Error in the child process |> java.util.NoSuchElementException: List is empty.
	at kotlin.collections.CollectionsKt___CollectionsKt.first(_Collections.kt:212)
	at com.huawei.utbot.framework.concrete.UtExecutionInstrumentation.sortOutException(UtExecutionInstrumentation.kt:179)
	at com.huawei.utbot.framework.concrete.UtExecutionInstrumentation.access$sortOutException(UtExecutionInstrumentation.kt:96)
	at com.huawei.utbot.framework.concrete.UtExecutionInstrumentation$invoke$$inlined$use$lambda$1.invoke(UtExecutionInstrumentation.kt:152)
	at com.huawei.utbot.framework.concrete.UtExecutionInstrumentation$invoke$$inlined$use$lambda$1.invoke(UtExecutionInstrumentation.kt:96)
	at com.huawei.utbot.framework.concrete.UtExecutionInstrumentation.withStaticFields(UtExecutionInstrumentation.kt:225)
	at com.huawei.utbot.framework.concrete.UtExecutionInstrumentation.invoke(UtExecutionInstrumentation.kt:137)
	at com.huawei.utbot.framework.concrete.UtExecutionInstrumentation.invoke(UtExecutionInstrumentation.kt:96)
	at com.huawei.utbot.instrumentation.process.ChildProcessKt.loop(ChildProcess.kt:114)
	at com.huawei.utbot.instrumentation.process.ChildProcessKt.main(ChildProcess.kt:76)
	at com.huawei.utbot.instrumentation.process.ChildProcessKt.main(ChildProcess.kt)

	at com.huawei.utbot.instrumentation.ConcreteExecutor.executeAsync(ConcreteExecutor.kt:391) ~[utbot-junit-contest-1.0.jar:?]
	at com.huawei.utbot.instrumentation.ConcreteExecutor$executeAsync$1.invokeSuspend(ConcreteExecutor.kt) ~[utbot-junit-contest-1.0.jar:?]
	at kotlin.coroutines.jvm.internal.BaseContinuationImpl.resumeWith(ContinuationImpl.kt:33) [utbot-junit-contest-1.0.jar:?]
	at kotlinx.coroutines.DispatchedTask.run(DispatchedTask.kt:106) [utbot-junit-contest-1.0.jar:?]
	at java.util.concurrent.Executors$RunnableAdapter.call(Executors.java:511) [?:1.8.0_312]
	at java.util.concurrent.FutureTask.run(FutureTask.java:266) [?:1.8.0_312]
	at java.util.concurrent.ScheduledThreadPoolExecutor$ScheduledFutureTask.access$201(ScheduledThreadPoolExecutor.java:180) [?:1.8.0_312]
	at java.util.concurrent.ScheduledThreadPoolExecutor$ScheduledFutureTask.run(ScheduledThreadPoolExecutor.java:293) [?:1.8.0_312]
	at java.util.concurrent.ThreadPoolExecutor.runWorker(ThreadPoolExecutor.java:1149) [?:1.8.0_312]
	at java.util.concurrent.ThreadPoolExecutor$Worker.run(ThreadPoolExecutor.java:624) [?:1.8.0_312]
	at java.lang.Thread.run(Thread.java:748) [?:1.8.0_312]
19:36:04.786 | DEBUG | --new testCase collected, to generate: testCom.google.common.collect.SparseImmutableTable.getValue(int)1
19:36:04.806 | DEBUG | --new testCase collected, to generate: testCom.google.common.collect.SparseImmutableTable.getValue(int)2
19:36:04.964 | DEBUG | --new testCase collected, to generate: testCom.google.common.collect.SparseImmutableTable.getValue(int)3
19:36:04.987 | DEBUG | --new testCase collected, to generate: testCom.google.common.collect.SparseImmutableTable.getValue(int)4
19:36:05.010 | DEBUG | --new testCase collected, to generate: testCom.google.common.collect.SparseImmutableTable.getValue(int)5
19:36:05.104 | DEBUG | --new testCase collected, to generate: testCom.google.common.collect.SparseImmutableTable.getValue(int)6
19:36:05.176 | DEBUG | --new testCase collected, to generate: testCom.google.common.collect.SparseImmutableTable.getValue(int)7
19:36:05.251 | DEBUG | --new testCase collected, to generate: testCom.google.common.collect.SparseImmutableTable.getValue(int)8
19:36:05.361 | DEBUG | --new testCase collected, to generate: testCom.google.common.collect.SparseImmutableTable.getValue(int)9
19:36:05.420 | INFO  | Finished (in 0.669 sec): method com.google.common.collect.SparseImmutableTable.getValue(int) 
<StatsForMethod> :
	#generatedTC=9
	FAILED 1 time(s) with 1 different exception(s)"
19:36:05.427 | DEBUG |  ... 
19:36:05.428 | INFO  | Started: method com.google.common.collect.SparseImmutableTable.<init>(ImmutableList, ImmutableSet, ImmutableSet)
19:36:05.428 | INFO  |  -- Remaining time budget: 82666 ms, #remaining_methods: 1, budget for method: 82666 ms, solver timeout: 1000 ms, budget for symbolic execution: 81466 ms, budget for concrete execution: 1200 ms,  -- 
19:36:05.446 | DEBUG | --new testCase collected, to generate: testCom.google.common.collect.SparseImmutableTable.<init>(ImmutableList, ImmutableSet, ImmutableSet)1
19:36:05.576 | DEBUG | --new testCase collected, to generate: testCom.google.common.collect.SparseImmutableTable.<init>(ImmutableList, ImmutableSet, ImmutableSet)2
19:36:05.600 | DEBUG | --new testCase collected, to generate: testCom.google.common.collect.SparseImmutableTable.<init>(ImmutableList, ImmutableSet, ImmutableSet)3
19:36:05.681 | DEBUG | --new testCase collected, to generate: testCom.google.common.collect.SparseImmutableTable.<init>(ImmutableList, ImmutableSet, ImmutableSet)4
19:36:05.794 | DEBUG | --new testCase collected, to generate: testCom.google.common.collect.SparseImmutableTable.<init>(ImmutableList, ImmutableSet, ImmutableSet)5
19:36:05.961 | DEBUG | --new testCase collected, to generate: testCom.google.common.collect.SparseImmutableTable.<init>(ImmutableList, ImmutableSet, ImmutableSet)6
19:36:05.972 | DEBUG | --new testCase collected, to generate: testCom.google.common.collect.SparseImmutableTable.<init>(ImmutableList, ImmutableSet, ImmutableSet)7
19:36:05.998 | DEBUG | --new testCase collected, to generate: testCom.google.common.collect.SparseImmutableTable.<init>(ImmutableList, ImmutableSet, ImmutableSet)8
19:36:06.145 | DEBUG | --new testCase collected, to generate: testCom.google.common.collect.SparseImmutableTable.<init>(ImmutableList, ImmutableSet, ImmutableSet)9
19:36:06.241 | DEBUG | --new testCase collected, to generate: testCom.google.common.collect.SparseImmutableTable.<init>(ImmutableList, ImmutableSet, ImmutableSet)10
19:36:06.468 | DEBUG | --new testCase collected, to generate: testCom.google.common.collect.SparseImmutableTable.<init>(ImmutableList, ImmutableSet, ImmutableSet)11
19:36:07.597 | DEBUG | --new testCase collected, to generate: testCom.google.common.collect.SparseImmutableTable.<init>(ImmutableList, ImmutableSet, ImmutableSet)12
19:36:08.573 | DEBUG | --new testCase collected, to generate: testCom.google.common.collect.SparseImmutableTable.<init>(ImmutableList, ImmutableSet, ImmutableSet)13
19:36:08.743 | DEBUG | --new testCase collected, to generate: testCom.google.common.collect.SparseImmutableTable.<init>(ImmutableList, ImmutableSet, ImmutableSet)14
19:36:09.291 | DEBUG | --new testCase collected, to generate: testCom.google.common.collect.SparseImmutableTable.<init>(ImmutableList, ImmutableSet, ImmutableSet)15
19:36:10.017 | DEBUG | --new testCase collected, to generate: testCom.google.common.collect.SparseImmutableTable.<init>(ImmutableList, ImmutableSet, ImmutableSet)16
19:36:11.498 | DEBUG | --new testCase collected, to generate: testCom.google.common.collect.SparseImmutableTable.<init>(ImmutableList, ImmutableSet, ImmutableSet)17
19:36:11.919 | DEBUG | --new testCase collected, to generate: testCom.google.common.collect.SparseImmutableTable.<init>(ImmutableList, ImmutableSet, ImmutableSet)18
19:36:33.058 | DEBUG | --new testCase collected, to generate: testCom.google.common.collect.SparseImmutableTable.<init>(ImmutableList, ImmutableSet, ImmutableSet)19
19:36:35.462 | DEBUG | --new testCase collected, to generate: testCom.google.common.collect.SparseImmutableTable.<init>(ImmutableList, ImmutableSet, ImmutableSet)20
19:36:49.234 | DEBUG | --new testCase collected, to generate: testCom.google.common.collect.SparseImmutableTable.<init>(ImmutableList, ImmutableSet, ImmutableSet)21
19:37:22.174 | DEBUG | --new testCase collected, to generate: testCom.google.common.collect.SparseImmutableTable.<init>(ImmutableList, ImmutableSet, ImmutableSet)22
19:37:24.012 | DEBUG | --new testCase collected, to generate: testCom.google.common.collect.SparseImmutableTable.<init>(ImmutableList, ImmutableSet, ImmutableSet)23
19:37:26.895 | INFO  | |> Starting concrete execution for remaining state: com.google.common.collect.SparseImmutableTable.<init>(ImmutableList, ImmutableSet, ImmutableSet)
19:37:28.095 | WARN  | Cancelling job because timeout 102000 ms elapsed (real cancellation can take time)
19:37:28.097 | INFO  | (X) Cancelling concrete execution: com.google.common.collect.SparseImmutableTable.<init>(ImmutableList, ImmutableSet, ImmutableSet)
19:37:28.299 | INFO  | Started: Flushing tests for [SparseImmutableTable] on disk
19:37:28.725 | INFO  | File size for SparseImmutableTableTest: 96 KB
19:37:28.727 | INFO  | Finished (in 0.428 sec): Flushing tests for [SparseImmutableTable] on disk 
19:37:28.728 | INFO  | Finished (in 102.612 sec): class com.google.common.collect.SparseImmutableTable 
<StatsForClass> :
	canceled by timeout = true
	#methods = 7, 
	#methods started symbolic exploration = 7
	#methods with at least one TC = 7
	#methods with exceptions = 6
	#generated TC = 61
	#coverage = null
[READY]
