Started UtBot Contest, classfileDir = /var/benchmarks/projects/fastjson/target/classes, classpathString=/var/benchmarks/projects/fastjson/target/classes:/var/benchmarks/projects/fastjson/target/fastjson-1.2.50-SNAPSHOT.jar:/var/benchmarks/projects/./fastjson/target/dependency/deeptestutils-1.1.0.jar:/var/benchmarks/projects/fastjson/target/dependency/commons-beanutils-1.8.0.jar:/var/benchmarks/projects/fastjson/target/dependency/woodstox-core-asl-4.4.1.jar:/var/benchmarks/projects/fastjson/target/dependency/spring-aop-4.3.7.RELEASE.jar:/var/benchmarks/projects/fastjson/target/dependency/hibernate-core-5.2.10.Final.jar:/var/benchmarks/projects/fastjson/target/dependency/jackson-module-kotlin-2.9.0.jar:/var/benchmarks/projects/fastjson/target/dependency/spring-data-commons-1.13.6.RELEASE.jar:/var/benchmarks/projects/fastjson/target/dependency/javax.annotation-api-1.2.jar:/var/benchmarks/projects/fastjson/target/dependency/gson-2.6.2.jar:/var/benchmarks/projects/fastjson/target/dependency/jetty-continuation-8.1.8.v20121106.jar:/var/benchmarks/projects/fastjson/target/dependency/objenesis-2.5.1.jar:/var/benchmarks/projects/fastjson/target/dependency/powermock-reflect-1.6.6.jar:/var/benchmarks/projects/fastjson/target/dependency/springfox-spring-web-2.6.1.jar:/var/benchmarks/projects/fastjson/target/dependency/javaslang-2.0.6.jar:/var/benchmarks/projects/fastjson/target/dependency/guava-18.0.jar:/var/benchmarks/projects/fastjson/target/dependency/mockito-core-1.10.19.jar:/var/benchmarks/projects/fastjson/target/dependency/json-lib-2.4-jdk15.jar:/var/benchmarks/projects/fastjson/target/dependency/jetty-xml-8.1.8.v20121106.jar:/var/benchmarks/projects/fastjson/target/dependency/xmlschema-core-2.2.1.jar:/var/benchmarks/projects/fastjson/target/dependency/powermock-api-support-1.6.6.jar:/var/benchmarks/projects/fastjson/target/dependency/commons-collections4-4.1.jar:/var/benchmarks/projects/fastjson/target/dependency/cglib-nodep-2.2.2.jar:/var/benchmarks/projects/fastjson/target/dependency/asm-debug-all-5.0.4.jar:/var/benchmarks/projects/fastjson/target/dependency/spring-plugin-core-1.2.0.RELEASE.jar:/var/benchmarks/projects/fastjson/target/dependency/cxf-rt-rs-client-3.1.2.jar:/var/benchmarks/projects/fastjson/target/dependency/jetty-io-8.1.8.v20121106.jar:/var/benchmarks/projects/fastjson/target/dependency/commons-lang3-3.4.jar:/var/benchmarks/projects/fastjson/target/dependency/stax2-api-3.1.4.jar:/var/benchmarks/projects/fastjson/target/dependency/jackson-annotations-2.9.0.jar:/var/benchmarks/projects/fastjson/target/dependency/jetty-server-8.1.8.v20121106.jar:/var/benchmarks/projects/fastjson/target/dependency/json-simple-1.1.1.jar:/var/benchmarks/projects/fastjson/target/dependency/asm-tree-4.0.jar:/var/benchmarks/projects/fastjson/target/dependency/spring-data-commons-core-1.4.1.RELEASE.jar:/var/benchmarks/projects/fastjson/target/dependency/powermock-module-junit4-common-1.6.6.jar:/var/benchmarks/projects/fastjson/target/dependency/jcl-over-slf4j-1.7.25.jar:/var/benchmarks/projects/fastjson/target/dependency/javax.servlet-3.0.0.v201112011016.jar:/var/benchmarks/projects/fastjson/target/dependency/springfox-core-2.6.1.jar:/var/benchmarks/projects/fastjson/target/dependency/osgi-resource-locator-1.0.1.jar:/var/benchmarks/projects/fastjson/target/dependency/javassist-3.18.0-GA.jar:/var/benchmarks/projects/fastjson/target/dependency/kotlin-reflect-1.1.3-2.jar:/var/benchmarks/projects/fastjson/target/dependency/spring-context-support-4.3.10.RELEASE.jar:/var/benchmarks/projects/fastjson/target/dependency/spring-plugin-metadata-1.2.0.RELEASE.jar:/var/benchmarks/projects/fastjson/target/dependency/kotlin-stdlib-1.1.3-2.jar:/var/benchmarks/projects/fastjson/target/dependency/spring-data-keyvalue-1.2.6.RELEASE.jar:/var/benchmarks/projects/fastjson/target/dependency/jersey-container-servlet-core-2.23.2.jar:/var/benchmarks/projects/fastjson/target/dependency/asm-4.0.jar:/var/benchmarks/projects/fastjson/target/dependency/asm-commons-4.0.jar:/var/benchmarks/projects/fastjson/target/dependency/jersey-guava-2.23.2.jar:/var/benchmarks/projects/fastjson/target/dependency/aopalliance-1.0.jar:/var/benchmarks/projects/fastjson/target/dependency/groovy-2.1.5.jar:/var/benchmarks/projects/fastjson/target/dependency/hk2-api-2.5.0-b05.jar:/var/benchmarks/projects/fastjson/target/dependency/jetty-security-8.1.8.v20121106.jar:/var/benchmarks/projects/fastjson/target/dependency/jmh-core-1.21.jar:/var/benchmarks/projects/fastjson/target/dependency/jersey-container-servlet-2.23.2.jar:/var/benchmarks/projects/fastjson/target/dependency/dom4j-1.6.1.jar:/var/benchmarks/projects/fastjson/target/dependency/spring-core-4.3.7.RELEASE.jar:/var/benchmarks/projects/fastjson/target/dependency/spring-data-redis-1.8.6.RELEASE.jar:/var/benchmarks/projects/fastjson/target/dependency/jackson-core-asl-1.9.13.jar:/var/benchmarks/projects/fastjson/target/dependency/jackson-mapper-asl-1.9.13.jar:/var/benchmarks/projects/fastjson/target/dependency/hibernate-jpa-2.1-api-1.0.0.Final.jar:/var/benchmarks/projects/fastjson/target/dependency/junit-4.12.jar:/var/benchmarks/projects/fastjson/target/dependency/commons-io-1.4.jar:/var/benchmarks/projects/fastjson/target/dependency/jetty-util-8.1.8.v20121106.jar:/var/benchmarks/projects/fastjson/target/dependency/hamcrest-core-1.3.jar:/var/benchmarks/projects/fastjson/target/dependency/jmh-generator-annprocess-1.21.jar:/var/benchmarks/projects/fastjson/target/dependency/jackson-jaxrs-base-2.8.7.jar:/var/benchmarks/projects/fastjson/target/dependency/powermock-module-junit4-1.6.6.jar:/var/benchmarks/projects/fastjson/target/dependency/powermock-core-1.6.6.jar:/var/benchmarks/projects/fastjson/target/dependency/slf4j-api-1.7.25.jar:/var/benchmarks/projects/fastjson/target/dependency/antlr-2.7.7.jar:/var/benchmarks/projects/fastjson/target/dependency/mockito-all-1.10.19.jar:/var/benchmarks/projects/fastjson/target/dependency/jersey-container-jdk-http-2.23.2.jar:/var/benchmarks/projects/fastjson/target/dependency/javaslang-match-2.0.6.jar:/var/benchmarks/projects/fastjson/target/dependency/jersey-test-framework-provider-jdk-http-2.23.2.jar:/var/benchmarks/projects/fastjson/target/dependency/jersey-entity-filtering-2.23.2.jar:/var/benchmarks/projects/fastjson/target/dependency/jandex-2.0.3.Final.jar:/var/benchmarks/projects/fastjson/target/dependency/ezmorph-1.0.6.jar:/var/benchmarks/projects/fastjson/target/dependency/jackson-jaxrs-json-provider-2.8.7.jar:/var/benchmarks/projects/fastjson/target/dependency/cxf-rt-transports-http-3.1.2.jar:/var/benchmarks/projects/fastjson/target/dependency/spring-beans-4.3.7.RELEASE.jar:/var/benchmarks/projects/fastjson/target/dependency/jersey-server-2.23.2.jar:/var/benchmarks/projects/fastjson/target/dependency/powermock-api-mockito-1.6.6.jar:/var/benchmarks/projects/fastjson/target/dependency/jackson-module-jaxb-annotations-2.8.7.jar:/var/benchmarks/projects/fastjson/target/dependency/jopt-simple-4.6.jar:/var/benchmarks/projects/fastjson/target/dependency/asm-analysis-4.0.jar:/var/benchmarks/projects/fastjson/target/dependency/annotations-13.0.jar:/var/benchmarks/projects/fastjson/target/dependency/json-path-2.3.0.jar:/var/benchmarks/projects/fastjson/target/dependency/springfox-spi-2.6.1.jar:/var/benchmarks/projects/fastjson/target/dependency/spring-websocket-4.3.7.RELEASE.jar:/var/benchmarks/projects/fastjson/target/dependency/spring-messaging-4.3.7.RELEASE.jar:/var/benchmarks/projects/fastjson/target/dependency/jersey-client-2.23.2.jar:/var/benchmarks/projects/fastjson/target/dependency/javax.ws.rs-api-2.0.1.jar:/var/benchmarks/projects/fastjson/target/dependency/accessors-smart-1.1.jar:/var/benchmarks/projects/fastjson/target/dependency/hibernate-commons-annotations-5.0.1.Final.jar:/var/benchmarks/projects/fastjson/target/dependency/commons-logging-1.1.1.jar:/var/benchmarks/projects/fastjson/target/dependency/jackson-core-2.9.0.jar:/var/benchmarks/projects/fastjson/target/dependency/spring-expression-4.3.7.RELEASE.jar:/var/benchmarks/projects/fastjson/target/dependency/jersey-media-jaxb-2.23.2.jar:/var/benchmarks/projects/fastjson/target/dependency/okhttp-3.6.0.jar:/var/benchmarks/projects/fastjson/target/dependency/commons-math3-3.2.jar:/var/benchmarks/projects/fastjson/target/dependency/jetty-webapp-8.1.8.v20121106.jar:/var/benchmarks/projects/fastjson/target/dependency/javax.inject-2.5.0-b05.jar:/var/benchmarks/projects/fastjson/target/dependency/cxf-core-3.1.2.jar:/var/benchmarks/projects/fastjson/target/dependency/powermock-api-mockito-common-1.6.6.jar:/var/benchmarks/projects/fastjson/target/dependency/jetty-http-8.1.8.v20121106.jar:/var/benchmarks/projects/fastjson/target/dependency/spring-security-config-3.2.10.RELEASE.jar:/var/benchmarks/projects/fastjson/target/dependency/okio-1.11.0.jar:/var/benchmarks/projects/fastjson/target/dependency/javax.servlet-api-3.1.0.jar:/var/benchmarks/projects/fastjson/target/dependency/json-smart-2.2.1.jar:/var/benchmarks/projects/fastjson/target/dependency/spring-tx-4.3.10.RELEASE.jar:/var/benchmarks/projects/fastjson/target/dependency/jackson-module-afterburner-2.9.0.jar:/var/benchmarks/projects/fastjson/target/dependency/asm-util-4.0.jar:/var/benchmarks/projects/fastjson/target/dependency/spring-security-web-4.2.3.RELEASE.jar:/var/benchmarks/projects/fastjson/target/dependency/spring-webmvc-4.3.7.RELEASE.jar:/var/benchmarks/projects/fastjson/target/dependency/hk2-locator-2.5.0-b05.jar:/var/benchmarks/projects/fastjson/target/dependency/retrofit-2.1.0.jar:/var/benchmarks/projects/fastjson/target/dependency/clojure-1.5.1.jar:/var/benchmarks/projects/fastjson/target/dependency/spring-security-oauth2-2.3.3.RELEASE.jar:/var/benchmarks/projects/fastjson/target/dependency/spring-test-4.3.7.RELEASE.jar:/var/benchmarks/projects/fastjson/target/dependency/aopalliance-repackaged-2.5.0-b05.jar:/var/benchmarks/projects/fastjson/target/dependency/spring-oxm-4.3.10.RELEASE.jar:/var/benchmarks/projects/fastjson/target/dependency/spring-security-core-4.2.3.RELEASE.jar:/var/benchmarks/projects/fastjson/target/dependency/jboss-transaction-api_1.2_spec-1.0.1.Final.jar:/var/benchmarks/projects/fastjson/target/dependency/lombok-1.14.4.jar:/var/benchmarks/projects/fastjson/target/dependency/commons-collections-3.2.1.jar:/var/benchmarks/projects/fastjson/target/dependency/cxf-rt-frontend-jaxrs-3.1.2.jar:/var/benchmarks/projects/fastjson/target/dependency/spring-context-4.3.7.RELEASE.jar:/var/benchmarks/projects/fastjson/target/dependency/jersey-test-framework-core-2.23.2.jar:/var/benchmarks/projects/fastjson/target/dependency/classmate-1.3.1.jar:/var/benchmarks/projects/fastjson/target/dependency/hk2-utils-2.5.0-b05.jar:/var/benchmarks/projects/fastjson/target/dependency/jersey-common-2.23.2.jar:/var/benchmarks/projects/fastjson/target/dependency/jackson-databind-2.9.0.jar:/var/benchmarks/projects/fastjson/target/dependency/jersey-media-json-jackson-2.23.2.jar:/var/benchmarks/projects/fastjson/target/dependency/commons-lang-2.5.jar:/var/benchmarks/projects/fastjson/target/dependency/jetty-servlet-8.1.8.v20121106.jar:/var/benchmarks/projects/fastjson/target/dependency/validation-api-1.1.0.Final.jar:/var/benchmarks/projects/fastjson/target/dependency/spring-web-4.3.7.RELEASE.jar:/var/benchmarks/projects/fastjson/target/dependency/jsoniter-0.9.8.jar:/var/benchmarks/projects/fastjson/target/dependency/jboss-logging-3.3.0.Final.jar, outputDir=/home/utbot_mocks/temp/testcases, mocks=Other classes: Mockito
17:16:19.334 | INFO  | Started: warmup: kotlin reflection :: init
17:16:19.424 | INFO  | Finished (in 0.090 sec): warmup: kotlin reflection :: init 
[INIT]
>> [RUN] com.alibaba.fastjson.parser.DefaultJSONParser 30
17:16:19.438 | DEBUG | -----------------------------------------------------------------------------
17:16:19.439 | INFO  | Contest.runGeneration: Time budget: 30000 ms, Generation timeout=25500 ms, classpath=/var/benchmarks/projects/fastjson/target/classes:/var/benchmarks/projects/fastjson/target/fastjson-1.2.50-SNAPSHOT.jar:/var/benchmarks/projects/./fastjson/target/dependency/deeptestutils-1.1.0.jar:/var/benchmarks/projects/fastjson/target/dependency/commons-beanutils-1.8.0.jar:/var/benchmarks/projects/fastjson/target/dependency/woodstox-core-asl-4.4.1.jar:/var/benchmarks/projects/fastjson/target/dependency/spring-aop-4.3.7.RELEASE.jar:/var/benchmarks/projects/fastjson/target/dependency/hibernate-core-5.2.10.Final.jar:/var/benchmarks/projects/fastjson/target/dependency/jackson-module-kotlin-2.9.0.jar:/var/benchmarks/projects/fastjson/target/dependency/spring-data-commons-1.13.6.RELEASE.jar:/var/benchmarks/projects/fastjson/target/dependency/javax.annotation-api-1.2.jar:/var/benchmarks/projects/fastjson/target/dependency/gson-2.6.2.jar:/var/benchmarks/projects/fastjson/target/dependency/jetty-continuation-8.1.8.v20121106.jar:/var/benchmarks/projects/fastjson/target/dependency/objenesis-2.5.1.jar:/var/benchmarks/projects/fastjson/target/dependency/powermock-reflect-1.6.6.jar:/var/benchmarks/projects/fastjson/target/dependency/springfox-spring-web-2.6.1.jar:/var/benchmarks/projects/fastjson/target/dependency/javaslang-2.0.6.jar:/var/benchmarks/projects/fastjson/target/dependency/guava-18.0.jar:/var/benchmarks/projects/fastjson/target/dependency/mockito-core-1.10.19.jar:/var/benchmarks/projects/fastjson/target/dependency/json-lib-2.4-jdk15.jar:/var/benchmarks/projects/fastjson/target/dependency/jetty-xml-8.1.8.v20121106.jar:/var/benchmarks/projects/fastjson/target/dependency/xmlschema-core-2.2.1.jar:/var/benchmarks/projects/fastjson/target/dependency/powermock-api-support-1.6.6.jar:/var/benchmarks/projects/fastjson/target/dependency/commons-collections4-4.1.jar:/var/benchmarks/projects/fastjson/target/dependency/cglib-nodep-2.2.2.jar:/var/benchmarks/projects/fastjson/target/dependency/asm-debug-all-5.0.4.jar:/var/benchmarks/projects/fastjson/target/dependency/spring-plugin-core-1.2.0.RELEASE.jar:/var/benchmarks/projects/fastjson/target/dependency/cxf-rt-rs-client-3.1.2.jar:/var/benchmarks/projects/fastjson/target/dependency/jetty-io-8.1.8.v20121106.jar:/var/benchmarks/projects/fastjson/target/dependency/commons-lang3-3.4.jar:/var/benchmarks/projects/fastjson/target/dependency/stax2-api-3.1.4.jar:/var/benchmarks/projects/fastjson/target/dependency/jackson-annotations-2.9.0.jar:/var/benchmarks/projects/fastjson/target/dependency/jetty-server-8.1.8.v20121106.jar:/var/benchmarks/projects/fastjson/target/dependency/json-simple-1.1.1.jar:/var/benchmarks/projects/fastjson/target/dependency/asm-tree-4.0.jar:/var/benchmarks/projects/fastjson/target/dependency/spring-data-commons-core-1.4.1.RELEASE.jar:/var/benchmarks/projects/fastjson/target/dependency/powermock-module-junit4-common-1.6.6.jar:/var/benchmarks/projects/fastjson/target/dependency/jcl-over-slf4j-1.7.25.jar:/var/benchmarks/projects/fastjson/target/dependency/javax.servlet-3.0.0.v201112011016.jar:/var/benchmarks/projects/fastjson/target/dependency/springfox-core-2.6.1.jar:/var/benchmarks/projects/fastjson/target/dependency/osgi-resource-locator-1.0.1.jar:/var/benchmarks/projects/fastjson/target/dependency/javassist-3.18.0-GA.jar:/var/benchmarks/projects/fastjson/target/dependency/kotlin-reflect-1.1.3-2.jar:/var/benchmarks/projects/fastjson/target/dependency/spring-context-support-4.3.10.RELEASE.jar:/var/benchmarks/projects/fastjson/target/dependency/spring-plugin-metadata-1.2.0.RELEASE.jar:/var/benchmarks/projects/fastjson/target/dependency/kotlin-stdlib-1.1.3-2.jar:/var/benchmarks/projects/fastjson/target/dependency/spring-data-keyvalue-1.2.6.RELEASE.jar:/var/benchmarks/projects/fastjson/target/dependency/jersey-container-servlet-core-2.23.2.jar:/var/benchmarks/projects/fastjson/target/dependency/asm-4.0.jar:/var/benchmarks/projects/fastjson/target/dependency/asm-commons-4.0.jar:/var/benchmarks/projects/fastjson/target/dependency/jersey-guava-2.23.2.jar:/var/benchmarks/projects/fastjson/target/dependency/aopalliance-1.0.jar:/var/benchmarks/projects/fastjson/target/dependency/groovy-2.1.5.jar:/var/benchmarks/projects/fastjson/target/dependency/hk2-api-2.5.0-b05.jar:/var/benchmarks/projects/fastjson/target/dependency/jetty-security-8.1.8.v20121106.jar:/var/benchmarks/projects/fastjson/target/dependency/jmh-core-1.21.jar:/var/benchmarks/projects/fastjson/target/dependency/jersey-container-servlet-2.23.2.jar:/var/benchmarks/projects/fastjson/target/dependency/dom4j-1.6.1.jar:/var/benchmarks/projects/fastjson/target/dependency/spring-core-4.3.7.RELEASE.jar:/var/benchmarks/projects/fastjson/target/dependency/spring-data-redis-1.8.6.RELEASE.jar:/var/benchmarks/projects/fastjson/target/dependency/jackson-core-asl-1.9.13.jar:/var/benchmarks/projects/fastjson/target/dependency/jackson-mapper-asl-1.9.13.jar:/var/benchmarks/projects/fastjson/target/dependency/hibernate-jpa-2.1-api-1.0.0.Final.jar:/var/benchmarks/projects/fastjson/target/dependency/junit-4.12.jar:/var/benchmarks/projects/fastjson/target/dependency/commons-io-1.4.jar:/var/benchmarks/projects/fastjson/target/dependency/jetty-util-8.1.8.v20121106.jar:/var/benchmarks/projects/fastjson/target/dependency/hamcrest-core-1.3.jar:/var/benchmarks/projects/fastjson/target/dependency/jmh-generator-annprocess-1.21.jar:/var/benchmarks/projects/fastjson/target/dependency/jackson-jaxrs-base-2.8.7.jar:/var/benchmarks/projects/fastjson/target/dependency/powermock-module-junit4-1.6.6.jar:/var/benchmarks/projects/fastjson/target/dependency/powermock-core-1.6.6.jar:/var/benchmarks/projects/fastjson/target/dependency/slf4j-api-1.7.25.jar:/var/benchmarks/projects/fastjson/target/dependency/antlr-2.7.7.jar:/var/benchmarks/projects/fastjson/target/dependency/mockito-all-1.10.19.jar:/var/benchmarks/projects/fastjson/target/dependency/jersey-container-jdk-http-2.23.2.jar:/var/benchmarks/projects/fastjson/target/dependency/javaslang-match-2.0.6.jar:/var/benchmarks/projects/fastjson/target/dependency/jersey-test-framework-provider-jdk-http-2.23.2.jar:/var/benchmarks/projects/fastjson/target/dependency/jersey-entity-filtering-2.23.2.jar:/var/benchmarks/projects/fastjson/target/dependency/jandex-2.0.3.Final.jar:/var/benchmarks/projects/fastjson/target/dependency/ezmorph-1.0.6.jar:/var/benchmarks/projects/fastjson/target/dependency/jackson-jaxrs-json-provider-2.8.7.jar:/var/benchmarks/projects/fastjson/target/dependency/cxf-rt-transports-http-3.1.2.jar:/var/benchmarks/projects/fastjson/target/dependency/spring-beans-4.3.7.RELEASE.jar:/var/benchmarks/projects/fastjson/target/dependency/jersey-server-2.23.2.jar:/var/benchmarks/projects/fastjson/target/dependency/powermock-api-mockito-1.6.6.jar:/var/benchmarks/projects/fastjson/target/dependency/jackson-module-jaxb-annotations-2.8.7.jar:/var/benchmarks/projects/fastjson/target/dependency/jopt-simple-4.6.jar:/var/benchmarks/projects/fastjson/target/dependency/asm-analysis-4.0.jar:/var/benchmarks/projects/fastjson/target/dependency/annotations-13.0.jar:/var/benchmarks/projects/fastjson/target/dependency/json-path-2.3.0.jar:/var/benchmarks/projects/fastjson/target/dependency/springfox-spi-2.6.1.jar:/var/benchmarks/projects/fastjson/target/dependency/spring-websocket-4.3.7.RELEASE.jar:/var/benchmarks/projects/fastjson/target/dependency/spring-messaging-4.3.7.RELEASE.jar:/var/benchmarks/projects/fastjson/target/dependency/jersey-client-2.23.2.jar:/var/benchmarks/projects/fastjson/target/dependency/javax.ws.rs-api-2.0.1.jar:/var/benchmarks/projects/fastjson/target/dependency/accessors-smart-1.1.jar:/var/benchmarks/projects/fastjson/target/dependency/hibernate-commons-annotations-5.0.1.Final.jar:/var/benchmarks/projects/fastjson/target/dependency/commons-logging-1.1.1.jar:/var/benchmarks/projects/fastjson/target/dependency/jackson-core-2.9.0.jar:/var/benchmarks/projects/fastjson/target/dependency/spring-expression-4.3.7.RELEASE.jar:/var/benchmarks/projects/fastjson/target/dependency/jersey-media-jaxb-2.23.2.jar:/var/benchmarks/projects/fastjson/target/dependency/okhttp-3.6.0.jar:/var/benchmarks/projects/fastjson/target/dependency/commons-math3-3.2.jar:/var/benchmarks/projects/fastjson/target/dependency/jetty-webapp-8.1.8.v20121106.jar:/var/benchmarks/projects/fastjson/target/dependency/javax.inject-2.5.0-b05.jar:/var/benchmarks/projects/fastjson/target/dependency/cxf-core-3.1.2.jar:/var/benchmarks/projects/fastjson/target/dependency/powermock-api-mockito-common-1.6.6.jar:/var/benchmarks/projects/fastjson/target/dependency/jetty-http-8.1.8.v20121106.jar:/var/benchmarks/projects/fastjson/target/dependency/spring-security-config-3.2.10.RELEASE.jar:/var/benchmarks/projects/fastjson/target/dependency/okio-1.11.0.jar:/var/benchmarks/projects/fastjson/target/dependency/javax.servlet-api-3.1.0.jar:/var/benchmarks/projects/fastjson/target/dependency/json-smart-2.2.1.jar:/var/benchmarks/projects/fastjson/target/dependency/spring-tx-4.3.10.RELEASE.jar:/var/benchmarks/projects/fastjson/target/dependency/jackson-module-afterburner-2.9.0.jar:/var/benchmarks/projects/fastjson/target/dependency/asm-util-4.0.jar:/var/benchmarks/projects/fastjson/target/dependency/spring-security-web-4.2.3.RELEASE.jar:/var/benchmarks/projects/fastjson/target/dependency/spring-webmvc-4.3.7.RELEASE.jar:/var/benchmarks/projects/fastjson/target/dependency/hk2-locator-2.5.0-b05.jar:/var/benchmarks/projects/fastjson/target/dependency/retrofit-2.1.0.jar:/var/benchmarks/projects/fastjson/target/dependency/clojure-1.5.1.jar:/var/benchmarks/projects/fastjson/target/dependency/spring-security-oauth2-2.3.3.RELEASE.jar:/var/benchmarks/projects/fastjson/target/dependency/spring-test-4.3.7.RELEASE.jar:/var/benchmarks/projects/fastjson/target/dependency/aopalliance-repackaged-2.5.0-b05.jar:/var/benchmarks/projects/fastjson/target/dependency/spring-oxm-4.3.10.RELEASE.jar:/var/benchmarks/projects/fastjson/target/dependency/spring-security-core-4.2.3.RELEASE.jar:/var/benchmarks/projects/fastjson/target/dependency/jboss-transaction-api_1.2_spec-1.0.1.Final.jar:/var/benchmarks/projects/fastjson/target/dependency/lombok-1.14.4.jar:/var/benchmarks/projects/fastjson/target/dependency/commons-collections-3.2.1.jar:/var/benchmarks/projects/fastjson/target/dependency/cxf-rt-frontend-jaxrs-3.1.2.jar:/var/benchmarks/projects/fastjson/target/dependency/spring-context-4.3.7.RELEASE.jar:/var/benchmarks/projects/fastjson/target/dependency/jersey-test-framework-core-2.23.2.jar:/var/benchmarks/projects/fastjson/target/dependency/classmate-1.3.1.jar:/var/benchmarks/projects/fastjson/target/dependency/hk2-utils-2.5.0-b05.jar:/var/benchmarks/projects/fastjson/target/dependency/jersey-common-2.23.2.jar:/var/benchmarks/projects/fastjson/target/dependency/jackson-databind-2.9.0.jar:/var/benchmarks/projects/fastjson/target/dependency/jersey-media-json-jackson-2.23.2.jar:/var/benchmarks/projects/fastjson/target/dependency/commons-lang-2.5.jar:/var/benchmarks/projects/fastjson/target/dependency/jetty-servlet-8.1.8.v20121106.jar:/var/benchmarks/projects/fastjson/target/dependency/validation-api-1.1.0.Final.jar:/var/benchmarks/projects/fastjson/target/dependency/spring-web-4.3.7.RELEASE.jar:/var/benchmarks/projects/fastjson/target/dependency/jsoniter-0.9.8.jar:/var/benchmarks/projects/fastjson/target/dependency/jboss-logging-3.3.0.Final.jar, methodNameFilter=null
17:16:19.444 | INFO  | ClassUnderTest[ FQN: com.alibaba.fastjson.parser.DefaultJSONParser
    classfileDir: /var/benchmarks/projects/fastjson/target/classes
    testClassSimpleName: DefaultJSONParserTest
    generatedTestFile: /home/utbot_mocks/temp/testcases/com/alibaba/fastjson/parser/DefaultJSONParserTest.java
    generatedTestsSourcesDir: /home/utbot_mocks/temp/testcases
]
17:16:19.476 | INFO  | Started: class com.alibaba.fastjson.parser.DefaultJSONParser
17:16:19.477 | INFO  | Started: preparation class class com.alibaba.fastjson.parser.DefaultJSONParser: kotlin reflection :: run
17:16:19.607 | INFO  | Finished (in 0.130 sec): preparation class class com.alibaba.fastjson.parser.DefaultJSONParser: kotlin reflection :: run 
17:16:19.608 | INFO  | Started: 2nd optional soot initialization
17:16:19.610 | INFO  | Finished (in 0.001 sec): 2nd optional soot initialization 
17:16:19.620 | DEBUG |  ... 
17:16:19.630 | INFO  | Started: method com.alibaba.fastjson.parser.DefaultJSONParser.close()
17:16:19.631 | INFO  |  -- Remaining time budget: 25321 ms, #remaining_methods: 64, budget for method: 395 ms, solver timeout: 197 ms, budget for symbolic execution: 198 ms, budget for concrete execution: 197 ms,  -- 
17:16:19.828 | INFO  | |> Starting concrete execution for remaining state: com.alibaba.fastjson.parser.DefaultJSONParser.close()
17:16:19.992 | DEBUG | --new testCase collected, to generate: testCom.alibaba.fastjson.parser.DefaultJSONParser.close()1
17:16:20.026 | INFO  | (X) Cancelling concrete execution: com.alibaba.fastjson.parser.DefaultJSONParser.close()
17:16:20.500 | INFO  | Finished (in 0.869 sec): method com.alibaba.fastjson.parser.DefaultJSONParser.close() 
<StatsForMethod> :
	#generatedTC=1
	WITH NO EXCEPTIONS
17:16:20.501 | DEBUG |  ... 
17:16:20.504 | INFO  | Started: method com.alibaba.fastjson.parser.DefaultJSONParser.setContext(Object, Object)
17:16:20.504 | INFO  |  -- Remaining time budget: 24442 ms, #remaining_methods: 63, budget for method: 387 ms, solver timeout: 193 ms, budget for symbolic execution: 194 ms, budget for concrete execution: 193 ms,  -- 
17:16:20.521 | DEBUG | --new testCase collected, to generate: testCom.alibaba.fastjson.parser.DefaultJSONParser.setContext(Object, Object)1
17:16:20.696 | INFO  | |> Starting concrete execution for remaining state: com.alibaba.fastjson.parser.DefaultJSONParser.setContext(Object, Object)
17:16:20.890 | INFO  | (X) Cancelling concrete execution: com.alibaba.fastjson.parser.DefaultJSONParser.setContext(Object, Object)
17:16:21.097 | INFO  | Finished (in 0.592 sec): method com.alibaba.fastjson.parser.DefaultJSONParser.setContext(Object, Object) 
<StatsForMethod> :
	#generatedTC=1
	WITH NO EXCEPTIONS
17:16:21.099 | DEBUG |  ... 
17:16:21.100 | INFO  | Started: method com.alibaba.fastjson.parser.DefaultJSONParser.setContext(ParseContext)
17:16:21.100 | INFO  |  -- Remaining time budget: 23844 ms, #remaining_methods: 62, budget for method: 384 ms, solver timeout: 192 ms, budget for symbolic execution: 192 ms, budget for concrete execution: 192 ms,  -- 
17:16:21.111 | DEBUG | --new testCase collected, to generate: testCom.alibaba.fastjson.parser.DefaultJSONParser.setContext(ParseContext)1
17:16:21.292 | INFO  | |> Starting concrete execution for remaining state: com.alibaba.fastjson.parser.DefaultJSONParser.setContext(ParseContext)
17:16:21.405 | INFO  | Finished (in 0.305 sec): method com.alibaba.fastjson.parser.DefaultJSONParser.setContext(ParseContext) 
<StatsForMethod> :
	#generatedTC=1
	WITH NO EXCEPTIONS
17:16:21.416 | DEBUG |  ... 
17:16:21.416 | INFO  | Started: method com.alibaba.fastjson.parser.DefaultJSONParser.setContext(ParseContext, Object, Object)
17:16:21.416 | INFO  |  -- Remaining time budget: 23527 ms, #remaining_methods: 61, budget for method: 385 ms, solver timeout: 192 ms, budget for symbolic execution: 193 ms, budget for concrete execution: 192 ms,  -- 
17:16:21.426 | DEBUG | --new testCase collected, to generate: testCom.alibaba.fastjson.parser.DefaultJSONParser.setContext(ParseContext, Object, Object)1
17:16:21.610 | INFO  | |> Starting concrete execution for remaining state: com.alibaba.fastjson.parser.DefaultJSONParser.setContext(ParseContext, Object, Object)
17:16:21.802 | INFO  | (X) Cancelling concrete execution: com.alibaba.fastjson.parser.DefaultJSONParser.setContext(ParseContext, Object, Object)
17:16:21.836 | INFO  | Finished (in 0.420 sec): method com.alibaba.fastjson.parser.DefaultJSONParser.setContext(ParseContext, Object, Object) 
<StatsForMethod> :
	#generatedTC=1
	WITH NO EXCEPTIONS
17:16:21.838 | DEBUG |  ... 
17:16:21.838 | INFO  | Started: method com.alibaba.fastjson.parser.DefaultJSONParser.parseKey()
17:16:21.839 | INFO  |  -- Remaining time budget: 23105 ms, #remaining_methods: 60, budget for method: 385 ms, solver timeout: 192 ms, budget for symbolic execution: 193 ms, budget for concrete execution: 192 ms,  -- 
17:16:21.848 | DEBUG | --new testCase collected, to generate: testCom.alibaba.fastjson.parser.DefaultJSONParser.parseKey()1
17:16:21.931 | DEBUG | --new testCase collected, to generate: testCom.alibaba.fastjson.parser.DefaultJSONParser.parseKey()2
17:16:22.032 | INFO  | |> Starting concrete execution for remaining state: com.alibaba.fastjson.parser.DefaultJSONParser.parseKey()
17:16:22.224 | INFO  | (X) Cancelling concrete execution: com.alibaba.fastjson.parser.DefaultJSONParser.parseKey()
17:16:22.266 | INFO  | Finished (in 0.427 sec): method com.alibaba.fastjson.parser.DefaultJSONParser.parseKey() 
<StatsForMethod> :
	#generatedTC=2
	WITH NO EXCEPTIONS
17:16:22.268 | DEBUG |  ... 
17:16:22.269 | INFO  | Started: method com.alibaba.fastjson.parser.DefaultJSONParser.parseObject(Type)
17:16:22.269 | INFO  |  -- Remaining time budget: 22675 ms, #remaining_methods: 59, budget for method: 384 ms, solver timeout: 192 ms, budget for symbolic execution: 192 ms, budget for concrete execution: 192 ms,  -- 
17:16:22.278 | DEBUG | --new testCase collected, to generate: testCom.alibaba.fastjson.parser.DefaultJSONParser.parseObject(Type)1
17:16:22.462 | INFO  | |> Starting concrete execution for remaining state: com.alibaba.fastjson.parser.DefaultJSONParser.parseObject(Type)
17:16:22.654 | INFO  | (X) Cancelling concrete execution: com.alibaba.fastjson.parser.DefaultJSONParser.parseObject(Type)
17:16:22.672 | INFO  | Finished (in 0.403 sec): method com.alibaba.fastjson.parser.DefaultJSONParser.parseObject(Type) 
<StatsForMethod> :
	#generatedTC=1
	WITH NO EXCEPTIONS
17:16:22.673 | DEBUG |  ... 
17:16:22.674 | INFO  | Started: method com.alibaba.fastjson.parser.DefaultJSONParser.parseObject(Map, Object)
17:16:22.674 | INFO  |  -- Remaining time budget: 22269 ms, #remaining_methods: 58, budget for method: 383 ms, solver timeout: 191 ms, budget for symbolic execution: 192 ms, budget for concrete execution: 191 ms,  -- 
17:16:22.689 | DEBUG | --new testCase collected, to generate: testCom.alibaba.fastjson.parser.DefaultJSONParser.parseObject(Map, Object)1
17:16:22.866 | INFO  | |> Starting concrete execution for remaining state: com.alibaba.fastjson.parser.DefaultJSONParser.parseObject(Map, Object)
17:16:23.058 | INFO  | (X) Cancelling concrete execution: com.alibaba.fastjson.parser.DefaultJSONParser.parseObject(Map, Object)
17:16:23.123 | INFO  | Finished (in 0.448 sec): method com.alibaba.fastjson.parser.DefaultJSONParser.parseObject(Map, Object) 
<StatsForMethod> :
	#generatedTC=1
	WITH NO EXCEPTIONS
17:16:23.124 | DEBUG |  ... 
17:16:23.124 | INFO  | Started: method com.alibaba.fastjson.parser.DefaultJSONParser.parseObject(Type, Object)
17:16:23.124 | INFO  |  -- Remaining time budget: 21819 ms, #remaining_methods: 57, budget for method: 382 ms, solver timeout: 191 ms, budget for symbolic execution: 191 ms, budget for concrete execution: 191 ms,  -- 
17:16:23.131 | DEBUG | --new testCase collected, to generate: testCom.alibaba.fastjson.parser.DefaultJSONParser.parseObject(Type, Object)1
17:16:23.315 | INFO  | |> Starting concrete execution for remaining state: com.alibaba.fastjson.parser.DefaultJSONParser.parseObject(Type, Object)
17:16:23.507 | INFO  | (X) Cancelling concrete execution: com.alibaba.fastjson.parser.DefaultJSONParser.parseObject(Type, Object)
17:16:23.577 | INFO  | Finished (in 0.452 sec): method com.alibaba.fastjson.parser.DefaultJSONParser.parseObject(Type, Object) 
<StatsForMethod> :
	#generatedTC=1
	WITH NO EXCEPTIONS
17:16:23.578 | DEBUG |  ... 
17:16:23.578 | INFO  | Started: method com.alibaba.fastjson.parser.DefaultJSONParser.parseObject(Class)
17:16:23.579 | INFO  |  -- Remaining time budget: 21365 ms, #remaining_methods: 56, budget for method: 381 ms, solver timeout: 190 ms, budget for symbolic execution: 191 ms, budget for concrete execution: 190 ms,  -- 
17:16:23.592 | ERROR | Symbolic execution FAILED
com.huawei.utbot.instrumentation.util.ChildProcessError: Error in the child process |> java.lang.IllegalAccessException: java.lang.Class
	at sun.misc.Unsafe.allocateInstance(Native Method)
	at com.huawei.utbot.framework.util.EngineUtilsKt.getAnyInstance(EngineUtils.kt:61)
	at com.huawei.utbot.framework.concrete.MockValueConstructor.constructObject(MockValueConstructor.kt:158)
	at com.huawei.utbot.framework.concrete.MockValueConstructor.construct(MockValueConstructor.kt:124)
	at com.huawei.utbot.framework.concrete.MockValueConstructor.constructMethodParameters(MockValueConstructor.kt:101)
	at com.huawei.utbot.framework.concrete.UtExecutionInstrumentation.invoke(UtExecutionInstrumentation.kt:126)
	at com.huawei.utbot.framework.concrete.UtExecutionInstrumentation.invoke(UtExecutionInstrumentation.kt:96)
	at com.huawei.utbot.instrumentation.process.ChildProcessKt.loop(ChildProcess.kt:114)
	at com.huawei.utbot.instrumentation.process.ChildProcessKt.main(ChildProcess.kt:76)
	at com.huawei.utbot.instrumentation.process.ChildProcessKt.main(ChildProcess.kt)

	at com.huawei.utbot.instrumentation.ConcreteExecutor.executeAsync(ConcreteExecutor.kt:391) ~[utbot-junit-contest-1.0.jar:?]
	at com.huawei.utbot.instrumentation.ConcreteExecutor$executeAsync$1.invokeSuspend(ConcreteExecutor.kt) ~[utbot-junit-contest-1.0.jar:?]
	at kotlin.coroutines.jvm.internal.BaseContinuationImpl.resumeWith(ContinuationImpl.kt:33) [utbot-junit-contest-1.0.jar:?]
	at kotlinx.coroutines.DispatchedTask.run(DispatchedTask.kt:106) [utbot-junit-contest-1.0.jar:?]
	at java.util.concurrent.Executors$RunnableAdapter.call(Executors.java:511) [?:1.8.0_312]
	at java.util.concurrent.FutureTask.run(FutureTask.java:266) [?:1.8.0_312]
	at java.util.concurrent.ScheduledThreadPoolExecutor$ScheduledFutureTask.access$201(ScheduledThreadPoolExecutor.java:180) [?:1.8.0_312]
	at java.util.concurrent.ScheduledThreadPoolExecutor$ScheduledFutureTask.run(ScheduledThreadPoolExecutor.java:293) [?:1.8.0_312]
	at java.util.concurrent.ThreadPoolExecutor.runWorker(ThreadPoolExecutor.java:1149) [?:1.8.0_312]
	at java.util.concurrent.ThreadPoolExecutor$Worker.run(ThreadPoolExecutor.java:624) [?:1.8.0_312]
	at java.lang.Thread.run(Thread.java:748) [?:1.8.0_312]
17:16:23.770 | INFO  | |> Starting concrete execution for remaining state: com.alibaba.fastjson.parser.DefaultJSONParser.parseObject(Class)
17:16:23.961 | INFO  | (X) Cancelling concrete execution: com.alibaba.fastjson.parser.DefaultJSONParser.parseObject(Class)
17:16:24.034 | INFO  | Finished (in 0.455 sec): method com.alibaba.fastjson.parser.DefaultJSONParser.parseObject(Class) 
<StatsForMethod> :
	#generatedTC=0
	FAILED 1 time(s) with 1 different exception(s)"
17:16:24.036 | DEBUG |  ... 
17:16:24.036 | INFO  | Started: method com.alibaba.fastjson.parser.DefaultJSONParser.parseObject()
17:16:24.036 | INFO  |  -- Remaining time budget: 20907 ms, #remaining_methods: 55, budget for method: 380 ms, solver timeout: 190 ms, budget for symbolic execution: 190 ms, budget for concrete execution: 190 ms,  -- 
17:16:24.054 | DEBUG | --new testCase collected, to generate: testCom.alibaba.fastjson.parser.DefaultJSONParser.parseObject()1
17:16:24.190 | INFO  | Finished (in 0.154 sec): method com.alibaba.fastjson.parser.DefaultJSONParser.parseObject() 
<StatsForMethod> :
	#generatedTC=1
	WITH NO EXCEPTIONS
17:16:24.201 | DEBUG |  ... 
17:16:24.202 | INFO  | Started: method com.alibaba.fastjson.parser.DefaultJSONParser.parseObject(Object)
17:16:24.202 | INFO  |  -- Remaining time budget: 20742 ms, #remaining_methods: 54, budget for method: 384 ms, solver timeout: 192 ms, budget for symbolic execution: 192 ms, budget for concrete execution: 192 ms,  -- 
17:16:24.210 | DEBUG | --new testCase collected, to generate: testCom.alibaba.fastjson.parser.DefaultJSONParser.parseObject(Object)1
17:16:24.394 | INFO  | |> Starting concrete execution for remaining state: com.alibaba.fastjson.parser.DefaultJSONParser.parseObject(Object)
17:16:24.446 | DEBUG | --new testCase collected, to generate: testCom.alibaba.fastjson.parser.DefaultJSONParser.parseObject(Object)2
17:16:24.587 | INFO  | (X) Cancelling concrete execution: com.alibaba.fastjson.parser.DefaultJSONParser.parseObject(Object)
17:16:24.615 | INFO  | Finished (in 0.413 sec): method com.alibaba.fastjson.parser.DefaultJSONParser.parseObject(Object) 
<StatsForMethod> :
	#generatedTC=2
	WITH NO EXCEPTIONS
17:16:24.616 | DEBUG |  ... 
17:16:24.617 | INFO  | Started: method com.alibaba.fastjson.parser.DefaultJSONParser.parseObject(Map)
17:16:24.617 | INFO  |  -- Remaining time budget: 20326 ms, #remaining_methods: 53, budget for method: 383 ms, solver timeout: 191 ms, budget for symbolic execution: 192 ms, budget for concrete execution: 191 ms,  -- 
17:16:24.623 | DEBUG | --new testCase collected, to generate: testCom.alibaba.fastjson.parser.DefaultJSONParser.parseObject(Map)1
17:16:24.809 | INFO  | |> Starting concrete execution for remaining state: com.alibaba.fastjson.parser.DefaultJSONParser.parseObject(Map)
17:16:25.001 | INFO  | (X) Cancelling concrete execution: com.alibaba.fastjson.parser.DefaultJSONParser.parseObject(Map)
17:16:25.067 | INFO  | Finished (in 0.449 sec): method com.alibaba.fastjson.parser.DefaultJSONParser.parseObject(Map) 
<StatsForMethod> :
	#generatedTC=1
	WITH NO EXCEPTIONS
17:16:25.068 | DEBUG |  ... 
17:16:25.068 | INFO  | Started: method com.alibaba.fastjson.parser.DefaultJSONParser.parseArray(Class)
17:16:25.069 | INFO  |  -- Remaining time budget: 19875 ms, #remaining_methods: 52, budget for method: 382 ms, solver timeout: 191 ms, budget for symbolic execution: 191 ms, budget for concrete execution: 191 ms,  -- 
17:16:25.072 | ERROR | Symbolic execution FAILED
com.huawei.utbot.instrumentation.util.ChildProcessError: Error in the child process |> java.lang.IllegalAccessException: java.lang.Class
	at sun.misc.Unsafe.allocateInstance(Native Method)
	at com.huawei.utbot.framework.util.EngineUtilsKt.getAnyInstance(EngineUtils.kt:61)
	at com.huawei.utbot.framework.concrete.MockValueConstructor.constructObject(MockValueConstructor.kt:158)
	at com.huawei.utbot.framework.concrete.MockValueConstructor.construct(MockValueConstructor.kt:124)
	at com.huawei.utbot.framework.concrete.MockValueConstructor.constructMethodParameters(MockValueConstructor.kt:101)
	at com.huawei.utbot.framework.concrete.UtExecutionInstrumentation.invoke(UtExecutionInstrumentation.kt:126)
	at com.huawei.utbot.framework.concrete.UtExecutionInstrumentation.invoke(UtExecutionInstrumentation.kt:96)
	at com.huawei.utbot.instrumentation.process.ChildProcessKt.loop(ChildProcess.kt:114)
	at com.huawei.utbot.instrumentation.process.ChildProcessKt.main(ChildProcess.kt:76)
	at com.huawei.utbot.instrumentation.process.ChildProcessKt.main(ChildProcess.kt)

	at com.huawei.utbot.instrumentation.ConcreteExecutor.executeAsync(ConcreteExecutor.kt:391) ~[utbot-junit-contest-1.0.jar:?]
	at com.huawei.utbot.instrumentation.ConcreteExecutor$executeAsync$1.invokeSuspend(ConcreteExecutor.kt) ~[utbot-junit-contest-1.0.jar:?]
	at kotlin.coroutines.jvm.internal.BaseContinuationImpl.resumeWith(ContinuationImpl.kt:33) [utbot-junit-contest-1.0.jar:?]
	at kotlinx.coroutines.DispatchedTask.run(DispatchedTask.kt:106) [utbot-junit-contest-1.0.jar:?]
	at java.util.concurrent.Executors$RunnableAdapter.call(Executors.java:511) [?:1.8.0_312]
	at java.util.concurrent.FutureTask.run(FutureTask.java:266) [?:1.8.0_312]
	at java.util.concurrent.ScheduledThreadPoolExecutor$ScheduledFutureTask.access$201(ScheduledThreadPoolExecutor.java:180) [?:1.8.0_312]
	at java.util.concurrent.ScheduledThreadPoolExecutor$ScheduledFutureTask.run(ScheduledThreadPoolExecutor.java:293) [?:1.8.0_312]
	at java.util.concurrent.ThreadPoolExecutor.runWorker(ThreadPoolExecutor.java:1149) [?:1.8.0_312]
	at java.util.concurrent.ThreadPoolExecutor$Worker.run(ThreadPoolExecutor.java:624) [?:1.8.0_312]
	at java.lang.Thread.run(Thread.java:748) [?:1.8.0_312]
17:16:25.260 | INFO  | |> Starting concrete execution for remaining state: com.alibaba.fastjson.parser.DefaultJSONParser.parseArray(Class)
17:16:25.452 | INFO  | (X) Cancelling concrete execution: com.alibaba.fastjson.parser.DefaultJSONParser.parseArray(Class)
17:16:25.478 | INFO  | Finished (in 0.409 sec): method com.alibaba.fastjson.parser.DefaultJSONParser.parseArray(Class) 
<StatsForMethod> :
	#generatedTC=0
	FAILED 1 time(s) with 1 different exception(s)"
17:16:25.487 | DEBUG |  ... 
17:16:25.488 | INFO  | Started: method com.alibaba.fastjson.parser.DefaultJSONParser.parseArray(Collection, Object)
17:16:25.488 | INFO  |  -- Remaining time budget: 19456 ms, #remaining_methods: 51, budget for method: 381 ms, solver timeout: 190 ms, budget for symbolic execution: 191 ms, budget for concrete execution: 190 ms,  -- 
17:16:25.498 | DEBUG | --new testCase collected, to generate: testCom.alibaba.fastjson.parser.DefaultJSONParser.parseArray(Collection, Object)1
17:16:25.679 | INFO  | |> Starting concrete execution for remaining state: com.alibaba.fastjson.parser.DefaultJSONParser.parseArray(Collection, Object)
17:16:25.869 | INFO  | (X) Cancelling concrete execution: com.alibaba.fastjson.parser.DefaultJSONParser.parseArray(Collection, Object)
17:16:26.013 | INFO  | Finished (in 0.525 sec): method com.alibaba.fastjson.parser.DefaultJSONParser.parseArray(Collection, Object) 
<StatsForMethod> :
	#generatedTC=1
	WITH NO EXCEPTIONS
17:16:26.015 | DEBUG |  ... 
17:16:26.015 | INFO  | Started: method com.alibaba.fastjson.parser.DefaultJSONParser.parseArray(Type, Collection, Object)
17:16:26.015 | INFO  |  -- Remaining time budget: 18928 ms, #remaining_methods: 50, budget for method: 378 ms, solver timeout: 189 ms, budget for symbolic execution: 189 ms, budget for concrete execution: 189 ms,  -- 
17:16:26.022 | DEBUG | --new testCase collected, to generate: testCom.alibaba.fastjson.parser.DefaultJSONParser.parseArray(Type, Collection, Object)1
17:16:26.204 | INFO  | |> Starting concrete execution for remaining state: com.alibaba.fastjson.parser.DefaultJSONParser.parseArray(Type, Collection, Object)
17:16:26.394 | INFO  | (X) Cancelling concrete execution: com.alibaba.fastjson.parser.DefaultJSONParser.parseArray(Type, Collection, Object)
17:16:26.495 | INFO  | Finished (in 0.480 sec): method com.alibaba.fastjson.parser.DefaultJSONParser.parseArray(Type, Collection, Object) 
<StatsForMethod> :
	#generatedTC=1
	WITH NO EXCEPTIONS
17:16:26.496 | DEBUG |  ... 
17:16:26.497 | INFO  | Started: method com.alibaba.fastjson.parser.DefaultJSONParser.parseArray(Type[])
17:16:26.497 | INFO  |  -- Remaining time budget: 18446 ms, #remaining_methods: 49, budget for method: 376 ms, solver timeout: 188 ms, budget for symbolic execution: 188 ms, budget for concrete execution: 188 ms,  -- 
17:16:26.505 | DEBUG | --new testCase collected, to generate: testCom.alibaba.fastjson.parser.DefaultJSONParser.parseArray(Type[])1
17:16:26.563 | DEBUG | --new testCase collected, to generate: testCom.alibaba.fastjson.parser.DefaultJSONParser.parseArray(Type[])2
17:16:26.596 | DEBUG | --new testCase collected, to generate: testCom.alibaba.fastjson.parser.DefaultJSONParser.parseArray(Type[])3
17:16:26.620 | DEBUG | --new testCase collected, to generate: testCom.alibaba.fastjson.parser.DefaultJSONParser.parseArray(Type[])4
17:16:26.652 | DEBUG | --new testCase collected, to generate: testCom.alibaba.fastjson.parser.DefaultJSONParser.parseArray(Type[])5
17:16:26.676 | DEBUG | --new testCase collected, to generate: testCom.alibaba.fastjson.parser.DefaultJSONParser.parseArray(Type[])6
17:16:26.685 | INFO  | |> Starting concrete execution for remaining state: com.alibaba.fastjson.parser.DefaultJSONParser.parseArray(Type[])
17:16:26.777 | DEBUG | --new testCase collected, to generate: testCom.alibaba.fastjson.parser.DefaultJSONParser.parseArray(Type[])7
17:16:26.786 | DEBUG | --new testCase collected, to generate: testCom.alibaba.fastjson.parser.DefaultJSONParser.parseArray(Type[])8
17:16:26.818 | DEBUG | --new testCase collected, to generate: testCom.alibaba.fastjson.parser.DefaultJSONParser.parseArray(Type[])9
17:16:26.874 | INFO  | (X) Cancelling concrete execution: com.alibaba.fastjson.parser.DefaultJSONParser.parseArray(Type[])
17:16:26.887 | INFO  | Finished (in 0.390 sec): method com.alibaba.fastjson.parser.DefaultJSONParser.parseArray(Type[]) 
<StatsForMethod> :
	#generatedTC=9
	WITH NO EXCEPTIONS
17:16:26.893 | DEBUG |  ... 
17:16:26.893 | INFO  | Started: method com.alibaba.fastjson.parser.DefaultJSONParser.parseArray(Type, Collection)
17:16:26.893 | INFO  |  -- Remaining time budget: 18050 ms, #remaining_methods: 48, budget for method: 376 ms, solver timeout: 188 ms, budget for symbolic execution: 188 ms, budget for concrete execution: 188 ms,  -- 
17:16:26.898 | DEBUG | --new testCase collected, to generate: testCom.alibaba.fastjson.parser.DefaultJSONParser.parseArray(Type, Collection)1
17:16:27.082 | INFO  | |> Starting concrete execution for remaining state: com.alibaba.fastjson.parser.DefaultJSONParser.parseArray(Type, Collection)
17:16:27.270 | INFO  | (X) Cancelling concrete execution: com.alibaba.fastjson.parser.DefaultJSONParser.parseArray(Type, Collection)
17:16:27.387 | INFO  | Finished (in 0.494 sec): method com.alibaba.fastjson.parser.DefaultJSONParser.parseArray(Type, Collection) 
<StatsForMethod> :
	#generatedTC=1
	WITH NO EXCEPTIONS
17:16:27.389 | DEBUG |  ... 
17:16:27.389 | INFO  | Started: method com.alibaba.fastjson.parser.DefaultJSONParser.parseArray(Class, Collection)
17:16:27.389 | INFO  |  -- Remaining time budget: 17554 ms, #remaining_methods: 47, budget for method: 373 ms, solver timeout: 186 ms, budget for symbolic execution: 187 ms, budget for concrete execution: 186 ms,  -- 
17:16:27.393 | ERROR | Symbolic execution FAILED
com.huawei.utbot.instrumentation.util.ChildProcessError: Error in the child process |> java.lang.IllegalAccessException: java.lang.Class
	at sun.misc.Unsafe.allocateInstance(Native Method)
	at com.huawei.utbot.framework.util.EngineUtilsKt.getAnyInstance(EngineUtils.kt:61)
	at com.huawei.utbot.framework.concrete.MockValueConstructor.constructObject(MockValueConstructor.kt:158)
	at com.huawei.utbot.framework.concrete.MockValueConstructor.construct(MockValueConstructor.kt:124)
	at com.huawei.utbot.framework.concrete.MockValueConstructor.constructMethodParameters(MockValueConstructor.kt:101)
	at com.huawei.utbot.framework.concrete.UtExecutionInstrumentation.invoke(UtExecutionInstrumentation.kt:126)
	at com.huawei.utbot.framework.concrete.UtExecutionInstrumentation.invoke(UtExecutionInstrumentation.kt:96)
	at com.huawei.utbot.instrumentation.process.ChildProcessKt.loop(ChildProcess.kt:114)
	at com.huawei.utbot.instrumentation.process.ChildProcessKt.main(ChildProcess.kt:76)
	at com.huawei.utbot.instrumentation.process.ChildProcessKt.main(ChildProcess.kt)

	at com.huawei.utbot.instrumentation.ConcreteExecutor.executeAsync(ConcreteExecutor.kt:391) ~[utbot-junit-contest-1.0.jar:?]
	at com.huawei.utbot.instrumentation.ConcreteExecutor$executeAsync$1.invokeSuspend(ConcreteExecutor.kt) ~[utbot-junit-contest-1.0.jar:?]
	at kotlin.coroutines.jvm.internal.BaseContinuationImpl.resumeWith(ContinuationImpl.kt:33) [utbot-junit-contest-1.0.jar:?]
	at kotlinx.coroutines.DispatchedTask.run(DispatchedTask.kt:106) [utbot-junit-contest-1.0.jar:?]
	at java.util.concurrent.Executors$RunnableAdapter.call(Executors.java:511) [?:1.8.0_312]
	at java.util.concurrent.FutureTask.run(FutureTask.java:266) [?:1.8.0_312]
	at java.util.concurrent.ScheduledThreadPoolExecutor$ScheduledFutureTask.access$201(ScheduledThreadPoolExecutor.java:180) [?:1.8.0_312]
	at java.util.concurrent.ScheduledThreadPoolExecutor$ScheduledFutureTask.run(ScheduledThreadPoolExecutor.java:293) [?:1.8.0_312]
	at java.util.concurrent.ThreadPoolExecutor.runWorker(ThreadPoolExecutor.java:1149) [?:1.8.0_312]
	at java.util.concurrent.ThreadPoolExecutor$Worker.run(ThreadPoolExecutor.java:624) [?:1.8.0_312]
	at java.lang.Thread.run(Thread.java:748) [?:1.8.0_312]
17:16:27.576 | INFO  | |> Starting concrete execution for remaining state: com.alibaba.fastjson.parser.DefaultJSONParser.parseArray(Class, Collection)
17:16:27.763 | INFO  | (X) Cancelling concrete execution: com.alibaba.fastjson.parser.DefaultJSONParser.parseArray(Class, Collection)
17:16:27.821 | INFO  | Finished (in 0.431 sec): method com.alibaba.fastjson.parser.DefaultJSONParser.parseArray(Class, Collection) 
<StatsForMethod> :
	#generatedTC=0
	FAILED 1 time(s) with 1 different exception(s)"
17:16:27.822 | DEBUG |  ... 
17:16:27.823 | INFO  | Started: method com.alibaba.fastjson.parser.DefaultJSONParser.parseArray(Collection)
17:16:27.823 | INFO  |  -- Remaining time budget: 17121 ms, #remaining_methods: 46, budget for method: 372 ms, solver timeout: 186 ms, budget for symbolic execution: 186 ms, budget for concrete execution: 186 ms,  -- 
17:16:27.827 | DEBUG | --new testCase collected, to generate: testCom.alibaba.fastjson.parser.DefaultJSONParser.parseArray(Collection)1
17:16:28.009 | INFO  | |> Starting concrete execution for remaining state: com.alibaba.fastjson.parser.DefaultJSONParser.parseArray(Collection)
17:16:28.196 | INFO  | (X) Cancelling concrete execution: com.alibaba.fastjson.parser.DefaultJSONParser.parseArray(Collection)
17:16:28.304 | INFO  | Finished (in 0.481 sec): method com.alibaba.fastjson.parser.DefaultJSONParser.parseArray(Collection) 
<StatsForMethod> :
	#generatedTC=1
	WITH NO EXCEPTIONS
17:16:28.305 | DEBUG |  ... 
17:16:28.306 | INFO  | Started: method com.alibaba.fastjson.parser.DefaultJSONParser.popContext()
17:16:28.306 | INFO  |  -- Remaining time budget: 16637 ms, #remaining_methods: 45, budget for method: 369 ms, solver timeout: 184 ms, budget for symbolic execution: 185 ms, budget for concrete execution: 184 ms,  -- 
17:16:28.350 | DEBUG | --new testCase collected, to generate: testCom.alibaba.fastjson.parser.DefaultJSONParser.popContext()1
17:16:28.465 | INFO  | Finished (in 0.159 sec): method com.alibaba.fastjson.parser.DefaultJSONParser.popContext() 
<StatsForMethod> :
	#generatedTC=1
	WITH NO EXCEPTIONS
17:16:28.475 | DEBUG |  ... 
17:16:28.476 | INFO  | Started: method com.alibaba.fastjson.parser.DefaultJSONParser.getInput()
17:16:28.476 | INFO  |  -- Remaining time budget: 16467 ms, #remaining_methods: 44, budget for method: 374 ms, solver timeout: 187 ms, budget for symbolic execution: 187 ms, budget for concrete execution: 187 ms,  -- 
17:16:28.481 | DEBUG | --new testCase collected, to generate: testCom.alibaba.fastjson.parser.DefaultJSONParser.getInput()1
17:16:28.663 | INFO  | |> Starting concrete execution for remaining state: com.alibaba.fastjson.parser.DefaultJSONParser.getInput()
17:16:28.851 | INFO  | (X) Cancelling concrete execution: com.alibaba.fastjson.parser.DefaultJSONParser.getInput()
17:16:29.455 | INFO  | Finished (in 0.979 sec): method com.alibaba.fastjson.parser.DefaultJSONParser.getInput() 
<StatsForMethod> :
	#generatedTC=1
	WITH NO EXCEPTIONS
17:16:29.456 | DEBUG |  ... 
17:16:29.457 | INFO  | Started: method com.alibaba.fastjson.parser.DefaultJSONParser.isEnabled(Feature)
17:16:29.457 | INFO  |  -- Remaining time budget: 15487 ms, #remaining_methods: 43, budget for method: 360 ms, solver timeout: 180 ms, budget for symbolic execution: 180 ms, budget for concrete execution: 180 ms,  -- 
17:16:29.483 | ERROR | Symbolic execution FAILED
com.huawei.utbot.instrumentation.util.ChildProcessError: Error in the child process |> java.lang.IllegalAccessException: Class com.huawei.utbot.framework.concrete.MockValueConstructor can not access a member of class com.alibaba.fastjson.parser.Feature with modifiers "private"
	at sun.reflect.Reflection.ensureMemberAccess(Reflection.java:102)
	at java.lang.reflect.AccessibleObject.slowCheckMemberAccess(AccessibleObject.java:296)
	at java.lang.reflect.AccessibleObject.checkAccess(AccessibleObject.java:288)
	at java.lang.reflect.Constructor.newInstance(Constructor.java:413)
	at com.huawei.utbot.framework.concrete.MockValueConstructor.call(MockValueConstructor.kt:414)
	at com.huawei.utbot.framework.concrete.MockValueConstructor.updateWithExecutableCallModel(MockValueConstructor.kt:353)
	at com.huawei.utbot.framework.concrete.MockValueConstructor.constructFromAssembleModel(MockValueConstructor.kt:332)
	at com.huawei.utbot.framework.concrete.MockValueConstructor.construct(MockValueConstructor.kt:126)
	at com.huawei.utbot.framework.concrete.MockValueConstructor.constructMethodParameters(MockValueConstructor.kt:101)
	at com.huawei.utbot.framework.concrete.UtExecutionInstrumentation.invoke(UtExecutionInstrumentation.kt:126)
	at com.huawei.utbot.framework.concrete.UtExecutionInstrumentation.invoke(UtExecutionInstrumentation.kt:96)
	at com.huawei.utbot.instrumentation.process.ChildProcessKt.loop(ChildProcess.kt:114)
	at com.huawei.utbot.instrumentation.process.ChildProcessKt.main(ChildProcess.kt:76)
	at com.huawei.utbot.instrumentation.process.ChildProcessKt.main(ChildProcess.kt)

	at com.huawei.utbot.instrumentation.ConcreteExecutor.executeAsync(ConcreteExecutor.kt:391) ~[utbot-junit-contest-1.0.jar:?]
	at com.huawei.utbot.instrumentation.ConcreteExecutor$executeAsync$1.invokeSuspend(ConcreteExecutor.kt) ~[utbot-junit-contest-1.0.jar:?]
	at kotlin.coroutines.jvm.internal.BaseContinuationImpl.resumeWith(ContinuationImpl.kt:33) [utbot-junit-contest-1.0.jar:?]
	at kotlinx.coroutines.DispatchedTask.run(DispatchedTask.kt:106) [utbot-junit-contest-1.0.jar:?]
	at java.util.concurrent.Executors$RunnableAdapter.call(Executors.java:511) [?:1.8.0_312]
	at java.util.concurrent.FutureTask.run(FutureTask.java:266) [?:1.8.0_312]
	at java.util.concurrent.ScheduledThreadPoolExecutor$ScheduledFutureTask.access$201(ScheduledThreadPoolExecutor.java:180) [?:1.8.0_312]
	at java.util.concurrent.ScheduledThreadPoolExecutor$ScheduledFutureTask.run(ScheduledThreadPoolExecutor.java:293) [?:1.8.0_312]
	at java.util.concurrent.ThreadPoolExecutor.runWorker(ThreadPoolExecutor.java:1149) [?:1.8.0_312]
	at java.util.concurrent.ThreadPoolExecutor$Worker.run(ThreadPoolExecutor.java:624) [?:1.8.0_312]
	at java.lang.Thread.run(Thread.java:748) [?:1.8.0_312]
17:16:29.512 | DEBUG | --new testCase collected, to generate: testCom.alibaba.fastjson.parser.DefaultJSONParser.isEnabled(Feature)1
17:16:29.513 | INFO  | Finished (in 0.056 sec): method com.alibaba.fastjson.parser.DefaultJSONParser.isEnabled(Feature) 
<StatsForMethod> :
	#generatedTC=1
	FAILED 1 time(s) with 1 different exception(s)"
17:16:29.514 | DEBUG |  ... 
17:16:29.514 | INFO  | Started: method com.alibaba.fastjson.parser.DefaultJSONParser.config(Feature, boolean)
17:16:29.515 | INFO  |  -- Remaining time budget: 15429 ms, #remaining_methods: 42, budget for method: 367 ms, solver timeout: 183 ms, budget for symbolic execution: 184 ms, budget for concrete execution: 183 ms,  -- 
17:16:29.519 | ERROR | Symbolic execution FAILED
com.huawei.utbot.instrumentation.util.ChildProcessError: Error in the child process |> java.lang.IllegalAccessException: Class com.huawei.utbot.framework.concrete.MockValueConstructor can not access a member of class com.alibaba.fastjson.parser.Feature with modifiers "private"
	at sun.reflect.Reflection.ensureMemberAccess(Reflection.java:102)
	at java.lang.reflect.AccessibleObject.slowCheckMemberAccess(AccessibleObject.java:296)
	at java.lang.reflect.AccessibleObject.checkAccess(AccessibleObject.java:288)
	at java.lang.reflect.Constructor.newInstance(Constructor.java:413)
	at com.huawei.utbot.framework.concrete.MockValueConstructor.call(MockValueConstructor.kt:414)
	at com.huawei.utbot.framework.concrete.MockValueConstructor.updateWithExecutableCallModel(MockValueConstructor.kt:353)
	at com.huawei.utbot.framework.concrete.MockValueConstructor.constructFromAssembleModel(MockValueConstructor.kt:332)
	at com.huawei.utbot.framework.concrete.MockValueConstructor.construct(MockValueConstructor.kt:126)
	at com.huawei.utbot.framework.concrete.MockValueConstructor.constructMethodParameters(MockValueConstructor.kt:101)
	at com.huawei.utbot.framework.concrete.UtExecutionInstrumentation.invoke(UtExecutionInstrumentation.kt:126)
	at com.huawei.utbot.framework.concrete.UtExecutionInstrumentation.invoke(UtExecutionInstrumentation.kt:96)
	at com.huawei.utbot.instrumentation.process.ChildProcessKt.loop(ChildProcess.kt:114)
	at com.huawei.utbot.instrumentation.process.ChildProcessKt.main(ChildProcess.kt:76)
	at com.huawei.utbot.instrumentation.process.ChildProcessKt.main(ChildProcess.kt)

	at com.huawei.utbot.instrumentation.ConcreteExecutor.executeAsync(ConcreteExecutor.kt:391) ~[utbot-junit-contest-1.0.jar:?]
	at com.huawei.utbot.instrumentation.ConcreteExecutor$executeAsync$1.invokeSuspend(ConcreteExecutor.kt) ~[utbot-junit-contest-1.0.jar:?]
	at kotlin.coroutines.jvm.internal.BaseContinuationImpl.resumeWith(ContinuationImpl.kt:33) [utbot-junit-contest-1.0.jar:?]
	at kotlinx.coroutines.DispatchedTask.run(DispatchedTask.kt:106) [utbot-junit-contest-1.0.jar:?]
	at java.util.concurrent.Executors$RunnableAdapter.call(Executors.java:511) [?:1.8.0_312]
	at java.util.concurrent.FutureTask.run(FutureTask.java:266) [?:1.8.0_312]
	at java.util.concurrent.ScheduledThreadPoolExecutor$ScheduledFutureTask.access$201(ScheduledThreadPoolExecutor.java:180) [?:1.8.0_312]
	at java.util.concurrent.ScheduledThreadPoolExecutor$ScheduledFutureTask.run(ScheduledThreadPoolExecutor.java:293) [?:1.8.0_312]
	at java.util.concurrent.ThreadPoolExecutor.runWorker(ThreadPoolExecutor.java:1149) [?:1.8.0_312]
	at java.util.concurrent.ThreadPoolExecutor$Worker.run(ThreadPoolExecutor.java:624) [?:1.8.0_312]
	at java.lang.Thread.run(Thread.java:748) [?:1.8.0_312]
17:16:29.551 | DEBUG | --new testCase collected, to generate: testCom.alibaba.fastjson.parser.DefaultJSONParser.config(Feature, boolean)1
17:16:29.551 | INFO  | Finished (in 0.037 sec): method com.alibaba.fastjson.parser.DefaultJSONParser.config(Feature, boolean) 
<StatsForMethod> :
	#generatedTC=1
	FAILED 1 time(s) with 1 different exception(s)"
17:16:29.553 | DEBUG |  ... 
17:16:29.554 | INFO  | Started: method com.alibaba.fastjson.parser.DefaultJSONParser.setConfig(ParserConfig)
17:16:29.554 | INFO  |  -- Remaining time budget: 15390 ms, #remaining_methods: 41, budget for method: 375 ms, solver timeout: 187 ms, budget for symbolic execution: 188 ms, budget for concrete execution: 187 ms,  -- 
17:16:29.742 | INFO  | |> Starting concrete execution for remaining state: com.alibaba.fastjson.parser.DefaultJSONParser.setConfig(ParserConfig)
17:16:29.930 | INFO  | (X) Cancelling concrete execution: com.alibaba.fastjson.parser.DefaultJSONParser.setConfig(ParserConfig)
17:16:29.930 | DEBUG |  ... 
17:16:29.930 | INFO  | Started: method com.alibaba.fastjson.parser.DefaultJSONParser.setDateFormat(String)
17:16:29.931 | INFO  |  -- Remaining time budget: 15013 ms, #remaining_methods: 40, budget for method: 375 ms, solver timeout: 187 ms, budget for symbolic execution: 188 ms, budget for concrete execution: 187 ms,  -- 
17:16:29.998 | INFO  | Finished (in 0.444 sec): method com.alibaba.fastjson.parser.DefaultJSONParser.setConfig(ParserConfig) 
<StatsForMethod> : SUSPICIOUS
	#generatedTC=0
	WITH NO EXCEPTIONS
17:16:30.119 | INFO  | |> Starting concrete execution for remaining state: com.alibaba.fastjson.parser.DefaultJSONParser.setDateFormat(String)
17:16:30.306 | INFO  | (X) Cancelling concrete execution: com.alibaba.fastjson.parser.DefaultJSONParser.setDateFormat(String)
17:16:30.308 | INFO  | Finished (in 0.377 sec): method com.alibaba.fastjson.parser.DefaultJSONParser.setDateFormat(String) 
<StatsForMethod> : SUSPICIOUS
	#generatedTC=0
	WITH NO EXCEPTIONS
17:16:30.308 | DEBUG |  ... 
17:16:30.319 | INFO  | Started: method com.alibaba.fastjson.parser.DefaultJSONParser.getDateFormat()
17:16:30.319 | INFO  |  -- Remaining time budget: 14624 ms, #remaining_methods: 39, budget for method: 374 ms, solver timeout: 187 ms, budget for symbolic execution: 187 ms, budget for concrete execution: 187 ms,  -- 
17:16:30.506 | INFO  | |> Starting concrete execution for remaining state: com.alibaba.fastjson.parser.DefaultJSONParser.getDateFormat()
17:16:30.694 | INFO  | (X) Cancelling concrete execution: com.alibaba.fastjson.parser.DefaultJSONParser.getDateFormat()
17:16:30.695 | INFO  | Finished (in 0.376 sec): method com.alibaba.fastjson.parser.DefaultJSONParser.getDateFormat() 
<StatsForMethod> : SUSPICIOUS
	#generatedTC=0
	WITH NO EXCEPTIONS
17:16:30.699 | DEBUG |  ... 
17:16:30.700 | INFO  | Started: method com.alibaba.fastjson.parser.DefaultJSONParser.getConfig()
17:16:30.700 | INFO  |  -- Remaining time budget: 14243 ms, #remaining_methods: 38, budget for method: 374 ms, solver timeout: 187 ms, budget for symbolic execution: 187 ms, budget for concrete execution: 187 ms,  -- 
17:16:30.887 | INFO  | |> Starting concrete execution for remaining state: com.alibaba.fastjson.parser.DefaultJSONParser.getConfig()
17:16:31.075 | INFO  | (X) Cancelling concrete execution: com.alibaba.fastjson.parser.DefaultJSONParser.getConfig()
17:16:31.076 | INFO  | Finished (in 0.376 sec): method com.alibaba.fastjson.parser.DefaultJSONParser.getConfig() 
<StatsForMethod> : SUSPICIOUS
	#generatedTC=0
	WITH NO EXCEPTIONS
17:16:31.077 | DEBUG |  ... 
17:16:31.077 | INFO  | Started: method com.alibaba.fastjson.parser.DefaultJSONParser.addContext(ParseContext)
17:16:31.077 | INFO  |  -- Remaining time budget: 13866 ms, #remaining_methods: 37, budget for method: 374 ms, solver timeout: 187 ms, budget for symbolic execution: 187 ms, budget for concrete execution: 187 ms,  -- 
17:16:31.265 | INFO  | |> Starting concrete execution for remaining state: com.alibaba.fastjson.parser.DefaultJSONParser.addContext(ParseContext)
17:16:31.453 | INFO  | (X) Cancelling concrete execution: com.alibaba.fastjson.parser.DefaultJSONParser.addContext(ParseContext)
17:16:31.454 | INFO  | Finished (in 0.377 sec): method com.alibaba.fastjson.parser.DefaultJSONParser.addContext(ParseContext) 
<StatsForMethod> : SUSPICIOUS
	#generatedTC=0
	WITH NO EXCEPTIONS
17:16:31.455 | DEBUG |  ... 
17:16:31.455 | INFO  | Started: method com.alibaba.fastjson.parser.DefaultJSONParser.setDateFomrat(DateFormat)
17:16:31.456 | INFO  |  -- Remaining time budget: 13488 ms, #remaining_methods: 36, budget for method: 374 ms, solver timeout: 187 ms, budget for symbolic execution: 187 ms, budget for concrete execution: 187 ms,  -- 
17:16:31.643 | INFO  | |> Starting concrete execution for remaining state: com.alibaba.fastjson.parser.DefaultJSONParser.setDateFomrat(DateFormat)
17:16:31.831 | INFO  | (X) Cancelling concrete execution: com.alibaba.fastjson.parser.DefaultJSONParser.setDateFomrat(DateFormat)
17:16:31.834 | INFO  | Finished (in 0.378 sec): method com.alibaba.fastjson.parser.DefaultJSONParser.setDateFomrat(DateFormat) 
<StatsForMethod> : SUSPICIOUS
	#generatedTC=0
	WITH NO EXCEPTIONS
17:16:31.834 | DEBUG |  ... 
17:16:31.834 | INFO  | Started: method com.alibaba.fastjson.parser.DefaultJSONParser.getSymbolTable()
17:16:31.835 | INFO  |  -- Remaining time budget: 13109 ms, #remaining_methods: 35, budget for method: 374 ms, solver timeout: 187 ms, budget for symbolic execution: 187 ms, budget for concrete execution: 187 ms,  -- 
17:16:31.884 | DEBUG | --new testCase collected, to generate: testCom.alibaba.fastjson.parser.DefaultJSONParser.getSymbolTable()1
17:16:31.913 | DEBUG | --new testCase collected, to generate: testCom.alibaba.fastjson.parser.DefaultJSONParser.getSymbolTable()2
17:16:31.913 | INFO  | Finished (in 0.078 sec): method com.alibaba.fastjson.parser.DefaultJSONParser.getSymbolTable() 
<StatsForMethod> :
	#generatedTC=2
	WITH NO EXCEPTIONS
17:16:31.914 | DEBUG |  ... 
17:16:31.914 | INFO  | Started: method com.alibaba.fastjson.parser.DefaultJSONParser.parseArrayWithType(Type)
17:16:31.914 | INFO  |  -- Remaining time budget: 13029 ms, #remaining_methods: 34, budget for method: 383 ms, solver timeout: 191 ms, budget for symbolic execution: 192 ms, budget for concrete execution: 191 ms,  -- 
17:16:31.920 | DEBUG | --new testCase collected, to generate: testCom.alibaba.fastjson.parser.DefaultJSONParser.parseArrayWithType(Type)1
17:16:31.973 | DEBUG | --new testCase collected, to generate: testCom.alibaba.fastjson.parser.DefaultJSONParser.parseArrayWithType(Type)2
17:16:31.991 | DEBUG | --new testCase collected, to generate: testCom.alibaba.fastjson.parser.DefaultJSONParser.parseArrayWithType(Type)3
17:16:32.013 | DEBUG | --new testCase collected, to generate: testCom.alibaba.fastjson.parser.DefaultJSONParser.parseArrayWithType(Type)4
17:16:32.107 | INFO  | |> Starting concrete execution for remaining state: com.alibaba.fastjson.parser.DefaultJSONParser.parseArrayWithType(Type)
17:16:32.135 | DEBUG | --new testCase collected, to generate: testCom.alibaba.fastjson.parser.DefaultJSONParser.parseArrayWithType(Type)5
17:16:32.302 | INFO  | (X) Cancelling concrete execution: com.alibaba.fastjson.parser.DefaultJSONParser.parseArrayWithType(Type)
17:16:32.321 | INFO  | Finished (in 0.407 sec): method com.alibaba.fastjson.parser.DefaultJSONParser.parseArrayWithType(Type) 
<StatsForMethod> :
	#generatedTC=5
	WITH NO EXCEPTIONS
17:16:32.327 | DEBUG |  ... 
17:16:32.328 | INFO  | Started: method com.alibaba.fastjson.parser.DefaultJSONParser.getLastResolveTask()
17:16:32.328 | INFO  |  -- Remaining time budget: 12615 ms, #remaining_methods: 33, budget for method: 382 ms, solver timeout: 191 ms, budget for symbolic execution: 191 ms, budget for concrete execution: 191 ms,  -- 
17:16:32.333 | DEBUG | --new testCase collected, to generate: testCom.alibaba.fastjson.parser.DefaultJSONParser.getLastResolveTask()1
17:16:32.399 | DEBUG | --new testCase collected, to generate: testCom.alibaba.fastjson.parser.DefaultJSONParser.getLastResolveTask()2
17:16:32.520 | INFO  | |> Starting concrete execution for remaining state: com.alibaba.fastjson.parser.DefaultJSONParser.getLastResolveTask()
17:16:32.712 | INFO  | (X) Cancelling concrete execution: com.alibaba.fastjson.parser.DefaultJSONParser.getLastResolveTask()
17:16:32.739 | INFO  | Finished (in 0.411 sec): method com.alibaba.fastjson.parser.DefaultJSONParser.getLastResolveTask() 
<StatsForMethod> :
	#generatedTC=2
	WITH NO EXCEPTIONS
17:16:32.743 | DEBUG |  ... 
17:16:32.744 | INFO  | Started: method com.alibaba.fastjson.parser.DefaultJSONParser.getResolveTaskList()
17:16:32.744 | INFO  |  -- Remaining time budget: 12199 ms, #remaining_methods: 32, budget for method: 381 ms, solver timeout: 190 ms, budget for symbolic execution: 191 ms, budget for concrete execution: 190 ms,  -- 
17:16:32.748 | DEBUG | --new testCase collected, to generate: testCom.alibaba.fastjson.parser.DefaultJSONParser.getResolveTaskList()1
17:16:32.799 | DEBUG | --new testCase collected, to generate: testCom.alibaba.fastjson.parser.DefaultJSONParser.getResolveTaskList()2
17:16:32.852 | DEBUG | --new testCase collected, to generate: testCom.alibaba.fastjson.parser.DefaultJSONParser.getResolveTaskList()3
17:16:32.852 | INFO  | Finished (in 0.108 sec): method com.alibaba.fastjson.parser.DefaultJSONParser.getResolveTaskList() 
<StatsForMethod> :
	#generatedTC=3
	WITH NO EXCEPTIONS
17:16:32.858 | DEBUG |  ... 
17:16:32.859 | INFO  | Started: method com.alibaba.fastjson.parser.DefaultJSONParser.acceptType(String)
17:16:32.859 | INFO  |  -- Remaining time budget: 12084 ms, #remaining_methods: 31, budget for method: 389 ms, solver timeout: 194 ms, budget for symbolic execution: 195 ms, budget for concrete execution: 194 ms,  -- 
17:16:32.863 | DEBUG | --new testCase collected, to generate: testCom.alibaba.fastjson.parser.DefaultJSONParser.acceptType(String)1
17:16:32.914 | DEBUG | --new testCase collected, to generate: testCom.alibaba.fastjson.parser.DefaultJSONParser.acceptType(String)2
17:16:32.929 | DEBUG | --new testCase collected, to generate: testCom.alibaba.fastjson.parser.DefaultJSONParser.acceptType(String)3
17:16:33.055 | INFO  | |> Starting concrete execution for remaining state: com.alibaba.fastjson.parser.DefaultJSONParser.acceptType(String)
17:16:33.104 | DEBUG | --new testCase collected, to generate: testCom.alibaba.fastjson.parser.DefaultJSONParser.acceptType(String)4
17:16:33.128 | DEBUG | --new testCase collected, to generate: testCom.alibaba.fastjson.parser.DefaultJSONParser.acceptType(String)5
17:16:33.154 | DEBUG | --new testCase collected, to generate: testCom.alibaba.fastjson.parser.DefaultJSONParser.acceptType(String)6
17:16:33.249 | INFO  | (X) Cancelling concrete execution: com.alibaba.fastjson.parser.DefaultJSONParser.acceptType(String)
17:16:33.259 | INFO  | Finished (in 0.399 sec): method com.alibaba.fastjson.parser.DefaultJSONParser.acceptType(String) 
<StatsForMethod> :
	#generatedTC=6
	WITH NO EXCEPTIONS
17:16:33.281 | DEBUG |  ... 
17:16:33.281 | INFO  | Started: method com.alibaba.fastjson.parser.DefaultJSONParser.getResolveStatus()
17:16:33.281 | INFO  |  -- Remaining time budget: 11662 ms, #remaining_methods: 30, budget for method: 388 ms, solver timeout: 194 ms, budget for symbolic execution: 194 ms, budget for concrete execution: 194 ms,  -- 
17:16:33.285 | DEBUG | --new testCase collected, to generate: testCom.alibaba.fastjson.parser.DefaultJSONParser.getResolveStatus()1
17:16:33.311 | DEBUG | --new testCase collected, to generate: testCom.alibaba.fastjson.parser.DefaultJSONParser.getResolveStatus()2
17:16:33.311 | INFO  | Finished (in 0.030 sec): method com.alibaba.fastjson.parser.DefaultJSONParser.getResolveStatus() 
<StatsForMethod> :
	#generatedTC=2
	WITH NO EXCEPTIONS
17:16:33.311 | DEBUG |  ... 
17:16:33.312 | INFO  | Started: method com.alibaba.fastjson.parser.DefaultJSONParser.setResolveStatus(int)
17:16:33.312 | INFO  |  -- Remaining time budget: 11631 ms, #remaining_methods: 29, budget for method: 401 ms, solver timeout: 200 ms, budget for symbolic execution: 201 ms, budget for concrete execution: 200 ms,  -- 
17:16:33.316 | DEBUG | --new testCase collected, to generate: testCom.alibaba.fastjson.parser.DefaultJSONParser.setResolveStatus(int)1
17:16:33.342 | DEBUG | --new testCase collected, to generate: testCom.alibaba.fastjson.parser.DefaultJSONParser.setResolveStatus(int)2
17:16:33.342 | INFO  | Finished (in 0.030 sec): method com.alibaba.fastjson.parser.DefaultJSONParser.setResolveStatus(int) 
<StatsForMethod> :
	#generatedTC=2
	WITH NO EXCEPTIONS
17:16:33.343 | DEBUG |  ... 
17:16:33.343 | INFO  | Started: method com.alibaba.fastjson.parser.DefaultJSONParser.checkListResolve(Collection)
17:16:33.344 | INFO  |  -- Remaining time budget: 11600 ms, #remaining_methods: 28, budget for method: 414 ms, solver timeout: 207 ms, budget for symbolic execution: 207 ms, budget for concrete execution: 207 ms,  -- 
17:16:33.348 | DEBUG | --new testCase collected, to generate: testCom.alibaba.fastjson.parser.DefaultJSONParser.checkListResolve(Collection)1
17:16:33.551 | INFO  | |> Starting concrete execution for remaining state: com.alibaba.fastjson.parser.DefaultJSONParser.checkListResolve(Collection)
17:16:33.595 | DEBUG | --new testCase collected, to generate: testCom.alibaba.fastjson.parser.DefaultJSONParser.checkListResolve(Collection)2
17:16:33.758 | INFO  | (X) Cancelling concrete execution: com.alibaba.fastjson.parser.DefaultJSONParser.checkListResolve(Collection)
17:16:33.792 | INFO  | Finished (in 0.449 sec): method com.alibaba.fastjson.parser.DefaultJSONParser.checkListResolve(Collection) 
<StatsForMethod> :
	#generatedTC=2
	WITH NO EXCEPTIONS
17:16:33.794 | DEBUG |  ... 
17:16:33.794 | INFO  | Started: method com.alibaba.fastjson.parser.DefaultJSONParser.checkMapResolve(Map, Object)
17:16:33.795 | INFO  |  -- Remaining time budget: 11149 ms, #remaining_methods: 27, budget for method: 412 ms, solver timeout: 206 ms, budget for symbolic execution: 206 ms, budget for concrete execution: 206 ms,  -- 
17:16:33.799 | DEBUG | --new testCase collected, to generate: testCom.alibaba.fastjson.parser.DefaultJSONParser.checkMapResolve(Map, Object)1
17:16:34.001 | INFO  | |> Starting concrete execution for remaining state: com.alibaba.fastjson.parser.DefaultJSONParser.checkMapResolve(Map, Object)
17:16:34.208 | INFO  | (X) Cancelling concrete execution: com.alibaba.fastjson.parser.DefaultJSONParser.checkMapResolve(Map, Object)
17:16:34.410 | INFO  | Finished (in 0.616 sec): method com.alibaba.fastjson.parser.DefaultJSONParser.checkMapResolve(Map, Object) 
<StatsForMethod> :
	#generatedTC=1
	WITH NO EXCEPTIONS
17:16:34.412 | DEBUG |  ... 
17:16:34.412 | INFO  | Started: method com.alibaba.fastjson.parser.DefaultJSONParser.addResolveTask(DefaultJSONParser$ResolveTask)
17:16:34.412 | INFO  |  -- Remaining time budget: 10531 ms, #remaining_methods: 26, budget for method: 405 ms, solver timeout: 202 ms, budget for symbolic execution: 203 ms, budget for concrete execution: 202 ms,  -- 
17:16:34.416 | DEBUG | --new testCase collected, to generate: testCom.alibaba.fastjson.parser.DefaultJSONParser.addResolveTask(DefaultJSONParser$ResolveTask)1
17:16:34.616 | INFO  | |> Starting concrete execution for remaining state: com.alibaba.fastjson.parser.DefaultJSONParser.addResolveTask(DefaultJSONParser$ResolveTask)
17:16:34.819 | INFO  | (X) Cancelling concrete execution: com.alibaba.fastjson.parser.DefaultJSONParser.addResolveTask(DefaultJSONParser$ResolveTask)
17:16:35.013 | INFO  | Finished (in 0.601 sec): method com.alibaba.fastjson.parser.DefaultJSONParser.addResolveTask(DefaultJSONParser$ResolveTask) 
<StatsForMethod> :
	#generatedTC=1
	WITH NO EXCEPTIONS
17:16:35.017 | DEBUG |  ... 
17:16:35.018 | INFO  | Started: method com.alibaba.fastjson.parser.DefaultJSONParser.getExtraProcessors()
17:16:35.018 | INFO  |  -- Remaining time budget: 9926 ms, #remaining_methods: 25, budget for method: 397 ms, solver timeout: 198 ms, budget for symbolic execution: 199 ms, budget for concrete execution: 198 ms,  -- 
17:16:35.021 | DEBUG | --new testCase collected, to generate: testCom.alibaba.fastjson.parser.DefaultJSONParser.getExtraProcessors()1
17:16:35.068 | DEBUG | --new testCase collected, to generate: testCom.alibaba.fastjson.parser.DefaultJSONParser.getExtraProcessors()2
17:16:35.120 | DEBUG | --new testCase collected, to generate: testCom.alibaba.fastjson.parser.DefaultJSONParser.getExtraProcessors()3
17:16:35.121 | INFO  | Finished (in 0.103 sec): method com.alibaba.fastjson.parser.DefaultJSONParser.getExtraProcessors() 
<StatsForMethod> :
	#generatedTC=3
	WITH NO EXCEPTIONS
17:16:35.127 | DEBUG |  ... 
17:16:35.127 | INFO  | Started: method com.alibaba.fastjson.parser.DefaultJSONParser.getExtraTypeProviders()
17:16:35.128 | INFO  |  -- Remaining time budget: 9816 ms, #remaining_methods: 24, budget for method: 409 ms, solver timeout: 204 ms, budget for symbolic execution: 205 ms, budget for concrete execution: 204 ms,  -- 
17:16:35.131 | DEBUG | --new testCase collected, to generate: testCom.alibaba.fastjson.parser.DefaultJSONParser.getExtraTypeProviders()1
17:16:35.180 | DEBUG | --new testCase collected, to generate: testCom.alibaba.fastjson.parser.DefaultJSONParser.getExtraTypeProviders()2
17:16:35.232 | DEBUG | --new testCase collected, to generate: testCom.alibaba.fastjson.parser.DefaultJSONParser.getExtraTypeProviders()3
17:16:35.232 | INFO  | Finished (in 0.105 sec): method com.alibaba.fastjson.parser.DefaultJSONParser.getExtraTypeProviders() 
<StatsForMethod> :
	#generatedTC=3
	WITH NO EXCEPTIONS
17:16:35.238 | DEBUG |  ... 
17:16:35.239 | INFO  | Started: method com.alibaba.fastjson.parser.DefaultJSONParser.getFieldTypeResolver()
17:16:35.239 | INFO  |  -- Remaining time budget: 9704 ms, #remaining_methods: 23, budget for method: 421 ms, solver timeout: 210 ms, budget for symbolic execution: 211 ms, budget for concrete execution: 210 ms,  -- 
17:16:35.243 | DEBUG | --new testCase collected, to generate: testCom.alibaba.fastjson.parser.DefaultJSONParser.getFieldTypeResolver()1
17:16:35.269 | DEBUG | --new testCase collected, to generate: testCom.alibaba.fastjson.parser.DefaultJSONParser.getFieldTypeResolver()2
17:16:35.269 | INFO  | Finished (in 0.030 sec): method com.alibaba.fastjson.parser.DefaultJSONParser.getFieldTypeResolver() 
<StatsForMethod> :
	#generatedTC=2
	WITH NO EXCEPTIONS
17:16:35.270 | DEBUG |  ... 
17:16:35.270 | INFO  | Started: method com.alibaba.fastjson.parser.DefaultJSONParser.setFieldTypeResolver(FieldTypeResolver)
17:16:35.270 | INFO  |  -- Remaining time budget: 9673 ms, #remaining_methods: 22, budget for method: 439 ms, solver timeout: 219 ms, budget for symbolic execution: 220 ms, budget for concrete execution: 219 ms,  -- 
17:16:35.274 | DEBUG | --new testCase collected, to generate: testCom.alibaba.fastjson.parser.DefaultJSONParser.setFieldTypeResolver(FieldTypeResolver)1
17:16:35.301 | DEBUG | --new testCase collected, to generate: testCom.alibaba.fastjson.parser.DefaultJSONParser.setFieldTypeResolver(FieldTypeResolver)2
17:16:35.301 | INFO  | Finished (in 0.031 sec): method com.alibaba.fastjson.parser.DefaultJSONParser.setFieldTypeResolver(FieldTypeResolver) 
<StatsForMethod> :
	#generatedTC=2
	WITH NO EXCEPTIONS
17:16:35.302 | DEBUG |  ... 
17:16:35.302 | INFO  | Started: method com.alibaba.fastjson.parser.DefaultJSONParser.getLexer()
17:16:35.302 | INFO  |  -- Remaining time budget: 9641 ms, #remaining_methods: 21, budget for method: 459 ms, solver timeout: 229 ms, budget for symbolic execution: 230 ms, budget for concrete execution: 229 ms,  -- 
17:16:35.305 | DEBUG | --new testCase collected, to generate: testCom.alibaba.fastjson.parser.DefaultJSONParser.getLexer()1
17:16:35.332 | DEBUG | --new testCase collected, to generate: testCom.alibaba.fastjson.parser.DefaultJSONParser.getLexer()2
17:16:35.332 | INFO  | Finished (in 0.029 sec): method com.alibaba.fastjson.parser.DefaultJSONParser.getLexer() 
<StatsForMethod> :
	#generatedTC=2
	WITH NO EXCEPTIONS
17:16:35.332 | DEBUG |  ... 
17:16:35.333 | INFO  | Started: method com.alibaba.fastjson.parser.DefaultJSONParser.resolveReference(String)
17:16:35.333 | INFO  |  -- Remaining time budget: 9610 ms, #remaining_methods: 20, budget for method: 480 ms, solver timeout: 240 ms, budget for symbolic execution: 240 ms, budget for concrete execution: 240 ms,  -- 
17:16:35.337 | DEBUG | --new testCase collected, to generate: testCom.alibaba.fastjson.parser.DefaultJSONParser.resolveReference(String)1
17:16:35.366 | DEBUG | --new testCase collected, to generate: testCom.alibaba.fastjson.parser.DefaultJSONParser.resolveReference(String)2
17:16:35.406 | DEBUG | --new testCase collected, to generate: testCom.alibaba.fastjson.parser.DefaultJSONParser.resolveReference(String)3
17:16:35.413 | DEBUG | --new testCase collected, to generate: testCom.alibaba.fastjson.parser.DefaultJSONParser.resolveReference(String)4
17:16:35.442 | DEBUG | --new testCase collected, to generate: testCom.alibaba.fastjson.parser.DefaultJSONParser.resolveReference(String)5
17:16:35.491 | DEBUG | --new testCase collected, to generate: testCom.alibaba.fastjson.parser.DefaultJSONParser.resolveReference(String)6
17:16:35.573 | INFO  | |> Starting concrete execution for remaining state: com.alibaba.fastjson.parser.DefaultJSONParser.resolveReference(String)
17:16:35.814 | INFO  | (X) Cancelling concrete execution: com.alibaba.fastjson.parser.DefaultJSONParser.resolveReference(String)
17:16:35.982 | INFO  | Finished (in 0.649 sec): method com.alibaba.fastjson.parser.DefaultJSONParser.resolveReference(String) 
<StatsForMethod> :
	#generatedTC=6
	WITH NO EXCEPTIONS
17:16:36.000 | DEBUG |  ... 
17:16:36.001 | INFO  | Started: method com.alibaba.fastjson.parser.DefaultJSONParser.handleResovleTask(Object)
17:16:36.001 | INFO  |  -- Remaining time budget: 8942 ms, #remaining_methods: 19, budget for method: 470 ms, solver timeout: 235 ms, budget for symbolic execution: 235 ms, budget for concrete execution: 235 ms,  -- 
17:16:36.005 | DEBUG | --new testCase collected, to generate: testCom.alibaba.fastjson.parser.DefaultJSONParser.handleResovleTask(Object)1
17:16:36.223 | DEBUG | --new testCase collected, to generate: testCom.alibaba.fastjson.parser.DefaultJSONParser.handleResovleTask(Object)2
17:16:36.237 | INFO  | |> Starting concrete execution for remaining state: com.alibaba.fastjson.parser.DefaultJSONParser.handleResovleTask(Object)
17:16:36.473 | INFO  | (X) Cancelling concrete execution: com.alibaba.fastjson.parser.DefaultJSONParser.handleResovleTask(Object)
17:16:36.501 | INFO  | Finished (in 0.500 sec): method com.alibaba.fastjson.parser.DefaultJSONParser.handleResovleTask(Object) 
<StatsForMethod> :
	#generatedTC=2
	WITH NO EXCEPTIONS
17:16:36.502 | DEBUG |  ... 
17:16:36.503 | INFO  | Started: method com.alibaba.fastjson.parser.DefaultJSONParser.parseExtra(Object, String)
17:16:36.503 | INFO  |  -- Remaining time budget: 8440 ms, #remaining_methods: 18, budget for method: 468 ms, solver timeout: 234 ms, budget for symbolic execution: 234 ms, budget for concrete execution: 234 ms,  -- 
17:16:36.507 | DEBUG | --new testCase collected, to generate: testCom.alibaba.fastjson.parser.DefaultJSONParser.parseExtra(Object, String)1
17:16:36.737 | INFO  | |> Starting concrete execution for remaining state: com.alibaba.fastjson.parser.DefaultJSONParser.parseExtra(Object, String)
17:16:36.972 | INFO  | (X) Cancelling concrete execution: com.alibaba.fastjson.parser.DefaultJSONParser.parseExtra(Object, String)
17:16:37.050 | INFO  | Finished (in 0.547 sec): method com.alibaba.fastjson.parser.DefaultJSONParser.parseExtra(Object, String) 
<StatsForMethod> :
	#generatedTC=1
	WITH NO EXCEPTIONS
17:16:37.051 | DEBUG |  ... 
17:16:37.052 | INFO  | Started: method com.alibaba.fastjson.parser.DefaultJSONParser.getDateFomartPattern()
17:16:37.052 | INFO  |  -- Remaining time budget: 7892 ms, #remaining_methods: 17, budget for method: 464 ms, solver timeout: 232 ms, budget for symbolic execution: 232 ms, budget for concrete execution: 232 ms,  -- 
17:16:37.056 | DEBUG | --new testCase collected, to generate: testCom.alibaba.fastjson.parser.DefaultJSONParser.getDateFomartPattern()1
17:16:37.085 | DEBUG | --new testCase collected, to generate: testCom.alibaba.fastjson.parser.DefaultJSONParser.getDateFomartPattern()2
17:16:37.085 | INFO  | Finished (in 0.033 sec): method com.alibaba.fastjson.parser.DefaultJSONParser.getDateFomartPattern() 
<StatsForMethod> :
	#generatedTC=2
	WITH NO EXCEPTIONS
17:16:37.085 | DEBUG |  ... 
17:16:37.086 | INFO  | Started: method com.alibaba.fastjson.parser.DefaultJSONParser.getObject(String)
17:16:37.086 | INFO  |  -- Remaining time budget: 7857 ms, #remaining_methods: 16, budget for method: 491 ms, solver timeout: 245 ms, budget for symbolic execution: 246 ms, budget for concrete execution: 245 ms,  -- 
17:16:37.090 | DEBUG | --new testCase collected, to generate: testCom.alibaba.fastjson.parser.DefaultJSONParser.getObject(String)1
17:16:37.119 | DEBUG | --new testCase collected, to generate: testCom.alibaba.fastjson.parser.DefaultJSONParser.getObject(String)2
17:16:37.158 | DEBUG | --new testCase collected, to generate: testCom.alibaba.fastjson.parser.DefaultJSONParser.getObject(String)3
17:16:37.186 | DEBUG | --new testCase collected, to generate: testCom.alibaba.fastjson.parser.DefaultJSONParser.getObject(String)4
17:16:37.210 | DEBUG | --new testCase collected, to generate: testCom.alibaba.fastjson.parser.DefaultJSONParser.getObject(String)5
17:16:37.217 | DEBUG | --new testCase collected, to generate: testCom.alibaba.fastjson.parser.DefaultJSONParser.getObject(String)6
17:16:37.332 | INFO  | |> Starting concrete execution for remaining state: com.alibaba.fastjson.parser.DefaultJSONParser.getObject(String)
17:16:37.578 | INFO  | (X) Cancelling concrete execution: com.alibaba.fastjson.parser.DefaultJSONParser.getObject(String)
17:16:37.694 | INFO  | Finished (in 0.608 sec): method com.alibaba.fastjson.parser.DefaultJSONParser.getObject(String) 
<StatsForMethod> :
	#generatedTC=6
	WITH NO EXCEPTIONS
17:16:37.707 | DEBUG |  ... 
17:16:37.707 | INFO  | Started: method com.alibaba.fastjson.parser.DefaultJSONParser.throwException(int)
17:16:37.707 | INFO  |  -- Remaining time budget: 7236 ms, #remaining_methods: 15, budget for method: 482 ms, solver timeout: 241 ms, budget for symbolic execution: 241 ms, budget for concrete execution: 241 ms,  -- 
17:16:37.711 | DEBUG | --new testCase collected, to generate: testCom.alibaba.fastjson.parser.DefaultJSONParser.throwException(int)1
17:16:37.736 | DEBUG | --new testCase collected, to generate: testCom.alibaba.fastjson.parser.DefaultJSONParser.throwException(int)2
17:16:37.737 | INFO  | Finished (in 0.029 sec): method com.alibaba.fastjson.parser.DefaultJSONParser.throwException(int) 
<StatsForMethod> :
	#generatedTC=2
	WITH NO EXCEPTIONS
17:16:37.737 | DEBUG |  ... 
17:16:37.737 | INFO  | Started: method com.alibaba.fastjson.parser.DefaultJSONParser.accept(int, int)
17:16:37.738 | INFO  |  -- Remaining time budget: 7206 ms, #remaining_methods: 14, budget for method: 514 ms, solver timeout: 257 ms, budget for symbolic execution: 257 ms, budget for concrete execution: 257 ms,  -- 
17:16:37.741 | DEBUG | --new testCase collected, to generate: testCom.alibaba.fastjson.parser.DefaultJSONParser.accept(int, int)1
17:16:37.785 | DEBUG | --new testCase collected, to generate: testCom.alibaba.fastjson.parser.DefaultJSONParser.accept(int, int)2
17:16:37.808 | DEBUG | --new testCase collected, to generate: testCom.alibaba.fastjson.parser.DefaultJSONParser.accept(int, int)3
17:16:37.808 | INFO  | Finished (in 0.071 sec): method com.alibaba.fastjson.parser.DefaultJSONParser.accept(int, int) 
<StatsForMethod> :
	#generatedTC=3
	WITH NO EXCEPTIONS
17:16:37.811 | DEBUG |  ... 
17:16:37.812 | INFO  | Started: method com.alibaba.fastjson.parser.DefaultJSONParser.accept(int)
17:16:37.812 | INFO  |  -- Remaining time budget: 7131 ms, #remaining_methods: 13, budget for method: 548 ms, solver timeout: 274 ms, budget for symbolic execution: 274 ms, budget for concrete execution: 274 ms,  -- 
17:16:37.815 | DEBUG | --new testCase collected, to generate: testCom.alibaba.fastjson.parser.DefaultJSONParser.accept(int)1
17:16:37.860 | DEBUG | --new testCase collected, to generate: testCom.alibaba.fastjson.parser.DefaultJSONParser.accept(int)2
17:16:37.864 | DEBUG | --new testCase collected, to generate: testCom.alibaba.fastjson.parser.DefaultJSONParser.accept(int)3
17:16:37.864 | INFO  | Finished (in 0.052 sec): method com.alibaba.fastjson.parser.DefaultJSONParser.accept(int) 
<StatsForMethod> :
	#generatedTC=3
	WITH NO EXCEPTIONS
17:16:37.865 | DEBUG |  ... 
17:16:37.865 | INFO  | Started: method com.alibaba.fastjson.parser.DefaultJSONParser.getContext()
17:16:37.865 | INFO  |  -- Remaining time budget: 7078 ms, #remaining_methods: 12, budget for method: 589 ms, solver timeout: 294 ms, budget for symbolic execution: 295 ms, budget for concrete execution: 294 ms,  -- 
17:16:37.868 | DEBUG | --new testCase collected, to generate: testCom.alibaba.fastjson.parser.DefaultJSONParser.getContext()1
17:16:37.893 | DEBUG | --new testCase collected, to generate: testCom.alibaba.fastjson.parser.DefaultJSONParser.getContext()2
17:16:37.893 | INFO  | Finished (in 0.028 sec): method com.alibaba.fastjson.parser.DefaultJSONParser.getContext() 
<StatsForMethod> :
	#generatedTC=2
	WITH NO EXCEPTIONS
17:16:37.894 | DEBUG |  ... 
17:16:37.894 | INFO  | Started: method com.alibaba.fastjson.parser.DefaultJSONParser.parse(Object)
17:16:37.894 | INFO  |  -- Remaining time budget: 7049 ms, #remaining_methods: 11, budget for method: 640 ms, solver timeout: 320 ms, budget for symbolic execution: 320 ms, budget for concrete execution: 320 ms,  -- 
17:16:37.898 | DEBUG | --new testCase collected, to generate: testCom.alibaba.fastjson.parser.DefaultJSONParser.parse(Object)1
17:16:38.215 | INFO  | |> Starting concrete execution for remaining state: com.alibaba.fastjson.parser.DefaultJSONParser.parse(Object)
17:16:38.535 | INFO  | (X) Cancelling concrete execution: com.alibaba.fastjson.parser.DefaultJSONParser.parse(Object)
17:16:38.588 | INFO  | Finished (in 0.694 sec): method com.alibaba.fastjson.parser.DefaultJSONParser.parse(Object) 
<StatsForMethod> :
	#generatedTC=1
	WITH NO EXCEPTIONS
17:16:38.589 | DEBUG |  ... 
17:16:38.589 | INFO  | Started: method com.alibaba.fastjson.parser.DefaultJSONParser.parse(PropertyProcessable, Object)
17:16:38.590 | INFO  |  -- Remaining time budget: 6354 ms, #remaining_methods: 10, budget for method: 635 ms, solver timeout: 317 ms, budget for symbolic execution: 318 ms, budget for concrete execution: 317 ms,  -- 
17:16:38.595 | DEBUG | --new testCase collected, to generate: testCom.alibaba.fastjson.parser.DefaultJSONParser.parse(PropertyProcessable, Object)1
17:16:38.908 | INFO  | |> Starting concrete execution for remaining state: com.alibaba.fastjson.parser.DefaultJSONParser.parse(PropertyProcessable, Object)
17:16:39.225 | INFO  | (X) Cancelling concrete execution: com.alibaba.fastjson.parser.DefaultJSONParser.parse(PropertyProcessable, Object)
17:16:39.239 | INFO  | Finished (in 0.649 sec): method com.alibaba.fastjson.parser.DefaultJSONParser.parse(PropertyProcessable, Object) 
<StatsForMethod> :
	#generatedTC=1
	WITH NO EXCEPTIONS
17:16:39.255 | DEBUG |  ... 
17:16:39.255 | INFO  | Started: method com.alibaba.fastjson.parser.DefaultJSONParser.parse()
17:16:39.255 | INFO  |  -- Remaining time budget: 5688 ms, #remaining_methods: 9, budget for method: 632 ms, solver timeout: 316 ms, budget for symbolic execution: 316 ms, budget for concrete execution: 316 ms,  -- 
17:16:39.259 | DEBUG | --new testCase collected, to generate: testCom.alibaba.fastjson.parser.DefaultJSONParser.parse()1
17:16:39.572 | INFO  | |> Starting concrete execution for remaining state: com.alibaba.fastjson.parser.DefaultJSONParser.parse()
17:16:39.888 | INFO  | (X) Cancelling concrete execution: com.alibaba.fastjson.parser.DefaultJSONParser.parse()
17:16:39.948 | INFO  | Finished (in 0.693 sec): method com.alibaba.fastjson.parser.DefaultJSONParser.parse() 
<StatsForMethod> :
	#generatedTC=1
	WITH NO EXCEPTIONS
17:16:39.955 | DEBUG |  ... 
17:16:39.956 | INFO  | Started: method com.alibaba.fastjson.parser.DefaultJSONParser.<init>(Object, JSONLexer, ParserConfig)
17:16:39.956 | INFO  |  -- Remaining time budget: 4988 ms, #remaining_methods: 8, budget for method: 623 ms, solver timeout: 311 ms, budget for symbolic execution: 312 ms, budget for concrete execution: 311 ms,  -- 
17:16:40.268 | INFO  | |> Starting concrete execution for remaining state: com.alibaba.fastjson.parser.DefaultJSONParser.<init>(Object, JSONLexer, ParserConfig)
17:16:40.435 | DEBUG | --new testCase collected, to generate: testCom.alibaba.fastjson.parser.DefaultJSONParser.<init>(Object, JSONLexer, ParserConfig)1
17:16:40.579 | INFO  | (X) Cancelling concrete execution: com.alibaba.fastjson.parser.DefaultJSONParser.<init>(Object, JSONLexer, ParserConfig)
17:16:40.646 | INFO  | Finished (in 0.690 sec): method com.alibaba.fastjson.parser.DefaultJSONParser.<init>(Object, JSONLexer, ParserConfig) 
<StatsForMethod> :
	#generatedTC=1
	WITH NO EXCEPTIONS
17:16:40.647 | DEBUG |  ... 
17:16:40.647 | INFO  | Started: method com.alibaba.fastjson.parser.DefaultJSONParser.<init>(char[], int, ParserConfig, int)
17:16:40.647 | INFO  |  -- Remaining time budget: 4296 ms, #remaining_methods: 7, budget for method: 613 ms, solver timeout: 306 ms, budget for symbolic execution: 307 ms, budget for concrete execution: 306 ms,  -- 
17:16:40.954 | INFO  | |> Starting concrete execution for remaining state: com.alibaba.fastjson.parser.DefaultJSONParser.<init>(char[], int, ParserConfig, int)
17:16:41.261 | INFO  | (X) Cancelling concrete execution: com.alibaba.fastjson.parser.DefaultJSONParser.<init>(char[], int, ParserConfig, int)
17:16:41.262 | INFO  | Finished (in 0.615 sec): method com.alibaba.fastjson.parser.DefaultJSONParser.<init>(char[], int, ParserConfig, int) 
<StatsForMethod> : SUSPICIOUS
	#generatedTC=0
	WITH NO EXCEPTIONS
17:16:41.262 | DEBUG |  ... 
17:16:41.263 | INFO  | Started: method com.alibaba.fastjson.parser.DefaultJSONParser.<init>(JSONLexer, ParserConfig)
17:16:41.263 | INFO  |  -- Remaining time budget: 3680 ms, #remaining_methods: 6, budget for method: 613 ms, solver timeout: 306 ms, budget for symbolic execution: 307 ms, budget for concrete execution: 306 ms,  -- 
17:16:41.570 | INFO  | |> Starting concrete execution for remaining state: com.alibaba.fastjson.parser.DefaultJSONParser.<init>(JSONLexer, ParserConfig)
17:16:41.865 | DEBUG | --new testCase collected, to generate: testCom.alibaba.fastjson.parser.DefaultJSONParser.<init>(JSONLexer, ParserConfig)1
17:16:41.878 | INFO  | (X) Cancelling concrete execution: com.alibaba.fastjson.parser.DefaultJSONParser.<init>(JSONLexer, ParserConfig)
17:16:41.901 | INFO  | Finished (in 0.637 sec): method com.alibaba.fastjson.parser.DefaultJSONParser.<init>(JSONLexer, ParserConfig) 
<StatsForMethod> :
	#generatedTC=1
	WITH NO EXCEPTIONS
17:16:41.901 | DEBUG |  ... 
17:16:41.902 | INFO  | Started: method com.alibaba.fastjson.parser.DefaultJSONParser.<init>(JSONLexer)
17:16:41.902 | INFO  |  -- Remaining time budget: 3042 ms, #remaining_methods: 5, budget for method: 608 ms, solver timeout: 304 ms, budget for symbolic execution: 304 ms, budget for concrete execution: 304 ms,  -- 
17:16:41.905 | DEBUG | --new testCase collected, to generate: testCom.alibaba.fastjson.parser.DefaultJSONParser.<init>(JSONLexer)1
17:16:41.980 | INFO  | Finished (in 0.078 sec): method com.alibaba.fastjson.parser.DefaultJSONParser.<init>(JSONLexer) 
<StatsForMethod> :
	#generatedTC=1
	WITH NO EXCEPTIONS
17:16:41.992 | DEBUG |  ... 
17:16:41.992 | INFO  | Started: method com.alibaba.fastjson.parser.DefaultJSONParser.<init>(String)
17:16:41.992 | INFO  |  -- Remaining time budget: 2951 ms, #remaining_methods: 4, budget for method: 737 ms, solver timeout: 368 ms, budget for symbolic execution: 369 ms, budget for concrete execution: 368 ms,  -- 
17:16:42.332 | DEBUG | --new testCase collected, to generate: testCom.alibaba.fastjson.parser.DefaultJSONParser.<init>(String)1
17:16:42.361 | INFO  | |> Starting concrete execution for remaining state: com.alibaba.fastjson.parser.DefaultJSONParser.<init>(String)
17:16:42.404 | INFO  | Finished (in 0.411 sec): method com.alibaba.fastjson.parser.DefaultJSONParser.<init>(String) 
<StatsForMethod> :
	#generatedTC=1
	WITH NO EXCEPTIONS
17:16:42.412 | DEBUG |  ... 
17:16:42.413 | INFO  | Started: method com.alibaba.fastjson.parser.DefaultJSONParser.<init>(String, ParserConfig, int)
17:16:42.413 | INFO  |  -- Remaining time budget: 2531 ms, #remaining_methods: 3, budget for method: 843 ms, solver timeout: 421 ms, budget for symbolic execution: 422 ms, budget for concrete execution: 421 ms,  -- 
17:16:42.779 | DEBUG | --new testCase collected, to generate: testCom.alibaba.fastjson.parser.DefaultJSONParser.<init>(String, ParserConfig, int)1
17:16:42.835 | INFO  | |> Starting concrete execution for remaining state: com.alibaba.fastjson.parser.DefaultJSONParser.<init>(String, ParserConfig, int)
17:16:42.851 | INFO  | Finished (in 0.439 sec): method com.alibaba.fastjson.parser.DefaultJSONParser.<init>(String, ParserConfig, int) 
<StatsForMethod> :
	#generatedTC=1
	WITH NO EXCEPTIONS
17:16:42.859 | DEBUG |  ... 
17:16:42.860 | INFO  | Started: method com.alibaba.fastjson.parser.DefaultJSONParser.<init>(String, ParserConfig)
17:16:42.860 | INFO  |  -- Remaining time budget: 2083 ms, #remaining_methods: 2, budget for method: 1041 ms, solver timeout: 520 ms, budget for symbolic execution: 521 ms, budget for concrete execution: 520 ms,  -- 
17:16:43.173 | DEBUG | --new testCase collected, to generate: testCom.alibaba.fastjson.parser.DefaultJSONParser.<init>(String, ParserConfig)1
17:16:43.230 | INFO  | Finished (in 0.370 sec): method com.alibaba.fastjson.parser.DefaultJSONParser.<init>(String, ParserConfig) 
<StatsForMethod> :
	#generatedTC=1
	WITH NO EXCEPTIONS
17:16:43.236 | DEBUG |  ... 
17:16:43.237 | INFO  | Started: method com.alibaba.fastjson.parser.DefaultJSONParser.ResolveTask.<init>(ParseContext, String)
17:16:43.237 | INFO  |  -- Remaining time budget: 1707 ms, #remaining_methods: 1, budget for method: 1707 ms, solver timeout: 853 ms, budget for symbolic execution: 854 ms, budget for concrete execution: 853 ms,  -- 
17:16:43.240 | DEBUG | --new testCase collected, to generate: testCom.alibaba.fastjson.parser.DefaultJSONParser.ResolveTask.<init>(ParseContext, String)1
17:16:43.284 | DEBUG | --new testCase collected, to generate: testCom.alibaba.fastjson.parser.DefaultJSONParser.ResolveTask.<init>(ParseContext, String)2
17:16:43.284 | INFO  | Finished (in 0.047 sec): method com.alibaba.fastjson.parser.DefaultJSONParser.ResolveTask.<init>(ParseContext, String) 
<StatsForMethod> :
	#generatedTC=2
	WITH NO EXCEPTIONS
17:16:43.288 | INFO  | Started: Flushing tests for [DefaultJSONParser] on disk
17:16:43.607 | INFO  | File size for DefaultJSONParserTest: 56 KB
17:16:43.609 | INFO  | Finished (in 0.320 sec): Flushing tests for [DefaultJSONParser] on disk 
17:16:43.609 | INFO  | Finished (in 24.133 sec): class com.alibaba.fastjson.parser.DefaultJSONParser 
<StatsForClass> :
	canceled by timeout = false
	#methods = 64, 
	#methods started symbolic exploration = 64
	#methods with at least one TC = 54
	#methods with exceptions = 5
	#generated TC = 106
	#coverage = null
[READY]
