Started UtBot Contest, classfileDir = /var/benchmarks/projects/seata/core/target/classes, classpathString=/var/benchmarks/projects/seata/core/target/classes:/var/benchmarks/projects/seata/core/target/seata-core-0.5.0.jar:/var/benchmarks/projects/./seata/core/target/dependency/mockito-core-2.23.4.jar:/var/benchmarks/projects/seata/core/target/dependency/byte-buddy-agent-1.9.3.jar:/var/benchmarks/projects/seata/core/target/dependency/assertj-core-2.6.0.jar:/var/benchmarks/projects/seata/core/target/dependency/seata-common-0.5.0.jar:/var/benchmarks/projects/seata/core/target/dependency/byte-buddy-1.9.3.jar:/var/benchmarks/projects/seata/core/target/dependency/objenesis-2.6.jar:/var/benchmarks/projects/seata/core/target/dependency/seata-discovery-core-0.5.0.jar:/var/benchmarks/projects/seata/core/target/dependency/commons-pool2-2.4.2.jar:/var/benchmarks/projects/seata/core/target/dependency/junit-4.12.jar:/var/benchmarks/projects/seata/core/target/dependency/hamcrest-core-1.3.jar:/var/benchmarks/projects/seata/core/target/dependency/slf4j-api-1.7.22.jar:/var/benchmarks/projects/seata/core/target/dependency/seata-config-core-0.5.0.jar:/var/benchmarks/projects/seata/core/target/dependency/netty-all-4.1.24.Final.jar:/var/benchmarks/projects/seata/core/target/dependency/commons-lang-2.6.jar:/var/benchmarks/projects/seata/core/target/dependency/fastjson-1.2.48.jar:/var/benchmarks/projects/seata/core/target/dependency/config-1.2.1.jar:/var/benchmarks/projects/seata/core/target/dependency/commons-pool-1.6.jar, outputDir=/home/utbot_mocks/temp/testcases, mocks=Other classes: Mockito
17:09:57.482 | INFO  | Started: warmup: kotlin reflection :: init
17:09:57.570 | INFO  | Finished (in 0.088 sec): warmup: kotlin reflection :: init 
[INIT]
>> [RUN] io.seata.core.rpc.netty.NettyPoolableFactory 30
17:09:57.583 | DEBUG | -----------------------------------------------------------------------------
17:09:57.583 | INFO  | Contest.runGeneration: Time budget: 30000 ms, Generation timeout=25500 ms, classpath=/var/benchmarks/projects/seata/core/target/classes:/var/benchmarks/projects/seata/core/target/seata-core-0.5.0.jar:/var/benchmarks/projects/./seata/core/target/dependency/mockito-core-2.23.4.jar:/var/benchmarks/projects/seata/core/target/dependency/byte-buddy-agent-1.9.3.jar:/var/benchmarks/projects/seata/core/target/dependency/assertj-core-2.6.0.jar:/var/benchmarks/projects/seata/core/target/dependency/seata-common-0.5.0.jar:/var/benchmarks/projects/seata/core/target/dependency/byte-buddy-1.9.3.jar:/var/benchmarks/projects/seata/core/target/dependency/objenesis-2.6.jar:/var/benchmarks/projects/seata/core/target/dependency/seata-discovery-core-0.5.0.jar:/var/benchmarks/projects/seata/core/target/dependency/commons-pool2-2.4.2.jar:/var/benchmarks/projects/seata/core/target/dependency/junit-4.12.jar:/var/benchmarks/projects/seata/core/target/dependency/hamcrest-core-1.3.jar:/var/benchmarks/projects/seata/core/target/dependency/slf4j-api-1.7.22.jar:/var/benchmarks/projects/seata/core/target/dependency/seata-config-core-0.5.0.jar:/var/benchmarks/projects/seata/core/target/dependency/netty-all-4.1.24.Final.jar:/var/benchmarks/projects/seata/core/target/dependency/commons-lang-2.6.jar:/var/benchmarks/projects/seata/core/target/dependency/fastjson-1.2.48.jar:/var/benchmarks/projects/seata/core/target/dependency/config-1.2.1.jar:/var/benchmarks/projects/seata/core/target/dependency/commons-pool-1.6.jar, methodNameFilter=null
17:09:57.585 | INFO  | ClassUnderTest[ FQN: io.seata.core.rpc.netty.NettyPoolableFactory
    classfileDir: /var/benchmarks/projects/seata/core/target/classes
    testClassSimpleName: NettyPoolableFactoryTest
    generatedTestFile: /home/utbot_mocks/temp/testcases/io/seata/core/rpc/netty/NettyPoolableFactoryTest.java
    generatedTestsSourcesDir: /home/utbot_mocks/temp/testcases
]
17:09:57.607 | INFO  | Started: class io.seata.core.rpc.netty.NettyPoolableFactory
17:09:57.608 | INFO  | Started: preparation class class io.seata.core.rpc.netty.NettyPoolableFactory: kotlin reflection :: run
17:09:57.646 | INFO  | Finished (in 0.038 sec): preparation class class io.seata.core.rpc.netty.NettyPoolableFactory: kotlin reflection :: run 
17:09:57.647 | INFO  | Started: 2nd optional soot initialization
17:09:57.648 | INFO  | Finished (in 0.001 sec): 2nd optional soot initialization 
17:09:57.655 | DEBUG |  ... 
17:09:57.675 | INFO  | Started: method io.seata.core.rpc.netty.NettyPoolableFactory.validateObject(NettyPoolKey, Channel)
17:09:57.676 | INFO  |  -- Remaining time budget: 25427 ms, #remaining_methods: 8, budget for method: 3178 ms, solver timeout: 1000 ms, budget for symbolic execution: 1978 ms, budget for concrete execution: 1200 ms,  -- 
17:09:57.989 | DEBUG | --new testCase collected, to generate: testIo.seata.core.rpc.netty.NettyPoolableFactory.validateObject(NettyPoolKey, Channel)1
17:09:58.277 | DEBUG | --new testCase collected, to generate: testIo.seata.core.rpc.netty.NettyPoolableFactory.validateObject(NettyPoolKey, Channel)2
17:09:58.477 | DEBUG | --new testCase collected, to generate: testIo.seata.core.rpc.netty.NettyPoolableFactory.validateObject(NettyPoolKey, Channel)3
17:09:58.694 | DEBUG | --new testCase collected, to generate: testIo.seata.core.rpc.netty.NettyPoolableFactory.validateObject(NettyPoolKey, Channel)4
17:09:59.649 | INFO  | |> Starting concrete execution for remaining state: io.seata.core.rpc.netty.NettyPoolableFactory.validateObject(NettyPoolKey, Channel)
17:09:59.968 | DEBUG | --new testCase collected, to generate: testIo.seata.core.rpc.netty.NettyPoolableFactory.validateObject(NettyPoolKey, Channel)5
17:09:59.971 | INFO  | Finished (in 2.295 sec): method io.seata.core.rpc.netty.NettyPoolableFactory.validateObject(NettyPoolKey, Channel) 
<StatsForMethod> :
	#generatedTC=5
	WITH NO EXCEPTIONS
17:10:00.068 | DEBUG |  ... 
17:10:00.069 | INFO  | Started: method io.seata.core.rpc.netty.NettyPoolableFactory.destroyObject(NettyPoolKey, Channel)
17:10:00.069 | INFO  |  -- Remaining time budget: 23016 ms, #remaining_methods: 7, budget for method: 3288 ms, solver timeout: 1000 ms, budget for symbolic execution: 2088 ms, budget for concrete execution: 1200 ms,  -- 
17:10:00.078 | DEBUG | --new testCase collected, to generate: testIo.seata.core.rpc.netty.NettyPoolableFactory.destroyObject(NettyPoolKey, Channel)1
17:10:00.127 | DEBUG | --new testCase collected, to generate: testIo.seata.core.rpc.netty.NettyPoolableFactory.destroyObject(NettyPoolKey, Channel)2
17:10:00.217 | DEBUG | --new testCase collected, to generate: testIo.seata.core.rpc.netty.NettyPoolableFactory.destroyObject(NettyPoolKey, Channel)3
17:10:00.885 | DEBUG | --new testCase collected, to generate: testIo.seata.core.rpc.netty.NettyPoolableFactory.destroyObject(NettyPoolKey, Channel)4
17:10:00.889 | INFO  | Finished (in 0.820 sec): method io.seata.core.rpc.netty.NettyPoolableFactory.destroyObject(NettyPoolKey, Channel) 
<StatsForMethod> :
	#generatedTC=4
	WITH NO EXCEPTIONS
17:10:00.950 | DEBUG |  ... 
17:10:00.951 | INFO  | Started: method io.seata.core.rpc.netty.NettyPoolableFactory.activateObject(NettyPoolKey, Channel)
17:10:00.952 | INFO  |  -- Remaining time budget: 22133 ms, #remaining_methods: 6, budget for method: 3688 ms, solver timeout: 1000 ms, budget for symbolic execution: 2488 ms, budget for concrete execution: 1200 ms,  -- 
17:10:00.960 | DEBUG | --new testCase collected, to generate: testIo.seata.core.rpc.netty.NettyPoolableFactory.activateObject(NettyPoolKey, Channel)1
17:10:00.987 | DEBUG | --new testCase collected, to generate: testIo.seata.core.rpc.netty.NettyPoolableFactory.activateObject(NettyPoolKey, Channel)2
17:10:00.988 | INFO  | Finished (in 0.036 sec): method io.seata.core.rpc.netty.NettyPoolableFactory.activateObject(NettyPoolKey, Channel) 
<StatsForMethod> :
	#generatedTC=2
	WITH NO EXCEPTIONS
17:10:00.989 | DEBUG |  ... 
17:10:00.989 | INFO  | Started: method io.seata.core.rpc.netty.NettyPoolableFactory.passivateObject(NettyPoolKey, Channel)
17:10:00.990 | INFO  |  -- Remaining time budget: 22095 ms, #remaining_methods: 5, budget for method: 4419 ms, solver timeout: 1000 ms, budget for symbolic execution: 3219 ms, budget for concrete execution: 1200 ms,  -- 
17:10:00.998 | DEBUG | --new testCase collected, to generate: testIo.seata.core.rpc.netty.NettyPoolableFactory.passivateObject(NettyPoolKey, Channel)1
17:10:01.025 | DEBUG | --new testCase collected, to generate: testIo.seata.core.rpc.netty.NettyPoolableFactory.passivateObject(NettyPoolKey, Channel)2
17:10:01.025 | INFO  | Finished (in 0.035 sec): method io.seata.core.rpc.netty.NettyPoolableFactory.passivateObject(NettyPoolKey, Channel) 
<StatsForMethod> :
	#generatedTC=2
	WITH NO EXCEPTIONS
17:10:01.027 | DEBUG |  ... 
17:10:01.027 | INFO  | Started: method io.seata.core.rpc.netty.NettyPoolableFactory.makeObject(NettyPoolKey)
17:10:01.028 | INFO  |  -- Remaining time budget: 22057 ms, #remaining_methods: 4, budget for method: 5514 ms, solver timeout: 1000 ms, budget for symbolic execution: 4314 ms, budget for concrete execution: 1200 ms,  -- 
17:10:01.053 | DEBUG | --new testCase collected, to generate: testIo.seata.core.rpc.netty.NettyPoolableFactory.makeObject(NettyPoolKey)1
17:10:01.089 | DEBUG | --new testCase collected, to generate: testIo.seata.core.rpc.netty.NettyPoolableFactory.makeObject(NettyPoolKey)2
17:10:01.223 | DEBUG | --new testCase collected, to generate: testIo.seata.core.rpc.netty.NettyPoolableFactory.makeObject(NettyPoolKey)3
17:10:02.283 | DEBUG | --new testCase collected, to generate: testIo.seata.core.rpc.netty.NettyPoolableFactory.makeObject(NettyPoolKey)4
17:10:02.906 | INFO  | Finished (in 1.878 sec): method io.seata.core.rpc.netty.NettyPoolableFactory.makeObject(NettyPoolKey) 
<StatsForMethod> :
	#generatedTC=4
	WITH NO EXCEPTIONS
17:10:02.949 | DEBUG |  ... 
17:10:02.950 | INFO  | Started: method io.seata.core.rpc.netty.NettyPoolableFactory.getVersion(Object, NettyPoolKey$TransactionRole)
17:10:02.950 | INFO  |  -- Remaining time budget: 20135 ms, #remaining_methods: 3, budget for method: 6711 ms, solver timeout: 1000 ms, budget for symbolic execution: 5511 ms, budget for concrete execution: 1200 ms,  -- 
17:10:02.967 | DEBUG | --new testCase collected, to generate: testIo.seata.core.rpc.netty.NettyPoolableFactory.getVersion(Object, NettyPoolKey$TransactionRole)1
17:10:03.321 | INFO  | Finished (in 0.371 sec): method io.seata.core.rpc.netty.NettyPoolableFactory.getVersion(Object, NettyPoolKey$TransactionRole) 
<StatsForMethod> :
	#generatedTC=1
	WITH NO EXCEPTIONS
17:10:03.336 | DEBUG |  ... 
17:10:03.336 | INFO  | Started: method io.seata.core.rpc.netty.NettyPoolableFactory.isResponseSuccess(Object, NettyPoolKey$TransactionRole)
17:10:03.337 | INFO  |  -- Remaining time budget: 19748 ms, #remaining_methods: 2, budget for method: 9874 ms, solver timeout: 1000 ms, budget for symbolic execution: 8674 ms, budget for concrete execution: 1200 ms,  -- 
17:10:03.343 | DEBUG | --new testCase collected, to generate: testIo.seata.core.rpc.netty.NettyPoolableFactory.isResponseSuccess(Object, NettyPoolKey$TransactionRole)1
17:10:03.440 | DEBUG | --new testCase collected, to generate: testIo.seata.core.rpc.netty.NettyPoolableFactory.isResponseSuccess(Object, NettyPoolKey$TransactionRole)2
17:10:03.737 | INFO  | Finished (in 0.401 sec): method io.seata.core.rpc.netty.NettyPoolableFactory.isResponseSuccess(Object, NettyPoolKey$TransactionRole) 
<StatsForMethod> :
	#generatedTC=2
	WITH NO EXCEPTIONS
17:10:03.753 | DEBUG |  ... 
17:10:03.754 | INFO  | Started: method io.seata.core.rpc.netty.NettyPoolableFactory.<init>(AbstractRpcRemotingClient)
17:10:03.754 | INFO  |  -- Remaining time budget: 19330 ms, #remaining_methods: 1, budget for method: 19330 ms, solver timeout: 1000 ms, budget for symbolic execution: 18130 ms, budget for concrete execution: 1200 ms,  -- 
17:10:03.766 | DEBUG | --new testCase collected, to generate: testIo.seata.core.rpc.netty.NettyPoolableFactory.<init>(AbstractRpcRemotingClient)1
17:10:03.807 | INFO  | Finished (in 0.053 sec): method io.seata.core.rpc.netty.NettyPoolableFactory.<init>(AbstractRpcRemotingClient) 
<StatsForMethod> :
	#generatedTC=1
	WITH NO EXCEPTIONS
17:10:03.817 | INFO  | Started: Flushing tests for [NettyPoolableFactory] on disk
17:10:04.017 | INFO  | File size for NettyPoolableFactoryTest: 19 KB
17:10:04.019 | INFO  | Finished (in 0.202 sec): Flushing tests for [NettyPoolableFactory] on disk 
17:10:04.020 | INFO  | Finished (in 6.413 sec): class io.seata.core.rpc.netty.NettyPoolableFactory 
<StatsForClass> :
	canceled by timeout = false
	#methods = 8, 
	#methods started symbolic exploration = 8
	#methods with at least one TC = 8
	#methods with exceptions = 0
	#generated TC = 21
	#coverage = null
[READY]
