Started UtBot Contest, classfileDir = /var/benchmarks/projects/spoon/target/classes, classpathString=/var/benchmarks/projects/spoon/target/classes:/var/benchmarks/projects/spoon/target/spoon-core-7.0.0.jar:/var/benchmarks/projects/./spoon/target/dependency/org.eclipse.text-3.12.0.jar:/var/benchmarks/projects/spoon/target/dependency/org.eclipse.equinox.app-1.6.100.jar:/var/benchmarks/projects/spoon/target/dependency/org.eclipse.core.contenttype-3.8.100.jar:/var/benchmarks/projects/spoon/target/dependency/mockito-all-2.0.2-beta.jar:/var/benchmarks/projects/spoon/target/dependency/jackson-databind-2.9.2.jar:/var/benchmarks/projects/spoon/target/dependency/guava-18.0.jar:/var/benchmarks/projects/spoon/target/dependency/org.eclipse.core.expressions-3.8.100.jar:/var/benchmarks/projects/spoon/target/dependency/org.eclipse.core.commands-3.10.100.jar:/var/benchmarks/projects/spoon/target/dependency/jackson-annotations-2.9.0.jar:/var/benchmarks/projects/spoon/target/dependency/org.eclipse.jdt.core-3.13.102.jar:/var/benchmarks/projects/spoon/target/dependency/org.eclipse.core.runtime-3.24.0.jar:/var/benchmarks/projects/spoon/target/dependency/org.eclipse.core.resources-3.16.0.jar:/var/benchmarks/projects/spoon/target/dependency/jackson-core-2.9.2.jar:/var/benchmarks/projects/spoon/target/dependency/junit-4.12.jar:/var/benchmarks/projects/spoon/target/dependency/org.eclipse.equinox.registry-3.11.100.jar:/var/benchmarks/projects/spoon/target/dependency/hamcrest-core-1.3.jar:/var/benchmarks/projects/spoon/target/dependency/maven-model-3.3.9.jar:/var/benchmarks/projects/spoon/target/dependency/plexus-utils-3.0.22.jar:/var/benchmarks/projects/spoon/target/dependency/jsap-2.1.jar:/var/benchmarks/projects/spoon/target/dependency/bridge-method-annotation-1.13.jar:/var/benchmarks/projects/spoon/target/dependency/org.eclipse.equinox.common-3.15.100.jar:/var/benchmarks/projects/spoon/target/dependency/org.eclipse.core.jobs-3.12.0.jar:/var/benchmarks/projects/spoon/target/dependency/commons-io-2.5.jar:/var/benchmarks/projects/spoon/target/dependency/commons-lang3-3.5.jar:/var/benchmarks/projects/spoon/target/dependency/system-rules-1.9.0.jar:/var/benchmarks/projects/spoon/target/dependency/querydsl-core-3.6.9.jar:/var/benchmarks/projects/spoon/target/dependency/org.eclipse.core.filesystem-1.9.200.jar:/var/benchmarks/projects/spoon/target/dependency/org.eclipse.equinox.preferences-3.9.100.jar:/var/benchmarks/projects/spoon/target/dependency/org.eclipse.osgi-3.17.100.jar:/var/benchmarks/projects/spoon/target/dependency/log4j-1.2.17.jar, outputDir=/home/utbot_mocks/temp/testcases, mocks=Other classes: Mockito
00:41:37.208 | INFO  | Started: warmup: kotlin reflection :: init
00:41:37.289 | INFO  | Finished (in 0.080 sec): warmup: kotlin reflection :: init 
[INIT]
>> [RUN] spoon.pattern.internal.node.MapEntryNode 120
00:41:37.301 | DEBUG | -----------------------------------------------------------------------------
00:41:37.301 | INFO  | Contest.runGeneration: Time budget: 120000 ms, Generation timeout=102000 ms, classpath=/var/benchmarks/projects/spoon/target/classes:/var/benchmarks/projects/spoon/target/spoon-core-7.0.0.jar:/var/benchmarks/projects/./spoon/target/dependency/org.eclipse.text-3.12.0.jar:/var/benchmarks/projects/spoon/target/dependency/org.eclipse.equinox.app-1.6.100.jar:/var/benchmarks/projects/spoon/target/dependency/org.eclipse.core.contenttype-3.8.100.jar:/var/benchmarks/projects/spoon/target/dependency/mockito-all-2.0.2-beta.jar:/var/benchmarks/projects/spoon/target/dependency/jackson-databind-2.9.2.jar:/var/benchmarks/projects/spoon/target/dependency/guava-18.0.jar:/var/benchmarks/projects/spoon/target/dependency/org.eclipse.core.expressions-3.8.100.jar:/var/benchmarks/projects/spoon/target/dependency/org.eclipse.core.commands-3.10.100.jar:/var/benchmarks/projects/spoon/target/dependency/jackson-annotations-2.9.0.jar:/var/benchmarks/projects/spoon/target/dependency/org.eclipse.jdt.core-3.13.102.jar:/var/benchmarks/projects/spoon/target/dependency/org.eclipse.core.runtime-3.24.0.jar:/var/benchmarks/projects/spoon/target/dependency/org.eclipse.core.resources-3.16.0.jar:/var/benchmarks/projects/spoon/target/dependency/jackson-core-2.9.2.jar:/var/benchmarks/projects/spoon/target/dependency/junit-4.12.jar:/var/benchmarks/projects/spoon/target/dependency/org.eclipse.equinox.registry-3.11.100.jar:/var/benchmarks/projects/spoon/target/dependency/hamcrest-core-1.3.jar:/var/benchmarks/projects/spoon/target/dependency/maven-model-3.3.9.jar:/var/benchmarks/projects/spoon/target/dependency/plexus-utils-3.0.22.jar:/var/benchmarks/projects/spoon/target/dependency/jsap-2.1.jar:/var/benchmarks/projects/spoon/target/dependency/bridge-method-annotation-1.13.jar:/var/benchmarks/projects/spoon/target/dependency/org.eclipse.equinox.common-3.15.100.jar:/var/benchmarks/projects/spoon/target/dependency/org.eclipse.core.jobs-3.12.0.jar:/var/benchmarks/projects/spoon/target/dependency/commons-io-2.5.jar:/var/benchmarks/projects/spoon/target/dependency/commons-lang3-3.5.jar:/var/benchmarks/projects/spoon/target/dependency/system-rules-1.9.0.jar:/var/benchmarks/projects/spoon/target/dependency/querydsl-core-3.6.9.jar:/var/benchmarks/projects/spoon/target/dependency/org.eclipse.core.filesystem-1.9.200.jar:/var/benchmarks/projects/spoon/target/dependency/org.eclipse.equinox.preferences-3.9.100.jar:/var/benchmarks/projects/spoon/target/dependency/org.eclipse.osgi-3.17.100.jar:/var/benchmarks/projects/spoon/target/dependency/log4j-1.2.17.jar, methodNameFilter=null
00:41:37.303 | INFO  | ClassUnderTest[ FQN: spoon.pattern.internal.node.MapEntryNode
    classfileDir: /var/benchmarks/projects/spoon/target/classes
    testClassSimpleName: MapEntryNodeTest
    generatedTestFile: /home/utbot_mocks/temp/testcases/spoon/pattern/internal/node/MapEntryNodeTest.java
    generatedTestsSourcesDir: /home/utbot_mocks/temp/testcases
]
00:41:37.326 | INFO  | Started: class spoon.pattern.internal.node.MapEntryNode
00:41:37.327 | INFO  | Started: preparation class class spoon.pattern.internal.node.MapEntryNode: kotlin reflection :: run
00:41:37.454 | INFO  | Finished (in 0.127 sec): preparation class class spoon.pattern.internal.node.MapEntryNode: kotlin reflection :: run 
00:41:37.455 | INFO  | Started: 2nd optional soot initialization
00:41:37.456 | INFO  | Finished (in 0.001 sec): 2nd optional soot initialization 
00:41:37.464 | DEBUG |  ... 
00:41:37.474 | INFO  | Started: method spoon.pattern.internal.node.MapEntryNode.replaceNode(RootNode, RootNode)
00:41:37.475 | INFO  |  -- Remaining time budget: 101836 ms, #remaining_methods: 13, budget for method: 7833 ms, solver timeout: 1000 ms, budget for symbolic execution: 6633 ms, budget for concrete execution: 1200 ms,  -- 
00:41:37.811 | DEBUG | --new testCase collected, to generate: testSpoon.pattern.internal.node.MapEntryNode.replaceNode(RootNode, RootNode)1
00:41:38.071 | DEBUG | --new testCase collected, to generate: testSpoon.pattern.internal.node.MapEntryNode.replaceNode(RootNode, RootNode)2
00:41:38.105 | DEBUG | --new testCase collected, to generate: testSpoon.pattern.internal.node.MapEntryNode.replaceNode(RootNode, RootNode)3
00:41:38.164 | DEBUG | --new testCase collected, to generate: testSpoon.pattern.internal.node.MapEntryNode.replaceNode(RootNode, RootNode)4
00:41:38.177 | DEBUG | --new testCase collected, to generate: testSpoon.pattern.internal.node.MapEntryNode.replaceNode(RootNode, RootNode)5
00:41:38.213 | DEBUG | --new testCase collected, to generate: testSpoon.pattern.internal.node.MapEntryNode.replaceNode(RootNode, RootNode)6
00:41:38.238 | DEBUG | --new testCase collected, to generate: testSpoon.pattern.internal.node.MapEntryNode.replaceNode(RootNode, RootNode)7
00:41:38.266 | DEBUG | --new testCase collected, to generate: testSpoon.pattern.internal.node.MapEntryNode.replaceNode(RootNode, RootNode)8
00:41:38.267 | INFO  | Finished (in 0.792 sec): method spoon.pattern.internal.node.MapEntryNode.replaceNode(RootNode, RootNode) 
<StatsForMethod> :
	#generatedTC=8
	WITH NO EXCEPTIONS
00:41:38.271 | DEBUG |  ... 
00:41:38.272 | INFO  | Started: method spoon.pattern.internal.node.MapEntryNode.generateTargets(DefaultGenerator, ResultHolder, ImmutableMap)
00:41:38.272 | INFO  |  -- Remaining time budget: 101031 ms, #remaining_methods: 12, budget for method: 8419 ms, solver timeout: 1000 ms, budget for symbolic execution: 7219 ms, budget for concrete execution: 1200 ms,  -- 
00:41:38.292 | DEBUG | --new testCase collected, to generate: testSpoon.pattern.internal.node.MapEntryNode.generateTargets(DefaultGenerator, ResultHolder, ImmutableMap)1
00:41:38.572 | DEBUG | --new testCase collected, to generate: testSpoon.pattern.internal.node.MapEntryNode.generateTargets(DefaultGenerator, ResultHolder, ImmutableMap)2
00:41:39.721 | DEBUG | --new testCase collected, to generate: testSpoon.pattern.internal.node.MapEntryNode.generateTargets(DefaultGenerator, ResultHolder, ImmutableMap)3
00:41:40.215 | DEBUG | --new testCase collected, to generate: testSpoon.pattern.internal.node.MapEntryNode.generateTargets(DefaultGenerator, ResultHolder, ImmutableMap)4
00:41:40.932 | DEBUG | --new testCase collected, to generate: testSpoon.pattern.internal.node.MapEntryNode.generateTargets(DefaultGenerator, ResultHolder, ImmutableMap)5
00:41:41.241 | DEBUG | --new testCase collected, to generate: testSpoon.pattern.internal.node.MapEntryNode.generateTargets(DefaultGenerator, ResultHolder, ImmutableMap)6
00:41:44.282 | DEBUG | --new testCase collected, to generate: testSpoon.pattern.internal.node.MapEntryNode.generateTargets(DefaultGenerator, ResultHolder, ImmutableMap)7
00:41:44.311 | DEBUG | --new testCase collected, to generate: testSpoon.pattern.internal.node.MapEntryNode.generateTargets(DefaultGenerator, ResultHolder, ImmutableMap)8
00:41:44.312 | INFO  | Finished (in 6.040 sec): method spoon.pattern.internal.node.MapEntryNode.generateTargets(DefaultGenerator, ResultHolder, ImmutableMap) 
<StatsForMethod> :
	#generatedTC=8
	WITH NO EXCEPTIONS
00:41:44.336 | DEBUG |  ... 
00:41:44.337 | INFO  | Started: method spoon.pattern.internal.node.MapEntryNode.forEachParameterInfo(BiConsumer)
00:41:44.337 | INFO  |  -- Remaining time budget: 94966 ms, #remaining_methods: 11, budget for method: 8633 ms, solver timeout: 1000 ms, budget for symbolic execution: 7433 ms, budget for concrete execution: 1200 ms,  -- 
00:41:44.347 | DEBUG | --new testCase collected, to generate: testSpoon.pattern.internal.node.MapEntryNode.forEachParameterInfo(BiConsumer)1
00:41:44.384 | DEBUG | --new testCase collected, to generate: testSpoon.pattern.internal.node.MapEntryNode.forEachParameterInfo(BiConsumer)2
00:41:44.406 | DEBUG | --new testCase collected, to generate: testSpoon.pattern.internal.node.MapEntryNode.forEachParameterInfo(BiConsumer)3
00:41:44.428 | DEBUG | --new testCase collected, to generate: testSpoon.pattern.internal.node.MapEntryNode.forEachParameterInfo(BiConsumer)4
00:41:44.433 | INFO  | Finished (in 0.096 sec): method spoon.pattern.internal.node.MapEntryNode.forEachParameterInfo(BiConsumer) 
<StatsForMethod> :
	#generatedTC=4
	WITH NO EXCEPTIONS
00:41:44.434 | DEBUG |  ... 
00:41:44.435 | INFO  | Started: method spoon.pattern.internal.node.MapEntryNode.getMatchingStrategy()
00:41:44.435 | INFO  |  -- Remaining time budget: 94867 ms, #remaining_methods: 10, budget for method: 9486 ms, solver timeout: 1000 ms, budget for symbolic execution: 8286 ms, budget for concrete execution: 1200 ms,  -- 
00:41:44.448 | DEBUG | --new testCase collected, to generate: testSpoon.pattern.internal.node.MapEntryNode.getMatchingStrategy()1
00:41:44.565 | INFO  | Finished (in 0.130 sec): method spoon.pattern.internal.node.MapEntryNode.getMatchingStrategy() 
<StatsForMethod> :
	#generatedTC=1
	WITH NO EXCEPTIONS
00:41:44.574 | DEBUG |  ... 
00:41:44.575 | INFO  | Started: method spoon.pattern.internal.node.MapEntryNode.isTryNextMatch(ImmutableMap)
00:41:44.575 | INFO  |  -- Remaining time budget: 94727 ms, #remaining_methods: 9, budget for method: 10525 ms, solver timeout: 1000 ms, budget for symbolic execution: 9325 ms, budget for concrete execution: 1200 ms,  -- 
00:41:44.584 | DEBUG | --new testCase collected, to generate: testSpoon.pattern.internal.node.MapEntryNode.isTryNextMatch(ImmutableMap)1
00:41:44.620 | DEBUG | --new testCase collected, to generate: testSpoon.pattern.internal.node.MapEntryNode.isTryNextMatch(ImmutableMap)2
00:41:44.620 | INFO  | Finished (in 0.045 sec): method spoon.pattern.internal.node.MapEntryNode.isTryNextMatch(ImmutableMap) 
<StatsForMethod> :
	#generatedTC=2
	WITH NO EXCEPTIONS
00:41:44.621 | DEBUG |  ... 
00:41:44.621 | INFO  | Started: method spoon.pattern.internal.node.MapEntryNode.matchTarget(Object, ImmutableMap)
00:41:44.622 | INFO  |  -- Remaining time budget: 94681 ms, #remaining_methods: 8, budget for method: 11835 ms, solver timeout: 1000 ms, budget for symbolic execution: 10635 ms, budget for concrete execution: 1200 ms,  -- 
00:41:44.631 | DEBUG | --new testCase collected, to generate: testSpoon.pattern.internal.node.MapEntryNode.matchTarget(Object, ImmutableMap)1
00:41:45.185 | DEBUG | --new testCase collected, to generate: testSpoon.pattern.internal.node.MapEntryNode.matchTarget(Object, ImmutableMap)2
00:41:45.849 | INFO  | Finished (in 1.227 sec): method spoon.pattern.internal.node.MapEntryNode.matchTarget(Object, ImmutableMap) 
<StatsForMethod> :
	#generatedTC=2
	WITH NO EXCEPTIONS
00:41:45.883 | DEBUG |  ... 
00:41:45.884 | INFO  | Started: method spoon.pattern.internal.node.MapEntryNode.getValue()
00:41:45.884 | INFO  |  -- Remaining time budget: 93419 ms, #remaining_methods: 7, budget for method: 13345 ms, solver timeout: 1000 ms, budget for symbolic execution: 12145 ms, budget for concrete execution: 1200 ms,  -- 
00:41:45.889 | DEBUG | --new testCase collected, to generate: testSpoon.pattern.internal.node.MapEntryNode.getValue()1
00:41:45.918 | DEBUG | --new testCase collected, to generate: testSpoon.pattern.internal.node.MapEntryNode.getValue()2
00:41:45.918 | INFO  | Finished (in 0.034 sec): method spoon.pattern.internal.node.MapEntryNode.getValue() 
<StatsForMethod> :
	#generatedTC=2
	WITH NO EXCEPTIONS
00:41:45.919 | DEBUG |  ... 
00:41:45.919 | INFO  | Started: method spoon.pattern.internal.node.MapEntryNode.getKey()
00:41:45.920 | INFO  |  -- Remaining time budget: 93383 ms, #remaining_methods: 6, budget for method: 15563 ms, solver timeout: 1000 ms, budget for symbolic execution: 14363 ms, budget for concrete execution: 1200 ms,  -- 
00:41:45.926 | DEBUG | --new testCase collected, to generate: testSpoon.pattern.internal.node.MapEntryNode.getKey()1
00:41:45.953 | DEBUG | --new testCase collected, to generate: testSpoon.pattern.internal.node.MapEntryNode.getKey()2
00:41:45.954 | INFO  | Finished (in 0.034 sec): method spoon.pattern.internal.node.MapEntryNode.getKey() 
<StatsForMethod> :
	#generatedTC=2
	WITH NO EXCEPTIONS
00:41:45.955 | DEBUG |  ... 
00:41:45.955 | INFO  | Started: method spoon.pattern.internal.node.MapEntryNode.<init>(RootNode, RootNode)
00:41:45.955 | INFO  |  -- Remaining time budget: 93347 ms, #remaining_methods: 5, budget for method: 18669 ms, solver timeout: 1000 ms, budget for symbolic execution: 17469 ms, budget for concrete execution: 1200 ms,  -- 
00:41:45.962 | DEBUG | --new testCase collected, to generate: testSpoon.pattern.internal.node.MapEntryNode.<init>(RootNode, RootNode)1
00:41:46.029 | DEBUG | --new testCase collected, to generate: testSpoon.pattern.internal.node.MapEntryNode.<init>(RootNode, RootNode)2
00:41:46.030 | INFO  | Finished (in 0.074 sec): method spoon.pattern.internal.node.MapEntryNode.<init>(RootNode, RootNode) 
<StatsForMethod> :
	#generatedTC=2
	WITH NO EXCEPTIONS
00:41:46.033 | DEBUG |  ... 
00:41:46.034 | INFO  | Started: method spoon.pattern.internal.node.MapEntryNode.Entry.setValue(CtElement)
00:41:46.034 | INFO  |  -- Remaining time budget: 93269 ms, #remaining_methods: 4, budget for method: 23317 ms, solver timeout: 1000 ms, budget for symbolic execution: 22117 ms, budget for concrete execution: 1200 ms,  -- 
00:41:46.040 | DEBUG | --new testCase collected, to generate: testSpoon.pattern.internal.node.MapEntryNode.Entry.setValue(CtElement)1
00:41:46.079 | DEBUG | --new testCase collected, to generate: testSpoon.pattern.internal.node.MapEntryNode.Entry.setValue(CtElement)2
00:41:46.079 | INFO  | Finished (in 0.045 sec): method spoon.pattern.internal.node.MapEntryNode.Entry.setValue(CtElement) 
<StatsForMethod> :
	#generatedTC=2
	WITH NO EXCEPTIONS
00:41:46.080 | DEBUG |  ... 
00:41:46.080 | INFO  | Started: method spoon.pattern.internal.node.MapEntryNode.Entry.key()
00:41:46.080 | INFO  |  -- Remaining time budget: 93222 ms, #remaining_methods: 3, budget for method: 31074 ms, solver timeout: 1000 ms, budget for symbolic execution: 29874 ms, budget for concrete execution: 1200 ms,  -- 
00:41:46.084 | DEBUG | --new testCase collected, to generate: testSpoon.pattern.internal.node.MapEntryNode.Entry.key()1
00:41:46.113 | DEBUG | --new testCase collected, to generate: testSpoon.pattern.internal.node.MapEntryNode.Entry.key()2
00:41:46.113 | INFO  | Finished (in 0.033 sec): method spoon.pattern.internal.node.MapEntryNode.Entry.key() 
<StatsForMethod> :
	#generatedTC=2
	WITH NO EXCEPTIONS
00:41:46.114 | DEBUG |  ... 
00:41:46.114 | INFO  | Started: method spoon.pattern.internal.node.MapEntryNode.Entry.value()
00:41:46.114 | INFO  |  -- Remaining time budget: 93188 ms, #remaining_methods: 2, budget for method: 46594 ms, solver timeout: 1000 ms, budget for symbolic execution: 45394 ms, budget for concrete execution: 1200 ms,  -- 
00:41:46.118 | DEBUG | --new testCase collected, to generate: testSpoon.pattern.internal.node.MapEntryNode.Entry.value()1
00:41:46.147 | DEBUG | --new testCase collected, to generate: testSpoon.pattern.internal.node.MapEntryNode.Entry.value()2
00:41:46.147 | INFO  | Finished (in 0.033 sec): method spoon.pattern.internal.node.MapEntryNode.Entry.value() 
<StatsForMethod> :
	#generatedTC=2
	WITH NO EXCEPTIONS
00:41:46.148 | DEBUG |  ... 
00:41:46.149 | INFO  | Started: method spoon.pattern.internal.node.MapEntryNode.Entry.<init>(String, CtElement)
00:41:46.149 | INFO  |  -- Remaining time budget: 93154 ms, #remaining_methods: 1, budget for method: 93154 ms, solver timeout: 1000 ms, budget for symbolic execution: 91954 ms, budget for concrete execution: 1200 ms,  -- 
00:41:46.166 | DEBUG | --new testCase collected, to generate: testSpoon.pattern.internal.node.MapEntryNode.Entry.<init>(String, CtElement)1
00:41:46.214 | DEBUG | --new testCase collected, to generate: testSpoon.pattern.internal.node.MapEntryNode.Entry.<init>(String, CtElement)2
00:41:46.215 | INFO  | Finished (in 0.066 sec): method spoon.pattern.internal.node.MapEntryNode.Entry.<init>(String, CtElement) 
<StatsForMethod> :
	#generatedTC=2
	WITH NO EXCEPTIONS
00:41:46.222 | INFO  | Started: Flushing tests for [MapEntryNode] on disk
00:41:46.485 | INFO  | File size for MapEntryNodeTest: 28 KB
00:41:46.487 | INFO  | Finished (in 0.264 sec): Flushing tests for [MapEntryNode] on disk 
00:41:46.487 | INFO  | Finished (in 9.161 sec): class spoon.pattern.internal.node.MapEntryNode 
<StatsForClass> :
	canceled by timeout = false
	#methods = 13, 
	#methods started symbolic exploration = 13
	#methods with at least one TC = 13
	#methods with exceptions = 0
	#generated TC = 39
	#coverage = null
[READY]
