Started UtBot Contest, classfileDir = /var/benchmarks/projects/fastjson/target/classes, classpathString=/var/benchmarks/projects/fastjson/target/classes:/var/benchmarks/projects/fastjson/target/fastjson-1.2.50-SNAPSHOT.jar:/var/benchmarks/projects/./fastjson/target/dependency/deeptestutils-1.1.0.jar:/var/benchmarks/projects/fastjson/target/dependency/commons-beanutils-1.8.0.jar:/var/benchmarks/projects/fastjson/target/dependency/woodstox-core-asl-4.4.1.jar:/var/benchmarks/projects/fastjson/target/dependency/spring-aop-4.3.7.RELEASE.jar:/var/benchmarks/projects/fastjson/target/dependency/hibernate-core-5.2.10.Final.jar:/var/benchmarks/projects/fastjson/target/dependency/jackson-module-kotlin-2.9.0.jar:/var/benchmarks/projects/fastjson/target/dependency/spring-data-commons-1.13.6.RELEASE.jar:/var/benchmarks/projects/fastjson/target/dependency/javax.annotation-api-1.2.jar:/var/benchmarks/projects/fastjson/target/dependency/gson-2.6.2.jar:/var/benchmarks/projects/fastjson/target/dependency/jetty-continuation-8.1.8.v20121106.jar:/var/benchmarks/projects/fastjson/target/dependency/objenesis-2.5.1.jar:/var/benchmarks/projects/fastjson/target/dependency/powermock-reflect-1.6.6.jar:/var/benchmarks/projects/fastjson/target/dependency/springfox-spring-web-2.6.1.jar:/var/benchmarks/projects/fastjson/target/dependency/javaslang-2.0.6.jar:/var/benchmarks/projects/fastjson/target/dependency/guava-18.0.jar:/var/benchmarks/projects/fastjson/target/dependency/mockito-core-1.10.19.jar:/var/benchmarks/projects/fastjson/target/dependency/json-lib-2.4-jdk15.jar:/var/benchmarks/projects/fastjson/target/dependency/jetty-xml-8.1.8.v20121106.jar:/var/benchmarks/projects/fastjson/target/dependency/xmlschema-core-2.2.1.jar:/var/benchmarks/projects/fastjson/target/dependency/powermock-api-support-1.6.6.jar:/var/benchmarks/projects/fastjson/target/dependency/commons-collections4-4.1.jar:/var/benchmarks/projects/fastjson/target/dependency/cglib-nodep-2.2.2.jar:/var/benchmarks/projects/fastjson/target/dependency/asm-debug-all-5.0.4.jar:/var/benchmarks/projects/fastjson/target/dependency/spring-plugin-core-1.2.0.RELEASE.jar:/var/benchmarks/projects/fastjson/target/dependency/cxf-rt-rs-client-3.1.2.jar:/var/benchmarks/projects/fastjson/target/dependency/jetty-io-8.1.8.v20121106.jar:/var/benchmarks/projects/fastjson/target/dependency/commons-lang3-3.4.jar:/var/benchmarks/projects/fastjson/target/dependency/stax2-api-3.1.4.jar:/var/benchmarks/projects/fastjson/target/dependency/jackson-annotations-2.9.0.jar:/var/benchmarks/projects/fastjson/target/dependency/jetty-server-8.1.8.v20121106.jar:/var/benchmarks/projects/fastjson/target/dependency/json-simple-1.1.1.jar:/var/benchmarks/projects/fastjson/target/dependency/asm-tree-4.0.jar:/var/benchmarks/projects/fastjson/target/dependency/spring-data-commons-core-1.4.1.RELEASE.jar:/var/benchmarks/projects/fastjson/target/dependency/powermock-module-junit4-common-1.6.6.jar:/var/benchmarks/projects/fastjson/target/dependency/jcl-over-slf4j-1.7.25.jar:/var/benchmarks/projects/fastjson/target/dependency/javax.servlet-3.0.0.v201112011016.jar:/var/benchmarks/projects/fastjson/target/dependency/springfox-core-2.6.1.jar:/var/benchmarks/projects/fastjson/target/dependency/osgi-resource-locator-1.0.1.jar:/var/benchmarks/projects/fastjson/target/dependency/javassist-3.18.0-GA.jar:/var/benchmarks/projects/fastjson/target/dependency/kotlin-reflect-1.1.3-2.jar:/var/benchmarks/projects/fastjson/target/dependency/spring-context-support-4.3.10.RELEASE.jar:/var/benchmarks/projects/fastjson/target/dependency/spring-plugin-metadata-1.2.0.RELEASE.jar:/var/benchmarks/projects/fastjson/target/dependency/kotlin-stdlib-1.1.3-2.jar:/var/benchmarks/projects/fastjson/target/dependency/spring-data-keyvalue-1.2.6.RELEASE.jar:/var/benchmarks/projects/fastjson/target/dependency/jersey-container-servlet-core-2.23.2.jar:/var/benchmarks/projects/fastjson/target/dependency/asm-4.0.jar:/var/benchmarks/projects/fastjson/target/dependency/asm-commons-4.0.jar:/var/benchmarks/projects/fastjson/target/dependency/jersey-guava-2.23.2.jar:/var/benchmarks/projects/fastjson/target/dependency/aopalliance-1.0.jar:/var/benchmarks/projects/fastjson/target/dependency/groovy-2.1.5.jar:/var/benchmarks/projects/fastjson/target/dependency/hk2-api-2.5.0-b05.jar:/var/benchmarks/projects/fastjson/target/dependency/jetty-security-8.1.8.v20121106.jar:/var/benchmarks/projects/fastjson/target/dependency/jmh-core-1.21.jar:/var/benchmarks/projects/fastjson/target/dependency/jersey-container-servlet-2.23.2.jar:/var/benchmarks/projects/fastjson/target/dependency/dom4j-1.6.1.jar:/var/benchmarks/projects/fastjson/target/dependency/spring-core-4.3.7.RELEASE.jar:/var/benchmarks/projects/fastjson/target/dependency/spring-data-redis-1.8.6.RELEASE.jar:/var/benchmarks/projects/fastjson/target/dependency/jackson-core-asl-1.9.13.jar:/var/benchmarks/projects/fastjson/target/dependency/jackson-mapper-asl-1.9.13.jar:/var/benchmarks/projects/fastjson/target/dependency/hibernate-jpa-2.1-api-1.0.0.Final.jar:/var/benchmarks/projects/fastjson/target/dependency/junit-4.12.jar:/var/benchmarks/projects/fastjson/target/dependency/commons-io-1.4.jar:/var/benchmarks/projects/fastjson/target/dependency/jetty-util-8.1.8.v20121106.jar:/var/benchmarks/projects/fastjson/target/dependency/hamcrest-core-1.3.jar:/var/benchmarks/projects/fastjson/target/dependency/jmh-generator-annprocess-1.21.jar:/var/benchmarks/projects/fastjson/target/dependency/jackson-jaxrs-base-2.8.7.jar:/var/benchmarks/projects/fastjson/target/dependency/powermock-module-junit4-1.6.6.jar:/var/benchmarks/projects/fastjson/target/dependency/powermock-core-1.6.6.jar:/var/benchmarks/projects/fastjson/target/dependency/slf4j-api-1.7.25.jar:/var/benchmarks/projects/fastjson/target/dependency/antlr-2.7.7.jar:/var/benchmarks/projects/fastjson/target/dependency/mockito-all-1.10.19.jar:/var/benchmarks/projects/fastjson/target/dependency/jersey-container-jdk-http-2.23.2.jar:/var/benchmarks/projects/fastjson/target/dependency/javaslang-match-2.0.6.jar:/var/benchmarks/projects/fastjson/target/dependency/jersey-test-framework-provider-jdk-http-2.23.2.jar:/var/benchmarks/projects/fastjson/target/dependency/jersey-entity-filtering-2.23.2.jar:/var/benchmarks/projects/fastjson/target/dependency/jandex-2.0.3.Final.jar:/var/benchmarks/projects/fastjson/target/dependency/ezmorph-1.0.6.jar:/var/benchmarks/projects/fastjson/target/dependency/jackson-jaxrs-json-provider-2.8.7.jar:/var/benchmarks/projects/fastjson/target/dependency/cxf-rt-transports-http-3.1.2.jar:/var/benchmarks/projects/fastjson/target/dependency/spring-beans-4.3.7.RELEASE.jar:/var/benchmarks/projects/fastjson/target/dependency/jersey-server-2.23.2.jar:/var/benchmarks/projects/fastjson/target/dependency/powermock-api-mockito-1.6.6.jar:/var/benchmarks/projects/fastjson/target/dependency/jackson-module-jaxb-annotations-2.8.7.jar:/var/benchmarks/projects/fastjson/target/dependency/jopt-simple-4.6.jar:/var/benchmarks/projects/fastjson/target/dependency/asm-analysis-4.0.jar:/var/benchmarks/projects/fastjson/target/dependency/annotations-13.0.jar:/var/benchmarks/projects/fastjson/target/dependency/json-path-2.3.0.jar:/var/benchmarks/projects/fastjson/target/dependency/springfox-spi-2.6.1.jar:/var/benchmarks/projects/fastjson/target/dependency/spring-websocket-4.3.7.RELEASE.jar:/var/benchmarks/projects/fastjson/target/dependency/spring-messaging-4.3.7.RELEASE.jar:/var/benchmarks/projects/fastjson/target/dependency/jersey-client-2.23.2.jar:/var/benchmarks/projects/fastjson/target/dependency/javax.ws.rs-api-2.0.1.jar:/var/benchmarks/projects/fastjson/target/dependency/accessors-smart-1.1.jar:/var/benchmarks/projects/fastjson/target/dependency/hibernate-commons-annotations-5.0.1.Final.jar:/var/benchmarks/projects/fastjson/target/dependency/commons-logging-1.1.1.jar:/var/benchmarks/projects/fastjson/target/dependency/jackson-core-2.9.0.jar:/var/benchmarks/projects/fastjson/target/dependency/spring-expression-4.3.7.RELEASE.jar:/var/benchmarks/projects/fastjson/target/dependency/jersey-media-jaxb-2.23.2.jar:/var/benchmarks/projects/fastjson/target/dependency/okhttp-3.6.0.jar:/var/benchmarks/projects/fastjson/target/dependency/commons-math3-3.2.jar:/var/benchmarks/projects/fastjson/target/dependency/jetty-webapp-8.1.8.v20121106.jar:/var/benchmarks/projects/fastjson/target/dependency/javax.inject-2.5.0-b05.jar:/var/benchmarks/projects/fastjson/target/dependency/cxf-core-3.1.2.jar:/var/benchmarks/projects/fastjson/target/dependency/powermock-api-mockito-common-1.6.6.jar:/var/benchmarks/projects/fastjson/target/dependency/jetty-http-8.1.8.v20121106.jar:/var/benchmarks/projects/fastjson/target/dependency/spring-security-config-3.2.10.RELEASE.jar:/var/benchmarks/projects/fastjson/target/dependency/okio-1.11.0.jar:/var/benchmarks/projects/fastjson/target/dependency/javax.servlet-api-3.1.0.jar:/var/benchmarks/projects/fastjson/target/dependency/json-smart-2.2.1.jar:/var/benchmarks/projects/fastjson/target/dependency/spring-tx-4.3.10.RELEASE.jar:/var/benchmarks/projects/fastjson/target/dependency/jackson-module-afterburner-2.9.0.jar:/var/benchmarks/projects/fastjson/target/dependency/asm-util-4.0.jar:/var/benchmarks/projects/fastjson/target/dependency/spring-security-web-4.2.3.RELEASE.jar:/var/benchmarks/projects/fastjson/target/dependency/spring-webmvc-4.3.7.RELEASE.jar:/var/benchmarks/projects/fastjson/target/dependency/hk2-locator-2.5.0-b05.jar:/var/benchmarks/projects/fastjson/target/dependency/retrofit-2.1.0.jar:/var/benchmarks/projects/fastjson/target/dependency/clojure-1.5.1.jar:/var/benchmarks/projects/fastjson/target/dependency/spring-security-oauth2-2.3.3.RELEASE.jar:/var/benchmarks/projects/fastjson/target/dependency/spring-test-4.3.7.RELEASE.jar:/var/benchmarks/projects/fastjson/target/dependency/aopalliance-repackaged-2.5.0-b05.jar:/var/benchmarks/projects/fastjson/target/dependency/spring-oxm-4.3.10.RELEASE.jar:/var/benchmarks/projects/fastjson/target/dependency/spring-security-core-4.2.3.RELEASE.jar:/var/benchmarks/projects/fastjson/target/dependency/jboss-transaction-api_1.2_spec-1.0.1.Final.jar:/var/benchmarks/projects/fastjson/target/dependency/lombok-1.14.4.jar:/var/benchmarks/projects/fastjson/target/dependency/commons-collections-3.2.1.jar:/var/benchmarks/projects/fastjson/target/dependency/cxf-rt-frontend-jaxrs-3.1.2.jar:/var/benchmarks/projects/fastjson/target/dependency/spring-context-4.3.7.RELEASE.jar:/var/benchmarks/projects/fastjson/target/dependency/jersey-test-framework-core-2.23.2.jar:/var/benchmarks/projects/fastjson/target/dependency/classmate-1.3.1.jar:/var/benchmarks/projects/fastjson/target/dependency/hk2-utils-2.5.0-b05.jar:/var/benchmarks/projects/fastjson/target/dependency/jersey-common-2.23.2.jar:/var/benchmarks/projects/fastjson/target/dependency/jackson-databind-2.9.0.jar:/var/benchmarks/projects/fastjson/target/dependency/jersey-media-json-jackson-2.23.2.jar:/var/benchmarks/projects/fastjson/target/dependency/commons-lang-2.5.jar:/var/benchmarks/projects/fastjson/target/dependency/jetty-servlet-8.1.8.v20121106.jar:/var/benchmarks/projects/fastjson/target/dependency/validation-api-1.1.0.Final.jar:/var/benchmarks/projects/fastjson/target/dependency/spring-web-4.3.7.RELEASE.jar:/var/benchmarks/projects/fastjson/target/dependency/jsoniter-0.9.8.jar:/var/benchmarks/projects/fastjson/target/dependency/jboss-logging-3.3.0.Final.jar, outputDir=/home/utbot_mocks/temp/testcases, mocks=Other classes: Mockito
18:19:25.683 | INFO  | Started: warmup: kotlin reflection :: init
18:19:25.781 | INFO  | Finished (in 0.098 sec): warmup: kotlin reflection :: init 
[INIT]
>> [RUN] com.alibaba.fastjson.serializer.JSONSerializer 30
18:19:25.793 | DEBUG | -----------------------------------------------------------------------------
18:19:25.793 | INFO  | Contest.runGeneration: Time budget: 30000 ms, Generation timeout=25500 ms, classpath=/var/benchmarks/projects/fastjson/target/classes:/var/benchmarks/projects/fastjson/target/fastjson-1.2.50-SNAPSHOT.jar:/var/benchmarks/projects/./fastjson/target/dependency/deeptestutils-1.1.0.jar:/var/benchmarks/projects/fastjson/target/dependency/commons-beanutils-1.8.0.jar:/var/benchmarks/projects/fastjson/target/dependency/woodstox-core-asl-4.4.1.jar:/var/benchmarks/projects/fastjson/target/dependency/spring-aop-4.3.7.RELEASE.jar:/var/benchmarks/projects/fastjson/target/dependency/hibernate-core-5.2.10.Final.jar:/var/benchmarks/projects/fastjson/target/dependency/jackson-module-kotlin-2.9.0.jar:/var/benchmarks/projects/fastjson/target/dependency/spring-data-commons-1.13.6.RELEASE.jar:/var/benchmarks/projects/fastjson/target/dependency/javax.annotation-api-1.2.jar:/var/benchmarks/projects/fastjson/target/dependency/gson-2.6.2.jar:/var/benchmarks/projects/fastjson/target/dependency/jetty-continuation-8.1.8.v20121106.jar:/var/benchmarks/projects/fastjson/target/dependency/objenesis-2.5.1.jar:/var/benchmarks/projects/fastjson/target/dependency/powermock-reflect-1.6.6.jar:/var/benchmarks/projects/fastjson/target/dependency/springfox-spring-web-2.6.1.jar:/var/benchmarks/projects/fastjson/target/dependency/javaslang-2.0.6.jar:/var/benchmarks/projects/fastjson/target/dependency/guava-18.0.jar:/var/benchmarks/projects/fastjson/target/dependency/mockito-core-1.10.19.jar:/var/benchmarks/projects/fastjson/target/dependency/json-lib-2.4-jdk15.jar:/var/benchmarks/projects/fastjson/target/dependency/jetty-xml-8.1.8.v20121106.jar:/var/benchmarks/projects/fastjson/target/dependency/xmlschema-core-2.2.1.jar:/var/benchmarks/projects/fastjson/target/dependency/powermock-api-support-1.6.6.jar:/var/benchmarks/projects/fastjson/target/dependency/commons-collections4-4.1.jar:/var/benchmarks/projects/fastjson/target/dependency/cglib-nodep-2.2.2.jar:/var/benchmarks/projects/fastjson/target/dependency/asm-debug-all-5.0.4.jar:/var/benchmarks/projects/fastjson/target/dependency/spring-plugin-core-1.2.0.RELEASE.jar:/var/benchmarks/projects/fastjson/target/dependency/cxf-rt-rs-client-3.1.2.jar:/var/benchmarks/projects/fastjson/target/dependency/jetty-io-8.1.8.v20121106.jar:/var/benchmarks/projects/fastjson/target/dependency/commons-lang3-3.4.jar:/var/benchmarks/projects/fastjson/target/dependency/stax2-api-3.1.4.jar:/var/benchmarks/projects/fastjson/target/dependency/jackson-annotations-2.9.0.jar:/var/benchmarks/projects/fastjson/target/dependency/jetty-server-8.1.8.v20121106.jar:/var/benchmarks/projects/fastjson/target/dependency/json-simple-1.1.1.jar:/var/benchmarks/projects/fastjson/target/dependency/asm-tree-4.0.jar:/var/benchmarks/projects/fastjson/target/dependency/spring-data-commons-core-1.4.1.RELEASE.jar:/var/benchmarks/projects/fastjson/target/dependency/powermock-module-junit4-common-1.6.6.jar:/var/benchmarks/projects/fastjson/target/dependency/jcl-over-slf4j-1.7.25.jar:/var/benchmarks/projects/fastjson/target/dependency/javax.servlet-3.0.0.v201112011016.jar:/var/benchmarks/projects/fastjson/target/dependency/springfox-core-2.6.1.jar:/var/benchmarks/projects/fastjson/target/dependency/osgi-resource-locator-1.0.1.jar:/var/benchmarks/projects/fastjson/target/dependency/javassist-3.18.0-GA.jar:/var/benchmarks/projects/fastjson/target/dependency/kotlin-reflect-1.1.3-2.jar:/var/benchmarks/projects/fastjson/target/dependency/spring-context-support-4.3.10.RELEASE.jar:/var/benchmarks/projects/fastjson/target/dependency/spring-plugin-metadata-1.2.0.RELEASE.jar:/var/benchmarks/projects/fastjson/target/dependency/kotlin-stdlib-1.1.3-2.jar:/var/benchmarks/projects/fastjson/target/dependency/spring-data-keyvalue-1.2.6.RELEASE.jar:/var/benchmarks/projects/fastjson/target/dependency/jersey-container-servlet-core-2.23.2.jar:/var/benchmarks/projects/fastjson/target/dependency/asm-4.0.jar:/var/benchmarks/projects/fastjson/target/dependency/asm-commons-4.0.jar:/var/benchmarks/projects/fastjson/target/dependency/jersey-guava-2.23.2.jar:/var/benchmarks/projects/fastjson/target/dependency/aopalliance-1.0.jar:/var/benchmarks/projects/fastjson/target/dependency/groovy-2.1.5.jar:/var/benchmarks/projects/fastjson/target/dependency/hk2-api-2.5.0-b05.jar:/var/benchmarks/projects/fastjson/target/dependency/jetty-security-8.1.8.v20121106.jar:/var/benchmarks/projects/fastjson/target/dependency/jmh-core-1.21.jar:/var/benchmarks/projects/fastjson/target/dependency/jersey-container-servlet-2.23.2.jar:/var/benchmarks/projects/fastjson/target/dependency/dom4j-1.6.1.jar:/var/benchmarks/projects/fastjson/target/dependency/spring-core-4.3.7.RELEASE.jar:/var/benchmarks/projects/fastjson/target/dependency/spring-data-redis-1.8.6.RELEASE.jar:/var/benchmarks/projects/fastjson/target/dependency/jackson-core-asl-1.9.13.jar:/var/benchmarks/projects/fastjson/target/dependency/jackson-mapper-asl-1.9.13.jar:/var/benchmarks/projects/fastjson/target/dependency/hibernate-jpa-2.1-api-1.0.0.Final.jar:/var/benchmarks/projects/fastjson/target/dependency/junit-4.12.jar:/var/benchmarks/projects/fastjson/target/dependency/commons-io-1.4.jar:/var/benchmarks/projects/fastjson/target/dependency/jetty-util-8.1.8.v20121106.jar:/var/benchmarks/projects/fastjson/target/dependency/hamcrest-core-1.3.jar:/var/benchmarks/projects/fastjson/target/dependency/jmh-generator-annprocess-1.21.jar:/var/benchmarks/projects/fastjson/target/dependency/jackson-jaxrs-base-2.8.7.jar:/var/benchmarks/projects/fastjson/target/dependency/powermock-module-junit4-1.6.6.jar:/var/benchmarks/projects/fastjson/target/dependency/powermock-core-1.6.6.jar:/var/benchmarks/projects/fastjson/target/dependency/slf4j-api-1.7.25.jar:/var/benchmarks/projects/fastjson/target/dependency/antlr-2.7.7.jar:/var/benchmarks/projects/fastjson/target/dependency/mockito-all-1.10.19.jar:/var/benchmarks/projects/fastjson/target/dependency/jersey-container-jdk-http-2.23.2.jar:/var/benchmarks/projects/fastjson/target/dependency/javaslang-match-2.0.6.jar:/var/benchmarks/projects/fastjson/target/dependency/jersey-test-framework-provider-jdk-http-2.23.2.jar:/var/benchmarks/projects/fastjson/target/dependency/jersey-entity-filtering-2.23.2.jar:/var/benchmarks/projects/fastjson/target/dependency/jandex-2.0.3.Final.jar:/var/benchmarks/projects/fastjson/target/dependency/ezmorph-1.0.6.jar:/var/benchmarks/projects/fastjson/target/dependency/jackson-jaxrs-json-provider-2.8.7.jar:/var/benchmarks/projects/fastjson/target/dependency/cxf-rt-transports-http-3.1.2.jar:/var/benchmarks/projects/fastjson/target/dependency/spring-beans-4.3.7.RELEASE.jar:/var/benchmarks/projects/fastjson/target/dependency/jersey-server-2.23.2.jar:/var/benchmarks/projects/fastjson/target/dependency/powermock-api-mockito-1.6.6.jar:/var/benchmarks/projects/fastjson/target/dependency/jackson-module-jaxb-annotations-2.8.7.jar:/var/benchmarks/projects/fastjson/target/dependency/jopt-simple-4.6.jar:/var/benchmarks/projects/fastjson/target/dependency/asm-analysis-4.0.jar:/var/benchmarks/projects/fastjson/target/dependency/annotations-13.0.jar:/var/benchmarks/projects/fastjson/target/dependency/json-path-2.3.0.jar:/var/benchmarks/projects/fastjson/target/dependency/springfox-spi-2.6.1.jar:/var/benchmarks/projects/fastjson/target/dependency/spring-websocket-4.3.7.RELEASE.jar:/var/benchmarks/projects/fastjson/target/dependency/spring-messaging-4.3.7.RELEASE.jar:/var/benchmarks/projects/fastjson/target/dependency/jersey-client-2.23.2.jar:/var/benchmarks/projects/fastjson/target/dependency/javax.ws.rs-api-2.0.1.jar:/var/benchmarks/projects/fastjson/target/dependency/accessors-smart-1.1.jar:/var/benchmarks/projects/fastjson/target/dependency/hibernate-commons-annotations-5.0.1.Final.jar:/var/benchmarks/projects/fastjson/target/dependency/commons-logging-1.1.1.jar:/var/benchmarks/projects/fastjson/target/dependency/jackson-core-2.9.0.jar:/var/benchmarks/projects/fastjson/target/dependency/spring-expression-4.3.7.RELEASE.jar:/var/benchmarks/projects/fastjson/target/dependency/jersey-media-jaxb-2.23.2.jar:/var/benchmarks/projects/fastjson/target/dependency/okhttp-3.6.0.jar:/var/benchmarks/projects/fastjson/target/dependency/commons-math3-3.2.jar:/var/benchmarks/projects/fastjson/target/dependency/jetty-webapp-8.1.8.v20121106.jar:/var/benchmarks/projects/fastjson/target/dependency/javax.inject-2.5.0-b05.jar:/var/benchmarks/projects/fastjson/target/dependency/cxf-core-3.1.2.jar:/var/benchmarks/projects/fastjson/target/dependency/powermock-api-mockito-common-1.6.6.jar:/var/benchmarks/projects/fastjson/target/dependency/jetty-http-8.1.8.v20121106.jar:/var/benchmarks/projects/fastjson/target/dependency/spring-security-config-3.2.10.RELEASE.jar:/var/benchmarks/projects/fastjson/target/dependency/okio-1.11.0.jar:/var/benchmarks/projects/fastjson/target/dependency/javax.servlet-api-3.1.0.jar:/var/benchmarks/projects/fastjson/target/dependency/json-smart-2.2.1.jar:/var/benchmarks/projects/fastjson/target/dependency/spring-tx-4.3.10.RELEASE.jar:/var/benchmarks/projects/fastjson/target/dependency/jackson-module-afterburner-2.9.0.jar:/var/benchmarks/projects/fastjson/target/dependency/asm-util-4.0.jar:/var/benchmarks/projects/fastjson/target/dependency/spring-security-web-4.2.3.RELEASE.jar:/var/benchmarks/projects/fastjson/target/dependency/spring-webmvc-4.3.7.RELEASE.jar:/var/benchmarks/projects/fastjson/target/dependency/hk2-locator-2.5.0-b05.jar:/var/benchmarks/projects/fastjson/target/dependency/retrofit-2.1.0.jar:/var/benchmarks/projects/fastjson/target/dependency/clojure-1.5.1.jar:/var/benchmarks/projects/fastjson/target/dependency/spring-security-oauth2-2.3.3.RELEASE.jar:/var/benchmarks/projects/fastjson/target/dependency/spring-test-4.3.7.RELEASE.jar:/var/benchmarks/projects/fastjson/target/dependency/aopalliance-repackaged-2.5.0-b05.jar:/var/benchmarks/projects/fastjson/target/dependency/spring-oxm-4.3.10.RELEASE.jar:/var/benchmarks/projects/fastjson/target/dependency/spring-security-core-4.2.3.RELEASE.jar:/var/benchmarks/projects/fastjson/target/dependency/jboss-transaction-api_1.2_spec-1.0.1.Final.jar:/var/benchmarks/projects/fastjson/target/dependency/lombok-1.14.4.jar:/var/benchmarks/projects/fastjson/target/dependency/commons-collections-3.2.1.jar:/var/benchmarks/projects/fastjson/target/dependency/cxf-rt-frontend-jaxrs-3.1.2.jar:/var/benchmarks/projects/fastjson/target/dependency/spring-context-4.3.7.RELEASE.jar:/var/benchmarks/projects/fastjson/target/dependency/jersey-test-framework-core-2.23.2.jar:/var/benchmarks/projects/fastjson/target/dependency/classmate-1.3.1.jar:/var/benchmarks/projects/fastjson/target/dependency/hk2-utils-2.5.0-b05.jar:/var/benchmarks/projects/fastjson/target/dependency/jersey-common-2.23.2.jar:/var/benchmarks/projects/fastjson/target/dependency/jackson-databind-2.9.0.jar:/var/benchmarks/projects/fastjson/target/dependency/jersey-media-json-jackson-2.23.2.jar:/var/benchmarks/projects/fastjson/target/dependency/commons-lang-2.5.jar:/var/benchmarks/projects/fastjson/target/dependency/jetty-servlet-8.1.8.v20121106.jar:/var/benchmarks/projects/fastjson/target/dependency/validation-api-1.1.0.Final.jar:/var/benchmarks/projects/fastjson/target/dependency/spring-web-4.3.7.RELEASE.jar:/var/benchmarks/projects/fastjson/target/dependency/jsoniter-0.9.8.jar:/var/benchmarks/projects/fastjson/target/dependency/jboss-logging-3.3.0.Final.jar, methodNameFilter=null
18:19:25.798 | INFO  | ClassUnderTest[ FQN: com.alibaba.fastjson.serializer.JSONSerializer
    classfileDir: /var/benchmarks/projects/fastjson/target/classes
    testClassSimpleName: JSONSerializerTest
    generatedTestFile: /home/utbot_mocks/temp/testcases/com/alibaba/fastjson/serializer/JSONSerializerTest.java
    generatedTestsSourcesDir: /home/utbot_mocks/temp/testcases
]
18:19:25.830 | INFO  | Started: class com.alibaba.fastjson.serializer.JSONSerializer
18:19:25.831 | INFO  | Started: preparation class class com.alibaba.fastjson.serializer.JSONSerializer: kotlin reflection :: run
18:19:25.944 | INFO  | Finished (in 0.112 sec): preparation class class com.alibaba.fastjson.serializer.JSONSerializer: kotlin reflection :: run 
18:19:25.945 | INFO  | Started: 2nd optional soot initialization
18:19:25.947 | INFO  | Finished (in 0.001 sec): 2nd optional soot initialization 
18:19:25.957 | DEBUG |  ... 
18:19:25.966 | INFO  | Started: method com.alibaba.fastjson.serializer.JSONSerializer.toString()
18:19:25.967 | INFO  |  -- Remaining time budget: 25337 ms, #remaining_methods: 40, budget for method: 633 ms, solver timeout: 316 ms, budget for symbolic execution: 317 ms, budget for concrete execution: 316 ms,  -- 
18:19:26.283 | INFO  | |> Starting concrete execution for remaining state: com.alibaba.fastjson.serializer.JSONSerializer.toString()
18:19:26.600 | INFO  | (X) Cancelling concrete execution: com.alibaba.fastjson.serializer.JSONSerializer.toString()
18:19:26.603 | DEBUG |  ... 
18:19:26.604 | INFO  | Started: method com.alibaba.fastjson.serializer.JSONSerializer.popContext()
18:19:26.605 | INFO  |  -- Remaining time budget: 24693 ms, #remaining_methods: 39, budget for method: 633 ms, solver timeout: 316 ms, budget for symbolic execution: 317 ms, budget for concrete execution: 316 ms,  -- 
18:19:26.646 | INFO  | Finished (in 0.679 sec): method com.alibaba.fastjson.serializer.JSONSerializer.toString() 
<StatsForMethod> : SUSPICIOUS
	#generatedTC=0
	WITH NO EXCEPTIONS
18:19:26.921 | INFO  | |> Starting concrete execution for remaining state: com.alibaba.fastjson.serializer.JSONSerializer.popContext()
18:19:27.238 | INFO  | (X) Cancelling concrete execution: com.alibaba.fastjson.serializer.JSONSerializer.popContext()
18:19:27.240 | INFO  | Finished (in 0.635 sec): method com.alibaba.fastjson.serializer.JSONSerializer.popContext() 
<StatsForMethod> : SUSPICIOUS
	#generatedTC=0
	WITH NO EXCEPTIONS
18:19:27.240 | DEBUG |  ... 
18:19:27.243 | INFO  | Started: method com.alibaba.fastjson.serializer.JSONSerializer.checkValue(SerializeFilterable)
18:19:27.243 | INFO  |  -- Remaining time budget: 24056 ms, #remaining_methods: 38, budget for method: 633 ms, solver timeout: 316 ms, budget for symbolic execution: 317 ms, budget for concrete execution: 316 ms,  -- 
18:19:27.559 | INFO  | |> Starting concrete execution for remaining state: com.alibaba.fastjson.serializer.JSONSerializer.checkValue(SerializeFilterable)
18:19:27.875 | INFO  | (X) Cancelling concrete execution: com.alibaba.fastjson.serializer.JSONSerializer.checkValue(SerializeFilterable)
18:19:27.877 | INFO  | Finished (in 0.633 sec): method com.alibaba.fastjson.serializer.JSONSerializer.checkValue(SerializeFilterable) 
<StatsForMethod> : SUSPICIOUS
	#generatedTC=0
	WITH NO EXCEPTIONS
18:19:27.878 | DEBUG |  ... 
18:19:27.879 | INFO  | Started: method com.alibaba.fastjson.serializer.JSONSerializer.setContext(SerialContext, Object, Object, int)
18:19:27.879 | INFO  |  -- Remaining time budget: 23419 ms, #remaining_methods: 37, budget for method: 632 ms, solver timeout: 316 ms, budget for symbolic execution: 316 ms, budget for concrete execution: 316 ms,  -- 
18:19:28.195 | INFO  | |> Starting concrete execution for remaining state: com.alibaba.fastjson.serializer.JSONSerializer.setContext(SerialContext, Object, Object, int)
18:19:28.852 | INFO  | (X) Cancelling concrete execution: com.alibaba.fastjson.serializer.JSONSerializer.setContext(SerialContext, Object, Object, int)
18:19:28.854 | INFO  | Finished (in 0.975 sec): method com.alibaba.fastjson.serializer.JSONSerializer.setContext(SerialContext, Object, Object, int) 
<StatsForMethod> : SUSPICIOUS
	#generatedTC=0
	WITH NO EXCEPTIONS
18:19:28.855 | DEBUG |  ... 
18:19:28.855 | INFO  | Started: method com.alibaba.fastjson.serializer.JSONSerializer.setContext(SerialContext)
18:19:28.855 | INFO  |  -- Remaining time budget: 22442 ms, #remaining_methods: 36, budget for method: 623 ms, solver timeout: 311 ms, budget for symbolic execution: 312 ms, budget for concrete execution: 311 ms,  -- 
18:19:29.168 | INFO  | |> Starting concrete execution for remaining state: com.alibaba.fastjson.serializer.JSONSerializer.setContext(SerialContext)
18:19:29.480 | INFO  | (X) Cancelling concrete execution: com.alibaba.fastjson.serializer.JSONSerializer.setContext(SerialContext)
18:19:29.481 | INFO  | Finished (in 0.626 sec): method com.alibaba.fastjson.serializer.JSONSerializer.setContext(SerialContext) 
<StatsForMethod> : SUSPICIOUS
	#generatedTC=0
	WITH NO EXCEPTIONS
18:19:29.482 | DEBUG |  ... 
18:19:29.482 | INFO  | Started: method com.alibaba.fastjson.serializer.JSONSerializer.setContext(SerialContext, Object, Object, int, int)
18:19:29.483 | INFO  |  -- Remaining time budget: 21815 ms, #remaining_methods: 35, budget for method: 623 ms, solver timeout: 311 ms, budget for symbolic execution: 312 ms, budget for concrete execution: 311 ms,  -- 
18:19:29.797 | INFO  | |> Starting concrete execution for remaining state: com.alibaba.fastjson.serializer.JSONSerializer.setContext(SerialContext, Object, Object, int, int)
18:19:30.109 | INFO  | (X) Cancelling concrete execution: com.alibaba.fastjson.serializer.JSONSerializer.setContext(SerialContext, Object, Object, int, int)
18:19:30.110 | INFO  | Finished (in 0.628 sec): method com.alibaba.fastjson.serializer.JSONSerializer.setContext(SerialContext, Object, Object, int, int) 
<StatsForMethod> : SUSPICIOUS
	#generatedTC=0
	WITH NO EXCEPTIONS
18:19:30.111 | DEBUG |  ... 
18:19:30.112 | INFO  | Started: method com.alibaba.fastjson.serializer.JSONSerializer.setContext(Object, Object)
18:19:30.112 | INFO  |  -- Remaining time budget: 21186 ms, #remaining_methods: 34, budget for method: 623 ms, solver timeout: 311 ms, budget for symbolic execution: 312 ms, budget for concrete execution: 311 ms,  -- 
18:19:30.424 | INFO  | |> Starting concrete execution for remaining state: com.alibaba.fastjson.serializer.JSONSerializer.setContext(Object, Object)
18:19:30.736 | INFO  | (X) Cancelling concrete execution: com.alibaba.fastjson.serializer.JSONSerializer.setContext(Object, Object)
18:19:30.737 | INFO  | Finished (in 0.625 sec): method com.alibaba.fastjson.serializer.JSONSerializer.setContext(Object, Object) 
<StatsForMethod> : SUSPICIOUS
	#generatedTC=0
	WITH NO EXCEPTIONS
18:19:30.737 | DEBUG |  ... 
18:19:30.738 | INFO  | Started: method com.alibaba.fastjson.serializer.JSONSerializer.println()
18:19:30.738 | INFO  |  -- Remaining time budget: 20559 ms, #remaining_methods: 33, budget for method: 623 ms, solver timeout: 311 ms, budget for symbolic execution: 312 ms, budget for concrete execution: 311 ms,  -- 
18:19:31.050 | INFO  | |> Starting concrete execution for remaining state: com.alibaba.fastjson.serializer.JSONSerializer.println()
18:19:31.299 | DEBUG | --new testCase collected, to generate: testCom.alibaba.fastjson.serializer.JSONSerializer.println()1
18:19:31.363 | INFO  | (X) Cancelling concrete execution: com.alibaba.fastjson.serializer.JSONSerializer.println()
18:19:31.391 | INFO  | Finished (in 0.653 sec): method com.alibaba.fastjson.serializer.JSONSerializer.println() 
<StatsForMethod> :
	#generatedTC=1
	WITH NO EXCEPTIONS
18:19:31.392 | DEBUG |  ... 
18:19:31.393 | INFO  | Started: method com.alibaba.fastjson.serializer.JSONSerializer.write(Object)
18:19:31.393 | INFO  |  -- Remaining time budget: 19904 ms, #remaining_methods: 32, budget for method: 622 ms, solver timeout: 311 ms, budget for symbolic execution: 311 ms, budget for concrete execution: 311 ms,  -- 
18:19:31.704 | INFO  | |> Starting concrete execution for remaining state: com.alibaba.fastjson.serializer.JSONSerializer.write(Object)
18:19:32.016 | INFO  | (X) Cancelling concrete execution: com.alibaba.fastjson.serializer.JSONSerializer.write(Object)
18:19:32.017 | INFO  | Finished (in 0.624 sec): method com.alibaba.fastjson.serializer.JSONSerializer.write(Object) 
<StatsForMethod> : SUSPICIOUS
	#generatedTC=0
	WITH NO EXCEPTIONS
18:19:32.017 | DEBUG |  ... 
18:19:32.018 | INFO  | Started: method com.alibaba.fastjson.serializer.JSONSerializer.write(String)
18:19:32.018 | INFO  |  -- Remaining time budget: 19279 ms, #remaining_methods: 31, budget for method: 621 ms, solver timeout: 310 ms, budget for symbolic execution: 311 ms, budget for concrete execution: 310 ms,  -- 
18:19:32.329 | INFO  | |> Starting concrete execution for remaining state: com.alibaba.fastjson.serializer.JSONSerializer.write(String)
18:19:32.464 | DEBUG | --new testCase collected, to generate: testCom.alibaba.fastjson.serializer.JSONSerializer.write(String)1
18:19:32.640 | INFO  | (X) Cancelling concrete execution: com.alibaba.fastjson.serializer.JSONSerializer.write(String)
18:19:32.650 | INFO  | Finished (in 0.632 sec): method com.alibaba.fastjson.serializer.JSONSerializer.write(String) 
<StatsForMethod> :
	#generatedTC=1
	WITH NO EXCEPTIONS
18:19:32.657 | DEBUG |  ... 
18:19:32.657 | INFO  | Started: method com.alibaba.fastjson.serializer.JSONSerializer.getContext()
18:19:32.657 | INFO  |  -- Remaining time budget: 18640 ms, #remaining_methods: 30, budget for method: 621 ms, solver timeout: 310 ms, budget for symbolic execution: 311 ms, budget for concrete execution: 310 ms,  -- 
18:19:32.969 | INFO  | |> Starting concrete execution for remaining state: com.alibaba.fastjson.serializer.JSONSerializer.getContext()
18:19:33.150 | DEBUG | --new testCase collected, to generate: testCom.alibaba.fastjson.serializer.JSONSerializer.getContext()1
18:19:33.203 | DEBUG | --new testCase collected, to generate: testCom.alibaba.fastjson.serializer.JSONSerializer.getContext()2
18:19:33.204 | INFO  | Finished (in 0.546 sec): method com.alibaba.fastjson.serializer.JSONSerializer.getContext() 
<StatsForMethod> :
	#generatedTC=2
	WITH NO EXCEPTIONS
18:19:33.205 | DEBUG |  ... 
18:19:33.205 | INFO  | Started: method com.alibaba.fastjson.serializer.JSONSerializer.close()
18:19:33.205 | INFO  |  -- Remaining time budget: 18092 ms, #remaining_methods: 29, budget for method: 623 ms, solver timeout: 311 ms, budget for symbolic execution: 312 ms, budget for concrete execution: 311 ms,  -- 
18:19:33.517 | INFO  | |> Starting concrete execution for remaining state: com.alibaba.fastjson.serializer.JSONSerializer.close()
18:19:33.757 | DEBUG | --new testCase collected, to generate: testCom.alibaba.fastjson.serializer.JSONSerializer.close()1
18:19:33.798 | DEBUG | --new testCase collected, to generate: testCom.alibaba.fastjson.serializer.JSONSerializer.close()2
18:19:33.798 | INFO  | Finished (in 0.593 sec): method com.alibaba.fastjson.serializer.JSONSerializer.close() 
<StatsForMethod> :
	#generatedTC=2
	WITH NO EXCEPTIONS
18:19:33.799 | DEBUG |  ... 
18:19:33.799 | INFO  | Started: method com.alibaba.fastjson.serializer.JSONSerializer.isEnabled(SerializerFeature)
18:19:33.799 | INFO  |  -- Remaining time budget: 17498 ms, #remaining_methods: 28, budget for method: 624 ms, solver timeout: 312 ms, budget for symbolic execution: 312 ms, budget for concrete execution: 312 ms,  -- 
18:19:33.809 | ERROR | Symbolic execution FAILED
com.huawei.utbot.instrumentation.util.ChildProcessError: Error in the child process |> java.lang.IllegalAccessException: Class com.huawei.utbot.framework.concrete.MockValueConstructor can not access a member of class com.alibaba.fastjson.serializer.SerializerFeature with modifiers "private"
	at sun.reflect.Reflection.ensureMemberAccess(Reflection.java:102)
	at java.lang.reflect.AccessibleObject.slowCheckMemberAccess(AccessibleObject.java:296)
	at java.lang.reflect.AccessibleObject.checkAccess(AccessibleObject.java:288)
	at java.lang.reflect.Constructor.newInstance(Constructor.java:413)
	at com.huawei.utbot.framework.concrete.MockValueConstructor.call(MockValueConstructor.kt:414)
	at com.huawei.utbot.framework.concrete.MockValueConstructor.updateWithExecutableCallModel(MockValueConstructor.kt:353)
	at com.huawei.utbot.framework.concrete.MockValueConstructor.constructFromAssembleModel(MockValueConstructor.kt:332)
	at com.huawei.utbot.framework.concrete.MockValueConstructor.construct(MockValueConstructor.kt:126)
	at com.huawei.utbot.framework.concrete.MockValueConstructor.constructMethodParameters(MockValueConstructor.kt:101)
	at com.huawei.utbot.framework.concrete.UtExecutionInstrumentation.invoke(UtExecutionInstrumentation.kt:126)
	at com.huawei.utbot.framework.concrete.UtExecutionInstrumentation.invoke(UtExecutionInstrumentation.kt:96)
	at com.huawei.utbot.instrumentation.process.ChildProcessKt.loop(ChildProcess.kt:114)
	at com.huawei.utbot.instrumentation.process.ChildProcessKt.main(ChildProcess.kt:76)
	at com.huawei.utbot.instrumentation.process.ChildProcessKt.main(ChildProcess.kt)

	at com.huawei.utbot.instrumentation.ConcreteExecutor.executeAsync(ConcreteExecutor.kt:391) ~[utbot-junit-contest-1.0.jar:?]
	at com.huawei.utbot.instrumentation.ConcreteExecutor$executeAsync$1.invokeSuspend(ConcreteExecutor.kt) ~[utbot-junit-contest-1.0.jar:?]
	at kotlin.coroutines.jvm.internal.BaseContinuationImpl.resumeWith(ContinuationImpl.kt:33) [utbot-junit-contest-1.0.jar:?]
	at kotlinx.coroutines.DispatchedTask.run(DispatchedTask.kt:106) [utbot-junit-contest-1.0.jar:?]
	at java.util.concurrent.Executors$RunnableAdapter.call(Executors.java:511) [?:1.8.0_312]
	at java.util.concurrent.FutureTask.run(FutureTask.java:266) [?:1.8.0_312]
	at java.util.concurrent.ScheduledThreadPoolExecutor$ScheduledFutureTask.access$201(ScheduledThreadPoolExecutor.java:180) [?:1.8.0_312]
	at java.util.concurrent.ScheduledThreadPoolExecutor$ScheduledFutureTask.run(ScheduledThreadPoolExecutor.java:293) [?:1.8.0_312]
	at java.util.concurrent.ThreadPoolExecutor.runWorker(ThreadPoolExecutor.java:1149) [?:1.8.0_312]
	at java.util.concurrent.ThreadPoolExecutor$Worker.run(ThreadPoolExecutor.java:624) [?:1.8.0_312]
	at java.lang.Thread.run(Thread.java:748) [?:1.8.0_312]
18:19:33.852 | DEBUG | --new testCase collected, to generate: testCom.alibaba.fastjson.serializer.JSONSerializer.isEnabled(SerializerFeature)1
18:19:33.853 | INFO  | Finished (in 0.053 sec): method com.alibaba.fastjson.serializer.JSONSerializer.isEnabled(SerializerFeature) 
<StatsForMethod> :
	#generatedTC=1
	FAILED 1 time(s) with 1 different exception(s)"
18:19:33.853 | DEBUG |  ... 
18:19:33.854 | INFO  | Started: method com.alibaba.fastjson.serializer.JSONSerializer.config(SerializerFeature, boolean)
18:19:33.854 | INFO  |  -- Remaining time budget: 17443 ms, #remaining_methods: 27, budget for method: 646 ms, solver timeout: 323 ms, budget for symbolic execution: 323 ms, budget for concrete execution: 323 ms,  -- 
18:19:33.857 | ERROR | Symbolic execution FAILED
com.huawei.utbot.instrumentation.util.ChildProcessError: Error in the child process |> java.lang.IllegalAccessException: Class com.huawei.utbot.framework.concrete.MockValueConstructor can not access a member of class com.alibaba.fastjson.serializer.SerializerFeature with modifiers "private"
	at sun.reflect.Reflection.ensureMemberAccess(Reflection.java:102)
	at java.lang.reflect.AccessibleObject.slowCheckMemberAccess(AccessibleObject.java:296)
	at java.lang.reflect.AccessibleObject.checkAccess(AccessibleObject.java:288)
	at java.lang.reflect.Constructor.newInstance(Constructor.java:413)
	at com.huawei.utbot.framework.concrete.MockValueConstructor.call(MockValueConstructor.kt:414)
	at com.huawei.utbot.framework.concrete.MockValueConstructor.updateWithExecutableCallModel(MockValueConstructor.kt:353)
	at com.huawei.utbot.framework.concrete.MockValueConstructor.constructFromAssembleModel(MockValueConstructor.kt:332)
	at com.huawei.utbot.framework.concrete.MockValueConstructor.construct(MockValueConstructor.kt:126)
	at com.huawei.utbot.framework.concrete.MockValueConstructor.constructMethodParameters(MockValueConstructor.kt:101)
	at com.huawei.utbot.framework.concrete.UtExecutionInstrumentation.invoke(UtExecutionInstrumentation.kt:126)
	at com.huawei.utbot.framework.concrete.UtExecutionInstrumentation.invoke(UtExecutionInstrumentation.kt:96)
	at com.huawei.utbot.instrumentation.process.ChildProcessKt.loop(ChildProcess.kt:114)
	at com.huawei.utbot.instrumentation.process.ChildProcessKt.main(ChildProcess.kt:76)
	at com.huawei.utbot.instrumentation.process.ChildProcessKt.main(ChildProcess.kt)

	at com.huawei.utbot.instrumentation.ConcreteExecutor.executeAsync(ConcreteExecutor.kt:391) ~[utbot-junit-contest-1.0.jar:?]
	at com.huawei.utbot.instrumentation.ConcreteExecutor$executeAsync$1.invokeSuspend(ConcreteExecutor.kt) ~[utbot-junit-contest-1.0.jar:?]
	at kotlin.coroutines.jvm.internal.BaseContinuationImpl.resumeWith(ContinuationImpl.kt:33) [utbot-junit-contest-1.0.jar:?]
	at kotlinx.coroutines.DispatchedTask.run(DispatchedTask.kt:106) [utbot-junit-contest-1.0.jar:?]
	at java.util.concurrent.Executors$RunnableAdapter.call(Executors.java:511) [?:1.8.0_312]
	at java.util.concurrent.FutureTask.run(FutureTask.java:266) [?:1.8.0_312]
	at java.util.concurrent.ScheduledThreadPoolExecutor$ScheduledFutureTask.access$201(ScheduledThreadPoolExecutor.java:180) [?:1.8.0_312]
	at java.util.concurrent.ScheduledThreadPoolExecutor$ScheduledFutureTask.run(ScheduledThreadPoolExecutor.java:293) [?:1.8.0_312]
	at java.util.concurrent.ThreadPoolExecutor.runWorker(ThreadPoolExecutor.java:1149) [?:1.8.0_312]
	at java.util.concurrent.ThreadPoolExecutor$Worker.run(ThreadPoolExecutor.java:624) [?:1.8.0_312]
	at java.lang.Thread.run(Thread.java:748) [?:1.8.0_312]
18:19:33.896 | DEBUG | --new testCase collected, to generate: testCom.alibaba.fastjson.serializer.JSONSerializer.config(SerializerFeature, boolean)1
18:19:33.896 | INFO  | Finished (in 0.042 sec): method com.alibaba.fastjson.serializer.JSONSerializer.config(SerializerFeature, boolean) 
<StatsForMethod> :
	#generatedTC=1
	FAILED 1 time(s) with 1 different exception(s)"
18:19:33.897 | DEBUG |  ... 
18:19:33.898 | INFO  | Started: method com.alibaba.fastjson.serializer.JSONSerializer.getMapping()
18:19:33.898 | INFO  |  -- Remaining time budget: 17400 ms, #remaining_methods: 26, budget for method: 669 ms, solver timeout: 334 ms, budget for symbolic execution: 335 ms, budget for concrete execution: 334 ms,  -- 
18:19:34.233 | INFO  | |> Starting concrete execution for remaining state: com.alibaba.fastjson.serializer.JSONSerializer.getMapping()
18:19:34.276 | DEBUG | --new testCase collected, to generate: testCom.alibaba.fastjson.serializer.JSONSerializer.getMapping()1
18:19:34.316 | DEBUG | --new testCase collected, to generate: testCom.alibaba.fastjson.serializer.JSONSerializer.getMapping()2
18:19:34.317 | INFO  | Finished (in 0.419 sec): method com.alibaba.fastjson.serializer.JSONSerializer.getMapping() 
<StatsForMethod> :
	#generatedTC=2
	WITH NO EXCEPTIONS
18:19:34.318 | DEBUG |  ... 
18:19:34.318 | INFO  | Started: method com.alibaba.fastjson.serializer.JSONSerializer.setDateFormat(DateFormat)
18:19:34.318 | INFO  |  -- Remaining time budget: 16979 ms, #remaining_methods: 25, budget for method: 679 ms, solver timeout: 339 ms, budget for symbolic execution: 340 ms, budget for concrete execution: 339 ms,  -- 
18:19:34.571 | DEBUG | --new testCase collected, to generate: testCom.alibaba.fastjson.serializer.JSONSerializer.setDateFormat(DateFormat)1
18:19:34.610 | DEBUG | --new testCase collected, to generate: testCom.alibaba.fastjson.serializer.JSONSerializer.setDateFormat(DateFormat)2
18:19:34.636 | DEBUG | --new testCase collected, to generate: testCom.alibaba.fastjson.serializer.JSONSerializer.setDateFormat(DateFormat)3
18:19:34.637 | INFO  | Finished (in 0.319 sec): method com.alibaba.fastjson.serializer.JSONSerializer.setDateFormat(DateFormat) 
<StatsForMethod> :
	#generatedTC=3
	WITH NO EXCEPTIONS
18:19:34.638 | DEBUG |  ... 
18:19:34.638 | INFO  | Started: method com.alibaba.fastjson.serializer.JSONSerializer.setDateFormat(String)
18:19:34.639 | INFO  |  -- Remaining time budget: 16659 ms, #remaining_methods: 24, budget for method: 694 ms, solver timeout: 347 ms, budget for symbolic execution: 347 ms, budget for concrete execution: 347 ms,  -- 
18:19:34.885 | DEBUG | --new testCase collected, to generate: testCom.alibaba.fastjson.serializer.JSONSerializer.setDateFormat(String)1
18:19:34.928 | DEBUG | --new testCase collected, to generate: testCom.alibaba.fastjson.serializer.JSONSerializer.setDateFormat(String)2
18:19:34.958 | DEBUG | --new testCase collected, to generate: testCom.alibaba.fastjson.serializer.JSONSerializer.setDateFormat(String)3
18:19:34.958 | INFO  | Finished (in 0.320 sec): method com.alibaba.fastjson.serializer.JSONSerializer.setDateFormat(String) 
<StatsForMethod> :
	#generatedTC=3
	WITH NO EXCEPTIONS
18:19:34.959 | DEBUG |  ... 
18:19:34.960 | INFO  | Started: method com.alibaba.fastjson.serializer.JSONSerializer.getDateFormat()
18:19:34.960 | INFO  |  -- Remaining time budget: 16337 ms, #remaining_methods: 23, budget for method: 710 ms, solver timeout: 355 ms, budget for symbolic execution: 355 ms, budget for concrete execution: 355 ms,  -- 
18:19:35.274 | DEBUG | --new testCase collected, to generate: testCom.alibaba.fastjson.serializer.JSONSerializer.getDateFormat()1
18:19:35.315 | INFO  | |> Starting concrete execution for remaining state: com.alibaba.fastjson.serializer.JSONSerializer.getDateFormat()
18:19:35.340 | DEBUG | --new testCase collected, to generate: testCom.alibaba.fastjson.serializer.JSONSerializer.getDateFormat()2
18:19:35.382 | DEBUG | --new testCase collected, to generate: testCom.alibaba.fastjson.serializer.JSONSerializer.getDateFormat()3
18:19:35.532 | DEBUG | --new testCase collected, to generate: testCom.alibaba.fastjson.serializer.JSONSerializer.getDateFormat()4
18:19:35.671 | INFO  | (X) Cancelling concrete execution: com.alibaba.fastjson.serializer.JSONSerializer.getDateFormat()
18:19:35.674 | INFO  | Finished (in 0.714 sec): method com.alibaba.fastjson.serializer.JSONSerializer.getDateFormat() 
<StatsForMethod> :
	#generatedTC=4
	WITH NO EXCEPTIONS
18:19:35.684 | DEBUG |  ... 
18:19:35.685 | INFO  | Started: method com.alibaba.fastjson.serializer.JSONSerializer.writeWithFieldName(Object, Object)
18:19:35.685 | INFO  |  -- Remaining time budget: 15612 ms, #remaining_methods: 22, budget for method: 709 ms, solver timeout: 354 ms, budget for symbolic execution: 355 ms, budget for concrete execution: 354 ms,  -- 
18:19:36.041 | INFO  | |> Starting concrete execution for remaining state: com.alibaba.fastjson.serializer.JSONSerializer.writeWithFieldName(Object, Object)
18:19:36.141 | DEBUG | --new testCase collected, to generate: testCom.alibaba.fastjson.serializer.JSONSerializer.writeWithFieldName(Object, Object)1
18:19:36.395 | INFO  | (X) Cancelling concrete execution: com.alibaba.fastjson.serializer.JSONSerializer.writeWithFieldName(Object, Object)
18:19:36.662 | INFO  | Finished (in 0.977 sec): method com.alibaba.fastjson.serializer.JSONSerializer.writeWithFieldName(Object, Object) 
<StatsForMethod> :
	#generatedTC=1
	WITH NO EXCEPTIONS
18:19:36.664 | DEBUG |  ... 
18:19:36.665 | INFO  | Started: method com.alibaba.fastjson.serializer.JSONSerializer.writeWithFieldName(Object, Object, Type, int)
18:19:36.665 | INFO  |  -- Remaining time budget: 14632 ms, #remaining_methods: 21, budget for method: 696 ms, solver timeout: 348 ms, budget for symbolic execution: 348 ms, budget for concrete execution: 348 ms,  -- 
18:19:36.965 | DEBUG | --new testCase collected, to generate: testCom.alibaba.fastjson.serializer.JSONSerializer.writeWithFieldName(Object, Object, Type, int)1
18:19:37.014 | INFO  | |> Starting concrete execution for remaining state: com.alibaba.fastjson.serializer.JSONSerializer.writeWithFieldName(Object, Object, Type, int)
18:19:37.363 | INFO  | (X) Cancelling concrete execution: com.alibaba.fastjson.serializer.JSONSerializer.writeWithFieldName(Object, Object, Type, int)
18:19:37.691 | INFO  | Finished (in 1.026 sec): method com.alibaba.fastjson.serializer.JSONSerializer.writeWithFieldName(Object, Object, Type, int) 
<StatsForMethod> :
	#generatedTC=1
	WITH NO EXCEPTIONS
18:19:37.693 | DEBUG |  ... 
18:19:37.693 | INFO  | Started: method com.alibaba.fastjson.serializer.JSONSerializer.hasNameFilters(SerializeFilterable)
18:19:37.694 | INFO  |  -- Remaining time budget: 13604 ms, #remaining_methods: 20, budget for method: 680 ms, solver timeout: 340 ms, budget for symbolic execution: 340 ms, budget for concrete execution: 340 ms,  -- 
18:19:37.965 | DEBUG | --new testCase collected, to generate: testCom.alibaba.fastjson.serializer.JSONSerializer.hasNameFilters(SerializeFilterable)1
18:19:38.034 | INFO  | |> Starting concrete execution for remaining state: com.alibaba.fastjson.serializer.JSONSerializer.hasNameFilters(SerializeFilterable)
18:19:38.047 | DEBUG | --new testCase collected, to generate: testCom.alibaba.fastjson.serializer.JSONSerializer.hasNameFilters(SerializeFilterable)2
18:19:38.054 | DEBUG | --new testCase collected, to generate: testCom.alibaba.fastjson.serializer.JSONSerializer.hasNameFilters(SerializeFilterable)3
18:19:38.374 | INFO  | (X) Cancelling concrete execution: com.alibaba.fastjson.serializer.JSONSerializer.hasNameFilters(SerializeFilterable)
18:19:38.443 | INFO  | Finished (in 0.749 sec): method com.alibaba.fastjson.serializer.JSONSerializer.hasNameFilters(SerializeFilterable) 
<StatsForMethod> :
	#generatedTC=3
	WITH NO EXCEPTIONS
18:19:38.445 | DEBUG |  ... 
18:19:38.445 | INFO  | Started: method com.alibaba.fastjson.serializer.JSONSerializer.getIndentCount()
18:19:38.446 | INFO  |  -- Remaining time budget: 12852 ms, #remaining_methods: 19, budget for method: 676 ms, solver timeout: 338 ms, budget for symbolic execution: 338 ms, budget for concrete execution: 338 ms,  -- 
18:19:38.719 | DEBUG | --new testCase collected, to generate: testCom.alibaba.fastjson.serializer.JSONSerializer.getIndentCount()1
18:19:38.747 | DEBUG | --new testCase collected, to generate: testCom.alibaba.fastjson.serializer.JSONSerializer.getIndentCount()2
18:19:38.747 | INFO  | Finished (in 0.302 sec): method com.alibaba.fastjson.serializer.JSONSerializer.getIndentCount() 
<StatsForMethod> :
	#generatedTC=2
	WITH NO EXCEPTIONS
18:19:38.748 | DEBUG |  ... 
18:19:38.748 | INFO  | Started: method com.alibaba.fastjson.serializer.JSONSerializer.incrementIndent()
18:19:38.748 | INFO  |  -- Remaining time budget: 12549 ms, #remaining_methods: 18, budget for method: 697 ms, solver timeout: 348 ms, budget for symbolic execution: 349 ms, budget for concrete execution: 348 ms,  -- 
18:19:39.037 | DEBUG | --new testCase collected, to generate: testCom.alibaba.fastjson.serializer.JSONSerializer.incrementIndent()1
18:19:39.065 | DEBUG | --new testCase collected, to generate: testCom.alibaba.fastjson.serializer.JSONSerializer.incrementIndent()2
18:19:39.065 | INFO  | Finished (in 0.317 sec): method com.alibaba.fastjson.serializer.JSONSerializer.incrementIndent() 
<StatsForMethod> :
	#generatedTC=2
	WITH NO EXCEPTIONS
18:19:39.066 | DEBUG |  ... 
18:19:39.066 | INFO  | Started: method com.alibaba.fastjson.serializer.JSONSerializer.decrementIdent()
18:19:39.067 | INFO  |  -- Remaining time budget: 12231 ms, #remaining_methods: 17, budget for method: 719 ms, solver timeout: 359 ms, budget for symbolic execution: 360 ms, budget for concrete execution: 359 ms,  -- 
18:19:39.309 | DEBUG | --new testCase collected, to generate: testCom.alibaba.fastjson.serializer.JSONSerializer.decrementIdent()1
18:19:39.335 | DEBUG | --new testCase collected, to generate: testCom.alibaba.fastjson.serializer.JSONSerializer.decrementIdent()2
18:19:39.335 | INFO  | Finished (in 0.269 sec): method com.alibaba.fastjson.serializer.JSONSerializer.decrementIdent() 
<StatsForMethod> :
	#generatedTC=2
	WITH NO EXCEPTIONS
18:19:39.336 | DEBUG |  ... 
18:19:39.336 | INFO  | Started: method com.alibaba.fastjson.serializer.JSONSerializer.getWriter()
18:19:39.336 | INFO  |  -- Remaining time budget: 11961 ms, #remaining_methods: 16, budget for method: 747 ms, solver timeout: 373 ms, budget for symbolic execution: 374 ms, budget for concrete execution: 373 ms,  -- 
18:19:39.711 | INFO  | |> Starting concrete execution for remaining state: com.alibaba.fastjson.serializer.JSONSerializer.getWriter()
18:19:39.787 | DEBUG | --new testCase collected, to generate: testCom.alibaba.fastjson.serializer.JSONSerializer.getWriter()1
18:19:39.814 | DEBUG | --new testCase collected, to generate: testCom.alibaba.fastjson.serializer.JSONSerializer.getWriter()2
18:19:39.815 | INFO  | Finished (in 0.478 sec): method com.alibaba.fastjson.serializer.JSONSerializer.getWriter() 
<StatsForMethod> :
	#generatedTC=2
	WITH NO EXCEPTIONS
18:19:39.815 | DEBUG |  ... 
18:19:39.816 | INFO  | Started: method com.alibaba.fastjson.serializer.JSONSerializer.writeNull()
18:19:39.816 | INFO  |  -- Remaining time budget: 11481 ms, #remaining_methods: 15, budget for method: 765 ms, solver timeout: 382 ms, budget for symbolic execution: 383 ms, budget for concrete execution: 382 ms,  -- 
18:19:40.153 | DEBUG | --new testCase collected, to generate: testCom.alibaba.fastjson.serializer.JSONSerializer.writeNull()1
18:19:40.181 | DEBUG | --new testCase collected, to generate: testCom.alibaba.fastjson.serializer.JSONSerializer.writeNull()2
18:19:40.181 | INFO  | Finished (in 0.365 sec): method com.alibaba.fastjson.serializer.JSONSerializer.writeNull() 
<StatsForMethod> :
	#generatedTC=2
	WITH NO EXCEPTIONS
18:19:40.182 | DEBUG |  ... 
18:19:40.182 | INFO  | Started: method com.alibaba.fastjson.serializer.JSONSerializer.writeKeyValue(char, String, Object)
18:19:40.183 | INFO  |  -- Remaining time budget: 11115 ms, #remaining_methods: 14, budget for method: 793 ms, solver timeout: 396 ms, budget for symbolic execution: 397 ms, budget for concrete execution: 396 ms,  -- 
18:19:40.435 | DEBUG | --new testCase collected, to generate: testCom.alibaba.fastjson.serializer.JSONSerializer.writeKeyValue(char, String, Object)1
18:19:40.580 | INFO  | |> Starting concrete execution for remaining state: com.alibaba.fastjson.serializer.JSONSerializer.writeKeyValue(char, String, Object)
18:19:40.976 | INFO  | (X) Cancelling concrete execution: com.alibaba.fastjson.serializer.JSONSerializer.writeKeyValue(char, String, Object)
18:19:41.051 | INFO  | Finished (in 0.869 sec): method com.alibaba.fastjson.serializer.JSONSerializer.writeKeyValue(char, String, Object) 
<StatsForMethod> :
	#generatedTC=1
	WITH NO EXCEPTIONS
18:19:41.053 | DEBUG |  ... 
18:19:41.053 | INFO  | Started: method com.alibaba.fastjson.serializer.JSONSerializer.writeWithFormat(Object, String)
18:19:41.054 | INFO  |  -- Remaining time budget: 10244 ms, #remaining_methods: 13, budget for method: 788 ms, solver timeout: 394 ms, budget for symbolic execution: 394 ms, budget for concrete execution: 394 ms,  -- 
18:19:41.341 | DEBUG | --new testCase collected, to generate: testCom.alibaba.fastjson.serializer.JSONSerializer.writeWithFormat(Object, String)1
18:19:41.447 | INFO  | |> Starting concrete execution for remaining state: com.alibaba.fastjson.serializer.JSONSerializer.writeWithFormat(Object, String)
18:19:41.842 | INFO  | (X) Cancelling concrete execution: com.alibaba.fastjson.serializer.JSONSerializer.writeWithFormat(Object, String)
18:19:41.965 | INFO  | Finished (in 0.911 sec): method com.alibaba.fastjson.serializer.JSONSerializer.writeWithFormat(Object, String) 
<StatsForMethod> :
	#generatedTC=1
	WITH NO EXCEPTIONS
18:19:41.966 | DEBUG |  ... 
18:19:41.967 | INFO  | Started: method com.alibaba.fastjson.serializer.JSONSerializer.getObjectWriter(Class)
18:19:41.967 | INFO  |  -- Remaining time budget: 9330 ms, #remaining_methods: 12, budget for method: 777 ms, solver timeout: 388 ms, budget for symbolic execution: 389 ms, budget for concrete execution: 388 ms,  -- 
18:19:41.971 | ERROR | Symbolic execution FAILED
com.huawei.utbot.instrumentation.util.ChildProcessError: Error in the child process |> java.lang.IllegalAccessException: java.lang.Class
	at sun.misc.Unsafe.allocateInstance(Native Method)
	at com.huawei.utbot.framework.util.EngineUtilsKt.getAnyInstance(EngineUtils.kt:61)
	at com.huawei.utbot.framework.concrete.MockValueConstructor.constructObject(MockValueConstructor.kt:158)
	at com.huawei.utbot.framework.concrete.MockValueConstructor.construct(MockValueConstructor.kt:124)
	at com.huawei.utbot.framework.concrete.MockValueConstructor.constructMethodParameters(MockValueConstructor.kt:101)
	at com.huawei.utbot.framework.concrete.UtExecutionInstrumentation.invoke(UtExecutionInstrumentation.kt:126)
	at com.huawei.utbot.framework.concrete.UtExecutionInstrumentation.invoke(UtExecutionInstrumentation.kt:96)
	at com.huawei.utbot.instrumentation.process.ChildProcessKt.loop(ChildProcess.kt:114)
	at com.huawei.utbot.instrumentation.process.ChildProcessKt.main(ChildProcess.kt:76)
	at com.huawei.utbot.instrumentation.process.ChildProcessKt.main(ChildProcess.kt)

	at com.huawei.utbot.instrumentation.ConcreteExecutor.executeAsync(ConcreteExecutor.kt:391) ~[utbot-junit-contest-1.0.jar:?]
	at com.huawei.utbot.instrumentation.ConcreteExecutor$executeAsync$1.invokeSuspend(ConcreteExecutor.kt) ~[utbot-junit-contest-1.0.jar:?]
	at kotlin.coroutines.jvm.internal.BaseContinuationImpl.resumeWith(ContinuationImpl.kt:33) [utbot-junit-contest-1.0.jar:?]
	at kotlinx.coroutines.DispatchedTask.run(DispatchedTask.kt:106) [utbot-junit-contest-1.0.jar:?]
	at java.util.concurrent.Executors$RunnableAdapter.call(Executors.java:511) [?:1.8.0_312]
	at java.util.concurrent.FutureTask.run(FutureTask.java:266) [?:1.8.0_312]
	at java.util.concurrent.ScheduledThreadPoolExecutor$ScheduledFutureTask.access$201(ScheduledThreadPoolExecutor.java:180) [?:1.8.0_312]
	at java.util.concurrent.ScheduledThreadPoolExecutor$ScheduledFutureTask.run(ScheduledThreadPoolExecutor.java:293) [?:1.8.0_312]
	at java.util.concurrent.ThreadPoolExecutor.runWorker(ThreadPoolExecutor.java:1149) [?:1.8.0_312]
	at java.util.concurrent.ThreadPoolExecutor$Worker.run(ThreadPoolExecutor.java:624) [?:1.8.0_312]
	at java.lang.Thread.run(Thread.java:748) [?:1.8.0_312]
18:19:42.078 | DEBUG | --new testCase collected, to generate: testCom.alibaba.fastjson.serializer.JSONSerializer.getObjectWriter(Class)1
18:19:42.078 | INFO  | Finished (in 0.111 sec): method com.alibaba.fastjson.serializer.JSONSerializer.getObjectWriter(Class) 
<StatsForMethod> :
	#generatedTC=1
	FAILED 1 time(s) with 1 different exception(s)"
18:19:42.079 | DEBUG |  ... 
18:19:42.079 | INFO  | Started: method com.alibaba.fastjson.serializer.JSONSerializer.hasPropertyFilters(SerializeFilterable)
18:19:42.079 | INFO  |  -- Remaining time budget: 9218 ms, #remaining_methods: 11, budget for method: 838 ms, solver timeout: 419 ms, budget for symbolic execution: 419 ms, budget for concrete execution: 419 ms,  -- 
18:19:42.367 | DEBUG | --new testCase collected, to generate: testCom.alibaba.fastjson.serializer.JSONSerializer.hasPropertyFilters(SerializeFilterable)1
18:19:42.447 | DEBUG | --new testCase collected, to generate: testCom.alibaba.fastjson.serializer.JSONSerializer.hasPropertyFilters(SerializeFilterable)2
18:19:42.454 | DEBUG | --new testCase collected, to generate: testCom.alibaba.fastjson.serializer.JSONSerializer.hasPropertyFilters(SerializeFilterable)3
18:19:42.499 | INFO  | |> Starting concrete execution for remaining state: com.alibaba.fastjson.serializer.JSONSerializer.hasPropertyFilters(SerializeFilterable)
18:19:42.918 | INFO  | (X) Cancelling concrete execution: com.alibaba.fastjson.serializer.JSONSerializer.hasPropertyFilters(SerializeFilterable)
18:19:43.192 | INFO  | Finished (in 1.113 sec): method com.alibaba.fastjson.serializer.JSONSerializer.hasPropertyFilters(SerializeFilterable) 
<StatsForMethod> :
	#generatedTC=3
	WITH NO EXCEPTIONS
18:19:43.197 | DEBUG |  ... 
18:19:43.198 | INFO  | Started: method com.alibaba.fastjson.serializer.JSONSerializer.containsReference(Object)
18:19:43.198 | INFO  |  -- Remaining time budget: 8100 ms, #remaining_methods: 10, budget for method: 810 ms, solver timeout: 405 ms, budget for symbolic execution: 405 ms, budget for concrete execution: 405 ms,  -- 
18:19:43.494 | DEBUG | --new testCase collected, to generate: testCom.alibaba.fastjson.serializer.JSONSerializer.containsReference(Object)1
18:19:43.603 | INFO  | |> Starting concrete execution for remaining state: com.alibaba.fastjson.serializer.JSONSerializer.containsReference(Object)
18:19:43.730 | DEBUG | --new testCase collected, to generate: testCom.alibaba.fastjson.serializer.JSONSerializer.containsReference(Object)2
18:19:44.009 | INFO  | (X) Cancelling concrete execution: com.alibaba.fastjson.serializer.JSONSerializer.containsReference(Object)
18:19:44.037 | INFO  | Finished (in 0.839 sec): method com.alibaba.fastjson.serializer.JSONSerializer.containsReference(Object) 
<StatsForMethod> :
	#generatedTC=2
	WITH NO EXCEPTIONS
18:19:44.046 | DEBUG |  ... 
18:19:44.047 | INFO  | Started: method com.alibaba.fastjson.serializer.JSONSerializer.getDateFormatPattern()
18:19:44.047 | INFO  |  -- Remaining time budget: 7250 ms, #remaining_methods: 9, budget for method: 805 ms, solver timeout: 402 ms, budget for symbolic execution: 403 ms, budget for concrete execution: 402 ms,  -- 
18:19:44.307 | DEBUG | --new testCase collected, to generate: testCom.alibaba.fastjson.serializer.JSONSerializer.getDateFormatPattern()1
18:19:44.352 | DEBUG | --new testCase collected, to generate: testCom.alibaba.fastjson.serializer.JSONSerializer.getDateFormatPattern()2
18:19:44.358 | DEBUG | --new testCase collected, to generate: testCom.alibaba.fastjson.serializer.JSONSerializer.getDateFormatPattern()3
18:19:44.358 | INFO  | Finished (in 0.311 sec): method com.alibaba.fastjson.serializer.JSONSerializer.getDateFormatPattern() 
<StatsForMethod> :
	#generatedTC=3
	WITH NO EXCEPTIONS
18:19:44.361 | DEBUG |  ... 
18:19:44.362 | INFO  | Started: method com.alibaba.fastjson.serializer.JSONSerializer.writeReference(Object)
18:19:44.362 | INFO  |  -- Remaining time budget: 6936 ms, #remaining_methods: 8, budget for method: 867 ms, solver timeout: 433 ms, budget for symbolic execution: 434 ms, budget for concrete execution: 433 ms,  -- 
18:19:44.587 | DEBUG | --new testCase collected, to generate: testCom.alibaba.fastjson.serializer.JSONSerializer.writeReference(Object)1
18:19:44.796 | INFO  | |> Starting concrete execution for remaining state: com.alibaba.fastjson.serializer.JSONSerializer.writeReference(Object)
18:19:45.071 | DEBUG | --new testCase collected, to generate: testCom.alibaba.fastjson.serializer.JSONSerializer.writeReference(Object)2
18:19:45.230 | INFO  | (X) Cancelling concrete execution: com.alibaba.fastjson.serializer.JSONSerializer.writeReference(Object)
18:19:45.339 | INFO  | Finished (in 0.977 sec): method com.alibaba.fastjson.serializer.JSONSerializer.writeReference(Object) 
<StatsForMethod> :
	#generatedTC=2
	WITH NO EXCEPTIONS
18:19:45.340 | DEBUG |  ... 
18:19:45.340 | INFO  | Started: method com.alibaba.fastjson.serializer.JSONSerializer.isWriteClassName(Type, Object)
18:19:45.341 | INFO  |  -- Remaining time budget: 5957 ms, #remaining_methods: 7, budget for method: 851 ms, solver timeout: 425 ms, budget for symbolic execution: 426 ms, budget for concrete execution: 425 ms,  -- 
18:19:45.574 | DEBUG | --new testCase collected, to generate: testCom.alibaba.fastjson.serializer.JSONSerializer.isWriteClassName(Type, Object)1
18:19:45.767 | INFO  | |> Starting concrete execution for remaining state: com.alibaba.fastjson.serializer.JSONSerializer.isWriteClassName(Type, Object)
18:19:46.192 | INFO  | (X) Cancelling concrete execution: com.alibaba.fastjson.serializer.JSONSerializer.isWriteClassName(Type, Object)
18:19:46.251 | INFO  | Finished (in 0.910 sec): method com.alibaba.fastjson.serializer.JSONSerializer.isWriteClassName(Type, Object) 
<StatsForMethod> :
	#generatedTC=1
	WITH NO EXCEPTIONS
18:19:46.275 | DEBUG |  ... 
18:19:46.275 | INFO  | Started: method com.alibaba.fastjson.serializer.JSONSerializer.write(SerializeWriter, Object)
18:19:46.275 | INFO  |  -- Remaining time budget: 5022 ms, #remaining_methods: 6, budget for method: 837 ms, solver timeout: 418 ms, budget for symbolic execution: 419 ms, budget for concrete execution: 418 ms,  -- 
18:19:46.283 | DEBUG | --new testCase collected, to generate: testCom.alibaba.fastjson.serializer.JSONSerializer.write(SerializeWriter, Object)1
18:19:46.694 | INFO  | |> Starting concrete execution for remaining state: com.alibaba.fastjson.serializer.JSONSerializer.write(SerializeWriter, Object)
18:19:46.744 | INFO  | Finished (in 0.469 sec): method com.alibaba.fastjson.serializer.JSONSerializer.write(SerializeWriter, Object) 
<StatsForMethod> :
	#generatedTC=1
	WITH NO EXCEPTIONS
18:19:46.763 | DEBUG |  ... 
18:19:46.763 | INFO  | Started: method com.alibaba.fastjson.serializer.JSONSerializer.write(Writer, Object)
18:19:46.764 | INFO  |  -- Remaining time budget: 4534 ms, #remaining_methods: 5, budget for method: 906 ms, solver timeout: 453 ms, budget for symbolic execution: 453 ms, budget for concrete execution: 453 ms,  -- 
18:19:46.770 | DEBUG | --new testCase collected, to generate: testCom.alibaba.fastjson.serializer.JSONSerializer.write(Writer, Object)1
18:19:47.068 | INFO  | Finished (in 0.304 sec): method com.alibaba.fastjson.serializer.JSONSerializer.write(Writer, Object) 
<StatsForMethod> :
	#generatedTC=1
	WITH NO EXCEPTIONS
18:19:47.080 | DEBUG |  ... 
18:19:47.080 | INFO  | Started: method com.alibaba.fastjson.serializer.JSONSerializer.<init>(SerializeWriter)
18:19:47.081 | INFO  |  -- Remaining time budget: 4217 ms, #remaining_methods: 4, budget for method: 1054 ms, solver timeout: 527 ms, budget for symbolic execution: 527 ms, budget for concrete execution: 527 ms,  -- 
18:19:47.348 | DEBUG | --new testCase collected, to generate: testCom.alibaba.fastjson.serializer.JSONSerializer.<init>(SerializeWriter)1
18:19:47.468 | INFO  | Finished (in 0.387 sec): method com.alibaba.fastjson.serializer.JSONSerializer.<init>(SerializeWriter) 
<StatsForMethod> :
	#generatedTC=1
	WITH NO EXCEPTIONS
18:19:47.477 | DEBUG |  ... 
18:19:47.478 | INFO  | Started: method com.alibaba.fastjson.serializer.JSONSerializer.<init>()
18:19:47.478 | INFO  |  -- Remaining time budget: 3819 ms, #remaining_methods: 3, budget for method: 1273 ms, solver timeout: 636 ms, budget for symbolic execution: 637 ms, budget for concrete execution: 636 ms,  -- 
18:19:47.715 | DEBUG | --new testCase collected, to generate: testCom.alibaba.fastjson.serializer.JSONSerializer.<init>()1
18:19:47.773 | INFO  | Finished (in 0.295 sec): method com.alibaba.fastjson.serializer.JSONSerializer.<init>() 
<StatsForMethod> :
	#generatedTC=1
	WITH NO EXCEPTIONS
18:19:47.780 | DEBUG |  ... 
18:19:47.780 | INFO  | Started: method com.alibaba.fastjson.serializer.JSONSerializer.<init>(SerializeWriter, SerializeConfig)
18:19:47.780 | INFO  |  -- Remaining time budget: 3517 ms, #remaining_methods: 2, budget for method: 1758 ms, solver timeout: 879 ms, budget for symbolic execution: 879 ms, budget for concrete execution: 879 ms,  -- 
18:19:48.360 | DEBUG | --new testCase collected, to generate: testCom.alibaba.fastjson.serializer.JSONSerializer.<init>(SerializeWriter, SerializeConfig)1
18:19:48.466 | INFO  | Finished (in 0.686 sec): method com.alibaba.fastjson.serializer.JSONSerializer.<init>(SerializeWriter, SerializeConfig) 
<StatsForMethod> :
	#generatedTC=1
	WITH NO EXCEPTIONS
18:19:48.475 | DEBUG |  ... 
18:19:48.476 | INFO  | Started: method com.alibaba.fastjson.serializer.JSONSerializer.<init>(SerializeConfig)
18:19:48.476 | INFO  |  -- Remaining time budget: 2821 ms, #remaining_methods: 1, budget for method: 2821 ms, solver timeout: 1000 ms, budget for symbolic execution: 1621 ms, budget for concrete execution: 1200 ms,  -- 
18:19:48.763 | DEBUG | --new testCase collected, to generate: testCom.alibaba.fastjson.serializer.JSONSerializer.<init>(SerializeConfig)1
18:19:48.821 | INFO  | Finished (in 0.344 sec): method com.alibaba.fastjson.serializer.JSONSerializer.<init>(SerializeConfig) 
<StatsForMethod> :
	#generatedTC=1
	WITH NO EXCEPTIONS
18:19:48.828 | INFO  | Started: Flushing tests for [JSONSerializer] on disk
18:20:00.322 | INFO  | File size for JSONSerializerTest: 34 KB
18:20:00.324 | INFO  | Finished (in 11.496 sec): Flushing tests for [JSONSerializer] on disk 
18:20:00.325 | INFO  | Finished (in 34.494 sec): class com.alibaba.fastjson.serializer.JSONSerializer 
<StatsForClass> :
	canceled by timeout = false
	#methods = 40, 
	#methods started symbolic exploration = 40
	#methods with at least one TC = 32
	#methods with exceptions = 3
	#generated TC = 55
	#coverage = null
[READY]
