Started UtBot Contest, classfileDir = /var/benchmarks/projects/guava/guava/target/classes, classpathString=/var/benchmarks/projects/guava/guava/target/classes:/var/benchmarks/projects/guava/guava/target/guava-26.0-jre.jar:/var/benchmarks/projects/./guava/guava/target/dependency/checker-qual-2.5.2.jar:/var/benchmarks/projects/guava/guava/target/dependency/error_prone_annotations-2.1.3.jar:/var/benchmarks/projects/guava/guava/target/dependency/j2objc-annotations-1.1.jar:/var/benchmarks/projects/guava/guava/target/dependency/jsr305-3.0.2.jar:/var/benchmarks/projects/guava/guava/target/dependency/animal-sniffer-annotations-1.14.jar, outputDir=/home/utbot_mocks/temp/testcases, mocks=Other classes: Mockito
17:02:35.190 | INFO  | Started: warmup: kotlin reflection :: init
17:02:35.275 | INFO  | Finished (in 0.084 sec): warmup: kotlin reflection :: init 
[INIT]
>> [RUN] com.google.common.util.concurrent.SimpleTimeLimiter 30
17:02:35.285 | DEBUG | -----------------------------------------------------------------------------
17:02:35.286 | INFO  | Contest.runGeneration: Time budget: 30000 ms, Generation timeout=25500 ms, classpath=/var/benchmarks/projects/guava/guava/target/classes:/var/benchmarks/projects/guava/guava/target/guava-26.0-jre.jar:/var/benchmarks/projects/./guava/guava/target/dependency/checker-qual-2.5.2.jar:/var/benchmarks/projects/guava/guava/target/dependency/error_prone_annotations-2.1.3.jar:/var/benchmarks/projects/guava/guava/target/dependency/j2objc-annotations-1.1.jar:/var/benchmarks/projects/guava/guava/target/dependency/jsr305-3.0.2.jar:/var/benchmarks/projects/guava/guava/target/dependency/animal-sniffer-annotations-1.14.jar, methodNameFilter=null
17:02:35.287 | INFO  | ClassUnderTest[ FQN: com.google.common.util.concurrent.SimpleTimeLimiter
    classfileDir: /var/benchmarks/projects/guava/guava/target/classes
    testClassSimpleName: SimpleTimeLimiterTest
    generatedTestFile: /home/utbot_mocks/temp/testcases/com/google/common/util/concurrent/SimpleTimeLimiterTest.java
    generatedTestsSourcesDir: /home/utbot_mocks/temp/testcases
]
17:02:35.309 | INFO  | Started: class com.google.common.util.concurrent.SimpleTimeLimiter
17:02:35.309 | INFO  | Started: preparation class class com.google.common.util.concurrent.SimpleTimeLimiter: kotlin reflection :: run
17:02:35.364 | INFO  | Finished (in 0.054 sec): preparation class class com.google.common.util.concurrent.SimpleTimeLimiter: kotlin reflection :: run 
17:02:35.365 | INFO  | Started: 2nd optional soot initialization
17:02:35.366 | INFO  | Finished (in 0.001 sec): 2nd optional soot initialization 
17:02:35.373 | DEBUG |  ... 
17:02:35.393 | INFO  | Started: method com.google.common.util.concurrent.SimpleTimeLimiter.runWithTimeout(Runnable, long, TimeUnit)
17:02:35.395 | INFO  |  -- Remaining time budget: 25411 ms, #remaining_methods: 15, budget for method: 1694 ms, solver timeout: 847 ms, budget for symbolic execution: 847 ms, budget for concrete execution: 847 ms,  -- 
17:02:35.708 | ERROR | Symbolic execution FAILED
com.huawei.utbot.instrumentation.util.ChildProcessError: Error in the child process |> java.lang.IllegalAccessException: Class com.huawei.utbot.framework.concrete.MockValueConstructor can not access a member of class java.util.concurrent.TimeUnit with modifiers "private"
	at sun.reflect.Reflection.ensureMemberAccess(Reflection.java:102)
	at java.lang.reflect.AccessibleObject.slowCheckMemberAccess(AccessibleObject.java:296)
	at java.lang.reflect.AccessibleObject.checkAccess(AccessibleObject.java:288)
	at java.lang.reflect.Constructor.newInstance(Constructor.java:413)
	at com.huawei.utbot.framework.concrete.MockValueConstructor.call(MockValueConstructor.kt:414)
	at com.huawei.utbot.framework.concrete.MockValueConstructor.updateWithExecutableCallModel(MockValueConstructor.kt:353)
	at com.huawei.utbot.framework.concrete.MockValueConstructor.constructFromAssembleModel(MockValueConstructor.kt:332)
	at com.huawei.utbot.framework.concrete.MockValueConstructor.construct(MockValueConstructor.kt:126)
	at com.huawei.utbot.framework.concrete.MockValueConstructor.constructMethodParameters(MockValueConstructor.kt:101)
	at com.huawei.utbot.framework.concrete.UtExecutionInstrumentation.invoke(UtExecutionInstrumentation.kt:126)
	at com.huawei.utbot.framework.concrete.UtExecutionInstrumentation.invoke(UtExecutionInstrumentation.kt:96)
	at com.huawei.utbot.instrumentation.process.ChildProcessKt.loop(ChildProcess.kt:114)
	at com.huawei.utbot.instrumentation.process.ChildProcessKt.main(ChildProcess.kt:76)
	at com.huawei.utbot.instrumentation.process.ChildProcessKt.main(ChildProcess.kt)

	at com.huawei.utbot.instrumentation.ConcreteExecutor.executeAsync(ConcreteExecutor.kt:391) ~[utbot-junit-contest-1.0.jar:?]
	at com.huawei.utbot.instrumentation.ConcreteExecutor$executeAsync$1.invokeSuspend(ConcreteExecutor.kt) ~[utbot-junit-contest-1.0.jar:?]
	at kotlin.coroutines.jvm.internal.BaseContinuationImpl.resumeWith(ContinuationImpl.kt:33) [utbot-junit-contest-1.0.jar:?]
	at kotlinx.coroutines.DispatchedTask.run(DispatchedTask.kt:106) [utbot-junit-contest-1.0.jar:?]
	at java.util.concurrent.Executors$RunnableAdapter.call(Executors.java:511) [?:1.8.0_312]
	at java.util.concurrent.FutureTask.run(FutureTask.java:266) [?:1.8.0_312]
	at java.util.concurrent.ScheduledThreadPoolExecutor$ScheduledFutureTask.access$201(ScheduledThreadPoolExecutor.java:180) [?:1.8.0_312]
	at java.util.concurrent.ScheduledThreadPoolExecutor$ScheduledFutureTask.run(ScheduledThreadPoolExecutor.java:293) [?:1.8.0_312]
	at java.util.concurrent.ThreadPoolExecutor.runWorker(ThreadPoolExecutor.java:1149) [?:1.8.0_312]
	at java.util.concurrent.ThreadPoolExecutor$Worker.run(ThreadPoolExecutor.java:624) [?:1.8.0_312]
	at java.lang.Thread.run(Thread.java:748) [?:1.8.0_312]
17:02:36.233 | INFO  | |> Starting concrete execution for remaining state: com.google.common.util.concurrent.SimpleTimeLimiter.runWithTimeout(Runnable, long, TimeUnit)
17:02:37.081 | INFO  | (X) Cancelling concrete execution: com.google.common.util.concurrent.SimpleTimeLimiter.runWithTimeout(Runnable, long, TimeUnit)
17:02:37.208 | INFO  | Finished (in 1.814 sec): method com.google.common.util.concurrent.SimpleTimeLimiter.runWithTimeout(Runnable, long, TimeUnit) 
<StatsForMethod> :
	#generatedTC=0
	FAILED 1 time(s) with 1 different exception(s)"
17:02:37.245 | DEBUG |  ... 
17:02:37.245 | INFO  | Started: method com.google.common.util.concurrent.SimpleTimeLimiter.callUninterruptiblyWithTimeout(Callable, long, TimeUnit)
17:02:37.245 | INFO  |  -- Remaining time budget: 23541 ms, #remaining_methods: 14, budget for method: 1681 ms, solver timeout: 840 ms, budget for symbolic execution: 841 ms, budget for concrete execution: 840 ms,  -- 
17:02:37.252 | ERROR | Symbolic execution FAILED
com.huawei.utbot.instrumentation.util.ChildProcessError: Error in the child process |> java.lang.IllegalAccessException: Class com.huawei.utbot.framework.concrete.MockValueConstructor can not access a member of class java.util.concurrent.TimeUnit with modifiers "private"
	at sun.reflect.Reflection.ensureMemberAccess(Reflection.java:102)
	at java.lang.reflect.AccessibleObject.slowCheckMemberAccess(AccessibleObject.java:296)
	at java.lang.reflect.AccessibleObject.checkAccess(AccessibleObject.java:288)
	at java.lang.reflect.Constructor.newInstance(Constructor.java:413)
	at com.huawei.utbot.framework.concrete.MockValueConstructor.call(MockValueConstructor.kt:414)
	at com.huawei.utbot.framework.concrete.MockValueConstructor.updateWithExecutableCallModel(MockValueConstructor.kt:353)
	at com.huawei.utbot.framework.concrete.MockValueConstructor.constructFromAssembleModel(MockValueConstructor.kt:332)
	at com.huawei.utbot.framework.concrete.MockValueConstructor.construct(MockValueConstructor.kt:126)
	at com.huawei.utbot.framework.concrete.MockValueConstructor.constructMethodParameters(MockValueConstructor.kt:101)
	at com.huawei.utbot.framework.concrete.UtExecutionInstrumentation.invoke(UtExecutionInstrumentation.kt:126)
	at com.huawei.utbot.framework.concrete.UtExecutionInstrumentation.invoke(UtExecutionInstrumentation.kt:96)
	at com.huawei.utbot.instrumentation.process.ChildProcessKt.loop(ChildProcess.kt:114)
	at com.huawei.utbot.instrumentation.process.ChildProcessKt.main(ChildProcess.kt:76)
	at com.huawei.utbot.instrumentation.process.ChildProcessKt.main(ChildProcess.kt)

	at com.huawei.utbot.instrumentation.ConcreteExecutor.executeAsync(ConcreteExecutor.kt:391) ~[utbot-junit-contest-1.0.jar:?]
	at com.huawei.utbot.instrumentation.ConcreteExecutor$executeAsync$1.invokeSuspend(ConcreteExecutor.kt) ~[utbot-junit-contest-1.0.jar:?]
	at kotlin.coroutines.jvm.internal.BaseContinuationImpl.resumeWith(ContinuationImpl.kt:33) [utbot-junit-contest-1.0.jar:?]
	at kotlinx.coroutines.DispatchedTask.run(DispatchedTask.kt:106) [utbot-junit-contest-1.0.jar:?]
	at java.util.concurrent.Executors$RunnableAdapter.call(Executors.java:511) [?:1.8.0_312]
	at java.util.concurrent.FutureTask.run(FutureTask.java:266) [?:1.8.0_312]
	at java.util.concurrent.ScheduledThreadPoolExecutor$ScheduledFutureTask.access$201(ScheduledThreadPoolExecutor.java:180) [?:1.8.0_312]
	at java.util.concurrent.ScheduledThreadPoolExecutor$ScheduledFutureTask.run(ScheduledThreadPoolExecutor.java:293) [?:1.8.0_312]
	at java.util.concurrent.ThreadPoolExecutor.runWorker(ThreadPoolExecutor.java:1149) [?:1.8.0_312]
	at java.util.concurrent.ThreadPoolExecutor$Worker.run(ThreadPoolExecutor.java:624) [?:1.8.0_312]
	at java.lang.Thread.run(Thread.java:748) [?:1.8.0_312]
17:02:38.087 | INFO  | |> Starting concrete execution for remaining state: com.google.common.util.concurrent.SimpleTimeLimiter.callUninterruptiblyWithTimeout(Callable, long, TimeUnit)
17:02:38.928 | INFO  | (X) Cancelling concrete execution: com.google.common.util.concurrent.SimpleTimeLimiter.callUninterruptiblyWithTimeout(Callable, long, TimeUnit)
17:02:38.998 | INFO  | Finished (in 1.753 sec): method com.google.common.util.concurrent.SimpleTimeLimiter.callUninterruptiblyWithTimeout(Callable, long, TimeUnit) 
<StatsForMethod> :
	#generatedTC=0
	FAILED 1 time(s) with 1 different exception(s)"
17:02:39.047 | DEBUG |  ... 
17:02:39.048 | INFO  | Started: method com.google.common.util.concurrent.SimpleTimeLimiter.runUninterruptiblyWithTimeout(Runnable, long, TimeUnit)
17:02:39.048 | INFO  |  -- Remaining time budget: 21739 ms, #remaining_methods: 13, budget for method: 1672 ms, solver timeout: 836 ms, budget for symbolic execution: 836 ms, budget for concrete execution: 836 ms,  -- 
17:02:39.055 | ERROR | Symbolic execution FAILED
com.huawei.utbot.instrumentation.util.ChildProcessError: Error in the child process |> java.lang.IllegalAccessException: Class com.huawei.utbot.framework.concrete.MockValueConstructor can not access a member of class java.util.concurrent.TimeUnit with modifiers "private"
	at sun.reflect.Reflection.ensureMemberAccess(Reflection.java:102)
	at java.lang.reflect.AccessibleObject.slowCheckMemberAccess(AccessibleObject.java:296)
	at java.lang.reflect.AccessibleObject.checkAccess(AccessibleObject.java:288)
	at java.lang.reflect.Constructor.newInstance(Constructor.java:413)
	at com.huawei.utbot.framework.concrete.MockValueConstructor.call(MockValueConstructor.kt:414)
	at com.huawei.utbot.framework.concrete.MockValueConstructor.updateWithExecutableCallModel(MockValueConstructor.kt:353)
	at com.huawei.utbot.framework.concrete.MockValueConstructor.constructFromAssembleModel(MockValueConstructor.kt:332)
	at com.huawei.utbot.framework.concrete.MockValueConstructor.construct(MockValueConstructor.kt:126)
	at com.huawei.utbot.framework.concrete.MockValueConstructor.constructMethodParameters(MockValueConstructor.kt:101)
	at com.huawei.utbot.framework.concrete.UtExecutionInstrumentation.invoke(UtExecutionInstrumentation.kt:126)
	at com.huawei.utbot.framework.concrete.UtExecutionInstrumentation.invoke(UtExecutionInstrumentation.kt:96)
	at com.huawei.utbot.instrumentation.process.ChildProcessKt.loop(ChildProcess.kt:114)
	at com.huawei.utbot.instrumentation.process.ChildProcessKt.main(ChildProcess.kt:76)
	at com.huawei.utbot.instrumentation.process.ChildProcessKt.main(ChildProcess.kt)

	at com.huawei.utbot.instrumentation.ConcreteExecutor.executeAsync(ConcreteExecutor.kt:391) ~[utbot-junit-contest-1.0.jar:?]
	at com.huawei.utbot.instrumentation.ConcreteExecutor$executeAsync$1.invokeSuspend(ConcreteExecutor.kt) ~[utbot-junit-contest-1.0.jar:?]
	at kotlin.coroutines.jvm.internal.BaseContinuationImpl.resumeWith(ContinuationImpl.kt:33) [utbot-junit-contest-1.0.jar:?]
	at kotlinx.coroutines.DispatchedTask.run(DispatchedTask.kt:106) [utbot-junit-contest-1.0.jar:?]
	at java.util.concurrent.Executors$RunnableAdapter.call(Executors.java:511) [?:1.8.0_312]
	at java.util.concurrent.FutureTask.run(FutureTask.java:266) [?:1.8.0_312]
	at java.util.concurrent.ScheduledThreadPoolExecutor$ScheduledFutureTask.access$201(ScheduledThreadPoolExecutor.java:180) [?:1.8.0_312]
	at java.util.concurrent.ScheduledThreadPoolExecutor$ScheduledFutureTask.run(ScheduledThreadPoolExecutor.java:293) [?:1.8.0_312]
	at java.util.concurrent.ThreadPoolExecutor.runWorker(ThreadPoolExecutor.java:1149) [?:1.8.0_312]
	at java.util.concurrent.ThreadPoolExecutor$Worker.run(ThreadPoolExecutor.java:624) [?:1.8.0_312]
	at java.lang.Thread.run(Thread.java:748) [?:1.8.0_312]
17:02:39.884 | INFO  | |> Starting concrete execution for remaining state: com.google.common.util.concurrent.SimpleTimeLimiter.runUninterruptiblyWithTimeout(Runnable, long, TimeUnit)
17:02:40.721 | INFO  | (X) Cancelling concrete execution: com.google.common.util.concurrent.SimpleTimeLimiter.runUninterruptiblyWithTimeout(Runnable, long, TimeUnit)
17:02:40.797 | INFO  | Finished (in 1.749 sec): method com.google.common.util.concurrent.SimpleTimeLimiter.runUninterruptiblyWithTimeout(Runnable, long, TimeUnit) 
<StatsForMethod> :
	#generatedTC=0
	FAILED 1 time(s) with 1 different exception(s)"
17:02:40.856 | DEBUG |  ... 
17:02:40.857 | INFO  | Started: method com.google.common.util.concurrent.SimpleTimeLimiter.callWithTimeout(Callable, long, TimeUnit)
17:02:40.857 | INFO  |  -- Remaining time budget: 19930 ms, #remaining_methods: 12, budget for method: 1660 ms, solver timeout: 830 ms, budget for symbolic execution: 830 ms, budget for concrete execution: 830 ms,  -- 
17:02:40.863 | ERROR | Symbolic execution FAILED
com.huawei.utbot.instrumentation.util.ChildProcessError: Error in the child process |> java.lang.IllegalAccessException: Class com.huawei.utbot.framework.concrete.MockValueConstructor can not access a member of class java.util.concurrent.TimeUnit with modifiers "private"
	at sun.reflect.Reflection.ensureMemberAccess(Reflection.java:102)
	at java.lang.reflect.AccessibleObject.slowCheckMemberAccess(AccessibleObject.java:296)
	at java.lang.reflect.AccessibleObject.checkAccess(AccessibleObject.java:288)
	at java.lang.reflect.Constructor.newInstance(Constructor.java:413)
	at com.huawei.utbot.framework.concrete.MockValueConstructor.call(MockValueConstructor.kt:414)
	at com.huawei.utbot.framework.concrete.MockValueConstructor.updateWithExecutableCallModel(MockValueConstructor.kt:353)
	at com.huawei.utbot.framework.concrete.MockValueConstructor.constructFromAssembleModel(MockValueConstructor.kt:332)
	at com.huawei.utbot.framework.concrete.MockValueConstructor.construct(MockValueConstructor.kt:126)
	at com.huawei.utbot.framework.concrete.MockValueConstructor.constructMethodParameters(MockValueConstructor.kt:101)
	at com.huawei.utbot.framework.concrete.UtExecutionInstrumentation.invoke(UtExecutionInstrumentation.kt:126)
	at com.huawei.utbot.framework.concrete.UtExecutionInstrumentation.invoke(UtExecutionInstrumentation.kt:96)
	at com.huawei.utbot.instrumentation.process.ChildProcessKt.loop(ChildProcess.kt:114)
	at com.huawei.utbot.instrumentation.process.ChildProcessKt.main(ChildProcess.kt:76)
	at com.huawei.utbot.instrumentation.process.ChildProcessKt.main(ChildProcess.kt)

	at com.huawei.utbot.instrumentation.ConcreteExecutor.executeAsync(ConcreteExecutor.kt:391) ~[utbot-junit-contest-1.0.jar:?]
	at com.huawei.utbot.instrumentation.ConcreteExecutor$executeAsync$1.invokeSuspend(ConcreteExecutor.kt) ~[utbot-junit-contest-1.0.jar:?]
	at kotlin.coroutines.jvm.internal.BaseContinuationImpl.resumeWith(ContinuationImpl.kt:33) [utbot-junit-contest-1.0.jar:?]
	at kotlinx.coroutines.DispatchedTask.run(DispatchedTask.kt:106) [utbot-junit-contest-1.0.jar:?]
	at java.util.concurrent.Executors$RunnableAdapter.call(Executors.java:511) [?:1.8.0_312]
	at java.util.concurrent.FutureTask.run(FutureTask.java:266) [?:1.8.0_312]
	at java.util.concurrent.ScheduledThreadPoolExecutor$ScheduledFutureTask.access$201(ScheduledThreadPoolExecutor.java:180) [?:1.8.0_312]
	at java.util.concurrent.ScheduledThreadPoolExecutor$ScheduledFutureTask.run(ScheduledThreadPoolExecutor.java:293) [?:1.8.0_312]
	at java.util.concurrent.ThreadPoolExecutor.runWorker(ThreadPoolExecutor.java:1149) [?:1.8.0_312]
	at java.util.concurrent.ThreadPoolExecutor$Worker.run(ThreadPoolExecutor.java:624) [?:1.8.0_312]
	at java.lang.Thread.run(Thread.java:748) [?:1.8.0_312]
17:02:41.687 | INFO  | |> Starting concrete execution for remaining state: com.google.common.util.concurrent.SimpleTimeLimiter.callWithTimeout(Callable, long, TimeUnit)
17:02:42.518 | INFO  | (X) Cancelling concrete execution: com.google.common.util.concurrent.SimpleTimeLimiter.callWithTimeout(Callable, long, TimeUnit)
17:02:42.621 | INFO  | Finished (in 1.764 sec): method com.google.common.util.concurrent.SimpleTimeLimiter.callWithTimeout(Callable, long, TimeUnit) 
<StatsForMethod> :
	#generatedTC=0
	FAILED 1 time(s) with 1 different exception(s)"
17:02:42.691 | DEBUG |  ... 
17:02:42.692 | INFO  | Started: method com.google.common.util.concurrent.SimpleTimeLimiter.callWithTimeout(Callable, long, TimeUnit, boolean)
17:02:42.692 | INFO  |  -- Remaining time budget: 18094 ms, #remaining_methods: 11, budget for method: 1644 ms, solver timeout: 822 ms, budget for symbolic execution: 822 ms, budget for concrete execution: 822 ms,  -- 
17:02:42.698 | ERROR | Symbolic execution FAILED
com.huawei.utbot.instrumentation.util.ChildProcessError: Error in the child process |> java.lang.IllegalAccessException: Class com.huawei.utbot.framework.concrete.MockValueConstructor can not access a member of class java.util.concurrent.TimeUnit with modifiers "private"
	at sun.reflect.Reflection.ensureMemberAccess(Reflection.java:102)
	at java.lang.reflect.AccessibleObject.slowCheckMemberAccess(AccessibleObject.java:296)
	at java.lang.reflect.AccessibleObject.checkAccess(AccessibleObject.java:288)
	at java.lang.reflect.Constructor.newInstance(Constructor.java:413)
	at com.huawei.utbot.framework.concrete.MockValueConstructor.call(MockValueConstructor.kt:414)
	at com.huawei.utbot.framework.concrete.MockValueConstructor.updateWithExecutableCallModel(MockValueConstructor.kt:353)
	at com.huawei.utbot.framework.concrete.MockValueConstructor.constructFromAssembleModel(MockValueConstructor.kt:332)
	at com.huawei.utbot.framework.concrete.MockValueConstructor.construct(MockValueConstructor.kt:126)
	at com.huawei.utbot.framework.concrete.MockValueConstructor.constructMethodParameters(MockValueConstructor.kt:101)
	at com.huawei.utbot.framework.concrete.UtExecutionInstrumentation.invoke(UtExecutionInstrumentation.kt:126)
	at com.huawei.utbot.framework.concrete.UtExecutionInstrumentation.invoke(UtExecutionInstrumentation.kt:96)
	at com.huawei.utbot.instrumentation.process.ChildProcessKt.loop(ChildProcess.kt:114)
	at com.huawei.utbot.instrumentation.process.ChildProcessKt.main(ChildProcess.kt:76)
	at com.huawei.utbot.instrumentation.process.ChildProcessKt.main(ChildProcess.kt)

	at com.huawei.utbot.instrumentation.ConcreteExecutor.executeAsync(ConcreteExecutor.kt:391) ~[utbot-junit-contest-1.0.jar:?]
	at com.huawei.utbot.instrumentation.ConcreteExecutor$executeAsync$1.invokeSuspend(ConcreteExecutor.kt) ~[utbot-junit-contest-1.0.jar:?]
	at kotlin.coroutines.jvm.internal.BaseContinuationImpl.resumeWith(ContinuationImpl.kt:33) [utbot-junit-contest-1.0.jar:?]
	at kotlinx.coroutines.DispatchedTask.run(DispatchedTask.kt:106) [utbot-junit-contest-1.0.jar:?]
	at java.util.concurrent.Executors$RunnableAdapter.call(Executors.java:511) [?:1.8.0_312]
	at java.util.concurrent.FutureTask.run(FutureTask.java:266) [?:1.8.0_312]
	at java.util.concurrent.ScheduledThreadPoolExecutor$ScheduledFutureTask.access$201(ScheduledThreadPoolExecutor.java:180) [?:1.8.0_312]
	at java.util.concurrent.ScheduledThreadPoolExecutor$ScheduledFutureTask.run(ScheduledThreadPoolExecutor.java:293) [?:1.8.0_312]
	at java.util.concurrent.ThreadPoolExecutor.runWorker(ThreadPoolExecutor.java:1149) [?:1.8.0_312]
	at java.util.concurrent.ThreadPoolExecutor$Worker.run(ThreadPoolExecutor.java:624) [?:1.8.0_312]
	at java.lang.Thread.run(Thread.java:748) [?:1.8.0_312]
17:02:43.514 | INFO  | |> Starting concrete execution for remaining state: com.google.common.util.concurrent.SimpleTimeLimiter.callWithTimeout(Callable, long, TimeUnit, boolean)
17:02:44.337 | INFO  | (X) Cancelling concrete execution: com.google.common.util.concurrent.SimpleTimeLimiter.callWithTimeout(Callable, long, TimeUnit, boolean)
17:02:44.407 | INFO  | Finished (in 1.714 sec): method com.google.common.util.concurrent.SimpleTimeLimiter.callWithTimeout(Callable, long, TimeUnit, boolean) 
<StatsForMethod> :
	#generatedTC=0
	FAILED 1 time(s) with 1 different exception(s)"
17:02:44.476 | DEBUG |  ... 
17:02:44.476 | INFO  | Started: method com.google.common.util.concurrent.SimpleTimeLimiter.newProxy(T, Class, long, TimeUnit)
17:02:44.477 | INFO  |  -- Remaining time budget: 16310 ms, #remaining_methods: 10, budget for method: 1631 ms, solver timeout: 815 ms, budget for symbolic execution: 816 ms, budget for concrete execution: 815 ms,  -- 
17:02:44.484 | ERROR | Symbolic execution FAILED
com.huawei.utbot.instrumentation.util.ChildProcessError: Error in the child process |> java.lang.IllegalAccessException: java.lang.Class
	at sun.misc.Unsafe.allocateInstance(Native Method)
	at com.huawei.utbot.framework.util.EngineUtilsKt.getAnyInstance(EngineUtils.kt:61)
	at com.huawei.utbot.framework.concrete.MockValueConstructor.constructObject(MockValueConstructor.kt:158)
	at com.huawei.utbot.framework.concrete.MockValueConstructor.construct(MockValueConstructor.kt:124)
	at com.huawei.utbot.framework.concrete.MockValueConstructor.constructMethodParameters(MockValueConstructor.kt:101)
	at com.huawei.utbot.framework.concrete.UtExecutionInstrumentation.invoke(UtExecutionInstrumentation.kt:126)
	at com.huawei.utbot.framework.concrete.UtExecutionInstrumentation.invoke(UtExecutionInstrumentation.kt:96)
	at com.huawei.utbot.instrumentation.process.ChildProcessKt.loop(ChildProcess.kt:114)
	at com.huawei.utbot.instrumentation.process.ChildProcessKt.main(ChildProcess.kt:76)
	at com.huawei.utbot.instrumentation.process.ChildProcessKt.main(ChildProcess.kt)

	at com.huawei.utbot.instrumentation.ConcreteExecutor.executeAsync(ConcreteExecutor.kt:391) ~[utbot-junit-contest-1.0.jar:?]
	at com.huawei.utbot.instrumentation.ConcreteExecutor$executeAsync$1.invokeSuspend(ConcreteExecutor.kt) ~[utbot-junit-contest-1.0.jar:?]
	at kotlin.coroutines.jvm.internal.BaseContinuationImpl.resumeWith(ContinuationImpl.kt:33) [utbot-junit-contest-1.0.jar:?]
	at kotlinx.coroutines.DispatchedTask.run(DispatchedTask.kt:106) [utbot-junit-contest-1.0.jar:?]
	at java.util.concurrent.Executors$RunnableAdapter.call(Executors.java:511) [?:1.8.0_312]
	at java.util.concurrent.FutureTask.run(FutureTask.java:266) [?:1.8.0_312]
	at java.util.concurrent.ScheduledThreadPoolExecutor$ScheduledFutureTask.access$201(ScheduledThreadPoolExecutor.java:180) [?:1.8.0_312]
	at java.util.concurrent.ScheduledThreadPoolExecutor$ScheduledFutureTask.run(ScheduledThreadPoolExecutor.java:293) [?:1.8.0_312]
	at java.util.concurrent.ThreadPoolExecutor.runWorker(ThreadPoolExecutor.java:1149) [?:1.8.0_312]
	at java.util.concurrent.ThreadPoolExecutor$Worker.run(ThreadPoolExecutor.java:624) [?:1.8.0_312]
	at java.lang.Thread.run(Thread.java:748) [?:1.8.0_312]
17:02:45.293 | INFO  | |> Starting concrete execution for remaining state: com.google.common.util.concurrent.SimpleTimeLimiter.newProxy(T, Class, long, TimeUnit)
17:02:45.493 | DEBUG | --new testCase collected, to generate: testCom.google.common.util.concurrent.SimpleTimeLimiter.newProxy(T, Class, long, TimeUnit)1
17:02:46.109 | INFO  | (X) Cancelling concrete execution: com.google.common.util.concurrent.SimpleTimeLimiter.newProxy(T, Class, long, TimeUnit)
17:02:46.275 | INFO  | Finished (in 1.798 sec): method com.google.common.util.concurrent.SimpleTimeLimiter.newProxy(T, Class, long, TimeUnit) 
<StatsForMethod> :
	#generatedTC=1
	FAILED 1 time(s) with 1 different exception(s)"
17:02:46.305 | DEBUG |  ... 
17:02:46.306 | INFO  | Started: method com.google.common.util.concurrent.SimpleTimeLimiter.wrapAndThrowExecutionExceptionOrError(Throwable)
17:02:46.306 | INFO  |  -- Remaining time budget: 14480 ms, #remaining_methods: 9, budget for method: 1608 ms, solver timeout: 804 ms, budget for symbolic execution: 804 ms, budget for concrete execution: 804 ms,  -- 
17:02:46.336 | DEBUG | --new testCase collected, to generate: testCom.google.common.util.concurrent.SimpleTimeLimiter.wrapAndThrowExecutionExceptionOrError(Throwable)1
17:02:46.420 | DEBUG | --new testCase collected, to generate: testCom.google.common.util.concurrent.SimpleTimeLimiter.wrapAndThrowExecutionExceptionOrError(Throwable)2
17:02:46.632 | DEBUG | --new testCase collected, to generate: testCom.google.common.util.concurrent.SimpleTimeLimiter.wrapAndThrowExecutionExceptionOrError(Throwable)3
17:02:46.645 | DEBUG | --new testCase collected, to generate: testCom.google.common.util.concurrent.SimpleTimeLimiter.wrapAndThrowExecutionExceptionOrError(Throwable)4
17:02:46.645 | INFO  | Finished (in 0.339 sec): method com.google.common.util.concurrent.SimpleTimeLimiter.wrapAndThrowExecutionExceptionOrError(Throwable) 
<StatsForMethod> :
	#generatedTC=4
	WITH NO EXCEPTIONS
17:02:46.647 | DEBUG |  ... 
17:02:46.647 | INFO  | Started: method com.google.common.util.concurrent.SimpleTimeLimiter.wrapAndThrowRuntimeExecutionExceptionOrError(Throwable)
17:02:46.647 | INFO  |  -- Remaining time budget: 14139 ms, #remaining_methods: 8, budget for method: 1767 ms, solver timeout: 883 ms, budget for symbolic execution: 884 ms, budget for concrete execution: 883 ms,  -- 
17:02:46.657 | DEBUG | --new testCase collected, to generate: testCom.google.common.util.concurrent.SimpleTimeLimiter.wrapAndThrowRuntimeExecutionExceptionOrError(Throwable)1
17:02:46.736 | DEBUG | --new testCase collected, to generate: testCom.google.common.util.concurrent.SimpleTimeLimiter.wrapAndThrowRuntimeExecutionExceptionOrError(Throwable)2
17:02:46.816 | DEBUG | --new testCase collected, to generate: testCom.google.common.util.concurrent.SimpleTimeLimiter.wrapAndThrowRuntimeExecutionExceptionOrError(Throwable)3
17:02:46.816 | INFO  | Finished (in 0.169 sec): method com.google.common.util.concurrent.SimpleTimeLimiter.wrapAndThrowRuntimeExecutionExceptionOrError(Throwable) 
<StatsForMethod> :
	#generatedTC=3
	WITH NO EXCEPTIONS
17:02:46.818 | DEBUG |  ... 
17:02:46.818 | INFO  | Started: method com.google.common.util.concurrent.SimpleTimeLimiter.create(ExecutorService)
17:02:46.818 | INFO  |  -- Remaining time budget: 13968 ms, #remaining_methods: 7, budget for method: 1995 ms, solver timeout: 997 ms, budget for symbolic execution: 998 ms, budget for concrete execution: 997 ms,  -- 
17:02:46.828 | DEBUG | --new testCase collected, to generate: testCom.google.common.util.concurrent.SimpleTimeLimiter.create(ExecutorService)1
17:02:47.141 | DEBUG | --new testCase collected, to generate: testCom.google.common.util.concurrent.SimpleTimeLimiter.create(ExecutorService)2
17:02:47.238 | DEBUG | --new testCase collected, to generate: testCom.google.common.util.concurrent.SimpleTimeLimiter.create(ExecutorService)3
17:02:47.238 | INFO  | Finished (in 0.420 sec): method com.google.common.util.concurrent.SimpleTimeLimiter.create(ExecutorService) 
<StatsForMethod> :
	#generatedTC=3
	WITH NO EXCEPTIONS
17:02:47.252 | DEBUG |  ... 
17:02:47.252 | INFO  | Started: method com.google.common.util.concurrent.SimpleTimeLimiter.throwCause(Exception, boolean)
17:02:47.253 | INFO  |  -- Remaining time budget: 13534 ms, #remaining_methods: 6, budget for method: 2255 ms, solver timeout: 1000 ms, budget for symbolic execution: 1128 ms, budget for concrete execution: 1127 ms,  -- 
17:02:47.267 | DEBUG | --new testCase collected, to generate: testCom.google.common.util.concurrent.SimpleTimeLimiter.throwCause(Exception, boolean)1
17:02:47.301 | DEBUG | --new testCase collected, to generate: testCom.google.common.util.concurrent.SimpleTimeLimiter.throwCause(Exception, boolean)2
17:02:47.558 | DEBUG | --new testCase collected, to generate: testCom.google.common.util.concurrent.SimpleTimeLimiter.throwCause(Exception, boolean)3
17:02:47.876 | ERROR | Symbolic execution FAILED
java.lang.IllegalStateException: RefType [Ljava.lang.StackTraceElement; not loaded. If you tried to get the RefType of a library class, did you call loadNecessaryClasses()? Otherwise please check Soot's classpath.
	at soot.Scene.getRefType(Scene.java:1096) ~[utbot-junit-contest-1.0.jar:?]
	at com.huawei.utbot.engine.ResolverKt$toMethodResult$9$1.invoke(Resolver.kt:990) ~[utbot-junit-contest-1.0.jar:?]
	at com.huawei.utbot.engine.ResolverKt$toMethodResult$9$1.invoke(Resolver.kt) ~[utbot-junit-contest-1.0.jar:?]
	at com.huawei.utbot.engine.UtBotSymbolicEngine.asMethodResult$utbot_framework(UtBotSymbolicEngine.kt:3169) ~[utbot-junit-contest-1.0.jar:?]
	at com.huawei.utbot.engine.ResolverKt.toMethodResult(Resolver.kt:989) ~[utbot-junit-contest-1.0.jar:?]
	at com.huawei.utbot.engine.UtBotSymbolicEngine.processStaticFieldConcretely(UtBotSymbolicEngine.kt:814) ~[utbot-junit-contest-1.0.jar:?]
	at com.huawei.utbot.engine.UtBotSymbolicEngine.processStaticInitializer(UtBotSymbolicEngine.kt:710) ~[utbot-junit-contest-1.0.jar:?]
	at com.huawei.utbot.engine.UtBotSymbolicEngine.processStaticInitializerIfRequired(UtBotSymbolicEngine.kt:664) ~[utbot-junit-contest-1.0.jar:?]
	at com.huawei.utbot.engine.UtBotSymbolicEngine.doPreparatoryWorkIfRequired(UtBotSymbolicEngine.kt:637) ~[utbot-junit-contest-1.0.jar:?]
	at com.huawei.utbot.engine.UtBotSymbolicEngine.traverseStmt(UtBotSymbolicEngine.kt:601) ~[utbot-junit-contest-1.0.jar:?]
	at com.huawei.utbot.engine.UtBotSymbolicEngine$traverse$1.invokeSuspend(UtBotSymbolicEngine.kt:464) [utbot-junit-contest-1.0.jar:?]
	at com.huawei.utbot.engine.UtBotSymbolicEngine$traverse$1.invoke(UtBotSymbolicEngine.kt) [utbot-junit-contest-1.0.jar:?]
	at kotlinx.coroutines.flow.SafeFlow.collectSafely(Builders.kt:61) [utbot-junit-contest-1.0.jar:?]
	at kotlinx.coroutines.flow.AbstractFlow.collect(Flow.kt:212) [utbot-junit-contest-1.0.jar:?]
	at kotlinx.coroutines.flow.FlowKt__MergeKt$flattenConcat$$inlined$unsafeFlow$1$lambda$1.emit(Collect.kt:134) [utbot-junit-contest-1.0.jar:?]
	at kotlinx.coroutines.flow.FlowKt__BuildersKt$flowOf$$inlined$unsafeFlow$1.collect(SafeCollector.common.kt:114) [utbot-junit-contest-1.0.jar:?]
	at kotlinx.coroutines.flow.FlowKt__BuildersKt$flowOf$$inlined$unsafeFlow$1$1.invokeSuspend(Unknown Source) [utbot-junit-contest-1.0.jar:?]
	at kotlin.coroutines.jvm.internal.BaseContinuationImpl.resumeWith(ContinuationImpl.kt:33) [utbot-junit-contest-1.0.jar:?]
	at kotlinx.coroutines.DispatchedTask.run(DispatchedTask.kt:106) [utbot-junit-contest-1.0.jar:?]
	at java.util.concurrent.Executors$RunnableAdapter.call(Executors.java:511) [?:1.8.0_312]
	at java.util.concurrent.FutureTask.run(FutureTask.java:266) [?:1.8.0_312]
	at java.util.concurrent.ScheduledThreadPoolExecutor$ScheduledFutureTask.access$201(ScheduledThreadPoolExecutor.java:180) [?:1.8.0_312]
	at java.util.concurrent.ScheduledThreadPoolExecutor$ScheduledFutureTask.run(ScheduledThreadPoolExecutor.java:293) [?:1.8.0_312]
	at java.util.concurrent.ThreadPoolExecutor.runWorker(ThreadPoolExecutor.java:1149) [?:1.8.0_312]
	at java.util.concurrent.ThreadPoolExecutor$Worker.run(ThreadPoolExecutor.java:624) [?:1.8.0_312]
	at java.lang.Thread.run(Thread.java:748) [?:1.8.0_312]
17:02:48.058 | DEBUG | --new testCase collected, to generate: testCom.google.common.util.concurrent.SimpleTimeLimiter.throwCause(Exception, boolean)4
17:02:48.107 | DEBUG | --new testCase collected, to generate: testCom.google.common.util.concurrent.SimpleTimeLimiter.throwCause(Exception, boolean)5
17:02:48.252 | DEBUG | --new testCase collected, to generate: testCom.google.common.util.concurrent.SimpleTimeLimiter.throwCause(Exception, boolean)6
17:02:48.381 | INFO  | |> Starting concrete execution for remaining state: com.google.common.util.concurrent.SimpleTimeLimiter.throwCause(Exception, boolean)
17:02:48.382 | DEBUG | --new testCase collected, to generate: testCom.google.common.util.concurrent.SimpleTimeLimiter.throwCause(Exception, boolean)7
17:02:48.646 | ERROR | Symbolic execution FAILED ... <<stack trace duplicated>>
17:02:48.894 | DEBUG | --new testCase collected, to generate: testCom.google.common.util.concurrent.SimpleTimeLimiter.throwCause(Exception, boolean)8
17:02:49.026 | ERROR | Symbolic execution FAILED ... <<stack trace duplicated>>
17:02:49.273 | DEBUG | --new testCase collected, to generate: testCom.google.common.util.concurrent.SimpleTimeLimiter.throwCause(Exception, boolean)9
17:02:49.403 | ERROR | Symbolic execution FAILED ... <<stack trace duplicated>>
17:02:49.509 | INFO  | (X) Cancelling concrete execution: com.google.common.util.concurrent.SimpleTimeLimiter.throwCause(Exception, boolean)
17:02:49.544 | INFO  | Finished (in 2.292 sec): method com.google.common.util.concurrent.SimpleTimeLimiter.throwCause(Exception, boolean) 
<StatsForMethod> :
	#generatedTC=9
	FAILED 4 time(s) with 1 different exception(s)"
17:02:49.573 | DEBUG |  ... 
17:02:49.574 | INFO  | Started: method com.google.common.util.concurrent.SimpleTimeLimiter.findInterruptibleMethods(Class)
17:02:49.574 | INFO  |  -- Remaining time budget: 11213 ms, #remaining_methods: 5, budget for method: 2242 ms, solver timeout: 1000 ms, budget for symbolic execution: 1121 ms, budget for concrete execution: 1121 ms,  -- 
17:02:49.579 | ERROR | Symbolic execution FAILED
com.huawei.utbot.instrumentation.util.ChildProcessError: Error in the child process |> java.lang.IllegalAccessException: java.lang.Class
	at sun.misc.Unsafe.allocateInstance(Native Method)
	at com.huawei.utbot.framework.util.EngineUtilsKt.getAnyInstance(EngineUtils.kt:61)
	at com.huawei.utbot.framework.concrete.MockValueConstructor.constructObject(MockValueConstructor.kt:158)
	at com.huawei.utbot.framework.concrete.MockValueConstructor.construct(MockValueConstructor.kt:124)
	at com.huawei.utbot.framework.concrete.MockValueConstructor.constructMethodParameters(MockValueConstructor.kt:101)
	at com.huawei.utbot.framework.concrete.UtExecutionInstrumentation.invoke(UtExecutionInstrumentation.kt:126)
	at com.huawei.utbot.framework.concrete.UtExecutionInstrumentation.invoke(UtExecutionInstrumentation.kt:96)
	at com.huawei.utbot.instrumentation.process.ChildProcessKt.loop(ChildProcess.kt:114)
	at com.huawei.utbot.instrumentation.process.ChildProcessKt.main(ChildProcess.kt:76)
	at com.huawei.utbot.instrumentation.process.ChildProcessKt.main(ChildProcess.kt)

	at com.huawei.utbot.instrumentation.ConcreteExecutor.executeAsync(ConcreteExecutor.kt:391) ~[utbot-junit-contest-1.0.jar:?]
	at com.huawei.utbot.instrumentation.ConcreteExecutor$executeAsync$1.invokeSuspend(ConcreteExecutor.kt) ~[utbot-junit-contest-1.0.jar:?]
	at kotlin.coroutines.jvm.internal.BaseContinuationImpl.resumeWith(ContinuationImpl.kt:33) [utbot-junit-contest-1.0.jar:?]
	at kotlinx.coroutines.DispatchedTask.run(DispatchedTask.kt:106) [utbot-junit-contest-1.0.jar:?]
	at java.util.concurrent.Executors$RunnableAdapter.call(Executors.java:511) [?:1.8.0_312]
	at java.util.concurrent.FutureTask.run(FutureTask.java:266) [?:1.8.0_312]
	at java.util.concurrent.ScheduledThreadPoolExecutor$ScheduledFutureTask.access$201(ScheduledThreadPoolExecutor.java:180) [?:1.8.0_312]
	at java.util.concurrent.ScheduledThreadPoolExecutor$ScheduledFutureTask.run(ScheduledThreadPoolExecutor.java:293) [?:1.8.0_312]
	at java.util.concurrent.ThreadPoolExecutor.runWorker(ThreadPoolExecutor.java:1149) [?:1.8.0_312]
	at java.util.concurrent.ThreadPoolExecutor$Worker.run(ThreadPoolExecutor.java:624) [?:1.8.0_312]
	at java.lang.Thread.run(Thread.java:748) [?:1.8.0_312]
17:02:49.646 | DEBUG | --new testCase collected, to generate: testCom.google.common.util.concurrent.SimpleTimeLimiter.findInterruptibleMethods(Class)1
17:02:50.695 | INFO  | |> Starting concrete execution for remaining state: com.google.common.util.concurrent.SimpleTimeLimiter.findInterruptibleMethods(Class)
17:02:51.816 | INFO  | (X) Cancelling concrete execution: com.google.common.util.concurrent.SimpleTimeLimiter.findInterruptibleMethods(Class)
17:02:51.841 | INFO  | Finished (in 2.267 sec): method com.google.common.util.concurrent.SimpleTimeLimiter.findInterruptibleMethods(Class) 
<StatsForMethod> :
	#generatedTC=1
	FAILED 1 time(s) with 1 different exception(s)"
17:02:51.929 | DEBUG |  ... 
17:02:51.930 | INFO  | Started: method com.google.common.util.concurrent.SimpleTimeLimiter.declaresInterruptedEx(Method)
17:02:51.931 | INFO  |  -- Remaining time budget: 8856 ms, #remaining_methods: 4, budget for method: 2214 ms, solver timeout: 1000 ms, budget for symbolic execution: 1107 ms, budget for concrete execution: 1107 ms,  -- 
17:02:51.947 | DEBUG | --new testCase collected, to generate: testCom.google.common.util.concurrent.SimpleTimeLimiter.declaresInterruptedEx(Method)1
17:02:51.990 | DEBUG | --new testCase collected, to generate: testCom.google.common.util.concurrent.SimpleTimeLimiter.declaresInterruptedEx(Method)2
17:02:52.093 | DEBUG | --new testCase collected, to generate: testCom.google.common.util.concurrent.SimpleTimeLimiter.declaresInterruptedEx(Method)3
17:02:52.133 | DEBUG | --new testCase collected, to generate: testCom.google.common.util.concurrent.SimpleTimeLimiter.declaresInterruptedEx(Method)4
17:02:52.146 | DEBUG | --new testCase collected, to generate: testCom.google.common.util.concurrent.SimpleTimeLimiter.declaresInterruptedEx(Method)5
17:02:52.147 | INFO  | Finished (in 0.216 sec): method com.google.common.util.concurrent.SimpleTimeLimiter.declaresInterruptedEx(Method) 
<StatsForMethod> :
	#generatedTC=5
	WITH NO EXCEPTIONS
17:02:52.153 | DEBUG |  ... 
17:02:52.154 | INFO  | Started: method com.google.common.util.concurrent.SimpleTimeLimiter.checkPositiveTimeout(long)
17:02:52.154 | INFO  |  -- Remaining time budget: 8632 ms, #remaining_methods: 3, budget for method: 2877 ms, solver timeout: 1000 ms, budget for symbolic execution: 1677 ms, budget for concrete execution: 1200 ms,  -- 
17:02:52.164 | DEBUG | --new testCase collected, to generate: testCom.google.common.util.concurrent.SimpleTimeLimiter.checkPositiveTimeout(long)1
17:02:52.207 | DEBUG | --new testCase collected, to generate: testCom.google.common.util.concurrent.SimpleTimeLimiter.checkPositiveTimeout(long)2
17:02:52.212 | DEBUG | --new testCase collected, to generate: testCom.google.common.util.concurrent.SimpleTimeLimiter.checkPositiveTimeout(long)3
17:02:52.212 | INFO  | Finished (in 0.058 sec): method com.google.common.util.concurrent.SimpleTimeLimiter.checkPositiveTimeout(long) 
<StatsForMethod> :
	#generatedTC=3
	WITH NO EXCEPTIONS
17:02:52.213 | DEBUG |  ... 
17:02:52.214 | INFO  | Started: method com.google.common.util.concurrent.SimpleTimeLimiter.newProxy(Class, InvocationHandler)
17:02:52.214 | INFO  |  -- Remaining time budget: 8572 ms, #remaining_methods: 2, budget for method: 4286 ms, solver timeout: 1000 ms, budget for symbolic execution: 3086 ms, budget for concrete execution: 1200 ms,  -- 
17:02:52.218 | ERROR | Symbolic execution FAILED
com.huawei.utbot.instrumentation.util.ChildProcessError: Error in the child process |> java.lang.IllegalAccessException: java.lang.Class
	at sun.misc.Unsafe.allocateInstance(Native Method)
	at com.huawei.utbot.framework.util.EngineUtilsKt.getAnyInstance(EngineUtils.kt:61)
	at com.huawei.utbot.framework.concrete.MockValueConstructor.constructObject(MockValueConstructor.kt:158)
	at com.huawei.utbot.framework.concrete.MockValueConstructor.construct(MockValueConstructor.kt:124)
	at com.huawei.utbot.framework.concrete.MockValueConstructor.constructMethodParameters(MockValueConstructor.kt:101)
	at com.huawei.utbot.framework.concrete.UtExecutionInstrumentation.invoke(UtExecutionInstrumentation.kt:126)
	at com.huawei.utbot.framework.concrete.UtExecutionInstrumentation.invoke(UtExecutionInstrumentation.kt:96)
	at com.huawei.utbot.instrumentation.process.ChildProcessKt.loop(ChildProcess.kt:114)
	at com.huawei.utbot.instrumentation.process.ChildProcessKt.main(ChildProcess.kt:76)
	at com.huawei.utbot.instrumentation.process.ChildProcessKt.main(ChildProcess.kt)

	at com.huawei.utbot.instrumentation.ConcreteExecutor.executeAsync(ConcreteExecutor.kt:391) ~[utbot-junit-contest-1.0.jar:?]
	at com.huawei.utbot.instrumentation.ConcreteExecutor$executeAsync$1.invokeSuspend(ConcreteExecutor.kt) ~[utbot-junit-contest-1.0.jar:?]
	at kotlin.coroutines.jvm.internal.BaseContinuationImpl.resumeWith(ContinuationImpl.kt:33) [utbot-junit-contest-1.0.jar:?]
	at kotlinx.coroutines.DispatchedTask.run(DispatchedTask.kt:106) [utbot-junit-contest-1.0.jar:?]
	at java.util.concurrent.Executors$RunnableAdapter.call(Executors.java:511) [?:1.8.0_312]
	at java.util.concurrent.FutureTask.run(FutureTask.java:266) [?:1.8.0_312]
	at java.util.concurrent.ScheduledThreadPoolExecutor$ScheduledFutureTask.access$201(ScheduledThreadPoolExecutor.java:180) [?:1.8.0_312]
	at java.util.concurrent.ScheduledThreadPoolExecutor$ScheduledFutureTask.run(ScheduledThreadPoolExecutor.java:293) [?:1.8.0_312]
	at java.util.concurrent.ThreadPoolExecutor.runWorker(ThreadPoolExecutor.java:1149) [?:1.8.0_312]
	at java.util.concurrent.ThreadPoolExecutor$Worker.run(ThreadPoolExecutor.java:624) [?:1.8.0_312]
	at java.lang.Thread.run(Thread.java:748) [?:1.8.0_312]
17:02:52.273 | DEBUG | --new testCase collected, to generate: testCom.google.common.util.concurrent.SimpleTimeLimiter.newProxy(Class, InvocationHandler)1
17:02:52.637 | DEBUG | --new testCase collected, to generate: testCom.google.common.util.concurrent.SimpleTimeLimiter.newProxy(Class, InvocationHandler)2
17:02:55.300 | INFO  | |> Starting concrete execution for remaining state: com.google.common.util.concurrent.SimpleTimeLimiter.newProxy(Class, InvocationHandler)
17:02:56.501 | INFO  | (X) Cancelling concrete execution: com.google.common.util.concurrent.SimpleTimeLimiter.newProxy(Class, InvocationHandler)
17:02:56.532 | INFO  | Finished (in 4.318 sec): method com.google.common.util.concurrent.SimpleTimeLimiter.newProxy(Class, InvocationHandler) 
<StatsForMethod> :
	#generatedTC=2
	FAILED 1 time(s) with 1 different exception(s)"
17:02:56.805 | DEBUG |  ... 
17:02:56.806 | INFO  | Started: method com.google.common.util.concurrent.SimpleTimeLimiter.<init>(ExecutorService)
17:02:56.806 | INFO  |  -- Remaining time budget: 3980 ms, #remaining_methods: 1, budget for method: 3980 ms, solver timeout: 1000 ms, budget for symbolic execution: 2780 ms, budget for concrete execution: 1200 ms,  -- 
17:02:56.811 | DEBUG | --new testCase collected, to generate: testCom.google.common.util.concurrent.SimpleTimeLimiter.<init>(ExecutorService)1
17:02:56.976 | DEBUG | --new testCase collected, to generate: testCom.google.common.util.concurrent.SimpleTimeLimiter.<init>(ExecutorService)2
17:02:57.054 | DEBUG | --new testCase collected, to generate: testCom.google.common.util.concurrent.SimpleTimeLimiter.<init>(ExecutorService)3
17:02:57.055 | INFO  | Finished (in 0.249 sec): method com.google.common.util.concurrent.SimpleTimeLimiter.<init>(ExecutorService) 
<StatsForMethod> :
	#generatedTC=3
	WITH NO EXCEPTIONS
17:02:57.061 | INFO  | Started: Flushing tests for [SimpleTimeLimiter] on disk
17:02:57.342 | INFO  | File size for SimpleTimeLimiterTest: 46 KB
17:02:57.344 | INFO  | Finished (in 0.282 sec): Flushing tests for [SimpleTimeLimiter] on disk 
17:02:57.345 | INFO  | Finished (in 22.035 sec): class com.google.common.util.concurrent.SimpleTimeLimiter 
<StatsForClass> :
	canceled by timeout = false
	#methods = 15, 
	#methods started symbolic exploration = 15
	#methods with at least one TC = 10
	#methods with exceptions = 9
	#generated TC = 34
	#coverage = null
[READY]
