Started UtBot Contest, classfileDir = /var/benchmarks/projects/fastjson/target/classes, classpathString=/var/benchmarks/projects/fastjson/target/classes:/var/benchmarks/projects/fastjson/target/fastjson-1.2.50-SNAPSHOT.jar:/var/benchmarks/projects/./fastjson/target/dependency/deeptestutils-1.1.0.jar:/var/benchmarks/projects/fastjson/target/dependency/commons-beanutils-1.8.0.jar:/var/benchmarks/projects/fastjson/target/dependency/woodstox-core-asl-4.4.1.jar:/var/benchmarks/projects/fastjson/target/dependency/spring-aop-4.3.7.RELEASE.jar:/var/benchmarks/projects/fastjson/target/dependency/hibernate-core-5.2.10.Final.jar:/var/benchmarks/projects/fastjson/target/dependency/jackson-module-kotlin-2.9.0.jar:/var/benchmarks/projects/fastjson/target/dependency/spring-data-commons-1.13.6.RELEASE.jar:/var/benchmarks/projects/fastjson/target/dependency/javax.annotation-api-1.2.jar:/var/benchmarks/projects/fastjson/target/dependency/gson-2.6.2.jar:/var/benchmarks/projects/fastjson/target/dependency/jetty-continuation-8.1.8.v20121106.jar:/var/benchmarks/projects/fastjson/target/dependency/objenesis-2.5.1.jar:/var/benchmarks/projects/fastjson/target/dependency/powermock-reflect-1.6.6.jar:/var/benchmarks/projects/fastjson/target/dependency/springfox-spring-web-2.6.1.jar:/var/benchmarks/projects/fastjson/target/dependency/javaslang-2.0.6.jar:/var/benchmarks/projects/fastjson/target/dependency/guava-18.0.jar:/var/benchmarks/projects/fastjson/target/dependency/mockito-core-1.10.19.jar:/var/benchmarks/projects/fastjson/target/dependency/json-lib-2.4-jdk15.jar:/var/benchmarks/projects/fastjson/target/dependency/jetty-xml-8.1.8.v20121106.jar:/var/benchmarks/projects/fastjson/target/dependency/xmlschema-core-2.2.1.jar:/var/benchmarks/projects/fastjson/target/dependency/powermock-api-support-1.6.6.jar:/var/benchmarks/projects/fastjson/target/dependency/commons-collections4-4.1.jar:/var/benchmarks/projects/fastjson/target/dependency/cglib-nodep-2.2.2.jar:/var/benchmarks/projects/fastjson/target/dependency/asm-debug-all-5.0.4.jar:/var/benchmarks/projects/fastjson/target/dependency/spring-plugin-core-1.2.0.RELEASE.jar:/var/benchmarks/projects/fastjson/target/dependency/cxf-rt-rs-client-3.1.2.jar:/var/benchmarks/projects/fastjson/target/dependency/jetty-io-8.1.8.v20121106.jar:/var/benchmarks/projects/fastjson/target/dependency/commons-lang3-3.4.jar:/var/benchmarks/projects/fastjson/target/dependency/stax2-api-3.1.4.jar:/var/benchmarks/projects/fastjson/target/dependency/jackson-annotations-2.9.0.jar:/var/benchmarks/projects/fastjson/target/dependency/jetty-server-8.1.8.v20121106.jar:/var/benchmarks/projects/fastjson/target/dependency/json-simple-1.1.1.jar:/var/benchmarks/projects/fastjson/target/dependency/asm-tree-4.0.jar:/var/benchmarks/projects/fastjson/target/dependency/spring-data-commons-core-1.4.1.RELEASE.jar:/var/benchmarks/projects/fastjson/target/dependency/powermock-module-junit4-common-1.6.6.jar:/var/benchmarks/projects/fastjson/target/dependency/jcl-over-slf4j-1.7.25.jar:/var/benchmarks/projects/fastjson/target/dependency/javax.servlet-3.0.0.v201112011016.jar:/var/benchmarks/projects/fastjson/target/dependency/springfox-core-2.6.1.jar:/var/benchmarks/projects/fastjson/target/dependency/osgi-resource-locator-1.0.1.jar:/var/benchmarks/projects/fastjson/target/dependency/javassist-3.18.0-GA.jar:/var/benchmarks/projects/fastjson/target/dependency/kotlin-reflect-1.1.3-2.jar:/var/benchmarks/projects/fastjson/target/dependency/spring-context-support-4.3.10.RELEASE.jar:/var/benchmarks/projects/fastjson/target/dependency/spring-plugin-metadata-1.2.0.RELEASE.jar:/var/benchmarks/projects/fastjson/target/dependency/kotlin-stdlib-1.1.3-2.jar:/var/benchmarks/projects/fastjson/target/dependency/spring-data-keyvalue-1.2.6.RELEASE.jar:/var/benchmarks/projects/fastjson/target/dependency/jersey-container-servlet-core-2.23.2.jar:/var/benchmarks/projects/fastjson/target/dependency/asm-4.0.jar:/var/benchmarks/projects/fastjson/target/dependency/asm-commons-4.0.jar:/var/benchmarks/projects/fastjson/target/dependency/jersey-guava-2.23.2.jar:/var/benchmarks/projects/fastjson/target/dependency/aopalliance-1.0.jar:/var/benchmarks/projects/fastjson/target/dependency/groovy-2.1.5.jar:/var/benchmarks/projects/fastjson/target/dependency/hk2-api-2.5.0-b05.jar:/var/benchmarks/projects/fastjson/target/dependency/jetty-security-8.1.8.v20121106.jar:/var/benchmarks/projects/fastjson/target/dependency/jmh-core-1.21.jar:/var/benchmarks/projects/fastjson/target/dependency/jersey-container-servlet-2.23.2.jar:/var/benchmarks/projects/fastjson/target/dependency/dom4j-1.6.1.jar:/var/benchmarks/projects/fastjson/target/dependency/spring-core-4.3.7.RELEASE.jar:/var/benchmarks/projects/fastjson/target/dependency/spring-data-redis-1.8.6.RELEASE.jar:/var/benchmarks/projects/fastjson/target/dependency/jackson-core-asl-1.9.13.jar:/var/benchmarks/projects/fastjson/target/dependency/jackson-mapper-asl-1.9.13.jar:/var/benchmarks/projects/fastjson/target/dependency/hibernate-jpa-2.1-api-1.0.0.Final.jar:/var/benchmarks/projects/fastjson/target/dependency/junit-4.12.jar:/var/benchmarks/projects/fastjson/target/dependency/commons-io-1.4.jar:/var/benchmarks/projects/fastjson/target/dependency/jetty-util-8.1.8.v20121106.jar:/var/benchmarks/projects/fastjson/target/dependency/hamcrest-core-1.3.jar:/var/benchmarks/projects/fastjson/target/dependency/jmh-generator-annprocess-1.21.jar:/var/benchmarks/projects/fastjson/target/dependency/jackson-jaxrs-base-2.8.7.jar:/var/benchmarks/projects/fastjson/target/dependency/powermock-module-junit4-1.6.6.jar:/var/benchmarks/projects/fastjson/target/dependency/powermock-core-1.6.6.jar:/var/benchmarks/projects/fastjson/target/dependency/slf4j-api-1.7.25.jar:/var/benchmarks/projects/fastjson/target/dependency/antlr-2.7.7.jar:/var/benchmarks/projects/fastjson/target/dependency/mockito-all-1.10.19.jar:/var/benchmarks/projects/fastjson/target/dependency/jersey-container-jdk-http-2.23.2.jar:/var/benchmarks/projects/fastjson/target/dependency/javaslang-match-2.0.6.jar:/var/benchmarks/projects/fastjson/target/dependency/jersey-test-framework-provider-jdk-http-2.23.2.jar:/var/benchmarks/projects/fastjson/target/dependency/jersey-entity-filtering-2.23.2.jar:/var/benchmarks/projects/fastjson/target/dependency/jandex-2.0.3.Final.jar:/var/benchmarks/projects/fastjson/target/dependency/ezmorph-1.0.6.jar:/var/benchmarks/projects/fastjson/target/dependency/jackson-jaxrs-json-provider-2.8.7.jar:/var/benchmarks/projects/fastjson/target/dependency/cxf-rt-transports-http-3.1.2.jar:/var/benchmarks/projects/fastjson/target/dependency/spring-beans-4.3.7.RELEASE.jar:/var/benchmarks/projects/fastjson/target/dependency/jersey-server-2.23.2.jar:/var/benchmarks/projects/fastjson/target/dependency/powermock-api-mockito-1.6.6.jar:/var/benchmarks/projects/fastjson/target/dependency/jackson-module-jaxb-annotations-2.8.7.jar:/var/benchmarks/projects/fastjson/target/dependency/jopt-simple-4.6.jar:/var/benchmarks/projects/fastjson/target/dependency/asm-analysis-4.0.jar:/var/benchmarks/projects/fastjson/target/dependency/annotations-13.0.jar:/var/benchmarks/projects/fastjson/target/dependency/json-path-2.3.0.jar:/var/benchmarks/projects/fastjson/target/dependency/springfox-spi-2.6.1.jar:/var/benchmarks/projects/fastjson/target/dependency/spring-websocket-4.3.7.RELEASE.jar:/var/benchmarks/projects/fastjson/target/dependency/spring-messaging-4.3.7.RELEASE.jar:/var/benchmarks/projects/fastjson/target/dependency/jersey-client-2.23.2.jar:/var/benchmarks/projects/fastjson/target/dependency/javax.ws.rs-api-2.0.1.jar:/var/benchmarks/projects/fastjson/target/dependency/accessors-smart-1.1.jar:/var/benchmarks/projects/fastjson/target/dependency/hibernate-commons-annotations-5.0.1.Final.jar:/var/benchmarks/projects/fastjson/target/dependency/commons-logging-1.1.1.jar:/var/benchmarks/projects/fastjson/target/dependency/jackson-core-2.9.0.jar:/var/benchmarks/projects/fastjson/target/dependency/spring-expression-4.3.7.RELEASE.jar:/var/benchmarks/projects/fastjson/target/dependency/jersey-media-jaxb-2.23.2.jar:/var/benchmarks/projects/fastjson/target/dependency/okhttp-3.6.0.jar:/var/benchmarks/projects/fastjson/target/dependency/commons-math3-3.2.jar:/var/benchmarks/projects/fastjson/target/dependency/jetty-webapp-8.1.8.v20121106.jar:/var/benchmarks/projects/fastjson/target/dependency/javax.inject-2.5.0-b05.jar:/var/benchmarks/projects/fastjson/target/dependency/cxf-core-3.1.2.jar:/var/benchmarks/projects/fastjson/target/dependency/powermock-api-mockito-common-1.6.6.jar:/var/benchmarks/projects/fastjson/target/dependency/jetty-http-8.1.8.v20121106.jar:/var/benchmarks/projects/fastjson/target/dependency/spring-security-config-3.2.10.RELEASE.jar:/var/benchmarks/projects/fastjson/target/dependency/okio-1.11.0.jar:/var/benchmarks/projects/fastjson/target/dependency/javax.servlet-api-3.1.0.jar:/var/benchmarks/projects/fastjson/target/dependency/json-smart-2.2.1.jar:/var/benchmarks/projects/fastjson/target/dependency/spring-tx-4.3.10.RELEASE.jar:/var/benchmarks/projects/fastjson/target/dependency/jackson-module-afterburner-2.9.0.jar:/var/benchmarks/projects/fastjson/target/dependency/asm-util-4.0.jar:/var/benchmarks/projects/fastjson/target/dependency/spring-security-web-4.2.3.RELEASE.jar:/var/benchmarks/projects/fastjson/target/dependency/spring-webmvc-4.3.7.RELEASE.jar:/var/benchmarks/projects/fastjson/target/dependency/hk2-locator-2.5.0-b05.jar:/var/benchmarks/projects/fastjson/target/dependency/retrofit-2.1.0.jar:/var/benchmarks/projects/fastjson/target/dependency/clojure-1.5.1.jar:/var/benchmarks/projects/fastjson/target/dependency/spring-security-oauth2-2.3.3.RELEASE.jar:/var/benchmarks/projects/fastjson/target/dependency/spring-test-4.3.7.RELEASE.jar:/var/benchmarks/projects/fastjson/target/dependency/aopalliance-repackaged-2.5.0-b05.jar:/var/benchmarks/projects/fastjson/target/dependency/spring-oxm-4.3.10.RELEASE.jar:/var/benchmarks/projects/fastjson/target/dependency/spring-security-core-4.2.3.RELEASE.jar:/var/benchmarks/projects/fastjson/target/dependency/jboss-transaction-api_1.2_spec-1.0.1.Final.jar:/var/benchmarks/projects/fastjson/target/dependency/lombok-1.14.4.jar:/var/benchmarks/projects/fastjson/target/dependency/commons-collections-3.2.1.jar:/var/benchmarks/projects/fastjson/target/dependency/cxf-rt-frontend-jaxrs-3.1.2.jar:/var/benchmarks/projects/fastjson/target/dependency/spring-context-4.3.7.RELEASE.jar:/var/benchmarks/projects/fastjson/target/dependency/jersey-test-framework-core-2.23.2.jar:/var/benchmarks/projects/fastjson/target/dependency/classmate-1.3.1.jar:/var/benchmarks/projects/fastjson/target/dependency/hk2-utils-2.5.0-b05.jar:/var/benchmarks/projects/fastjson/target/dependency/jersey-common-2.23.2.jar:/var/benchmarks/projects/fastjson/target/dependency/jackson-databind-2.9.0.jar:/var/benchmarks/projects/fastjson/target/dependency/jersey-media-json-jackson-2.23.2.jar:/var/benchmarks/projects/fastjson/target/dependency/commons-lang-2.5.jar:/var/benchmarks/projects/fastjson/target/dependency/jetty-servlet-8.1.8.v20121106.jar:/var/benchmarks/projects/fastjson/target/dependency/validation-api-1.1.0.Final.jar:/var/benchmarks/projects/fastjson/target/dependency/spring-web-4.3.7.RELEASE.jar:/var/benchmarks/projects/fastjson/target/dependency/jsoniter-0.9.8.jar:/var/benchmarks/projects/fastjson/target/dependency/jboss-logging-3.3.0.Final.jar, outputDir=/home/utbot_mocks/temp/testcases, mocks=Other classes: Mockito
00:25:27.627 | INFO  | Started: warmup: kotlin reflection :: init
00:25:27.710 | INFO  | Finished (in 0.082 sec): warmup: kotlin reflection :: init 
[INIT]
>> [RUN] com.alibaba.fastjson.serializer.AwtCodec 120
00:25:27.720 | DEBUG | -----------------------------------------------------------------------------
00:25:27.720 | INFO  | Contest.runGeneration: Time budget: 120000 ms, Generation timeout=102000 ms, classpath=/var/benchmarks/projects/fastjson/target/classes:/var/benchmarks/projects/fastjson/target/fastjson-1.2.50-SNAPSHOT.jar:/var/benchmarks/projects/./fastjson/target/dependency/deeptestutils-1.1.0.jar:/var/benchmarks/projects/fastjson/target/dependency/commons-beanutils-1.8.0.jar:/var/benchmarks/projects/fastjson/target/dependency/woodstox-core-asl-4.4.1.jar:/var/benchmarks/projects/fastjson/target/dependency/spring-aop-4.3.7.RELEASE.jar:/var/benchmarks/projects/fastjson/target/dependency/hibernate-core-5.2.10.Final.jar:/var/benchmarks/projects/fastjson/target/dependency/jackson-module-kotlin-2.9.0.jar:/var/benchmarks/projects/fastjson/target/dependency/spring-data-commons-1.13.6.RELEASE.jar:/var/benchmarks/projects/fastjson/target/dependency/javax.annotation-api-1.2.jar:/var/benchmarks/projects/fastjson/target/dependency/gson-2.6.2.jar:/var/benchmarks/projects/fastjson/target/dependency/jetty-continuation-8.1.8.v20121106.jar:/var/benchmarks/projects/fastjson/target/dependency/objenesis-2.5.1.jar:/var/benchmarks/projects/fastjson/target/dependency/powermock-reflect-1.6.6.jar:/var/benchmarks/projects/fastjson/target/dependency/springfox-spring-web-2.6.1.jar:/var/benchmarks/projects/fastjson/target/dependency/javaslang-2.0.6.jar:/var/benchmarks/projects/fastjson/target/dependency/guava-18.0.jar:/var/benchmarks/projects/fastjson/target/dependency/mockito-core-1.10.19.jar:/var/benchmarks/projects/fastjson/target/dependency/json-lib-2.4-jdk15.jar:/var/benchmarks/projects/fastjson/target/dependency/jetty-xml-8.1.8.v20121106.jar:/var/benchmarks/projects/fastjson/target/dependency/xmlschema-core-2.2.1.jar:/var/benchmarks/projects/fastjson/target/dependency/powermock-api-support-1.6.6.jar:/var/benchmarks/projects/fastjson/target/dependency/commons-collections4-4.1.jar:/var/benchmarks/projects/fastjson/target/dependency/cglib-nodep-2.2.2.jar:/var/benchmarks/projects/fastjson/target/dependency/asm-debug-all-5.0.4.jar:/var/benchmarks/projects/fastjson/target/dependency/spring-plugin-core-1.2.0.RELEASE.jar:/var/benchmarks/projects/fastjson/target/dependency/cxf-rt-rs-client-3.1.2.jar:/var/benchmarks/projects/fastjson/target/dependency/jetty-io-8.1.8.v20121106.jar:/var/benchmarks/projects/fastjson/target/dependency/commons-lang3-3.4.jar:/var/benchmarks/projects/fastjson/target/dependency/stax2-api-3.1.4.jar:/var/benchmarks/projects/fastjson/target/dependency/jackson-annotations-2.9.0.jar:/var/benchmarks/projects/fastjson/target/dependency/jetty-server-8.1.8.v20121106.jar:/var/benchmarks/projects/fastjson/target/dependency/json-simple-1.1.1.jar:/var/benchmarks/projects/fastjson/target/dependency/asm-tree-4.0.jar:/var/benchmarks/projects/fastjson/target/dependency/spring-data-commons-core-1.4.1.RELEASE.jar:/var/benchmarks/projects/fastjson/target/dependency/powermock-module-junit4-common-1.6.6.jar:/var/benchmarks/projects/fastjson/target/dependency/jcl-over-slf4j-1.7.25.jar:/var/benchmarks/projects/fastjson/target/dependency/javax.servlet-3.0.0.v201112011016.jar:/var/benchmarks/projects/fastjson/target/dependency/springfox-core-2.6.1.jar:/var/benchmarks/projects/fastjson/target/dependency/osgi-resource-locator-1.0.1.jar:/var/benchmarks/projects/fastjson/target/dependency/javassist-3.18.0-GA.jar:/var/benchmarks/projects/fastjson/target/dependency/kotlin-reflect-1.1.3-2.jar:/var/benchmarks/projects/fastjson/target/dependency/spring-context-support-4.3.10.RELEASE.jar:/var/benchmarks/projects/fastjson/target/dependency/spring-plugin-metadata-1.2.0.RELEASE.jar:/var/benchmarks/projects/fastjson/target/dependency/kotlin-stdlib-1.1.3-2.jar:/var/benchmarks/projects/fastjson/target/dependency/spring-data-keyvalue-1.2.6.RELEASE.jar:/var/benchmarks/projects/fastjson/target/dependency/jersey-container-servlet-core-2.23.2.jar:/var/benchmarks/projects/fastjson/target/dependency/asm-4.0.jar:/var/benchmarks/projects/fastjson/target/dependency/asm-commons-4.0.jar:/var/benchmarks/projects/fastjson/target/dependency/jersey-guava-2.23.2.jar:/var/benchmarks/projects/fastjson/target/dependency/aopalliance-1.0.jar:/var/benchmarks/projects/fastjson/target/dependency/groovy-2.1.5.jar:/var/benchmarks/projects/fastjson/target/dependency/hk2-api-2.5.0-b05.jar:/var/benchmarks/projects/fastjson/target/dependency/jetty-security-8.1.8.v20121106.jar:/var/benchmarks/projects/fastjson/target/dependency/jmh-core-1.21.jar:/var/benchmarks/projects/fastjson/target/dependency/jersey-container-servlet-2.23.2.jar:/var/benchmarks/projects/fastjson/target/dependency/dom4j-1.6.1.jar:/var/benchmarks/projects/fastjson/target/dependency/spring-core-4.3.7.RELEASE.jar:/var/benchmarks/projects/fastjson/target/dependency/spring-data-redis-1.8.6.RELEASE.jar:/var/benchmarks/projects/fastjson/target/dependency/jackson-core-asl-1.9.13.jar:/var/benchmarks/projects/fastjson/target/dependency/jackson-mapper-asl-1.9.13.jar:/var/benchmarks/projects/fastjson/target/dependency/hibernate-jpa-2.1-api-1.0.0.Final.jar:/var/benchmarks/projects/fastjson/target/dependency/junit-4.12.jar:/var/benchmarks/projects/fastjson/target/dependency/commons-io-1.4.jar:/var/benchmarks/projects/fastjson/target/dependency/jetty-util-8.1.8.v20121106.jar:/var/benchmarks/projects/fastjson/target/dependency/hamcrest-core-1.3.jar:/var/benchmarks/projects/fastjson/target/dependency/jmh-generator-annprocess-1.21.jar:/var/benchmarks/projects/fastjson/target/dependency/jackson-jaxrs-base-2.8.7.jar:/var/benchmarks/projects/fastjson/target/dependency/powermock-module-junit4-1.6.6.jar:/var/benchmarks/projects/fastjson/target/dependency/powermock-core-1.6.6.jar:/var/benchmarks/projects/fastjson/target/dependency/slf4j-api-1.7.25.jar:/var/benchmarks/projects/fastjson/target/dependency/antlr-2.7.7.jar:/var/benchmarks/projects/fastjson/target/dependency/mockito-all-1.10.19.jar:/var/benchmarks/projects/fastjson/target/dependency/jersey-container-jdk-http-2.23.2.jar:/var/benchmarks/projects/fastjson/target/dependency/javaslang-match-2.0.6.jar:/var/benchmarks/projects/fastjson/target/dependency/jersey-test-framework-provider-jdk-http-2.23.2.jar:/var/benchmarks/projects/fastjson/target/dependency/jersey-entity-filtering-2.23.2.jar:/var/benchmarks/projects/fastjson/target/dependency/jandex-2.0.3.Final.jar:/var/benchmarks/projects/fastjson/target/dependency/ezmorph-1.0.6.jar:/var/benchmarks/projects/fastjson/target/dependency/jackson-jaxrs-json-provider-2.8.7.jar:/var/benchmarks/projects/fastjson/target/dependency/cxf-rt-transports-http-3.1.2.jar:/var/benchmarks/projects/fastjson/target/dependency/spring-beans-4.3.7.RELEASE.jar:/var/benchmarks/projects/fastjson/target/dependency/jersey-server-2.23.2.jar:/var/benchmarks/projects/fastjson/target/dependency/powermock-api-mockito-1.6.6.jar:/var/benchmarks/projects/fastjson/target/dependency/jackson-module-jaxb-annotations-2.8.7.jar:/var/benchmarks/projects/fastjson/target/dependency/jopt-simple-4.6.jar:/var/benchmarks/projects/fastjson/target/dependency/asm-analysis-4.0.jar:/var/benchmarks/projects/fastjson/target/dependency/annotations-13.0.jar:/var/benchmarks/projects/fastjson/target/dependency/json-path-2.3.0.jar:/var/benchmarks/projects/fastjson/target/dependency/springfox-spi-2.6.1.jar:/var/benchmarks/projects/fastjson/target/dependency/spring-websocket-4.3.7.RELEASE.jar:/var/benchmarks/projects/fastjson/target/dependency/spring-messaging-4.3.7.RELEASE.jar:/var/benchmarks/projects/fastjson/target/dependency/jersey-client-2.23.2.jar:/var/benchmarks/projects/fastjson/target/dependency/javax.ws.rs-api-2.0.1.jar:/var/benchmarks/projects/fastjson/target/dependency/accessors-smart-1.1.jar:/var/benchmarks/projects/fastjson/target/dependency/hibernate-commons-annotations-5.0.1.Final.jar:/var/benchmarks/projects/fastjson/target/dependency/commons-logging-1.1.1.jar:/var/benchmarks/projects/fastjson/target/dependency/jackson-core-2.9.0.jar:/var/benchmarks/projects/fastjson/target/dependency/spring-expression-4.3.7.RELEASE.jar:/var/benchmarks/projects/fastjson/target/dependency/jersey-media-jaxb-2.23.2.jar:/var/benchmarks/projects/fastjson/target/dependency/okhttp-3.6.0.jar:/var/benchmarks/projects/fastjson/target/dependency/commons-math3-3.2.jar:/var/benchmarks/projects/fastjson/target/dependency/jetty-webapp-8.1.8.v20121106.jar:/var/benchmarks/projects/fastjson/target/dependency/javax.inject-2.5.0-b05.jar:/var/benchmarks/projects/fastjson/target/dependency/cxf-core-3.1.2.jar:/var/benchmarks/projects/fastjson/target/dependency/powermock-api-mockito-common-1.6.6.jar:/var/benchmarks/projects/fastjson/target/dependency/jetty-http-8.1.8.v20121106.jar:/var/benchmarks/projects/fastjson/target/dependency/spring-security-config-3.2.10.RELEASE.jar:/var/benchmarks/projects/fastjson/target/dependency/okio-1.11.0.jar:/var/benchmarks/projects/fastjson/target/dependency/javax.servlet-api-3.1.0.jar:/var/benchmarks/projects/fastjson/target/dependency/json-smart-2.2.1.jar:/var/benchmarks/projects/fastjson/target/dependency/spring-tx-4.3.10.RELEASE.jar:/var/benchmarks/projects/fastjson/target/dependency/jackson-module-afterburner-2.9.0.jar:/var/benchmarks/projects/fastjson/target/dependency/asm-util-4.0.jar:/var/benchmarks/projects/fastjson/target/dependency/spring-security-web-4.2.3.RELEASE.jar:/var/benchmarks/projects/fastjson/target/dependency/spring-webmvc-4.3.7.RELEASE.jar:/var/benchmarks/projects/fastjson/target/dependency/hk2-locator-2.5.0-b05.jar:/var/benchmarks/projects/fastjson/target/dependency/retrofit-2.1.0.jar:/var/benchmarks/projects/fastjson/target/dependency/clojure-1.5.1.jar:/var/benchmarks/projects/fastjson/target/dependency/spring-security-oauth2-2.3.3.RELEASE.jar:/var/benchmarks/projects/fastjson/target/dependency/spring-test-4.3.7.RELEASE.jar:/var/benchmarks/projects/fastjson/target/dependency/aopalliance-repackaged-2.5.0-b05.jar:/var/benchmarks/projects/fastjson/target/dependency/spring-oxm-4.3.10.RELEASE.jar:/var/benchmarks/projects/fastjson/target/dependency/spring-security-core-4.2.3.RELEASE.jar:/var/benchmarks/projects/fastjson/target/dependency/jboss-transaction-api_1.2_spec-1.0.1.Final.jar:/var/benchmarks/projects/fastjson/target/dependency/lombok-1.14.4.jar:/var/benchmarks/projects/fastjson/target/dependency/commons-collections-3.2.1.jar:/var/benchmarks/projects/fastjson/target/dependency/cxf-rt-frontend-jaxrs-3.1.2.jar:/var/benchmarks/projects/fastjson/target/dependency/spring-context-4.3.7.RELEASE.jar:/var/benchmarks/projects/fastjson/target/dependency/jersey-test-framework-core-2.23.2.jar:/var/benchmarks/projects/fastjson/target/dependency/classmate-1.3.1.jar:/var/benchmarks/projects/fastjson/target/dependency/hk2-utils-2.5.0-b05.jar:/var/benchmarks/projects/fastjson/target/dependency/jersey-common-2.23.2.jar:/var/benchmarks/projects/fastjson/target/dependency/jackson-databind-2.9.0.jar:/var/benchmarks/projects/fastjson/target/dependency/jersey-media-json-jackson-2.23.2.jar:/var/benchmarks/projects/fastjson/target/dependency/commons-lang-2.5.jar:/var/benchmarks/projects/fastjson/target/dependency/jetty-servlet-8.1.8.v20121106.jar:/var/benchmarks/projects/fastjson/target/dependency/validation-api-1.1.0.Final.jar:/var/benchmarks/projects/fastjson/target/dependency/spring-web-4.3.7.RELEASE.jar:/var/benchmarks/projects/fastjson/target/dependency/jsoniter-0.9.8.jar:/var/benchmarks/projects/fastjson/target/dependency/jboss-logging-3.3.0.Final.jar, methodNameFilter=null
00:25:27.724 | INFO  | ClassUnderTest[ FQN: com.alibaba.fastjson.serializer.AwtCodec
    classfileDir: /var/benchmarks/projects/fastjson/target/classes
    testClassSimpleName: AwtCodecTest
    generatedTestFile: /home/utbot_mocks/temp/testcases/com/alibaba/fastjson/serializer/AwtCodecTest.java
    generatedTestsSourcesDir: /home/utbot_mocks/temp/testcases
]
00:25:27.746 | INFO  | Started: class com.alibaba.fastjson.serializer.AwtCodec
00:25:27.746 | INFO  | Started: preparation class class com.alibaba.fastjson.serializer.AwtCodec: kotlin reflection :: run
00:25:27.781 | INFO  | Finished (in 0.035 sec): preparation class class com.alibaba.fastjson.serializer.AwtCodec: kotlin reflection :: run 
00:25:27.782 | INFO  | Started: 2nd optional soot initialization
00:25:27.783 | INFO  | Finished (in 0.001 sec): 2nd optional soot initialization 
00:25:27.791 | DEBUG |  ... 
00:25:27.801 | INFO  | Started: method com.alibaba.fastjson.serializer.AwtCodec.write(JSONSerializer, Object, Object, Type, int)
00:25:27.802 | INFO  |  -- Remaining time budget: 101930 ms, #remaining_methods: 11, budget for method: 9266 ms, solver timeout: 1000 ms, budget for symbolic execution: 8066 ms, budget for concrete execution: 1200 ms,  -- 
00:25:29.980 | DEBUG | --new testCase collected, to generate: testCom.alibaba.fastjson.serializer.AwtCodec.write(JSONSerializer, Object, Object, Type, int)1
00:25:31.402 | DEBUG | --new testCase collected, to generate: testCom.alibaba.fastjson.serializer.AwtCodec.write(JSONSerializer, Object, Object, Type, int)2
00:25:31.457 | DEBUG | --new testCase collected, to generate: testCom.alibaba.fastjson.serializer.AwtCodec.write(JSONSerializer, Object, Object, Type, int)3
00:25:32.709 | DEBUG | --new testCase collected, to generate: testCom.alibaba.fastjson.serializer.AwtCodec.write(JSONSerializer, Object, Object, Type, int)4
00:25:35.864 | INFO  | |> Starting concrete execution for remaining state: com.alibaba.fastjson.serializer.AwtCodec.write(JSONSerializer, Object, Object, Type, int)
00:25:37.065 | INFO  | (X) Cancelling concrete execution: com.alibaba.fastjson.serializer.AwtCodec.write(JSONSerializer, Object, Object, Type, int)
00:25:37.096 | INFO  | Finished (in 9.294 sec): method com.alibaba.fastjson.serializer.AwtCodec.write(JSONSerializer, Object, Object, Type, int) 
<StatsForMethod> :
	#generatedTC=4
	WITH NO EXCEPTIONS
00:25:37.266 | DEBUG |  ... 
00:25:37.267 | INFO  | Started: method com.alibaba.fastjson.serializer.AwtCodec.deserialze(DefaultJSONParser, Type, Object)
00:25:37.267 | INFO  |  -- Remaining time budget: 92456 ms, #remaining_methods: 10, budget for method: 9245 ms, solver timeout: 1000 ms, budget for symbolic execution: 8045 ms, budget for concrete execution: 1200 ms,  -- 
00:25:37.285 | ERROR | Symbolic execution FAILED
com.huawei.utbot.instrumentation.util.ChildProcessError: Error in the child process |> java.util.NoSuchElementException: List is empty.
	at kotlin.collections.CollectionsKt___CollectionsKt.first(_Collections.kt:212)
	at com.huawei.utbot.framework.concrete.UtExecutionInstrumentation.sortOutException(UtExecutionInstrumentation.kt:179)
	at com.huawei.utbot.framework.concrete.UtExecutionInstrumentation.access$sortOutException(UtExecutionInstrumentation.kt:96)
	at com.huawei.utbot.framework.concrete.UtExecutionInstrumentation$invoke$$inlined$use$lambda$1.invoke(UtExecutionInstrumentation.kt:152)
	at com.huawei.utbot.framework.concrete.UtExecutionInstrumentation$invoke$$inlined$use$lambda$1.invoke(UtExecutionInstrumentation.kt:96)
	at com.huawei.utbot.framework.concrete.UtExecutionInstrumentation.withStaticFields(UtExecutionInstrumentation.kt:225)
	at com.huawei.utbot.framework.concrete.UtExecutionInstrumentation.invoke(UtExecutionInstrumentation.kt:137)
	at com.huawei.utbot.framework.concrete.UtExecutionInstrumentation.invoke(UtExecutionInstrumentation.kt:96)
	at com.huawei.utbot.instrumentation.process.ChildProcessKt.loop(ChildProcess.kt:114)
	at com.huawei.utbot.instrumentation.process.ChildProcessKt.main(ChildProcess.kt:76)
	at com.huawei.utbot.instrumentation.process.ChildProcessKt.main(ChildProcess.kt)

	at com.huawei.utbot.instrumentation.ConcreteExecutor.executeAsync(ConcreteExecutor.kt:391) ~[utbot-junit-contest-1.0.jar:?]
	at com.huawei.utbot.instrumentation.ConcreteExecutor$executeAsync$1.invokeSuspend(ConcreteExecutor.kt) ~[utbot-junit-contest-1.0.jar:?]
	at kotlin.coroutines.jvm.internal.BaseContinuationImpl.resumeWith(ContinuationImpl.kt:33) [utbot-junit-contest-1.0.jar:?]
	at kotlinx.coroutines.DispatchedTask.run(DispatchedTask.kt:106) [utbot-junit-contest-1.0.jar:?]
	at java.util.concurrent.Executors$RunnableAdapter.call(Executors.java:511) [?:1.8.0_312]
	at java.util.concurrent.FutureTask.run(FutureTask.java:266) [?:1.8.0_312]
	at java.util.concurrent.ScheduledThreadPoolExecutor$ScheduledFutureTask.access$201(ScheduledThreadPoolExecutor.java:180) [?:1.8.0_312]
	at java.util.concurrent.ScheduledThreadPoolExecutor$ScheduledFutureTask.run(ScheduledThreadPoolExecutor.java:293) [?:1.8.0_312]
	at java.util.concurrent.ThreadPoolExecutor.runWorker(ThreadPoolExecutor.java:1149) [?:1.8.0_312]
	at java.util.concurrent.ThreadPoolExecutor$Worker.run(ThreadPoolExecutor.java:624) [?:1.8.0_312]
	at java.lang.Thread.run(Thread.java:748) [?:1.8.0_312]
00:25:37.568 | DEBUG | --new testCase collected, to generate: testCom.alibaba.fastjson.serializer.AwtCodec.deserialze(DefaultJSONParser, Type, Object)1
00:25:37.876 | DEBUG | --new testCase collected, to generate: testCom.alibaba.fastjson.serializer.AwtCodec.deserialze(DefaultJSONParser, Type, Object)2
00:25:38.038 | DEBUG | --new testCase collected, to generate: testCom.alibaba.fastjson.serializer.AwtCodec.deserialze(DefaultJSONParser, Type, Object)3
00:25:38.626 | DEBUG | --new testCase collected, to generate: testCom.alibaba.fastjson.serializer.AwtCodec.deserialze(DefaultJSONParser, Type, Object)4
00:25:39.942 | DEBUG | --new testCase collected, to generate: testCom.alibaba.fastjson.serializer.AwtCodec.deserialze(DefaultJSONParser, Type, Object)5
00:25:41.836 | DEBUG | --new testCase collected, to generate: testCom.alibaba.fastjson.serializer.AwtCodec.deserialze(DefaultJSONParser, Type, Object)6
00:25:42.313 | DEBUG | --new testCase collected, to generate: testCom.alibaba.fastjson.serializer.AwtCodec.deserialze(DefaultJSONParser, Type, Object)7
00:25:43.436 | DEBUG | --new testCase collected, to generate: testCom.alibaba.fastjson.serializer.AwtCodec.deserialze(DefaultJSONParser, Type, Object)8
00:25:44.458 | DEBUG | --new testCase collected, to generate: testCom.alibaba.fastjson.serializer.AwtCodec.deserialze(DefaultJSONParser, Type, Object)9
00:25:45.313 | INFO  | |> Starting concrete execution for remaining state: com.alibaba.fastjson.serializer.AwtCodec.deserialze(DefaultJSONParser, Type, Object)
00:25:45.640 | DEBUG | --new testCase collected, to generate: testCom.alibaba.fastjson.serializer.AwtCodec.deserialze(DefaultJSONParser, Type, Object)10
00:25:46.287 | DEBUG | --new testCase collected, to generate: testCom.alibaba.fastjson.serializer.AwtCodec.deserialze(DefaultJSONParser, Type, Object)11
00:25:46.513 | INFO  | (X) Cancelling concrete execution: com.alibaba.fastjson.serializer.AwtCodec.deserialze(DefaultJSONParser, Type, Object)
00:25:46.674 | INFO  | Finished (in 9.407 sec): method com.alibaba.fastjson.serializer.AwtCodec.deserialze(DefaultJSONParser, Type, Object) 
<StatsForMethod> :
	#generatedTC=11
	FAILED 1 time(s) with 1 different exception(s)"
00:25:46.934 | DEBUG |  ... 
00:25:46.935 | INFO  | Started: method com.alibaba.fastjson.serializer.AwtCodec.getFastMatchToken()
00:25:46.935 | INFO  |  -- Remaining time budget: 82788 ms, #remaining_methods: 9, budget for method: 9198 ms, solver timeout: 1000 ms, budget for symbolic execution: 7998 ms, budget for concrete execution: 1200 ms,  -- 
00:25:46.942 | DEBUG | --new testCase collected, to generate: testCom.alibaba.fastjson.serializer.AwtCodec.getFastMatchToken()1
00:25:46.969 | DEBUG | --new testCase collected, to generate: testCom.alibaba.fastjson.serializer.AwtCodec.getFastMatchToken()2
00:25:46.970 | INFO  | Finished (in 0.035 sec): method com.alibaba.fastjson.serializer.AwtCodec.getFastMatchToken() 
<StatsForMethod> :
	#generatedTC=2
	WITH NO EXCEPTIONS
00:25:46.970 | DEBUG |  ... 
00:25:46.971 | INFO  | Started: method com.alibaba.fastjson.serializer.AwtCodec.writeClassName(SerializeWriter, Class, char)
00:25:46.971 | INFO  |  -- Remaining time budget: 82753 ms, #remaining_methods: 8, budget for method: 10344 ms, solver timeout: 1000 ms, budget for symbolic execution: 9144 ms, budget for concrete execution: 1200 ms,  -- 
00:25:46.984 | ERROR | Symbolic execution FAILED
com.huawei.utbot.instrumentation.util.ChildProcessError: Error in the child process |> java.lang.IllegalAccessException: java.lang.Class
	at sun.misc.Unsafe.allocateInstance(Native Method)
	at com.huawei.utbot.framework.util.EngineUtilsKt.getAnyInstance(EngineUtils.kt:61)
	at com.huawei.utbot.framework.concrete.MockValueConstructor.constructObject(MockValueConstructor.kt:158)
	at com.huawei.utbot.framework.concrete.MockValueConstructor.construct(MockValueConstructor.kt:124)
	at com.huawei.utbot.framework.concrete.MockValueConstructor.constructMethodParameters(MockValueConstructor.kt:101)
	at com.huawei.utbot.framework.concrete.UtExecutionInstrumentation.invoke(UtExecutionInstrumentation.kt:126)
	at com.huawei.utbot.framework.concrete.UtExecutionInstrumentation.invoke(UtExecutionInstrumentation.kt:96)
	at com.huawei.utbot.instrumentation.process.ChildProcessKt.loop(ChildProcess.kt:114)
	at com.huawei.utbot.instrumentation.process.ChildProcessKt.main(ChildProcess.kt:76)
	at com.huawei.utbot.instrumentation.process.ChildProcessKt.main(ChildProcess.kt)

	at com.huawei.utbot.instrumentation.ConcreteExecutor.executeAsync(ConcreteExecutor.kt:391) ~[utbot-junit-contest-1.0.jar:?]
	at com.huawei.utbot.instrumentation.ConcreteExecutor$executeAsync$1.invokeSuspend(ConcreteExecutor.kt) ~[utbot-junit-contest-1.0.jar:?]
	at kotlin.coroutines.jvm.internal.BaseContinuationImpl.resumeWith(ContinuationImpl.kt:33) [utbot-junit-contest-1.0.jar:?]
	at kotlinx.coroutines.DispatchedTask.run(DispatchedTask.kt:106) [utbot-junit-contest-1.0.jar:?]
	at java.util.concurrent.Executors$RunnableAdapter.call(Executors.java:511) [?:1.8.0_312]
	at java.util.concurrent.FutureTask.run(FutureTask.java:266) [?:1.8.0_312]
	at java.util.concurrent.ScheduledThreadPoolExecutor$ScheduledFutureTask.access$201(ScheduledThreadPoolExecutor.java:180) [?:1.8.0_312]
	at java.util.concurrent.ScheduledThreadPoolExecutor$ScheduledFutureTask.run(ScheduledThreadPoolExecutor.java:293) [?:1.8.0_312]
	at java.util.concurrent.ThreadPoolExecutor.runWorker(ThreadPoolExecutor.java:1149) [?:1.8.0_312]
	at java.util.concurrent.ThreadPoolExecutor$Worker.run(ThreadPoolExecutor.java:624) [?:1.8.0_312]
	at java.lang.Thread.run(Thread.java:748) [?:1.8.0_312]
00:25:47.190 | INFO  | Finished (in 0.219 sec): method com.alibaba.fastjson.serializer.AwtCodec.writeClassName(SerializeWriter, Class, char) 
<StatsForMethod> :
	#generatedTC=0
	FAILED 1 time(s) with 1 different exception(s)"
00:25:47.202 | DEBUG |  ... 
00:25:47.203 | INFO  | Started: method com.alibaba.fastjson.serializer.AwtCodec.parseFont(DefaultJSONParser)
00:25:47.203 | INFO  |  -- Remaining time budget: 82520 ms, #remaining_methods: 7, budget for method: 11788 ms, solver timeout: 1000 ms, budget for symbolic execution: 10588 ms, budget for concrete execution: 1200 ms,  -- 
00:25:47.213 | ERROR | Symbolic execution FAILED
com.huawei.utbot.instrumentation.util.ChildProcessError: Error in the child process |> java.util.NoSuchElementException: List is empty.
	at kotlin.collections.CollectionsKt___CollectionsKt.first(_Collections.kt:212)
	at com.huawei.utbot.framework.concrete.UtExecutionInstrumentation.sortOutException(UtExecutionInstrumentation.kt:179)
	at com.huawei.utbot.framework.concrete.UtExecutionInstrumentation.access$sortOutException(UtExecutionInstrumentation.kt:96)
	at com.huawei.utbot.framework.concrete.UtExecutionInstrumentation$invoke$$inlined$use$lambda$1.invoke(UtExecutionInstrumentation.kt:152)
	at com.huawei.utbot.framework.concrete.UtExecutionInstrumentation$invoke$$inlined$use$lambda$1.invoke(UtExecutionInstrumentation.kt:96)
	at com.huawei.utbot.framework.concrete.UtExecutionInstrumentation.withStaticFields(UtExecutionInstrumentation.kt:225)
	at com.huawei.utbot.framework.concrete.UtExecutionInstrumentation.invoke(UtExecutionInstrumentation.kt:137)
	at com.huawei.utbot.framework.concrete.UtExecutionInstrumentation.invoke(UtExecutionInstrumentation.kt:96)
	at com.huawei.utbot.instrumentation.process.ChildProcessKt.loop(ChildProcess.kt:114)
	at com.huawei.utbot.instrumentation.process.ChildProcessKt.main(ChildProcess.kt:76)
	at com.huawei.utbot.instrumentation.process.ChildProcessKt.main(ChildProcess.kt)

	at com.huawei.utbot.instrumentation.ConcreteExecutor.executeAsync(ConcreteExecutor.kt:391) ~[utbot-junit-contest-1.0.jar:?]
	at com.huawei.utbot.instrumentation.ConcreteExecutor$executeAsync$1.invokeSuspend(ConcreteExecutor.kt) ~[utbot-junit-contest-1.0.jar:?]
	at kotlin.coroutines.jvm.internal.BaseContinuationImpl.resumeWith(ContinuationImpl.kt:33) [utbot-junit-contest-1.0.jar:?]
	at kotlinx.coroutines.DispatchedTask.run(DispatchedTask.kt:106) [utbot-junit-contest-1.0.jar:?]
	at java.util.concurrent.Executors$RunnableAdapter.call(Executors.java:511) [?:1.8.0_312]
	at java.util.concurrent.FutureTask.run(FutureTask.java:266) [?:1.8.0_312]
	at java.util.concurrent.ScheduledThreadPoolExecutor$ScheduledFutureTask.access$201(ScheduledThreadPoolExecutor.java:180) [?:1.8.0_312]
	at java.util.concurrent.ScheduledThreadPoolExecutor$ScheduledFutureTask.run(ScheduledThreadPoolExecutor.java:293) [?:1.8.0_312]
	at java.util.concurrent.ThreadPoolExecutor.runWorker(ThreadPoolExecutor.java:1149) [?:1.8.0_312]
	at java.util.concurrent.ThreadPoolExecutor$Worker.run(ThreadPoolExecutor.java:624) [?:1.8.0_312]
	at java.lang.Thread.run(Thread.java:748) [?:1.8.0_312]
00:25:47.243 | DEBUG | --new testCase collected, to generate: testCom.alibaba.fastjson.serializer.AwtCodec.parseFont(DefaultJSONParser)1
00:25:47.287 | DEBUG | --new testCase collected, to generate: testCom.alibaba.fastjson.serializer.AwtCodec.parseFont(DefaultJSONParser)2
00:25:47.328 | DEBUG | --new testCase collected, to generate: testCom.alibaba.fastjson.serializer.AwtCodec.parseFont(DefaultJSONParser)3
00:25:47.450 | DEBUG | --new testCase collected, to generate: testCom.alibaba.fastjson.serializer.AwtCodec.parseFont(DefaultJSONParser)4
00:25:51.239 | DEBUG | --new testCase collected, to generate: testCom.alibaba.fastjson.serializer.AwtCodec.parseFont(DefaultJSONParser)5
00:25:53.207 | DEBUG | --new testCase collected, to generate: testCom.alibaba.fastjson.serializer.AwtCodec.parseFont(DefaultJSONParser)6
00:25:57.355 | DEBUG | --new testCase collected, to generate: testCom.alibaba.fastjson.serializer.AwtCodec.parseFont(DefaultJSONParser)7
00:25:57.650 | DEBUG | --new testCase collected, to generate: testCom.alibaba.fastjson.serializer.AwtCodec.parseFont(DefaultJSONParser)8
00:25:57.752 | DEBUG | --new testCase collected, to generate: testCom.alibaba.fastjson.serializer.AwtCodec.parseFont(DefaultJSONParser)9
00:25:57.791 | INFO  | |> Starting concrete execution for remaining state: com.alibaba.fastjson.serializer.AwtCodec.parseFont(DefaultJSONParser)
00:25:58.992 | INFO  | (X) Cancelling concrete execution: com.alibaba.fastjson.serializer.AwtCodec.parseFont(DefaultJSONParser)
00:25:59.117 | INFO  | Finished (in 11.914 sec): method com.alibaba.fastjson.serializer.AwtCodec.parseFont(DefaultJSONParser) 
<StatsForMethod> :
	#generatedTC=9
	FAILED 1 time(s) with 1 different exception(s)"
00:25:59.335 | DEBUG |  ... 
00:25:59.335 | INFO  | Started: method com.alibaba.fastjson.serializer.AwtCodec.parseColor(DefaultJSONParser)
00:25:59.336 | INFO  |  -- Remaining time budget: 70388 ms, #remaining_methods: 6, budget for method: 11731 ms, solver timeout: 1000 ms, budget for symbolic execution: 10531 ms, budget for concrete execution: 1200 ms,  -- 
00:25:59.344 | ERROR | Symbolic execution FAILED
com.huawei.utbot.instrumentation.util.ChildProcessError: Error in the child process |> java.util.NoSuchElementException: List is empty.
	at kotlin.collections.CollectionsKt___CollectionsKt.first(_Collections.kt:212)
	at com.huawei.utbot.framework.concrete.UtExecutionInstrumentation.sortOutException(UtExecutionInstrumentation.kt:179)
	at com.huawei.utbot.framework.concrete.UtExecutionInstrumentation.access$sortOutException(UtExecutionInstrumentation.kt:96)
	at com.huawei.utbot.framework.concrete.UtExecutionInstrumentation$invoke$$inlined$use$lambda$1.invoke(UtExecutionInstrumentation.kt:152)
	at com.huawei.utbot.framework.concrete.UtExecutionInstrumentation$invoke$$inlined$use$lambda$1.invoke(UtExecutionInstrumentation.kt:96)
	at com.huawei.utbot.framework.concrete.UtExecutionInstrumentation.withStaticFields(UtExecutionInstrumentation.kt:225)
	at com.huawei.utbot.framework.concrete.UtExecutionInstrumentation.invoke(UtExecutionInstrumentation.kt:137)
	at com.huawei.utbot.framework.concrete.UtExecutionInstrumentation.invoke(UtExecutionInstrumentation.kt:96)
	at com.huawei.utbot.instrumentation.process.ChildProcessKt.loop(ChildProcess.kt:114)
	at com.huawei.utbot.instrumentation.process.ChildProcessKt.main(ChildProcess.kt:76)
	at com.huawei.utbot.instrumentation.process.ChildProcessKt.main(ChildProcess.kt)

	at com.huawei.utbot.instrumentation.ConcreteExecutor.executeAsync(ConcreteExecutor.kt:391) ~[utbot-junit-contest-1.0.jar:?]
	at com.huawei.utbot.instrumentation.ConcreteExecutor$executeAsync$1.invokeSuspend(ConcreteExecutor.kt) ~[utbot-junit-contest-1.0.jar:?]
	at kotlin.coroutines.jvm.internal.BaseContinuationImpl.resumeWith(ContinuationImpl.kt:33) [utbot-junit-contest-1.0.jar:?]
	at kotlinx.coroutines.DispatchedTask.run(DispatchedTask.kt:106) [utbot-junit-contest-1.0.jar:?]
	at java.util.concurrent.Executors$RunnableAdapter.call(Executors.java:511) [?:1.8.0_312]
	at java.util.concurrent.FutureTask.run(FutureTask.java:266) [?:1.8.0_312]
	at java.util.concurrent.ScheduledThreadPoolExecutor$ScheduledFutureTask.access$201(ScheduledThreadPoolExecutor.java:180) [?:1.8.0_312]
	at java.util.concurrent.ScheduledThreadPoolExecutor$ScheduledFutureTask.run(ScheduledThreadPoolExecutor.java:293) [?:1.8.0_312]
	at java.util.concurrent.ThreadPoolExecutor.runWorker(ThreadPoolExecutor.java:1149) [?:1.8.0_312]
	at java.util.concurrent.ThreadPoolExecutor$Worker.run(ThreadPoolExecutor.java:624) [?:1.8.0_312]
	at java.lang.Thread.run(Thread.java:748) [?:1.8.0_312]
00:25:59.375 | DEBUG | --new testCase collected, to generate: testCom.alibaba.fastjson.serializer.AwtCodec.parseColor(DefaultJSONParser)1
00:25:59.433 | DEBUG | --new testCase collected, to generate: testCom.alibaba.fastjson.serializer.AwtCodec.parseColor(DefaultJSONParser)2
00:25:59.462 | DEBUG | --new testCase collected, to generate: testCom.alibaba.fastjson.serializer.AwtCodec.parseColor(DefaultJSONParser)3
00:25:59.469 | DEBUG | --new testCase collected, to generate: testCom.alibaba.fastjson.serializer.AwtCodec.parseColor(DefaultJSONParser)4
00:25:59.590 | DEBUG | --new testCase collected, to generate: testCom.alibaba.fastjson.serializer.AwtCodec.parseColor(DefaultJSONParser)5
00:26:00.047 | DEBUG | --new testCase collected, to generate: testCom.alibaba.fastjson.serializer.AwtCodec.parseColor(DefaultJSONParser)6
00:26:00.124 | DEBUG | --new testCase collected, to generate: testCom.alibaba.fastjson.serializer.AwtCodec.parseColor(DefaultJSONParser)7
00:26:02.765 | DEBUG | --new testCase collected, to generate: testCom.alibaba.fastjson.serializer.AwtCodec.parseColor(DefaultJSONParser)8
00:26:06.892 | DEBUG | --new testCase collected, to generate: testCom.alibaba.fastjson.serializer.AwtCodec.parseColor(DefaultJSONParser)9
00:26:09.867 | INFO  | |> Starting concrete execution for remaining state: com.alibaba.fastjson.serializer.AwtCodec.parseColor(DefaultJSONParser)
00:26:11.068 | INFO  | (X) Cancelling concrete execution: com.alibaba.fastjson.serializer.AwtCodec.parseColor(DefaultJSONParser)
00:26:11.195 | INFO  | Finished (in 11.860 sec): method com.alibaba.fastjson.serializer.AwtCodec.parseColor(DefaultJSONParser) 
<StatsForMethod> :
	#generatedTC=9
	FAILED 1 time(s) with 1 different exception(s)"
00:26:11.920 | DEBUG |  ... 
00:26:11.922 | INFO  | Started: method com.alibaba.fastjson.serializer.AwtCodec.parseRectangle(DefaultJSONParser)
00:26:11.922 | INFO  |  -- Remaining time budget: 57802 ms, #remaining_methods: 5, budget for method: 11560 ms, solver timeout: 1000 ms, budget for symbolic execution: 10360 ms, budget for concrete execution: 1200 ms,  -- 
00:26:11.929 | ERROR | Symbolic execution FAILED
com.huawei.utbot.instrumentation.util.ChildProcessError: Error in the child process |> java.util.NoSuchElementException: List is empty.
	at kotlin.collections.CollectionsKt___CollectionsKt.first(_Collections.kt:212)
	at com.huawei.utbot.framework.concrete.UtExecutionInstrumentation.sortOutException(UtExecutionInstrumentation.kt:179)
	at com.huawei.utbot.framework.concrete.UtExecutionInstrumentation.access$sortOutException(UtExecutionInstrumentation.kt:96)
	at com.huawei.utbot.framework.concrete.UtExecutionInstrumentation$invoke$$inlined$use$lambda$1.invoke(UtExecutionInstrumentation.kt:152)
	at com.huawei.utbot.framework.concrete.UtExecutionInstrumentation$invoke$$inlined$use$lambda$1.invoke(UtExecutionInstrumentation.kt:96)
	at com.huawei.utbot.framework.concrete.UtExecutionInstrumentation.withStaticFields(UtExecutionInstrumentation.kt:225)
	at com.huawei.utbot.framework.concrete.UtExecutionInstrumentation.invoke(UtExecutionInstrumentation.kt:137)
	at com.huawei.utbot.framework.concrete.UtExecutionInstrumentation.invoke(UtExecutionInstrumentation.kt:96)
	at com.huawei.utbot.instrumentation.process.ChildProcessKt.loop(ChildProcess.kt:114)
	at com.huawei.utbot.instrumentation.process.ChildProcessKt.main(ChildProcess.kt:76)
	at com.huawei.utbot.instrumentation.process.ChildProcessKt.main(ChildProcess.kt)

	at com.huawei.utbot.instrumentation.ConcreteExecutor.executeAsync(ConcreteExecutor.kt:391) ~[utbot-junit-contest-1.0.jar:?]
	at com.huawei.utbot.instrumentation.ConcreteExecutor$executeAsync$1.invokeSuspend(ConcreteExecutor.kt) ~[utbot-junit-contest-1.0.jar:?]
	at kotlin.coroutines.jvm.internal.BaseContinuationImpl.resumeWith(ContinuationImpl.kt:33) [utbot-junit-contest-1.0.jar:?]
	at kotlinx.coroutines.DispatchedTask.run(DispatchedTask.kt:106) [utbot-junit-contest-1.0.jar:?]
	at java.util.concurrent.Executors$RunnableAdapter.call(Executors.java:511) [?:1.8.0_312]
	at java.util.concurrent.FutureTask.run(FutureTask.java:266) [?:1.8.0_312]
	at java.util.concurrent.ScheduledThreadPoolExecutor$ScheduledFutureTask.access$201(ScheduledThreadPoolExecutor.java:180) [?:1.8.0_312]
	at java.util.concurrent.ScheduledThreadPoolExecutor$ScheduledFutureTask.run(ScheduledThreadPoolExecutor.java:293) [?:1.8.0_312]
	at java.util.concurrent.ThreadPoolExecutor.runWorker(ThreadPoolExecutor.java:1149) [?:1.8.0_312]
	at java.util.concurrent.ThreadPoolExecutor$Worker.run(ThreadPoolExecutor.java:624) [?:1.8.0_312]
	at java.lang.Thread.run(Thread.java:748) [?:1.8.0_312]
00:26:11.967 | DEBUG | --new testCase collected, to generate: testCom.alibaba.fastjson.serializer.AwtCodec.parseRectangle(DefaultJSONParser)1
00:26:12.025 | DEBUG | --new testCase collected, to generate: testCom.alibaba.fastjson.serializer.AwtCodec.parseRectangle(DefaultJSONParser)2
00:26:12.053 | DEBUG | --new testCase collected, to generate: testCom.alibaba.fastjson.serializer.AwtCodec.parseRectangle(DefaultJSONParser)3
00:26:12.061 | DEBUG | --new testCase collected, to generate: testCom.alibaba.fastjson.serializer.AwtCodec.parseRectangle(DefaultJSONParser)4
00:26:12.106 | DEBUG | --new testCase collected, to generate: testCom.alibaba.fastjson.serializer.AwtCodec.parseRectangle(DefaultJSONParser)5
00:26:12.269 | DEBUG | --new testCase collected, to generate: testCom.alibaba.fastjson.serializer.AwtCodec.parseRectangle(DefaultJSONParser)6
00:26:12.797 | DEBUG | --new testCase collected, to generate: testCom.alibaba.fastjson.serializer.AwtCodec.parseRectangle(DefaultJSONParser)7
00:26:12.850 | DEBUG | --new testCase collected, to generate: testCom.alibaba.fastjson.serializer.AwtCodec.parseRectangle(DefaultJSONParser)8
00:26:21.599 | DEBUG | --new testCase collected, to generate: testCom.alibaba.fastjson.serializer.AwtCodec.parseRectangle(DefaultJSONParser)9
00:26:22.282 | INFO  | |> Starting concrete execution for remaining state: com.alibaba.fastjson.serializer.AwtCodec.parseRectangle(DefaultJSONParser)
00:26:23.483 | INFO  | (X) Cancelling concrete execution: com.alibaba.fastjson.serializer.AwtCodec.parseRectangle(DefaultJSONParser)
00:26:23.619 | INFO  | Finished (in 11.697 sec): method com.alibaba.fastjson.serializer.AwtCodec.parseRectangle(DefaultJSONParser) 
<StatsForMethod> :
	#generatedTC=9
	FAILED 1 time(s) with 1 different exception(s)"
00:26:24.185 | DEBUG |  ... 
00:26:24.186 | INFO  | Started: method com.alibaba.fastjson.serializer.AwtCodec.parsePoint(DefaultJSONParser, Object)
00:26:24.186 | INFO  |  -- Remaining time budget: 45537 ms, #remaining_methods: 4, budget for method: 11384 ms, solver timeout: 1000 ms, budget for symbolic execution: 10184 ms, budget for concrete execution: 1200 ms,  -- 
00:26:24.193 | ERROR | Symbolic execution FAILED
com.huawei.utbot.instrumentation.util.ChildProcessError: Error in the child process |> java.util.NoSuchElementException: List is empty.
	at kotlin.collections.CollectionsKt___CollectionsKt.first(_Collections.kt:212)
	at com.huawei.utbot.framework.concrete.UtExecutionInstrumentation.sortOutException(UtExecutionInstrumentation.kt:179)
	at com.huawei.utbot.framework.concrete.UtExecutionInstrumentation.access$sortOutException(UtExecutionInstrumentation.kt:96)
	at com.huawei.utbot.framework.concrete.UtExecutionInstrumentation$invoke$$inlined$use$lambda$1.invoke(UtExecutionInstrumentation.kt:152)
	at com.huawei.utbot.framework.concrete.UtExecutionInstrumentation$invoke$$inlined$use$lambda$1.invoke(UtExecutionInstrumentation.kt:96)
	at com.huawei.utbot.framework.concrete.UtExecutionInstrumentation.withStaticFields(UtExecutionInstrumentation.kt:225)
	at com.huawei.utbot.framework.concrete.UtExecutionInstrumentation.invoke(UtExecutionInstrumentation.kt:137)
	at com.huawei.utbot.framework.concrete.UtExecutionInstrumentation.invoke(UtExecutionInstrumentation.kt:96)
	at com.huawei.utbot.instrumentation.process.ChildProcessKt.loop(ChildProcess.kt:114)
	at com.huawei.utbot.instrumentation.process.ChildProcessKt.main(ChildProcess.kt:76)
	at com.huawei.utbot.instrumentation.process.ChildProcessKt.main(ChildProcess.kt)

	at com.huawei.utbot.instrumentation.ConcreteExecutor.executeAsync(ConcreteExecutor.kt:391) ~[utbot-junit-contest-1.0.jar:?]
	at com.huawei.utbot.instrumentation.ConcreteExecutor$executeAsync$1.invokeSuspend(ConcreteExecutor.kt) ~[utbot-junit-contest-1.0.jar:?]
	at kotlin.coroutines.jvm.internal.BaseContinuationImpl.resumeWith(ContinuationImpl.kt:33) [utbot-junit-contest-1.0.jar:?]
	at kotlinx.coroutines.DispatchedTask.run(DispatchedTask.kt:106) [utbot-junit-contest-1.0.jar:?]
	at java.util.concurrent.Executors$RunnableAdapter.call(Executors.java:511) [?:1.8.0_312]
	at java.util.concurrent.FutureTask.run(FutureTask.java:266) [?:1.8.0_312]
	at java.util.concurrent.ScheduledThreadPoolExecutor$ScheduledFutureTask.access$201(ScheduledThreadPoolExecutor.java:180) [?:1.8.0_312]
	at java.util.concurrent.ScheduledThreadPoolExecutor$ScheduledFutureTask.run(ScheduledThreadPoolExecutor.java:293) [?:1.8.0_312]
	at java.util.concurrent.ThreadPoolExecutor.runWorker(ThreadPoolExecutor.java:1149) [?:1.8.0_312]
	at java.util.concurrent.ThreadPoolExecutor$Worker.run(ThreadPoolExecutor.java:624) [?:1.8.0_312]
	at java.lang.Thread.run(Thread.java:748) [?:1.8.0_312]
00:26:24.436 | DEBUG | --new testCase collected, to generate: testCom.alibaba.fastjson.serializer.AwtCodec.parsePoint(DefaultJSONParser, Object)1
00:26:24.725 | DEBUG | --new testCase collected, to generate: testCom.alibaba.fastjson.serializer.AwtCodec.parsePoint(DefaultJSONParser, Object)2
00:26:25.127 | DEBUG | --new testCase collected, to generate: testCom.alibaba.fastjson.serializer.AwtCodec.parsePoint(DefaultJSONParser, Object)3
00:26:25.128 | INFO  | Finished (in 0.941 sec): method com.alibaba.fastjson.serializer.AwtCodec.parsePoint(DefaultJSONParser, Object) 
<StatsForMethod> :
	#generatedTC=3
	FAILED 1 time(s) with 1 different exception(s)"
00:26:25.149 | DEBUG |  ... 
00:26:25.149 | INFO  | Started: method com.alibaba.fastjson.serializer.AwtCodec.parseRef(DefaultJSONParser, Object)
00:26:25.150 | INFO  |  -- Remaining time budget: 44574 ms, #remaining_methods: 3, budget for method: 14858 ms, solver timeout: 1000 ms, budget for symbolic execution: 13658 ms, budget for concrete execution: 1200 ms,  -- 
00:26:25.159 | DEBUG | --new testCase collected, to generate: testCom.alibaba.fastjson.serializer.AwtCodec.parseRef(DefaultJSONParser, Object)1
00:26:25.400 | DEBUG | --new testCase collected, to generate: testCom.alibaba.fastjson.serializer.AwtCodec.parseRef(DefaultJSONParser, Object)2
00:26:25.569 | DEBUG | --new testCase collected, to generate: testCom.alibaba.fastjson.serializer.AwtCodec.parseRef(DefaultJSONParser, Object)3
00:26:26.046 | DEBUG | --new testCase collected, to generate: testCom.alibaba.fastjson.serializer.AwtCodec.parseRef(DefaultJSONParser, Object)4
00:26:26.046 | INFO  | Finished (in 0.897 sec): method com.alibaba.fastjson.serializer.AwtCodec.parseRef(DefaultJSONParser, Object) 
<StatsForMethod> :
	#generatedTC=4
	WITH NO EXCEPTIONS
00:26:26.063 | DEBUG |  ... 
00:26:26.064 | INFO  | Started: method com.alibaba.fastjson.serializer.AwtCodec.support(Class)
00:26:26.064 | INFO  |  -- Remaining time budget: 43659 ms, #remaining_methods: 2, budget for method: 21829 ms, solver timeout: 1000 ms, budget for symbolic execution: 20629 ms, budget for concrete execution: 1200 ms,  -- 
00:26:26.070 | ERROR | Symbolic execution FAILED
com.huawei.utbot.instrumentation.util.ChildProcessError: Error in the child process |> java.lang.IllegalAccessException: java.lang.Class
	at sun.misc.Unsafe.allocateInstance(Native Method)
	at com.huawei.utbot.framework.util.EngineUtilsKt.getAnyInstance(EngineUtils.kt:61)
	at com.huawei.utbot.framework.concrete.MockValueConstructor.constructObject(MockValueConstructor.kt:158)
	at com.huawei.utbot.framework.concrete.MockValueConstructor.construct(MockValueConstructor.kt:124)
	at com.huawei.utbot.framework.concrete.MockValueConstructor.constructMethodParameters(MockValueConstructor.kt:101)
	at com.huawei.utbot.framework.concrete.UtExecutionInstrumentation.invoke(UtExecutionInstrumentation.kt:126)
	at com.huawei.utbot.framework.concrete.UtExecutionInstrumentation.invoke(UtExecutionInstrumentation.kt:96)
	at com.huawei.utbot.instrumentation.process.ChildProcessKt.loop(ChildProcess.kt:114)
	at com.huawei.utbot.instrumentation.process.ChildProcessKt.main(ChildProcess.kt:76)
	at com.huawei.utbot.instrumentation.process.ChildProcessKt.main(ChildProcess.kt)

	at com.huawei.utbot.instrumentation.ConcreteExecutor.executeAsync(ConcreteExecutor.kt:391) ~[utbot-junit-contest-1.0.jar:?]
	at com.huawei.utbot.instrumentation.ConcreteExecutor$executeAsync$1.invokeSuspend(ConcreteExecutor.kt) ~[utbot-junit-contest-1.0.jar:?]
	at kotlin.coroutines.jvm.internal.BaseContinuationImpl.resumeWith(ContinuationImpl.kt:33) [utbot-junit-contest-1.0.jar:?]
	at kotlinx.coroutines.DispatchedTask.run(DispatchedTask.kt:106) [utbot-junit-contest-1.0.jar:?]
	at java.util.concurrent.Executors$RunnableAdapter.call(Executors.java:511) [?:1.8.0_312]
	at java.util.concurrent.FutureTask.run(FutureTask.java:266) [?:1.8.0_312]
	at java.util.concurrent.ScheduledThreadPoolExecutor$ScheduledFutureTask.access$201(ScheduledThreadPoolExecutor.java:180) [?:1.8.0_312]
	at java.util.concurrent.ScheduledThreadPoolExecutor$ScheduledFutureTask.run(ScheduledThreadPoolExecutor.java:293) [?:1.8.0_312]
	at java.util.concurrent.ThreadPoolExecutor.runWorker(ThreadPoolExecutor.java:1149) [?:1.8.0_312]
	at java.util.concurrent.ThreadPoolExecutor$Worker.run(ThreadPoolExecutor.java:624) [?:1.8.0_312]
	at java.lang.Thread.run(Thread.java:748) [?:1.8.0_312]
00:26:26.192 | DEBUG | --new testCase collected, to generate: testCom.alibaba.fastjson.serializer.AwtCodec.support(Class)1
00:26:26.211 | DEBUG | --new testCase collected, to generate: testCom.alibaba.fastjson.serializer.AwtCodec.support(Class)2
00:26:26.246 | DEBUG | --new testCase collected, to generate: testCom.alibaba.fastjson.serializer.AwtCodec.support(Class)3
00:26:26.250 | DEBUG | --new testCase collected, to generate: testCom.alibaba.fastjson.serializer.AwtCodec.support(Class)4
00:26:26.255 | DEBUG | --new testCase collected, to generate: testCom.alibaba.fastjson.serializer.AwtCodec.support(Class)5
00:26:26.256 | INFO  | Finished (in 0.192 sec): method com.alibaba.fastjson.serializer.AwtCodec.support(Class) 
<StatsForMethod> :
	#generatedTC=5
	FAILED 1 time(s) with 1 different exception(s)"
00:26:26.257 | DEBUG |  ... 
00:26:26.258 | INFO  | Started: method com.alibaba.fastjson.serializer.AwtCodec.<init>()
00:26:26.258 | INFO  |  -- Remaining time budget: 43466 ms, #remaining_methods: 1, budget for method: 43466 ms, solver timeout: 1000 ms, budget for symbolic execution: 42266 ms, budget for concrete execution: 1200 ms,  -- 
00:26:26.265 | DEBUG | --new testCase collected, to generate: testCom.alibaba.fastjson.serializer.AwtCodec.<init>()1
00:26:26.289 | DEBUG | --new testCase collected, to generate: testCom.alibaba.fastjson.serializer.AwtCodec.<init>()2
00:26:26.289 | INFO  | Finished (in 0.031 sec): method com.alibaba.fastjson.serializer.AwtCodec.<init>() 
<StatsForMethod> :
	#generatedTC=2
	WITH NO EXCEPTIONS
00:26:26.296 | INFO  | Started: Flushing tests for [AwtCodec] on disk
00:26:26.720 | INFO  | File size for AwtCodecTest: 66 KB
00:26:26.721 | INFO  | Finished (in 0.425 sec): Flushing tests for [AwtCodec] on disk 
00:26:26.722 | INFO  | Finished (in 58.976 sec): class com.alibaba.fastjson.serializer.AwtCodec 
<StatsForClass> :
	canceled by timeout = false
	#methods = 11, 
	#methods started symbolic exploration = 11
	#methods with at least one TC = 10
	#methods with exceptions = 7
	#generated TC = 58
	#coverage = null
[READY]
