Started UtBot Contest, classfileDir = /var/benchmarks/projects/seata/core/target/classes, classpathString=/var/benchmarks/projects/seata/core/target/classes:/var/benchmarks/projects/seata/core/target/seata-core-0.5.0.jar:/var/benchmarks/projects/./seata/core/target/dependency/mockito-core-2.23.4.jar:/var/benchmarks/projects/seata/core/target/dependency/byte-buddy-agent-1.9.3.jar:/var/benchmarks/projects/seata/core/target/dependency/assertj-core-2.6.0.jar:/var/benchmarks/projects/seata/core/target/dependency/seata-common-0.5.0.jar:/var/benchmarks/projects/seata/core/target/dependency/byte-buddy-1.9.3.jar:/var/benchmarks/projects/seata/core/target/dependency/objenesis-2.6.jar:/var/benchmarks/projects/seata/core/target/dependency/seata-discovery-core-0.5.0.jar:/var/benchmarks/projects/seata/core/target/dependency/commons-pool2-2.4.2.jar:/var/benchmarks/projects/seata/core/target/dependency/junit-4.12.jar:/var/benchmarks/projects/seata/core/target/dependency/hamcrest-core-1.3.jar:/var/benchmarks/projects/seata/core/target/dependency/slf4j-api-1.7.22.jar:/var/benchmarks/projects/seata/core/target/dependency/seata-config-core-0.5.0.jar:/var/benchmarks/projects/seata/core/target/dependency/netty-all-4.1.24.Final.jar:/var/benchmarks/projects/seata/core/target/dependency/commons-lang-2.6.jar:/var/benchmarks/projects/seata/core/target/dependency/fastjson-1.2.48.jar:/var/benchmarks/projects/seata/core/target/dependency/config-1.2.1.jar:/var/benchmarks/projects/seata/core/target/dependency/commons-pool-1.6.jar, outputDir=/home/utbot_mocks/temp/testcases, mocks=Other classes: Mockito
00:02:25.649 | INFO  | Started: warmup: kotlin reflection :: init
00:02:25.724 | INFO  | Finished (in 0.074 sec): warmup: kotlin reflection :: init 
[INIT]
>> [RUN] io.seata.core.rpc.netty.ShutdownHook 120
00:02:25.734 | DEBUG | -----------------------------------------------------------------------------
00:02:25.735 | INFO  | Contest.runGeneration: Time budget: 120000 ms, Generation timeout=102000 ms, classpath=/var/benchmarks/projects/seata/core/target/classes:/var/benchmarks/projects/seata/core/target/seata-core-0.5.0.jar:/var/benchmarks/projects/./seata/core/target/dependency/mockito-core-2.23.4.jar:/var/benchmarks/projects/seata/core/target/dependency/byte-buddy-agent-1.9.3.jar:/var/benchmarks/projects/seata/core/target/dependency/assertj-core-2.6.0.jar:/var/benchmarks/projects/seata/core/target/dependency/seata-common-0.5.0.jar:/var/benchmarks/projects/seata/core/target/dependency/byte-buddy-1.9.3.jar:/var/benchmarks/projects/seata/core/target/dependency/objenesis-2.6.jar:/var/benchmarks/projects/seata/core/target/dependency/seata-discovery-core-0.5.0.jar:/var/benchmarks/projects/seata/core/target/dependency/commons-pool2-2.4.2.jar:/var/benchmarks/projects/seata/core/target/dependency/junit-4.12.jar:/var/benchmarks/projects/seata/core/target/dependency/hamcrest-core-1.3.jar:/var/benchmarks/projects/seata/core/target/dependency/slf4j-api-1.7.22.jar:/var/benchmarks/projects/seata/core/target/dependency/seata-config-core-0.5.0.jar:/var/benchmarks/projects/seata/core/target/dependency/netty-all-4.1.24.Final.jar:/var/benchmarks/projects/seata/core/target/dependency/commons-lang-2.6.jar:/var/benchmarks/projects/seata/core/target/dependency/fastjson-1.2.48.jar:/var/benchmarks/projects/seata/core/target/dependency/config-1.2.1.jar:/var/benchmarks/projects/seata/core/target/dependency/commons-pool-1.6.jar, methodNameFilter=null
00:02:25.736 | INFO  | ClassUnderTest[ FQN: io.seata.core.rpc.netty.ShutdownHook
    classfileDir: /var/benchmarks/projects/seata/core/target/classes
    testClassSimpleName: ShutdownHookTest
    generatedTestFile: /home/utbot_mocks/temp/testcases/io/seata/core/rpc/netty/ShutdownHookTest.java
    generatedTestsSourcesDir: /home/utbot_mocks/temp/testcases
]
00:02:25.759 | INFO  | Started: class io.seata.core.rpc.netty.ShutdownHook
00:02:25.759 | INFO  | Started: preparation class class io.seata.core.rpc.netty.ShutdownHook: kotlin reflection :: run
00:02:25.886 | INFO  | Finished (in 0.126 sec): preparation class class io.seata.core.rpc.netty.ShutdownHook: kotlin reflection :: run 
00:02:25.887 | INFO  | Started: 2nd optional soot initialization
00:02:25.888 | INFO  | Finished (in 0.001 sec): 2nd optional soot initialization 
00:02:25.895 | DEBUG |  ... 
00:02:25.906 | INFO  | Started: method io.seata.core.rpc.netty.ShutdownHook.run()
00:02:25.908 | INFO  |  -- Remaining time budget: 101838 ms, #remaining_methods: 10, budget for method: 10183 ms, solver timeout: 1000 ms, budget for symbolic execution: 8983 ms, budget for concrete execution: 1200 ms,  -- 
00:02:26.217 | DEBUG | --new testCase collected, to generate: testIo.seata.core.rpc.netty.ShutdownHook.run()1
00:02:28.834 | DEBUG | --new testCase collected, to generate: testIo.seata.core.rpc.netty.ShutdownHook.run()2
00:02:34.888 | INFO  | |> Starting concrete execution for remaining state: io.seata.core.rpc.netty.ShutdownHook.run()
00:02:36.090 | INFO  | (X) Cancelling concrete execution: io.seata.core.rpc.netty.ShutdownHook.run()
00:02:36.183 | INFO  | Finished (in 10.276 sec): method io.seata.core.rpc.netty.ShutdownHook.run() 
<StatsForMethod> :
	#generatedTC=2
	WITH NO EXCEPTIONS
00:02:36.289 | DEBUG |  ... 
00:02:36.290 | INFO  | Started: method io.seata.core.rpc.netty.ShutdownHook.destroyAll()
00:02:36.291 | INFO  |  -- Remaining time budget: 91445 ms, #remaining_methods: 9, budget for method: 10160 ms, solver timeout: 1000 ms, budget for symbolic execution: 8960 ms, budget for concrete execution: 1200 ms,  -- 
00:02:36.299 | DEBUG | --new testCase collected, to generate: testIo.seata.core.rpc.netty.ShutdownHook.destroyAll()1
00:02:37.765 | DEBUG | --new testCase collected, to generate: testIo.seata.core.rpc.netty.ShutdownHook.destroyAll()2
00:02:45.250 | INFO  | |> Starting concrete execution for remaining state: io.seata.core.rpc.netty.ShutdownHook.destroyAll()
00:02:46.451 | INFO  | (X) Cancelling concrete execution: io.seata.core.rpc.netty.ShutdownHook.destroyAll()
00:02:46.561 | INFO  | Finished (in 10.271 sec): method io.seata.core.rpc.netty.ShutdownHook.destroyAll() 
<StatsForMethod> :
	#generatedTC=2
	WITH NO EXCEPTIONS
00:02:46.575 | DEBUG |  ... 
00:02:46.576 | INFO  | Started: method io.seata.core.rpc.netty.ShutdownHook.addDisposable(Disposable, int)
00:02:46.576 | INFO  |  -- Remaining time budget: 81160 ms, #remaining_methods: 8, budget for method: 10145 ms, solver timeout: 1000 ms, budget for symbolic execution: 8945 ms, budget for concrete execution: 1200 ms,  -- 
00:02:46.588 | DEBUG | --new testCase collected, to generate: testIo.seata.core.rpc.netty.ShutdownHook.addDisposable(Disposable, int)1
00:02:46.648 | DEBUG | --new testCase collected, to generate: testIo.seata.core.rpc.netty.ShutdownHook.addDisposable(Disposable, int)2
00:02:49.713 | DEBUG | --new testCase collected, to generate: testIo.seata.core.rpc.netty.ShutdownHook.addDisposable(Disposable, int)3
00:02:50.972 | DEBUG | --new testCase collected, to generate: testIo.seata.core.rpc.netty.ShutdownHook.addDisposable(Disposable, int)4
00:02:53.928 | DEBUG | --new testCase collected, to generate: testIo.seata.core.rpc.netty.ShutdownHook.addDisposable(Disposable, int)5
00:02:55.521 | INFO  | |> Starting concrete execution for remaining state: io.seata.core.rpc.netty.ShutdownHook.addDisposable(Disposable, int)
00:02:56.722 | INFO  | (X) Cancelling concrete execution: io.seata.core.rpc.netty.ShutdownHook.addDisposable(Disposable, int)
00:02:56.798 | INFO  | Finished (in 10.221 sec): method io.seata.core.rpc.netty.ShutdownHook.addDisposable(Disposable, int) 
<StatsForMethod> :
	#generatedTC=5
	WITH NO EXCEPTIONS
00:02:56.978 | DEBUG |  ... 
00:02:56.979 | INFO  | Started: method io.seata.core.rpc.netty.ShutdownHook.addDisposable(Disposable)
00:02:56.979 | INFO  |  -- Remaining time budget: 70756 ms, #remaining_methods: 7, budget for method: 10108 ms, solver timeout: 1000 ms, budget for symbolic execution: 8908 ms, budget for concrete execution: 1200 ms,  -- 
00:02:56.986 | DEBUG | --new testCase collected, to generate: testIo.seata.core.rpc.netty.ShutdownHook.addDisposable(Disposable)1
00:02:59.058 | DEBUG | --new testCase collected, to generate: testIo.seata.core.rpc.netty.ShutdownHook.addDisposable(Disposable)2
00:03:03.146 | DEBUG | --new testCase collected, to generate: testIo.seata.core.rpc.netty.ShutdownHook.addDisposable(Disposable)3
00:03:05.888 | INFO  | |> Starting concrete execution for remaining state: io.seata.core.rpc.netty.ShutdownHook.addDisposable(Disposable)
00:03:06.610 | DEBUG | --new testCase collected, to generate: testIo.seata.core.rpc.netty.ShutdownHook.addDisposable(Disposable)4
00:03:07.088 | INFO  | (X) Cancelling concrete execution: io.seata.core.rpc.netty.ShutdownHook.addDisposable(Disposable)
00:03:07.246 | INFO  | Finished (in 10.267 sec): method io.seata.core.rpc.netty.ShutdownHook.addDisposable(Disposable) 
<StatsForMethod> :
	#generatedTC=4
	WITH NO EXCEPTIONS
00:03:07.283 | DEBUG |  ... 
00:03:07.284 | INFO  | Started: method io.seata.core.rpc.netty.ShutdownHook.removeRuntimeShutdownHook()
00:03:07.285 | INFO  |  -- Remaining time budget: 60451 ms, #remaining_methods: 6, budget for method: 10075 ms, solver timeout: 1000 ms, budget for symbolic execution: 8875 ms, budget for concrete execution: 1200 ms,  -- 
00:03:07.293 | DEBUG | --new testCase collected, to generate: testIo.seata.core.rpc.netty.ShutdownHook.removeRuntimeShutdownHook()1
00:03:07.894 | DEBUG | --new testCase collected, to generate: testIo.seata.core.rpc.netty.ShutdownHook.removeRuntimeShutdownHook()2
00:03:16.159 | INFO  | |> Starting concrete execution for remaining state: io.seata.core.rpc.netty.ShutdownHook.removeRuntimeShutdownHook()
00:03:17.360 | INFO  | (X) Cancelling concrete execution: io.seata.core.rpc.netty.ShutdownHook.removeRuntimeShutdownHook()
00:03:17.483 | INFO  | Finished (in 10.198 sec): method io.seata.core.rpc.netty.ShutdownHook.removeRuntimeShutdownHook() 
<StatsForMethod> :
	#generatedTC=2
	WITH NO EXCEPTIONS
00:03:17.587 | DEBUG |  ... 
00:03:17.587 | INFO  | Started: method io.seata.core.rpc.netty.ShutdownHook.getInstance()
00:03:17.588 | INFO  |  -- Remaining time budget: 50148 ms, #remaining_methods: 5, budget for method: 10029 ms, solver timeout: 1000 ms, budget for symbolic execution: 8829 ms, budget for concrete execution: 1200 ms,  -- 
00:03:18.655 | DEBUG | --new testCase collected, to generate: testIo.seata.core.rpc.netty.ShutdownHook.getInstance()1
00:03:19.681 | DEBUG | --new testCase collected, to generate: testIo.seata.core.rpc.netty.ShutdownHook.getInstance()2
00:03:26.417 | INFO  | |> Starting concrete execution for remaining state: io.seata.core.rpc.netty.ShutdownHook.getInstance()
00:03:27.618 | INFO  | (X) Cancelling concrete execution: io.seata.core.rpc.netty.ShutdownHook.getInstance()
00:03:27.731 | INFO  | Finished (in 10.143 sec): method io.seata.core.rpc.netty.ShutdownHook.getInstance() 
<StatsForMethod> :
	#generatedTC=2
	WITH NO EXCEPTIONS
00:03:27.747 | DEBUG |  ... 
00:03:27.748 | INFO  | Started: method io.seata.core.rpc.netty.ShutdownHook.<init>(String)
00:03:27.748 | INFO  |  -- Remaining time budget: 39988 ms, #remaining_methods: 4, budget for method: 9997 ms, solver timeout: 1000 ms, budget for symbolic execution: 8797 ms, budget for concrete execution: 1200 ms,  -- 
00:03:28.268 | ERROR | Symbolic execution FAILED
com.huawei.utbot.instrumentation.util.ReadingFromKryoException: Failure reading from kryo
	at com.huawei.utbot.instrumentation.ConcreteExecutor.executeAsync(ConcreteExecutor.kt:392) ~[utbot-junit-contest-1.0.jar:?]
	at com.huawei.utbot.instrumentation.ConcreteExecutor$executeAsync$1.invokeSuspend(ConcreteExecutor.kt) ~[utbot-junit-contest-1.0.jar:?]
	at kotlin.coroutines.jvm.internal.BaseContinuationImpl.resumeWith(ContinuationImpl.kt:33) [utbot-junit-contest-1.0.jar:?]
	at kotlinx.coroutines.DispatchedTask.run(DispatchedTask.kt:106) [utbot-junit-contest-1.0.jar:?]
	at java.util.concurrent.Executors$RunnableAdapter.call(Executors.java:511) [?:1.8.0_312]
	at java.util.concurrent.FutureTask.run(FutureTask.java:266) [?:1.8.0_312]
	at java.util.concurrent.ScheduledThreadPoolExecutor$ScheduledFutureTask.access$201(ScheduledThreadPoolExecutor.java:180) [?:1.8.0_312]
	at java.util.concurrent.ScheduledThreadPoolExecutor$ScheduledFutureTask.run(ScheduledThreadPoolExecutor.java:293) [?:1.8.0_312]
	at java.util.concurrent.ThreadPoolExecutor.runWorker(ThreadPoolExecutor.java:1149) [?:1.8.0_312]
	at java.util.concurrent.ThreadPoolExecutor$Worker.run(ThreadPoolExecutor.java:624) [?:1.8.0_312]
	at java.lang.Thread.run(Thread.java:748) [?:1.8.0_312]
Caused by: com.esotericsoftware.kryo.KryoException: Buffer underflow.
Serialization trace:
value (com.huawei.utbot.framework.plugin.api.UtClassRefModel)
stores (com.huawei.utbot.framework.plugin.api.UtArrayModel)
fields (com.huawei.utbot.framework.plugin.api.UtCompositeModel)
fields (com.huawei.utbot.framework.plugin.api.UtCompositeModel)
fields (com.huawei.utbot.framework.plugin.api.UtCompositeModel)
fields (com.huawei.utbot.framework.plugin.api.UtCompositeModel)
stores (com.huawei.utbot.framework.plugin.api.UtArrayModel)
fields (com.huawei.utbot.framework.plugin.api.UtCompositeModel)
fields (com.huawei.utbot.framework.plugin.api.UtCompositeModel)
stores (com.huawei.utbot.framework.plugin.api.UtArrayModel)
fields (com.huawei.utbot.framework.plugin.api.UtCompositeModel)
fields (com.huawei.utbot.framework.plugin.api.UtCompositeModel)
model (com.huawei.utbot.framework.plugin.api.UtExecutionSuccess)
result (com.huawei.utbot.framework.concrete.UtConcreteExecutionResult)
result (com.huawei.utbot.instrumentation.util.Protocol$InvocationResultCommand)
	at com.esotericsoftware.kryo.io.Input.require(Input.java:219) ~[utbot-junit-contest-1.0.jar:?]
	at com.esotericsoftware.kryo.io.Input.readAscii_slow(Input.java:886) ~[utbot-junit-contest-1.0.jar:?]
	at com.esotericsoftware.kryo.io.Input.readAsciiString(Input.java:879) ~[utbot-junit-contest-1.0.jar:?]
	at com.esotericsoftware.kryo.io.Input.readString(Input.java:775) ~[utbot-junit-contest-1.0.jar:?]
	at com.esotericsoftware.kryo.util.DefaultClassResolver.readName(DefaultClassResolver.java:172) ~[utbot-junit-contest-1.0.jar:?]
	at com.esotericsoftware.kryo.util.DefaultClassResolver.readClass(DefaultClassResolver.java:151) ~[utbot-junit-contest-1.0.jar:?]
	at com.esotericsoftware.kryo.Kryo.readClass(Kryo.java:758) ~[utbot-junit-contest-1.0.jar:?]
	at com.esotericsoftware.kryo.serializers.DefaultSerializers$ClassSerializer.read(DefaultSerializers.java:292) ~[utbot-junit-contest-1.0.jar:?]
	at com.esotericsoftware.kryo.serializers.DefaultSerializers$ClassSerializer.read(DefaultSerializers.java:281) ~[utbot-junit-contest-1.0.jar:?]
	at com.esotericsoftware.kryo.Kryo.readObjectOrNull(Kryo.java:847) ~[utbot-junit-contest-1.0.jar:?]
	at com.esotericsoftware.kryo.serializers.ReflectField.read(ReflectField.java:132) ~[utbot-junit-contest-1.0.jar:?]
	at com.esotericsoftware.kryo.serializers.FieldSerializer.read(FieldSerializer.java:122) ~[utbot-junit-contest-1.0.jar:?]
	at com.esotericsoftware.kryo.Kryo.readClassAndObject(Kryo.java:877) ~[utbot-junit-contest-1.0.jar:?]
	at com.esotericsoftware.kryo.serializers.MapSerializer.read(MapSerializer.java:235) ~[utbot-junit-contest-1.0.jar:?]
	at com.esotericsoftware.kryo.serializers.MapSerializer.read(MapSerializer.java:42) ~[utbot-junit-contest-1.0.jar:?]
	at com.esotericsoftware.kryo.Kryo.readObject(Kryo.java:796) ~[utbot-junit-contest-1.0.jar:?]
	at com.esotericsoftware.kryo.serializers.ReflectField.read(ReflectField.java:123) ~[utbot-junit-contest-1.0.jar:?]
	at com.esotericsoftware.kryo.serializers.FieldSerializer.read(FieldSerializer.java:122) ~[utbot-junit-contest-1.0.jar:?]
	at com.esotericsoftware.kryo.Kryo.readClassAndObject(Kryo.java:877) ~[utbot-junit-contest-1.0.jar:?]
	at com.esotericsoftware.kryo.serializers.MapSerializer.read(MapSerializer.java:235) ~[utbot-junit-contest-1.0.jar:?]
	at com.esotericsoftware.kryo.serializers.MapSerializer.read(MapSerializer.java:42) ~[utbot-junit-contest-1.0.jar:?]
	at com.esotericsoftware.kryo.Kryo.readObject(Kryo.java:796) ~[utbot-junit-contest-1.0.jar:?]
	at com.esotericsoftware.kryo.serializers.ReflectField.read(ReflectField.java:123) ~[utbot-junit-contest-1.0.jar:?]
	at com.esotericsoftware.kryo.serializers.FieldSerializer.read(FieldSerializer.java:122) ~[utbot-junit-contest-1.0.jar:?]
	at com.esotericsoftware.kryo.Kryo.readClassAndObject(Kryo.java:877) ~[utbot-junit-contest-1.0.jar:?]
	at com.esotericsoftware.kryo.serializers.MapSerializer.read(MapSerializer.java:235) ~[utbot-junit-contest-1.0.jar:?]
	at com.esotericsoftware.kryo.serializers.MapSerializer.read(MapSerializer.java:42) ~[utbot-junit-contest-1.0.jar:?]
	at com.esotericsoftware.kryo.Kryo.readObject(Kryo.java:796) ~[utbot-junit-contest-1.0.jar:?]
	at com.esotericsoftware.kryo.serializers.ReflectField.read(ReflectField.java:123) ~[utbot-junit-contest-1.0.jar:?]
	at com.esotericsoftware.kryo.serializers.FieldSerializer.read(FieldSerializer.java:122) ~[utbot-junit-contest-1.0.jar:?]
	at com.esotericsoftware.kryo.Kryo.readClassAndObject(Kryo.java:877) ~[utbot-junit-contest-1.0.jar:?]
	at com.esotericsoftware.kryo.serializers.MapSerializer.read(MapSerializer.java:235) ~[utbot-junit-contest-1.0.jar:?]
	at com.esotericsoftware.kryo.serializers.MapSerializer.read(MapSerializer.java:42) ~[utbot-junit-contest-1.0.jar:?]
	at com.esotericsoftware.kryo.Kryo.readObject(Kryo.java:796) ~[utbot-junit-contest-1.0.jar:?]
	at com.esotericsoftware.kryo.serializers.ReflectField.read(ReflectField.java:123) ~[utbot-junit-contest-1.0.jar:?]
	at com.esotericsoftware.kryo.serializers.FieldSerializer.read(FieldSerializer.java:122) ~[utbot-junit-contest-1.0.jar:?]
	at com.esotericsoftware.kryo.Kryo.readClassAndObject(Kryo.java:877) ~[utbot-junit-contest-1.0.jar:?]
	at com.esotericsoftware.kryo.serializers.MapSerializer.read(MapSerializer.java:235) ~[utbot-junit-contest-1.0.jar:?]
	at com.esotericsoftware.kryo.serializers.MapSerializer.read(MapSerializer.java:42) ~[utbot-junit-contest-1.0.jar:?]
	at com.esotericsoftware.kryo.Kryo.readObject(Kryo.java:796) ~[utbot-junit-contest-1.0.jar:?]
	at com.esotericsoftware.kryo.serializers.ReflectField.read(ReflectField.java:123) ~[utbot-junit-contest-1.0.jar:?]
	at com.esotericsoftware.kryo.serializers.FieldSerializer.read(FieldSerializer.java:122) ~[utbot-junit-contest-1.0.jar:?]
	at com.esotericsoftware.kryo.Kryo.readClassAndObject(Kryo.java:877) ~[utbot-junit-contest-1.0.jar:?]
	at com.esotericsoftware.kryo.serializers.MapSerializer.read(MapSerializer.java:235) ~[utbot-junit-contest-1.0.jar:?]
	at com.esotericsoftware.kryo.serializers.MapSerializer.read(MapSerializer.java:42) ~[utbot-junit-contest-1.0.jar:?]
	at com.esotericsoftware.kryo.Kryo.readObject(Kryo.java:796) ~[utbot-junit-contest-1.0.jar:?]
	at com.esotericsoftware.kryo.serializers.ReflectField.read(ReflectField.java:123) ~[utbot-junit-contest-1.0.jar:?]
	at com.esotericsoftware.kryo.serializers.FieldSerializer.read(FieldSerializer.java:122) ~[utbot-junit-contest-1.0.jar:?]
	at com.esotericsoftware.kryo.Kryo.readClassAndObject(Kryo.java:877) ~[utbot-junit-contest-1.0.jar:?]
	at com.esotericsoftware.kryo.serializers.MapSerializer.read(MapSerializer.java:235) ~[utbot-junit-contest-1.0.jar:?]
	at com.esotericsoftware.kryo.serializers.MapSerializer.read(MapSerializer.java:42) ~[utbot-junit-contest-1.0.jar:?]
	at com.esotericsoftware.kryo.Kryo.readObject(Kryo.java:796) ~[utbot-junit-contest-1.0.jar:?]
	at com.esotericsoftware.kryo.serializers.ReflectField.read(ReflectField.java:123) ~[utbot-junit-contest-1.0.jar:?]
	at com.esotericsoftware.kryo.serializers.FieldSerializer.read(FieldSerializer.java:122) ~[utbot-junit-contest-1.0.jar:?]
	at com.esotericsoftware.kryo.Kryo.readClassAndObject(Kryo.java:877) ~[utbot-junit-contest-1.0.jar:?]
	at com.esotericsoftware.kryo.serializers.MapSerializer.read(MapSerializer.java:235) ~[utbot-junit-contest-1.0.jar:?]
	at com.esotericsoftware.kryo.serializers.MapSerializer.read(MapSerializer.java:42) ~[utbot-junit-contest-1.0.jar:?]
	at com.esotericsoftware.kryo.Kryo.readObject(Kryo.java:796) ~[utbot-junit-contest-1.0.jar:?]
	at com.esotericsoftware.kryo.serializers.ReflectField.read(ReflectField.java:123) ~[utbot-junit-contest-1.0.jar:?]
	at com.esotericsoftware.kryo.serializers.FieldSerializer.read(FieldSerializer.java:122) ~[utbot-junit-contest-1.0.jar:?]
	at com.esotericsoftware.kryo.Kryo.readClassAndObject(Kryo.java:877) ~[utbot-junit-contest-1.0.jar:?]
	at com.esotericsoftware.kryo.serializers.MapSerializer.read(MapSerializer.java:235) ~[utbot-junit-contest-1.0.jar:?]
	at com.esotericsoftware.kryo.serializers.MapSerializer.read(MapSerializer.java:42) ~[utbot-junit-contest-1.0.jar:?]
	at com.esotericsoftware.kryo.Kryo.readObject(Kryo.java:796) ~[utbot-junit-contest-1.0.jar:?]
	at com.esotericsoftware.kryo.serializers.ReflectField.read(ReflectField.java:123) ~[utbot-junit-contest-1.0.jar:?]
	at com.esotericsoftware.kryo.serializers.FieldSerializer.read(FieldSerializer.java:122) ~[utbot-junit-contest-1.0.jar:?]
	at com.esotericsoftware.kryo.Kryo.readClassAndObject(Kryo.java:877) ~[utbot-junit-contest-1.0.jar:?]
	at com.esotericsoftware.kryo.serializers.MapSerializer.read(MapSerializer.java:235) ~[utbot-junit-contest-1.0.jar:?]
	at com.esotericsoftware.kryo.serializers.MapSerializer.read(MapSerializer.java:42) ~[utbot-junit-contest-1.0.jar:?]
	at com.esotericsoftware.kryo.Kryo.readObject(Kryo.java:796) ~[utbot-junit-contest-1.0.jar:?]
	at com.esotericsoftware.kryo.serializers.ReflectField.read(ReflectField.java:123) ~[utbot-junit-contest-1.0.jar:?]
	at com.esotericsoftware.kryo.serializers.FieldSerializer.read(FieldSerializer.java:122) ~[utbot-junit-contest-1.0.jar:?]
	at com.esotericsoftware.kryo.Kryo.readClassAndObject(Kryo.java:877) ~[utbot-junit-contest-1.0.jar:?]
	at com.esotericsoftware.kryo.serializers.MapSerializer.read(MapSerializer.java:235) ~[utbot-junit-contest-1.0.jar:?]
	at com.esotericsoftware.kryo.serializers.MapSerializer.read(MapSerializer.java:42) ~[utbot-junit-contest-1.0.jar:?]
	at com.esotericsoftware.kryo.Kryo.readObject(Kryo.java:796) ~[utbot-junit-contest-1.0.jar:?]
	at com.esotericsoftware.kryo.serializers.ReflectField.read(ReflectField.java:123) ~[utbot-junit-contest-1.0.jar:?]
	at com.esotericsoftware.kryo.serializers.FieldSerializer.read(FieldSerializer.java:122) ~[utbot-junit-contest-1.0.jar:?]
	at com.esotericsoftware.kryo.Kryo.readObject(Kryo.java:796) ~[utbot-junit-contest-1.0.jar:?]
	at com.esotericsoftware.kryo.serializers.ReflectField.read(ReflectField.java:123) ~[utbot-junit-contest-1.0.jar:?]
	at com.esotericsoftware.kryo.serializers.FieldSerializer.read(FieldSerializer.java:122) ~[utbot-junit-contest-1.0.jar:?]
	at com.esotericsoftware.kryo.Kryo.readObject(Kryo.java:796) ~[utbot-junit-contest-1.0.jar:?]
	at com.esotericsoftware.kryo.serializers.ReflectField.read(ReflectField.java:123) ~[utbot-junit-contest-1.0.jar:?]
	at com.esotericsoftware.kryo.serializers.FieldSerializer.read(FieldSerializer.java:122) ~[utbot-junit-contest-1.0.jar:?]
	at com.esotericsoftware.kryo.Kryo.readObject(Kryo.java:796) ~[utbot-junit-contest-1.0.jar:?]
	at com.esotericsoftware.kryo.serializers.ReflectField.read(ReflectField.java:123) ~[utbot-junit-contest-1.0.jar:?]
	at com.esotericsoftware.kryo.serializers.FieldSerializer.read(FieldSerializer.java:122) ~[utbot-junit-contest-1.0.jar:?]
	at com.esotericsoftware.kryo.Kryo.readClassAndObject(Kryo.java:877) ~[utbot-junit-contest-1.0.jar:?]
	at com.huawei.utbot.instrumentation.util.KryoHelper.readCommand(KryoHelper.kt:46) ~[utbot-junit-contest-1.0.jar:?]
	at com.huawei.utbot.instrumentation.ConcreteExecutor$restartIfNeeded$$inlined$bracket$lambda$1$1$1.invokeSuspend(ConcreteExecutor.kt:256) ~[utbot-junit-contest-1.0.jar:?]
	at kotlin.coroutines.jvm.internal.BaseContinuationImpl.resumeWith(ContinuationImpl.kt:33) ~[utbot-junit-contest-1.0.jar:?]
	at kotlinx.coroutines.DispatchedTask.run(DispatchedTask.kt:106) ~[utbot-junit-contest-1.0.jar:?]
	at kotlinx.coroutines.EventLoopImplBase.processNextEvent(EventLoop.common.kt:274) ~[utbot-junit-contest-1.0.jar:?]
	at kotlinx.coroutines.BlockingCoroutine.joinBlocking(Builders.kt:84) ~[utbot-junit-contest-1.0.jar:?]
	at kotlinx.coroutines.BuildersKt__BuildersKt.runBlocking(Builders.kt:59) ~[utbot-junit-contest-1.0.jar:?]
	at kotlinx.coroutines.BuildersKt.runBlocking(Unknown Source) ~[utbot-junit-contest-1.0.jar:?]
	at kotlinx.coroutines.BuildersKt__BuildersKt.runBlocking$default(Builders.kt:38) ~[utbot-junit-contest-1.0.jar:?]
	at kotlinx.coroutines.BuildersKt.runBlocking$default(Unknown Source) ~[utbot-junit-contest-1.0.jar:?]
	at com.huawei.utbot.instrumentation.ConcreteExecutor$restartIfNeeded$$inlined$bracket$lambda$1$1.invoke(ConcreteExecutor.kt:253) ~[utbot-junit-contest-1.0.jar:?]
	at com.huawei.utbot.instrumentation.ConcreteExecutor$restartIfNeeded$$inlined$bracket$lambda$1$1.invoke(ConcreteExecutor.kt:101) ~[utbot-junit-contest-1.0.jar:?]
	at kotlin.concurrent.ThreadsKt$thread$thread$1.run(Thread.kt:30) ~[utbot-junit-contest-1.0.jar:?]
00:03:28.500 | DEBUG | --new testCase collected, to generate: testIo.seata.core.rpc.netty.ShutdownHook.<init>(String)1
00:03:28.804 | DEBUG | --new testCase collected, to generate: testIo.seata.core.rpc.netty.ShutdownHook.<init>(String)2
00:03:36.545 | INFO  | |> Starting concrete execution for remaining state: io.seata.core.rpc.netty.ShutdownHook.<init>(String)
00:03:37.746 | INFO  | (X) Cancelling concrete execution: io.seata.core.rpc.netty.ShutdownHook.<init>(String)
00:03:37.857 | INFO  | Finished (in 10.109 sec): method io.seata.core.rpc.netty.ShutdownHook.<init>(String) 
<StatsForMethod> :
	#generatedTC=2
	FAILED 1 time(s) with 1 different exception(s)"
00:03:37.881 | DEBUG |  ... 
00:03:37.882 | INFO  | Started: method io.seata.core.rpc.netty.ShutdownHook.DisposablePriorityWrapper.compareTo(ShutdownHook$DisposablePriorityWrapper)
00:03:37.882 | INFO  |  -- Remaining time budget: 29853 ms, #remaining_methods: 3, budget for method: 9951 ms, solver timeout: 1000 ms, budget for symbolic execution: 8751 ms, budget for concrete execution: 1200 ms,  -- 
00:03:38.679 | DEBUG | --new testCase collected, to generate: testIo.seata.core.rpc.netty.ShutdownHook.DisposablePriorityWrapper.compareTo(ShutdownHook$DisposablePriorityWrapper)1
00:03:38.706 | DEBUG | --new testCase collected, to generate: testIo.seata.core.rpc.netty.ShutdownHook.DisposablePriorityWrapper.compareTo(ShutdownHook$DisposablePriorityWrapper)2
00:03:38.726 | DEBUG | --new testCase collected, to generate: testIo.seata.core.rpc.netty.ShutdownHook.DisposablePriorityWrapper.compareTo(ShutdownHook$DisposablePriorityWrapper)3
00:03:38.727 | INFO  | Finished (in 0.845 sec): method io.seata.core.rpc.netty.ShutdownHook.DisposablePriorityWrapper.compareTo(ShutdownHook$DisposablePriorityWrapper) 
<StatsForMethod> :
	#generatedTC=3
	WITH NO EXCEPTIONS
00:03:38.728 | DEBUG |  ... 
00:03:38.728 | INFO  | Started: method io.seata.core.rpc.netty.ShutdownHook.DisposablePriorityWrapper.destroy()
00:03:38.729 | INFO  |  -- Remaining time budget: 29007 ms, #remaining_methods: 2, budget for method: 14503 ms, solver timeout: 1000 ms, budget for symbolic execution: 13303 ms, budget for concrete execution: 1200 ms,  -- 
00:03:38.740 | DEBUG | --new testCase collected, to generate: testIo.seata.core.rpc.netty.ShutdownHook.DisposablePriorityWrapper.destroy()1
00:03:38.765 | DEBUG | --new testCase collected, to generate: testIo.seata.core.rpc.netty.ShutdownHook.DisposablePriorityWrapper.destroy()2
00:03:38.786 | DEBUG | --new testCase collected, to generate: testIo.seata.core.rpc.netty.ShutdownHook.DisposablePriorityWrapper.destroy()3
00:03:38.786 | INFO  | Finished (in 0.058 sec): method io.seata.core.rpc.netty.ShutdownHook.DisposablePriorityWrapper.destroy() 
<StatsForMethod> :
	#generatedTC=3
	WITH NO EXCEPTIONS
00:03:38.787 | DEBUG |  ... 
00:03:38.788 | INFO  | Started: method io.seata.core.rpc.netty.ShutdownHook.DisposablePriorityWrapper.<init>(ShutdownHook, Disposable)
00:03:38.788 | INFO  |  -- Remaining time budget: 28948 ms, #remaining_methods: 1, budget for method: 28948 ms, solver timeout: 1000 ms, budget for symbolic execution: 27748 ms, budget for concrete execution: 1200 ms,  -- 
00:03:38.800 | DEBUG | --new testCase collected, to generate: testIo.seata.core.rpc.netty.ShutdownHook.DisposablePriorityWrapper.<init>(ShutdownHook, Disposable)1
00:03:38.844 | DEBUG | --new testCase collected, to generate: testIo.seata.core.rpc.netty.ShutdownHook.DisposablePriorityWrapper.<init>(ShutdownHook, Disposable)2
00:03:38.844 | INFO  | Finished (in 0.056 sec): method io.seata.core.rpc.netty.ShutdownHook.DisposablePriorityWrapper.<init>(ShutdownHook, Disposable) 
<StatsForMethod> :
	#generatedTC=2
	WITH NO EXCEPTIONS
00:03:38.851 | INFO  | Started: Flushing tests for [ShutdownHook] on disk
00:03:44.573 | INFO  | File size for ShutdownHookTest: 18 KB
00:03:44.575 | INFO  | Finished (in 5.724 sec): Flushing tests for [ShutdownHook] on disk 
00:03:44.576 | INFO  | Finished (in 78.816 sec): class io.seata.core.rpc.netty.ShutdownHook 
<StatsForClass> :
	canceled by timeout = false
	#methods = 10, 
	#methods started symbolic exploration = 10
	#methods with at least one TC = 10
	#methods with exceptions = 1
	#generated TC = 27
	#coverage = null
[READY]
