Started UtBot Contest, classfileDir = /var/benchmarks/projects/fastjson/target/classes, classpathString=/var/benchmarks/projects/fastjson/target/classes:/var/benchmarks/projects/fastjson/target/fastjson-1.2.50-SNAPSHOT.jar:/var/benchmarks/projects/./fastjson/target/dependency/deeptestutils-1.1.0.jar:/var/benchmarks/projects/fastjson/target/dependency/commons-beanutils-1.8.0.jar:/var/benchmarks/projects/fastjson/target/dependency/woodstox-core-asl-4.4.1.jar:/var/benchmarks/projects/fastjson/target/dependency/spring-aop-4.3.7.RELEASE.jar:/var/benchmarks/projects/fastjson/target/dependency/hibernate-core-5.2.10.Final.jar:/var/benchmarks/projects/fastjson/target/dependency/jackson-module-kotlin-2.9.0.jar:/var/benchmarks/projects/fastjson/target/dependency/spring-data-commons-1.13.6.RELEASE.jar:/var/benchmarks/projects/fastjson/target/dependency/javax.annotation-api-1.2.jar:/var/benchmarks/projects/fastjson/target/dependency/gson-2.6.2.jar:/var/benchmarks/projects/fastjson/target/dependency/jetty-continuation-8.1.8.v20121106.jar:/var/benchmarks/projects/fastjson/target/dependency/objenesis-2.5.1.jar:/var/benchmarks/projects/fastjson/target/dependency/powermock-reflect-1.6.6.jar:/var/benchmarks/projects/fastjson/target/dependency/springfox-spring-web-2.6.1.jar:/var/benchmarks/projects/fastjson/target/dependency/javaslang-2.0.6.jar:/var/benchmarks/projects/fastjson/target/dependency/guava-18.0.jar:/var/benchmarks/projects/fastjson/target/dependency/mockito-core-1.10.19.jar:/var/benchmarks/projects/fastjson/target/dependency/json-lib-2.4-jdk15.jar:/var/benchmarks/projects/fastjson/target/dependency/jetty-xml-8.1.8.v20121106.jar:/var/benchmarks/projects/fastjson/target/dependency/xmlschema-core-2.2.1.jar:/var/benchmarks/projects/fastjson/target/dependency/powermock-api-support-1.6.6.jar:/var/benchmarks/projects/fastjson/target/dependency/commons-collections4-4.1.jar:/var/benchmarks/projects/fastjson/target/dependency/cglib-nodep-2.2.2.jar:/var/benchmarks/projects/fastjson/target/dependency/asm-debug-all-5.0.4.jar:/var/benchmarks/projects/fastjson/target/dependency/spring-plugin-core-1.2.0.RELEASE.jar:/var/benchmarks/projects/fastjson/target/dependency/cxf-rt-rs-client-3.1.2.jar:/var/benchmarks/projects/fastjson/target/dependency/jetty-io-8.1.8.v20121106.jar:/var/benchmarks/projects/fastjson/target/dependency/commons-lang3-3.4.jar:/var/benchmarks/projects/fastjson/target/dependency/stax2-api-3.1.4.jar:/var/benchmarks/projects/fastjson/target/dependency/jackson-annotations-2.9.0.jar:/var/benchmarks/projects/fastjson/target/dependency/jetty-server-8.1.8.v20121106.jar:/var/benchmarks/projects/fastjson/target/dependency/json-simple-1.1.1.jar:/var/benchmarks/projects/fastjson/target/dependency/asm-tree-4.0.jar:/var/benchmarks/projects/fastjson/target/dependency/spring-data-commons-core-1.4.1.RELEASE.jar:/var/benchmarks/projects/fastjson/target/dependency/powermock-module-junit4-common-1.6.6.jar:/var/benchmarks/projects/fastjson/target/dependency/jcl-over-slf4j-1.7.25.jar:/var/benchmarks/projects/fastjson/target/dependency/javax.servlet-3.0.0.v201112011016.jar:/var/benchmarks/projects/fastjson/target/dependency/springfox-core-2.6.1.jar:/var/benchmarks/projects/fastjson/target/dependency/osgi-resource-locator-1.0.1.jar:/var/benchmarks/projects/fastjson/target/dependency/javassist-3.18.0-GA.jar:/var/benchmarks/projects/fastjson/target/dependency/kotlin-reflect-1.1.3-2.jar:/var/benchmarks/projects/fastjson/target/dependency/spring-context-support-4.3.10.RELEASE.jar:/var/benchmarks/projects/fastjson/target/dependency/spring-plugin-metadata-1.2.0.RELEASE.jar:/var/benchmarks/projects/fastjson/target/dependency/kotlin-stdlib-1.1.3-2.jar:/var/benchmarks/projects/fastjson/target/dependency/spring-data-keyvalue-1.2.6.RELEASE.jar:/var/benchmarks/projects/fastjson/target/dependency/jersey-container-servlet-core-2.23.2.jar:/var/benchmarks/projects/fastjson/target/dependency/asm-4.0.jar:/var/benchmarks/projects/fastjson/target/dependency/asm-commons-4.0.jar:/var/benchmarks/projects/fastjson/target/dependency/jersey-guava-2.23.2.jar:/var/benchmarks/projects/fastjson/target/dependency/aopalliance-1.0.jar:/var/benchmarks/projects/fastjson/target/dependency/groovy-2.1.5.jar:/var/benchmarks/projects/fastjson/target/dependency/hk2-api-2.5.0-b05.jar:/var/benchmarks/projects/fastjson/target/dependency/jetty-security-8.1.8.v20121106.jar:/var/benchmarks/projects/fastjson/target/dependency/jmh-core-1.21.jar:/var/benchmarks/projects/fastjson/target/dependency/jersey-container-servlet-2.23.2.jar:/var/benchmarks/projects/fastjson/target/dependency/dom4j-1.6.1.jar:/var/benchmarks/projects/fastjson/target/dependency/spring-core-4.3.7.RELEASE.jar:/var/benchmarks/projects/fastjson/target/dependency/spring-data-redis-1.8.6.RELEASE.jar:/var/benchmarks/projects/fastjson/target/dependency/jackson-core-asl-1.9.13.jar:/var/benchmarks/projects/fastjson/target/dependency/jackson-mapper-asl-1.9.13.jar:/var/benchmarks/projects/fastjson/target/dependency/hibernate-jpa-2.1-api-1.0.0.Final.jar:/var/benchmarks/projects/fastjson/target/dependency/junit-4.12.jar:/var/benchmarks/projects/fastjson/target/dependency/commons-io-1.4.jar:/var/benchmarks/projects/fastjson/target/dependency/jetty-util-8.1.8.v20121106.jar:/var/benchmarks/projects/fastjson/target/dependency/hamcrest-core-1.3.jar:/var/benchmarks/projects/fastjson/target/dependency/jmh-generator-annprocess-1.21.jar:/var/benchmarks/projects/fastjson/target/dependency/jackson-jaxrs-base-2.8.7.jar:/var/benchmarks/projects/fastjson/target/dependency/powermock-module-junit4-1.6.6.jar:/var/benchmarks/projects/fastjson/target/dependency/powermock-core-1.6.6.jar:/var/benchmarks/projects/fastjson/target/dependency/slf4j-api-1.7.25.jar:/var/benchmarks/projects/fastjson/target/dependency/antlr-2.7.7.jar:/var/benchmarks/projects/fastjson/target/dependency/mockito-all-1.10.19.jar:/var/benchmarks/projects/fastjson/target/dependency/jersey-container-jdk-http-2.23.2.jar:/var/benchmarks/projects/fastjson/target/dependency/javaslang-match-2.0.6.jar:/var/benchmarks/projects/fastjson/target/dependency/jersey-test-framework-provider-jdk-http-2.23.2.jar:/var/benchmarks/projects/fastjson/target/dependency/jersey-entity-filtering-2.23.2.jar:/var/benchmarks/projects/fastjson/target/dependency/jandex-2.0.3.Final.jar:/var/benchmarks/projects/fastjson/target/dependency/ezmorph-1.0.6.jar:/var/benchmarks/projects/fastjson/target/dependency/jackson-jaxrs-json-provider-2.8.7.jar:/var/benchmarks/projects/fastjson/target/dependency/cxf-rt-transports-http-3.1.2.jar:/var/benchmarks/projects/fastjson/target/dependency/spring-beans-4.3.7.RELEASE.jar:/var/benchmarks/projects/fastjson/target/dependency/jersey-server-2.23.2.jar:/var/benchmarks/projects/fastjson/target/dependency/powermock-api-mockito-1.6.6.jar:/var/benchmarks/projects/fastjson/target/dependency/jackson-module-jaxb-annotations-2.8.7.jar:/var/benchmarks/projects/fastjson/target/dependency/jopt-simple-4.6.jar:/var/benchmarks/projects/fastjson/target/dependency/asm-analysis-4.0.jar:/var/benchmarks/projects/fastjson/target/dependency/annotations-13.0.jar:/var/benchmarks/projects/fastjson/target/dependency/json-path-2.3.0.jar:/var/benchmarks/projects/fastjson/target/dependency/springfox-spi-2.6.1.jar:/var/benchmarks/projects/fastjson/target/dependency/spring-websocket-4.3.7.RELEASE.jar:/var/benchmarks/projects/fastjson/target/dependency/spring-messaging-4.3.7.RELEASE.jar:/var/benchmarks/projects/fastjson/target/dependency/jersey-client-2.23.2.jar:/var/benchmarks/projects/fastjson/target/dependency/javax.ws.rs-api-2.0.1.jar:/var/benchmarks/projects/fastjson/target/dependency/accessors-smart-1.1.jar:/var/benchmarks/projects/fastjson/target/dependency/hibernate-commons-annotations-5.0.1.Final.jar:/var/benchmarks/projects/fastjson/target/dependency/commons-logging-1.1.1.jar:/var/benchmarks/projects/fastjson/target/dependency/jackson-core-2.9.0.jar:/var/benchmarks/projects/fastjson/target/dependency/spring-expression-4.3.7.RELEASE.jar:/var/benchmarks/projects/fastjson/target/dependency/jersey-media-jaxb-2.23.2.jar:/var/benchmarks/projects/fastjson/target/dependency/okhttp-3.6.0.jar:/var/benchmarks/projects/fastjson/target/dependency/commons-math3-3.2.jar:/var/benchmarks/projects/fastjson/target/dependency/jetty-webapp-8.1.8.v20121106.jar:/var/benchmarks/projects/fastjson/target/dependency/javax.inject-2.5.0-b05.jar:/var/benchmarks/projects/fastjson/target/dependency/cxf-core-3.1.2.jar:/var/benchmarks/projects/fastjson/target/dependency/powermock-api-mockito-common-1.6.6.jar:/var/benchmarks/projects/fastjson/target/dependency/jetty-http-8.1.8.v20121106.jar:/var/benchmarks/projects/fastjson/target/dependency/spring-security-config-3.2.10.RELEASE.jar:/var/benchmarks/projects/fastjson/target/dependency/okio-1.11.0.jar:/var/benchmarks/projects/fastjson/target/dependency/javax.servlet-api-3.1.0.jar:/var/benchmarks/projects/fastjson/target/dependency/json-smart-2.2.1.jar:/var/benchmarks/projects/fastjson/target/dependency/spring-tx-4.3.10.RELEASE.jar:/var/benchmarks/projects/fastjson/target/dependency/jackson-module-afterburner-2.9.0.jar:/var/benchmarks/projects/fastjson/target/dependency/asm-util-4.0.jar:/var/benchmarks/projects/fastjson/target/dependency/spring-security-web-4.2.3.RELEASE.jar:/var/benchmarks/projects/fastjson/target/dependency/spring-webmvc-4.3.7.RELEASE.jar:/var/benchmarks/projects/fastjson/target/dependency/hk2-locator-2.5.0-b05.jar:/var/benchmarks/projects/fastjson/target/dependency/retrofit-2.1.0.jar:/var/benchmarks/projects/fastjson/target/dependency/clojure-1.5.1.jar:/var/benchmarks/projects/fastjson/target/dependency/spring-security-oauth2-2.3.3.RELEASE.jar:/var/benchmarks/projects/fastjson/target/dependency/spring-test-4.3.7.RELEASE.jar:/var/benchmarks/projects/fastjson/target/dependency/aopalliance-repackaged-2.5.0-b05.jar:/var/benchmarks/projects/fastjson/target/dependency/spring-oxm-4.3.10.RELEASE.jar:/var/benchmarks/projects/fastjson/target/dependency/spring-security-core-4.2.3.RELEASE.jar:/var/benchmarks/projects/fastjson/target/dependency/jboss-transaction-api_1.2_spec-1.0.1.Final.jar:/var/benchmarks/projects/fastjson/target/dependency/lombok-1.14.4.jar:/var/benchmarks/projects/fastjson/target/dependency/commons-collections-3.2.1.jar:/var/benchmarks/projects/fastjson/target/dependency/cxf-rt-frontend-jaxrs-3.1.2.jar:/var/benchmarks/projects/fastjson/target/dependency/spring-context-4.3.7.RELEASE.jar:/var/benchmarks/projects/fastjson/target/dependency/jersey-test-framework-core-2.23.2.jar:/var/benchmarks/projects/fastjson/target/dependency/classmate-1.3.1.jar:/var/benchmarks/projects/fastjson/target/dependency/hk2-utils-2.5.0-b05.jar:/var/benchmarks/projects/fastjson/target/dependency/jersey-common-2.23.2.jar:/var/benchmarks/projects/fastjson/target/dependency/jackson-databind-2.9.0.jar:/var/benchmarks/projects/fastjson/target/dependency/jersey-media-json-jackson-2.23.2.jar:/var/benchmarks/projects/fastjson/target/dependency/commons-lang-2.5.jar:/var/benchmarks/projects/fastjson/target/dependency/jetty-servlet-8.1.8.v20121106.jar:/var/benchmarks/projects/fastjson/target/dependency/validation-api-1.1.0.Final.jar:/var/benchmarks/projects/fastjson/target/dependency/spring-web-4.3.7.RELEASE.jar:/var/benchmarks/projects/fastjson/target/dependency/jsoniter-0.9.8.jar:/var/benchmarks/projects/fastjson/target/dependency/jboss-logging-3.3.0.Final.jar, outputDir=/home/utbot_mocks/temp/testcases, mocks=Other classes: Mockito
16:46:32.285 | INFO  | Started: warmup: kotlin reflection :: init
16:46:32.382 | INFO  | Finished (in 0.097 sec): warmup: kotlin reflection :: init 
[INIT]
>> [RUN] com.alibaba.fastjson.serializer.JSONSerializer 30
16:46:32.395 | DEBUG | -----------------------------------------------------------------------------
16:46:32.396 | INFO  | Contest.runGeneration: Time budget: 30000 ms, Generation timeout=25500 ms, classpath=/var/benchmarks/projects/fastjson/target/classes:/var/benchmarks/projects/fastjson/target/fastjson-1.2.50-SNAPSHOT.jar:/var/benchmarks/projects/./fastjson/target/dependency/deeptestutils-1.1.0.jar:/var/benchmarks/projects/fastjson/target/dependency/commons-beanutils-1.8.0.jar:/var/benchmarks/projects/fastjson/target/dependency/woodstox-core-asl-4.4.1.jar:/var/benchmarks/projects/fastjson/target/dependency/spring-aop-4.3.7.RELEASE.jar:/var/benchmarks/projects/fastjson/target/dependency/hibernate-core-5.2.10.Final.jar:/var/benchmarks/projects/fastjson/target/dependency/jackson-module-kotlin-2.9.0.jar:/var/benchmarks/projects/fastjson/target/dependency/spring-data-commons-1.13.6.RELEASE.jar:/var/benchmarks/projects/fastjson/target/dependency/javax.annotation-api-1.2.jar:/var/benchmarks/projects/fastjson/target/dependency/gson-2.6.2.jar:/var/benchmarks/projects/fastjson/target/dependency/jetty-continuation-8.1.8.v20121106.jar:/var/benchmarks/projects/fastjson/target/dependency/objenesis-2.5.1.jar:/var/benchmarks/projects/fastjson/target/dependency/powermock-reflect-1.6.6.jar:/var/benchmarks/projects/fastjson/target/dependency/springfox-spring-web-2.6.1.jar:/var/benchmarks/projects/fastjson/target/dependency/javaslang-2.0.6.jar:/var/benchmarks/projects/fastjson/target/dependency/guava-18.0.jar:/var/benchmarks/projects/fastjson/target/dependency/mockito-core-1.10.19.jar:/var/benchmarks/projects/fastjson/target/dependency/json-lib-2.4-jdk15.jar:/var/benchmarks/projects/fastjson/target/dependency/jetty-xml-8.1.8.v20121106.jar:/var/benchmarks/projects/fastjson/target/dependency/xmlschema-core-2.2.1.jar:/var/benchmarks/projects/fastjson/target/dependency/powermock-api-support-1.6.6.jar:/var/benchmarks/projects/fastjson/target/dependency/commons-collections4-4.1.jar:/var/benchmarks/projects/fastjson/target/dependency/cglib-nodep-2.2.2.jar:/var/benchmarks/projects/fastjson/target/dependency/asm-debug-all-5.0.4.jar:/var/benchmarks/projects/fastjson/target/dependency/spring-plugin-core-1.2.0.RELEASE.jar:/var/benchmarks/projects/fastjson/target/dependency/cxf-rt-rs-client-3.1.2.jar:/var/benchmarks/projects/fastjson/target/dependency/jetty-io-8.1.8.v20121106.jar:/var/benchmarks/projects/fastjson/target/dependency/commons-lang3-3.4.jar:/var/benchmarks/projects/fastjson/target/dependency/stax2-api-3.1.4.jar:/var/benchmarks/projects/fastjson/target/dependency/jackson-annotations-2.9.0.jar:/var/benchmarks/projects/fastjson/target/dependency/jetty-server-8.1.8.v20121106.jar:/var/benchmarks/projects/fastjson/target/dependency/json-simple-1.1.1.jar:/var/benchmarks/projects/fastjson/target/dependency/asm-tree-4.0.jar:/var/benchmarks/projects/fastjson/target/dependency/spring-data-commons-core-1.4.1.RELEASE.jar:/var/benchmarks/projects/fastjson/target/dependency/powermock-module-junit4-common-1.6.6.jar:/var/benchmarks/projects/fastjson/target/dependency/jcl-over-slf4j-1.7.25.jar:/var/benchmarks/projects/fastjson/target/dependency/javax.servlet-3.0.0.v201112011016.jar:/var/benchmarks/projects/fastjson/target/dependency/springfox-core-2.6.1.jar:/var/benchmarks/projects/fastjson/target/dependency/osgi-resource-locator-1.0.1.jar:/var/benchmarks/projects/fastjson/target/dependency/javassist-3.18.0-GA.jar:/var/benchmarks/projects/fastjson/target/dependency/kotlin-reflect-1.1.3-2.jar:/var/benchmarks/projects/fastjson/target/dependency/spring-context-support-4.3.10.RELEASE.jar:/var/benchmarks/projects/fastjson/target/dependency/spring-plugin-metadata-1.2.0.RELEASE.jar:/var/benchmarks/projects/fastjson/target/dependency/kotlin-stdlib-1.1.3-2.jar:/var/benchmarks/projects/fastjson/target/dependency/spring-data-keyvalue-1.2.6.RELEASE.jar:/var/benchmarks/projects/fastjson/target/dependency/jersey-container-servlet-core-2.23.2.jar:/var/benchmarks/projects/fastjson/target/dependency/asm-4.0.jar:/var/benchmarks/projects/fastjson/target/dependency/asm-commons-4.0.jar:/var/benchmarks/projects/fastjson/target/dependency/jersey-guava-2.23.2.jar:/var/benchmarks/projects/fastjson/target/dependency/aopalliance-1.0.jar:/var/benchmarks/projects/fastjson/target/dependency/groovy-2.1.5.jar:/var/benchmarks/projects/fastjson/target/dependency/hk2-api-2.5.0-b05.jar:/var/benchmarks/projects/fastjson/target/dependency/jetty-security-8.1.8.v20121106.jar:/var/benchmarks/projects/fastjson/target/dependency/jmh-core-1.21.jar:/var/benchmarks/projects/fastjson/target/dependency/jersey-container-servlet-2.23.2.jar:/var/benchmarks/projects/fastjson/target/dependency/dom4j-1.6.1.jar:/var/benchmarks/projects/fastjson/target/dependency/spring-core-4.3.7.RELEASE.jar:/var/benchmarks/projects/fastjson/target/dependency/spring-data-redis-1.8.6.RELEASE.jar:/var/benchmarks/projects/fastjson/target/dependency/jackson-core-asl-1.9.13.jar:/var/benchmarks/projects/fastjson/target/dependency/jackson-mapper-asl-1.9.13.jar:/var/benchmarks/projects/fastjson/target/dependency/hibernate-jpa-2.1-api-1.0.0.Final.jar:/var/benchmarks/projects/fastjson/target/dependency/junit-4.12.jar:/var/benchmarks/projects/fastjson/target/dependency/commons-io-1.4.jar:/var/benchmarks/projects/fastjson/target/dependency/jetty-util-8.1.8.v20121106.jar:/var/benchmarks/projects/fastjson/target/dependency/hamcrest-core-1.3.jar:/var/benchmarks/projects/fastjson/target/dependency/jmh-generator-annprocess-1.21.jar:/var/benchmarks/projects/fastjson/target/dependency/jackson-jaxrs-base-2.8.7.jar:/var/benchmarks/projects/fastjson/target/dependency/powermock-module-junit4-1.6.6.jar:/var/benchmarks/projects/fastjson/target/dependency/powermock-core-1.6.6.jar:/var/benchmarks/projects/fastjson/target/dependency/slf4j-api-1.7.25.jar:/var/benchmarks/projects/fastjson/target/dependency/antlr-2.7.7.jar:/var/benchmarks/projects/fastjson/target/dependency/mockito-all-1.10.19.jar:/var/benchmarks/projects/fastjson/target/dependency/jersey-container-jdk-http-2.23.2.jar:/var/benchmarks/projects/fastjson/target/dependency/javaslang-match-2.0.6.jar:/var/benchmarks/projects/fastjson/target/dependency/jersey-test-framework-provider-jdk-http-2.23.2.jar:/var/benchmarks/projects/fastjson/target/dependency/jersey-entity-filtering-2.23.2.jar:/var/benchmarks/projects/fastjson/target/dependency/jandex-2.0.3.Final.jar:/var/benchmarks/projects/fastjson/target/dependency/ezmorph-1.0.6.jar:/var/benchmarks/projects/fastjson/target/dependency/jackson-jaxrs-json-provider-2.8.7.jar:/var/benchmarks/projects/fastjson/target/dependency/cxf-rt-transports-http-3.1.2.jar:/var/benchmarks/projects/fastjson/target/dependency/spring-beans-4.3.7.RELEASE.jar:/var/benchmarks/projects/fastjson/target/dependency/jersey-server-2.23.2.jar:/var/benchmarks/projects/fastjson/target/dependency/powermock-api-mockito-1.6.6.jar:/var/benchmarks/projects/fastjson/target/dependency/jackson-module-jaxb-annotations-2.8.7.jar:/var/benchmarks/projects/fastjson/target/dependency/jopt-simple-4.6.jar:/var/benchmarks/projects/fastjson/target/dependency/asm-analysis-4.0.jar:/var/benchmarks/projects/fastjson/target/dependency/annotations-13.0.jar:/var/benchmarks/projects/fastjson/target/dependency/json-path-2.3.0.jar:/var/benchmarks/projects/fastjson/target/dependency/springfox-spi-2.6.1.jar:/var/benchmarks/projects/fastjson/target/dependency/spring-websocket-4.3.7.RELEASE.jar:/var/benchmarks/projects/fastjson/target/dependency/spring-messaging-4.3.7.RELEASE.jar:/var/benchmarks/projects/fastjson/target/dependency/jersey-client-2.23.2.jar:/var/benchmarks/projects/fastjson/target/dependency/javax.ws.rs-api-2.0.1.jar:/var/benchmarks/projects/fastjson/target/dependency/accessors-smart-1.1.jar:/var/benchmarks/projects/fastjson/target/dependency/hibernate-commons-annotations-5.0.1.Final.jar:/var/benchmarks/projects/fastjson/target/dependency/commons-logging-1.1.1.jar:/var/benchmarks/projects/fastjson/target/dependency/jackson-core-2.9.0.jar:/var/benchmarks/projects/fastjson/target/dependency/spring-expression-4.3.7.RELEASE.jar:/var/benchmarks/projects/fastjson/target/dependency/jersey-media-jaxb-2.23.2.jar:/var/benchmarks/projects/fastjson/target/dependency/okhttp-3.6.0.jar:/var/benchmarks/projects/fastjson/target/dependency/commons-math3-3.2.jar:/var/benchmarks/projects/fastjson/target/dependency/jetty-webapp-8.1.8.v20121106.jar:/var/benchmarks/projects/fastjson/target/dependency/javax.inject-2.5.0-b05.jar:/var/benchmarks/projects/fastjson/target/dependency/cxf-core-3.1.2.jar:/var/benchmarks/projects/fastjson/target/dependency/powermock-api-mockito-common-1.6.6.jar:/var/benchmarks/projects/fastjson/target/dependency/jetty-http-8.1.8.v20121106.jar:/var/benchmarks/projects/fastjson/target/dependency/spring-security-config-3.2.10.RELEASE.jar:/var/benchmarks/projects/fastjson/target/dependency/okio-1.11.0.jar:/var/benchmarks/projects/fastjson/target/dependency/javax.servlet-api-3.1.0.jar:/var/benchmarks/projects/fastjson/target/dependency/json-smart-2.2.1.jar:/var/benchmarks/projects/fastjson/target/dependency/spring-tx-4.3.10.RELEASE.jar:/var/benchmarks/projects/fastjson/target/dependency/jackson-module-afterburner-2.9.0.jar:/var/benchmarks/projects/fastjson/target/dependency/asm-util-4.0.jar:/var/benchmarks/projects/fastjson/target/dependency/spring-security-web-4.2.3.RELEASE.jar:/var/benchmarks/projects/fastjson/target/dependency/spring-webmvc-4.3.7.RELEASE.jar:/var/benchmarks/projects/fastjson/target/dependency/hk2-locator-2.5.0-b05.jar:/var/benchmarks/projects/fastjson/target/dependency/retrofit-2.1.0.jar:/var/benchmarks/projects/fastjson/target/dependency/clojure-1.5.1.jar:/var/benchmarks/projects/fastjson/target/dependency/spring-security-oauth2-2.3.3.RELEASE.jar:/var/benchmarks/projects/fastjson/target/dependency/spring-test-4.3.7.RELEASE.jar:/var/benchmarks/projects/fastjson/target/dependency/aopalliance-repackaged-2.5.0-b05.jar:/var/benchmarks/projects/fastjson/target/dependency/spring-oxm-4.3.10.RELEASE.jar:/var/benchmarks/projects/fastjson/target/dependency/spring-security-core-4.2.3.RELEASE.jar:/var/benchmarks/projects/fastjson/target/dependency/jboss-transaction-api_1.2_spec-1.0.1.Final.jar:/var/benchmarks/projects/fastjson/target/dependency/lombok-1.14.4.jar:/var/benchmarks/projects/fastjson/target/dependency/commons-collections-3.2.1.jar:/var/benchmarks/projects/fastjson/target/dependency/cxf-rt-frontend-jaxrs-3.1.2.jar:/var/benchmarks/projects/fastjson/target/dependency/spring-context-4.3.7.RELEASE.jar:/var/benchmarks/projects/fastjson/target/dependency/jersey-test-framework-core-2.23.2.jar:/var/benchmarks/projects/fastjson/target/dependency/classmate-1.3.1.jar:/var/benchmarks/projects/fastjson/target/dependency/hk2-utils-2.5.0-b05.jar:/var/benchmarks/projects/fastjson/target/dependency/jersey-common-2.23.2.jar:/var/benchmarks/projects/fastjson/target/dependency/jackson-databind-2.9.0.jar:/var/benchmarks/projects/fastjson/target/dependency/jersey-media-json-jackson-2.23.2.jar:/var/benchmarks/projects/fastjson/target/dependency/commons-lang-2.5.jar:/var/benchmarks/projects/fastjson/target/dependency/jetty-servlet-8.1.8.v20121106.jar:/var/benchmarks/projects/fastjson/target/dependency/validation-api-1.1.0.Final.jar:/var/benchmarks/projects/fastjson/target/dependency/spring-web-4.3.7.RELEASE.jar:/var/benchmarks/projects/fastjson/target/dependency/jsoniter-0.9.8.jar:/var/benchmarks/projects/fastjson/target/dependency/jboss-logging-3.3.0.Final.jar, methodNameFilter=null
16:46:32.400 | INFO  | ClassUnderTest[ FQN: com.alibaba.fastjson.serializer.JSONSerializer
    classfileDir: /var/benchmarks/projects/fastjson/target/classes
    testClassSimpleName: JSONSerializerTest
    generatedTestFile: /home/utbot_mocks/temp/testcases/com/alibaba/fastjson/serializer/JSONSerializerTest.java
    generatedTestsSourcesDir: /home/utbot_mocks/temp/testcases
]
16:46:32.423 | INFO  | Started: class com.alibaba.fastjson.serializer.JSONSerializer
16:46:32.424 | INFO  | Started: preparation class class com.alibaba.fastjson.serializer.JSONSerializer: kotlin reflection :: run
16:46:32.519 | INFO  | Finished (in 0.094 sec): preparation class class com.alibaba.fastjson.serializer.JSONSerializer: kotlin reflection :: run 
16:46:32.519 | INFO  | Started: 2nd optional soot initialization
16:46:32.520 | INFO  | Finished (in 0.001 sec): 2nd optional soot initialization 
16:46:32.529 | DEBUG |  ... 
16:46:32.556 | INFO  | Started: method com.alibaba.fastjson.serializer.JSONSerializer.toString()
16:46:32.556 | INFO  |  -- Remaining time budget: 25366 ms, #remaining_methods: 40, budget for method: 634 ms, solver timeout: 317 ms, budget for symbolic execution: 317 ms, budget for concrete execution: 317 ms,  -- 
16:46:32.868 | INFO  | |> Starting concrete execution for remaining state: com.alibaba.fastjson.serializer.JSONSerializer.toString()
16:46:33.187 | INFO  | (X) Cancelling concrete execution: com.alibaba.fastjson.serializer.JSONSerializer.toString()
16:46:33.199 | DEBUG |  ... 
16:46:33.199 | INFO  | Started: method com.alibaba.fastjson.serializer.JSONSerializer.popContext()
16:46:33.199 | INFO  |  -- Remaining time budget: 24700 ms, #remaining_methods: 39, budget for method: 633 ms, solver timeout: 316 ms, budget for symbolic execution: 317 ms, budget for concrete execution: 316 ms,  -- 
16:46:33.233 | INFO  | Finished (in 0.677 sec): method com.alibaba.fastjson.serializer.JSONSerializer.toString() 
<StatsForMethod> : SUSPICIOUS
	#generatedTC=0
	WITH NO EXCEPTIONS
16:46:33.517 | INFO  | |> Starting concrete execution for remaining state: com.alibaba.fastjson.serializer.JSONSerializer.popContext()
16:46:33.834 | INFO  | (X) Cancelling concrete execution: com.alibaba.fastjson.serializer.JSONSerializer.popContext()
16:46:33.835 | INFO  | Finished (in 0.636 sec): method com.alibaba.fastjson.serializer.JSONSerializer.popContext() 
<StatsForMethod> : SUSPICIOUS
	#generatedTC=0
	WITH NO EXCEPTIONS
16:46:33.836 | DEBUG |  ... 
16:46:33.838 | INFO  | Started: method com.alibaba.fastjson.serializer.JSONSerializer.checkValue(SerializeFilterable)
16:46:33.839 | INFO  |  -- Remaining time budget: 24063 ms, #remaining_methods: 38, budget for method: 633 ms, solver timeout: 316 ms, budget for symbolic execution: 317 ms, budget for concrete execution: 316 ms,  -- 
16:46:34.154 | INFO  | |> Starting concrete execution for remaining state: com.alibaba.fastjson.serializer.JSONSerializer.checkValue(SerializeFilterable)
16:46:34.471 | INFO  | (X) Cancelling concrete execution: com.alibaba.fastjson.serializer.JSONSerializer.checkValue(SerializeFilterable)
16:46:34.472 | INFO  | Finished (in 0.633 sec): method com.alibaba.fastjson.serializer.JSONSerializer.checkValue(SerializeFilterable) 
<StatsForMethod> : SUSPICIOUS
	#generatedTC=0
	WITH NO EXCEPTIONS
16:46:34.473 | DEBUG |  ... 
16:46:34.473 | INFO  | Started: method com.alibaba.fastjson.serializer.JSONSerializer.setContext(SerialContext)
16:46:34.474 | INFO  |  -- Remaining time budget: 23426 ms, #remaining_methods: 37, budget for method: 633 ms, solver timeout: 316 ms, budget for symbolic execution: 317 ms, budget for concrete execution: 316 ms,  -- 
16:46:35.308 | INFO  | |> Starting concrete execution for remaining state: com.alibaba.fastjson.serializer.JSONSerializer.setContext(SerialContext)
16:46:35.627 | INFO  | (X) Cancelling concrete execution: com.alibaba.fastjson.serializer.JSONSerializer.setContext(SerialContext)
16:46:35.629 | INFO  | Finished (in 1.155 sec): method com.alibaba.fastjson.serializer.JSONSerializer.setContext(SerialContext) 
<StatsForMethod> : SUSPICIOUS
	#generatedTC=0
	WITH NO EXCEPTIONS
16:46:35.629 | DEBUG |  ... 
16:46:35.630 | INFO  | Started: method com.alibaba.fastjson.serializer.JSONSerializer.setContext(Object, Object)
16:46:35.630 | INFO  |  -- Remaining time budget: 22270 ms, #remaining_methods: 36, budget for method: 618 ms, solver timeout: 309 ms, budget for symbolic execution: 309 ms, budget for concrete execution: 309 ms,  -- 
16:46:35.939 | INFO  | |> Starting concrete execution for remaining state: com.alibaba.fastjson.serializer.JSONSerializer.setContext(Object, Object)
16:46:36.249 | INFO  | (X) Cancelling concrete execution: com.alibaba.fastjson.serializer.JSONSerializer.setContext(Object, Object)
16:46:36.250 | INFO  | Finished (in 0.620 sec): method com.alibaba.fastjson.serializer.JSONSerializer.setContext(Object, Object) 
<StatsForMethod> : SUSPICIOUS
	#generatedTC=0
	WITH NO EXCEPTIONS
16:46:36.251 | DEBUG |  ... 
16:46:36.251 | INFO  | Started: method com.alibaba.fastjson.serializer.JSONSerializer.setContext(SerialContext, Object, Object, int, int)
16:46:36.252 | INFO  |  -- Remaining time budget: 21648 ms, #remaining_methods: 35, budget for method: 618 ms, solver timeout: 309 ms, budget for symbolic execution: 309 ms, budget for concrete execution: 309 ms,  -- 
16:46:36.561 | INFO  | |> Starting concrete execution for remaining state: com.alibaba.fastjson.serializer.JSONSerializer.setContext(SerialContext, Object, Object, int, int)
16:46:36.870 | INFO  | (X) Cancelling concrete execution: com.alibaba.fastjson.serializer.JSONSerializer.setContext(SerialContext, Object, Object, int, int)
16:46:36.871 | INFO  | Finished (in 0.620 sec): method com.alibaba.fastjson.serializer.JSONSerializer.setContext(SerialContext, Object, Object, int, int) 
<StatsForMethod> : SUSPICIOUS
	#generatedTC=0
	WITH NO EXCEPTIONS
16:46:36.872 | DEBUG |  ... 
16:46:36.872 | INFO  | Started: method com.alibaba.fastjson.serializer.JSONSerializer.setContext(SerialContext, Object, Object, int)
16:46:36.873 | INFO  |  -- Remaining time budget: 21027 ms, #remaining_methods: 34, budget for method: 618 ms, solver timeout: 309 ms, budget for symbolic execution: 309 ms, budget for concrete execution: 309 ms,  -- 
16:46:37.137 | DEBUG | --new testCase collected, to generate: testCom.alibaba.fastjson.serializer.JSONSerializer.setContext(SerialContext, Object, Object, int)1
16:46:37.182 | INFO  | |> Starting concrete execution for remaining state: com.alibaba.fastjson.serializer.JSONSerializer.setContext(SerialContext, Object, Object, int)
16:46:37.491 | INFO  | (X) Cancelling concrete execution: com.alibaba.fastjson.serializer.JSONSerializer.setContext(SerialContext, Object, Object, int)
16:46:37.850 | INFO  | Finished (in 0.978 sec): method com.alibaba.fastjson.serializer.JSONSerializer.setContext(SerialContext, Object, Object, int) 
<StatsForMethod> :
	#generatedTC=1
	WITH NO EXCEPTIONS
16:46:37.852 | DEBUG |  ... 
16:46:37.853 | INFO  | Started: method com.alibaba.fastjson.serializer.JSONSerializer.getMapping()
16:46:37.853 | INFO  |  -- Remaining time budget: 20047 ms, #remaining_methods: 33, budget for method: 607 ms, solver timeout: 303 ms, budget for symbolic execution: 304 ms, budget for concrete execution: 303 ms,  -- 
16:46:38.113 | DEBUG | --new testCase collected, to generate: testCom.alibaba.fastjson.serializer.JSONSerializer.getMapping()1
16:46:38.157 | INFO  | |> Starting concrete execution for remaining state: com.alibaba.fastjson.serializer.JSONSerializer.getMapping()
16:46:38.171 | DEBUG | --new testCase collected, to generate: testCom.alibaba.fastjson.serializer.JSONSerializer.getMapping()2
16:46:38.171 | INFO  | Finished (in 0.318 sec): method com.alibaba.fastjson.serializer.JSONSerializer.getMapping() 
<StatsForMethod> :
	#generatedTC=2
	WITH NO EXCEPTIONS
16:46:38.172 | DEBUG |  ... 
16:46:38.173 | INFO  | Started: method com.alibaba.fastjson.serializer.JSONSerializer.writeReference(Object)
16:46:38.173 | INFO  |  -- Remaining time budget: 19726 ms, #remaining_methods: 32, budget for method: 616 ms, solver timeout: 308 ms, budget for symbolic execution: 308 ms, budget for concrete execution: 308 ms,  -- 
16:46:38.437 | DEBUG | --new testCase collected, to generate: testCom.alibaba.fastjson.serializer.JSONSerializer.writeReference(Object)1
16:46:38.481 | INFO  | |> Starting concrete execution for remaining state: com.alibaba.fastjson.serializer.JSONSerializer.writeReference(Object)
16:46:38.790 | INFO  | (X) Cancelling concrete execution: com.alibaba.fastjson.serializer.JSONSerializer.writeReference(Object)
16:46:38.950 | INFO  | Finished (in 0.776 sec): method com.alibaba.fastjson.serializer.JSONSerializer.writeReference(Object) 
<StatsForMethod> :
	#generatedTC=1
	WITH NO EXCEPTIONS
16:46:38.951 | DEBUG |  ... 
16:46:38.951 | INFO  | Started: method com.alibaba.fastjson.serializer.JSONSerializer.isWriteClassName(Type, Object)
16:46:38.951 | INFO  |  -- Remaining time budget: 18948 ms, #remaining_methods: 31, budget for method: 611 ms, solver timeout: 305 ms, budget for symbolic execution: 306 ms, budget for concrete execution: 305 ms,  -- 
16:46:39.210 | DEBUG | --new testCase collected, to generate: testCom.alibaba.fastjson.serializer.JSONSerializer.isWriteClassName(Type, Object)1
16:46:39.258 | INFO  | |> Starting concrete execution for remaining state: com.alibaba.fastjson.serializer.JSONSerializer.isWriteClassName(Type, Object)
16:46:39.564 | INFO  | (X) Cancelling concrete execution: com.alibaba.fastjson.serializer.JSONSerializer.isWriteClassName(Type, Object)
16:46:39.615 | INFO  | Finished (in 0.663 sec): method com.alibaba.fastjson.serializer.JSONSerializer.isWriteClassName(Type, Object) 
<StatsForMethod> :
	#generatedTC=1
	WITH NO EXCEPTIONS
16:46:39.616 | DEBUG |  ... 
16:46:39.616 | INFO  | Started: method com.alibaba.fastjson.serializer.JSONSerializer.isEnabled(SerializerFeature)
16:46:39.617 | INFO  |  -- Remaining time budget: 18283 ms, #remaining_methods: 30, budget for method: 609 ms, solver timeout: 304 ms, budget for symbolic execution: 305 ms, budget for concrete execution: 304 ms,  -- 
16:46:39.627 | ERROR | Symbolic execution FAILED
com.huawei.utbot.instrumentation.util.ChildProcessError: Error in the child process |> java.lang.IllegalAccessException: Class com.huawei.utbot.framework.concrete.MockValueConstructor can not access a member of class com.alibaba.fastjson.serializer.SerializerFeature with modifiers "private"
	at sun.reflect.Reflection.ensureMemberAccess(Reflection.java:102)
	at java.lang.reflect.AccessibleObject.slowCheckMemberAccess(AccessibleObject.java:296)
	at java.lang.reflect.AccessibleObject.checkAccess(AccessibleObject.java:288)
	at java.lang.reflect.Constructor.newInstance(Constructor.java:413)
	at com.huawei.utbot.framework.concrete.MockValueConstructor.call(MockValueConstructor.kt:414)
	at com.huawei.utbot.framework.concrete.MockValueConstructor.updateWithExecutableCallModel(MockValueConstructor.kt:353)
	at com.huawei.utbot.framework.concrete.MockValueConstructor.constructFromAssembleModel(MockValueConstructor.kt:332)
	at com.huawei.utbot.framework.concrete.MockValueConstructor.construct(MockValueConstructor.kt:126)
	at com.huawei.utbot.framework.concrete.MockValueConstructor.constructMethodParameters(MockValueConstructor.kt:101)
	at com.huawei.utbot.framework.concrete.UtExecutionInstrumentation.invoke(UtExecutionInstrumentation.kt:126)
	at com.huawei.utbot.framework.concrete.UtExecutionInstrumentation.invoke(UtExecutionInstrumentation.kt:96)
	at com.huawei.utbot.instrumentation.process.ChildProcessKt.loop(ChildProcess.kt:114)
	at com.huawei.utbot.instrumentation.process.ChildProcessKt.main(ChildProcess.kt:76)
	at com.huawei.utbot.instrumentation.process.ChildProcessKt.main(ChildProcess.kt)

	at com.huawei.utbot.instrumentation.ConcreteExecutor.executeAsync(ConcreteExecutor.kt:391) ~[utbot-junit-contest-1.0.jar:?]
	at com.huawei.utbot.instrumentation.ConcreteExecutor$executeAsync$1.invokeSuspend(ConcreteExecutor.kt) ~[utbot-junit-contest-1.0.jar:?]
	at kotlin.coroutines.jvm.internal.BaseContinuationImpl.resumeWith(ContinuationImpl.kt:33) [utbot-junit-contest-1.0.jar:?]
	at kotlinx.coroutines.DispatchedTask.run(DispatchedTask.kt:106) [utbot-junit-contest-1.0.jar:?]
	at java.util.concurrent.Executors$RunnableAdapter.call(Executors.java:511) [?:1.8.0_312]
	at java.util.concurrent.FutureTask.run(FutureTask.java:266) [?:1.8.0_312]
	at java.util.concurrent.ScheduledThreadPoolExecutor$ScheduledFutureTask.access$201(ScheduledThreadPoolExecutor.java:180) [?:1.8.0_312]
	at java.util.concurrent.ScheduledThreadPoolExecutor$ScheduledFutureTask.run(ScheduledThreadPoolExecutor.java:293) [?:1.8.0_312]
	at java.util.concurrent.ThreadPoolExecutor.runWorker(ThreadPoolExecutor.java:1149) [?:1.8.0_312]
	at java.util.concurrent.ThreadPoolExecutor$Worker.run(ThreadPoolExecutor.java:624) [?:1.8.0_312]
	at java.lang.Thread.run(Thread.java:748) [?:1.8.0_312]
16:46:39.668 | DEBUG | --new testCase collected, to generate: testCom.alibaba.fastjson.serializer.JSONSerializer.isEnabled(SerializerFeature)1
16:46:39.669 | INFO  | Finished (in 0.052 sec): method com.alibaba.fastjson.serializer.JSONSerializer.isEnabled(SerializerFeature) 
<StatsForMethod> :
	#generatedTC=1
	FAILED 1 time(s) with 1 different exception(s)"
16:46:39.669 | DEBUG |  ... 
16:46:39.670 | INFO  | Started: method com.alibaba.fastjson.serializer.JSONSerializer.config(SerializerFeature, boolean)
16:46:39.670 | INFO  |  -- Remaining time budget: 18229 ms, #remaining_methods: 29, budget for method: 628 ms, solver timeout: 314 ms, budget for symbolic execution: 314 ms, budget for concrete execution: 314 ms,  -- 
16:46:39.675 | ERROR | Symbolic execution FAILED
com.huawei.utbot.instrumentation.util.ChildProcessError: Error in the child process |> java.lang.IllegalAccessException: Class com.huawei.utbot.framework.concrete.MockValueConstructor can not access a member of class com.alibaba.fastjson.serializer.SerializerFeature with modifiers "private"
	at sun.reflect.Reflection.ensureMemberAccess(Reflection.java:102)
	at java.lang.reflect.AccessibleObject.slowCheckMemberAccess(AccessibleObject.java:296)
	at java.lang.reflect.AccessibleObject.checkAccess(AccessibleObject.java:288)
	at java.lang.reflect.Constructor.newInstance(Constructor.java:413)
	at com.huawei.utbot.framework.concrete.MockValueConstructor.call(MockValueConstructor.kt:414)
	at com.huawei.utbot.framework.concrete.MockValueConstructor.updateWithExecutableCallModel(MockValueConstructor.kt:353)
	at com.huawei.utbot.framework.concrete.MockValueConstructor.constructFromAssembleModel(MockValueConstructor.kt:332)
	at com.huawei.utbot.framework.concrete.MockValueConstructor.construct(MockValueConstructor.kt:126)
	at com.huawei.utbot.framework.concrete.MockValueConstructor.constructMethodParameters(MockValueConstructor.kt:101)
	at com.huawei.utbot.framework.concrete.UtExecutionInstrumentation.invoke(UtExecutionInstrumentation.kt:126)
	at com.huawei.utbot.framework.concrete.UtExecutionInstrumentation.invoke(UtExecutionInstrumentation.kt:96)
	at com.huawei.utbot.instrumentation.process.ChildProcessKt.loop(ChildProcess.kt:114)
	at com.huawei.utbot.instrumentation.process.ChildProcessKt.main(ChildProcess.kt:76)
	at com.huawei.utbot.instrumentation.process.ChildProcessKt.main(ChildProcess.kt)

	at com.huawei.utbot.instrumentation.ConcreteExecutor.executeAsync(ConcreteExecutor.kt:391) ~[utbot-junit-contest-1.0.jar:?]
	at com.huawei.utbot.instrumentation.ConcreteExecutor$executeAsync$1.invokeSuspend(ConcreteExecutor.kt) ~[utbot-junit-contest-1.0.jar:?]
	at kotlin.coroutines.jvm.internal.BaseContinuationImpl.resumeWith(ContinuationImpl.kt:33) [utbot-junit-contest-1.0.jar:?]
	at kotlinx.coroutines.DispatchedTask.run(DispatchedTask.kt:106) [utbot-junit-contest-1.0.jar:?]
	at java.util.concurrent.Executors$RunnableAdapter.call(Executors.java:511) [?:1.8.0_312]
	at java.util.concurrent.FutureTask.run(FutureTask.java:266) [?:1.8.0_312]
	at java.util.concurrent.ScheduledThreadPoolExecutor$ScheduledFutureTask.access$201(ScheduledThreadPoolExecutor.java:180) [?:1.8.0_312]
	at java.util.concurrent.ScheduledThreadPoolExecutor$ScheduledFutureTask.run(ScheduledThreadPoolExecutor.java:293) [?:1.8.0_312]
	at java.util.concurrent.ThreadPoolExecutor.runWorker(ThreadPoolExecutor.java:1149) [?:1.8.0_312]
	at java.util.concurrent.ThreadPoolExecutor$Worker.run(ThreadPoolExecutor.java:624) [?:1.8.0_312]
	at java.lang.Thread.run(Thread.java:748) [?:1.8.0_312]
16:46:39.712 | DEBUG | --new testCase collected, to generate: testCom.alibaba.fastjson.serializer.JSONSerializer.config(SerializerFeature, boolean)1
16:46:39.712 | INFO  | Finished (in 0.042 sec): method com.alibaba.fastjson.serializer.JSONSerializer.config(SerializerFeature, boolean) 
<StatsForMethod> :
	#generatedTC=1
	FAILED 1 time(s) with 1 different exception(s)"
16:46:39.713 | DEBUG |  ... 
16:46:39.713 | INFO  | Started: method com.alibaba.fastjson.serializer.JSONSerializer.hasPropertyFilters(SerializeFilterable)
16:46:39.713 | INFO  |  -- Remaining time budget: 18186 ms, #remaining_methods: 28, budget for method: 649 ms, solver timeout: 324 ms, budget for symbolic execution: 325 ms, budget for concrete execution: 324 ms,  -- 
16:46:39.974 | DEBUG | --new testCase collected, to generate: testCom.alibaba.fastjson.serializer.JSONSerializer.hasPropertyFilters(SerializeFilterable)1
16:46:40.038 | INFO  | |> Starting concrete execution for remaining state: com.alibaba.fastjson.serializer.JSONSerializer.hasPropertyFilters(SerializeFilterable)
16:46:40.053 | DEBUG | --new testCase collected, to generate: testCom.alibaba.fastjson.serializer.JSONSerializer.hasPropertyFilters(SerializeFilterable)2
16:46:40.078 | DEBUG | --new testCase collected, to generate: testCom.alibaba.fastjson.serializer.JSONSerializer.hasPropertyFilters(SerializeFilterable)3
16:46:40.363 | INFO  | (X) Cancelling concrete execution: com.alibaba.fastjson.serializer.JSONSerializer.hasPropertyFilters(SerializeFilterable)
16:46:40.410 | INFO  | Finished (in 0.697 sec): method com.alibaba.fastjson.serializer.JSONSerializer.hasPropertyFilters(SerializeFilterable) 
<StatsForMethod> :
	#generatedTC=3
	WITH NO EXCEPTIONS
16:46:40.412 | DEBUG |  ... 
16:46:40.412 | INFO  | Started: method com.alibaba.fastjson.serializer.JSONSerializer.setDateFormat(String)
16:46:40.413 | INFO  |  -- Remaining time budget: 17487 ms, #remaining_methods: 27, budget for method: 647 ms, solver timeout: 323 ms, budget for symbolic execution: 324 ms, budget for concrete execution: 323 ms,  -- 
16:46:40.684 | DEBUG | --new testCase collected, to generate: testCom.alibaba.fastjson.serializer.JSONSerializer.setDateFormat(String)1
16:46:40.723 | DEBUG | --new testCase collected, to generate: testCom.alibaba.fastjson.serializer.JSONSerializer.setDateFormat(String)2
16:46:40.737 | INFO  | |> Starting concrete execution for remaining state: com.alibaba.fastjson.serializer.JSONSerializer.setDateFormat(String)
16:46:40.749 | DEBUG | --new testCase collected, to generate: testCom.alibaba.fastjson.serializer.JSONSerializer.setDateFormat(String)3
16:46:40.749 | INFO  | Finished (in 0.336 sec): method com.alibaba.fastjson.serializer.JSONSerializer.setDateFormat(String) 
<StatsForMethod> :
	#generatedTC=3
	WITH NO EXCEPTIONS
16:46:40.750 | DEBUG |  ... 
16:46:40.751 | INFO  | Started: method com.alibaba.fastjson.serializer.JSONSerializer.setDateFormat(DateFormat)
16:46:40.751 | INFO  |  -- Remaining time budget: 17149 ms, #remaining_methods: 26, budget for method: 659 ms, solver timeout: 329 ms, budget for symbolic execution: 330 ms, budget for concrete execution: 329 ms,  -- 
16:46:41.009 | DEBUG | --new testCase collected, to generate: testCom.alibaba.fastjson.serializer.JSONSerializer.setDateFormat(DateFormat)1
16:46:41.043 | DEBUG | --new testCase collected, to generate: testCom.alibaba.fastjson.serializer.JSONSerializer.setDateFormat(DateFormat)2
16:46:41.067 | DEBUG | --new testCase collected, to generate: testCom.alibaba.fastjson.serializer.JSONSerializer.setDateFormat(DateFormat)3
16:46:41.068 | INFO  | Finished (in 0.317 sec): method com.alibaba.fastjson.serializer.JSONSerializer.setDateFormat(DateFormat) 
<StatsForMethod> :
	#generatedTC=3
	WITH NO EXCEPTIONS
16:46:41.068 | DEBUG |  ... 
16:46:41.069 | INFO  | Started: method com.alibaba.fastjson.serializer.JSONSerializer.getDateFormat()
16:46:41.069 | INFO  |  -- Remaining time budget: 16830 ms, #remaining_methods: 25, budget for method: 673 ms, solver timeout: 336 ms, budget for symbolic execution: 337 ms, budget for concrete execution: 336 ms,  -- 
16:46:41.361 | DEBUG | --new testCase collected, to generate: testCom.alibaba.fastjson.serializer.JSONSerializer.getDateFormat()1
16:46:41.406 | INFO  | |> Starting concrete execution for remaining state: com.alibaba.fastjson.serializer.JSONSerializer.getDateFormat()
16:46:41.414 | DEBUG | --new testCase collected, to generate: testCom.alibaba.fastjson.serializer.JSONSerializer.getDateFormat()2
16:46:41.443 | DEBUG | --new testCase collected, to generate: testCom.alibaba.fastjson.serializer.JSONSerializer.getDateFormat()3
16:46:41.554 | DEBUG | --new testCase collected, to generate: testCom.alibaba.fastjson.serializer.JSONSerializer.getDateFormat()4
16:46:41.743 | INFO  | (X) Cancelling concrete execution: com.alibaba.fastjson.serializer.JSONSerializer.getDateFormat()
16:46:41.746 | INFO  | Finished (in 0.677 sec): method com.alibaba.fastjson.serializer.JSONSerializer.getDateFormat() 
<StatsForMethod> :
	#generatedTC=4
	WITH NO EXCEPTIONS
16:46:41.761 | DEBUG |  ... 
16:46:41.762 | INFO  | Started: method com.alibaba.fastjson.serializer.JSONSerializer.containsReference(Object)
16:46:41.762 | INFO  |  -- Remaining time budget: 16138 ms, #remaining_methods: 24, budget for method: 672 ms, solver timeout: 336 ms, budget for symbolic execution: 336 ms, budget for concrete execution: 336 ms,  -- 
16:46:41.989 | DEBUG | --new testCase collected, to generate: testCom.alibaba.fastjson.serializer.JSONSerializer.containsReference(Object)1
16:46:42.098 | INFO  | |> Starting concrete execution for remaining state: com.alibaba.fastjson.serializer.JSONSerializer.containsReference(Object)
16:46:42.263 | DEBUG | --new testCase collected, to generate: testCom.alibaba.fastjson.serializer.JSONSerializer.containsReference(Object)2
16:46:42.434 | INFO  | (X) Cancelling concrete execution: com.alibaba.fastjson.serializer.JSONSerializer.containsReference(Object)
16:46:42.448 | INFO  | Finished (in 0.686 sec): method com.alibaba.fastjson.serializer.JSONSerializer.containsReference(Object) 
<StatsForMethod> :
	#generatedTC=2
	WITH NO EXCEPTIONS
16:46:42.449 | DEBUG |  ... 
16:46:42.450 | INFO  | Started: method com.alibaba.fastjson.serializer.JSONSerializer.hasNameFilters(SerializeFilterable)
16:46:42.450 | INFO  |  -- Remaining time budget: 15449 ms, #remaining_methods: 23, budget for method: 671 ms, solver timeout: 335 ms, budget for symbolic execution: 336 ms, budget for concrete execution: 335 ms,  -- 
16:46:42.713 | DEBUG | --new testCase collected, to generate: testCom.alibaba.fastjson.serializer.JSONSerializer.hasNameFilters(SerializeFilterable)1
16:46:42.773 | DEBUG | --new testCase collected, to generate: testCom.alibaba.fastjson.serializer.JSONSerializer.hasNameFilters(SerializeFilterable)2
16:46:42.786 | INFO  | |> Starting concrete execution for remaining state: com.alibaba.fastjson.serializer.JSONSerializer.hasNameFilters(SerializeFilterable)
16:46:42.796 | DEBUG | --new testCase collected, to generate: testCom.alibaba.fastjson.serializer.JSONSerializer.hasNameFilters(SerializeFilterable)3
16:46:43.122 | INFO  | (X) Cancelling concrete execution: com.alibaba.fastjson.serializer.JSONSerializer.hasNameFilters(SerializeFilterable)
16:46:43.163 | INFO  | Finished (in 0.713 sec): method com.alibaba.fastjson.serializer.JSONSerializer.hasNameFilters(SerializeFilterable) 
<StatsForMethod> :
	#generatedTC=3
	WITH NO EXCEPTIONS
16:46:43.165 | DEBUG |  ... 
16:46:43.166 | INFO  | Started: method com.alibaba.fastjson.serializer.JSONSerializer.getIndentCount()
16:46:43.166 | INFO  |  -- Remaining time budget: 14733 ms, #remaining_methods: 22, budget for method: 669 ms, solver timeout: 334 ms, budget for symbolic execution: 335 ms, budget for concrete execution: 334 ms,  -- 
16:46:43.434 | DEBUG | --new testCase collected, to generate: testCom.alibaba.fastjson.serializer.JSONSerializer.getIndentCount()1
16:46:43.460 | DEBUG | --new testCase collected, to generate: testCom.alibaba.fastjson.serializer.JSONSerializer.getIndentCount()2
16:46:43.461 | INFO  | Finished (in 0.295 sec): method com.alibaba.fastjson.serializer.JSONSerializer.getIndentCount() 
<StatsForMethod> :
	#generatedTC=2
	WITH NO EXCEPTIONS
16:46:43.461 | DEBUG |  ... 
16:46:43.461 | INFO  | Started: method com.alibaba.fastjson.serializer.JSONSerializer.incrementIndent()
16:46:43.461 | INFO  |  -- Remaining time budget: 14438 ms, #remaining_methods: 21, budget for method: 687 ms, solver timeout: 343 ms, budget for symbolic execution: 344 ms, budget for concrete execution: 343 ms,  -- 
16:46:43.722 | DEBUG | --new testCase collected, to generate: testCom.alibaba.fastjson.serializer.JSONSerializer.incrementIndent()1
16:46:43.748 | DEBUG | --new testCase collected, to generate: testCom.alibaba.fastjson.serializer.JSONSerializer.incrementIndent()2
16:46:43.748 | INFO  | Finished (in 0.287 sec): method com.alibaba.fastjson.serializer.JSONSerializer.incrementIndent() 
<StatsForMethod> :
	#generatedTC=2
	WITH NO EXCEPTIONS
16:46:43.749 | DEBUG |  ... 
16:46:43.749 | INFO  | Started: method com.alibaba.fastjson.serializer.JSONSerializer.decrementIdent()
16:46:43.749 | INFO  |  -- Remaining time budget: 14150 ms, #remaining_methods: 20, budget for method: 707 ms, solver timeout: 353 ms, budget for symbolic execution: 354 ms, budget for concrete execution: 353 ms,  -- 
16:46:44.021 | DEBUG | --new testCase collected, to generate: testCom.alibaba.fastjson.serializer.JSONSerializer.decrementIdent()1
16:46:44.046 | DEBUG | --new testCase collected, to generate: testCom.alibaba.fastjson.serializer.JSONSerializer.decrementIdent()2
16:46:44.047 | INFO  | Finished (in 0.297 sec): method com.alibaba.fastjson.serializer.JSONSerializer.decrementIdent() 
<StatsForMethod> :
	#generatedTC=2
	WITH NO EXCEPTIONS
16:46:44.047 | DEBUG |  ... 
16:46:44.048 | INFO  | Started: method com.alibaba.fastjson.serializer.JSONSerializer.getWriter()
16:46:44.048 | INFO  |  -- Remaining time budget: 13851 ms, #remaining_methods: 19, budget for method: 729 ms, solver timeout: 364 ms, budget for symbolic execution: 365 ms, budget for concrete execution: 364 ms,  -- 
16:46:44.301 | DEBUG | --new testCase collected, to generate: testCom.alibaba.fastjson.serializer.JSONSerializer.getWriter()1
16:46:44.326 | DEBUG | --new testCase collected, to generate: testCom.alibaba.fastjson.serializer.JSONSerializer.getWriter()2
16:46:44.326 | INFO  | Finished (in 0.279 sec): method com.alibaba.fastjson.serializer.JSONSerializer.getWriter() 
<StatsForMethod> :
	#generatedTC=2
	WITH NO EXCEPTIONS
16:46:44.327 | DEBUG |  ... 
16:46:44.327 | INFO  | Started: method com.alibaba.fastjson.serializer.JSONSerializer.writeNull()
16:46:44.328 | INFO  |  -- Remaining time budget: 13572 ms, #remaining_methods: 18, budget for method: 754 ms, solver timeout: 377 ms, budget for symbolic execution: 377 ms, budget for concrete execution: 377 ms,  -- 
16:46:44.599 | DEBUG | --new testCase collected, to generate: testCom.alibaba.fastjson.serializer.JSONSerializer.writeNull()1
16:46:44.625 | DEBUG | --new testCase collected, to generate: testCom.alibaba.fastjson.serializer.JSONSerializer.writeNull()2
16:46:44.626 | INFO  | Finished (in 0.298 sec): method com.alibaba.fastjson.serializer.JSONSerializer.writeNull() 
<StatsForMethod> :
	#generatedTC=2
	WITH NO EXCEPTIONS
16:46:44.626 | DEBUG |  ... 
16:46:44.626 | INFO  | Started: method com.alibaba.fastjson.serializer.JSONSerializer.writeKeyValue(char, String, Object)
16:46:44.627 | INFO  |  -- Remaining time budget: 13273 ms, #remaining_methods: 17, budget for method: 780 ms, solver timeout: 390 ms, budget for symbolic execution: 390 ms, budget for concrete execution: 390 ms,  -- 
16:46:45.017 | INFO  | |> Starting concrete execution for remaining state: com.alibaba.fastjson.serializer.JSONSerializer.writeKeyValue(char, String, Object)
16:46:45.138 | DEBUG | --new testCase collected, to generate: testCom.alibaba.fastjson.serializer.JSONSerializer.writeKeyValue(char, String, Object)1
16:46:45.407 | INFO  | (X) Cancelling concrete execution: com.alibaba.fastjson.serializer.JSONSerializer.writeKeyValue(char, String, Object)
16:46:45.529 | INFO  | Finished (in 0.902 sec): method com.alibaba.fastjson.serializer.JSONSerializer.writeKeyValue(char, String, Object) 
<StatsForMethod> :
	#generatedTC=1
	WITH NO EXCEPTIONS
16:46:45.530 | DEBUG |  ... 
16:46:45.531 | INFO  | Started: method com.alibaba.fastjson.serializer.JSONSerializer.writeWithFormat(Object, String)
16:46:45.531 | INFO  |  -- Remaining time budget: 12368 ms, #remaining_methods: 16, budget for method: 773 ms, solver timeout: 386 ms, budget for symbolic execution: 387 ms, budget for concrete execution: 386 ms,  -- 
16:46:45.918 | INFO  | |> Starting concrete execution for remaining state: com.alibaba.fastjson.serializer.JSONSerializer.writeWithFormat(Object, String)
16:46:45.934 | DEBUG | --new testCase collected, to generate: testCom.alibaba.fastjson.serializer.JSONSerializer.writeWithFormat(Object, String)1
16:46:46.305 | INFO  | (X) Cancelling concrete execution: com.alibaba.fastjson.serializer.JSONSerializer.writeWithFormat(Object, String)
16:46:46.320 | INFO  | Finished (in 0.789 sec): method com.alibaba.fastjson.serializer.JSONSerializer.writeWithFormat(Object, String) 
<StatsForMethod> :
	#generatedTC=1
	WITH NO EXCEPTIONS
16:46:46.322 | DEBUG |  ... 
16:46:46.322 | INFO  | Started: method com.alibaba.fastjson.serializer.JSONSerializer.getObjectWriter(Class)
16:46:46.322 | INFO  |  -- Remaining time budget: 11577 ms, #remaining_methods: 15, budget for method: 771 ms, solver timeout: 385 ms, budget for symbolic execution: 386 ms, budget for concrete execution: 385 ms,  -- 
16:46:46.327 | ERROR | Symbolic execution FAILED
com.huawei.utbot.instrumentation.util.ChildProcessError: Error in the child process |> java.lang.IllegalAccessException: java.lang.Class
	at sun.misc.Unsafe.allocateInstance(Native Method)
	at com.huawei.utbot.framework.util.EngineUtilsKt.getAnyInstance(EngineUtils.kt:61)
	at com.huawei.utbot.framework.concrete.MockValueConstructor.constructObject(MockValueConstructor.kt:158)
	at com.huawei.utbot.framework.concrete.MockValueConstructor.construct(MockValueConstructor.kt:124)
	at com.huawei.utbot.framework.concrete.MockValueConstructor.constructMethodParameters(MockValueConstructor.kt:101)
	at com.huawei.utbot.framework.concrete.UtExecutionInstrumentation.invoke(UtExecutionInstrumentation.kt:126)
	at com.huawei.utbot.framework.concrete.UtExecutionInstrumentation.invoke(UtExecutionInstrumentation.kt:96)
	at com.huawei.utbot.instrumentation.process.ChildProcessKt.loop(ChildProcess.kt:114)
	at com.huawei.utbot.instrumentation.process.ChildProcessKt.main(ChildProcess.kt:76)
	at com.huawei.utbot.instrumentation.process.ChildProcessKt.main(ChildProcess.kt)

	at com.huawei.utbot.instrumentation.ConcreteExecutor.executeAsync(ConcreteExecutor.kt:391) ~[utbot-junit-contest-1.0.jar:?]
	at com.huawei.utbot.instrumentation.ConcreteExecutor$executeAsync$1.invokeSuspend(ConcreteExecutor.kt) ~[utbot-junit-contest-1.0.jar:?]
	at kotlin.coroutines.jvm.internal.BaseContinuationImpl.resumeWith(ContinuationImpl.kt:33) [utbot-junit-contest-1.0.jar:?]
	at kotlinx.coroutines.DispatchedTask.run(DispatchedTask.kt:106) [utbot-junit-contest-1.0.jar:?]
	at java.util.concurrent.Executors$RunnableAdapter.call(Executors.java:511) [?:1.8.0_312]
	at java.util.concurrent.FutureTask.run(FutureTask.java:266) [?:1.8.0_312]
	at java.util.concurrent.ScheduledThreadPoolExecutor$ScheduledFutureTask.access$201(ScheduledThreadPoolExecutor.java:180) [?:1.8.0_312]
	at java.util.concurrent.ScheduledThreadPoolExecutor$ScheduledFutureTask.run(ScheduledThreadPoolExecutor.java:293) [?:1.8.0_312]
	at java.util.concurrent.ThreadPoolExecutor.runWorker(ThreadPoolExecutor.java:1149) [?:1.8.0_312]
	at java.util.concurrent.ThreadPoolExecutor$Worker.run(ThreadPoolExecutor.java:624) [?:1.8.0_312]
	at java.lang.Thread.run(Thread.java:748) [?:1.8.0_312]
16:46:46.436 | DEBUG | --new testCase collected, to generate: testCom.alibaba.fastjson.serializer.JSONSerializer.getObjectWriter(Class)1
16:46:46.436 | INFO  | Finished (in 0.114 sec): method com.alibaba.fastjson.serializer.JSONSerializer.getObjectWriter(Class) 
<StatsForMethod> :
	#generatedTC=1
	FAILED 1 time(s) with 1 different exception(s)"
16:46:46.437 | DEBUG |  ... 
16:46:46.437 | INFO  | Started: method com.alibaba.fastjson.serializer.JSONSerializer.getDateFormatPattern()
16:46:46.438 | INFO  |  -- Remaining time budget: 11462 ms, #remaining_methods: 14, budget for method: 818 ms, solver timeout: 409 ms, budget for symbolic execution: 409 ms, budget for concrete execution: 409 ms,  -- 
16:46:46.847 | INFO  | |> Starting concrete execution for remaining state: com.alibaba.fastjson.serializer.JSONSerializer.getDateFormatPattern()
16:46:46.895 | DEBUG | --new testCase collected, to generate: testCom.alibaba.fastjson.serializer.JSONSerializer.getDateFormatPattern()1
16:46:46.941 | DEBUG | --new testCase collected, to generate: testCom.alibaba.fastjson.serializer.JSONSerializer.getDateFormatPattern()2
16:46:46.946 | DEBUG | --new testCase collected, to generate: testCom.alibaba.fastjson.serializer.JSONSerializer.getDateFormatPattern()3
16:46:46.946 | INFO  | Finished (in 0.509 sec): method com.alibaba.fastjson.serializer.JSONSerializer.getDateFormatPattern() 
<StatsForMethod> :
	#generatedTC=3
	WITH NO EXCEPTIONS
16:46:46.950 | DEBUG |  ... 
16:46:46.950 | INFO  | Started: method com.alibaba.fastjson.serializer.JSONSerializer.writeWithFieldName(Object, Object, Type, int)
16:46:46.950 | INFO  |  -- Remaining time budget: 10949 ms, #remaining_methods: 13, budget for method: 842 ms, solver timeout: 421 ms, budget for symbolic execution: 421 ms, budget for concrete execution: 421 ms,  -- 
16:46:47.456 | INFO  | |> Starting concrete execution for remaining state: com.alibaba.fastjson.serializer.JSONSerializer.writeWithFieldName(Object, Object, Type, int)
16:46:47.489 | DEBUG | --new testCase collected, to generate: testCom.alibaba.fastjson.serializer.JSONSerializer.writeWithFieldName(Object, Object, Type, int)1
16:46:47.878 | INFO  | (X) Cancelling concrete execution: com.alibaba.fastjson.serializer.JSONSerializer.writeWithFieldName(Object, Object, Type, int)
16:46:48.167 | INFO  | Finished (in 1.216 sec): method com.alibaba.fastjson.serializer.JSONSerializer.writeWithFieldName(Object, Object, Type, int) 
<StatsForMethod> :
	#generatedTC=1
	WITH NO EXCEPTIONS
16:46:48.168 | DEBUG |  ... 
16:46:48.169 | INFO  | Started: method com.alibaba.fastjson.serializer.JSONSerializer.writeWithFieldName(Object, Object)
16:46:48.169 | INFO  |  -- Remaining time budget: 9731 ms, #remaining_methods: 12, budget for method: 810 ms, solver timeout: 405 ms, budget for symbolic execution: 405 ms, budget for concrete execution: 405 ms,  -- 
16:46:48.497 | DEBUG | --new testCase collected, to generate: testCom.alibaba.fastjson.serializer.JSONSerializer.writeWithFieldName(Object, Object)1
16:46:48.574 | INFO  | |> Starting concrete execution for remaining state: com.alibaba.fastjson.serializer.JSONSerializer.writeWithFieldName(Object, Object)
16:46:48.980 | INFO  | (X) Cancelling concrete execution: com.alibaba.fastjson.serializer.JSONSerializer.writeWithFieldName(Object, Object)
16:46:48.998 | INFO  | Finished (in 0.829 sec): method com.alibaba.fastjson.serializer.JSONSerializer.writeWithFieldName(Object, Object) 
<StatsForMethod> :
	#generatedTC=1
	WITH NO EXCEPTIONS
16:46:49.000 | DEBUG |  ... 
16:46:49.000 | INFO  | Started: method com.alibaba.fastjson.serializer.JSONSerializer.println()
16:46:49.000 | INFO  |  -- Remaining time budget: 8899 ms, #remaining_methods: 11, budget for method: 809 ms, solver timeout: 404 ms, budget for symbolic execution: 405 ms, budget for concrete execution: 404 ms,  -- 
16:46:49.279 | DEBUG | --new testCase collected, to generate: testCom.alibaba.fastjson.serializer.JSONSerializer.println()1
16:46:49.324 | DEBUG | --new testCase collected, to generate: testCom.alibaba.fastjson.serializer.JSONSerializer.println()2
16:46:49.333 | DEBUG | --new testCase collected, to generate: testCom.alibaba.fastjson.serializer.JSONSerializer.println()3
16:46:49.334 | INFO  | Finished (in 0.333 sec): method com.alibaba.fastjson.serializer.JSONSerializer.println() 
<StatsForMethod> :
	#generatedTC=3
	WITH NO EXCEPTIONS
16:46:49.334 | DEBUG |  ... 
16:46:49.335 | INFO  | Started: method com.alibaba.fastjson.serializer.JSONSerializer.write(String)
16:46:49.335 | INFO  |  -- Remaining time budget: 8564 ms, #remaining_methods: 10, budget for method: 856 ms, solver timeout: 428 ms, budget for symbolic execution: 428 ms, budget for concrete execution: 428 ms,  -- 
16:46:49.564 | DEBUG | --new testCase collected, to generate: testCom.alibaba.fastjson.serializer.JSONSerializer.write(String)1
16:46:49.627 | INFO  | Finished (in 0.292 sec): method com.alibaba.fastjson.serializer.JSONSerializer.write(String) 
<StatsForMethod> :
	#generatedTC=1
	WITH NO EXCEPTIONS
16:46:49.634 | DEBUG |  ... 
16:46:49.634 | INFO  | Started: method com.alibaba.fastjson.serializer.JSONSerializer.write(Object)
16:46:49.635 | INFO  |  -- Remaining time budget: 8265 ms, #remaining_methods: 9, budget for method: 918 ms, solver timeout: 459 ms, budget for symbolic execution: 459 ms, budget for concrete execution: 459 ms,  -- 
16:46:49.882 | DEBUG | --new testCase collected, to generate: testCom.alibaba.fastjson.serializer.JSONSerializer.write(Object)1
16:46:50.094 | INFO  | |> Starting concrete execution for remaining state: com.alibaba.fastjson.serializer.JSONSerializer.write(Object)
16:46:50.194 | DEBUG | --new testCase collected, to generate: testCom.alibaba.fastjson.serializer.JSONSerializer.write(Object)2
16:46:50.535 | DEBUG | --new testCase collected, to generate: testCom.alibaba.fastjson.serializer.JSONSerializer.write(Object)3
16:46:50.553 | INFO  | (X) Cancelling concrete execution: com.alibaba.fastjson.serializer.JSONSerializer.write(Object)
16:46:50.568 | INFO  | Finished (in 0.933 sec): method com.alibaba.fastjson.serializer.JSONSerializer.write(Object) 
<StatsForMethod> :
	#generatedTC=3
	WITH NO EXCEPTIONS
16:46:50.577 | DEBUG |  ... 
16:46:50.577 | INFO  | Started: method com.alibaba.fastjson.serializer.JSONSerializer.getContext()
16:46:50.578 | INFO  |  -- Remaining time budget: 7322 ms, #remaining_methods: 8, budget for method: 915 ms, solver timeout: 457 ms, budget for symbolic execution: 458 ms, budget for concrete execution: 457 ms,  -- 
16:46:50.804 | DEBUG | --new testCase collected, to generate: testCom.alibaba.fastjson.serializer.JSONSerializer.getContext()1
16:46:50.830 | DEBUG | --new testCase collected, to generate: testCom.alibaba.fastjson.serializer.JSONSerializer.getContext()2
16:46:50.830 | INFO  | Finished (in 0.252 sec): method com.alibaba.fastjson.serializer.JSONSerializer.getContext() 
<StatsForMethod> :
	#generatedTC=2
	WITH NO EXCEPTIONS
16:46:50.831 | DEBUG |  ... 
16:46:50.831 | INFO  | Started: method com.alibaba.fastjson.serializer.JSONSerializer.close()
16:46:50.831 | INFO  |  -- Remaining time budget: 7068 ms, #remaining_methods: 7, budget for method: 1009 ms, solver timeout: 504 ms, budget for symbolic execution: 505 ms, budget for concrete execution: 504 ms,  -- 
16:46:51.052 | DEBUG | --new testCase collected, to generate: testCom.alibaba.fastjson.serializer.JSONSerializer.close()1
16:46:51.079 | DEBUG | --new testCase collected, to generate: testCom.alibaba.fastjson.serializer.JSONSerializer.close()2
16:46:51.079 | INFO  | Finished (in 0.248 sec): method com.alibaba.fastjson.serializer.JSONSerializer.close() 
<StatsForMethod> :
	#generatedTC=2
	WITH NO EXCEPTIONS
16:46:51.080 | DEBUG |  ... 
16:46:51.080 | INFO  | Started: method com.alibaba.fastjson.serializer.JSONSerializer.write(Writer, Object)
16:46:51.081 | INFO  |  -- Remaining time budget: 6819 ms, #remaining_methods: 6, budget for method: 1136 ms, solver timeout: 568 ms, budget for symbolic execution: 568 ms, budget for concrete execution: 568 ms,  -- 
16:46:51.087 | DEBUG | --new testCase collected, to generate: testCom.alibaba.fastjson.serializer.JSONSerializer.write(Writer, Object)1
16:46:51.415 | INFO  | Finished (in 0.334 sec): method com.alibaba.fastjson.serializer.JSONSerializer.write(Writer, Object) 
<StatsForMethod> :
	#generatedTC=1
	WITH NO EXCEPTIONS
16:46:51.426 | DEBUG |  ... 
16:46:51.427 | INFO  | Started: method com.alibaba.fastjson.serializer.JSONSerializer.write(SerializeWriter, Object)
16:46:51.427 | INFO  |  -- Remaining time budget: 6473 ms, #remaining_methods: 5, budget for method: 1294 ms, solver timeout: 647 ms, budget for symbolic execution: 647 ms, budget for concrete execution: 647 ms,  -- 
16:46:51.442 | DEBUG | --new testCase collected, to generate: testCom.alibaba.fastjson.serializer.JSONSerializer.write(SerializeWriter, Object)1
16:46:51.926 | INFO  | Finished (in 0.500 sec): method com.alibaba.fastjson.serializer.JSONSerializer.write(SerializeWriter, Object) 
<StatsForMethod> :
	#generatedTC=1
	WITH NO EXCEPTIONS
16:46:51.944 | DEBUG |  ... 
16:46:51.945 | INFO  | Started: method com.alibaba.fastjson.serializer.JSONSerializer.<init>(SerializeWriter)
16:46:51.945 | INFO  |  -- Remaining time budget: 5955 ms, #remaining_methods: 4, budget for method: 1488 ms, solver timeout: 744 ms, budget for symbolic execution: 744 ms, budget for concrete execution: 744 ms,  -- 
16:46:52.181 | DEBUG | --new testCase collected, to generate: testCom.alibaba.fastjson.serializer.JSONSerializer.<init>(SerializeWriter)1
16:46:52.294 | INFO  | Finished (in 0.349 sec): method com.alibaba.fastjson.serializer.JSONSerializer.<init>(SerializeWriter) 
<StatsForMethod> :
	#generatedTC=1
	WITH NO EXCEPTIONS
16:46:52.304 | DEBUG |  ... 
16:46:52.305 | INFO  | Started: method com.alibaba.fastjson.serializer.JSONSerializer.<init>(SerializeWriter, SerializeConfig)
16:46:52.305 | INFO  |  -- Remaining time budget: 5594 ms, #remaining_methods: 3, budget for method: 1864 ms, solver timeout: 932 ms, budget for symbolic execution: 932 ms, budget for concrete execution: 932 ms,  -- 
16:46:52.527 | DEBUG | --new testCase collected, to generate: testCom.alibaba.fastjson.serializer.JSONSerializer.<init>(SerializeWriter, SerializeConfig)1
16:46:52.630 | INFO  | Finished (in 0.324 sec): method com.alibaba.fastjson.serializer.JSONSerializer.<init>(SerializeWriter, SerializeConfig) 
<StatsForMethod> :
	#generatedTC=1
	WITH NO EXCEPTIONS
16:46:52.639 | DEBUG |  ... 
16:46:52.639 | INFO  | Started: method com.alibaba.fastjson.serializer.JSONSerializer.<init>(SerializeConfig)
16:46:52.639 | INFO  |  -- Remaining time budget: 5260 ms, #remaining_methods: 2, budget for method: 2630 ms, solver timeout: 1000 ms, budget for symbolic execution: 1430 ms, budget for concrete execution: 1200 ms,  -- 
16:46:52.867 | DEBUG | --new testCase collected, to generate: testCom.alibaba.fastjson.serializer.JSONSerializer.<init>(SerializeConfig)1
16:46:52.922 | INFO  | Finished (in 0.283 sec): method com.alibaba.fastjson.serializer.JSONSerializer.<init>(SerializeConfig) 
<StatsForMethod> :
	#generatedTC=1
	WITH NO EXCEPTIONS
16:46:52.928 | DEBUG |  ... 
16:46:52.929 | INFO  | Started: method com.alibaba.fastjson.serializer.JSONSerializer.<init>()
16:46:52.929 | INFO  |  -- Remaining time budget: 4971 ms, #remaining_methods: 1, budget for method: 4971 ms, solver timeout: 1000 ms, budget for symbolic execution: 3771 ms, budget for concrete execution: 1200 ms,  -- 
16:46:53.201 | DEBUG | --new testCase collected, to generate: testCom.alibaba.fastjson.serializer.JSONSerializer.<init>()1
16:46:53.265 | INFO  | Finished (in 0.336 sec): method com.alibaba.fastjson.serializer.JSONSerializer.<init>() 
<StatsForMethod> :
	#generatedTC=1
	WITH NO EXCEPTIONS
16:46:53.273 | INFO  | Started: Flushing tests for [JSONSerializer] on disk
16:47:03.859 | INFO  | File size for JSONSerializerTest: 37 KB
16:47:03.861 | INFO  | Finished (in 10.588 sec): Flushing tests for [JSONSerializer] on disk 
16:47:03.861 | INFO  | Finished (in 31.438 sec): class com.alibaba.fastjson.serializer.JSONSerializer 
<StatsForClass> :
	canceled by timeout = false
	#methods = 40, 
	#methods started symbolic exploration = 40
	#methods with at least one TC = 34
	#methods with exceptions = 3
	#generated TC = 60
	#coverage = null
[READY]
