Started UtBot Contest, classfileDir = /var/benchmarks/projects/fastjson/target/classes, classpathString=/var/benchmarks/projects/fastjson/target/classes:/var/benchmarks/projects/fastjson/target/fastjson-1.2.50-SNAPSHOT.jar:/var/benchmarks/projects/./fastjson/target/dependency/deeptestutils-1.1.0.jar:/var/benchmarks/projects/fastjson/target/dependency/commons-beanutils-1.8.0.jar:/var/benchmarks/projects/fastjson/target/dependency/woodstox-core-asl-4.4.1.jar:/var/benchmarks/projects/fastjson/target/dependency/spring-aop-4.3.7.RELEASE.jar:/var/benchmarks/projects/fastjson/target/dependency/hibernate-core-5.2.10.Final.jar:/var/benchmarks/projects/fastjson/target/dependency/jackson-module-kotlin-2.9.0.jar:/var/benchmarks/projects/fastjson/target/dependency/spring-data-commons-1.13.6.RELEASE.jar:/var/benchmarks/projects/fastjson/target/dependency/javax.annotation-api-1.2.jar:/var/benchmarks/projects/fastjson/target/dependency/gson-2.6.2.jar:/var/benchmarks/projects/fastjson/target/dependency/jetty-continuation-8.1.8.v20121106.jar:/var/benchmarks/projects/fastjson/target/dependency/objenesis-2.5.1.jar:/var/benchmarks/projects/fastjson/target/dependency/powermock-reflect-1.6.6.jar:/var/benchmarks/projects/fastjson/target/dependency/springfox-spring-web-2.6.1.jar:/var/benchmarks/projects/fastjson/target/dependency/javaslang-2.0.6.jar:/var/benchmarks/projects/fastjson/target/dependency/guava-18.0.jar:/var/benchmarks/projects/fastjson/target/dependency/mockito-core-1.10.19.jar:/var/benchmarks/projects/fastjson/target/dependency/json-lib-2.4-jdk15.jar:/var/benchmarks/projects/fastjson/target/dependency/jetty-xml-8.1.8.v20121106.jar:/var/benchmarks/projects/fastjson/target/dependency/xmlschema-core-2.2.1.jar:/var/benchmarks/projects/fastjson/target/dependency/powermock-api-support-1.6.6.jar:/var/benchmarks/projects/fastjson/target/dependency/commons-collections4-4.1.jar:/var/benchmarks/projects/fastjson/target/dependency/cglib-nodep-2.2.2.jar:/var/benchmarks/projects/fastjson/target/dependency/asm-debug-all-5.0.4.jar:/var/benchmarks/projects/fastjson/target/dependency/spring-plugin-core-1.2.0.RELEASE.jar:/var/benchmarks/projects/fastjson/target/dependency/cxf-rt-rs-client-3.1.2.jar:/var/benchmarks/projects/fastjson/target/dependency/jetty-io-8.1.8.v20121106.jar:/var/benchmarks/projects/fastjson/target/dependency/commons-lang3-3.4.jar:/var/benchmarks/projects/fastjson/target/dependency/stax2-api-3.1.4.jar:/var/benchmarks/projects/fastjson/target/dependency/jackson-annotations-2.9.0.jar:/var/benchmarks/projects/fastjson/target/dependency/jetty-server-8.1.8.v20121106.jar:/var/benchmarks/projects/fastjson/target/dependency/json-simple-1.1.1.jar:/var/benchmarks/projects/fastjson/target/dependency/asm-tree-4.0.jar:/var/benchmarks/projects/fastjson/target/dependency/spring-data-commons-core-1.4.1.RELEASE.jar:/var/benchmarks/projects/fastjson/target/dependency/powermock-module-junit4-common-1.6.6.jar:/var/benchmarks/projects/fastjson/target/dependency/jcl-over-slf4j-1.7.25.jar:/var/benchmarks/projects/fastjson/target/dependency/javax.servlet-3.0.0.v201112011016.jar:/var/benchmarks/projects/fastjson/target/dependency/springfox-core-2.6.1.jar:/var/benchmarks/projects/fastjson/target/dependency/osgi-resource-locator-1.0.1.jar:/var/benchmarks/projects/fastjson/target/dependency/javassist-3.18.0-GA.jar:/var/benchmarks/projects/fastjson/target/dependency/kotlin-reflect-1.1.3-2.jar:/var/benchmarks/projects/fastjson/target/dependency/spring-context-support-4.3.10.RELEASE.jar:/var/benchmarks/projects/fastjson/target/dependency/spring-plugin-metadata-1.2.0.RELEASE.jar:/var/benchmarks/projects/fastjson/target/dependency/kotlin-stdlib-1.1.3-2.jar:/var/benchmarks/projects/fastjson/target/dependency/spring-data-keyvalue-1.2.6.RELEASE.jar:/var/benchmarks/projects/fastjson/target/dependency/jersey-container-servlet-core-2.23.2.jar:/var/benchmarks/projects/fastjson/target/dependency/asm-4.0.jar:/var/benchmarks/projects/fastjson/target/dependency/asm-commons-4.0.jar:/var/benchmarks/projects/fastjson/target/dependency/jersey-guava-2.23.2.jar:/var/benchmarks/projects/fastjson/target/dependency/aopalliance-1.0.jar:/var/benchmarks/projects/fastjson/target/dependency/groovy-2.1.5.jar:/var/benchmarks/projects/fastjson/target/dependency/hk2-api-2.5.0-b05.jar:/var/benchmarks/projects/fastjson/target/dependency/jetty-security-8.1.8.v20121106.jar:/var/benchmarks/projects/fastjson/target/dependency/jmh-core-1.21.jar:/var/benchmarks/projects/fastjson/target/dependency/jersey-container-servlet-2.23.2.jar:/var/benchmarks/projects/fastjson/target/dependency/dom4j-1.6.1.jar:/var/benchmarks/projects/fastjson/target/dependency/spring-core-4.3.7.RELEASE.jar:/var/benchmarks/projects/fastjson/target/dependency/spring-data-redis-1.8.6.RELEASE.jar:/var/benchmarks/projects/fastjson/target/dependency/jackson-core-asl-1.9.13.jar:/var/benchmarks/projects/fastjson/target/dependency/jackson-mapper-asl-1.9.13.jar:/var/benchmarks/projects/fastjson/target/dependency/hibernate-jpa-2.1-api-1.0.0.Final.jar:/var/benchmarks/projects/fastjson/target/dependency/junit-4.12.jar:/var/benchmarks/projects/fastjson/target/dependency/commons-io-1.4.jar:/var/benchmarks/projects/fastjson/target/dependency/jetty-util-8.1.8.v20121106.jar:/var/benchmarks/projects/fastjson/target/dependency/hamcrest-core-1.3.jar:/var/benchmarks/projects/fastjson/target/dependency/jmh-generator-annprocess-1.21.jar:/var/benchmarks/projects/fastjson/target/dependency/jackson-jaxrs-base-2.8.7.jar:/var/benchmarks/projects/fastjson/target/dependency/powermock-module-junit4-1.6.6.jar:/var/benchmarks/projects/fastjson/target/dependency/powermock-core-1.6.6.jar:/var/benchmarks/projects/fastjson/target/dependency/slf4j-api-1.7.25.jar:/var/benchmarks/projects/fastjson/target/dependency/antlr-2.7.7.jar:/var/benchmarks/projects/fastjson/target/dependency/mockito-all-1.10.19.jar:/var/benchmarks/projects/fastjson/target/dependency/jersey-container-jdk-http-2.23.2.jar:/var/benchmarks/projects/fastjson/target/dependency/javaslang-match-2.0.6.jar:/var/benchmarks/projects/fastjson/target/dependency/jersey-test-framework-provider-jdk-http-2.23.2.jar:/var/benchmarks/projects/fastjson/target/dependency/jersey-entity-filtering-2.23.2.jar:/var/benchmarks/projects/fastjson/target/dependency/jandex-2.0.3.Final.jar:/var/benchmarks/projects/fastjson/target/dependency/ezmorph-1.0.6.jar:/var/benchmarks/projects/fastjson/target/dependency/jackson-jaxrs-json-provider-2.8.7.jar:/var/benchmarks/projects/fastjson/target/dependency/cxf-rt-transports-http-3.1.2.jar:/var/benchmarks/projects/fastjson/target/dependency/spring-beans-4.3.7.RELEASE.jar:/var/benchmarks/projects/fastjson/target/dependency/jersey-server-2.23.2.jar:/var/benchmarks/projects/fastjson/target/dependency/powermock-api-mockito-1.6.6.jar:/var/benchmarks/projects/fastjson/target/dependency/jackson-module-jaxb-annotations-2.8.7.jar:/var/benchmarks/projects/fastjson/target/dependency/jopt-simple-4.6.jar:/var/benchmarks/projects/fastjson/target/dependency/asm-analysis-4.0.jar:/var/benchmarks/projects/fastjson/target/dependency/annotations-13.0.jar:/var/benchmarks/projects/fastjson/target/dependency/json-path-2.3.0.jar:/var/benchmarks/projects/fastjson/target/dependency/springfox-spi-2.6.1.jar:/var/benchmarks/projects/fastjson/target/dependency/spring-websocket-4.3.7.RELEASE.jar:/var/benchmarks/projects/fastjson/target/dependency/spring-messaging-4.3.7.RELEASE.jar:/var/benchmarks/projects/fastjson/target/dependency/jersey-client-2.23.2.jar:/var/benchmarks/projects/fastjson/target/dependency/javax.ws.rs-api-2.0.1.jar:/var/benchmarks/projects/fastjson/target/dependency/accessors-smart-1.1.jar:/var/benchmarks/projects/fastjson/target/dependency/hibernate-commons-annotations-5.0.1.Final.jar:/var/benchmarks/projects/fastjson/target/dependency/commons-logging-1.1.1.jar:/var/benchmarks/projects/fastjson/target/dependency/jackson-core-2.9.0.jar:/var/benchmarks/projects/fastjson/target/dependency/spring-expression-4.3.7.RELEASE.jar:/var/benchmarks/projects/fastjson/target/dependency/jersey-media-jaxb-2.23.2.jar:/var/benchmarks/projects/fastjson/target/dependency/okhttp-3.6.0.jar:/var/benchmarks/projects/fastjson/target/dependency/commons-math3-3.2.jar:/var/benchmarks/projects/fastjson/target/dependency/jetty-webapp-8.1.8.v20121106.jar:/var/benchmarks/projects/fastjson/target/dependency/javax.inject-2.5.0-b05.jar:/var/benchmarks/projects/fastjson/target/dependency/cxf-core-3.1.2.jar:/var/benchmarks/projects/fastjson/target/dependency/powermock-api-mockito-common-1.6.6.jar:/var/benchmarks/projects/fastjson/target/dependency/jetty-http-8.1.8.v20121106.jar:/var/benchmarks/projects/fastjson/target/dependency/spring-security-config-3.2.10.RELEASE.jar:/var/benchmarks/projects/fastjson/target/dependency/okio-1.11.0.jar:/var/benchmarks/projects/fastjson/target/dependency/javax.servlet-api-3.1.0.jar:/var/benchmarks/projects/fastjson/target/dependency/json-smart-2.2.1.jar:/var/benchmarks/projects/fastjson/target/dependency/spring-tx-4.3.10.RELEASE.jar:/var/benchmarks/projects/fastjson/target/dependency/jackson-module-afterburner-2.9.0.jar:/var/benchmarks/projects/fastjson/target/dependency/asm-util-4.0.jar:/var/benchmarks/projects/fastjson/target/dependency/spring-security-web-4.2.3.RELEASE.jar:/var/benchmarks/projects/fastjson/target/dependency/spring-webmvc-4.3.7.RELEASE.jar:/var/benchmarks/projects/fastjson/target/dependency/hk2-locator-2.5.0-b05.jar:/var/benchmarks/projects/fastjson/target/dependency/retrofit-2.1.0.jar:/var/benchmarks/projects/fastjson/target/dependency/clojure-1.5.1.jar:/var/benchmarks/projects/fastjson/target/dependency/spring-security-oauth2-2.3.3.RELEASE.jar:/var/benchmarks/projects/fastjson/target/dependency/spring-test-4.3.7.RELEASE.jar:/var/benchmarks/projects/fastjson/target/dependency/aopalliance-repackaged-2.5.0-b05.jar:/var/benchmarks/projects/fastjson/target/dependency/spring-oxm-4.3.10.RELEASE.jar:/var/benchmarks/projects/fastjson/target/dependency/spring-security-core-4.2.3.RELEASE.jar:/var/benchmarks/projects/fastjson/target/dependency/jboss-transaction-api_1.2_spec-1.0.1.Final.jar:/var/benchmarks/projects/fastjson/target/dependency/lombok-1.14.4.jar:/var/benchmarks/projects/fastjson/target/dependency/commons-collections-3.2.1.jar:/var/benchmarks/projects/fastjson/target/dependency/cxf-rt-frontend-jaxrs-3.1.2.jar:/var/benchmarks/projects/fastjson/target/dependency/spring-context-4.3.7.RELEASE.jar:/var/benchmarks/projects/fastjson/target/dependency/jersey-test-framework-core-2.23.2.jar:/var/benchmarks/projects/fastjson/target/dependency/classmate-1.3.1.jar:/var/benchmarks/projects/fastjson/target/dependency/hk2-utils-2.5.0-b05.jar:/var/benchmarks/projects/fastjson/target/dependency/jersey-common-2.23.2.jar:/var/benchmarks/projects/fastjson/target/dependency/jackson-databind-2.9.0.jar:/var/benchmarks/projects/fastjson/target/dependency/jersey-media-json-jackson-2.23.2.jar:/var/benchmarks/projects/fastjson/target/dependency/commons-lang-2.5.jar:/var/benchmarks/projects/fastjson/target/dependency/jetty-servlet-8.1.8.v20121106.jar:/var/benchmarks/projects/fastjson/target/dependency/validation-api-1.1.0.Final.jar:/var/benchmarks/projects/fastjson/target/dependency/spring-web-4.3.7.RELEASE.jar:/var/benchmarks/projects/fastjson/target/dependency/jsoniter-0.9.8.jar:/var/benchmarks/projects/fastjson/target/dependency/jboss-logging-3.3.0.Final.jar, outputDir=/home/utbot_mocks/temp/testcases, mocks=Other classes: Mockito
18:06:33.166 | INFO  | Started: warmup: kotlin reflection :: init
18:06:33.264 | INFO  | Finished (in 0.097 sec): warmup: kotlin reflection :: init 
[INIT]
>> [RUN] com.alibaba.fastjson.asm.Type 120
18:06:33.275 | DEBUG | -----------------------------------------------------------------------------
18:06:33.276 | INFO  | Contest.runGeneration: Time budget: 120000 ms, Generation timeout=102000 ms, classpath=/var/benchmarks/projects/fastjson/target/classes:/var/benchmarks/projects/fastjson/target/fastjson-1.2.50-SNAPSHOT.jar:/var/benchmarks/projects/./fastjson/target/dependency/deeptestutils-1.1.0.jar:/var/benchmarks/projects/fastjson/target/dependency/commons-beanutils-1.8.0.jar:/var/benchmarks/projects/fastjson/target/dependency/woodstox-core-asl-4.4.1.jar:/var/benchmarks/projects/fastjson/target/dependency/spring-aop-4.3.7.RELEASE.jar:/var/benchmarks/projects/fastjson/target/dependency/hibernate-core-5.2.10.Final.jar:/var/benchmarks/projects/fastjson/target/dependency/jackson-module-kotlin-2.9.0.jar:/var/benchmarks/projects/fastjson/target/dependency/spring-data-commons-1.13.6.RELEASE.jar:/var/benchmarks/projects/fastjson/target/dependency/javax.annotation-api-1.2.jar:/var/benchmarks/projects/fastjson/target/dependency/gson-2.6.2.jar:/var/benchmarks/projects/fastjson/target/dependency/jetty-continuation-8.1.8.v20121106.jar:/var/benchmarks/projects/fastjson/target/dependency/objenesis-2.5.1.jar:/var/benchmarks/projects/fastjson/target/dependency/powermock-reflect-1.6.6.jar:/var/benchmarks/projects/fastjson/target/dependency/springfox-spring-web-2.6.1.jar:/var/benchmarks/projects/fastjson/target/dependency/javaslang-2.0.6.jar:/var/benchmarks/projects/fastjson/target/dependency/guava-18.0.jar:/var/benchmarks/projects/fastjson/target/dependency/mockito-core-1.10.19.jar:/var/benchmarks/projects/fastjson/target/dependency/json-lib-2.4-jdk15.jar:/var/benchmarks/projects/fastjson/target/dependency/jetty-xml-8.1.8.v20121106.jar:/var/benchmarks/projects/fastjson/target/dependency/xmlschema-core-2.2.1.jar:/var/benchmarks/projects/fastjson/target/dependency/powermock-api-support-1.6.6.jar:/var/benchmarks/projects/fastjson/target/dependency/commons-collections4-4.1.jar:/var/benchmarks/projects/fastjson/target/dependency/cglib-nodep-2.2.2.jar:/var/benchmarks/projects/fastjson/target/dependency/asm-debug-all-5.0.4.jar:/var/benchmarks/projects/fastjson/target/dependency/spring-plugin-core-1.2.0.RELEASE.jar:/var/benchmarks/projects/fastjson/target/dependency/cxf-rt-rs-client-3.1.2.jar:/var/benchmarks/projects/fastjson/target/dependency/jetty-io-8.1.8.v20121106.jar:/var/benchmarks/projects/fastjson/target/dependency/commons-lang3-3.4.jar:/var/benchmarks/projects/fastjson/target/dependency/stax2-api-3.1.4.jar:/var/benchmarks/projects/fastjson/target/dependency/jackson-annotations-2.9.0.jar:/var/benchmarks/projects/fastjson/target/dependency/jetty-server-8.1.8.v20121106.jar:/var/benchmarks/projects/fastjson/target/dependency/json-simple-1.1.1.jar:/var/benchmarks/projects/fastjson/target/dependency/asm-tree-4.0.jar:/var/benchmarks/projects/fastjson/target/dependency/spring-data-commons-core-1.4.1.RELEASE.jar:/var/benchmarks/projects/fastjson/target/dependency/powermock-module-junit4-common-1.6.6.jar:/var/benchmarks/projects/fastjson/target/dependency/jcl-over-slf4j-1.7.25.jar:/var/benchmarks/projects/fastjson/target/dependency/javax.servlet-3.0.0.v201112011016.jar:/var/benchmarks/projects/fastjson/target/dependency/springfox-core-2.6.1.jar:/var/benchmarks/projects/fastjson/target/dependency/osgi-resource-locator-1.0.1.jar:/var/benchmarks/projects/fastjson/target/dependency/javassist-3.18.0-GA.jar:/var/benchmarks/projects/fastjson/target/dependency/kotlin-reflect-1.1.3-2.jar:/var/benchmarks/projects/fastjson/target/dependency/spring-context-support-4.3.10.RELEASE.jar:/var/benchmarks/projects/fastjson/target/dependency/spring-plugin-metadata-1.2.0.RELEASE.jar:/var/benchmarks/projects/fastjson/target/dependency/kotlin-stdlib-1.1.3-2.jar:/var/benchmarks/projects/fastjson/target/dependency/spring-data-keyvalue-1.2.6.RELEASE.jar:/var/benchmarks/projects/fastjson/target/dependency/jersey-container-servlet-core-2.23.2.jar:/var/benchmarks/projects/fastjson/target/dependency/asm-4.0.jar:/var/benchmarks/projects/fastjson/target/dependency/asm-commons-4.0.jar:/var/benchmarks/projects/fastjson/target/dependency/jersey-guava-2.23.2.jar:/var/benchmarks/projects/fastjson/target/dependency/aopalliance-1.0.jar:/var/benchmarks/projects/fastjson/target/dependency/groovy-2.1.5.jar:/var/benchmarks/projects/fastjson/target/dependency/hk2-api-2.5.0-b05.jar:/var/benchmarks/projects/fastjson/target/dependency/jetty-security-8.1.8.v20121106.jar:/var/benchmarks/projects/fastjson/target/dependency/jmh-core-1.21.jar:/var/benchmarks/projects/fastjson/target/dependency/jersey-container-servlet-2.23.2.jar:/var/benchmarks/projects/fastjson/target/dependency/dom4j-1.6.1.jar:/var/benchmarks/projects/fastjson/target/dependency/spring-core-4.3.7.RELEASE.jar:/var/benchmarks/projects/fastjson/target/dependency/spring-data-redis-1.8.6.RELEASE.jar:/var/benchmarks/projects/fastjson/target/dependency/jackson-core-asl-1.9.13.jar:/var/benchmarks/projects/fastjson/target/dependency/jackson-mapper-asl-1.9.13.jar:/var/benchmarks/projects/fastjson/target/dependency/hibernate-jpa-2.1-api-1.0.0.Final.jar:/var/benchmarks/projects/fastjson/target/dependency/junit-4.12.jar:/var/benchmarks/projects/fastjson/target/dependency/commons-io-1.4.jar:/var/benchmarks/projects/fastjson/target/dependency/jetty-util-8.1.8.v20121106.jar:/var/benchmarks/projects/fastjson/target/dependency/hamcrest-core-1.3.jar:/var/benchmarks/projects/fastjson/target/dependency/jmh-generator-annprocess-1.21.jar:/var/benchmarks/projects/fastjson/target/dependency/jackson-jaxrs-base-2.8.7.jar:/var/benchmarks/projects/fastjson/target/dependency/powermock-module-junit4-1.6.6.jar:/var/benchmarks/projects/fastjson/target/dependency/powermock-core-1.6.6.jar:/var/benchmarks/projects/fastjson/target/dependency/slf4j-api-1.7.25.jar:/var/benchmarks/projects/fastjson/target/dependency/antlr-2.7.7.jar:/var/benchmarks/projects/fastjson/target/dependency/mockito-all-1.10.19.jar:/var/benchmarks/projects/fastjson/target/dependency/jersey-container-jdk-http-2.23.2.jar:/var/benchmarks/projects/fastjson/target/dependency/javaslang-match-2.0.6.jar:/var/benchmarks/projects/fastjson/target/dependency/jersey-test-framework-provider-jdk-http-2.23.2.jar:/var/benchmarks/projects/fastjson/target/dependency/jersey-entity-filtering-2.23.2.jar:/var/benchmarks/projects/fastjson/target/dependency/jandex-2.0.3.Final.jar:/var/benchmarks/projects/fastjson/target/dependency/ezmorph-1.0.6.jar:/var/benchmarks/projects/fastjson/target/dependency/jackson-jaxrs-json-provider-2.8.7.jar:/var/benchmarks/projects/fastjson/target/dependency/cxf-rt-transports-http-3.1.2.jar:/var/benchmarks/projects/fastjson/target/dependency/spring-beans-4.3.7.RELEASE.jar:/var/benchmarks/projects/fastjson/target/dependency/jersey-server-2.23.2.jar:/var/benchmarks/projects/fastjson/target/dependency/powermock-api-mockito-1.6.6.jar:/var/benchmarks/projects/fastjson/target/dependency/jackson-module-jaxb-annotations-2.8.7.jar:/var/benchmarks/projects/fastjson/target/dependency/jopt-simple-4.6.jar:/var/benchmarks/projects/fastjson/target/dependency/asm-analysis-4.0.jar:/var/benchmarks/projects/fastjson/target/dependency/annotations-13.0.jar:/var/benchmarks/projects/fastjson/target/dependency/json-path-2.3.0.jar:/var/benchmarks/projects/fastjson/target/dependency/springfox-spi-2.6.1.jar:/var/benchmarks/projects/fastjson/target/dependency/spring-websocket-4.3.7.RELEASE.jar:/var/benchmarks/projects/fastjson/target/dependency/spring-messaging-4.3.7.RELEASE.jar:/var/benchmarks/projects/fastjson/target/dependency/jersey-client-2.23.2.jar:/var/benchmarks/projects/fastjson/target/dependency/javax.ws.rs-api-2.0.1.jar:/var/benchmarks/projects/fastjson/target/dependency/accessors-smart-1.1.jar:/var/benchmarks/projects/fastjson/target/dependency/hibernate-commons-annotations-5.0.1.Final.jar:/var/benchmarks/projects/fastjson/target/dependency/commons-logging-1.1.1.jar:/var/benchmarks/projects/fastjson/target/dependency/jackson-core-2.9.0.jar:/var/benchmarks/projects/fastjson/target/dependency/spring-expression-4.3.7.RELEASE.jar:/var/benchmarks/projects/fastjson/target/dependency/jersey-media-jaxb-2.23.2.jar:/var/benchmarks/projects/fastjson/target/dependency/okhttp-3.6.0.jar:/var/benchmarks/projects/fastjson/target/dependency/commons-math3-3.2.jar:/var/benchmarks/projects/fastjson/target/dependency/jetty-webapp-8.1.8.v20121106.jar:/var/benchmarks/projects/fastjson/target/dependency/javax.inject-2.5.0-b05.jar:/var/benchmarks/projects/fastjson/target/dependency/cxf-core-3.1.2.jar:/var/benchmarks/projects/fastjson/target/dependency/powermock-api-mockito-common-1.6.6.jar:/var/benchmarks/projects/fastjson/target/dependency/jetty-http-8.1.8.v20121106.jar:/var/benchmarks/projects/fastjson/target/dependency/spring-security-config-3.2.10.RELEASE.jar:/var/benchmarks/projects/fastjson/target/dependency/okio-1.11.0.jar:/var/benchmarks/projects/fastjson/target/dependency/javax.servlet-api-3.1.0.jar:/var/benchmarks/projects/fastjson/target/dependency/json-smart-2.2.1.jar:/var/benchmarks/projects/fastjson/target/dependency/spring-tx-4.3.10.RELEASE.jar:/var/benchmarks/projects/fastjson/target/dependency/jackson-module-afterburner-2.9.0.jar:/var/benchmarks/projects/fastjson/target/dependency/asm-util-4.0.jar:/var/benchmarks/projects/fastjson/target/dependency/spring-security-web-4.2.3.RELEASE.jar:/var/benchmarks/projects/fastjson/target/dependency/spring-webmvc-4.3.7.RELEASE.jar:/var/benchmarks/projects/fastjson/target/dependency/hk2-locator-2.5.0-b05.jar:/var/benchmarks/projects/fastjson/target/dependency/retrofit-2.1.0.jar:/var/benchmarks/projects/fastjson/target/dependency/clojure-1.5.1.jar:/var/benchmarks/projects/fastjson/target/dependency/spring-security-oauth2-2.3.3.RELEASE.jar:/var/benchmarks/projects/fastjson/target/dependency/spring-test-4.3.7.RELEASE.jar:/var/benchmarks/projects/fastjson/target/dependency/aopalliance-repackaged-2.5.0-b05.jar:/var/benchmarks/projects/fastjson/target/dependency/spring-oxm-4.3.10.RELEASE.jar:/var/benchmarks/projects/fastjson/target/dependency/spring-security-core-4.2.3.RELEASE.jar:/var/benchmarks/projects/fastjson/target/dependency/jboss-transaction-api_1.2_spec-1.0.1.Final.jar:/var/benchmarks/projects/fastjson/target/dependency/lombok-1.14.4.jar:/var/benchmarks/projects/fastjson/target/dependency/commons-collections-3.2.1.jar:/var/benchmarks/projects/fastjson/target/dependency/cxf-rt-frontend-jaxrs-3.1.2.jar:/var/benchmarks/projects/fastjson/target/dependency/spring-context-4.3.7.RELEASE.jar:/var/benchmarks/projects/fastjson/target/dependency/jersey-test-framework-core-2.23.2.jar:/var/benchmarks/projects/fastjson/target/dependency/classmate-1.3.1.jar:/var/benchmarks/projects/fastjson/target/dependency/hk2-utils-2.5.0-b05.jar:/var/benchmarks/projects/fastjson/target/dependency/jersey-common-2.23.2.jar:/var/benchmarks/projects/fastjson/target/dependency/jackson-databind-2.9.0.jar:/var/benchmarks/projects/fastjson/target/dependency/jersey-media-json-jackson-2.23.2.jar:/var/benchmarks/projects/fastjson/target/dependency/commons-lang-2.5.jar:/var/benchmarks/projects/fastjson/target/dependency/jetty-servlet-8.1.8.v20121106.jar:/var/benchmarks/projects/fastjson/target/dependency/validation-api-1.1.0.Final.jar:/var/benchmarks/projects/fastjson/target/dependency/spring-web-4.3.7.RELEASE.jar:/var/benchmarks/projects/fastjson/target/dependency/jsoniter-0.9.8.jar:/var/benchmarks/projects/fastjson/target/dependency/jboss-logging-3.3.0.Final.jar, methodNameFilter=null
18:06:33.279 | INFO  | ClassUnderTest[ FQN: com.alibaba.fastjson.asm.Type
    classfileDir: /var/benchmarks/projects/fastjson/target/classes
    testClassSimpleName: TypeTest
    generatedTestFile: /home/utbot_mocks/temp/testcases/com/alibaba/fastjson/asm/TypeTest.java
    generatedTestsSourcesDir: /home/utbot_mocks/temp/testcases
]
18:06:33.301 | INFO  | Started: class com.alibaba.fastjson.asm.Type
18:06:33.302 | INFO  | Started: preparation class class com.alibaba.fastjson.asm.Type: kotlin reflection :: run
18:06:33.322 | INFO  | Finished (in 0.020 sec): preparation class class com.alibaba.fastjson.asm.Type: kotlin reflection :: run 
18:06:33.323 | INFO  | Started: 2nd optional soot initialization
18:06:33.324 | INFO  | Finished (in 0.001 sec): 2nd optional soot initialization 
18:06:33.335 | DEBUG |  ... 
18:06:33.348 | INFO  | Started: method com.alibaba.fastjson.asm.Type.getInternalName()
18:06:33.348 | INFO  |  -- Remaining time budget: 101940 ms, #remaining_methods: 9, budget for method: 11326 ms, solver timeout: 1000 ms, budget for symbolic execution: 10126 ms, budget for concrete execution: 1200 ms,  -- 
18:06:33.806 | DEBUG | --new testCase collected, to generate: testCom.alibaba.fastjson.asm.Type.getInternalName()1
18:06:34.858 | DEBUG | --new testCase collected, to generate: testCom.alibaba.fastjson.asm.Type.getInternalName()2
18:06:34.872 | INFO  | Finished (in 1.523 sec): method com.alibaba.fastjson.asm.Type.getInternalName() 
<StatsForMethod> :
	#generatedTC=2
	WITH NO EXCEPTIONS
18:06:34.880 | DEBUG |  ... 
18:06:34.880 | INFO  | Started: method com.alibaba.fastjson.asm.Type.getDimensions()
18:06:34.881 | INFO  |  -- Remaining time budget: 100398 ms, #remaining_methods: 8, budget for method: 12549 ms, solver timeout: 1000 ms, budget for symbolic execution: 11349 ms, budget for concrete execution: 1200 ms,  -- 
18:06:34.890 | DEBUG | --new testCase collected, to generate: testCom.alibaba.fastjson.asm.Type.getDimensions()1
18:06:34.926 | DEBUG | --new testCase collected, to generate: testCom.alibaba.fastjson.asm.Type.getDimensions()2
18:06:34.964 | DEBUG | --new testCase collected, to generate: testCom.alibaba.fastjson.asm.Type.getDimensions()3
18:06:34.988 | DEBUG | --new testCase collected, to generate: testCom.alibaba.fastjson.asm.Type.getDimensions()4
18:06:35.020 | DEBUG | --new testCase collected, to generate: testCom.alibaba.fastjson.asm.Type.getDimensions()5
18:06:35.021 | INFO  | Finished (in 0.140 sec): method com.alibaba.fastjson.asm.Type.getDimensions() 
<StatsForMethod> :
	#generatedTC=5
	WITH NO EXCEPTIONS
18:06:35.027 | DEBUG |  ... 
18:06:35.027 | INFO  | Started: method com.alibaba.fastjson.asm.Type.getDescriptor()
18:06:35.027 | INFO  |  -- Remaining time budget: 100251 ms, #remaining_methods: 7, budget for method: 14321 ms, solver timeout: 1000 ms, budget for symbolic execution: 13121 ms, budget for concrete execution: 1200 ms,  -- 
18:06:35.036 | DEBUG | --new testCase collected, to generate: testCom.alibaba.fastjson.asm.Type.getDescriptor()1
18:06:35.258 | DEBUG | --new testCase collected, to generate: testCom.alibaba.fastjson.asm.Type.getDescriptor()2
18:06:35.270 | INFO  | Finished (in 0.242 sec): method com.alibaba.fastjson.asm.Type.getDescriptor() 
<StatsForMethod> :
	#generatedTC=2
	WITH NO EXCEPTIONS
18:06:35.276 | DEBUG |  ... 
18:06:35.277 | INFO  | Started: method com.alibaba.fastjson.asm.Type.getClassName()
18:06:35.277 | INFO  |  -- Remaining time budget: 100001 ms, #remaining_methods: 6, budget for method: 16666 ms, solver timeout: 1000 ms, budget for symbolic execution: 15466 ms, budget for concrete execution: 1200 ms,  -- 
18:06:35.285 | DEBUG | --new testCase collected, to generate: testCom.alibaba.fastjson.asm.Type.getClassName()1
18:06:35.323 | DEBUG | --new testCase collected, to generate: testCom.alibaba.fastjson.asm.Type.getClassName()2
18:06:35.363 | DEBUG | --new testCase collected, to generate: testCom.alibaba.fastjson.asm.Type.getClassName()3
18:06:35.384 | DEBUG | --new testCase collected, to generate: testCom.alibaba.fastjson.asm.Type.getClassName()4
18:06:35.407 | DEBUG | --new testCase collected, to generate: testCom.alibaba.fastjson.asm.Type.getClassName()5
18:06:35.428 | DEBUG | --new testCase collected, to generate: testCom.alibaba.fastjson.asm.Type.getClassName()6
18:06:35.465 | DEBUG | --new testCase collected, to generate: testCom.alibaba.fastjson.asm.Type.getClassName()7
18:06:35.487 | DEBUG | --new testCase collected, to generate: testCom.alibaba.fastjson.asm.Type.getClassName()8
18:06:35.509 | DEBUG | --new testCase collected, to generate: testCom.alibaba.fastjson.asm.Type.getClassName()9
18:06:35.535 | DEBUG | --new testCase collected, to generate: testCom.alibaba.fastjson.asm.Type.getClassName()10
18:06:37.091 | DEBUG | --new testCase collected, to generate: testCom.alibaba.fastjson.asm.Type.getClassName()11
18:06:37.182 | DEBUG | --new testCase collected, to generate: testCom.alibaba.fastjson.asm.Type.getClassName()12
18:06:37.406 | DEBUG | --new testCase collected, to generate: testCom.alibaba.fastjson.asm.Type.getClassName()13
18:06:37.510 | DEBUG | --new testCase collected, to generate: testCom.alibaba.fastjson.asm.Type.getClassName()14
18:06:37.590 | DEBUG | --new testCase collected, to generate: testCom.alibaba.fastjson.asm.Type.getClassName()15
18:06:37.624 | DEBUG | --new testCase collected, to generate: testCom.alibaba.fastjson.asm.Type.getClassName()16
18:06:37.650 | DEBUG | --new testCase collected, to generate: testCom.alibaba.fastjson.asm.Type.getClassName()17
18:06:37.986 | DEBUG | --new testCase collected, to generate: testCom.alibaba.fastjson.asm.Type.getClassName()18
18:06:38.178 | DEBUG | --new testCase collected, to generate: testCom.alibaba.fastjson.asm.Type.getClassName()19
18:06:38.207 | DEBUG | --new testCase collected, to generate: testCom.alibaba.fastjson.asm.Type.getClassName()20
18:06:38.281 | DEBUG | --new testCase collected, to generate: testCom.alibaba.fastjson.asm.Type.getClassName()21
18:06:38.548 | DEBUG | --new testCase collected, to generate: testCom.alibaba.fastjson.asm.Type.getClassName()22
18:06:38.572 | DEBUG | --new testCase collected, to generate: testCom.alibaba.fastjson.asm.Type.getClassName()23
18:06:38.594 | DEBUG | --new testCase collected, to generate: testCom.alibaba.fastjson.asm.Type.getClassName()24
18:06:38.696 | DEBUG | --new testCase collected, to generate: testCom.alibaba.fastjson.asm.Type.getClassName()25
18:06:39.165 | DEBUG | --new testCase collected, to generate: testCom.alibaba.fastjson.asm.Type.getClassName()26
18:06:39.642 | DEBUG | --new testCase collected, to generate: testCom.alibaba.fastjson.asm.Type.getClassName()27
18:06:39.803 | DEBUG | --new testCase collected, to generate: testCom.alibaba.fastjson.asm.Type.getClassName()28
18:06:39.829 | DEBUG | --new testCase collected, to generate: testCom.alibaba.fastjson.asm.Type.getClassName()29
18:06:40.091 | DEBUG | --new testCase collected, to generate: testCom.alibaba.fastjson.asm.Type.getClassName()30
18:06:40.179 | DEBUG | --new testCase collected, to generate: testCom.alibaba.fastjson.asm.Type.getClassName()31
18:06:42.814 | DEBUG | --new testCase collected, to generate: testCom.alibaba.fastjson.asm.Type.getClassName()32
18:06:48.830 | DEBUG | --new testCase collected, to generate: testCom.alibaba.fastjson.asm.Type.getClassName()33
18:06:50.744 | INFO  | |> Starting concrete execution for remaining state: com.alibaba.fastjson.asm.Type.getClassName()
18:06:51.945 | INFO  | (X) Cancelling concrete execution: com.alibaba.fastjson.asm.Type.getClassName()
18:06:52.102 | INFO  | Finished (in 16.825 sec): method com.alibaba.fastjson.asm.Type.getClassName() 
<StatsForMethod> :
	#generatedTC=33
	WITH NO EXCEPTIONS
18:06:53.205 | DEBUG |  ... 
18:06:53.205 | INFO  | Started: method com.alibaba.fastjson.asm.Type.getArgumentsAndReturnSizes(String)
18:06:53.206 | INFO  |  -- Remaining time budget: 82073 ms, #remaining_methods: 5, budget for method: 16414 ms, solver timeout: 1000 ms, budget for symbolic execution: 15214 ms, budget for concrete execution: 1200 ms,  -- 
18:06:53.248 | DEBUG | --new testCase collected, to generate: testCom.alibaba.fastjson.asm.Type.getArgumentsAndReturnSizes(String)1
18:06:53.291 | DEBUG | --new testCase collected, to generate: testCom.alibaba.fastjson.asm.Type.getArgumentsAndReturnSizes(String)2
18:06:53.436 | DEBUG | --new testCase collected, to generate: testCom.alibaba.fastjson.asm.Type.getArgumentsAndReturnSizes(String)3
18:06:53.500 | DEBUG | --new testCase collected, to generate: testCom.alibaba.fastjson.asm.Type.getArgumentsAndReturnSizes(String)4
18:06:53.536 | DEBUG | --new testCase collected, to generate: testCom.alibaba.fastjson.asm.Type.getArgumentsAndReturnSizes(String)5
18:06:53.540 | DEBUG | --new testCase collected, to generate: testCom.alibaba.fastjson.asm.Type.getArgumentsAndReturnSizes(String)6
18:06:53.545 | DEBUG | --new testCase collected, to generate: testCom.alibaba.fastjson.asm.Type.getArgumentsAndReturnSizes(String)7
18:06:53.622 | DEBUG | --new testCase collected, to generate: testCom.alibaba.fastjson.asm.Type.getArgumentsAndReturnSizes(String)8
18:06:53.759 | DEBUG | --new testCase collected, to generate: testCom.alibaba.fastjson.asm.Type.getArgumentsAndReturnSizes(String)9
18:06:53.803 | DEBUG | --new testCase collected, to generate: testCom.alibaba.fastjson.asm.Type.getArgumentsAndReturnSizes(String)10
18:06:53.918 | DEBUG | --new testCase collected, to generate: testCom.alibaba.fastjson.asm.Type.getArgumentsAndReturnSizes(String)11
18:06:53.953 | DEBUG | --new testCase collected, to generate: testCom.alibaba.fastjson.asm.Type.getArgumentsAndReturnSizes(String)12
18:06:54.053 | DEBUG | --new testCase collected, to generate: testCom.alibaba.fastjson.asm.Type.getArgumentsAndReturnSizes(String)13
18:06:54.083 | INFO  | Finished (in 0.877 sec): method com.alibaba.fastjson.asm.Type.getArgumentsAndReturnSizes(String) 
<StatsForMethod> :
	#generatedTC=13
	WITH NO EXCEPTIONS
18:06:54.129 | DEBUG |  ... 
18:06:54.129 | INFO  | Started: method com.alibaba.fastjson.asm.Type.getArgumentTypes(String)
18:06:54.130 | INFO  |  -- Remaining time budget: 81149 ms, #remaining_methods: 4, budget for method: 20287 ms, solver timeout: 1000 ms, budget for symbolic execution: 19087 ms, budget for concrete execution: 1200 ms,  -- 
18:06:54.139 | DEBUG | --new testCase collected, to generate: testCom.alibaba.fastjson.asm.Type.getArgumentTypes(String)1
18:06:54.178 | DEBUG | --new testCase collected, to generate: testCom.alibaba.fastjson.asm.Type.getArgumentTypes(String)2
18:06:54.290 | DEBUG | --new testCase collected, to generate: testCom.alibaba.fastjson.asm.Type.getArgumentTypes(String)3
18:06:54.364 | DEBUG | --new testCase collected, to generate: testCom.alibaba.fastjson.asm.Type.getArgumentTypes(String)4
18:06:54.389 | DEBUG | --new testCase collected, to generate: testCom.alibaba.fastjson.asm.Type.getArgumentTypes(String)5
18:06:54.394 | DEBUG | --new testCase collected, to generate: testCom.alibaba.fastjson.asm.Type.getArgumentTypes(String)6
18:06:54.779 | DEBUG | --new testCase collected, to generate: testCom.alibaba.fastjson.asm.Type.getArgumentTypes(String)7
18:06:54.838 | DEBUG | --new testCase collected, to generate: testCom.alibaba.fastjson.asm.Type.getArgumentTypes(String)8
18:06:55.100 | DEBUG | --new testCase collected, to generate: testCom.alibaba.fastjson.asm.Type.getArgumentTypes(String)9
18:06:55.138 | DEBUG | --new testCase collected, to generate: testCom.alibaba.fastjson.asm.Type.getArgumentTypes(String)10
18:06:55.161 | DEBUG | --new testCase collected, to generate: testCom.alibaba.fastjson.asm.Type.getArgumentTypes(String)11
18:06:55.645 | DEBUG | --new testCase collected, to generate: testCom.alibaba.fastjson.asm.Type.getArgumentTypes(String)12
18:06:55.783 | DEBUG | --new testCase collected, to generate: testCom.alibaba.fastjson.asm.Type.getArgumentTypes(String)13
18:06:55.846 | DEBUG | --new testCase collected, to generate: testCom.alibaba.fastjson.asm.Type.getArgumentTypes(String)14
18:06:56.075 | DEBUG | --new testCase collected, to generate: testCom.alibaba.fastjson.asm.Type.getArgumentTypes(String)15
18:06:56.348 | DEBUG | --new testCase collected, to generate: testCom.alibaba.fastjson.asm.Type.getArgumentTypes(String)16
18:06:56.468 | DEBUG | --new testCase collected, to generate: testCom.alibaba.fastjson.asm.Type.getArgumentTypes(String)17
18:06:56.619 | DEBUG | --new testCase collected, to generate: testCom.alibaba.fastjson.asm.Type.getArgumentTypes(String)18
18:06:56.629 | DEBUG | --new testCase collected, to generate: testCom.alibaba.fastjson.asm.Type.getArgumentTypes(String)19
18:06:56.634 | DEBUG | --new testCase collected, to generate: testCom.alibaba.fastjson.asm.Type.getArgumentTypes(String)20
18:06:56.649 | DEBUG | --new testCase collected, to generate: testCom.alibaba.fastjson.asm.Type.getArgumentTypes(String)21
18:06:56.823 | DEBUG | --new testCase collected, to generate: testCom.alibaba.fastjson.asm.Type.getArgumentTypes(String)22
18:06:56.858 | DEBUG | --new testCase collected, to generate: testCom.alibaba.fastjson.asm.Type.getArgumentTypes(String)23
18:06:56.946 | DEBUG | --new testCase collected, to generate: testCom.alibaba.fastjson.asm.Type.getArgumentTypes(String)24
18:06:57.027 | DEBUG | --new testCase collected, to generate: testCom.alibaba.fastjson.asm.Type.getArgumentTypes(String)25
18:06:57.101 | DEBUG | --new testCase collected, to generate: testCom.alibaba.fastjson.asm.Type.getArgumentTypes(String)26
18:06:57.277 | DEBUG | --new testCase collected, to generate: testCom.alibaba.fastjson.asm.Type.getArgumentTypes(String)27
18:06:57.357 | DEBUG | --new testCase collected, to generate: testCom.alibaba.fastjson.asm.Type.getArgumentTypes(String)28
18:07:03.491 | DEBUG | --new testCase collected, to generate: testCom.alibaba.fastjson.asm.Type.getArgumentTypes(String)29
18:07:03.695 | DEBUG | --new testCase collected, to generate: testCom.alibaba.fastjson.asm.Type.getArgumentTypes(String)30
18:07:04.860 | DEBUG | --new testCase collected, to generate: testCom.alibaba.fastjson.asm.Type.getArgumentTypes(String)31
18:07:05.510 | DEBUG | --new testCase collected, to generate: testCom.alibaba.fastjson.asm.Type.getArgumentTypes(String)32
18:07:13.217 | INFO  | |> Starting concrete execution for remaining state: com.alibaba.fastjson.asm.Type.getArgumentTypes(String)
18:07:14.417 | INFO  | (X) Cancelling concrete execution: com.alibaba.fastjson.asm.Type.getArgumentTypes(String)
18:07:15.138 | INFO  | Finished (in 21.008 sec): method com.alibaba.fastjson.asm.Type.getArgumentTypes(String) 
<StatsForMethod> :
	#generatedTC=32
	WITH NO EXCEPTIONS
18:07:15.298 | DEBUG |  ... 
18:07:15.298 | INFO  | Started: method com.alibaba.fastjson.asm.Type.getType(char[], int)
18:07:15.299 | INFO  |  -- Remaining time budget: 59980 ms, #remaining_methods: 3, budget for method: 19993 ms, solver timeout: 1000 ms, budget for symbolic execution: 18793 ms, budget for concrete execution: 1200 ms,  -- 
18:07:15.308 | DEBUG | --new testCase collected, to generate: testCom.alibaba.fastjson.asm.Type.getType(char[], int)1
18:07:15.329 | DEBUG | --new testCase collected, to generate: testCom.alibaba.fastjson.asm.Type.getType(char[], int)2
18:07:15.598 | DEBUG | --new testCase collected, to generate: testCom.alibaba.fastjson.asm.Type.getType(char[], int)3
18:07:15.664 | DEBUG | --new testCase collected, to generate: testCom.alibaba.fastjson.asm.Type.getType(char[], int)4
18:07:15.683 | DEBUG | --new testCase collected, to generate: testCom.alibaba.fastjson.asm.Type.getType(char[], int)5
18:07:15.733 | DEBUG | --new testCase collected, to generate: testCom.alibaba.fastjson.asm.Type.getType(char[], int)6
18:07:15.753 | DEBUG | --new testCase collected, to generate: testCom.alibaba.fastjson.asm.Type.getType(char[], int)7
18:07:15.804 | DEBUG | --new testCase collected, to generate: testCom.alibaba.fastjson.asm.Type.getType(char[], int)8
18:07:15.827 | DEBUG | --new testCase collected, to generate: testCom.alibaba.fastjson.asm.Type.getType(char[], int)9
18:07:15.883 | DEBUG | --new testCase collected, to generate: testCom.alibaba.fastjson.asm.Type.getType(char[], int)10
18:07:16.010 | DEBUG | --new testCase collected, to generate: testCom.alibaba.fastjson.asm.Type.getType(char[], int)11
18:07:16.032 | DEBUG | --new testCase collected, to generate: testCom.alibaba.fastjson.asm.Type.getType(char[], int)12
18:07:16.070 | DEBUG | --new testCase collected, to generate: testCom.alibaba.fastjson.asm.Type.getType(char[], int)13
18:07:16.093 | DEBUG | --new testCase collected, to generate: testCom.alibaba.fastjson.asm.Type.getType(char[], int)14
18:07:16.112 | DEBUG | --new testCase collected, to generate: testCom.alibaba.fastjson.asm.Type.getType(char[], int)15
18:07:16.133 | DEBUG | --new testCase collected, to generate: testCom.alibaba.fastjson.asm.Type.getType(char[], int)16
18:07:16.158 | DEBUG | --new testCase collected, to generate: testCom.alibaba.fastjson.asm.Type.getType(char[], int)17
18:07:16.177 | DEBUG | --new testCase collected, to generate: testCom.alibaba.fastjson.asm.Type.getType(char[], int)18
18:07:16.220 | DEBUG | --new testCase collected, to generate: testCom.alibaba.fastjson.asm.Type.getType(char[], int)19
18:07:16.289 | DEBUG | --new testCase collected, to generate: testCom.alibaba.fastjson.asm.Type.getType(char[], int)20
18:07:16.331 | DEBUG | --new testCase collected, to generate: testCom.alibaba.fastjson.asm.Type.getType(char[], int)21
18:07:16.386 | DEBUG | --new testCase collected, to generate: testCom.alibaba.fastjson.asm.Type.getType(char[], int)22
18:07:16.504 | DEBUG | --new testCase collected, to generate: testCom.alibaba.fastjson.asm.Type.getType(char[], int)23
18:07:16.618 | DEBUG | --new testCase collected, to generate: testCom.alibaba.fastjson.asm.Type.getType(char[], int)24
18:07:16.825 | DEBUG | --new testCase collected, to generate: testCom.alibaba.fastjson.asm.Type.getType(char[], int)25
18:07:16.995 | DEBUG | --new testCase collected, to generate: testCom.alibaba.fastjson.asm.Type.getType(char[], int)26
18:07:17.021 | DEBUG | --new testCase collected, to generate: testCom.alibaba.fastjson.asm.Type.getType(char[], int)27
18:07:17.057 | DEBUG | --new testCase collected, to generate: testCom.alibaba.fastjson.asm.Type.getType(char[], int)28
18:07:17.142 | DEBUG | --new testCase collected, to generate: testCom.alibaba.fastjson.asm.Type.getType(char[], int)29
18:07:17.175 | INFO  | Finished (in 1.876 sec): method com.alibaba.fastjson.asm.Type.getType(char[], int) 
<StatsForMethod> :
	#generatedTC=29
	WITH NO EXCEPTIONS
18:07:17.312 | DEBUG |  ... 
18:07:17.313 | INFO  | Started: method com.alibaba.fastjson.asm.Type.getType(String)
18:07:17.313 | INFO  |  -- Remaining time budget: 57965 ms, #remaining_methods: 2, budget for method: 28982 ms, solver timeout: 1000 ms, budget for symbolic execution: 27782 ms, budget for concrete execution: 1200 ms,  -- 
18:07:17.319 | DEBUG | --new testCase collected, to generate: testCom.alibaba.fastjson.asm.Type.getType(String)1
18:07:17.355 | DEBUG | --new testCase collected, to generate: testCom.alibaba.fastjson.asm.Type.getType(String)2
18:07:18.561 | DEBUG | --new testCase collected, to generate: testCom.alibaba.fastjson.asm.Type.getType(String)3
18:07:18.630 | DEBUG | --new testCase collected, to generate: testCom.alibaba.fastjson.asm.Type.getType(String)4
18:07:18.708 | DEBUG | --new testCase collected, to generate: testCom.alibaba.fastjson.asm.Type.getType(String)5
18:07:18.738 | DEBUG | --new testCase collected, to generate: testCom.alibaba.fastjson.asm.Type.getType(String)6
18:07:18.757 | DEBUG | --new testCase collected, to generate: testCom.alibaba.fastjson.asm.Type.getType(String)7
18:07:18.763 | DEBUG | --new testCase collected, to generate: testCom.alibaba.fastjson.asm.Type.getType(String)8
18:07:18.829 | DEBUG | --new testCase collected, to generate: testCom.alibaba.fastjson.asm.Type.getType(String)9
18:07:18.833 | DEBUG | --new testCase collected, to generate: testCom.alibaba.fastjson.asm.Type.getType(String)10
18:07:18.884 | DEBUG | --new testCase collected, to generate: testCom.alibaba.fastjson.asm.Type.getType(String)11
18:07:18.916 | DEBUG | --new testCase collected, to generate: testCom.alibaba.fastjson.asm.Type.getType(String)12
18:07:19.010 | DEBUG | --new testCase collected, to generate: testCom.alibaba.fastjson.asm.Type.getType(String)13
18:07:19.068 | DEBUG | --new testCase collected, to generate: testCom.alibaba.fastjson.asm.Type.getType(String)14
18:07:19.076 | DEBUG | --new testCase collected, to generate: testCom.alibaba.fastjson.asm.Type.getType(String)15
18:07:19.165 | DEBUG | --new testCase collected, to generate: testCom.alibaba.fastjson.asm.Type.getType(String)16
18:07:19.202 | DEBUG | --new testCase collected, to generate: testCom.alibaba.fastjson.asm.Type.getType(String)17
18:07:19.206 | DEBUG | --new testCase collected, to generate: testCom.alibaba.fastjson.asm.Type.getType(String)18
18:07:19.215 | DEBUG | --new testCase collected, to generate: testCom.alibaba.fastjson.asm.Type.getType(String)19
18:07:19.640 | DEBUG | --new testCase collected, to generate: testCom.alibaba.fastjson.asm.Type.getType(String)20
18:07:19.672 | DEBUG | --new testCase collected, to generate: testCom.alibaba.fastjson.asm.Type.getType(String)21
18:07:19.695 | DEBUG | --new testCase collected, to generate: testCom.alibaba.fastjson.asm.Type.getType(String)22
18:07:19.700 | DEBUG | --new testCase collected, to generate: testCom.alibaba.fastjson.asm.Type.getType(String)23
18:07:19.704 | DEBUG | --new testCase collected, to generate: testCom.alibaba.fastjson.asm.Type.getType(String)24
18:07:19.765 | DEBUG | --new testCase collected, to generate: testCom.alibaba.fastjson.asm.Type.getType(String)25
18:07:19.826 | DEBUG | --new testCase collected, to generate: testCom.alibaba.fastjson.asm.Type.getType(String)26
18:07:19.850 | DEBUG | --new testCase collected, to generate: testCom.alibaba.fastjson.asm.Type.getType(String)27
18:07:19.952 | INFO  | Finished (in 2.639 sec): method com.alibaba.fastjson.asm.Type.getType(String) 
<StatsForMethod> :
	#generatedTC=27
	WITH NO EXCEPTIONS
18:07:20.128 | DEBUG |  ... 
18:07:20.129 | INFO  | Started: method com.alibaba.fastjson.asm.Type.<init>(int, char[], int, int)
18:07:20.129 | INFO  |  -- Remaining time budget: 55149 ms, #remaining_methods: 1, budget for method: 55149 ms, solver timeout: 1000 ms, budget for symbolic execution: 53949 ms, budget for concrete execution: 1200 ms,  -- 
18:07:20.137 | DEBUG | --new testCase collected, to generate: testCom.alibaba.fastjson.asm.Type.<init>(int, char[], int, int)1
18:07:20.181 | DEBUG | --new testCase collected, to generate: testCom.alibaba.fastjson.asm.Type.<init>(int, char[], int, int)2
18:07:20.181 | INFO  | Finished (in 0.052 sec): method com.alibaba.fastjson.asm.Type.<init>(int, char[], int, int) 
<StatsForMethod> :
	#generatedTC=2
	WITH NO EXCEPTIONS
18:07:20.188 | INFO  | Started: Flushing tests for [Type] on disk
18:07:20.586 | INFO  | File size for TypeTest: 90 KB
18:07:20.588 | INFO  | Finished (in 0.400 sec): Flushing tests for [Type] on disk 
18:07:20.589 | INFO  | Finished (in 47.287 sec): class com.alibaba.fastjson.asm.Type 
<StatsForClass> :
	canceled by timeout = false
	#methods = 9, 
	#methods started symbolic exploration = 9
	#methods with at least one TC = 9
	#methods with exceptions = 0
	#generated TC = 145
	#coverage = null
[READY]
