Started UtBot Contest, classfileDir = /var/benchmarks/projects/guava/guava/target/classes, classpathString=/var/benchmarks/projects/guava/guava/target/classes:/var/benchmarks/projects/guava/guava/target/guava-26.0-jre.jar:/var/benchmarks/projects/./guava/guava/target/dependency/checker-qual-2.5.2.jar:/var/benchmarks/projects/guava/guava/target/dependency/error_prone_annotations-2.1.3.jar:/var/benchmarks/projects/guava/guava/target/dependency/j2objc-annotations-1.1.jar:/var/benchmarks/projects/guava/guava/target/dependency/jsr305-3.0.2.jar:/var/benchmarks/projects/guava/guava/target/dependency/animal-sniffer-annotations-1.14.jar, outputDir=/home/utbot_mocks/temp/testcases, mocks=Other classes: Mockito
20:44:37.965 | INFO  | Started: warmup: kotlin reflection :: init
20:44:38.053 | INFO  | Finished (in 0.088 sec): warmup: kotlin reflection :: init 
[INIT]
>> [RUN] com.google.common.util.concurrent.SimpleTimeLimiter 120
20:44:38.063 | DEBUG | -----------------------------------------------------------------------------
20:44:38.064 | INFO  | Contest.runGeneration: Time budget: 120000 ms, Generation timeout=102000 ms, classpath=/var/benchmarks/projects/guava/guava/target/classes:/var/benchmarks/projects/guava/guava/target/guava-26.0-jre.jar:/var/benchmarks/projects/./guava/guava/target/dependency/checker-qual-2.5.2.jar:/var/benchmarks/projects/guava/guava/target/dependency/error_prone_annotations-2.1.3.jar:/var/benchmarks/projects/guava/guava/target/dependency/j2objc-annotations-1.1.jar:/var/benchmarks/projects/guava/guava/target/dependency/jsr305-3.0.2.jar:/var/benchmarks/projects/guava/guava/target/dependency/animal-sniffer-annotations-1.14.jar, methodNameFilter=null
20:44:38.065 | INFO  | ClassUnderTest[ FQN: com.google.common.util.concurrent.SimpleTimeLimiter
    classfileDir: /var/benchmarks/projects/guava/guava/target/classes
    testClassSimpleName: SimpleTimeLimiterTest
    generatedTestFile: /home/utbot_mocks/temp/testcases/com/google/common/util/concurrent/SimpleTimeLimiterTest.java
    generatedTestsSourcesDir: /home/utbot_mocks/temp/testcases
]
20:44:38.085 | INFO  | Started: class com.google.common.util.concurrent.SimpleTimeLimiter
20:44:38.086 | INFO  | Started: preparation class class com.google.common.util.concurrent.SimpleTimeLimiter: kotlin reflection :: run
20:44:38.138 | INFO  | Finished (in 0.052 sec): preparation class class com.google.common.util.concurrent.SimpleTimeLimiter: kotlin reflection :: run 
20:44:38.139 | INFO  | Started: 2nd optional soot initialization
20:44:38.140 | INFO  | Finished (in 0.001 sec): 2nd optional soot initialization 
20:44:38.147 | DEBUG |  ... 
20:44:38.168 | INFO  | Started: method com.google.common.util.concurrent.SimpleTimeLimiter.runWithTimeout(Runnable, long, TimeUnit)
20:44:38.169 | INFO  |  -- Remaining time budget: 101915 ms, #remaining_methods: 15, budget for method: 6794 ms, solver timeout: 1000 ms, budget for symbolic execution: 5594 ms, budget for concrete execution: 1200 ms,  -- 
20:44:38.479 | ERROR | Symbolic execution FAILED
com.huawei.utbot.instrumentation.util.ChildProcessError: Error in the child process |> java.lang.IllegalAccessException: Class com.huawei.utbot.framework.concrete.MockValueConstructor can not access a member of class java.util.concurrent.TimeUnit with modifiers "private"
	at sun.reflect.Reflection.ensureMemberAccess(Reflection.java:102)
	at java.lang.reflect.AccessibleObject.slowCheckMemberAccess(AccessibleObject.java:296)
	at java.lang.reflect.AccessibleObject.checkAccess(AccessibleObject.java:288)
	at java.lang.reflect.Constructor.newInstance(Constructor.java:413)
	at com.huawei.utbot.framework.concrete.MockValueConstructor.call(MockValueConstructor.kt:414)
	at com.huawei.utbot.framework.concrete.MockValueConstructor.updateWithExecutableCallModel(MockValueConstructor.kt:353)
	at com.huawei.utbot.framework.concrete.MockValueConstructor.constructFromAssembleModel(MockValueConstructor.kt:332)
	at com.huawei.utbot.framework.concrete.MockValueConstructor.construct(MockValueConstructor.kt:126)
	at com.huawei.utbot.framework.concrete.MockValueConstructor.constructMethodParameters(MockValueConstructor.kt:101)
	at com.huawei.utbot.framework.concrete.UtExecutionInstrumentation.invoke(UtExecutionInstrumentation.kt:126)
	at com.huawei.utbot.framework.concrete.UtExecutionInstrumentation.invoke(UtExecutionInstrumentation.kt:96)
	at com.huawei.utbot.instrumentation.process.ChildProcessKt.loop(ChildProcess.kt:114)
	at com.huawei.utbot.instrumentation.process.ChildProcessKt.main(ChildProcess.kt:76)
	at com.huawei.utbot.instrumentation.process.ChildProcessKt.main(ChildProcess.kt)

	at com.huawei.utbot.instrumentation.ConcreteExecutor.executeAsync(ConcreteExecutor.kt:391) ~[utbot-junit-contest-1.0.jar:?]
	at com.huawei.utbot.instrumentation.ConcreteExecutor$executeAsync$1.invokeSuspend(ConcreteExecutor.kt) ~[utbot-junit-contest-1.0.jar:?]
	at kotlin.coroutines.jvm.internal.BaseContinuationImpl.resumeWith(ContinuationImpl.kt:33) [utbot-junit-contest-1.0.jar:?]
	at kotlinx.coroutines.DispatchedTask.run(DispatchedTask.kt:106) [utbot-junit-contest-1.0.jar:?]
	at java.util.concurrent.Executors$RunnableAdapter.call(Executors.java:511) [?:1.8.0_312]
	at java.util.concurrent.FutureTask.run(FutureTask.java:266) [?:1.8.0_312]
	at java.util.concurrent.ScheduledThreadPoolExecutor$ScheduledFutureTask.access$201(ScheduledThreadPoolExecutor.java:180) [?:1.8.0_312]
	at java.util.concurrent.ScheduledThreadPoolExecutor$ScheduledFutureTask.run(ScheduledThreadPoolExecutor.java:293) [?:1.8.0_312]
	at java.util.concurrent.ThreadPoolExecutor.runWorker(ThreadPoolExecutor.java:1149) [?:1.8.0_312]
	at java.util.concurrent.ThreadPoolExecutor$Worker.run(ThreadPoolExecutor.java:624) [?:1.8.0_312]
	at java.lang.Thread.run(Thread.java:748) [?:1.8.0_312]
20:44:44.121 | INFO  | |> Starting concrete execution for remaining state: com.google.common.util.concurrent.SimpleTimeLimiter.runWithTimeout(Runnable, long, TimeUnit)
20:44:45.323 | INFO  | (X) Cancelling concrete execution: com.google.common.util.concurrent.SimpleTimeLimiter.runWithTimeout(Runnable, long, TimeUnit)
20:44:45.592 | INFO  | Finished (in 7.423 sec): method com.google.common.util.concurrent.SimpleTimeLimiter.runWithTimeout(Runnable, long, TimeUnit) 
<StatsForMethod> :
	#generatedTC=0
	FAILED 1 time(s) with 1 different exception(s)"
20:44:45.600 | DEBUG |  ... 
20:44:45.601 | INFO  | Started: method com.google.common.util.concurrent.SimpleTimeLimiter.callUninterruptiblyWithTimeout(Callable, long, TimeUnit)
20:44:45.601 | INFO  |  -- Remaining time budget: 94464 ms, #remaining_methods: 14, budget for method: 6747 ms, solver timeout: 1000 ms, budget for symbolic execution: 5547 ms, budget for concrete execution: 1200 ms,  -- 
20:44:45.609 | ERROR | Symbolic execution FAILED
com.huawei.utbot.instrumentation.util.ChildProcessError: Error in the child process |> java.lang.IllegalAccessException: Class com.huawei.utbot.framework.concrete.MockValueConstructor can not access a member of class java.util.concurrent.TimeUnit with modifiers "private"
	at sun.reflect.Reflection.ensureMemberAccess(Reflection.java:102)
	at java.lang.reflect.AccessibleObject.slowCheckMemberAccess(AccessibleObject.java:296)
	at java.lang.reflect.AccessibleObject.checkAccess(AccessibleObject.java:288)
	at java.lang.reflect.Constructor.newInstance(Constructor.java:413)
	at com.huawei.utbot.framework.concrete.MockValueConstructor.call(MockValueConstructor.kt:414)
	at com.huawei.utbot.framework.concrete.MockValueConstructor.updateWithExecutableCallModel(MockValueConstructor.kt:353)
	at com.huawei.utbot.framework.concrete.MockValueConstructor.constructFromAssembleModel(MockValueConstructor.kt:332)
	at com.huawei.utbot.framework.concrete.MockValueConstructor.construct(MockValueConstructor.kt:126)
	at com.huawei.utbot.framework.concrete.MockValueConstructor.constructMethodParameters(MockValueConstructor.kt:101)
	at com.huawei.utbot.framework.concrete.UtExecutionInstrumentation.invoke(UtExecutionInstrumentation.kt:126)
	at com.huawei.utbot.framework.concrete.UtExecutionInstrumentation.invoke(UtExecutionInstrumentation.kt:96)
	at com.huawei.utbot.instrumentation.process.ChildProcessKt.loop(ChildProcess.kt:114)
	at com.huawei.utbot.instrumentation.process.ChildProcessKt.main(ChildProcess.kt:76)
	at com.huawei.utbot.instrumentation.process.ChildProcessKt.main(ChildProcess.kt)

	at com.huawei.utbot.instrumentation.ConcreteExecutor.executeAsync(ConcreteExecutor.kt:391) ~[utbot-junit-contest-1.0.jar:?]
	at com.huawei.utbot.instrumentation.ConcreteExecutor$executeAsync$1.invokeSuspend(ConcreteExecutor.kt) ~[utbot-junit-contest-1.0.jar:?]
	at kotlin.coroutines.jvm.internal.BaseContinuationImpl.resumeWith(ContinuationImpl.kt:33) [utbot-junit-contest-1.0.jar:?]
	at kotlinx.coroutines.DispatchedTask.run(DispatchedTask.kt:106) [utbot-junit-contest-1.0.jar:?]
	at java.util.concurrent.Executors$RunnableAdapter.call(Executors.java:511) [?:1.8.0_312]
	at java.util.concurrent.FutureTask.run(FutureTask.java:266) [?:1.8.0_312]
	at java.util.concurrent.ScheduledThreadPoolExecutor$ScheduledFutureTask.access$201(ScheduledThreadPoolExecutor.java:180) [?:1.8.0_312]
	at java.util.concurrent.ScheduledThreadPoolExecutor$ScheduledFutureTask.run(ScheduledThreadPoolExecutor.java:293) [?:1.8.0_312]
	at java.util.concurrent.ThreadPoolExecutor.runWorker(ThreadPoolExecutor.java:1149) [?:1.8.0_312]
	at java.util.concurrent.ThreadPoolExecutor$Worker.run(ThreadPoolExecutor.java:624) [?:1.8.0_312]
	at java.lang.Thread.run(Thread.java:748) [?:1.8.0_312]
20:44:51.148 | INFO  | |> Starting concrete execution for remaining state: com.google.common.util.concurrent.SimpleTimeLimiter.callUninterruptiblyWithTimeout(Callable, long, TimeUnit)
20:44:52.349 | INFO  | (X) Cancelling concrete execution: com.google.common.util.concurrent.SimpleTimeLimiter.callUninterruptiblyWithTimeout(Callable, long, TimeUnit)
20:44:52.561 | INFO  | Finished (in 6.959 sec): method com.google.common.util.concurrent.SimpleTimeLimiter.callUninterruptiblyWithTimeout(Callable, long, TimeUnit) 
<StatsForMethod> :
	#generatedTC=0
	FAILED 1 time(s) with 1 different exception(s)"
20:44:52.698 | DEBUG |  ... 
20:44:52.699 | INFO  | Started: method com.google.common.util.concurrent.SimpleTimeLimiter.runUninterruptiblyWithTimeout(Runnable, long, TimeUnit)
20:44:52.699 | INFO  |  -- Remaining time budget: 87365 ms, #remaining_methods: 13, budget for method: 6720 ms, solver timeout: 1000 ms, budget for symbolic execution: 5520 ms, budget for concrete execution: 1200 ms,  -- 
20:44:52.706 | ERROR | Symbolic execution FAILED
com.huawei.utbot.instrumentation.util.ChildProcessError: Error in the child process |> java.lang.IllegalAccessException: Class com.huawei.utbot.framework.concrete.MockValueConstructor can not access a member of class java.util.concurrent.TimeUnit with modifiers "private"
	at sun.reflect.Reflection.ensureMemberAccess(Reflection.java:102)
	at java.lang.reflect.AccessibleObject.slowCheckMemberAccess(AccessibleObject.java:296)
	at java.lang.reflect.AccessibleObject.checkAccess(AccessibleObject.java:288)
	at java.lang.reflect.Constructor.newInstance(Constructor.java:413)
	at com.huawei.utbot.framework.concrete.MockValueConstructor.call(MockValueConstructor.kt:414)
	at com.huawei.utbot.framework.concrete.MockValueConstructor.updateWithExecutableCallModel(MockValueConstructor.kt:353)
	at com.huawei.utbot.framework.concrete.MockValueConstructor.constructFromAssembleModel(MockValueConstructor.kt:332)
	at com.huawei.utbot.framework.concrete.MockValueConstructor.construct(MockValueConstructor.kt:126)
	at com.huawei.utbot.framework.concrete.MockValueConstructor.constructMethodParameters(MockValueConstructor.kt:101)
	at com.huawei.utbot.framework.concrete.UtExecutionInstrumentation.invoke(UtExecutionInstrumentation.kt:126)
	at com.huawei.utbot.framework.concrete.UtExecutionInstrumentation.invoke(UtExecutionInstrumentation.kt:96)
	at com.huawei.utbot.instrumentation.process.ChildProcessKt.loop(ChildProcess.kt:114)
	at com.huawei.utbot.instrumentation.process.ChildProcessKt.main(ChildProcess.kt:76)
	at com.huawei.utbot.instrumentation.process.ChildProcessKt.main(ChildProcess.kt)

	at com.huawei.utbot.instrumentation.ConcreteExecutor.executeAsync(ConcreteExecutor.kt:391) ~[utbot-junit-contest-1.0.jar:?]
	at com.huawei.utbot.instrumentation.ConcreteExecutor$executeAsync$1.invokeSuspend(ConcreteExecutor.kt) ~[utbot-junit-contest-1.0.jar:?]
	at kotlin.coroutines.jvm.internal.BaseContinuationImpl.resumeWith(ContinuationImpl.kt:33) [utbot-junit-contest-1.0.jar:?]
	at kotlinx.coroutines.DispatchedTask.run(DispatchedTask.kt:106) [utbot-junit-contest-1.0.jar:?]
	at java.util.concurrent.Executors$RunnableAdapter.call(Executors.java:511) [?:1.8.0_312]
	at java.util.concurrent.FutureTask.run(FutureTask.java:266) [?:1.8.0_312]
	at java.util.concurrent.ScheduledThreadPoolExecutor$ScheduledFutureTask.access$201(ScheduledThreadPoolExecutor.java:180) [?:1.8.0_312]
	at java.util.concurrent.ScheduledThreadPoolExecutor$ScheduledFutureTask.run(ScheduledThreadPoolExecutor.java:293) [?:1.8.0_312]
	at java.util.concurrent.ThreadPoolExecutor.runWorker(ThreadPoolExecutor.java:1149) [?:1.8.0_312]
	at java.util.concurrent.ThreadPoolExecutor$Worker.run(ThreadPoolExecutor.java:624) [?:1.8.0_312]
	at java.lang.Thread.run(Thread.java:748) [?:1.8.0_312]
20:44:58.219 | INFO  | |> Starting concrete execution for remaining state: com.google.common.util.concurrent.SimpleTimeLimiter.runUninterruptiblyWithTimeout(Runnable, long, TimeUnit)
20:44:59.420 | INFO  | (X) Cancelling concrete execution: com.google.common.util.concurrent.SimpleTimeLimiter.runUninterruptiblyWithTimeout(Runnable, long, TimeUnit)
20:44:59.803 | INFO  | Finished (in 7.103 sec): method com.google.common.util.concurrent.SimpleTimeLimiter.runUninterruptiblyWithTimeout(Runnable, long, TimeUnit) 
<StatsForMethod> :
	#generatedTC=0
	FAILED 1 time(s) with 1 different exception(s)"
20:44:59.924 | DEBUG |  ... 
20:44:59.925 | INFO  | Started: method com.google.common.util.concurrent.SimpleTimeLimiter.callWithTimeout(Callable, long, TimeUnit)
20:44:59.925 | INFO  |  -- Remaining time budget: 80139 ms, #remaining_methods: 12, budget for method: 6678 ms, solver timeout: 1000 ms, budget for symbolic execution: 5478 ms, budget for concrete execution: 1200 ms,  -- 
20:44:59.932 | ERROR | Symbolic execution FAILED
com.huawei.utbot.instrumentation.util.ChildProcessError: Error in the child process |> java.lang.IllegalAccessException: Class com.huawei.utbot.framework.concrete.MockValueConstructor can not access a member of class java.util.concurrent.TimeUnit with modifiers "private"
	at sun.reflect.Reflection.ensureMemberAccess(Reflection.java:102)
	at java.lang.reflect.AccessibleObject.slowCheckMemberAccess(AccessibleObject.java:296)
	at java.lang.reflect.AccessibleObject.checkAccess(AccessibleObject.java:288)
	at java.lang.reflect.Constructor.newInstance(Constructor.java:413)
	at com.huawei.utbot.framework.concrete.MockValueConstructor.call(MockValueConstructor.kt:414)
	at com.huawei.utbot.framework.concrete.MockValueConstructor.updateWithExecutableCallModel(MockValueConstructor.kt:353)
	at com.huawei.utbot.framework.concrete.MockValueConstructor.constructFromAssembleModel(MockValueConstructor.kt:332)
	at com.huawei.utbot.framework.concrete.MockValueConstructor.construct(MockValueConstructor.kt:126)
	at com.huawei.utbot.framework.concrete.MockValueConstructor.constructMethodParameters(MockValueConstructor.kt:101)
	at com.huawei.utbot.framework.concrete.UtExecutionInstrumentation.invoke(UtExecutionInstrumentation.kt:126)
	at com.huawei.utbot.framework.concrete.UtExecutionInstrumentation.invoke(UtExecutionInstrumentation.kt:96)
	at com.huawei.utbot.instrumentation.process.ChildProcessKt.loop(ChildProcess.kt:114)
	at com.huawei.utbot.instrumentation.process.ChildProcessKt.main(ChildProcess.kt:76)
	at com.huawei.utbot.instrumentation.process.ChildProcessKt.main(ChildProcess.kt)

	at com.huawei.utbot.instrumentation.ConcreteExecutor.executeAsync(ConcreteExecutor.kt:391) ~[utbot-junit-contest-1.0.jar:?]
	at com.huawei.utbot.instrumentation.ConcreteExecutor$executeAsync$1.invokeSuspend(ConcreteExecutor.kt) ~[utbot-junit-contest-1.0.jar:?]
	at kotlin.coroutines.jvm.internal.BaseContinuationImpl.resumeWith(ContinuationImpl.kt:33) [utbot-junit-contest-1.0.jar:?]
	at kotlinx.coroutines.DispatchedTask.run(DispatchedTask.kt:106) [utbot-junit-contest-1.0.jar:?]
	at java.util.concurrent.Executors$RunnableAdapter.call(Executors.java:511) [?:1.8.0_312]
	at java.util.concurrent.FutureTask.run(FutureTask.java:266) [?:1.8.0_312]
	at java.util.concurrent.ScheduledThreadPoolExecutor$ScheduledFutureTask.access$201(ScheduledThreadPoolExecutor.java:180) [?:1.8.0_312]
	at java.util.concurrent.ScheduledThreadPoolExecutor$ScheduledFutureTask.run(ScheduledThreadPoolExecutor.java:293) [?:1.8.0_312]
	at java.util.concurrent.ThreadPoolExecutor.runWorker(ThreadPoolExecutor.java:1149) [?:1.8.0_312]
	at java.util.concurrent.ThreadPoolExecutor$Worker.run(ThreadPoolExecutor.java:624) [?:1.8.0_312]
	at java.lang.Thread.run(Thread.java:748) [?:1.8.0_312]
20:45:05.403 | INFO  | |> Starting concrete execution for remaining state: com.google.common.util.concurrent.SimpleTimeLimiter.callWithTimeout(Callable, long, TimeUnit)
20:45:06.604 | INFO  | (X) Cancelling concrete execution: com.google.common.util.concurrent.SimpleTimeLimiter.callWithTimeout(Callable, long, TimeUnit)
20:45:06.944 | INFO  | Finished (in 7.019 sec): method com.google.common.util.concurrent.SimpleTimeLimiter.callWithTimeout(Callable, long, TimeUnit) 
<StatsForMethod> :
	#generatedTC=0
	FAILED 1 time(s) with 1 different exception(s)"
20:45:06.952 | DEBUG |  ... 
20:45:06.953 | INFO  | Started: method com.google.common.util.concurrent.SimpleTimeLimiter.callWithTimeout(Callable, long, TimeUnit, boolean)
20:45:06.953 | INFO  |  -- Remaining time budget: 73111 ms, #remaining_methods: 11, budget for method: 6646 ms, solver timeout: 1000 ms, budget for symbolic execution: 5446 ms, budget for concrete execution: 1200 ms,  -- 
20:45:06.960 | ERROR | Symbolic execution FAILED
com.huawei.utbot.instrumentation.util.ChildProcessError: Error in the child process |> java.lang.IllegalAccessException: Class com.huawei.utbot.framework.concrete.MockValueConstructor can not access a member of class java.util.concurrent.TimeUnit with modifiers "private"
	at sun.reflect.Reflection.ensureMemberAccess(Reflection.java:102)
	at java.lang.reflect.AccessibleObject.slowCheckMemberAccess(AccessibleObject.java:296)
	at java.lang.reflect.AccessibleObject.checkAccess(AccessibleObject.java:288)
	at java.lang.reflect.Constructor.newInstance(Constructor.java:413)
	at com.huawei.utbot.framework.concrete.MockValueConstructor.call(MockValueConstructor.kt:414)
	at com.huawei.utbot.framework.concrete.MockValueConstructor.updateWithExecutableCallModel(MockValueConstructor.kt:353)
	at com.huawei.utbot.framework.concrete.MockValueConstructor.constructFromAssembleModel(MockValueConstructor.kt:332)
	at com.huawei.utbot.framework.concrete.MockValueConstructor.construct(MockValueConstructor.kt:126)
	at com.huawei.utbot.framework.concrete.MockValueConstructor.constructMethodParameters(MockValueConstructor.kt:101)
	at com.huawei.utbot.framework.concrete.UtExecutionInstrumentation.invoke(UtExecutionInstrumentation.kt:126)
	at com.huawei.utbot.framework.concrete.UtExecutionInstrumentation.invoke(UtExecutionInstrumentation.kt:96)
	at com.huawei.utbot.instrumentation.process.ChildProcessKt.loop(ChildProcess.kt:114)
	at com.huawei.utbot.instrumentation.process.ChildProcessKt.main(ChildProcess.kt:76)
	at com.huawei.utbot.instrumentation.process.ChildProcessKt.main(ChildProcess.kt)

	at com.huawei.utbot.instrumentation.ConcreteExecutor.executeAsync(ConcreteExecutor.kt:391) ~[utbot-junit-contest-1.0.jar:?]
	at com.huawei.utbot.instrumentation.ConcreteExecutor$executeAsync$1.invokeSuspend(ConcreteExecutor.kt) ~[utbot-junit-contest-1.0.jar:?]
	at kotlin.coroutines.jvm.internal.BaseContinuationImpl.resumeWith(ContinuationImpl.kt:33) [utbot-junit-contest-1.0.jar:?]
	at kotlinx.coroutines.DispatchedTask.run(DispatchedTask.kt:106) [utbot-junit-contest-1.0.jar:?]
	at java.util.concurrent.Executors$RunnableAdapter.call(Executors.java:511) [?:1.8.0_312]
	at java.util.concurrent.FutureTask.run(FutureTask.java:266) [?:1.8.0_312]
	at java.util.concurrent.ScheduledThreadPoolExecutor$ScheduledFutureTask.access$201(ScheduledThreadPoolExecutor.java:180) [?:1.8.0_312]
	at java.util.concurrent.ScheduledThreadPoolExecutor$ScheduledFutureTask.run(ScheduledThreadPoolExecutor.java:293) [?:1.8.0_312]
	at java.util.concurrent.ThreadPoolExecutor.runWorker(ThreadPoolExecutor.java:1149) [?:1.8.0_312]
	at java.util.concurrent.ThreadPoolExecutor$Worker.run(ThreadPoolExecutor.java:624) [?:1.8.0_312]
	at java.lang.Thread.run(Thread.java:748) [?:1.8.0_312]
20:45:12.399 | INFO  | |> Starting concrete execution for remaining state: com.google.common.util.concurrent.SimpleTimeLimiter.callWithTimeout(Callable, long, TimeUnit, boolean)
20:45:13.600 | INFO  | (X) Cancelling concrete execution: com.google.common.util.concurrent.SimpleTimeLimiter.callWithTimeout(Callable, long, TimeUnit, boolean)
20:45:13.856 | INFO  | Finished (in 6.903 sec): method com.google.common.util.concurrent.SimpleTimeLimiter.callWithTimeout(Callable, long, TimeUnit, boolean) 
<StatsForMethod> :
	#generatedTC=0
	FAILED 1 time(s) with 1 different exception(s)"
20:45:13.990 | DEBUG |  ... 
20:45:13.991 | INFO  | Started: method com.google.common.util.concurrent.SimpleTimeLimiter.newProxy(T, Class, long, TimeUnit)
20:45:13.991 | INFO  |  -- Remaining time budget: 66073 ms, #remaining_methods: 10, budget for method: 6607 ms, solver timeout: 1000 ms, budget for symbolic execution: 5407 ms, budget for concrete execution: 1200 ms,  -- 
20:45:13.999 | ERROR | Symbolic execution FAILED
com.huawei.utbot.instrumentation.util.ChildProcessError: Error in the child process |> java.lang.IllegalAccessException: java.lang.Class
	at sun.misc.Unsafe.allocateInstance(Native Method)
	at com.huawei.utbot.framework.util.EngineUtilsKt.getAnyInstance(EngineUtils.kt:61)
	at com.huawei.utbot.framework.concrete.MockValueConstructor.constructObject(MockValueConstructor.kt:158)
	at com.huawei.utbot.framework.concrete.MockValueConstructor.construct(MockValueConstructor.kt:124)
	at com.huawei.utbot.framework.concrete.MockValueConstructor.constructMethodParameters(MockValueConstructor.kt:101)
	at com.huawei.utbot.framework.concrete.UtExecutionInstrumentation.invoke(UtExecutionInstrumentation.kt:126)
	at com.huawei.utbot.framework.concrete.UtExecutionInstrumentation.invoke(UtExecutionInstrumentation.kt:96)
	at com.huawei.utbot.instrumentation.process.ChildProcessKt.loop(ChildProcess.kt:114)
	at com.huawei.utbot.instrumentation.process.ChildProcessKt.main(ChildProcess.kt:76)
	at com.huawei.utbot.instrumentation.process.ChildProcessKt.main(ChildProcess.kt)

	at com.huawei.utbot.instrumentation.ConcreteExecutor.executeAsync(ConcreteExecutor.kt:391) ~[utbot-junit-contest-1.0.jar:?]
	at com.huawei.utbot.instrumentation.ConcreteExecutor$executeAsync$1.invokeSuspend(ConcreteExecutor.kt) ~[utbot-junit-contest-1.0.jar:?]
	at kotlin.coroutines.jvm.internal.BaseContinuationImpl.resumeWith(ContinuationImpl.kt:33) [utbot-junit-contest-1.0.jar:?]
	at kotlinx.coroutines.DispatchedTask.run(DispatchedTask.kt:106) [utbot-junit-contest-1.0.jar:?]
	at java.util.concurrent.Executors$RunnableAdapter.call(Executors.java:511) [?:1.8.0_312]
	at java.util.concurrent.FutureTask.run(FutureTask.java:266) [?:1.8.0_312]
	at java.util.concurrent.ScheduledThreadPoolExecutor$ScheduledFutureTask.access$201(ScheduledThreadPoolExecutor.java:180) [?:1.8.0_312]
	at java.util.concurrent.ScheduledThreadPoolExecutor$ScheduledFutureTask.run(ScheduledThreadPoolExecutor.java:293) [?:1.8.0_312]
	at java.util.concurrent.ThreadPoolExecutor.runWorker(ThreadPoolExecutor.java:1149) [?:1.8.0_312]
	at java.util.concurrent.ThreadPoolExecutor$Worker.run(ThreadPoolExecutor.java:624) [?:1.8.0_312]
	at java.lang.Thread.run(Thread.java:748) [?:1.8.0_312]
20:45:15.173 | DEBUG | --new testCase collected, to generate: testCom.google.common.util.concurrent.SimpleTimeLimiter.newProxy(T, Class, long, TimeUnit)1
20:45:15.982 | DEBUG | --new testCase collected, to generate: testCom.google.common.util.concurrent.SimpleTimeLimiter.newProxy(T, Class, long, TimeUnit)2
20:45:19.398 | INFO  | |> Starting concrete execution for remaining state: com.google.common.util.concurrent.SimpleTimeLimiter.newProxy(T, Class, long, TimeUnit)
20:45:20.599 | INFO  | (X) Cancelling concrete execution: com.google.common.util.concurrent.SimpleTimeLimiter.newProxy(T, Class, long, TimeUnit)
20:45:20.875 | INFO  | Finished (in 6.884 sec): method com.google.common.util.concurrent.SimpleTimeLimiter.newProxy(T, Class, long, TimeUnit) 
<StatsForMethod> :
	#generatedTC=2
	FAILED 1 time(s) with 1 different exception(s)"
20:45:21.108 | DEBUG |  ... 
20:45:21.108 | INFO  | Started: method com.google.common.util.concurrent.SimpleTimeLimiter.wrapAndThrowExecutionExceptionOrError(Throwable)
20:45:21.109 | INFO  |  -- Remaining time budget: 58956 ms, #remaining_methods: 9, budget for method: 6550 ms, solver timeout: 1000 ms, budget for symbolic execution: 5350 ms, budget for concrete execution: 1200 ms,  -- 
20:45:21.147 | DEBUG | --new testCase collected, to generate: testCom.google.common.util.concurrent.SimpleTimeLimiter.wrapAndThrowExecutionExceptionOrError(Throwable)1
20:45:21.236 | DEBUG | --new testCase collected, to generate: testCom.google.common.util.concurrent.SimpleTimeLimiter.wrapAndThrowExecutionExceptionOrError(Throwable)2
20:45:21.455 | DEBUG | --new testCase collected, to generate: testCom.google.common.util.concurrent.SimpleTimeLimiter.wrapAndThrowExecutionExceptionOrError(Throwable)3
20:45:21.469 | DEBUG | --new testCase collected, to generate: testCom.google.common.util.concurrent.SimpleTimeLimiter.wrapAndThrowExecutionExceptionOrError(Throwable)4
20:45:21.470 | INFO  | Finished (in 0.361 sec): method com.google.common.util.concurrent.SimpleTimeLimiter.wrapAndThrowExecutionExceptionOrError(Throwable) 
<StatsForMethod> :
	#generatedTC=4
	WITH NO EXCEPTIONS
20:45:21.471 | DEBUG |  ... 
20:45:21.472 | INFO  | Started: method com.google.common.util.concurrent.SimpleTimeLimiter.wrapAndThrowRuntimeExecutionExceptionOrError(Throwable)
20:45:21.472 | INFO  |  -- Remaining time budget: 58593 ms, #remaining_methods: 8, budget for method: 7324 ms, solver timeout: 1000 ms, budget for symbolic execution: 6124 ms, budget for concrete execution: 1200 ms,  -- 
20:45:21.480 | DEBUG | --new testCase collected, to generate: testCom.google.common.util.concurrent.SimpleTimeLimiter.wrapAndThrowRuntimeExecutionExceptionOrError(Throwable)1
20:45:21.558 | DEBUG | --new testCase collected, to generate: testCom.google.common.util.concurrent.SimpleTimeLimiter.wrapAndThrowRuntimeExecutionExceptionOrError(Throwable)2
20:45:21.640 | DEBUG | --new testCase collected, to generate: testCom.google.common.util.concurrent.SimpleTimeLimiter.wrapAndThrowRuntimeExecutionExceptionOrError(Throwable)3
20:45:21.641 | INFO  | Finished (in 0.169 sec): method com.google.common.util.concurrent.SimpleTimeLimiter.wrapAndThrowRuntimeExecutionExceptionOrError(Throwable) 
<StatsForMethod> :
	#generatedTC=3
	WITH NO EXCEPTIONS
20:45:21.642 | DEBUG |  ... 
20:45:21.643 | INFO  | Started: method com.google.common.util.concurrent.SimpleTimeLimiter.create(ExecutorService)
20:45:21.643 | INFO  |  -- Remaining time budget: 58421 ms, #remaining_methods: 7, budget for method: 8345 ms, solver timeout: 1000 ms, budget for symbolic execution: 7145 ms, budget for concrete execution: 1200 ms,  -- 
20:45:21.656 | DEBUG | --new testCase collected, to generate: testCom.google.common.util.concurrent.SimpleTimeLimiter.create(ExecutorService)1
20:45:21.968 | DEBUG | --new testCase collected, to generate: testCom.google.common.util.concurrent.SimpleTimeLimiter.create(ExecutorService)2
20:45:22.070 | DEBUG | --new testCase collected, to generate: testCom.google.common.util.concurrent.SimpleTimeLimiter.create(ExecutorService)3
20:45:22.070 | INFO  | Finished (in 0.427 sec): method com.google.common.util.concurrent.SimpleTimeLimiter.create(ExecutorService) 
<StatsForMethod> :
	#generatedTC=3
	WITH NO EXCEPTIONS
20:45:22.085 | DEBUG |  ... 
20:45:22.086 | INFO  | Started: method com.google.common.util.concurrent.SimpleTimeLimiter.throwCause(Exception, boolean)
20:45:22.086 | INFO  |  -- Remaining time budget: 57978 ms, #remaining_methods: 6, budget for method: 9663 ms, solver timeout: 1000 ms, budget for symbolic execution: 8463 ms, budget for concrete execution: 1200 ms,  -- 
20:45:22.097 | DEBUG | --new testCase collected, to generate: testCom.google.common.util.concurrent.SimpleTimeLimiter.throwCause(Exception, boolean)1
20:45:22.131 | DEBUG | --new testCase collected, to generate: testCom.google.common.util.concurrent.SimpleTimeLimiter.throwCause(Exception, boolean)2
20:45:22.394 | DEBUG | --new testCase collected, to generate: testCom.google.common.util.concurrent.SimpleTimeLimiter.throwCause(Exception, boolean)3
20:45:22.709 | ERROR | Symbolic execution FAILED
java.lang.IllegalStateException: RefType [Ljava.lang.StackTraceElement; not loaded. If you tried to get the RefType of a library class, did you call loadNecessaryClasses()? Otherwise please check Soot's classpath.
	at soot.Scene.getRefType(Scene.java:1096) ~[utbot-junit-contest-1.0.jar:?]
	at com.huawei.utbot.engine.ResolverKt$toMethodResult$9$1.invoke(Resolver.kt:990) ~[utbot-junit-contest-1.0.jar:?]
	at com.huawei.utbot.engine.ResolverKt$toMethodResult$9$1.invoke(Resolver.kt) ~[utbot-junit-contest-1.0.jar:?]
	at com.huawei.utbot.engine.UtBotSymbolicEngine.asMethodResult$utbot_framework(UtBotSymbolicEngine.kt:3169) ~[utbot-junit-contest-1.0.jar:?]
	at com.huawei.utbot.engine.ResolverKt.toMethodResult(Resolver.kt:989) ~[utbot-junit-contest-1.0.jar:?]
	at com.huawei.utbot.engine.UtBotSymbolicEngine.processStaticFieldConcretely(UtBotSymbolicEngine.kt:814) ~[utbot-junit-contest-1.0.jar:?]
	at com.huawei.utbot.engine.UtBotSymbolicEngine.processStaticInitializer(UtBotSymbolicEngine.kt:710) ~[utbot-junit-contest-1.0.jar:?]
	at com.huawei.utbot.engine.UtBotSymbolicEngine.processStaticInitializerIfRequired(UtBotSymbolicEngine.kt:664) ~[utbot-junit-contest-1.0.jar:?]
	at com.huawei.utbot.engine.UtBotSymbolicEngine.doPreparatoryWorkIfRequired(UtBotSymbolicEngine.kt:637) ~[utbot-junit-contest-1.0.jar:?]
	at com.huawei.utbot.engine.UtBotSymbolicEngine.traverseStmt(UtBotSymbolicEngine.kt:601) ~[utbot-junit-contest-1.0.jar:?]
	at com.huawei.utbot.engine.UtBotSymbolicEngine$traverse$1.invokeSuspend(UtBotSymbolicEngine.kt:464) [utbot-junit-contest-1.0.jar:?]
	at com.huawei.utbot.engine.UtBotSymbolicEngine$traverse$1.invoke(UtBotSymbolicEngine.kt) [utbot-junit-contest-1.0.jar:?]
	at kotlinx.coroutines.flow.SafeFlow.collectSafely(Builders.kt:61) [utbot-junit-contest-1.0.jar:?]
	at kotlinx.coroutines.flow.AbstractFlow.collect(Flow.kt:212) [utbot-junit-contest-1.0.jar:?]
	at kotlinx.coroutines.flow.FlowKt__MergeKt$flattenConcat$$inlined$unsafeFlow$1$lambda$1.emit(Collect.kt:134) [utbot-junit-contest-1.0.jar:?]
	at kotlinx.coroutines.flow.FlowKt__BuildersKt$flowOf$$inlined$unsafeFlow$1.collect(SafeCollector.common.kt:114) [utbot-junit-contest-1.0.jar:?]
	at kotlinx.coroutines.flow.FlowKt__BuildersKt$flowOf$$inlined$unsafeFlow$1$1.invokeSuspend(Unknown Source) [utbot-junit-contest-1.0.jar:?]
	at kotlin.coroutines.jvm.internal.BaseContinuationImpl.resumeWith(ContinuationImpl.kt:33) [utbot-junit-contest-1.0.jar:?]
	at kotlinx.coroutines.DispatchedTask.run(DispatchedTask.kt:106) [utbot-junit-contest-1.0.jar:?]
	at java.util.concurrent.Executors$RunnableAdapter.call(Executors.java:511) [?:1.8.0_312]
	at java.util.concurrent.FutureTask.run(FutureTask.java:266) [?:1.8.0_312]
	at java.util.concurrent.ScheduledThreadPoolExecutor$ScheduledFutureTask.access$201(ScheduledThreadPoolExecutor.java:180) [?:1.8.0_312]
	at java.util.concurrent.ScheduledThreadPoolExecutor$ScheduledFutureTask.run(ScheduledThreadPoolExecutor.java:293) [?:1.8.0_312]
	at java.util.concurrent.ThreadPoolExecutor.runWorker(ThreadPoolExecutor.java:1149) [?:1.8.0_312]
	at java.util.concurrent.ThreadPoolExecutor$Worker.run(ThreadPoolExecutor.java:624) [?:1.8.0_312]
	at java.lang.Thread.run(Thread.java:748) [?:1.8.0_312]
20:45:22.888 | DEBUG | --new testCase collected, to generate: testCom.google.common.util.concurrent.SimpleTimeLimiter.throwCause(Exception, boolean)4
20:45:22.938 | DEBUG | --new testCase collected, to generate: testCom.google.common.util.concurrent.SimpleTimeLimiter.throwCause(Exception, boolean)5
20:45:23.085 | DEBUG | --new testCase collected, to generate: testCom.google.common.util.concurrent.SimpleTimeLimiter.throwCause(Exception, boolean)6
20:45:23.217 | DEBUG | --new testCase collected, to generate: testCom.google.common.util.concurrent.SimpleTimeLimiter.throwCause(Exception, boolean)7
20:45:23.489 | ERROR | Symbolic execution FAILED ... <<stack trace duplicated>>
20:45:23.756 | DEBUG | --new testCase collected, to generate: testCom.google.common.util.concurrent.SimpleTimeLimiter.throwCause(Exception, boolean)8
20:45:23.902 | ERROR | Symbolic execution FAILED ... <<stack trace duplicated>>
20:45:24.169 | DEBUG | --new testCase collected, to generate: testCom.google.common.util.concurrent.SimpleTimeLimiter.throwCause(Exception, boolean)9
20:45:24.308 | ERROR | Symbolic execution FAILED ... <<stack trace duplicated>>
20:45:24.441 | DEBUG | --new testCase collected, to generate: testCom.google.common.util.concurrent.SimpleTimeLimiter.throwCause(Exception, boolean)10
20:45:24.718 | ERROR | Symbolic execution FAILED ... <<stack trace duplicated>>
20:45:24.733 | INFO  | Finished (in 2.647 sec): method com.google.common.util.concurrent.SimpleTimeLimiter.throwCause(Exception, boolean) 
<StatsForMethod> :
	#generatedTC=10
	FAILED 5 time(s) with 1 different exception(s)"
20:45:24.764 | DEBUG |  ... 
20:45:24.765 | INFO  | Started: method com.google.common.util.concurrent.SimpleTimeLimiter.findInterruptibleMethods(Class)
20:45:24.765 | INFO  |  -- Remaining time budget: 55299 ms, #remaining_methods: 5, budget for method: 11059 ms, solver timeout: 1000 ms, budget for symbolic execution: 9859 ms, budget for concrete execution: 1200 ms,  -- 
20:45:24.770 | ERROR | Symbolic execution FAILED
com.huawei.utbot.instrumentation.util.ChildProcessError: Error in the child process |> java.lang.IllegalAccessException: java.lang.Class
	at sun.misc.Unsafe.allocateInstance(Native Method)
	at com.huawei.utbot.framework.util.EngineUtilsKt.getAnyInstance(EngineUtils.kt:61)
	at com.huawei.utbot.framework.concrete.MockValueConstructor.constructObject(MockValueConstructor.kt:158)
	at com.huawei.utbot.framework.concrete.MockValueConstructor.construct(MockValueConstructor.kt:124)
	at com.huawei.utbot.framework.concrete.MockValueConstructor.constructMethodParameters(MockValueConstructor.kt:101)
	at com.huawei.utbot.framework.concrete.UtExecutionInstrumentation.invoke(UtExecutionInstrumentation.kt:126)
	at com.huawei.utbot.framework.concrete.UtExecutionInstrumentation.invoke(UtExecutionInstrumentation.kt:96)
	at com.huawei.utbot.instrumentation.process.ChildProcessKt.loop(ChildProcess.kt:114)
	at com.huawei.utbot.instrumentation.process.ChildProcessKt.main(ChildProcess.kt:76)
	at com.huawei.utbot.instrumentation.process.ChildProcessKt.main(ChildProcess.kt)

	at com.huawei.utbot.instrumentation.ConcreteExecutor.executeAsync(ConcreteExecutor.kt:391) ~[utbot-junit-contest-1.0.jar:?]
	at com.huawei.utbot.instrumentation.ConcreteExecutor$executeAsync$1.invokeSuspend(ConcreteExecutor.kt) ~[utbot-junit-contest-1.0.jar:?]
	at kotlin.coroutines.jvm.internal.BaseContinuationImpl.resumeWith(ContinuationImpl.kt:33) [utbot-junit-contest-1.0.jar:?]
	at kotlinx.coroutines.DispatchedTask.run(DispatchedTask.kt:106) [utbot-junit-contest-1.0.jar:?]
	at java.util.concurrent.Executors$RunnableAdapter.call(Executors.java:511) [?:1.8.0_312]
	at java.util.concurrent.FutureTask.run(FutureTask.java:266) [?:1.8.0_312]
	at java.util.concurrent.ScheduledThreadPoolExecutor$ScheduledFutureTask.access$201(ScheduledThreadPoolExecutor.java:180) [?:1.8.0_312]
	at java.util.concurrent.ScheduledThreadPoolExecutor$ScheduledFutureTask.run(ScheduledThreadPoolExecutor.java:293) [?:1.8.0_312]
	at java.util.concurrent.ThreadPoolExecutor.runWorker(ThreadPoolExecutor.java:1149) [?:1.8.0_312]
	at java.util.concurrent.ThreadPoolExecutor$Worker.run(ThreadPoolExecutor.java:624) [?:1.8.0_312]
	at java.lang.Thread.run(Thread.java:748) [?:1.8.0_312]
20:45:24.838 | DEBUG | --new testCase collected, to generate: testCom.google.common.util.concurrent.SimpleTimeLimiter.findInterruptibleMethods(Class)1
20:45:29.833 | DEBUG | --new testCase collected, to generate: testCom.google.common.util.concurrent.SimpleTimeLimiter.findInterruptibleMethods(Class)2
20:45:29.877 | DEBUG | --new testCase collected, to generate: testCom.google.common.util.concurrent.SimpleTimeLimiter.findInterruptibleMethods(Class)3
20:45:31.196 | DEBUG | --new testCase collected, to generate: testCom.google.common.util.concurrent.SimpleTimeLimiter.findInterruptibleMethods(Class)4
20:45:32.392 | DEBUG | --new testCase collected, to generate: testCom.google.common.util.concurrent.SimpleTimeLimiter.findInterruptibleMethods(Class)5
20:45:34.624 | INFO  | |> Starting concrete execution for remaining state: com.google.common.util.concurrent.SimpleTimeLimiter.findInterruptibleMethods(Class)
20:45:35.826 | INFO  | (X) Cancelling concrete execution: com.google.common.util.concurrent.SimpleTimeLimiter.findInterruptibleMethods(Class)
20:45:35.936 | INFO  | Finished (in 11.171 sec): method com.google.common.util.concurrent.SimpleTimeLimiter.findInterruptibleMethods(Class) 
<StatsForMethod> :
	#generatedTC=5
	FAILED 1 time(s) with 1 different exception(s)"
20:45:36.210 | DEBUG |  ... 
20:45:36.210 | INFO  | Started: method com.google.common.util.concurrent.SimpleTimeLimiter.declaresInterruptedEx(Method)
20:45:36.211 | INFO  |  -- Remaining time budget: 43854 ms, #remaining_methods: 4, budget for method: 10963 ms, solver timeout: 1000 ms, budget for symbolic execution: 9763 ms, budget for concrete execution: 1200 ms,  -- 
20:45:36.228 | DEBUG | --new testCase collected, to generate: testCom.google.common.util.concurrent.SimpleTimeLimiter.declaresInterruptedEx(Method)1
20:45:36.274 | DEBUG | --new testCase collected, to generate: testCom.google.common.util.concurrent.SimpleTimeLimiter.declaresInterruptedEx(Method)2
20:45:36.346 | DEBUG | --new testCase collected, to generate: testCom.google.common.util.concurrent.SimpleTimeLimiter.declaresInterruptedEx(Method)3
20:45:36.382 | DEBUG | --new testCase collected, to generate: testCom.google.common.util.concurrent.SimpleTimeLimiter.declaresInterruptedEx(Method)4
20:45:36.393 | DEBUG | --new testCase collected, to generate: testCom.google.common.util.concurrent.SimpleTimeLimiter.declaresInterruptedEx(Method)5
20:45:36.393 | INFO  | Finished (in 0.182 sec): method com.google.common.util.concurrent.SimpleTimeLimiter.declaresInterruptedEx(Method) 
<StatsForMethod> :
	#generatedTC=5
	WITH NO EXCEPTIONS
20:45:36.400 | DEBUG |  ... 
20:45:36.401 | INFO  | Started: method com.google.common.util.concurrent.SimpleTimeLimiter.checkPositiveTimeout(long)
20:45:36.401 | INFO  |  -- Remaining time budget: 43663 ms, #remaining_methods: 3, budget for method: 14554 ms, solver timeout: 1000 ms, budget for symbolic execution: 13354 ms, budget for concrete execution: 1200 ms,  -- 
20:45:36.410 | DEBUG | --new testCase collected, to generate: testCom.google.common.util.concurrent.SimpleTimeLimiter.checkPositiveTimeout(long)1
20:45:36.463 | DEBUG | --new testCase collected, to generate: testCom.google.common.util.concurrent.SimpleTimeLimiter.checkPositiveTimeout(long)2
20:45:36.469 | DEBUG | --new testCase collected, to generate: testCom.google.common.util.concurrent.SimpleTimeLimiter.checkPositiveTimeout(long)3
20:45:36.469 | INFO  | Finished (in 0.068 sec): method com.google.common.util.concurrent.SimpleTimeLimiter.checkPositiveTimeout(long) 
<StatsForMethod> :
	#generatedTC=3
	WITH NO EXCEPTIONS
20:45:36.471 | DEBUG |  ... 
20:45:36.471 | INFO  | Started: method com.google.common.util.concurrent.SimpleTimeLimiter.newProxy(Class, InvocationHandler)
20:45:36.471 | INFO  |  -- Remaining time budget: 43593 ms, #remaining_methods: 2, budget for method: 21796 ms, solver timeout: 1000 ms, budget for symbolic execution: 20596 ms, budget for concrete execution: 1200 ms,  -- 
20:45:36.477 | ERROR | Symbolic execution FAILED
com.huawei.utbot.instrumentation.util.ChildProcessError: Error in the child process |> java.lang.IllegalAccessException: java.lang.Class
	at sun.misc.Unsafe.allocateInstance(Native Method)
	at com.huawei.utbot.framework.util.EngineUtilsKt.getAnyInstance(EngineUtils.kt:61)
	at com.huawei.utbot.framework.concrete.MockValueConstructor.constructObject(MockValueConstructor.kt:158)
	at com.huawei.utbot.framework.concrete.MockValueConstructor.construct(MockValueConstructor.kt:124)
	at com.huawei.utbot.framework.concrete.MockValueConstructor.constructMethodParameters(MockValueConstructor.kt:101)
	at com.huawei.utbot.framework.concrete.UtExecutionInstrumentation.invoke(UtExecutionInstrumentation.kt:126)
	at com.huawei.utbot.framework.concrete.UtExecutionInstrumentation.invoke(UtExecutionInstrumentation.kt:96)
	at com.huawei.utbot.instrumentation.process.ChildProcessKt.loop(ChildProcess.kt:114)
	at com.huawei.utbot.instrumentation.process.ChildProcessKt.main(ChildProcess.kt:76)
	at com.huawei.utbot.instrumentation.process.ChildProcessKt.main(ChildProcess.kt)

	at com.huawei.utbot.instrumentation.ConcreteExecutor.executeAsync(ConcreteExecutor.kt:391) ~[utbot-junit-contest-1.0.jar:?]
	at com.huawei.utbot.instrumentation.ConcreteExecutor$executeAsync$1.invokeSuspend(ConcreteExecutor.kt) ~[utbot-junit-contest-1.0.jar:?]
	at kotlin.coroutines.jvm.internal.BaseContinuationImpl.resumeWith(ContinuationImpl.kt:33) [utbot-junit-contest-1.0.jar:?]
	at kotlinx.coroutines.DispatchedTask.run(DispatchedTask.kt:106) [utbot-junit-contest-1.0.jar:?]
	at java.util.concurrent.Executors$RunnableAdapter.call(Executors.java:511) [?:1.8.0_312]
	at java.util.concurrent.FutureTask.run(FutureTask.java:266) [?:1.8.0_312]
	at java.util.concurrent.ScheduledThreadPoolExecutor$ScheduledFutureTask.access$201(ScheduledThreadPoolExecutor.java:180) [?:1.8.0_312]
	at java.util.concurrent.ScheduledThreadPoolExecutor$ScheduledFutureTask.run(ScheduledThreadPoolExecutor.java:293) [?:1.8.0_312]
	at java.util.concurrent.ThreadPoolExecutor.runWorker(ThreadPoolExecutor.java:1149) [?:1.8.0_312]
	at java.util.concurrent.ThreadPoolExecutor$Worker.run(ThreadPoolExecutor.java:624) [?:1.8.0_312]
	at java.lang.Thread.run(Thread.java:748) [?:1.8.0_312]
20:45:36.531 | DEBUG | --new testCase collected, to generate: testCom.google.common.util.concurrent.SimpleTimeLimiter.newProxy(Class, InvocationHandler)1
20:45:36.886 | DEBUG | --new testCase collected, to generate: testCom.google.common.util.concurrent.SimpleTimeLimiter.newProxy(Class, InvocationHandler)2
20:45:48.998 | INFO  | Finished (in 12.527 sec): method com.google.common.util.concurrent.SimpleTimeLimiter.newProxy(Class, InvocationHandler) 
<StatsForMethod> :
	#generatedTC=2
	FAILED 1 time(s) with 1 different exception(s)"
20:45:49.334 | DEBUG |  ... 
20:45:49.335 | INFO  | Started: method com.google.common.util.concurrent.SimpleTimeLimiter.<init>(ExecutorService)
20:45:49.335 | INFO  |  -- Remaining time budget: 30729 ms, #remaining_methods: 1, budget for method: 30729 ms, solver timeout: 1000 ms, budget for symbolic execution: 29529 ms, budget for concrete execution: 1200 ms,  -- 
20:45:49.340 | DEBUG | --new testCase collected, to generate: testCom.google.common.util.concurrent.SimpleTimeLimiter.<init>(ExecutorService)1
20:45:49.514 | DEBUG | --new testCase collected, to generate: testCom.google.common.util.concurrent.SimpleTimeLimiter.<init>(ExecutorService)2
20:45:49.596 | DEBUG | --new testCase collected, to generate: testCom.google.common.util.concurrent.SimpleTimeLimiter.<init>(ExecutorService)3
20:45:49.596 | INFO  | Finished (in 0.261 sec): method com.google.common.util.concurrent.SimpleTimeLimiter.<init>(ExecutorService) 
<StatsForMethod> :
	#generatedTC=3
	WITH NO EXCEPTIONS
20:45:49.603 | INFO  | Started: Flushing tests for [SimpleTimeLimiter] on disk
20:45:49.953 | INFO  | File size for SimpleTimeLimiterTest: 50 KB
20:45:49.955 | INFO  | Finished (in 0.351 sec): Flushing tests for [SimpleTimeLimiter] on disk 
20:45:49.956 | INFO  | Finished (in 71.869 sec): class com.google.common.util.concurrent.SimpleTimeLimiter 
<StatsForClass> :
	canceled by timeout = false
	#methods = 15, 
	#methods started symbolic exploration = 15
	#methods with at least one TC = 10
	#methods with exceptions = 9
	#generated TC = 40
	#coverage = null
[READY]
