Started process (ordinal=1): 
	/usr/bin/java
	-DutBotMockStrategyApi=OTHER_CLASSES
	-cp
	libs/utbot-junit-contest-1.0.jar:libs/mockito-core-4.2.0.jar:libs/mockito-inline-4.2.0.jar::lib/commons-exec-1.2.jar:libs/utbot-instrumentation-1.0-SNAPSHOT.jar:/var/benchmarks/projects/seata/core/target/classes:/var/benchmarks/projects/seata/core/target/seata-core-0.5.0.jar:/var/benchmarks/projects/./seata/core/target/dependency/mockito-core-2.23.4.jar:/var/benchmarks/projects/seata/core/target/dependency/byte-buddy-agent-1.9.3.jar:/var/benchmarks/projects/seata/core/target/dependency/assertj-core-2.6.0.jar:/var/benchmarks/projects/seata/core/target/dependency/seata-common-0.5.0.jar:/var/benchmarks/projects/seata/core/target/dependency/byte-buddy-1.9.3.jar:/var/benchmarks/projects/seata/core/target/dependency/objenesis-2.6.jar:/var/benchmarks/projects/seata/core/target/dependency/seata-discovery-core-0.5.0.jar:/var/benchmarks/projects/seata/core/target/dependency/commons-pool2-2.4.2.jar:/var/benchmarks/projects/seata/core/target/dependency/junit-4.12.jar:/var/benchmarks/projects/seata/core/target/dependency/hamcrest-core-1.3.jar:/var/benchmarks/projects/seata/core/target/dependency/slf4j-api-1.7.22.jar:/var/benchmarks/projects/seata/core/target/dependency/seata-config-core-0.5.0.jar:/var/benchmarks/projects/seata/core/target/dependency/netty-all-4.1.24.Final.jar:/var/benchmarks/projects/seata/core/target/dependency/commons-lang-2.6.jar:/var/benchmarks/projects/seata/core/target/dependency/fastjson-1.2.48.jar:/var/benchmarks/projects/seata/core/target/dependency/config-1.2.1.jar:/var/benchmarks/projects/seata/core/target/dependency/commons-pool-1.6.jar
	com.huawei.utbot.contest.ContestKt
	/var/benchmarks/projects/seata/core/target/classes
	/var/benchmarks/projects/seata/core/target/classes:/var/benchmarks/projects/seata/core/target/seata-core-0.5.0.jar:/var/benchmarks/projects/./seata/core/target/dependency/mockito-core-2.23.4.jar:/var/benchmarks/projects/seata/core/target/dependency/byte-buddy-agent-1.9.3.jar:/var/benchmarks/projects/seata/core/target/dependency/assertj-core-2.6.0.jar:/var/benchmarks/projects/seata/core/target/dependency/seata-common-0.5.0.jar:/var/benchmarks/projects/seata/core/target/dependency/byte-buddy-1.9.3.jar:/var/benchmarks/projects/seata/core/target/dependency/objenesis-2.6.jar:/var/benchmarks/projects/seata/core/target/dependency/seata-discovery-core-0.5.0.jar:/var/benchmarks/projects/seata/core/target/dependency/commons-pool2-2.4.2.jar:/var/benchmarks/projects/seata/core/target/dependency/junit-4.12.jar:/var/benchmarks/projects/seata/core/target/dependency/hamcrest-core-1.3.jar:/var/benchmarks/projects/seata/core/target/dependency/slf4j-api-1.7.22.jar:/var/benchmarks/projects/seata/core/target/dependency/seata-config-core-0.5.0.jar:/var/benchmarks/projects/seata/core/target/dependency/netty-all-4.1.24.Final.jar:/var/benchmarks/projects/seata/core/target/dependency/commons-lang-2.6.jar:/var/benchmarks/projects/seata/core/target/dependency/fastjson-1.2.48.jar:/var/benchmarks/projects/seata/core/target/dependency/config-1.2.1.jar:/var/benchmarks/projects/seata/core/target/dependency/commons-pool-1.6.jar
	/home/utbot_mocks/temp/testcases

Started RUN  io.seata.core.protocol.transaction.GlobalBeginResponse 30

ERROR HAPPENED, RESTARTING UTBOT
java.io.IOException: No space left on device
	at java.io.FileOutputStream.writeBytes(Native Method)
	at java.io.FileOutputStream.write(FileOutputStream.java:313)
	at kotlin.io.FilesKt__FileReadWriteKt.appendBytes(FileReadWrite.kt:115)
	at kotlin.io.FilesKt__FileReadWriteKt.appendText(FileReadWrite.kt:142)
	at kotlin.io.FilesKt__FileReadWriteKt.appendText$default(FileReadWrite.kt:142)
	at com.huawei.utbot.runtool.UtBotTool2.logUtbotOut(UtBotTool2.kt:66)
	at com.huawei.utbot.runtool.UtBotTool2.run(UtBotTool2.kt:138)
	at sbst.runtool.RunTool.run(RunTool.java:44)
	at sbst.runtool.Main.main(Main.java:19)

Started process (ordinal=2): 
	/usr/bin/java
	-DutBotMockStrategyApi=OTHER_CLASSES
	-cp
	libs/utbot-junit-contest-1.0.jar:libs/mockito-core-4.2.0.jar:libs/mockito-inline-4.2