Started UtBot Contest, classfileDir = /var/benchmarks/projects/fastjson/target/classes, classpathString=/var/benchmarks/projects/fastjson/target/classes:/var/benchmarks/projects/fastjson/target/fastjson-1.2.50-SNAPSHOT.jar:/var/benchmarks/projects/./fastjson/target/dependency/deeptestutils-1.1.0.jar:/var/benchmarks/projects/fastjson/target/dependency/commons-beanutils-1.8.0.jar:/var/benchmarks/projects/fastjson/target/dependency/woodstox-core-asl-4.4.1.jar:/var/benchmarks/projects/fastjson/target/dependency/spring-aop-4.3.7.RELEASE.jar:/var/benchmarks/projects/fastjson/target/dependency/hibernate-core-5.2.10.Final.jar:/var/benchmarks/projects/fastjson/target/dependency/jackson-module-kotlin-2.9.0.jar:/var/benchmarks/projects/fastjson/target/dependency/spring-data-commons-1.13.6.RELEASE.jar:/var/benchmarks/projects/fastjson/target/dependency/javax.annotation-api-1.2.jar:/var/benchmarks/projects/fastjson/target/dependency/gson-2.6.2.jar:/var/benchmarks/projects/fastjson/target/dependency/jetty-continuation-8.1.8.v20121106.jar:/var/benchmarks/projects/fastjson/target/dependency/objenesis-2.5.1.jar:/var/benchmarks/projects/fastjson/target/dependency/powermock-reflect-1.6.6.jar:/var/benchmarks/projects/fastjson/target/dependency/springfox-spring-web-2.6.1.jar:/var/benchmarks/projects/fastjson/target/dependency/javaslang-2.0.6.jar:/var/benchmarks/projects/fastjson/target/dependency/guava-18.0.jar:/var/benchmarks/projects/fastjson/target/dependency/mockito-core-1.10.19.jar:/var/benchmarks/projects/fastjson/target/dependency/json-lib-2.4-jdk15.jar:/var/benchmarks/projects/fastjson/target/dependency/jetty-xml-8.1.8.v20121106.jar:/var/benchmarks/projects/fastjson/target/dependency/xmlschema-core-2.2.1.jar:/var/benchmarks/projects/fastjson/target/dependency/powermock-api-support-1.6.6.jar:/var/benchmarks/projects/fastjson/target/dependency/commons-collections4-4.1.jar:/var/benchmarks/projects/fastjson/target/dependency/cglib-nodep-2.2.2.jar:/var/benchmarks/projects/fastjson/target/dependency/asm-debug-all-5.0.4.jar:/var/benchmarks/projects/fastjson/target/dependency/spring-plugin-core-1.2.0.RELEASE.jar:/var/benchmarks/projects/fastjson/target/dependency/cxf-rt-rs-client-3.1.2.jar:/var/benchmarks/projects/fastjson/target/dependency/jetty-io-8.1.8.v20121106.jar:/var/benchmarks/projects/fastjson/target/dependency/commons-lang3-3.4.jar:/var/benchmarks/projects/fastjson/target/dependency/stax2-api-3.1.4.jar:/var/benchmarks/projects/fastjson/target/dependency/jackson-annotations-2.9.0.jar:/var/benchmarks/projects/fastjson/target/dependency/jetty-server-8.1.8.v20121106.jar:/var/benchmarks/projects/fastjson/target/dependency/json-simple-1.1.1.jar:/var/benchmarks/projects/fastjson/target/dependency/asm-tree-4.0.jar:/var/benchmarks/projects/fastjson/target/dependency/spring-data-commons-core-1.4.1.RELEASE.jar:/var/benchmarks/projects/fastjson/target/dependency/powermock-module-junit4-common-1.6.6.jar:/var/benchmarks/projects/fastjson/target/dependency/jcl-over-slf4j-1.7.25.jar:/var/benchmarks/projects/fastjson/target/dependency/javax.servlet-3.0.0.v201112011016.jar:/var/benchmarks/projects/fastjson/target/dependency/springfox-core-2.6.1.jar:/var/benchmarks/projects/fastjson/target/dependency/osgi-resource-locator-1.0.1.jar:/var/benchmarks/projects/fastjson/target/dependency/javassist-3.18.0-GA.jar:/var/benchmarks/projects/fastjson/target/dependency/kotlin-reflect-1.1.3-2.jar:/var/benchmarks/projects/fastjson/target/dependency/spring-context-support-4.3.10.RELEASE.jar:/var/benchmarks/projects/fastjson/target/dependency/spring-plugin-metadata-1.2.0.RELEASE.jar:/var/benchmarks/projects/fastjson/target/dependency/kotlin-stdlib-1.1.3-2.jar:/var/benchmarks/projects/fastjson/target/dependency/spring-data-keyvalue-1.2.6.RELEASE.jar:/var/benchmarks/projects/fastjson/target/dependency/jersey-container-servlet-core-2.23.2.jar:/var/benchmarks/projects/fastjson/target/dependency/asm-4.0.jar:/var/benchmarks/projects/fastjson/target/dependency/asm-commons-4.0.jar:/var/benchmarks/projects/fastjson/target/dependency/jersey-guava-2.23.2.jar:/var/benchmarks/projects/fastjson/target/dependency/aopalliance-1.0.jar:/var/benchmarks/projects/fastjson/target/dependency/groovy-2.1.5.jar:/var/benchmarks/projects/fastjson/target/dependency/hk2-api-2.5.0-b05.jar:/var/benchmarks/projects/fastjson/target/dependency/jetty-security-8.1.8.v20121106.jar:/var/benchmarks/projects/fastjson/target/dependency/jmh-core-1.21.jar:/var/benchmarks/projects/fastjson/target/dependency/jersey-container-servlet-2.23.2.jar:/var/benchmarks/projects/fastjson/target/dependency/dom4j-1.6.1.jar:/var/benchmarks/projects/fastjson/target/dependency/spring-core-4.3.7.RELEASE.jar:/var/benchmarks/projects/fastjson/target/dependency/spring-data-redis-1.8.6.RELEASE.jar:/var/benchmarks/projects/fastjson/target/dependency/jackson-core-asl-1.9.13.jar:/var/benchmarks/projects/fastjson/target/dependency/jackson-mapper-asl-1.9.13.jar:/var/benchmarks/projects/fastjson/target/dependency/hibernate-jpa-2.1-api-1.0.0.Final.jar:/var/benchmarks/projects/fastjson/target/dependency/junit-4.12.jar:/var/benchmarks/projects/fastjson/target/dependency/commons-io-1.4.jar:/var/benchmarks/projects/fastjson/target/dependency/jetty-util-8.1.8.v20121106.jar:/var/benchmarks/projects/fastjson/target/dependency/hamcrest-core-1.3.jar:/var/benchmarks/projects/fastjson/target/dependency/jmh-generator-annprocess-1.21.jar:/var/benchmarks/projects/fastjson/target/dependency/jackson-jaxrs-base-2.8.7.jar:/var/benchmarks/projects/fastjson/target/dependency/powermock-module-junit4-1.6.6.jar:/var/benchmarks/projects/fastjson/target/dependency/powermock-core-1.6.6.jar:/var/benchmarks/projects/fastjson/target/dependency/slf4j-api-1.7.25.jar:/var/benchmarks/projects/fastjson/target/dependency/antlr-2.7.7.jar:/var/benchmarks/projects/fastjson/target/dependency/mockito-all-1.10.19.jar:/var/benchmarks/projects/fastjson/target/dependency/jersey-container-jdk-http-2.23.2.jar:/var/benchmarks/projects/fastjson/target/dependency/javaslang-match-2.0.6.jar:/var/benchmarks/projects/fastjson/target/dependency/jersey-test-framework-provider-jdk-http-2.23.2.jar:/var/benchmarks/projects/fastjson/target/dependency/jersey-entity-filtering-2.23.2.jar:/var/benchmarks/projects/fastjson/target/dependency/jandex-2.0.3.Final.jar:/var/benchmarks/projects/fastjson/target/dependency/ezmorph-1.0.6.jar:/var/benchmarks/projects/fastjson/target/dependency/jackson-jaxrs-json-provider-2.8.7.jar:/var/benchmarks/projects/fastjson/target/dependency/cxf-rt-transports-http-3.1.2.jar:/var/benchmarks/projects/fastjson/target/dependency/spring-beans-4.3.7.RELEASE.jar:/var/benchmarks/projects/fastjson/target/dependency/jersey-server-2.23.2.jar:/var/benchmarks/projects/fastjson/target/dependency/powermock-api-mockito-1.6.6.jar:/var/benchmarks/projects/fastjson/target/dependency/jackson-module-jaxb-annotations-2.8.7.jar:/var/benchmarks/projects/fastjson/target/dependency/jopt-simple-4.6.jar:/var/benchmarks/projects/fastjson/target/dependency/asm-analysis-4.0.jar:/var/benchmarks/projects/fastjson/target/dependency/annotations-13.0.jar:/var/benchmarks/projects/fastjson/target/dependency/json-path-2.3.0.jar:/var/benchmarks/projects/fastjson/target/dependency/springfox-spi-2.6.1.jar:/var/benchmarks/projects/fastjson/target/dependency/spring-websocket-4.3.7.RELEASE.jar:/var/benchmarks/projects/fastjson/target/dependency/spring-messaging-4.3.7.RELEASE.jar:/var/benchmarks/projects/fastjson/target/dependency/jersey-client-2.23.2.jar:/var/benchmarks/projects/fastjson/target/dependency/javax.ws.rs-api-2.0.1.jar:/var/benchmarks/projects/fastjson/target/dependency/accessors-smart-1.1.jar:/var/benchmarks/projects/fastjson/target/dependency/hibernate-commons-annotations-5.0.1.Final.jar:/var/benchmarks/projects/fastjson/target/dependency/commons-logging-1.1.1.jar:/var/benchmarks/projects/fastjson/target/dependency/jackson-core-2.9.0.jar:/var/benchmarks/projects/fastjson/target/dependency/spring-expression-4.3.7.RELEASE.jar:/var/benchmarks/projects/fastjson/target/dependency/jersey-media-jaxb-2.23.2.jar:/var/benchmarks/projects/fastjson/target/dependency/okhttp-3.6.0.jar:/var/benchmarks/projects/fastjson/target/dependency/commons-math3-3.2.jar:/var/benchmarks/projects/fastjson/target/dependency/jetty-webapp-8.1.8.v20121106.jar:/var/benchmarks/projects/fastjson/target/dependency/javax.inject-2.5.0-b05.jar:/var/benchmarks/projects/fastjson/target/dependency/cxf-core-3.1.2.jar:/var/benchmarks/projects/fastjson/target/dependency/powermock-api-mockito-common-1.6.6.jar:/var/benchmarks/projects/fastjson/target/dependency/jetty-http-8.1.8.v20121106.jar:/var/benchmarks/projects/fastjson/target/dependency/spring-security-config-3.2.10.RELEASE.jar:/var/benchmarks/projects/fastjson/target/dependency/okio-1.11.0.jar:/var/benchmarks/projects/fastjson/target/dependency/javax.servlet-api-3.1.0.jar:/var/benchmarks/projects/fastjson/target/dependency/json-smart-2.2.1.jar:/var/benchmarks/projects/fastjson/target/dependency/spring-tx-4.3.10.RELEASE.jar:/var/benchmarks/projects/fastjson/target/dependency/jackson-module-afterburner-2.9.0.jar:/var/benchmarks/projects/fastjson/target/dependency/asm-util-4.0.jar:/var/benchmarks/projects/fastjson/target/dependency/spring-security-web-4.2.3.RELEASE.jar:/var/benchmarks/projects/fastjson/target/dependency/spring-webmvc-4.3.7.RELEASE.jar:/var/benchmarks/projects/fastjson/target/dependency/hk2-locator-2.5.0-b05.jar:/var/benchmarks/projects/fastjson/target/dependency/retrofit-2.1.0.jar:/var/benchmarks/projects/fastjson/target/dependency/clojure-1.5.1.jar:/var/benchmarks/projects/fastjson/target/dependency/spring-security-oauth2-2.3.3.RELEASE.jar:/var/benchmarks/projects/fastjson/target/dependency/spring-test-4.3.7.RELEASE.jar:/var/benchmarks/projects/fastjson/target/dependency/aopalliance-repackaged-2.5.0-b05.jar:/var/benchmarks/projects/fastjson/target/dependency/spring-oxm-4.3.10.RELEASE.jar:/var/benchmarks/projects/fastjson/target/dependency/spring-security-core-4.2.3.RELEASE.jar:/var/benchmarks/projects/fastjson/target/dependency/jboss-transaction-api_1.2_spec-1.0.1.Final.jar:/var/benchmarks/projects/fastjson/target/dependency/lombok-1.14.4.jar:/var/benchmarks/projects/fastjson/target/dependency/commons-collections-3.2.1.jar:/var/benchmarks/projects/fastjson/target/dependency/cxf-rt-frontend-jaxrs-3.1.2.jar:/var/benchmarks/projects/fastjson/target/dependency/spring-context-4.3.7.RELEASE.jar:/var/benchmarks/projects/fastjson/target/dependency/jersey-test-framework-core-2.23.2.jar:/var/benchmarks/projects/fastjson/target/dependency/classmate-1.3.1.jar:/var/benchmarks/projects/fastjson/target/dependency/hk2-utils-2.5.0-b05.jar:/var/benchmarks/projects/fastjson/target/dependency/jersey-common-2.23.2.jar:/var/benchmarks/projects/fastjson/target/dependency/jackson-databind-2.9.0.jar:/var/benchmarks/projects/fastjson/target/dependency/jersey-media-json-jackson-2.23.2.jar:/var/benchmarks/projects/fastjson/target/dependency/commons-lang-2.5.jar:/var/benchmarks/projects/fastjson/target/dependency/jetty-servlet-8.1.8.v20121106.jar:/var/benchmarks/projects/fastjson/target/dependency/validation-api-1.1.0.Final.jar:/var/benchmarks/projects/fastjson/target/dependency/spring-web-4.3.7.RELEASE.jar:/var/benchmarks/projects/fastjson/target/dependency/jsoniter-0.9.8.jar:/var/benchmarks/projects/fastjson/target/dependency/jboss-logging-3.3.0.Final.jar, outputDir=/home/utbot_mocks/temp/testcases, mocks=Other classes: Mockito
17:11:28.389 | INFO  | Started: warmup: kotlin reflection :: init
17:11:28.476 | INFO  | Finished (in 0.087 sec): warmup: kotlin reflection :: init 
[INIT]
>> [RUN] com.alibaba.fastjson.JSONReader 120
17:11:28.489 | DEBUG | -----------------------------------------------------------------------------
17:11:28.490 | INFO  | Contest.runGeneration: Time budget: 120000 ms, Generation timeout=102000 ms, classpath=/var/benchmarks/projects/fastjson/target/classes:/var/benchmarks/projects/fastjson/target/fastjson-1.2.50-SNAPSHOT.jar:/var/benchmarks/projects/./fastjson/target/dependency/deeptestutils-1.1.0.jar:/var/benchmarks/projects/fastjson/target/dependency/commons-beanutils-1.8.0.jar:/var/benchmarks/projects/fastjson/target/dependency/woodstox-core-asl-4.4.1.jar:/var/benchmarks/projects/fastjson/target/dependency/spring-aop-4.3.7.RELEASE.jar:/var/benchmarks/projects/fastjson/target/dependency/hibernate-core-5.2.10.Final.jar:/var/benchmarks/projects/fastjson/target/dependency/jackson-module-kotlin-2.9.0.jar:/var/benchmarks/projects/fastjson/target/dependency/spring-data-commons-1.13.6.RELEASE.jar:/var/benchmarks/projects/fastjson/target/dependency/javax.annotation-api-1.2.jar:/var/benchmarks/projects/fastjson/target/dependency/gson-2.6.2.jar:/var/benchmarks/projects/fastjson/target/dependency/jetty-continuation-8.1.8.v20121106.jar:/var/benchmarks/projects/fastjson/target/dependency/objenesis-2.5.1.jar:/var/benchmarks/projects/fastjson/target/dependency/powermock-reflect-1.6.6.jar:/var/benchmarks/projects/fastjson/target/dependency/springfox-spring-web-2.6.1.jar:/var/benchmarks/projects/fastjson/target/dependency/javaslang-2.0.6.jar:/var/benchmarks/projects/fastjson/target/dependency/guava-18.0.jar:/var/benchmarks/projects/fastjson/target/dependency/mockito-core-1.10.19.jar:/var/benchmarks/projects/fastjson/target/dependency/json-lib-2.4-jdk15.jar:/var/benchmarks/projects/fastjson/target/dependency/jetty-xml-8.1.8.v20121106.jar:/var/benchmarks/projects/fastjson/target/dependency/xmlschema-core-2.2.1.jar:/var/benchmarks/projects/fastjson/target/dependency/powermock-api-support-1.6.6.jar:/var/benchmarks/projects/fastjson/target/dependency/commons-collections4-4.1.jar:/var/benchmarks/projects/fastjson/target/dependency/cglib-nodep-2.2.2.jar:/var/benchmarks/projects/fastjson/target/dependency/asm-debug-all-5.0.4.jar:/var/benchmarks/projects/fastjson/target/dependency/spring-plugin-core-1.2.0.RELEASE.jar:/var/benchmarks/projects/fastjson/target/dependency/cxf-rt-rs-client-3.1.2.jar:/var/benchmarks/projects/fastjson/target/dependency/jetty-io-8.1.8.v20121106.jar:/var/benchmarks/projects/fastjson/target/dependency/commons-lang3-3.4.jar:/var/benchmarks/projects/fastjson/target/dependency/stax2-api-3.1.4.jar:/var/benchmarks/projects/fastjson/target/dependency/jackson-annotations-2.9.0.jar:/var/benchmarks/projects/fastjson/target/dependency/jetty-server-8.1.8.v20121106.jar:/var/benchmarks/projects/fastjson/target/dependency/json-simple-1.1.1.jar:/var/benchmarks/projects/fastjson/target/dependency/asm-tree-4.0.jar:/var/benchmarks/projects/fastjson/target/dependency/spring-data-commons-core-1.4.1.RELEASE.jar:/var/benchmarks/projects/fastjson/target/dependency/powermock-module-junit4-common-1.6.6.jar:/var/benchmarks/projects/fastjson/target/dependency/jcl-over-slf4j-1.7.25.jar:/var/benchmarks/projects/fastjson/target/dependency/javax.servlet-3.0.0.v201112011016.jar:/var/benchmarks/projects/fastjson/target/dependency/springfox-core-2.6.1.jar:/var/benchmarks/projects/fastjson/target/dependency/osgi-resource-locator-1.0.1.jar:/var/benchmarks/projects/fastjson/target/dependency/javassist-3.18.0-GA.jar:/var/benchmarks/projects/fastjson/target/dependency/kotlin-reflect-1.1.3-2.jar:/var/benchmarks/projects/fastjson/target/dependency/spring-context-support-4.3.10.RELEASE.jar:/var/benchmarks/projects/fastjson/target/dependency/spring-plugin-metadata-1.2.0.RELEASE.jar:/var/benchmarks/projects/fastjson/target/dependency/kotlin-stdlib-1.1.3-2.jar:/var/benchmarks/projects/fastjson/target/dependency/spring-data-keyvalue-1.2.6.RELEASE.jar:/var/benchmarks/projects/fastjson/target/dependency/jersey-container-servlet-core-2.23.2.jar:/var/benchmarks/projects/fastjson/target/dependency/asm-4.0.jar:/var/benchmarks/projects/fastjson/target/dependency/asm-commons-4.0.jar:/var/benchmarks/projects/fastjson/target/dependency/jersey-guava-2.23.2.jar:/var/benchmarks/projects/fastjson/target/dependency/aopalliance-1.0.jar:/var/benchmarks/projects/fastjson/target/dependency/groovy-2.1.5.jar:/var/benchmarks/projects/fastjson/target/dependency/hk2-api-2.5.0-b05.jar:/var/benchmarks/projects/fastjson/target/dependency/jetty-security-8.1.8.v20121106.jar:/var/benchmarks/projects/fastjson/target/dependency/jmh-core-1.21.jar:/var/benchmarks/projects/fastjson/target/dependency/jersey-container-servlet-2.23.2.jar:/var/benchmarks/projects/fastjson/target/dependency/dom4j-1.6.1.jar:/var/benchmarks/projects/fastjson/target/dependency/spring-core-4.3.7.RELEASE.jar:/var/benchmarks/projects/fastjson/target/dependency/spring-data-redis-1.8.6.RELEASE.jar:/var/benchmarks/projects/fastjson/target/dependency/jackson-core-asl-1.9.13.jar:/var/benchmarks/projects/fastjson/target/dependency/jackson-mapper-asl-1.9.13.jar:/var/benchmarks/projects/fastjson/target/dependency/hibernate-jpa-2.1-api-1.0.0.Final.jar:/var/benchmarks/projects/fastjson/target/dependency/junit-4.12.jar:/var/benchmarks/projects/fastjson/target/dependency/commons-io-1.4.jar:/var/benchmarks/projects/fastjson/target/dependency/jetty-util-8.1.8.v20121106.jar:/var/benchmarks/projects/fastjson/target/dependency/hamcrest-core-1.3.jar:/var/benchmarks/projects/fastjson/target/dependency/jmh-generator-annprocess-1.21.jar:/var/benchmarks/projects/fastjson/target/dependency/jackson-jaxrs-base-2.8.7.jar:/var/benchmarks/projects/fastjson/target/dependency/powermock-module-junit4-1.6.6.jar:/var/benchmarks/projects/fastjson/target/dependency/powermock-core-1.6.6.jar:/var/benchmarks/projects/fastjson/target/dependency/slf4j-api-1.7.25.jar:/var/benchmarks/projects/fastjson/target/dependency/antlr-2.7.7.jar:/var/benchmarks/projects/fastjson/target/dependency/mockito-all-1.10.19.jar:/var/benchmarks/projects/fastjson/target/dependency/jersey-container-jdk-http-2.23.2.jar:/var/benchmarks/projects/fastjson/target/dependency/javaslang-match-2.0.6.jar:/var/benchmarks/projects/fastjson/target/dependency/jersey-test-framework-provider-jdk-http-2.23.2.jar:/var/benchmarks/projects/fastjson/target/dependency/jersey-entity-filtering-2.23.2.jar:/var/benchmarks/projects/fastjson/target/dependency/jandex-2.0.3.Final.jar:/var/benchmarks/projects/fastjson/target/dependency/ezmorph-1.0.6.jar:/var/benchmarks/projects/fastjson/target/dependency/jackson-jaxrs-json-provider-2.8.7.jar:/var/benchmarks/projects/fastjson/target/dependency/cxf-rt-transports-http-3.1.2.jar:/var/benchmarks/projects/fastjson/target/dependency/spring-beans-4.3.7.RELEASE.jar:/var/benchmarks/projects/fastjson/target/dependency/jersey-server-2.23.2.jar:/var/benchmarks/projects/fastjson/target/dependency/powermock-api-mockito-1.6.6.jar:/var/benchmarks/projects/fastjson/target/dependency/jackson-module-jaxb-annotations-2.8.7.jar:/var/benchmarks/projects/fastjson/target/dependency/jopt-simple-4.6.jar:/var/benchmarks/projects/fastjson/target/dependency/asm-analysis-4.0.jar:/var/benchmarks/projects/fastjson/target/dependency/annotations-13.0.jar:/var/benchmarks/projects/fastjson/target/dependency/json-path-2.3.0.jar:/var/benchmarks/projects/fastjson/target/dependency/springfox-spi-2.6.1.jar:/var/benchmarks/projects/fastjson/target/dependency/spring-websocket-4.3.7.RELEASE.jar:/var/benchmarks/projects/fastjson/target/dependency/spring-messaging-4.3.7.RELEASE.jar:/var/benchmarks/projects/fastjson/target/dependency/jersey-client-2.23.2.jar:/var/benchmarks/projects/fastjson/target/dependency/javax.ws.rs-api-2.0.1.jar:/var/benchmarks/projects/fastjson/target/dependency/accessors-smart-1.1.jar:/var/benchmarks/projects/fastjson/target/dependency/hibernate-commons-annotations-5.0.1.Final.jar:/var/benchmarks/projects/fastjson/target/dependency/commons-logging-1.1.1.jar:/var/benchmarks/projects/fastjson/target/dependency/jackson-core-2.9.0.jar:/var/benchmarks/projects/fastjson/target/dependency/spring-expression-4.3.7.RELEASE.jar:/var/benchmarks/projects/fastjson/target/dependency/jersey-media-jaxb-2.23.2.jar:/var/benchmarks/projects/fastjson/target/dependency/okhttp-3.6.0.jar:/var/benchmarks/projects/fastjson/target/dependency/commons-math3-3.2.jar:/var/benchmarks/projects/fastjson/target/dependency/jetty-webapp-8.1.8.v20121106.jar:/var/benchmarks/projects/fastjson/target/dependency/javax.inject-2.5.0-b05.jar:/var/benchmarks/projects/fastjson/target/dependency/cxf-core-3.1.2.jar:/var/benchmarks/projects/fastjson/target/dependency/powermock-api-mockito-common-1.6.6.jar:/var/benchmarks/projects/fastjson/target/dependency/jetty-http-8.1.8.v20121106.jar:/var/benchmarks/projects/fastjson/target/dependency/spring-security-config-3.2.10.RELEASE.jar:/var/benchmarks/projects/fastjson/target/dependency/okio-1.11.0.jar:/var/benchmarks/projects/fastjson/target/dependency/javax.servlet-api-3.1.0.jar:/var/benchmarks/projects/fastjson/target/dependency/json-smart-2.2.1.jar:/var/benchmarks/projects/fastjson/target/dependency/spring-tx-4.3.10.RELEASE.jar:/var/benchmarks/projects/fastjson/target/dependency/jackson-module-afterburner-2.9.0.jar:/var/benchmarks/projects/fastjson/target/dependency/asm-util-4.0.jar:/var/benchmarks/projects/fastjson/target/dependency/spring-security-web-4.2.3.RELEASE.jar:/var/benchmarks/projects/fastjson/target/dependency/spring-webmvc-4.3.7.RELEASE.jar:/var/benchmarks/projects/fastjson/target/dependency/hk2-locator-2.5.0-b05.jar:/var/benchmarks/projects/fastjson/target/dependency/retrofit-2.1.0.jar:/var/benchmarks/projects/fastjson/target/dependency/clojure-1.5.1.jar:/var/benchmarks/projects/fastjson/target/dependency/spring-security-oauth2-2.3.3.RELEASE.jar:/var/benchmarks/projects/fastjson/target/dependency/spring-test-4.3.7.RELEASE.jar:/var/benchmarks/projects/fastjson/target/dependency/aopalliance-repackaged-2.5.0-b05.jar:/var/benchmarks/projects/fastjson/target/dependency/spring-oxm-4.3.10.RELEASE.jar:/var/benchmarks/projects/fastjson/target/dependency/spring-security-core-4.2.3.RELEASE.jar:/var/benchmarks/projects/fastjson/target/dependency/jboss-transaction-api_1.2_spec-1.0.1.Final.jar:/var/benchmarks/projects/fastjson/target/dependency/lombok-1.14.4.jar:/var/benchmarks/projects/fastjson/target/dependency/commons-collections-3.2.1.jar:/var/benchmarks/projects/fastjson/target/dependency/cxf-rt-frontend-jaxrs-3.1.2.jar:/var/benchmarks/projects/fastjson/target/dependency/spring-context-4.3.7.RELEASE.jar:/var/benchmarks/projects/fastjson/target/dependency/jersey-test-framework-core-2.23.2.jar:/var/benchmarks/projects/fastjson/target/dependency/classmate-1.3.1.jar:/var/benchmarks/projects/fastjson/target/dependency/hk2-utils-2.5.0-b05.jar:/var/benchmarks/projects/fastjson/target/dependency/jersey-common-2.23.2.jar:/var/benchmarks/projects/fastjson/target/dependency/jackson-databind-2.9.0.jar:/var/benchmarks/projects/fastjson/target/dependency/jersey-media-json-jackson-2.23.2.jar:/var/benchmarks/projects/fastjson/target/dependency/commons-lang-2.5.jar:/var/benchmarks/projects/fastjson/target/dependency/jetty-servlet-8.1.8.v20121106.jar:/var/benchmarks/projects/fastjson/target/dependency/validation-api-1.1.0.Final.jar:/var/benchmarks/projects/fastjson/target/dependency/spring-web-4.3.7.RELEASE.jar:/var/benchmarks/projects/fastjson/target/dependency/jsoniter-0.9.8.jar:/var/benchmarks/projects/fastjson/target/dependency/jboss-logging-3.3.0.Final.jar, methodNameFilter=null
17:11:28.494 | INFO  | ClassUnderTest[ FQN: com.alibaba.fastjson.JSONReader
    classfileDir: /var/benchmarks/projects/fastjson/target/classes
    testClassSimpleName: JSONReaderTest
    generatedTestFile: /home/utbot_mocks/temp/testcases/com/alibaba/fastjson/JSONReaderTest.java
    generatedTestsSourcesDir: /home/utbot_mocks/temp/testcases
]
17:11:28.522 | INFO  | Started: class com.alibaba.fastjson.JSONReader
17:11:28.523 | INFO  | Started: preparation class class com.alibaba.fastjson.JSONReader: kotlin reflection :: run
17:11:28.573 | INFO  | Finished (in 0.049 sec): preparation class class com.alibaba.fastjson.JSONReader: kotlin reflection :: run 
17:11:28.574 | INFO  | Started: 2nd optional soot initialization
17:11:28.575 | INFO  | Finished (in 0.001 sec): 2nd optional soot initialization 
17:11:28.584 | DEBUG |  ... 
17:11:28.593 | INFO  | Started: method com.alibaba.fastjson.JSONReader.close()
17:11:28.595 | INFO  |  -- Remaining time budget: 101906 ms, #remaining_methods: 29, budget for method: 3514 ms, solver timeout: 1000 ms, budget for symbolic execution: 2314 ms, budget for concrete execution: 1200 ms,  -- 
17:11:28.931 | DEBUG | --new testCase collected, to generate: testCom.alibaba.fastjson.JSONReader.close()1
17:11:29.686 | DEBUG | --new testCase collected, to generate: testCom.alibaba.fastjson.JSONReader.close()2
17:11:29.688 | INFO  | Finished (in 1.093 sec): method com.alibaba.fastjson.JSONReader.close() 
<StatsForMethod> :
	#generatedTC=2
	WITH NO EXCEPTIONS
17:11:29.689 | DEBUG |  ... 
17:11:29.690 | INFO  | Started: method com.alibaba.fastjson.JSONReader.readString()
17:11:29.690 | INFO  |  -- Remaining time budget: 100804 ms, #remaining_methods: 28, budget for method: 3600 ms, solver timeout: 1000 ms, budget for symbolic execution: 2400 ms, budget for concrete execution: 1200 ms,  -- 
17:11:29.699 | DEBUG | --new testCase collected, to generate: testCom.alibaba.fastjson.JSONReader.readString()1
17:11:30.154 | DEBUG | --new testCase collected, to generate: testCom.alibaba.fastjson.JSONReader.readString()2
17:11:31.027 | DEBUG | --new testCase collected, to generate: testCom.alibaba.fastjson.JSONReader.readString()3
17:11:31.068 | DEBUG | --new testCase collected, to generate: testCom.alibaba.fastjson.JSONReader.readString()4
17:11:31.224 | DEBUG | --new testCase collected, to generate: testCom.alibaba.fastjson.JSONReader.readString()5
17:11:31.330 | DEBUG | --new testCase collected, to generate: testCom.alibaba.fastjson.JSONReader.readString()6
17:11:31.484 | DEBUG | --new testCase collected, to generate: testCom.alibaba.fastjson.JSONReader.readString()7
17:11:31.634 | DEBUG | --new testCase collected, to generate: testCom.alibaba.fastjson.JSONReader.readString()8
17:11:31.780 | DEBUG | --new testCase collected, to generate: testCom.alibaba.fastjson.JSONReader.readString()9
17:11:31.780 | INFO  | Finished (in 2.090 sec): method com.alibaba.fastjson.JSONReader.readString() 
<StatsForMethod> :
	#generatedTC=9
	WITH NO EXCEPTIONS
17:11:31.813 | DEBUG |  ... 
17:11:31.814 | INFO  | Started: method com.alibaba.fastjson.JSONReader.setLocale(Locale)
17:11:31.814 | INFO  |  -- Remaining time budget: 98680 ms, #remaining_methods: 27, budget for method: 3654 ms, solver timeout: 1000 ms, budget for symbolic execution: 2454 ms, budget for concrete execution: 1200 ms,  -- 
17:11:31.829 | DEBUG | --new testCase collected, to generate: testCom.alibaba.fastjson.JSONReader.setLocale(Locale)1
17:11:31.865 | DEBUG | --new testCase collected, to generate: testCom.alibaba.fastjson.JSONReader.setLocale(Locale)2
17:11:31.865 | INFO  | Finished (in 0.051 sec): method com.alibaba.fastjson.JSONReader.setLocale(Locale) 
<StatsForMethod> :
	#generatedTC=2
	WITH NO EXCEPTIONS
17:11:31.866 | DEBUG |  ... 
17:11:31.866 | INFO  | Started: method com.alibaba.fastjson.JSONReader.readLong()
17:11:31.866 | INFO  |  -- Remaining time budget: 98627 ms, #remaining_methods: 26, budget for method: 3793 ms, solver timeout: 1000 ms, budget for symbolic execution: 2593 ms, budget for concrete execution: 1200 ms,  -- 
17:11:31.875 | DEBUG | --new testCase collected, to generate: testCom.alibaba.fastjson.JSONReader.readLong()1
17:11:32.111 | DEBUG | --new testCase collected, to generate: testCom.alibaba.fastjson.JSONReader.readLong()2
17:11:32.679 | DEBUG | --new testCase collected, to generate: testCom.alibaba.fastjson.JSONReader.readLong()3
17:11:32.741 | DEBUG | --new testCase collected, to generate: testCom.alibaba.fastjson.JSONReader.readLong()4
17:11:33.092 | DEBUG | --new testCase collected, to generate: testCom.alibaba.fastjson.JSONReader.readLong()5
17:11:33.233 | DEBUG | --new testCase collected, to generate: testCom.alibaba.fastjson.JSONReader.readLong()6
17:11:33.373 | DEBUG | --new testCase collected, to generate: testCom.alibaba.fastjson.JSONReader.readLong()7
17:11:33.510 | DEBUG | --new testCase collected, to generate: testCom.alibaba.fastjson.JSONReader.readLong()8
17:11:33.510 | INFO  | Finished (in 1.644 sec): method com.alibaba.fastjson.JSONReader.readLong() 
<StatsForMethod> :
	#generatedTC=8
	WITH NO EXCEPTIONS
17:11:33.550 | DEBUG |  ... 
17:11:33.550 | INFO  | Started: method com.alibaba.fastjson.JSONReader.hasNext()
17:11:33.551 | INFO  |  -- Remaining time budget: 96943 ms, #remaining_methods: 25, budget for method: 3877 ms, solver timeout: 1000 ms, budget for symbolic execution: 2677 ms, budget for concrete execution: 1200 ms,  -- 
17:11:33.560 | DEBUG | --new testCase collected, to generate: testCom.alibaba.fastjson.JSONReader.hasNext()1
17:11:33.606 | DEBUG | --new testCase collected, to generate: testCom.alibaba.fastjson.JSONReader.hasNext()2
17:11:33.670 | DEBUG | --new testCase collected, to generate: testCom.alibaba.fastjson.JSONReader.hasNext()3
17:11:33.694 | DEBUG | --new testCase collected, to generate: testCom.alibaba.fastjson.JSONReader.hasNext()4
17:11:33.700 | DEBUG | --new testCase collected, to generate: testCom.alibaba.fastjson.JSONReader.hasNext()5
17:11:33.703 | DEBUG | --new testCase collected, to generate: testCom.alibaba.fastjson.JSONReader.hasNext()6
17:11:33.728 | DEBUG | --new testCase collected, to generate: testCom.alibaba.fastjson.JSONReader.hasNext()7
17:11:33.734 | DEBUG | --new testCase collected, to generate: testCom.alibaba.fastjson.JSONReader.hasNext()8
17:11:33.739 | INFO  | Finished (in 0.188 sec): method com.alibaba.fastjson.JSONReader.hasNext() 
<StatsForMethod> :
	#generatedTC=8
	WITH NO EXCEPTIONS
17:11:33.741 | DEBUG |  ... 
17:11:33.742 | INFO  | Started: method com.alibaba.fastjson.JSONReader.readObject()
17:11:33.742 | INFO  |  -- Remaining time budget: 96751 ms, #remaining_methods: 24, budget for method: 4031 ms, solver timeout: 1000 ms, budget for symbolic execution: 2831 ms, budget for concrete execution: 1200 ms,  -- 
17:11:33.750 | DEBUG | --new testCase collected, to generate: testCom.alibaba.fastjson.JSONReader.readObject()1
17:11:34.032 | DEBUG | --new testCase collected, to generate: testCom.alibaba.fastjson.JSONReader.readObject()2
17:11:34.824 | DEBUG | --new testCase collected, to generate: testCom.alibaba.fastjson.JSONReader.readObject()3
17:11:34.977 | DEBUG | --new testCase collected, to generate: testCom.alibaba.fastjson.JSONReader.readObject()4
17:11:35.128 | DEBUG | --new testCase collected, to generate: testCom.alibaba.fastjson.JSONReader.readObject()5
17:11:35.149 | DEBUG | --new testCase collected, to generate: testCom.alibaba.fastjson.JSONReader.readObject()6
17:11:35.301 | DEBUG | --new testCase collected, to generate: testCom.alibaba.fastjson.JSONReader.readObject()7
17:11:35.455 | DEBUG | --new testCase collected, to generate: testCom.alibaba.fastjson.JSONReader.readObject()8
17:11:35.455 | INFO  | Finished (in 1.713 sec): method com.alibaba.fastjson.JSONReader.readObject() 
<StatsForMethod> :
	#generatedTC=8
	WITH NO EXCEPTIONS
17:11:35.493 | DEBUG |  ... 
17:11:35.494 | INFO  | Started: method com.alibaba.fastjson.JSONReader.readObject(Map)
17:11:35.494 | INFO  |  -- Remaining time budget: 94999 ms, #remaining_methods: 23, budget for method: 4130 ms, solver timeout: 1000 ms, budget for symbolic execution: 2930 ms, budget for concrete execution: 1200 ms,  -- 
17:11:35.502 | DEBUG | --new testCase collected, to generate: testCom.alibaba.fastjson.JSONReader.readObject(Map)1
17:11:35.950 | DEBUG | --new testCase collected, to generate: testCom.alibaba.fastjson.JSONReader.readObject(Map)2
17:11:37.205 | DEBUG | --new testCase collected, to generate: testCom.alibaba.fastjson.JSONReader.readObject(Map)3
17:11:37.596 | DEBUG | --new testCase collected, to generate: testCom.alibaba.fastjson.JSONReader.readObject(Map)4
17:11:37.981 | DEBUG | --new testCase collected, to generate: testCom.alibaba.fastjson.JSONReader.readObject(Map)5
17:11:38.218 | DEBUG | --new testCase collected, to generate: testCom.alibaba.fastjson.JSONReader.readObject(Map)6
17:11:38.425 | INFO  | |> Starting concrete execution for remaining state: com.alibaba.fastjson.JSONReader.readObject(Map)
17:11:38.446 | DEBUG | --new testCase collected, to generate: testCom.alibaba.fastjson.JSONReader.readObject(Map)7
17:11:38.670 | DEBUG | --new testCase collected, to generate: testCom.alibaba.fastjson.JSONReader.readObject(Map)8
17:11:38.670 | INFO  | Finished (in 3.176 sec): method com.alibaba.fastjson.JSONReader.readObject(Map) 
<StatsForMethod> :
	#generatedTC=8
	WITH NO EXCEPTIONS
17:11:38.758 | DEBUG |  ... 
17:11:38.758 | INFO  | Started: method com.alibaba.fastjson.JSONReader.readObject(TypeReference)
17:11:38.758 | INFO  |  -- Remaining time budget: 91735 ms, #remaining_methods: 22, budget for method: 4169 ms, solver timeout: 1000 ms, budget for symbolic execution: 2969 ms, budget for concrete execution: 1200 ms,  -- 
17:11:38.771 | ERROR | Symbolic execution FAILED
com.huawei.utbot.instrumentation.util.ChildProcessError: Error in the child process |> java.lang.IllegalAccessException: Class com.huawei.utbot.framework.concrete.MockValueConstructor can not access a member of class com.alibaba.fastjson.TypeReference with modifiers "protected"
	at sun.reflect.Reflection.ensureMemberAccess(Reflection.java:102)
	at java.lang.reflect.AccessibleObject.slowCheckMemberAccess(AccessibleObject.java:296)
	at java.lang.reflect.AccessibleObject.checkAccess(AccessibleObject.java:288)
	at java.lang.reflect.Constructor.newInstance(Constructor.java:413)
	at com.huawei.utbot.framework.concrete.MockValueConstructor.call(MockValueConstructor.kt:414)
	at com.huawei.utbot.framework.concrete.MockValueConstructor.updateWithExecutableCallModel(MockValueConstructor.kt:353)
	at com.huawei.utbot.framework.concrete.MockValueConstructor.constructFromAssembleModel(MockValueConstructor.kt:332)
	at com.huawei.utbot.framework.concrete.MockValueConstructor.construct(MockValueConstructor.kt:126)
	at com.huawei.utbot.framework.concrete.MockValueConstructor.constructMethodParameters(MockValueConstructor.kt:101)
	at com.huawei.utbot.framework.concrete.UtExecutionInstrumentation.invoke(UtExecutionInstrumentation.kt:126)
	at com.huawei.utbot.framework.concrete.UtExecutionInstrumentation.invoke(UtExecutionInstrumentation.kt:96)
	at com.huawei.utbot.instrumentation.process.ChildProcessKt.loop(ChildProcess.kt:114)
	at com.huawei.utbot.instrumentation.process.ChildProcessKt.main(ChildProcess.kt:76)
	at com.huawei.utbot.instrumentation.process.ChildProcessKt.main(ChildProcess.kt)

	at com.huawei.utbot.instrumentation.ConcreteExecutor.executeAsync(ConcreteExecutor.kt:391) ~[utbot-junit-contest-1.0.jar:?]
	at com.huawei.utbot.instrumentation.ConcreteExecutor$executeAsync$1.invokeSuspend(ConcreteExecutor.kt) ~[utbot-junit-contest-1.0.jar:?]
	at kotlin.coroutines.jvm.internal.BaseContinuationImpl.resumeWith(ContinuationImpl.kt:33) [utbot-junit-contest-1.0.jar:?]
	at kotlinx.coroutines.DispatchedTask.run(DispatchedTask.kt:106) [utbot-junit-contest-1.0.jar:?]
	at java.util.concurrent.Executors$RunnableAdapter.call(Executors.java:511) [?:1.8.0_312]
	at java.util.concurrent.FutureTask.run(FutureTask.java:266) [?:1.8.0_312]
	at java.util.concurrent.ScheduledThreadPoolExecutor$ScheduledFutureTask.access$201(ScheduledThreadPoolExecutor.java:180) [?:1.8.0_312]
	at java.util.concurrent.ScheduledThreadPoolExecutor$ScheduledFutureTask.run(ScheduledThreadPoolExecutor.java:293) [?:1.8.0_312]
	at java.util.concurrent.ThreadPoolExecutor.runWorker(ThreadPoolExecutor.java:1149) [?:1.8.0_312]
	at java.util.concurrent.ThreadPoolExecutor$Worker.run(ThreadPoolExecutor.java:624) [?:1.8.0_312]
	at java.lang.Thread.run(Thread.java:748) [?:1.8.0_312]
17:11:38.856 | DEBUG | --new testCase collected, to generate: testCom.alibaba.fastjson.JSONReader.readObject(TypeReference)1
17:11:39.899 | DEBUG | --new testCase collected, to generate: testCom.alibaba.fastjson.JSONReader.readObject(TypeReference)2
17:11:40.080 | DEBUG | --new testCase collected, to generate: testCom.alibaba.fastjson.JSONReader.readObject(TypeReference)3
17:11:40.253 | DEBUG | --new testCase collected, to generate: testCom.alibaba.fastjson.JSONReader.readObject(TypeReference)4
17:11:40.418 | DEBUG | --new testCase collected, to generate: testCom.alibaba.fastjson.JSONReader.readObject(TypeReference)5
17:11:40.568 | DEBUG | --new testCase collected, to generate: testCom.alibaba.fastjson.JSONReader.readObject(TypeReference)6
17:11:40.589 | DEBUG | --new testCase collected, to generate: testCom.alibaba.fastjson.JSONReader.readObject(TypeReference)7
17:11:40.820 | DEBUG | --new testCase collected, to generate: testCom.alibaba.fastjson.JSONReader.readObject(TypeReference)8
17:11:40.821 | INFO  | Finished (in 2.062 sec): method com.alibaba.fastjson.JSONReader.readObject(TypeReference) 
<StatsForMethod> :
	#generatedTC=8
	FAILED 1 time(s) with 1 different exception(s)"
17:11:40.871 | DEBUG |  ... 
17:11:40.872 | INFO  | Started: method com.alibaba.fastjson.JSONReader.readObject(Type)
17:11:40.872 | INFO  |  -- Remaining time budget: 89621 ms, #remaining_methods: 21, budget for method: 4267 ms, solver timeout: 1000 ms, budget for symbolic execution: 3067 ms, budget for concrete execution: 1200 ms,  -- 
17:11:40.881 | DEBUG | --new testCase collected, to generate: testCom.alibaba.fastjson.JSONReader.readObject(Type)1
17:11:41.168 | DEBUG | --new testCase collected, to generate: testCom.alibaba.fastjson.JSONReader.readObject(Type)2
17:11:41.678 | DEBUG | --new testCase collected, to generate: testCom.alibaba.fastjson.JSONReader.readObject(Type)3
17:11:41.893 | DEBUG | --new testCase collected, to generate: testCom.alibaba.fastjson.JSONReader.readObject(Type)4
17:11:42.112 | DEBUG | --new testCase collected, to generate: testCom.alibaba.fastjson.JSONReader.readObject(Type)5
17:11:42.267 | DEBUG | --new testCase collected, to generate: testCom.alibaba.fastjson.JSONReader.readObject(Type)6
17:11:42.422 | DEBUG | --new testCase collected, to generate: testCom.alibaba.fastjson.JSONReader.readObject(Type)7
17:11:42.577 | DEBUG | --new testCase collected, to generate: testCom.alibaba.fastjson.JSONReader.readObject(Type)8
17:11:42.577 | INFO  | Finished (in 1.705 sec): method com.alibaba.fastjson.JSONReader.readObject(Type) 
<StatsForMethod> :
	#generatedTC=8
	WITH NO EXCEPTIONS
17:11:42.617 | DEBUG |  ... 
17:11:42.618 | INFO  | Started: method com.alibaba.fastjson.JSONReader.readObject(Class)
17:11:42.618 | INFO  |  -- Remaining time budget: 87875 ms, #remaining_methods: 20, budget for method: 4393 ms, solver timeout: 1000 ms, budget for symbolic execution: 3193 ms, budget for concrete execution: 1200 ms,  -- 
17:11:42.624 | ERROR | Symbolic execution FAILED
com.huawei.utbot.instrumentation.util.ChildProcessError: Error in the child process |> java.lang.IllegalAccessException: java.lang.Class
	at sun.misc.Unsafe.allocateInstance(Native Method)
	at com.huawei.utbot.framework.util.EngineUtilsKt.getAnyInstance(EngineUtils.kt:61)
	at com.huawei.utbot.framework.concrete.MockValueConstructor.constructObject(MockValueConstructor.kt:158)
	at com.huawei.utbot.framework.concrete.MockValueConstructor.construct(MockValueConstructor.kt:124)
	at com.huawei.utbot.framework.concrete.MockValueConstructor.constructMethodParameters(MockValueConstructor.kt:101)
	at com.huawei.utbot.framework.concrete.UtExecutionInstrumentation.invoke(UtExecutionInstrumentation.kt:126)
	at com.huawei.utbot.framework.concrete.UtExecutionInstrumentation.invoke(UtExecutionInstrumentation.kt:96)
	at com.huawei.utbot.instrumentation.process.ChildProcessKt.loop(ChildProcess.kt:114)
	at com.huawei.utbot.instrumentation.process.ChildProcessKt.main(ChildProcess.kt:76)
	at com.huawei.utbot.instrumentation.process.ChildProcessKt.main(ChildProcess.kt)

	at com.huawei.utbot.instrumentation.ConcreteExecutor.executeAsync(ConcreteExecutor.kt:391) ~[utbot-junit-contest-1.0.jar:?]
	at com.huawei.utbot.instrumentation.ConcreteExecutor$executeAsync$1.invokeSuspend(ConcreteExecutor.kt) ~[utbot-junit-contest-1.0.jar:?]
	at kotlin.coroutines.jvm.internal.BaseContinuationImpl.resumeWith(ContinuationImpl.kt:33) [utbot-junit-contest-1.0.jar:?]
	at kotlinx.coroutines.DispatchedTask.run(DispatchedTask.kt:106) [utbot-junit-contest-1.0.jar:?]
	at java.util.concurrent.Executors$RunnableAdapter.call(Executors.java:511) [?:1.8.0_312]
	at java.util.concurrent.FutureTask.run(FutureTask.java:266) [?:1.8.0_312]
	at java.util.concurrent.ScheduledThreadPoolExecutor$ScheduledFutureTask.access$201(ScheduledThreadPoolExecutor.java:180) [?:1.8.0_312]
	at java.util.concurrent.ScheduledThreadPoolExecutor$ScheduledFutureTask.run(ScheduledThreadPoolExecutor.java:293) [?:1.8.0_312]
	at java.util.concurrent.ThreadPoolExecutor.runWorker(ThreadPoolExecutor.java:1149) [?:1.8.0_312]
	at java.util.concurrent.ThreadPoolExecutor$Worker.run(ThreadPoolExecutor.java:624) [?:1.8.0_312]
	at java.lang.Thread.run(Thread.java:748) [?:1.8.0_312]
17:11:42.959 | DEBUG | --new testCase collected, to generate: testCom.alibaba.fastjson.JSONReader.readObject(Class)1
17:11:43.469 | DEBUG | --new testCase collected, to generate: testCom.alibaba.fastjson.JSONReader.readObject(Class)2
17:11:43.684 | DEBUG | --new testCase collected, to generate: testCom.alibaba.fastjson.JSONReader.readObject(Class)3
17:11:43.902 | DEBUG | --new testCase collected, to generate: testCom.alibaba.fastjson.JSONReader.readObject(Class)4
17:11:44.059 | DEBUG | --new testCase collected, to generate: testCom.alibaba.fastjson.JSONReader.readObject(Class)5
17:11:44.211 | DEBUG | --new testCase collected, to generate: testCom.alibaba.fastjson.JSONReader.readObject(Class)6
17:11:44.364 | DEBUG | --new testCase collected, to generate: testCom.alibaba.fastjson.JSONReader.readObject(Class)7
17:11:44.365 | INFO  | Finished (in 1.746 sec): method com.alibaba.fastjson.JSONReader.readObject(Class) 
<StatsForMethod> :
	#generatedTC=7
	FAILED 1 time(s) with 1 different exception(s)"
17:11:44.403 | DEBUG |  ... 
17:11:44.404 | INFO  | Started: method com.alibaba.fastjson.JSONReader.readObject(Object)
17:11:44.404 | INFO  |  -- Remaining time budget: 86090 ms, #remaining_methods: 19, budget for method: 4531 ms, solver timeout: 1000 ms, budget for symbolic execution: 3331 ms, budget for concrete execution: 1200 ms,  -- 
17:11:44.410 | DEBUG | --new testCase collected, to generate: testCom.alibaba.fastjson.JSONReader.readObject(Object)1
17:11:44.817 | DEBUG | --new testCase collected, to generate: testCom.alibaba.fastjson.JSONReader.readObject(Object)2
17:11:46.018 | DEBUG | --new testCase collected, to generate: testCom.alibaba.fastjson.JSONReader.readObject(Object)3
17:11:46.294 | DEBUG | --new testCase collected, to generate: testCom.alibaba.fastjson.JSONReader.readObject(Object)4
17:11:46.570 | DEBUG | --new testCase collected, to generate: testCom.alibaba.fastjson.JSONReader.readObject(Object)5
17:11:46.721 | DEBUG | --new testCase collected, to generate: testCom.alibaba.fastjson.JSONReader.readObject(Object)6
17:11:46.868 | DEBUG | --new testCase collected, to generate: testCom.alibaba.fastjson.JSONReader.readObject(Object)7
17:11:47.016 | DEBUG | --new testCase collected, to generate: testCom.alibaba.fastjson.JSONReader.readObject(Object)8
17:11:47.017 | INFO  | Finished (in 2.613 sec): method com.alibaba.fastjson.JSONReader.readObject(Object) 
<StatsForMethod> :
	#generatedTC=8
	WITH NO EXCEPTIONS
17:11:47.092 | DEBUG |  ... 
17:11:47.092 | INFO  | Started: method com.alibaba.fastjson.JSONReader.peek()
17:11:47.093 | INFO  |  -- Remaining time budget: 83401 ms, #remaining_methods: 18, budget for method: 4633 ms, solver timeout: 1000 ms, budget for symbolic execution: 3433 ms, budget for concrete execution: 1200 ms,  -- 
17:11:47.103 | DEBUG | --new testCase collected, to generate: testCom.alibaba.fastjson.JSONReader.peek()1
17:11:47.139 | DEBUG | --new testCase collected, to generate: testCom.alibaba.fastjson.JSONReader.peek()2
17:11:47.139 | INFO  | Finished (in 0.047 sec): method com.alibaba.fastjson.JSONReader.peek() 
<StatsForMethod> :
	#generatedTC=2
	WITH NO EXCEPTIONS
17:11:47.140 | DEBUG |  ... 
17:11:47.140 | INFO  | Started: method com.alibaba.fastjson.JSONReader.endArray()
17:11:47.140 | INFO  |  -- Remaining time budget: 83353 ms, #remaining_methods: 17, budget for method: 4903 ms, solver timeout: 1000 ms, budget for symbolic execution: 3703 ms, budget for concrete execution: 1200 ms,  -- 
17:11:47.144 | DEBUG | --new testCase collected, to generate: testCom.alibaba.fastjson.JSONReader.endArray()1
17:11:47.261 | DEBUG | --new testCase collected, to generate: testCom.alibaba.fastjson.JSONReader.endArray()2
17:11:47.264 | DEBUG | --new testCase collected, to generate: testCom.alibaba.fastjson.JSONReader.endArray()3
17:11:47.268 | DEBUG | --new testCase collected, to generate: testCom.alibaba.fastjson.JSONReader.endArray()4
17:11:47.271 | DEBUG | --new testCase collected, to generate: testCom.alibaba.fastjson.JSONReader.endArray()5
17:11:47.273 | DEBUG | --new testCase collected, to generate: testCom.alibaba.fastjson.JSONReader.endArray()6
17:11:47.276 | DEBUG | --new testCase collected, to generate: testCom.alibaba.fastjson.JSONReader.endArray()7
17:11:47.276 | INFO  | Finished (in 0.135 sec): method com.alibaba.fastjson.JSONReader.endArray() 
<StatsForMethod> :
	#generatedTC=7
	WITH NO EXCEPTIONS
17:11:47.289 | DEBUG |  ... 
17:11:47.289 | INFO  | Started: method com.alibaba.fastjson.JSONReader.startArray()
17:11:47.289 | INFO  |  -- Remaining time budget: 83204 ms, #remaining_methods: 16, budget for method: 5200 ms, solver timeout: 1000 ms, budget for symbolic execution: 4000 ms, budget for concrete execution: 1200 ms,  -- 
17:11:47.295 | DEBUG | --new testCase collected, to generate: testCom.alibaba.fastjson.JSONReader.startArray()1
17:11:47.497 | DEBUG | --new testCase collected, to generate: testCom.alibaba.fastjson.JSONReader.startArray()2
17:11:47.675 | DEBUG | --new testCase collected, to generate: testCom.alibaba.fastjson.JSONReader.startArray()3
17:11:47.683 | DEBUG | --new testCase collected, to generate: testCom.alibaba.fastjson.JSONReader.startArray()4
17:11:47.689 | DEBUG | --new testCase collected, to generate: testCom.alibaba.fastjson.JSONReader.startArray()5
17:11:47.745 | DEBUG | --new testCase collected, to generate: testCom.alibaba.fastjson.JSONReader.startArray()6
17:11:47.751 | DEBUG | --new testCase collected, to generate: testCom.alibaba.fastjson.JSONReader.startArray()7
17:11:47.751 | INFO  | Finished (in 0.462 sec): method com.alibaba.fastjson.JSONReader.startArray() 
<StatsForMethod> :
	#generatedTC=7
	WITH NO EXCEPTIONS
17:11:47.793 | DEBUG |  ... 
17:11:47.793 | INFO  | Started: method com.alibaba.fastjson.JSONReader.config(Feature, boolean)
17:11:47.793 | INFO  |  -- Remaining time budget: 82700 ms, #remaining_methods: 15, budget for method: 5513 ms, solver timeout: 1000 ms, budget for symbolic execution: 4313 ms, budget for concrete execution: 1200 ms,  -- 
17:11:47.799 | ERROR | Symbolic execution FAILED
com.huawei.utbot.instrumentation.util.ChildProcessError: Error in the child process |> java.lang.IllegalAccessException: Class com.huawei.utbot.framework.concrete.MockValueConstructor can not access a member of class com.alibaba.fastjson.parser.Feature with modifiers "private"
	at sun.reflect.Reflection.ensureMemberAccess(Reflection.java:102)
	at java.lang.reflect.AccessibleObject.slowCheckMemberAccess(AccessibleObject.java:296)
	at java.lang.reflect.AccessibleObject.checkAccess(AccessibleObject.java:288)
	at java.lang.reflect.Constructor.newInstance(Constructor.java:413)
	at com.huawei.utbot.framework.concrete.MockValueConstructor.call(MockValueConstructor.kt:414)
	at com.huawei.utbot.framework.concrete.MockValueConstructor.updateWithExecutableCallModel(MockValueConstructor.kt:353)
	at com.huawei.utbot.framework.concrete.MockValueConstructor.constructFromAssembleModel(MockValueConstructor.kt:332)
	at com.huawei.utbot.framework.concrete.MockValueConstructor.construct(MockValueConstructor.kt:126)
	at com.huawei.utbot.framework.concrete.MockValueConstructor.constructMethodParameters(MockValueConstructor.kt:101)
	at com.huawei.utbot.framework.concrete.UtExecutionInstrumentation.invoke(UtExecutionInstrumentation.kt:126)
	at com.huawei.utbot.framework.concrete.UtExecutionInstrumentation.invoke(UtExecutionInstrumentation.kt:96)
	at com.huawei.utbot.instrumentation.process.ChildProcessKt.loop(ChildProcess.kt:114)
	at com.huawei.utbot.instrumentation.process.ChildProcessKt.main(ChildProcess.kt:76)
	at com.huawei.utbot.instrumentation.process.ChildProcessKt.main(ChildProcess.kt)

	at com.huawei.utbot.instrumentation.ConcreteExecutor.executeAsync(ConcreteExecutor.kt:391) ~[utbot-junit-contest-1.0.jar:?]
	at com.huawei.utbot.instrumentation.ConcreteExecutor$executeAsync$1.invokeSuspend(ConcreteExecutor.kt) ~[utbot-junit-contest-1.0.jar:?]
	at kotlin.coroutines.jvm.internal.BaseContinuationImpl.resumeWith(ContinuationImpl.kt:33) [utbot-junit-contest-1.0.jar:?]
	at kotlinx.coroutines.DispatchedTask.run(DispatchedTask.kt:106) [utbot-junit-contest-1.0.jar:?]
	at java.util.concurrent.Executors$RunnableAdapter.call(Executors.java:511) [?:1.8.0_312]
	at java.util.concurrent.FutureTask.run(FutureTask.java:266) [?:1.8.0_312]
	at java.util.concurrent.ScheduledThreadPoolExecutor$ScheduledFutureTask.access$201(ScheduledThreadPoolExecutor.java:180) [?:1.8.0_312]
	at java.util.concurrent.ScheduledThreadPoolExecutor$ScheduledFutureTask.run(ScheduledThreadPoolExecutor.java:293) [?:1.8.0_312]
	at java.util.concurrent.ThreadPoolExecutor.runWorker(ThreadPoolExecutor.java:1149) [?:1.8.0_312]
	at java.util.concurrent.ThreadPoolExecutor$Worker.run(ThreadPoolExecutor.java:624) [?:1.8.0_312]
	at java.lang.Thread.run(Thread.java:748) [?:1.8.0_312]
17:11:47.832 | DEBUG | --new testCase collected, to generate: testCom.alibaba.fastjson.JSONReader.config(Feature, boolean)1
17:11:47.833 | INFO  | Finished (in 0.040 sec): method com.alibaba.fastjson.JSONReader.config(Feature, boolean) 
<StatsForMethod> :
	#generatedTC=1
	FAILED 1 time(s) with 1 different exception(s)"
17:11:47.834 | DEBUG |  ... 
17:11:47.835 | INFO  | Started: method com.alibaba.fastjson.JSONReader.getLocal()
17:11:47.835 | INFO  |  -- Remaining time budget: 82659 ms, #remaining_methods: 14, budget for method: 5904 ms, solver timeout: 1000 ms, budget for symbolic execution: 4704 ms, budget for concrete execution: 1200 ms,  -- 
17:11:47.840 | DEBUG | --new testCase collected, to generate: testCom.alibaba.fastjson.JSONReader.getLocal()1
17:11:47.871 | DEBUG | --new testCase collected, to generate: testCom.alibaba.fastjson.JSONReader.getLocal()2
17:11:47.871 | INFO  | Finished (in 0.036 sec): method com.alibaba.fastjson.JSONReader.getLocal() 
<StatsForMethod> :
	#generatedTC=2
	WITH NO EXCEPTIONS
17:11:47.872 | DEBUG |  ... 
17:11:47.872 | INFO  | Started: method com.alibaba.fastjson.JSONReader.readBefore()
17:11:47.873 | INFO  |  -- Remaining time budget: 82621 ms, #remaining_methods: 13, budget for method: 6355 ms, solver timeout: 1000 ms, budget for symbolic execution: 5155 ms, budget for concrete execution: 1200 ms,  -- 
17:11:47.877 | DEBUG | --new testCase collected, to generate: testCom.alibaba.fastjson.JSONReader.readBefore()1
17:11:47.906 | DEBUG | --new testCase collected, to generate: testCom.alibaba.fastjson.JSONReader.readBefore()2
17:11:47.973 | DEBUG | --new testCase collected, to generate: testCom.alibaba.fastjson.JSONReader.readBefore()3
17:11:47.991 | DEBUG | --new testCase collected, to generate: testCom.alibaba.fastjson.JSONReader.readBefore()4
17:11:47.997 | DEBUG | --new testCase collected, to generate: testCom.alibaba.fastjson.JSONReader.readBefore()5
17:11:48.004 | DEBUG | --new testCase collected, to generate: testCom.alibaba.fastjson.JSONReader.readBefore()6
17:11:48.026 | DEBUG | --new testCase collected, to generate: testCom.alibaba.fastjson.JSONReader.readBefore()7
17:11:48.033 | DEBUG | --new testCase collected, to generate: testCom.alibaba.fastjson.JSONReader.readBefore()8
17:11:48.033 | INFO  | Finished (in 0.160 sec): method com.alibaba.fastjson.JSONReader.readBefore() 
<StatsForMethod> :
	#generatedTC=8
	WITH NO EXCEPTIONS
17:11:48.035 | DEBUG |  ... 
17:11:48.035 | INFO  | Started: method com.alibaba.fastjson.JSONReader.endObject()
17:11:48.036 | INFO  |  -- Remaining time budget: 82458 ms, #remaining_methods: 12, budget for method: 6871 ms, solver timeout: 1000 ms, budget for symbolic execution: 5671 ms, budget for concrete execution: 1200 ms,  -- 
17:11:48.041 | DEBUG | --new testCase collected, to generate: testCom.alibaba.fastjson.JSONReader.endObject()1
17:11:48.160 | DEBUG | --new testCase collected, to generate: testCom.alibaba.fastjson.JSONReader.endObject()2
17:11:48.164 | DEBUG | --new testCase collected, to generate: testCom.alibaba.fastjson.JSONReader.endObject()3
17:11:48.166 | DEBUG | --new testCase collected, to generate: testCom.alibaba.fastjson.JSONReader.endObject()4
17:11:48.168 | DEBUG | --new testCase collected, to generate: testCom.alibaba.fastjson.JSONReader.endObject()5
17:11:48.170 | DEBUG | --new testCase collected, to generate: testCom.alibaba.fastjson.JSONReader.endObject()6
17:11:48.173 | DEBUG | --new testCase collected, to generate: testCom.alibaba.fastjson.JSONReader.endObject()7
17:11:48.173 | INFO  | Finished (in 0.138 sec): method com.alibaba.fastjson.JSONReader.endObject() 
<StatsForMethod> :
	#generatedTC=7
	WITH NO EXCEPTIONS
17:11:48.186 | DEBUG |  ... 
17:11:48.186 | INFO  | Started: method com.alibaba.fastjson.JSONReader.getTimzeZone()
17:11:48.187 | INFO  |  -- Remaining time budget: 82307 ms, #remaining_methods: 11, budget for method: 7482 ms, solver timeout: 1000 ms, budget for symbolic execution: 6282 ms, budget for concrete execution: 1200 ms,  -- 
17:11:48.190 | DEBUG | --new testCase collected, to generate: testCom.alibaba.fastjson.JSONReader.getTimzeZone()1
17:11:48.220 | DEBUG | --new testCase collected, to generate: testCom.alibaba.fastjson.JSONReader.getTimzeZone()2
17:11:48.220 | INFO  | Finished (in 0.033 sec): method com.alibaba.fastjson.JSONReader.getTimzeZone() 
<StatsForMethod> :
	#generatedTC=2
	WITH NO EXCEPTIONS
17:11:48.221 | DEBUG |  ... 
17:11:48.221 | INFO  | Started: method com.alibaba.fastjson.JSONReader.startObject()
17:11:48.221 | INFO  |  -- Remaining time budget: 82272 ms, #remaining_methods: 10, budget for method: 8227 ms, solver timeout: 1000 ms, budget for symbolic execution: 7027 ms, budget for concrete execution: 1200 ms,  -- 
17:11:48.225 | DEBUG | --new testCase collected, to generate: testCom.alibaba.fastjson.JSONReader.startObject()1
17:11:48.419 | DEBUG | --new testCase collected, to generate: testCom.alibaba.fastjson.JSONReader.startObject()2
17:11:48.595 | DEBUG | --new testCase collected, to generate: testCom.alibaba.fastjson.JSONReader.startObject()3
17:11:48.602 | DEBUG | --new testCase collected, to generate: testCom.alibaba.fastjson.JSONReader.startObject()4
17:11:48.608 | DEBUG | --new testCase collected, to generate: testCom.alibaba.fastjson.JSONReader.startObject()5
17:11:48.663 | DEBUG | --new testCase collected, to generate: testCom.alibaba.fastjson.JSONReader.startObject()6
17:11:48.668 | DEBUG | --new testCase collected, to generate: testCom.alibaba.fastjson.JSONReader.startObject()7
17:11:48.669 | INFO  | Finished (in 0.447 sec): method com.alibaba.fastjson.JSONReader.startObject() 
<StatsForMethod> :
	#generatedTC=7
	WITH NO EXCEPTIONS
17:11:48.709 | DEBUG |  ... 
17:11:48.710 | INFO  | Started: method com.alibaba.fastjson.JSONReader.startStructure()
17:11:48.710 | INFO  |  -- Remaining time budget: 81783 ms, #remaining_methods: 9, budget for method: 9087 ms, solver timeout: 1000 ms, budget for symbolic execution: 7887 ms, budget for concrete execution: 1200 ms,  -- 
17:11:48.714 | DEBUG | --new testCase collected, to generate: testCom.alibaba.fastjson.JSONReader.startStructure()1
17:11:48.739 | DEBUG | --new testCase collected, to generate: testCom.alibaba.fastjson.JSONReader.startStructure()2
17:11:48.806 | DEBUG | --new testCase collected, to generate: testCom.alibaba.fastjson.JSONReader.startStructure()3
17:11:48.825 | DEBUG | --new testCase collected, to generate: testCom.alibaba.fastjson.JSONReader.startStructure()4
17:11:48.830 | DEBUG | --new testCase collected, to generate: testCom.alibaba.fastjson.JSONReader.startStructure()5
17:11:48.836 | DEBUG | --new testCase collected, to generate: testCom.alibaba.fastjson.JSONReader.startStructure()6
17:11:48.858 | DEBUG | --new testCase collected, to generate: testCom.alibaba.fastjson.JSONReader.startStructure()7
17:11:48.864 | DEBUG | --new testCase collected, to generate: testCom.alibaba.fastjson.JSONReader.startStructure()8
17:11:48.864 | INFO  | Finished (in 0.154 sec): method com.alibaba.fastjson.JSONReader.startStructure() 
<StatsForMethod> :
	#generatedTC=8
	WITH NO EXCEPTIONS
17:11:48.865 | DEBUG |  ... 
17:11:48.866 | INFO  | Started: method com.alibaba.fastjson.JSONReader.endStructure()
17:11:48.866 | INFO  |  -- Remaining time budget: 81627 ms, #remaining_methods: 8, budget for method: 10203 ms, solver timeout: 1000 ms, budget for symbolic execution: 9003 ms, budget for concrete execution: 1200 ms,  -- 
17:11:48.869 | DEBUG | --new testCase collected, to generate: testCom.alibaba.fastjson.JSONReader.endStructure()1
17:11:48.895 | DEBUG | --new testCase collected, to generate: testCom.alibaba.fastjson.JSONReader.endStructure()2
17:11:48.964 | DEBUG | --new testCase collected, to generate: testCom.alibaba.fastjson.JSONReader.endStructure()3
17:11:48.966 | DEBUG | --new testCase collected, to generate: testCom.alibaba.fastjson.JSONReader.endStructure()4
17:11:48.970 | DEBUG | --new testCase collected, to generate: testCom.alibaba.fastjson.JSONReader.endStructure()5
17:11:48.975 | DEBUG | --new testCase collected, to generate: testCom.alibaba.fastjson.JSONReader.endStructure()6
17:11:48.980 | DEBUG | --new testCase collected, to generate: testCom.alibaba.fastjson.JSONReader.endStructure()7
17:11:48.980 | INFO  | Finished (in 0.115 sec): method com.alibaba.fastjson.JSONReader.endStructure() 
<StatsForMethod> :
	#generatedTC=7
	WITH NO EXCEPTIONS
17:11:48.982 | DEBUG |  ... 
17:11:48.982 | INFO  | Started: method com.alibaba.fastjson.JSONReader.readAfter()
17:11:48.982 | INFO  |  -- Remaining time budget: 81511 ms, #remaining_methods: 7, budget for method: 11644 ms, solver timeout: 1000 ms, budget for symbolic execution: 10444 ms, budget for concrete execution: 1200 ms,  -- 
17:11:48.986 | DEBUG | --new testCase collected, to generate: testCom.alibaba.fastjson.JSONReader.readAfter()1
17:11:49.010 | DEBUG | --new testCase collected, to generate: testCom.alibaba.fastjson.JSONReader.readAfter()2
17:11:49.090 | DEBUG | --new testCase collected, to generate: testCom.alibaba.fastjson.JSONReader.readAfter()3
17:11:49.095 | DEBUG | --new testCase collected, to generate: testCom.alibaba.fastjson.JSONReader.readAfter()4
17:11:49.116 | DEBUG | --new testCase collected, to generate: testCom.alibaba.fastjson.JSONReader.readAfter()5
17:11:49.120 | DEBUG | --new testCase collected, to generate: testCom.alibaba.fastjson.JSONReader.readAfter()6
17:11:49.125 | DEBUG | --new testCase collected, to generate: testCom.alibaba.fastjson.JSONReader.readAfter()7
17:11:49.129 | DEBUG | --new testCase collected, to generate: testCom.alibaba.fastjson.JSONReader.readAfter()8
17:11:49.130 | INFO  | Finished (in 0.147 sec): method com.alibaba.fastjson.JSONReader.readAfter() 
<StatsForMethod> :
	#generatedTC=8
	WITH NO EXCEPTIONS
17:11:49.131 | DEBUG |  ... 
17:11:49.131 | INFO  | Started: method com.alibaba.fastjson.JSONReader.setTimzeZone(TimeZone)
17:11:49.131 | INFO  |  -- Remaining time budget: 81362 ms, #remaining_methods: 6, budget for method: 13560 ms, solver timeout: 1000 ms, budget for symbolic execution: 12360 ms, budget for concrete execution: 1200 ms,  -- 
17:11:49.137 | DEBUG | --new testCase collected, to generate: testCom.alibaba.fastjson.JSONReader.setTimzeZone(TimeZone)1
17:11:49.165 | DEBUG | --new testCase collected, to generate: testCom.alibaba.fastjson.JSONReader.setTimzeZone(TimeZone)2
17:11:49.165 | INFO  | Finished (in 0.034 sec): method com.alibaba.fastjson.JSONReader.setTimzeZone(TimeZone) 
<StatsForMethod> :
	#generatedTC=2
	WITH NO EXCEPTIONS
17:11:49.166 | DEBUG |  ... 
17:11:49.167 | INFO  | Started: method com.alibaba.fastjson.JSONReader.readInteger()
17:11:49.167 | INFO  |  -- Remaining time budget: 81327 ms, #remaining_methods: 5, budget for method: 16265 ms, solver timeout: 1000 ms, budget for symbolic execution: 15065 ms, budget for concrete execution: 1200 ms,  -- 
17:11:49.170 | DEBUG | --new testCase collected, to generate: testCom.alibaba.fastjson.JSONReader.readInteger()1
17:11:49.393 | DEBUG | --new testCase collected, to generate: testCom.alibaba.fastjson.JSONReader.readInteger()2
17:11:49.923 | DEBUG | --new testCase collected, to generate: testCom.alibaba.fastjson.JSONReader.readInteger()3
17:11:49.982 | DEBUG | --new testCase collected, to generate: testCom.alibaba.fastjson.JSONReader.readInteger()4
17:11:50.312 | DEBUG | --new testCase collected, to generate: testCom.alibaba.fastjson.JSONReader.readInteger()5
17:11:50.448 | DEBUG | --new testCase collected, to generate: testCom.alibaba.fastjson.JSONReader.readInteger()6
17:11:50.582 | DEBUG | --new testCase collected, to generate: testCom.alibaba.fastjson.JSONReader.readInteger()7
17:11:50.714 | DEBUG | --new testCase collected, to generate: testCom.alibaba.fastjson.JSONReader.readInteger()8
17:11:50.714 | INFO  | Finished (in 1.547 sec): method com.alibaba.fastjson.JSONReader.readInteger() 
<StatsForMethod> :
	#generatedTC=8
	WITH NO EXCEPTIONS
17:11:50.752 | DEBUG |  ... 
17:11:50.753 | INFO  | Started: method com.alibaba.fastjson.JSONReader.<init>(Reader, Feature[])
17:11:50.753 | INFO  |  -- Remaining time budget: 79740 ms, #remaining_methods: 4, budget for method: 19935 ms, solver timeout: 1000 ms, budget for symbolic execution: 18735 ms, budget for concrete execution: 1200 ms,  -- 
17:11:50.818 | DEBUG | --new testCase collected, to generate: testCom.alibaba.fastjson.JSONReader.<init>(Reader, Feature[])1
17:11:50.896 | INFO  | Finished (in 0.143 sec): method com.alibaba.fastjson.JSONReader.<init>(Reader, Feature[]) 
<StatsForMethod> :
	#generatedTC=1
	WITH NO EXCEPTIONS
17:11:50.902 | DEBUG |  ... 
17:11:50.902 | INFO  | Started: method com.alibaba.fastjson.JSONReader.<init>(Reader)
17:11:50.902 | INFO  |  -- Remaining time budget: 79591 ms, #remaining_methods: 3, budget for method: 26530 ms, solver timeout: 1000 ms, budget for symbolic execution: 25330 ms, budget for concrete execution: 1200 ms,  -- 
17:11:50.907 | DEBUG | --new testCase collected, to generate: testCom.alibaba.fastjson.JSONReader.<init>(Reader)1
17:11:50.971 | INFO  | Finished (in 0.068 sec): method com.alibaba.fastjson.JSONReader.<init>(Reader) 
<StatsForMethod> :
	#generatedTC=1
	WITH NO EXCEPTIONS
17:11:50.977 | DEBUG |  ... 
17:11:50.977 | INFO  | Started: method com.alibaba.fastjson.JSONReader.<init>(JSONLexer)
17:11:50.977 | INFO  |  -- Remaining time budget: 79516 ms, #remaining_methods: 2, budget for method: 39758 ms, solver timeout: 1000 ms, budget for symbolic execution: 38558 ms, budget for concrete execution: 1200 ms,  -- 
17:11:51.093 | ERROR | Symbolic execution FAILED
com.huawei.utbot.instrumentation.util.ChildProcessError: Error in the child process |> java.util.concurrent.TimeoutException: Timeout 100 elapsed
	at com.huawei.utbot.instrumentation.instrumentation.InvokeInstrumentation.invoke-d1pmJ48(InvokeInstrumentation.kt:75)
	at com.huawei.utbot.instrumentation.instrumentation.InvokeInstrumentation.invoke(InvokeInstrumentation.kt:22)
	at com.huawei.utbot.instrumentation.instrumentation.Instrumentation$DefaultImpls.invoke$default(Instrumentation.kt:25)
	at com.huawei.utbot.framework.concrete.UtExecutionInstrumentation$invoke$$inlined$use$lambda$1.invoke(UtExecutionInstrumentation.kt:146)
	at com.huawei.utbot.framework.concrete.UtExecutionInstrumentation$invoke$$inlined$use$lambda$1.invoke(UtExecutionInstrumentation.kt:96)
	at com.huawei.utbot.framework.concrete.UtExecutionInstrumentation.withStaticFields(UtExecutionInstrumentation.kt:225)
	at com.huawei.utbot.framework.concrete.UtExecutionInstrumentation.invoke(UtExecutionInstrumentation.kt:137)
	at com.huawei.utbot.framework.concrete.UtExecutionInstrumentation.invoke(UtExecutionInstrumentation.kt:96)
	at com.huawei.utbot.instrumentation.process.ChildProcessKt.loop(ChildProcess.kt:114)
	at com.huawei.utbot.instrumentation.process.ChildProcessKt.main(ChildProcess.kt:76)
	at com.huawei.utbot.instrumentation.process.ChildProcessKt.main(ChildProcess.kt)

	at com.huawei.utbot.instrumentation.ConcreteExecutor.executeAsync(ConcreteExecutor.kt:391) ~[utbot-junit-contest-1.0.jar:?]
	at com.huawei.utbot.instrumentation.ConcreteExecutor$executeAsync$1.invokeSuspend(ConcreteExecutor.kt) ~[utbot-junit-contest-1.0.jar:?]
	at kotlin.coroutines.jvm.internal.BaseContinuationImpl.resumeWith(ContinuationImpl.kt:33) [utbot-junit-contest-1.0.jar:?]
	at kotlinx.coroutines.DispatchedTask.run(DispatchedTask.kt:106) [utbot-junit-contest-1.0.jar:?]
	at java.util.concurrent.Executors$RunnableAdapter.call(Executors.java:511) [?:1.8.0_312]
	at java.util.concurrent.FutureTask.run(FutureTask.java:266) [?:1.8.0_312]
	at java.util.concurrent.ScheduledThreadPoolExecutor$ScheduledFutureTask.access$201(ScheduledThreadPoolExecutor.java:180) [?:1.8.0_312]
	at java.util.concurrent.ScheduledThreadPoolExecutor$ScheduledFutureTask.run(ScheduledThreadPoolExecutor.java:293) [?:1.8.0_312]
	at java.util.concurrent.ThreadPoolExecutor.runWorker(ThreadPoolExecutor.java:1149) [?:1.8.0_312]
	at java.util.concurrent.ThreadPoolExecutor$Worker.run(ThreadPoolExecutor.java:624) [?:1.8.0_312]
	at java.lang.Thread.run(Thread.java:748) [?:1.8.0_312]
17:11:51.246 | INFO  | Finished (in 0.268 sec): method com.alibaba.fastjson.JSONReader.<init>(JSONLexer) 
<StatsForMethod> :
	#generatedTC=0
	FAILED 1 time(s) with 1 different exception(s)"
17:11:51.258 | DEBUG |  ... 
17:11:51.258 | INFO  | Started: method com.alibaba.fastjson.JSONReader.<init>(DefaultJSONParser)
17:11:51.258 | INFO  |  -- Remaining time budget: 79235 ms, #remaining_methods: 1, budget for method: 79235 ms, solver timeout: 1000 ms, budget for symbolic execution: 78035 ms, budget for concrete execution: 1200 ms,  -- 
17:11:51.375 | DEBUG | --new testCase collected, to generate: testCom.alibaba.fastjson.JSONReader.<init>(DefaultJSONParser)1
17:11:51.433 | DEBUG | --new testCase collected, to generate: testCom.alibaba.fastjson.JSONReader.<init>(DefaultJSONParser)2
17:11:51.433 | INFO  | Finished (in 0.175 sec): method com.alibaba.fastjson.JSONReader.<init>(DefaultJSONParser) 
<StatsForMethod> :
	#generatedTC=2
	WITH NO EXCEPTIONS
17:11:51.442 | INFO  | Started: Flushing tests for [JSONReader] on disk
17:11:52.146 | INFO  | File size for JSONReaderTest: 136 KB
17:11:52.147 | INFO  | Finished (in 0.705 sec): Flushing tests for [JSONReader] on disk 
17:11:52.148 | INFO  | Finished (in 23.625 sec): class com.alibaba.fastjson.JSONReader 
<StatsForClass> :
	canceled by timeout = false
	#methods = 29, 
	#methods started symbolic exploration = 29
	#methods with at least one TC = 28
	#methods with exceptions = 4
	#generated TC = 156
	#coverage = null
[READY]
