Started UtBot Contest, classfileDir = /var/benchmarks/projects/seata/core/target/classes, classpathString=/var/benchmarks/projects/seata/core/target/classes:/var/benchmarks/projects/seata/core/target/seata-core-0.5.0.jar:/var/benchmarks/projects/./seata/core/target/dependency/mockito-core-2.23.4.jar:/var/benchmarks/projects/seata/core/target/dependency/byte-buddy-agent-1.9.3.jar:/var/benchmarks/projects/seata/core/target/dependency/assertj-core-2.6.0.jar:/var/benchmarks/projects/seata/core/target/dependency/seata-common-0.5.0.jar:/var/benchmarks/projects/seata/core/target/dependency/byte-buddy-1.9.3.jar:/var/benchmarks/projects/seata/core/target/dependency/objenesis-2.6.jar:/var/benchmarks/projects/seata/core/target/dependency/seata-discovery-core-0.5.0.jar:/var/benchmarks/projects/seata/core/target/dependency/commons-pool2-2.4.2.jar:/var/benchmarks/projects/seata/core/target/dependency/junit-4.12.jar:/var/benchmarks/projects/seata/core/target/dependency/hamcrest-core-1.3.jar:/var/benchmarks/projects/seata/core/target/dependency/slf4j-api-1.7.22.jar:/var/benchmarks/projects/seata/core/target/dependency/seata-config-core-0.5.0.jar:/var/benchmarks/projects/seata/core/target/dependency/netty-all-4.1.24.Final.jar:/var/benchmarks/projects/seata/core/target/dependency/commons-lang-2.6.jar:/var/benchmarks/projects/seata/core/target/dependency/fastjson-1.2.48.jar:/var/benchmarks/projects/seata/core/target/dependency/config-1.2.1.jar:/var/benchmarks/projects/seata/core/target/dependency/commons-pool-1.6.jar, outputDir=/home/utbot_mocks/temp/testcases, mocks=Other classes: Mockito
16:47:23.162 | INFO  | Started: warmup: kotlin reflection :: init
16:47:23.253 | INFO  | Finished (in 0.090 sec): warmup: kotlin reflection :: init 
[INIT]
>> [RUN] io.seata.core.rpc.netty.RmRpcClient 120
16:47:23.270 | DEBUG | -----------------------------------------------------------------------------
16:47:23.270 | INFO  | Contest.runGeneration: Time budget: 120000 ms, Generation timeout=102000 ms, classpath=/var/benchmarks/projects/seata/core/target/classes:/var/benchmarks/projects/seata/core/target/seata-core-0.5.0.jar:/var/benchmarks/projects/./seata/core/target/dependency/mockito-core-2.23.4.jar:/var/benchmarks/projects/seata/core/target/dependency/byte-buddy-agent-1.9.3.jar:/var/benchmarks/projects/seata/core/target/dependency/assertj-core-2.6.0.jar:/var/benchmarks/projects/seata/core/target/dependency/seata-common-0.5.0.jar:/var/benchmarks/projects/seata/core/target/dependency/byte-buddy-1.9.3.jar:/var/benchmarks/projects/seata/core/target/dependency/objenesis-2.6.jar:/var/benchmarks/projects/seata/core/target/dependency/seata-discovery-core-0.5.0.jar:/var/benchmarks/projects/seata/core/target/dependency/commons-pool2-2.4.2.jar:/var/benchmarks/projects/seata/core/target/dependency/junit-4.12.jar:/var/benchmarks/projects/seata/core/target/dependency/hamcrest-core-1.3.jar:/var/benchmarks/projects/seata/core/target/dependency/slf4j-api-1.7.22.jar:/var/benchmarks/projects/seata/core/target/dependency/seata-config-core-0.5.0.jar:/var/benchmarks/projects/seata/core/target/dependency/netty-all-4.1.24.Final.jar:/var/benchmarks/projects/seata/core/target/dependency/commons-lang-2.6.jar:/var/benchmarks/projects/seata/core/target/dependency/fastjson-1.2.48.jar:/var/benchmarks/projects/seata/core/target/dependency/config-1.2.1.jar:/var/benchmarks/projects/seata/core/target/dependency/commons-pool-1.6.jar, methodNameFilter=null
16:47:23.272 | INFO  | ClassUnderTest[ FQN: io.seata.core.rpc.netty.RmRpcClient
    classfileDir: /var/benchmarks/projects/seata/core/target/classes
    testClassSimpleName: RmRpcClientTest
    generatedTestFile: /home/utbot_mocks/temp/testcases/io/seata/core/rpc/netty/RmRpcClientTest.java
    generatedTestsSourcesDir: /home/utbot_mocks/temp/testcases
]
16:47:23.302 | INFO  | Started: class io.seata.core.rpc.netty.RmRpcClient
16:47:23.303 | INFO  | Started: preparation class class io.seata.core.rpc.netty.RmRpcClient: kotlin reflection :: run
16:47:23.495 | INFO  | Finished (in 0.192 sec): preparation class class io.seata.core.rpc.netty.RmRpcClient: kotlin reflection :: run 
16:47:23.496 | INFO  | Started: 2nd optional soot initialization
16:47:23.497 | INFO  | Finished (in 0.001 sec): 2nd optional soot initialization 
16:47:23.505 | DEBUG |  ... 
16:47:23.521 | INFO  | Started: method io.seata.core.rpc.netty.RmRpcClient.exceptionCaught(ChannelHandlerContext, Throwable)
16:47:23.522 | INFO  |  -- Remaining time budget: 101765 ms, #remaining_methods: 28, budget for method: 3634 ms, solver timeout: 1000 ms, budget for symbolic execution: 2434 ms, budget for concrete execution: 1200 ms,  -- 
16:47:23.924 | DEBUG | --new testCase collected, to generate: testIo.seata.core.rpc.netty.RmRpcClient.exceptionCaught(ChannelHandlerContext, Throwable)1
16:47:24.681 | INFO  | Finished (in 1.159 sec): method io.seata.core.rpc.netty.RmRpcClient.exceptionCaught(ChannelHandlerContext, Throwable) 
<StatsForMethod> :
	#generatedTC=1
	WITH NO EXCEPTIONS
16:47:24.708 | DEBUG |  ... 
16:47:24.709 | INFO  | Started: method io.seata.core.rpc.netty.RmRpcClient.userEventTriggered(ChannelHandlerContext, Object)
16:47:24.709 | INFO  |  -- Remaining time budget: 100562 ms, #remaining_methods: 27, budget for method: 3724 ms, solver timeout: 1000 ms, budget for symbolic execution: 2524 ms, budget for concrete execution: 1200 ms,  -- 
16:47:24.723 | DEBUG | --new testCase collected, to generate: testIo.seata.core.rpc.netty.RmRpcClient.userEventTriggered(ChannelHandlerContext, Object)1
16:47:24.928 | DEBUG | --new testCase collected, to generate: testIo.seata.core.rpc.netty.RmRpcClient.userEventTriggered(ChannelHandlerContext, Object)2
16:47:25.124 | INFO  | Finished (in 0.414 sec): method io.seata.core.rpc.netty.RmRpcClient.userEventTriggered(ChannelHandlerContext, Object) 
<StatsForMethod> :
	#generatedTC=2
	WITH NO EXCEPTIONS
16:47:25.133 | DEBUG |  ... 
16:47:25.134 | INFO  | Started: method io.seata.core.rpc.netty.RmRpcClient.connect(String)
16:47:25.134 | INFO  |  -- Remaining time budget: 100137 ms, #remaining_methods: 26, budget for method: 3851 ms, solver timeout: 1000 ms, budget for symbolic execution: 2651 ms, budget for concrete execution: 1200 ms,  -- 
16:47:25.155 | DEBUG | --new testCase collected, to generate: testIo.seata.core.rpc.netty.RmRpcClient.connect(String)1
16:47:27.786 | INFO  | |> Starting concrete execution for remaining state: io.seata.core.rpc.netty.RmRpcClient.connect(String)
16:47:28.987 | INFO  | (X) Cancelling concrete execution: io.seata.core.rpc.netty.RmRpcClient.connect(String)
16:47:29.020 | INFO  | Finished (in 3.886 sec): method io.seata.core.rpc.netty.RmRpcClient.connect(String) 
<StatsForMethod> :
	#generatedTC=1
	WITH NO EXCEPTIONS
16:47:29.173 | DEBUG |  ... 
16:47:29.174 | INFO  | Started: method io.seata.core.rpc.netty.RmRpcClient.init()
16:47:29.174 | INFO  |  -- Remaining time budget: 96097 ms, #remaining_methods: 25, budget for method: 3843 ms, solver timeout: 1000 ms, budget for symbolic execution: 2643 ms, budget for concrete execution: 1200 ms,  -- 
16:47:29.182 | DEBUG | --new testCase collected, to generate: testIo.seata.core.rpc.netty.RmRpcClient.init()1
16:47:31.817 | INFO  | |> Starting concrete execution for remaining state: io.seata.core.rpc.netty.RmRpcClient.init()
16:47:33.018 | INFO  | (X) Cancelling concrete execution: io.seata.core.rpc.netty.RmRpcClient.init()
16:47:33.049 | INFO  | Finished (in 3.875 sec): method io.seata.core.rpc.netty.RmRpcClient.init() 
<StatsForMethod> :
	#generatedTC=1
	WITH NO EXCEPTIONS
16:47:33.296 | DEBUG |  ... 
16:47:33.297 | INFO  | Started: method io.seata.core.rpc.netty.RmRpcClient.sendResponse(long, String, Object)
16:47:33.297 | INFO  |  -- Remaining time budget: 91974 ms, #remaining_methods: 24, budget for method: 3832 ms, solver timeout: 1000 ms, budget for symbolic execution: 2632 ms, budget for concrete execution: 1200 ms,  -- 
16:47:33.310 | DEBUG | --new testCase collected, to generate: testIo.seata.core.rpc.netty.RmRpcClient.sendResponse(long, String, Object)1
16:47:35.929 | INFO  | |> Starting concrete execution for remaining state: io.seata.core.rpc.netty.RmRpcClient.sendResponse(long, String, Object)
16:47:37.130 | INFO  | (X) Cancelling concrete execution: io.seata.core.rpc.netty.RmRpcClient.sendResponse(long, String, Object)
16:47:37.170 | INFO  | Finished (in 3.873 sec): method io.seata.core.rpc.netty.RmRpcClient.sendResponse(long, String, Object) 
<StatsForMethod> :
	#generatedTC=1
	WITH NO EXCEPTIONS
16:47:37.322 | DEBUG |  ... 
16:47:37.323 | INFO  | Started: method io.seata.core.rpc.netty.RmRpcClient.destroyChannel(String, Channel)
16:47:37.323 | INFO  |  -- Remaining time budget: 87949 ms, #remaining_methods: 23, budget for method: 3823 ms, solver timeout: 1000 ms, budget for symbolic execution: 2623 ms, budget for concrete execution: 1200 ms,  -- 
16:47:37.331 | DEBUG | --new testCase collected, to generate: testIo.seata.core.rpc.netty.RmRpcClient.destroyChannel(String, Channel)1
16:47:37.358 | DEBUG | --new testCase collected, to generate: testIo.seata.core.rpc.netty.RmRpcClient.destroyChannel(String, Channel)2
16:47:38.777 | DEBUG | --new testCase collected, to generate: testIo.seata.core.rpc.netty.RmRpcClient.destroyChannel(String, Channel)3
16:47:38.790 | DEBUG | --new testCase collected, to generate: testIo.seata.core.rpc.netty.RmRpcClient.destroyChannel(String, Channel)4
16:47:39.946 | INFO  | |> Starting concrete execution for remaining state: io.seata.core.rpc.netty.RmRpcClient.destroyChannel(String, Channel)
16:47:41.025 | DEBUG | --new testCase collected, to generate: testIo.seata.core.rpc.netty.RmRpcClient.destroyChannel(String, Channel)5
16:47:41.147 | INFO  | (X) Cancelling concrete execution: io.seata.core.rpc.netty.RmRpcClient.destroyChannel(String, Channel)
16:47:41.208 | INFO  | Finished (in 3.885 sec): method io.seata.core.rpc.netty.RmRpcClient.destroyChannel(String, Channel) 
<StatsForMethod> :
	#generatedTC=5
	WITH NO EXCEPTIONS
16:47:41.367 | DEBUG |  ... 
16:47:41.368 | INFO  | Started: method io.seata.core.rpc.netty.RmRpcClient.onRegisterMsgSuccess(String, Channel, Object, AbstractMessage)
16:47:41.368 | INFO  |  -- Remaining time budget: 83904 ms, #remaining_methods: 22, budget for method: 3813 ms, solver timeout: 1000 ms, budget for symbolic execution: 2613 ms, budget for concrete execution: 1200 ms,  -- 
16:47:41.377 | DEBUG | --new testCase collected, to generate: testIo.seata.core.rpc.netty.RmRpcClient.onRegisterMsgSuccess(String, Channel, Object, AbstractMessage)1
16:47:41.792 | DEBUG | --new testCase collected, to generate: testIo.seata.core.rpc.netty.RmRpcClient.onRegisterMsgSuccess(String, Channel, Object, AbstractMessage)2
16:47:42.891 | DEBUG | --new testCase collected, to generate: testIo.seata.core.rpc.netty.RmRpcClient.onRegisterMsgSuccess(String, Channel, Object, AbstractMessage)3
16:47:43.981 | INFO  | |> Starting concrete execution for remaining state: io.seata.core.rpc.netty.RmRpcClient.onRegisterMsgSuccess(String, Channel, Object, AbstractMessage)
16:47:44.969 | DEBUG | --new testCase collected, to generate: testIo.seata.core.rpc.netty.RmRpcClient.onRegisterMsgSuccess(String, Channel, Object, AbstractMessage)4
16:47:45.046 | DEBUG | --new testCase collected, to generate: testIo.seata.core.rpc.netty.RmRpcClient.onRegisterMsgSuccess(String, Channel, Object, AbstractMessage)5
16:47:45.182 | INFO  | (X) Cancelling concrete execution: io.seata.core.rpc.netty.RmRpcClient.onRegisterMsgSuccess(String, Channel, Object, AbstractMessage)
16:47:45.255 | INFO  | Finished (in 3.887 sec): method io.seata.core.rpc.netty.RmRpcClient.onRegisterMsgSuccess(String, Channel, Object, AbstractMessage) 
<StatsForMethod> :
	#generatedTC=5
	WITH NO EXCEPTIONS
16:47:45.398 | DEBUG |  ... 
16:47:45.399 | INFO  | Started: method io.seata.core.rpc.netty.RmRpcClient.onRegisterMsgFail(String, Channel, Object, AbstractMessage)
16:47:45.399 | INFO  |  -- Remaining time budget: 79872 ms, #remaining_methods: 21, budget for method: 3803 ms, solver timeout: 1000 ms, budget for symbolic execution: 2603 ms, budget for concrete execution: 1200 ms,  -- 
16:47:45.410 | DEBUG | --new testCase collected, to generate: testIo.seata.core.rpc.netty.RmRpcClient.onRegisterMsgFail(String, Channel, Object, AbstractMessage)1
16:47:45.572 | DEBUG | --new testCase collected, to generate: testIo.seata.core.rpc.netty.RmRpcClient.onRegisterMsgFail(String, Channel, Object, AbstractMessage)2
16:47:45.654 | DEBUG | --new testCase collected, to generate: testIo.seata.core.rpc.netty.RmRpcClient.onRegisterMsgFail(String, Channel, Object, AbstractMessage)3
16:47:45.943 | INFO  | Finished (in 0.543 sec): method io.seata.core.rpc.netty.RmRpcClient.onRegisterMsgFail(String, Channel, Object, AbstractMessage) 
<StatsForMethod> :
	#generatedTC=3
	WITH NO EXCEPTIONS
16:47:45.967 | DEBUG |  ... 
16:47:45.967 | INFO  | Started: method io.seata.core.rpc.netty.RmRpcClient.sendMsgWithResponse(Object)
16:47:45.968 | INFO  |  -- Remaining time budget: 79304 ms, #remaining_methods: 20, budget for method: 3965 ms, solver timeout: 1000 ms, budget for symbolic execution: 2765 ms, budget for concrete execution: 1200 ms,  -- 
16:47:46.090 | ERROR | Symbolic execution FAILED
com.huawei.utbot.instrumentation.util.ChildProcessError: Error in the child process |> java.util.concurrent.TimeoutException: Timeout 100 elapsed
	at com.huawei.utbot.instrumentation.instrumentation.InvokeInstrumentation.invoke-d1pmJ48(InvokeInstrumentation.kt:75)
	at com.huawei.utbot.instrumentation.instrumentation.InvokeInstrumentation.invoke(InvokeInstrumentation.kt:22)
	at com.huawei.utbot.instrumentation.instrumentation.Instrumentation$DefaultImpls.invoke$default(Instrumentation.kt:25)
	at com.huawei.utbot.framework.concrete.UtExecutionInstrumentation$invoke$$inlined$use$lambda$1.invoke(UtExecutionInstrumentation.kt:146)
	at com.huawei.utbot.framework.concrete.UtExecutionInstrumentation$invoke$$inlined$use$lambda$1.invoke(UtExecutionInstrumentation.kt:96)
	at com.huawei.utbot.framework.concrete.UtExecutionInstrumentation.withStaticFields(UtExecutionInstrumentation.kt:225)
	at com.huawei.utbot.framework.concrete.UtExecutionInstrumentation.invoke(UtExecutionInstrumentation.kt:137)
	at com.huawei.utbot.framework.concrete.UtExecutionInstrumentation.invoke(UtExecutionInstrumentation.kt:96)
	at com.huawei.utbot.instrumentation.process.ChildProcessKt.loop(ChildProcess.kt:114)
	at com.huawei.utbot.instrumentation.process.ChildProcessKt.main(ChildProcess.kt:76)
	at com.huawei.utbot.instrumentation.process.ChildProcessKt.main(ChildProcess.kt)

	at com.huawei.utbot.instrumentation.ConcreteExecutor.executeAsync(ConcreteExecutor.kt:391) ~[utbot-junit-contest-1.0.jar:?]
	at com.huawei.utbot.instrumentation.ConcreteExecutor$executeAsync$1.invokeSuspend(ConcreteExecutor.kt) ~[utbot-junit-contest-1.0.jar:?]
	at kotlin.coroutines.jvm.internal.BaseContinuationImpl.resumeWith(ContinuationImpl.kt:33) [utbot-junit-contest-1.0.jar:?]
	at kotlinx.coroutines.DispatchedTask.run(DispatchedTask.kt:106) [utbot-junit-contest-1.0.jar:?]
	at java.util.concurrent.Executors$RunnableAdapter.call(Executors.java:511) [?:1.8.0_312]
	at java.util.concurrent.FutureTask.run(FutureTask.java:266) [?:1.8.0_312]
	at java.util.concurrent.ScheduledThreadPoolExecutor$ScheduledFutureTask.access$201(ScheduledThreadPoolExecutor.java:180) [?:1.8.0_312]
	at java.util.concurrent.ScheduledThreadPoolExecutor$ScheduledFutureTask.run(ScheduledThreadPoolExecutor.java:293) [?:1.8.0_312]
	at java.util.concurrent.ThreadPoolExecutor.runWorker(ThreadPoolExecutor.java:1149) [?:1.8.0_312]
	at java.util.concurrent.ThreadPoolExecutor$Worker.run(ThreadPoolExecutor.java:624) [?:1.8.0_312]
	at java.lang.Thread.run(Thread.java:748) [?:1.8.0_312]
16:47:47.484 | DEBUG | --new testCase collected, to generate: testIo.seata.core.rpc.netty.RmRpcClient.sendMsgWithResponse(Object)1
16:47:48.600 | DEBUG | --new testCase collected, to generate: testIo.seata.core.rpc.netty.RmRpcClient.sendMsgWithResponse(Object)2
16:47:48.733 | INFO  | |> Starting concrete execution for remaining state: io.seata.core.rpc.netty.RmRpcClient.sendMsgWithResponse(Object)
16:47:49.934 | INFO  | (X) Cancelling concrete execution: io.seata.core.rpc.netty.RmRpcClient.sendMsgWithResponse(Object)
16:47:49.948 | INFO  | Finished (in 3.980 sec): method io.seata.core.rpc.netty.RmRpcClient.sendMsgWithResponse(Object) 
<StatsForMethod> :
	#generatedTC=2
	FAILED 1 time(s) with 1 different exception(s)"
16:47:50.117 | DEBUG |  ... 
16:47:50.118 | INFO  | Started: method io.seata.core.rpc.netty.RmRpcClient.sendMsgWithResponse(String, Object, long)
16:47:50.118 | INFO  |  -- Remaining time budget: 75153 ms, #remaining_methods: 19, budget for method: 3955 ms, solver timeout: 1000 ms, budget for symbolic execution: 2755 ms, budget for concrete execution: 1200 ms,  -- 
16:47:50.125 | DEBUG | --new testCase collected, to generate: testIo.seata.core.rpc.netty.RmRpcClient.sendMsgWithResponse(String, Object, long)1
16:47:52.873 | INFO  | |> Starting concrete execution for remaining state: io.seata.core.rpc.netty.RmRpcClient.sendMsgWithResponse(String, Object, long)
16:47:54.074 | INFO  | (X) Cancelling concrete execution: io.seata.core.rpc.netty.RmRpcClient.sendMsgWithResponse(String, Object, long)
16:47:54.188 | INFO  | Finished (in 4.069 sec): method io.seata.core.rpc.netty.RmRpcClient.sendMsgWithResponse(String, Object, long) 
<StatsForMethod> :
	#generatedTC=1
	WITH NO EXCEPTIONS
16:47:54.363 | DEBUG |  ... 
16:47:54.364 | INFO  | Started: method io.seata.core.rpc.netty.RmRpcClient.sendMsgWithResponse(Object, long)
16:47:54.364 | INFO  |  -- Remaining time budget: 70907 ms, #remaining_methods: 18, budget for method: 3939 ms, solver timeout: 1000 ms, budget for symbolic execution: 2739 ms, budget for concrete execution: 1200 ms,  -- 
16:47:54.480 | ERROR | Symbolic execution FAILED
com.huawei.utbot.instrumentation.util.ChildProcessError: Error in the child process |> java.util.concurrent.TimeoutException: Timeout 100 elapsed
	at com.huawei.utbot.instrumentation.instrumentation.InvokeInstrumentation.invoke-d1pmJ48(InvokeInstrumentation.kt:75)
	at com.huawei.utbot.instrumentation.instrumentation.InvokeInstrumentation.invoke(InvokeInstrumentation.kt:22)
	at com.huawei.utbot.instrumentation.instrumentation.Instrumentation$DefaultImpls.invoke$default(Instrumentation.kt:25)
	at com.huawei.utbot.framework.concrete.UtExecutionInstrumentation$invoke$$inlined$use$lambda$1.invoke(UtExecutionInstrumentation.kt:146)
	at com.huawei.utbot.framework.concrete.UtExecutionInstrumentation$invoke$$inlined$use$lambda$1.invoke(UtExecutionInstrumentation.kt:96)
	at com.huawei.utbot.framework.concrete.UtExecutionInstrumentation.withStaticFields(UtExecutionInstrumentation.kt:225)
	at com.huawei.utbot.framework.concrete.UtExecutionInstrumentation.invoke(UtExecutionInstrumentation.kt:137)
	at com.huawei.utbot.framework.concrete.UtExecutionInstrumentation.invoke(UtExecutionInstrumentation.kt:96)
	at com.huawei.utbot.instrumentation.process.ChildProcessKt.loop(ChildProcess.kt:114)
	at com.huawei.utbot.instrumentation.process.ChildProcessKt.main(ChildProcess.kt:76)
	at com.huawei.utbot.instrumentation.process.ChildProcessKt.main(ChildProcess.kt)

	at com.huawei.utbot.instrumentation.ConcreteExecutor.executeAsync(ConcreteExecutor.kt:391) ~[utbot-junit-contest-1.0.jar:?]
	at com.huawei.utbot.instrumentation.ConcreteExecutor$executeAsync$1.invokeSuspend(ConcreteExecutor.kt) ~[utbot-junit-contest-1.0.jar:?]
	at kotlin.coroutines.jvm.internal.BaseContinuationImpl.resumeWith(ContinuationImpl.kt:33) [utbot-junit-contest-1.0.jar:?]
	at kotlinx.coroutines.DispatchedTask.run(DispatchedTask.kt:106) [utbot-junit-contest-1.0.jar:?]
	at java.util.concurrent.Executors$RunnableAdapter.call(Executors.java:511) [?:1.8.0_312]
	at java.util.concurrent.FutureTask.run(FutureTask.java:266) [?:1.8.0_312]
	at java.util.concurrent.ScheduledThreadPoolExecutor$ScheduledFutureTask.access$201(ScheduledThreadPoolExecutor.java:180) [?:1.8.0_312]
	at java.util.concurrent.ScheduledThreadPoolExecutor$ScheduledFutureTask.run(ScheduledThreadPoolExecutor.java:293) [?:1.8.0_312]
	at java.util.concurrent.ThreadPoolExecutor.runWorker(ThreadPoolExecutor.java:1149) [?:1.8.0_312]
	at java.util.concurrent.ThreadPoolExecutor$Worker.run(ThreadPoolExecutor.java:624) [?:1.8.0_312]
	at java.lang.Thread.run(Thread.java:748) [?:1.8.0_312]
16:47:55.729 | DEBUG | --new testCase collected, to generate: testIo.seata.core.rpc.netty.RmRpcClient.sendMsgWithResponse(Object, long)1
16:47:56.025 | DEBUG | --new testCase collected, to generate: testIo.seata.core.rpc.netty.RmRpcClient.sendMsgWithResponse(Object, long)2
16:47:57.104 | INFO  | |> Starting concrete execution for remaining state: io.seata.core.rpc.netty.RmRpcClient.sendMsgWithResponse(Object, long)
16:47:58.304 | INFO  | (X) Cancelling concrete execution: io.seata.core.rpc.netty.RmRpcClient.sendMsgWithResponse(Object, long)
16:47:58.328 | INFO  | Finished (in 3.964 sec): method io.seata.core.rpc.netty.RmRpcClient.sendMsgWithResponse(Object, long) 
<StatsForMethod> :
	#generatedTC=2
	FAILED 1 time(s) with 1 different exception(s)"
16:47:58.505 | DEBUG |  ... 
16:47:58.505 | INFO  | Started: method io.seata.core.rpc.netty.RmRpcClient.getNettyPoolConfig()
16:47:58.506 | INFO  |  -- Remaining time budget: 66766 ms, #remaining_methods: 17, budget for method: 3927 ms, solver timeout: 1000 ms, budget for symbolic execution: 2727 ms, budget for concrete execution: 1200 ms,  -- 
16:47:58.514 | DEBUG | --new testCase collected, to generate: testIo.seata.core.rpc.netty.RmRpcClient.getNettyPoolConfig()1
16:47:58.573 | DEBUG | --new testCase collected, to generate: testIo.seata.core.rpc.netty.RmRpcClient.getNettyPoolConfig()2
16:47:58.574 | INFO  | Finished (in 0.068 sec): method io.seata.core.rpc.netty.RmRpcClient.getNettyPoolConfig() 
<StatsForMethod> :
	#generatedTC=2
	WITH NO EXCEPTIONS
16:47:58.577 | DEBUG |  ... 
16:47:58.578 | INFO  | Started: method io.seata.core.rpc.netty.RmRpcClient.getTransactionRole()
16:47:58.578 | INFO  |  -- Remaining time budget: 66693 ms, #remaining_methods: 16, budget for method: 4168 ms, solver timeout: 1000 ms, budget for symbolic execution: 2968 ms, budget for concrete execution: 1200 ms,  -- 
16:47:58.589 | DEBUG | --new testCase collected, to generate: testIo.seata.core.rpc.netty.RmRpcClient.getTransactionRole()1
16:47:58.665 | INFO  | Finished (in 0.086 sec): method io.seata.core.rpc.netty.RmRpcClient.getTransactionRole() 
<StatsForMethod> :
	#generatedTC=1
	WITH NO EXCEPTIONS
16:47:58.673 | DEBUG |  ... 
16:47:58.673 | INFO  | Started: method io.seata.core.rpc.netty.RmRpcClient.releaseChannel(Channel, String)
16:47:58.674 | INFO  |  -- Remaining time budget: 66598 ms, #remaining_methods: 15, budget for method: 4439 ms, solver timeout: 1000 ms, budget for symbolic execution: 3239 ms, budget for concrete execution: 1200 ms,  -- 
16:47:58.680 | DEBUG | --new testCase collected, to generate: testIo.seata.core.rpc.netty.RmRpcClient.releaseChannel(Channel, String)1
16:47:58.720 | DEBUG | --new testCase collected, to generate: testIo.seata.core.rpc.netty.RmRpcClient.releaseChannel(Channel, String)2
16:47:58.739 | DEBUG | --new testCase collected, to generate: testIo.seata.core.rpc.netty.RmRpcClient.releaseChannel(Channel, String)3
16:48:00.008 | DEBUG | --new testCase collected, to generate: testIo.seata.core.rpc.netty.RmRpcClient.releaseChannel(Channel, String)4
16:48:00.221 | DEBUG | --new testCase collected, to generate: testIo.seata.core.rpc.netty.RmRpcClient.releaseChannel(Channel, String)5
16:48:01.913 | INFO  | |> Starting concrete execution for remaining state: io.seata.core.rpc.netty.RmRpcClient.releaseChannel(Channel, String)
16:48:03.113 | INFO  | (X) Cancelling concrete execution: io.seata.core.rpc.netty.RmRpcClient.releaseChannel(Channel, String)
16:48:03.222 | INFO  | Finished (in 4.548 sec): method io.seata.core.rpc.netty.RmRpcClient.releaseChannel(Channel, String) 
<StatsForMethod> :
	#generatedTC=5
	WITH NO EXCEPTIONS
16:48:03.384 | DEBUG |  ... 
16:48:03.384 | INFO  | Started: method io.seata.core.rpc.netty.RmRpcClient.setResourceManager(ResourceManager)
16:48:03.385 | INFO  |  -- Remaining time budget: 61887 ms, #remaining_methods: 14, budget for method: 4420 ms, solver timeout: 1000 ms, budget for symbolic execution: 3220 ms, budget for concrete execution: 1200 ms,  -- 
16:48:03.389 | DEBUG | --new testCase collected, to generate: testIo.seata.core.rpc.netty.RmRpcClient.setResourceManager(ResourceManager)1
16:48:03.414 | DEBUG | --new testCase collected, to generate: testIo.seata.core.rpc.netty.RmRpcClient.setResourceManager(ResourceManager)2
16:48:03.415 | INFO  | Finished (in 0.030 sec): method io.seata.core.rpc.netty.RmRpcClient.setResourceManager(ResourceManager) 
<StatsForMethod> :
	#generatedTC=2
	WITH NO EXCEPTIONS
16:48:03.415 | DEBUG |  ... 
16:48:03.416 | INFO  | Started: method io.seata.core.rpc.netty.RmRpcClient.setTransactionServiceGroup(String)
16:48:03.416 | INFO  |  -- Remaining time budget: 61855 ms, #remaining_methods: 13, budget for method: 4758 ms, solver timeout: 1000 ms, budget for symbolic execution: 3558 ms, budget for concrete execution: 1200 ms,  -- 
16:48:03.420 | DEBUG | --new testCase collected, to generate: testIo.seata.core.rpc.netty.RmRpcClient.setTransactionServiceGroup(String)1
16:48:03.444 | DEBUG | --new testCase collected, to generate: testIo.seata.core.rpc.netty.RmRpcClient.setTransactionServiceGroup(String)2
16:48:03.445 | INFO  | Finished (in 0.029 sec): method io.seata.core.rpc.netty.RmRpcClient.setTransactionServiceGroup(String) 
<StatsForMethod> :
	#generatedTC=2
	WITH NO EXCEPTIONS
16:48:03.445 | DEBUG |  ... 
16:48:03.446 | INFO  | Started: method io.seata.core.rpc.netty.RmRpcClient.setApplicationId(String)
16:48:03.446 | INFO  |  -- Remaining time budget: 61825 ms, #remaining_methods: 12, budget for method: 5152 ms, solver timeout: 1000 ms, budget for symbolic execution: 3952 ms, budget for concrete execution: 1200 ms,  -- 
16:48:03.453 | DEBUG | --new testCase collected, to generate: testIo.seata.core.rpc.netty.RmRpcClient.setApplicationId(String)1
16:48:03.477 | DEBUG | --new testCase collected, to generate: testIo.seata.core.rpc.netty.RmRpcClient.setApplicationId(String)2
16:48:03.477 | INFO  | Finished (in 0.031 sec): method io.seata.core.rpc.netty.RmRpcClient.setApplicationId(String) 
<StatsForMethod> :
	#generatedTC=2
	WITH NO EXCEPTIONS
16:48:03.478 | DEBUG |  ... 
16:48:03.478 | INFO  | Started: method io.seata.core.rpc.netty.RmRpcClient.doConnect(String)
16:48:03.478 | INFO  |  -- Remaining time budget: 61793 ms, #remaining_methods: 11, budget for method: 5617 ms, solver timeout: 1000 ms, budget for symbolic execution: 4417 ms, budget for concrete execution: 1200 ms,  -- 
16:48:03.487 | DEBUG | --new testCase collected, to generate: testIo.seata.core.rpc.netty.RmRpcClient.doConnect(String)1
16:48:07.896 | INFO  | |> Starting concrete execution for remaining state: io.seata.core.rpc.netty.RmRpcClient.doConnect(String)
16:48:09.096 | INFO  | (X) Cancelling concrete execution: io.seata.core.rpc.netty.RmRpcClient.doConnect(String)
16:48:09.176 | INFO  | Finished (in 5.698 sec): method io.seata.core.rpc.netty.RmRpcClient.doConnect(String) 
<StatsForMethod> :
	#generatedTC=1
	WITH NO EXCEPTIONS
16:48:09.349 | DEBUG |  ... 
16:48:09.350 | INFO  | Started: method io.seata.core.rpc.netty.RmRpcClient.getExistAliveChannel(Channel, String)
16:48:09.350 | INFO  |  -- Remaining time budget: 55922 ms, #remaining_methods: 10, budget for method: 5592 ms, solver timeout: 1000 ms, budget for symbolic execution: 4392 ms, budget for concrete execution: 1200 ms,  -- 
16:48:09.356 | DEBUG | --new testCase collected, to generate: testIo.seata.core.rpc.netty.RmRpcClient.getExistAliveChannel(Channel, String)1
16:48:09.382 | DEBUG | --new testCase collected, to generate: testIo.seata.core.rpc.netty.RmRpcClient.getExistAliveChannel(Channel, String)2
16:48:09.402 | DEBUG | --new testCase collected, to generate: testIo.seata.core.rpc.netty.RmRpcClient.getExistAliveChannel(Channel, String)3
16:48:09.441 | DEBUG | --new testCase collected, to generate: testIo.seata.core.rpc.netty.RmRpcClient.getExistAliveChannel(Channel, String)4
16:48:09.641 | DEBUG | --new testCase collected, to generate: testIo.seata.core.rpc.netty.RmRpcClient.getExistAliveChannel(Channel, String)5
16:48:11.311 | DEBUG | --new testCase collected, to generate: testIo.seata.core.rpc.netty.RmRpcClient.getExistAliveChannel(Channel, String)6
16:48:13.742 | INFO  | |> Starting concrete execution for remaining state: io.seata.core.rpc.netty.RmRpcClient.getExistAliveChannel(Channel, String)
16:48:14.943 | INFO  | (X) Cancelling concrete execution: io.seata.core.rpc.netty.RmRpcClient.getExistAliveChannel(Channel, String)
16:48:15.088 | INFO  | Finished (in 5.738 sec): method io.seata.core.rpc.netty.RmRpcClient.getExistAliveChannel(Channel, String) 
<StatsForMethod> :
	#generatedTC=6
	WITH NO EXCEPTIONS
16:48:15.098 | DEBUG |  ... 
16:48:15.099 | INFO  | Started: method io.seata.core.rpc.netty.RmRpcClient.sendRegisterMessage(String, Channel, String)
16:48:15.099 | INFO  |  -- Remaining time budget: 50173 ms, #remaining_methods: 9, budget for method: 5574 ms, solver timeout: 1000 ms, budget for symbolic execution: 4374 ms, budget for concrete execution: 1200 ms,  -- 
16:48:15.108 | DEBUG | --new testCase collected, to generate: testIo.seata.core.rpc.netty.RmRpcClient.sendRegisterMessage(String, Channel, String)1
16:48:16.318 | ERROR | Symbolic execution FAILED
com.huawei.utbot.instrumentation.util.ChildProcessError: Error in the child process |> java.lang.IllegalStateException: No field $__is_mock_null in class java.nio.ByteBuffer
	at com.huawei.utbot.framework.concrete.MethodMockController.<init>(MethodMockController.kt:38)
	at com.huawei.utbot.framework.concrete.MockValueConstructor.mockMethods(MockValueConstructor.kt:245)
	at com.huawei.utbot.framework.concrete.MockValueConstructor.mockStaticMethods(MockValueConstructor.kt:263)
	at com.huawei.utbot.framework.concrete.UtExecutionInstrumentation$invoke$$inlined$use$lambda$1.invoke(UtExecutionInstrumentation.kt:139)
	at com.huawei.utbot.framework.concrete.UtExecutionInstrumentation$invoke$$inlined$use$lambda$1.invoke(UtExecutionInstrumentation.kt:96)
	at com.huawei.utbot.framework.concrete.UtExecutionInstrumentation.withStaticFields(UtExecutionInstrumentation.kt:225)
	at com.huawei.utbot.framework.concrete.UtExecutionInstrumentation.invoke(UtExecutionInstrumentation.kt:137)
	at com.huawei.utbot.framework.concrete.UtExecutionInstrumentation.invoke(UtExecutionInstrumentation.kt:96)
	at com.huawei.utbot.instrumentation.process.ChildProcessKt.loop(ChildProcess.kt:114)
	at com.huawei.utbot.instrumentation.process.ChildProcessKt.main(ChildProcess.kt:76)
	at com.huawei.utbot.instrumentation.process.ChildProcessKt.main(ChildProcess.kt)

	at com.huawei.utbot.instrumentation.ConcreteExecutor.executeAsync(ConcreteExecutor.kt:391) ~[utbot-junit-contest-1.0.jar:?]
	at com.huawei.utbot.instrumentation.ConcreteExecutor$executeAsync$1.invokeSuspend(ConcreteExecutor.kt) ~[utbot-junit-contest-1.0.jar:?]
	at kotlin.coroutines.jvm.internal.BaseContinuationImpl.resumeWith(ContinuationImpl.kt:33) [utbot-junit-contest-1.0.jar:?]
	at kotlinx.coroutines.DispatchedTask.run(DispatchedTask.kt:106) [utbot-junit-contest-1.0.jar:?]
	at java.util.concurrent.Executors$RunnableAdapter.call(Executors.java:511) [?:1.8.0_312]
	at java.util.concurrent.FutureTask.run(FutureTask.java:266) [?:1.8.0_312]
	at java.util.concurrent.ScheduledThreadPoolExecutor$ScheduledFutureTask.access$201(ScheduledThreadPoolExecutor.java:180) [?:1.8.0_312]
	at java.util.concurrent.ScheduledThreadPoolExecutor$ScheduledFutureTask.run(ScheduledThreadPoolExecutor.java:293) [?:1.8.0_312]
	at java.util.concurrent.ThreadPoolExecutor.runWorker(ThreadPoolExecutor.java:1149) [?:1.8.0_312]
	at java.util.concurrent.ThreadPoolExecutor$Worker.run(ThreadPoolExecutor.java:624) [?:1.8.0_312]
	at java.lang.Thread.run(Thread.java:748) [?:1.8.0_312]
16:48:16.428 | ERROR | Symbolic execution FAILED ... <<stack trace duplicated>>
16:48:16.428 | INFO  | Finished (in 1.329 sec): method io.seata.core.rpc.netty.RmRpcClient.sendRegisterMessage(String, Channel, String) 
<StatsForMethod> :
	#generatedTC=1
	FAILED 2 time(s) with 1 different exception(s)"
16:48:16.444 | DEBUG |  ... 
16:48:16.445 | INFO  | Started: method io.seata.core.rpc.netty.RmRpcClient.registerResource(String, String)
16:48:16.445 | INFO  |  -- Remaining time budget: 48826 ms, #remaining_methods: 8, budget for method: 6103 ms, solver timeout: 1000 ms, budget for symbolic execution: 4903 ms, budget for concrete execution: 1200 ms,  -- 
16:48:16.454 | DEBUG | --new testCase collected, to generate: testIo.seata.core.rpc.netty.RmRpcClient.registerResource(String, String)1
16:48:17.212 | DEBUG | --new testCase collected, to generate: testIo.seata.core.rpc.netty.RmRpcClient.registerResource(String, String)2
16:48:17.389 | DEBUG | --new testCase collected, to generate: testIo.seata.core.rpc.netty.RmRpcClient.registerResource(String, String)3
16:48:21.348 | INFO  | |> Starting concrete execution for remaining state: io.seata.core.rpc.netty.RmRpcClient.registerResource(String, String)
16:48:22.549 | INFO  | (X) Cancelling concrete execution: io.seata.core.rpc.netty.RmRpcClient.registerResource(String, String)
16:48:22.640 | INFO  | Finished (in 6.194 sec): method io.seata.core.rpc.netty.RmRpcClient.registerResource(String, String) 
<StatsForMethod> :
	#generatedTC=3
	WITH NO EXCEPTIONS
16:48:22.878 | DEBUG |  ... 
16:48:22.879 | INFO  | Started: method io.seata.core.rpc.netty.RmRpcClient.getCustomerKeys()
16:48:22.879 | INFO  |  -- Remaining time budget: 42393 ms, #remaining_methods: 7, budget for method: 6056 ms, solver timeout: 1000 ms, budget for symbolic execution: 4856 ms, budget for concrete execution: 1200 ms,  -- 
16:48:22.884 | DEBUG | --new testCase collected, to generate: testIo.seata.core.rpc.netty.RmRpcClient.getCustomerKeys()1
16:48:22.917 | DEBUG | --new testCase collected, to generate: testIo.seata.core.rpc.netty.RmRpcClient.getCustomerKeys()2
16:48:22.918 | INFO  | Finished (in 0.039 sec): method io.seata.core.rpc.netty.RmRpcClient.getCustomerKeys() 
<StatsForMethod> :
	#generatedTC=2
	WITH NO EXCEPTIONS
16:48:22.918 | DEBUG |  ... 
16:48:22.919 | INFO  | Started: method io.seata.core.rpc.netty.RmRpcClient.setCustomerKeys(String)
16:48:22.919 | INFO  |  -- Remaining time budget: 42353 ms, #remaining_methods: 6, budget for method: 7058 ms, solver timeout: 1000 ms, budget for symbolic execution: 5858 ms, budget for concrete execution: 1200 ms,  -- 
16:48:22.923 | DEBUG | --new testCase collected, to generate: testIo.seata.core.rpc.netty.RmRpcClient.setCustomerKeys(String)1
16:48:22.948 | DEBUG | --new testCase collected, to generate: testIo.seata.core.rpc.netty.RmRpcClient.setCustomerKeys(String)2
16:48:22.948 | INFO  | Finished (in 0.030 sec): method io.seata.core.rpc.netty.RmRpcClient.setCustomerKeys(String) 
<StatsForMethod> :
	#generatedTC=2
	WITH NO EXCEPTIONS
16:48:22.949 | DEBUG |  ... 
16:48:22.950 | INFO  | Started: method io.seata.core.rpc.netty.RmRpcClient.getMergedResourceKeys(ResourceManager)
16:48:22.950 | INFO  |  -- Remaining time budget: 42322 ms, #remaining_methods: 5, budget for method: 8464 ms, solver timeout: 1000 ms, budget for symbolic execution: 7264 ms, budget for concrete execution: 1200 ms,  -- 
16:48:22.954 | DEBUG | --new testCase collected, to generate: testIo.seata.core.rpc.netty.RmRpcClient.getMergedResourceKeys(ResourceManager)1
16:48:22.978 | DEBUG | --new testCase collected, to generate: testIo.seata.core.rpc.netty.RmRpcClient.getMergedResourceKeys(ResourceManager)2
16:48:22.999 | DEBUG | --new testCase collected, to generate: testIo.seata.core.rpc.netty.RmRpcClient.getMergedResourceKeys(ResourceManager)3
16:48:30.214 | INFO  | |> Starting concrete execution for remaining state: io.seata.core.rpc.netty.RmRpcClient.getMergedResourceKeys(ResourceManager)
16:48:31.415 | INFO  | (X) Cancelling concrete execution: io.seata.core.rpc.netty.RmRpcClient.getMergedResourceKeys(ResourceManager)
16:48:31.901 | INFO  | Finished (in 8.952 sec): method io.seata.core.rpc.netty.RmRpcClient.getMergedResourceKeys(ResourceManager) 
<StatsForMethod> :
	#generatedTC=3
	WITH NO EXCEPTIONS
16:48:32.011 | DEBUG |  ... 
16:48:32.012 | INFO  | Started: method io.seata.core.rpc.netty.RmRpcClient.getInstance(String, String)
16:48:32.012 | INFO  |  -- Remaining time budget: 33259 ms, #remaining_methods: 4, budget for method: 8314 ms, solver timeout: 1000 ms, budget for symbolic execution: 7114 ms, budget for concrete execution: 1200 ms,  -- 
16:48:32.018 | DEBUG | --new testCase collected, to generate: testIo.seata.core.rpc.netty.RmRpcClient.getInstance(String, String)1
16:48:32.168 | DEBUG | --new testCase collected, to generate: testIo.seata.core.rpc.netty.RmRpcClient.getInstance(String, String)2
16:48:32.168 | INFO  | Finished (in 0.156 sec): method io.seata.core.rpc.netty.RmRpcClient.getInstance(String, String) 
<StatsForMethod> :
	#generatedTC=2
	WITH NO EXCEPTIONS
16:48:32.181 | DEBUG |  ... 
16:48:32.182 | INFO  | Started: method io.seata.core.rpc.netty.RmRpcClient.getInstance()
16:48:32.182 | INFO  |  -- Remaining time budget: 33089 ms, #remaining_methods: 3, budget for method: 11029 ms, solver timeout: 1000 ms, budget for symbolic execution: 9829 ms, budget for concrete execution: 1200 ms,  -- 
16:48:32.186 | DEBUG | --new testCase collected, to generate: testIo.seata.core.rpc.netty.RmRpcClient.getInstance()1
16:48:32.247 | DEBUG | --new testCase collected, to generate: testIo.seata.core.rpc.netty.RmRpcClient.getInstance()2
16:48:32.291 | INFO  | Finished (in 0.109 sec): method io.seata.core.rpc.netty.RmRpcClient.getInstance() 
<StatsForMethod> :
	#generatedTC=2
	WITH NO EXCEPTIONS
16:48:32.302 | DEBUG |  ... 
16:48:32.303 | INFO  | Started: method io.seata.core.rpc.netty.RmRpcClient.<init>(NettyClientConfig)
16:48:32.303 | INFO  |  -- Remaining time budget: 32968 ms, #remaining_methods: 2, budget for method: 16484 ms, solver timeout: 1000 ms, budget for symbolic execution: 15284 ms, budget for concrete execution: 1200 ms,  -- 
16:48:32.318 | ERROR | Symbolic execution FAILED
com.huawei.utbot.instrumentation.util.ReadingFromKryoException: Failure reading from kryo
	at com.huawei.utbot.instrumentation.ConcreteExecutor.executeAsync(ConcreteExecutor.kt:392) ~[utbot-junit-contest-1.0.jar:?]
	at com.huawei.utbot.instrumentation.ConcreteExecutor$executeAsync$1.invokeSuspend(ConcreteExecutor.kt) ~[utbot-junit-contest-1.0.jar:?]
	at kotlin.coroutines.jvm.internal.BaseContinuationImpl.resumeWith(ContinuationImpl.kt:33) [utbot-junit-contest-1.0.jar:?]
	at kotlinx.coroutines.DispatchedTask.run(DispatchedTask.kt:106) [utbot-junit-contest-1.0.jar:?]
	at java.util.concurrent.Executors$RunnableAdapter.call(Executors.java:511) [?:1.8.0_312]
	at java.util.concurrent.FutureTask.run(FutureTask.java:266) [?:1.8.0_312]
	at java.util.concurrent.ScheduledThreadPoolExecutor$ScheduledFutureTask.access$201(ScheduledThreadPoolExecutor.java:180) [?:1.8.0_312]
	at java.util.concurrent.ScheduledThreadPoolExecutor$ScheduledFutureTask.run(ScheduledThreadPoolExecutor.java:293) [?:1.8.0_312]
	at java.util.concurrent.ThreadPoolExecutor.runWorker(ThreadPoolExecutor.java:1149) [?:1.8.0_312]
	at java.util.concurrent.ThreadPoolExecutor$Worker.run(ThreadPoolExecutor.java:624) [?:1.8.0_312]
	at java.lang.Thread.run(Thread.java:748) [?:1.8.0_312]
Caused by: com.esotericsoftware.kryo.KryoException: Buffer underflow.
	at com.esotericsoftware.kryo.io.Input.require(Input.java:219) ~[utbot-junit-contest-1.0.jar:?]
	at com.esotericsoftware.kryo.io.Input.readVarLong(Input.java:570) ~[utbot-junit-contest-1.0.jar:?]
	at com.esotericsoftware.kryo.serializers.DefaultSerializers$LongSerializer.read(DefaultSerializers.java:131) ~[utbot-junit-contest-1.0.jar:?]
	at com.esotericsoftware.kryo.serializers.DefaultSerializers$LongSerializer.read(DefaultSerializers.java:125) ~[utbot-junit-contest-1.0.jar:?]
	at com.esotericsoftware.kryo.Kryo.readObject(Kryo.java:774) ~[utbot-junit-contest-1.0.jar:?]
	at com.huawei.utbot.instrumentation.util.KryoHelper.readLong(KryoHelper.kt:36) ~[utbot-junit-contest-1.0.jar:?]
	at com.huawei.utbot.instrumentation.ConcreteExecutor$restartIfNeeded$$inlined$bracket$lambda$1$1$1.invokeSuspend(ConcreteExecutor.kt:256) ~[utbot-junit-contest-1.0.jar:?]
	at kotlin.coroutines.jvm.internal.BaseContinuationImpl.resumeWith(ContinuationImpl.kt:33) ~[utbot-junit-contest-1.0.jar:?]
	at kotlinx.coroutines.DispatchedTask.run(DispatchedTask.kt:106) ~[utbot-junit-contest-1.0.jar:?]
	at kotlinx.coroutines.EventLoopImplBase.processNextEvent(EventLoop.common.kt:274) ~[utbot-junit-contest-1.0.jar:?]
	at kotlinx.coroutines.BlockingCoroutine.joinBlocking(Builders.kt:84) ~[utbot-junit-contest-1.0.jar:?]
	at kotlinx.coroutines.BuildersKt__BuildersKt.runBlocking(Builders.kt:59) ~[utbot-junit-contest-1.0.jar:?]
	at kotlinx.coroutines.BuildersKt.runBlocking(Unknown Source) ~[utbot-junit-contest-1.0.jar:?]
	at kotlinx.coroutines.BuildersKt__BuildersKt.runBlocking$default(Builders.kt:38) ~[utbot-junit-contest-1.0.jar:?]
	at kotlinx.coroutines.BuildersKt.runBlocking$default(Unknown Source) ~[utbot-junit-contest-1.0.jar:?]
	at com.huawei.utbot.instrumentation.ConcreteExecutor$restartIfNeeded$$inlined$bracket$lambda$1$1.invoke(ConcreteExecutor.kt:253) ~[utbot-junit-contest-1.0.jar:?]
	at com.huawei.utbot.instrumentation.ConcreteExecutor$restartIfNeeded$$inlined$bracket$lambda$1$1.invoke(ConcreteExecutor.kt:101) ~[utbot-junit-contest-1.0.jar:?]
	at kotlin.concurrent.ThreadsKt$thread$thread$1.run(Thread.kt:30) ~[utbot-junit-contest-1.0.jar:?]
16:48:33.085 | INFO  | Finished (in 0.781 sec): method io.seata.core.rpc.netty.RmRpcClient.<init>(NettyClientConfig) 
<StatsForMethod> :
	#generatedTC=0
	FAILED 1 time(s) with 1 different exception(s)"
16:48:33.153 | DEBUG |  ... 
16:48:33.154 | INFO  | Started: method io.seata.core.rpc.netty.RmRpcClient.<init>(NettyClientConfig, EventExecutorGroup, ThreadPoolExecutor)
16:48:33.154 | INFO  |  -- Remaining time budget: 32118 ms, #remaining_methods: 1, budget for method: 32118 ms, solver timeout: 1000 ms, budget for symbolic execution: 30918 ms, budget for concrete execution: 1200 ms,  -- 
16:48:39.318 | ERROR | Symbolic execution FAILED
com.huawei.utbot.instrumentation.util.ReadingFromKryoException: Failure reading from kryo
	at com.huawei.utbot.instrumentation.ConcreteExecutor.executeAsync(ConcreteExecutor.kt:392) ~[utbot-junit-contest-1.0.jar:?]
	at com.huawei.utbot.instrumentation.ConcreteExecutor$executeAsync$1.invokeSuspend(ConcreteExecutor.kt) ~[utbot-junit-contest-1.0.jar:?]
	at kotlin.coroutines.jvm.internal.BaseContinuationImpl.resumeWith(ContinuationImpl.kt:33) [utbot-junit-contest-1.0.jar:?]
	at kotlinx.coroutines.DispatchedTask.run(DispatchedTask.kt:106) [utbot-junit-contest-1.0.jar:?]
	at java.util.concurrent.Executors$RunnableAdapter.call(Executors.java:511) [?:1.8.0_312]
	at java.util.concurrent.FutureTask.run(FutureTask.java:266) [?:1.8.0_312]
	at java.util.concurrent.ScheduledThreadPoolExecutor$ScheduledFutureTask.access$201(ScheduledThreadPoolExecutor.java:180) [?:1.8.0_312]
	at java.util.concurrent.ScheduledThreadPoolExecutor$ScheduledFutureTask.run(ScheduledThreadPoolExecutor.java:293) [?:1.8.0_312]
	at java.util.concurrent.ThreadPoolExecutor.runWorker(ThreadPoolExecutor.java:1149) [?:1.8.0_312]
	at java.util.concurrent.ThreadPoolExecutor$Worker.run(ThreadPoolExecutor.java:624) [?:1.8.0_312]
	at java.lang.Thread.run(Thread.java:748) [?:1.8.0_312]
Caused by: com.esotericsoftware.kryo.KryoException: Buffer underflow.
	at com.esotericsoftware.kryo.io.Input.require(Input.java:219) ~[utbot-junit-contest-1.0.jar:?]
	at com.esotericsoftware.kryo.io.Input.readVarLong(Input.java:570) ~[utbot-junit-contest-1.0.jar:?]
	at com.esotericsoftware.kryo.serializers.DefaultSerializers$LongSerializer.read(DefaultSerializers.java:131) ~[utbot-junit-contest-1.0.jar:?]
	at com.esotericsoftware.kryo.serializers.DefaultSerializers$LongSerializer.read(DefaultSerializers.java:125) ~[utbot-junit-contest-1.0.jar:?]
	at com.esotericsoftware.kryo.Kryo.readObject(Kryo.java:774) ~[utbot-junit-contest-1.0.jar:?]
	at com.huawei.utbot.instrumentation.util.KryoHelper.readLong(KryoHelper.kt:36) ~[utbot-junit-contest-1.0.jar:?]
	at com.huawei.utbot.instrumentation.ConcreteExecutor$restartIfNeeded$$inlined$bracket$lambda$1$1$1.invokeSuspend(ConcreteExecutor.kt:256) ~[utbot-junit-contest-1.0.jar:?]
	at kotlin.coroutines.jvm.internal.BaseContinuationImpl.resumeWith(ContinuationImpl.kt:33) ~[utbot-junit-contest-1.0.jar:?]
	at kotlinx.coroutines.DispatchedTask.run(DispatchedTask.kt:106) ~[utbot-junit-contest-1.0.jar:?]
	at kotlinx.coroutines.EventLoopImplBase.processNextEvent(EventLoop.common.kt:274) ~[utbot-junit-contest-1.0.jar:?]
	at kotlinx.coroutines.BlockingCoroutine.joinBlocking(Builders.kt:84) ~[utbot-junit-contest-1.0.jar:?]
	at kotlinx.coroutines.BuildersKt__BuildersKt.runBlocking(Builders.kt:59) ~[utbot-junit-contest-1.0.jar:?]
	at kotlinx.coroutines.BuildersKt.runBlocking(Unknown Source) ~[utbot-junit-contest-1.0.jar:?]
	at kotlinx.coroutines.BuildersKt__BuildersKt.runBlocking$default(Builders.kt:38) ~[utbot-junit-contest-1.0.jar:?]
	at kotlinx.coroutines.BuildersKt.runBlocking$default(Unknown Source) ~[utbot-junit-contest-1.0.jar:?]
	at com.huawei.utbot.instrumentation.ConcreteExecutor$restartIfNeeded$$inlined$bracket$lambda$1$1.invoke(ConcreteExecutor.kt:253) ~[utbot-junit-contest-1.0.jar:?]
	at com.huawei.utbot.instrumentation.ConcreteExecutor$restartIfNeeded$$inlined$bracket$lambda$1$1.invoke(ConcreteExecutor.kt:101) ~[utbot-junit-contest-1.0.jar:?]
	at kotlin.concurrent.ThreadsKt$thread$thread$1.run(Thread.kt:30) ~[utbot-junit-contest-1.0.jar:?]
16:48:40.095 | INFO  | Finished (in 6.941 sec): method io.seata.core.rpc.netty.RmRpcClient.<init>(NettyClientConfig, EventExecutorGroup, ThreadPoolExecutor) 
<StatsForMethod> :
	#generatedTC=0
	FAILED 1 time(s) with 1 different exception(s)"
16:48:40.168 | INFO  | Started: Flushing tests for [RmRpcClient] on disk
16:48:40.540 | INFO  | File size for RmRpcClientTest: 63 KB
16:48:40.542 | INFO  | Finished (in 0.373 sec): Flushing tests for [RmRpcClient] on disk 
16:48:40.542 | INFO  | Finished (in 77.240 sec): class io.seata.core.rpc.netty.RmRpcClient 
<StatsForClass> :
	canceled by timeout = false
	#methods = 28, 
	#methods started symbolic exploration = 28
	#methods with at least one TC = 26
	#methods with exceptions = 5
	#generated TC = 60
	#coverage = null
[READY]
