Started UtBot Contest, classfileDir = /var/benchmarks/projects/seata/core/target/classes, classpathString=/var/benchmarks/projects/seata/core/target/classes:/var/benchmarks/projects/seata/core/target/seata-core-0.5.0.jar:/var/benchmarks/projects/./seata/core/target/dependency/mockito-core-2.23.4.jar:/var/benchmarks/projects/seata/core/target/dependency/byte-buddy-agent-1.9.3.jar:/var/benchmarks/projects/seata/core/target/dependency/assertj-core-2.6.0.jar:/var/benchmarks/projects/seata/core/target/dependency/seata-common-0.5.0.jar:/var/benchmarks/projects/seata/core/target/dependency/byte-buddy-1.9.3.jar:/var/benchmarks/projects/seata/core/target/dependency/objenesis-2.6.jar:/var/benchmarks/projects/seata/core/target/dependency/seata-discovery-core-0.5.0.jar:/var/benchmarks/projects/seata/core/target/dependency/commons-pool2-2.4.2.jar:/var/benchmarks/projects/seata/core/target/dependency/junit-4.12.jar:/var/benchmarks/projects/seata/core/target/dependency/hamcrest-core-1.3.jar:/var/benchmarks/projects/seata/core/target/dependency/slf4j-api-1.7.22.jar:/var/benchmarks/projects/seata/core/target/dependency/seata-config-core-0.5.0.jar:/var/benchmarks/projects/seata/core/target/dependency/netty-all-4.1.24.Final.jar:/var/benchmarks/projects/seata/core/target/dependency/commons-lang-2.6.jar:/var/benchmarks/projects/seata/core/target/dependency/fastjson-1.2.48.jar:/var/benchmarks/projects/seata/core/target/dependency/config-1.2.1.jar:/var/benchmarks/projects/seata/core/target/dependency/commons-pool-1.6.jar, outputDir=/home/utbot_mocks/temp/testcases, mocks=Other classes: Mockito
00:07:58.577 | INFO  | Started: warmup: kotlin reflection :: init
00:07:58.675 | INFO  | Finished (in 0.098 sec): warmup: kotlin reflection :: init 
[INIT]
>> [RUN] io.seata.core.protocol.transaction.BranchReportRequest 120
00:07:58.691 | DEBUG | -----------------------------------------------------------------------------
00:07:58.692 | INFO  | Contest.runGeneration: Time budget: 120000 ms, Generation timeout=102000 ms, classpath=/var/benchmarks/projects/seata/core/target/classes:/var/benchmarks/projects/seata/core/target/seata-core-0.5.0.jar:/var/benchmarks/projects/./seata/core/target/dependency/mockito-core-2.23.4.jar:/var/benchmarks/projects/seata/core/target/dependency/byte-buddy-agent-1.9.3.jar:/var/benchmarks/projects/seata/core/target/dependency/assertj-core-2.6.0.jar:/var/benchmarks/projects/seata/core/target/dependency/seata-common-0.5.0.jar:/var/benchmarks/projects/seata/core/target/dependency/byte-buddy-1.9.3.jar:/var/benchmarks/projects/seata/core/target/dependency/objenesis-2.6.jar:/var/benchmarks/projects/seata/core/target/dependency/seata-discovery-core-0.5.0.jar:/var/benchmarks/projects/seata/core/target/dependency/commons-pool2-2.4.2.jar:/var/benchmarks/projects/seata/core/target/dependency/junit-4.12.jar:/var/benchmarks/projects/seata/core/target/dependency/hamcrest-core-1.3.jar:/var/benchmarks/projects/seata/core/target/dependency/slf4j-api-1.7.22.jar:/var/benchmarks/projects/seata/core/target/dependency/seata-config-core-0.5.0.jar:/var/benchmarks/projects/seata/core/target/dependency/netty-all-4.1.24.Final.jar:/var/benchmarks/projects/seata/core/target/dependency/commons-lang-2.6.jar:/var/benchmarks/projects/seata/core/target/dependency/fastjson-1.2.48.jar:/var/benchmarks/projects/seata/core/target/dependency/config-1.2.1.jar:/var/benchmarks/projects/seata/core/target/dependency/commons-pool-1.6.jar, methodNameFilter=null
00:07:58.694 | INFO  | ClassUnderTest[ FQN: io.seata.core.protocol.transaction.BranchReportRequest
    classfileDir: /var/benchmarks/projects/seata/core/target/classes
    testClassSimpleName: BranchReportRequestTest
    generatedTestFile: /home/utbot_mocks/temp/testcases/io/seata/core/protocol/transaction/BranchReportRequestTest.java
    generatedTestsSourcesDir: /home/utbot_mocks/temp/testcases
]
00:07:58.717 | INFO  | Started: class io.seata.core.protocol.transaction.BranchReportRequest
00:07:58.718 | INFO  | Started: preparation class class io.seata.core.protocol.transaction.BranchReportRequest: kotlin reflection :: run
00:07:58.784 | INFO  | Finished (in 0.065 sec): preparation class class io.seata.core.protocol.transaction.BranchReportRequest: kotlin reflection :: run 
00:07:58.785 | INFO  | Started: 2nd optional soot initialization
00:07:58.786 | INFO  | Finished (in 0.001 sec): 2nd optional soot initialization 
00:07:58.795 | DEBUG |  ... 
00:07:58.813 | INFO  | Started: method io.seata.core.protocol.transaction.BranchReportRequest.toString()
00:07:58.815 | INFO  |  -- Remaining time budget: 101894 ms, #remaining_methods: 18, budget for method: 5660 ms, solver timeout: 1000 ms, budget for symbolic execution: 4460 ms, budget for concrete execution: 1200 ms,  -- 
00:07:59.169 | DEBUG | --new testCase collected, to generate: testIo.seata.core.protocol.transaction.BranchReportRequest.toString()1
00:08:03.271 | INFO  | |> Starting concrete execution for remaining state: io.seata.core.protocol.transaction.BranchReportRequest.toString()
00:08:04.473 | INFO  | (X) Cancelling concrete execution: io.seata.core.protocol.transaction.BranchReportRequest.toString()
00:08:04.663 | INFO  | Finished (in 5.849 sec): method io.seata.core.protocol.transaction.BranchReportRequest.toString() 
<StatsForMethod> :
	#generatedTC=1
	WITH NO EXCEPTIONS
00:08:04.934 | DEBUG |  ... 
00:08:04.936 | INFO  | Started: method io.seata.core.protocol.transaction.BranchReportRequest.decode(ByteBuffer)
00:08:04.936 | INFO  |  -- Remaining time budget: 95758 ms, #remaining_methods: 17, budget for method: 5632 ms, solver timeout: 1000 ms, budget for symbolic execution: 4432 ms, budget for concrete execution: 1200 ms,  -- 
00:08:04.961 | DEBUG | --new testCase collected, to generate: testIo.seata.core.protocol.transaction.BranchReportRequest.decode(ByteBuffer)1
00:08:05.018 | DEBUG | --new testCase collected, to generate: testIo.seata.core.protocol.transaction.BranchReportRequest.decode(ByteBuffer)2
00:08:05.445 | DEBUG | --new testCase collected, to generate: testIo.seata.core.protocol.transaction.BranchReportRequest.decode(ByteBuffer)3
00:08:09.368 | INFO  | |> Starting concrete execution for remaining state: io.seata.core.protocol.transaction.BranchReportRequest.decode(ByteBuffer)
00:08:10.569 | INFO  | (X) Cancelling concrete execution: io.seata.core.protocol.transaction.BranchReportRequest.decode(ByteBuffer)
00:08:12.379 | INFO  | Finished (in 7.442 sec): method io.seata.core.protocol.transaction.BranchReportRequest.decode(ByteBuffer) 
<StatsForMethod> :
	#generatedTC=3
	WITH NO EXCEPTIONS
00:08:12.419 | DEBUG |  ... 
00:08:12.420 | INFO  | Started: method io.seata.core.protocol.transaction.BranchReportRequest.encode()
00:08:12.420 | INFO  |  -- Remaining time budget: 88273 ms, #remaining_methods: 16, budget for method: 5517 ms, solver timeout: 1000 ms, budget for symbolic execution: 4317 ms, budget for concrete execution: 1200 ms,  -- 
00:08:12.436 | DEBUG | --new testCase collected, to generate: testIo.seata.core.protocol.transaction.BranchReportRequest.encode()1
00:08:12.503 | DEBUG | --new testCase collected, to generate: testIo.seata.core.protocol.transaction.BranchReportRequest.encode()2
00:08:12.541 | DEBUG | --new testCase collected, to generate: testIo.seata.core.protocol.transaction.BranchReportRequest.encode()3
00:08:12.610 | DEBUG | --new testCase collected, to generate: testIo.seata.core.protocol.transaction.BranchReportRequest.encode()4
00:08:12.653 | DEBUG | --new testCase collected, to generate: testIo.seata.core.protocol.transaction.BranchReportRequest.encode()5
00:08:12.686 | DEBUG | --new testCase collected, to generate: testIo.seata.core.protocol.transaction.BranchReportRequest.encode()6
00:08:13.986 | ERROR | Symbolic execution FAILED
com.huawei.utbot.instrumentation.util.ChildProcessError: Error in the child process |> java.lang.IllegalStateException: No field $__is_mock_null in class java.nio.charset.Charset
	at com.huawei.utbot.framework.concrete.MethodMockController.<init>(MethodMockController.kt:38)
	at com.huawei.utbot.framework.concrete.MockValueConstructor.mockMethods(MockValueConstructor.kt:245)
	at com.huawei.utbot.framework.concrete.MockValueConstructor.mockStaticMethods(MockValueConstructor.kt:263)
	at com.huawei.utbot.framework.concrete.UtExecutionInstrumentation$invoke$$inlined$use$lambda$1.invoke(UtExecutionInstrumentation.kt:139)
	at com.huawei.utbot.framework.concrete.UtExecutionInstrumentation$invoke$$inlined$use$lambda$1.invoke(UtExecutionInstrumentation.kt:96)
	at com.huawei.utbot.framework.concrete.UtExecutionInstrumentation.withStaticFields(UtExecutionInstrumentation.kt:225)
	at com.huawei.utbot.framework.concrete.UtExecutionInstrumentation.invoke(UtExecutionInstrumentation.kt:137)
	at com.huawei.utbot.framework.concrete.UtExecutionInstrumentation.invoke(UtExecutionInstrumentation.kt:96)
	at com.huawei.utbot.instrumentation.process.ChildProcessKt.loop(ChildProcess.kt:114)
	at com.huawei.utbot.instrumentation.process.ChildProcessKt.main(ChildProcess.kt:76)
	at com.huawei.utbot.instrumentation.process.ChildProcessKt.main(ChildProcess.kt)

	at com.huawei.utbot.instrumentation.ConcreteExecutor.executeAsync(ConcreteExecutor.kt:391) ~[utbot-junit-contest-1.0.jar:?]
	at com.huawei.utbot.instrumentation.ConcreteExecutor$executeAsync$1.invokeSuspend(ConcreteExecutor.kt) ~[utbot-junit-contest-1.0.jar:?]
	at kotlin.coroutines.jvm.internal.BaseContinuationImpl.resumeWith(ContinuationImpl.kt:33) [utbot-junit-contest-1.0.jar:?]
	at kotlinx.coroutines.DispatchedTask.run(DispatchedTask.kt:106) [utbot-junit-contest-1.0.jar:?]
	at java.util.concurrent.Executors$RunnableAdapter.call(Executors.java:511) [?:1.8.0_312]
	at java.util.concurrent.FutureTask.run(FutureTask.java:266) [?:1.8.0_312]
	at java.util.concurrent.ScheduledThreadPoolExecutor$ScheduledFutureTask.access$201(ScheduledThreadPoolExecutor.java:180) [?:1.8.0_312]
	at java.util.concurrent.ScheduledThreadPoolExecutor$ScheduledFutureTask.run(ScheduledThreadPoolExecutor.java:293) [?:1.8.0_312]
	at java.util.concurrent.ThreadPoolExecutor.runWorker(ThreadPoolExecutor.java:1149) [?:1.8.0_312]
	at java.util.concurrent.ThreadPoolExecutor$Worker.run(ThreadPoolExecutor.java:624) [?:1.8.0_312]
	at java.lang.Thread.run(Thread.java:748) [?:1.8.0_312]
00:08:13.987 | INFO  | Finished (in 1.567 sec): method io.seata.core.protocol.transaction.BranchReportRequest.encode() 
<StatsForMethod> :
	#generatedTC=6
	FAILED 1 time(s) with 1 different exception(s)"
00:08:14.013 | DEBUG |  ... 
00:08:14.014 | INFO  | Started: method io.seata.core.protocol.transaction.BranchReportRequest.getTypeCode()
00:08:14.014 | INFO  |  -- Remaining time budget: 86680 ms, #remaining_methods: 15, budget for method: 5778 ms, solver timeout: 1000 ms, budget for symbolic execution: 4578 ms, budget for concrete execution: 1200 ms,  -- 
00:08:14.060 | DEBUG | --new testCase collected, to generate: testIo.seata.core.protocol.transaction.BranchReportRequest.getTypeCode()1
00:08:14.098 | DEBUG | --new testCase collected, to generate: testIo.seata.core.protocol.transaction.BranchReportRequest.getTypeCode()2
00:08:14.099 | INFO  | Finished (in 0.085 sec): method io.seata.core.protocol.transaction.BranchReportRequest.getTypeCode() 
<StatsForMethod> :
	#generatedTC=2
	WITH NO EXCEPTIONS
00:08:14.100 | DEBUG |  ... 
00:08:14.101 | INFO  | Started: method io.seata.core.protocol.transaction.BranchReportRequest.handle(RpcContext)
00:08:14.101 | INFO  |  -- Remaining time budget: 86593 ms, #remaining_methods: 14, budget for method: 6185 ms, solver timeout: 1000 ms, budget for symbolic execution: 4985 ms, budget for concrete execution: 1200 ms,  -- 
00:08:14.126 | DEBUG | --new testCase collected, to generate: testIo.seata.core.protocol.transaction.BranchReportRequest.handle(RpcContext)1
00:08:14.155 | DEBUG | --new testCase collected, to generate: testIo.seata.core.protocol.transaction.BranchReportRequest.handle(RpcContext)2
00:08:14.179 | DEBUG | --new testCase collected, to generate: testIo.seata.core.protocol.transaction.BranchReportRequest.handle(RpcContext)3
00:08:14.179 | INFO  | Finished (in 0.078 sec): method io.seata.core.protocol.transaction.BranchReportRequest.handle(RpcContext) 
<StatsForMethod> :
	#generatedTC=3
	WITH NO EXCEPTIONS
00:08:14.180 | DEBUG |  ... 
00:08:14.181 | INFO  | Started: method io.seata.core.protocol.transaction.BranchReportRequest.setBranchId(long)
00:08:14.181 | INFO  |  -- Remaining time budget: 86513 ms, #remaining_methods: 13, budget for method: 6654 ms, solver timeout: 1000 ms, budget for symbolic execution: 5454 ms, budget for concrete execution: 1200 ms,  -- 
00:08:14.198 | DEBUG | --new testCase collected, to generate: testIo.seata.core.protocol.transaction.BranchReportRequest.setBranchId(long)1
00:08:14.224 | DEBUG | --new testCase collected, to generate: testIo.seata.core.protocol.transaction.BranchReportRequest.setBranchId(long)2
00:08:14.224 | INFO  | Finished (in 0.043 sec): method io.seata.core.protocol.transaction.BranchReportRequest.setBranchId(long) 
<StatsForMethod> :
	#generatedTC=2
	WITH NO EXCEPTIONS
00:08:14.226 | DEBUG |  ... 
00:08:14.226 | INFO  | Started: method io.seata.core.protocol.transaction.BranchReportRequest.getStatus()
00:08:14.227 | INFO  |  -- Remaining time budget: 86467 ms, #remaining_methods: 12, budget for method: 7205 ms, solver timeout: 1000 ms, budget for symbolic execution: 6005 ms, budget for concrete execution: 1200 ms,  -- 
00:08:14.241 | DEBUG | --new testCase collected, to generate: testIo.seata.core.protocol.transaction.BranchReportRequest.getStatus()1
00:08:14.268 | DEBUG | --new testCase collected, to generate: testIo.seata.core.protocol.transaction.BranchReportRequest.getStatus()2
00:08:14.269 | INFO  | Finished (in 0.042 sec): method io.seata.core.protocol.transaction.BranchReportRequest.getStatus() 
<StatsForMethod> :
	#generatedTC=2
	WITH NO EXCEPTIONS
00:08:14.270 | DEBUG |  ... 
00:08:14.271 | INFO  | Started: method io.seata.core.protocol.transaction.BranchReportRequest.getBranchId()
00:08:14.272 | INFO  |  -- Remaining time budget: 86422 ms, #remaining_methods: 11, budget for method: 7856 ms, solver timeout: 1000 ms, budget for symbolic execution: 6656 ms, budget for concrete execution: 1200 ms,  -- 
00:08:14.287 | DEBUG | --new testCase collected, to generate: testIo.seata.core.protocol.transaction.BranchReportRequest.getBranchId()1
00:08:14.312 | DEBUG | --new testCase collected, to generate: testIo.seata.core.protocol.transaction.BranchReportRequest.getBranchId()2
00:08:14.312 | INFO  | Finished (in 0.040 sec): method io.seata.core.protocol.transaction.BranchReportRequest.getBranchId() 
<StatsForMethod> :
	#generatedTC=2
	WITH NO EXCEPTIONS
00:08:14.313 | DEBUG |  ... 
00:08:14.313 | INFO  | Started: method io.seata.core.protocol.transaction.BranchReportRequest.getApplicationData()
00:08:14.314 | INFO  |  -- Remaining time budget: 86380 ms, #remaining_methods: 10, budget for method: 8638 ms, solver timeout: 1000 ms, budget for symbolic execution: 7438 ms, budget for concrete execution: 1200 ms,  -- 
00:08:14.329 | DEBUG | --new testCase collected, to generate: testIo.seata.core.protocol.transaction.BranchReportRequest.getApplicationData()1
00:08:14.354 | DEBUG | --new testCase collected, to generate: testIo.seata.core.protocol.transaction.BranchReportRequest.getApplicationData()2
00:08:14.355 | INFO  | Finished (in 0.041 sec): method io.seata.core.protocol.transaction.BranchReportRequest.getApplicationData() 
<StatsForMethod> :
	#generatedTC=2
	WITH NO EXCEPTIONS
00:08:14.355 | DEBUG |  ... 
00:08:14.356 | INFO  | Started: method io.seata.core.protocol.transaction.BranchReportRequest.setBranchType(BranchType)
00:08:14.356 | INFO  |  -- Remaining time budget: 86337 ms, #remaining_methods: 9, budget for method: 9593 ms, solver timeout: 1000 ms, budget for symbolic execution: 8393 ms, budget for concrete execution: 1200 ms,  -- 
00:08:14.363 | ERROR | Symbolic execution FAILED
com.huawei.utbot.instrumentation.util.ChildProcessError: Error in the child process |> java.lang.IllegalAccessException: Class com.huawei.utbot.framework.concrete.MockValueConstructor can not access a member of class io.seata.core.model.BranchType with modifiers "private"
	at sun.reflect.Reflection.ensureMemberAccess(Reflection.java:102)
	at java.lang.reflect.AccessibleObject.slowCheckMemberAccess(AccessibleObject.java:296)
	at java.lang.reflect.AccessibleObject.checkAccess(AccessibleObject.java:288)
	at java.lang.reflect.Constructor.newInstance(Constructor.java:413)
	at com.huawei.utbot.framework.concrete.MockValueConstructor.call(MockValueConstructor.kt:414)
	at com.huawei.utbot.framework.concrete.MockValueConstructor.updateWithExecutableCallModel(MockValueConstructor.kt:353)
	at com.huawei.utbot.framework.concrete.MockValueConstructor.constructFromAssembleModel(MockValueConstructor.kt:332)
	at com.huawei.utbot.framework.concrete.MockValueConstructor.construct(MockValueConstructor.kt:126)
	at com.huawei.utbot.framework.concrete.MockValueConstructor.constructMethodParameters(MockValueConstructor.kt:101)
	at com.huawei.utbot.framework.concrete.UtExecutionInstrumentation.invoke(UtExecutionInstrumentation.kt:126)
	at com.huawei.utbot.framework.concrete.UtExecutionInstrumentation.invoke(UtExecutionInstrumentation.kt:96)
	at com.huawei.utbot.instrumentation.process.ChildProcessKt.loop(ChildProcess.kt:114)
	at com.huawei.utbot.instrumentation.process.ChildProcessKt.main(ChildProcess.kt:76)
	at com.huawei.utbot.instrumentation.process.ChildProcessKt.main(ChildProcess.kt)

	at com.huawei.utbot.instrumentation.ConcreteExecutor.executeAsync(ConcreteExecutor.kt:391) ~[utbot-junit-contest-1.0.jar:?]
	at com.huawei.utbot.instrumentation.ConcreteExecutor$executeAsync$1.invokeSuspend(ConcreteExecutor.kt) ~[utbot-junit-contest-1.0.jar:?]
	at kotlin.coroutines.jvm.internal.BaseContinuationImpl.resumeWith(ContinuationImpl.kt:33) [utbot-junit-contest-1.0.jar:?]
	at kotlinx.coroutines.DispatchedTask.run(DispatchedTask.kt:106) [utbot-junit-contest-1.0.jar:?]
	at java.util.concurrent.Executors$RunnableAdapter.call(Executors.java:511) [?:1.8.0_312]
	at java.util.concurrent.FutureTask.run(FutureTask.java:266) [?:1.8.0_312]
	at java.util.concurrent.ScheduledThreadPoolExecutor$ScheduledFutureTask.access$201(ScheduledThreadPoolExecutor.java:180) [?:1.8.0_312]
	at java.util.concurrent.ScheduledThreadPoolExecutor$ScheduledFutureTask.run(ScheduledThreadPoolExecutor.java:293) [?:1.8.0_312]
	at java.util.concurrent.ThreadPoolExecutor.runWorker(ThreadPoolExecutor.java:1149) [?:1.8.0_312]
	at java.util.concurrent.ThreadPoolExecutor$Worker.run(ThreadPoolExecutor.java:624) [?:1.8.0_312]
	at java.lang.Thread.run(Thread.java:748) [?:1.8.0_312]
00:08:14.390 | DEBUG | --new testCase collected, to generate: testIo.seata.core.protocol.transaction.BranchReportRequest.setBranchType(BranchType)1
00:08:14.391 | INFO  | Finished (in 0.034 sec): method io.seata.core.protocol.transaction.BranchReportRequest.setBranchType(BranchType) 
<StatsForMethod> :
	#generatedTC=1
	FAILED 1 time(s) with 1 different exception(s)"
00:08:14.391 | DEBUG |  ... 
00:08:14.392 | INFO  | Started: method io.seata.core.protocol.transaction.BranchReportRequest.setStatus(BranchStatus)
00:08:14.392 | INFO  |  -- Remaining time budget: 86301 ms, #remaining_methods: 8, budget for method: 10787 ms, solver timeout: 1000 ms, budget for symbolic execution: 9587 ms, budget for concrete execution: 1200 ms,  -- 
00:08:14.404 | DEBUG | --new testCase collected, to generate: testIo.seata.core.protocol.transaction.BranchReportRequest.setStatus(BranchStatus)1
00:08:14.431 | DEBUG | --new testCase collected, to generate: testIo.seata.core.protocol.transaction.BranchReportRequest.setStatus(BranchStatus)2
00:08:14.432 | INFO  | Finished (in 0.040 sec): method io.seata.core.protocol.transaction.BranchReportRequest.setStatus(BranchStatus) 
<StatsForMethod> :
	#generatedTC=2
	WITH NO EXCEPTIONS
00:08:14.433 | DEBUG |  ... 
00:08:14.433 | INFO  | Started: method io.seata.core.protocol.transaction.BranchReportRequest.getResourceId()
00:08:14.433 | INFO  |  -- Remaining time budget: 86260 ms, #remaining_methods: 7, budget for method: 12322 ms, solver timeout: 1000 ms, budget for symbolic execution: 11122 ms, budget for concrete execution: 1200 ms,  -- 
00:08:14.441 | DEBUG | --new testCase collected, to generate: testIo.seata.core.protocol.transaction.BranchReportRequest.getResourceId()1
00:08:14.466 | DEBUG | --new testCase collected, to generate: testIo.seata.core.protocol.transaction.BranchReportRequest.getResourceId()2
00:08:14.466 | INFO  | Finished (in 0.033 sec): method io.seata.core.protocol.transaction.BranchReportRequest.getResourceId() 
<StatsForMethod> :
	#generatedTC=2
	WITH NO EXCEPTIONS
00:08:14.467 | DEBUG |  ... 
00:08:14.467 | INFO  | Started: method io.seata.core.protocol.transaction.BranchReportRequest.setXid(String)
00:08:14.467 | INFO  |  -- Remaining time budget: 86226 ms, #remaining_methods: 6, budget for method: 14371 ms, solver timeout: 1000 ms, budget for symbolic execution: 13171 ms, budget for concrete execution: 1200 ms,  -- 
00:08:14.499 | DEBUG | --new testCase collected, to generate: testIo.seata.core.protocol.transaction.BranchReportRequest.setXid(String)1
00:08:14.525 | DEBUG | --new testCase collected, to generate: testIo.seata.core.protocol.transaction.BranchReportRequest.setXid(String)2
00:08:14.525 | INFO  | Finished (in 0.058 sec): method io.seata.core.protocol.transaction.BranchReportRequest.setXid(String) 
<StatsForMethod> :
	#generatedTC=2
	WITH NO EXCEPTIONS
00:08:14.526 | DEBUG |  ... 
00:08:14.526 | INFO  | Started: method io.seata.core.protocol.transaction.BranchReportRequest.setResourceId(String)
00:08:14.527 | INFO  |  -- Remaining time budget: 86167 ms, #remaining_methods: 5, budget for method: 17233 ms, solver timeout: 1000 ms, budget for symbolic execution: 16033 ms, budget for concrete execution: 1200 ms,  -- 
00:08:14.538 | DEBUG | --new testCase collected, to generate: testIo.seata.core.protocol.transaction.BranchReportRequest.setResourceId(String)1
00:08:14.563 | DEBUG | --new testCase collected, to generate: testIo.seata.core.protocol.transaction.BranchReportRequest.setResourceId(String)2
00:08:14.564 | INFO  | Finished (in 0.037 sec): method io.seata.core.protocol.transaction.BranchReportRequest.setResourceId(String) 
<StatsForMethod> :
	#generatedTC=2
	WITH NO EXCEPTIONS
00:08:14.564 | DEBUG |  ... 
00:08:14.565 | INFO  | Started: method io.seata.core.protocol.transaction.BranchReportRequest.getBranchType()
00:08:14.565 | INFO  |  -- Remaining time budget: 86128 ms, #remaining_methods: 4, budget for method: 21532 ms, solver timeout: 1000 ms, budget for symbolic execution: 20332 ms, budget for concrete execution: 1200 ms,  -- 
00:08:14.571 | DEBUG | --new testCase collected, to generate: testIo.seata.core.protocol.transaction.BranchReportRequest.getBranchType()1
00:08:14.595 | DEBUG | --new testCase collected, to generate: testIo.seata.core.protocol.transaction.BranchReportRequest.getBranchType()2
00:08:14.595 | INFO  | Finished (in 0.030 sec): method io.seata.core.protocol.transaction.BranchReportRequest.getBranchType() 
<StatsForMethod> :
	#generatedTC=2
	WITH NO EXCEPTIONS
00:08:14.596 | DEBUG |  ... 
00:08:14.597 | INFO  | Started: method io.seata.core.protocol.transaction.BranchReportRequest.setApplicationData(String)
00:08:14.597 | INFO  |  -- Remaining time budget: 86097 ms, #remaining_methods: 3, budget for method: 28699 ms, solver timeout: 1000 ms, budget for symbolic execution: 27499 ms, budget for concrete execution: 1200 ms,  -- 
00:08:14.603 | DEBUG | --new testCase collected, to generate: testIo.seata.core.protocol.transaction.BranchReportRequest.setApplicationData(String)1
00:08:14.629 | DEBUG | --new testCase collected, to generate: testIo.seata.core.protocol.transaction.BranchReportRequest.setApplicationData(String)2
00:08:14.629 | INFO  | Finished (in 0.033 sec): method io.seata.core.protocol.transaction.BranchReportRequest.setApplicationData(String) 
<StatsForMethod> :
	#generatedTC=2
	WITH NO EXCEPTIONS
00:08:14.630 | DEBUG |  ... 
00:08:14.631 | INFO  | Started: method io.seata.core.protocol.transaction.BranchReportRequest.getXid()
00:08:14.631 | INFO  |  -- Remaining time budget: 86062 ms, #remaining_methods: 2, budget for method: 43031 ms, solver timeout: 1000 ms, budget for symbolic execution: 41831 ms, budget for concrete execution: 1200 ms,  -- 
00:08:14.641 | DEBUG | --new testCase collected, to generate: testIo.seata.core.protocol.transaction.BranchReportRequest.getXid()1
00:08:14.666 | DEBUG | --new testCase collected, to generate: testIo.seata.core.protocol.transaction.BranchReportRequest.getXid()2
00:08:14.667 | INFO  | Finished (in 0.036 sec): method io.seata.core.protocol.transaction.BranchReportRequest.getXid() 
<StatsForMethod> :
	#generatedTC=2
	WITH NO EXCEPTIONS
00:08:14.668 | DEBUG |  ... 
00:08:14.668 | INFO  | Started: method io.seata.core.protocol.transaction.BranchReportRequest.<init>()
00:08:14.668 | INFO  |  -- Remaining time budget: 86025 ms, #remaining_methods: 1, budget for method: 86025 ms, solver timeout: 1000 ms, budget for symbolic execution: 84825 ms, budget for concrete execution: 1200 ms,  -- 
00:08:14.676 | DEBUG | --new testCase collected, to generate: testIo.seata.core.protocol.transaction.BranchReportRequest.<init>()1
00:08:14.812 | INFO  | Finished (in 0.143 sec): method io.seata.core.protocol.transaction.BranchReportRequest.<init>() 
<StatsForMethod> :
	#generatedTC=1
	WITH NO EXCEPTIONS
00:08:14.830 | INFO  | Started: Flushing tests for [BranchReportRequest] on disk
00:08:15.058 | INFO  | File size for BranchReportRequestTest: 29 KB
00:08:15.060 | INFO  | Finished (in 0.229 sec): Flushing tests for [BranchReportRequest] on disk 
00:08:15.061 | INFO  | Finished (in 16.343 sec): class io.seata.core.protocol.transaction.BranchReportRequest 
<StatsForClass> :
	canceled by timeout = false
	#methods = 18, 
	#methods started symbolic exploration = 18
	#methods with at least one TC = 18
	#methods with exceptions = 2
	#generated TC = 39
	#coverage = null
[READY]
