Started UtBot Contest, classfileDir = /var/benchmarks/projects/seata/core/target/classes, classpathString=/var/benchmarks/projects/seata/core/target/classes:/var/benchmarks/projects/seata/core/target/seata-core-0.5.0.jar:/var/benchmarks/projects/./seata/core/target/dependency/mockito-core-2.23.4.jar:/var/benchmarks/projects/seata/core/target/dependency/byte-buddy-agent-1.9.3.jar:/var/benchmarks/projects/seata/core/target/dependency/assertj-core-2.6.0.jar:/var/benchmarks/projects/seata/core/target/dependency/seata-common-0.5.0.jar:/var/benchmarks/projects/seata/core/target/dependency/byte-buddy-1.9.3.jar:/var/benchmarks/projects/seata/core/target/dependency/objenesis-2.6.jar:/var/benchmarks/projects/seata/core/target/dependency/seata-discovery-core-0.5.0.jar:/var/benchmarks/projects/seata/core/target/dependency/commons-pool2-2.4.2.jar:/var/benchmarks/projects/seata/core/target/dependency/junit-4.12.jar:/var/benchmarks/projects/seata/core/target/dependency/hamcrest-core-1.3.jar:/var/benchmarks/projects/seata/core/target/dependency/slf4j-api-1.7.22.jar:/var/benchmarks/projects/seata/core/target/dependency/seata-config-core-0.5.0.jar:/var/benchmarks/projects/seata/core/target/dependency/netty-all-4.1.24.Final.jar:/var/benchmarks/projects/seata/core/target/dependency/commons-lang-2.6.jar:/var/benchmarks/projects/seata/core/target/dependency/fastjson-1.2.48.jar:/var/benchmarks/projects/seata/core/target/dependency/config-1.2.1.jar:/var/benchmarks/projects/seata/core/target/dependency/commons-pool-1.6.jar, outputDir=/home/utbot_mocks/temp/testcases, mocks=Other classes: Mockito
19:12:15.764 | INFO  | Started: warmup: kotlin reflection :: init
19:12:15.852 | INFO  | Finished (in 0.087 sec): warmup: kotlin reflection :: init 
[INIT]
>> [RUN] io.seata.core.protocol.transaction.BranchRegisterRequest 30
19:12:15.865 | DEBUG | -----------------------------------------------------------------------------
19:12:15.865 | INFO  | Contest.runGeneration: Time budget: 30000 ms, Generation timeout=25500 ms, classpath=/var/benchmarks/projects/seata/core/target/classes:/var/benchmarks/projects/seata/core/target/seata-core-0.5.0.jar:/var/benchmarks/projects/./seata/core/target/dependency/mockito-core-2.23.4.jar:/var/benchmarks/projects/seata/core/target/dependency/byte-buddy-agent-1.9.3.jar:/var/benchmarks/projects/seata/core/target/dependency/assertj-core-2.6.0.jar:/var/benchmarks/projects/seata/core/target/dependency/seata-common-0.5.0.jar:/var/benchmarks/projects/seata/core/target/dependency/byte-buddy-1.9.3.jar:/var/benchmarks/projects/seata/core/target/dependency/objenesis-2.6.jar:/var/benchmarks/projects/seata/core/target/dependency/seata-discovery-core-0.5.0.jar:/var/benchmarks/projects/seata/core/target/dependency/commons-pool2-2.4.2.jar:/var/benchmarks/projects/seata/core/target/dependency/junit-4.12.jar:/var/benchmarks/projects/seata/core/target/dependency/hamcrest-core-1.3.jar:/var/benchmarks/projects/seata/core/target/dependency/slf4j-api-1.7.22.jar:/var/benchmarks/projects/seata/core/target/dependency/seata-config-core-0.5.0.jar:/var/benchmarks/projects/seata/core/target/dependency/netty-all-4.1.24.Final.jar:/var/benchmarks/projects/seata/core/target/dependency/commons-lang-2.6.jar:/var/benchmarks/projects/seata/core/target/dependency/fastjson-1.2.48.jar:/var/benchmarks/projects/seata/core/target/dependency/config-1.2.1.jar:/var/benchmarks/projects/seata/core/target/dependency/commons-pool-1.6.jar, methodNameFilter=null
19:12:15.867 | INFO  | ClassUnderTest[ FQN: io.seata.core.protocol.transaction.BranchRegisterRequest
    classfileDir: /var/benchmarks/projects/seata/core/target/classes
    testClassSimpleName: BranchRegisterRequestTest
    generatedTestFile: /home/utbot_mocks/temp/testcases/io/seata/core/protocol/transaction/BranchRegisterRequestTest.java
    generatedTestsSourcesDir: /home/utbot_mocks/temp/testcases
]
19:12:15.889 | INFO  | Started: class io.seata.core.protocol.transaction.BranchRegisterRequest
19:12:15.890 | INFO  | Started: preparation class class io.seata.core.protocol.transaction.BranchRegisterRequest: kotlin reflection :: run
19:12:15.959 | INFO  | Finished (in 0.069 sec): preparation class class io.seata.core.protocol.transaction.BranchRegisterRequest: kotlin reflection :: run 
19:12:15.960 | INFO  | Started: 2nd optional soot initialization
19:12:15.961 | INFO  | Finished (in 0.001 sec): 2nd optional soot initialization 
19:12:15.970 | DEBUG |  ... 
19:12:15.983 | INFO  | Started: method io.seata.core.protocol.transaction.BranchRegisterRequest.toString()
19:12:15.984 | INFO  |  -- Remaining time budget: 25394 ms, #remaining_methods: 16, budget for method: 1587 ms, solver timeout: 793 ms, budget for symbolic execution: 794 ms, budget for concrete execution: 793 ms,  -- 
19:12:16.345 | DEBUG | --new testCase collected, to generate: testIo.seata.core.protocol.transaction.BranchRegisterRequest.toString()1
19:12:16.776 | INFO  | |> Starting concrete execution for remaining state: io.seata.core.protocol.transaction.BranchRegisterRequest.toString()
19:12:17.571 | INFO  | (X) Cancelling concrete execution: io.seata.core.protocol.transaction.BranchRegisterRequest.toString()
19:12:17.587 | INFO  | Finished (in 1.603 sec): method io.seata.core.protocol.transaction.BranchRegisterRequest.toString() 
<StatsForMethod> :
	#generatedTC=1
	WITH NO EXCEPTIONS
19:12:17.637 | DEBUG |  ... 
19:12:17.638 | INFO  | Started: method io.seata.core.protocol.transaction.BranchRegisterRequest.decode(ByteBuffer)
19:12:17.639 | INFO  |  -- Remaining time budget: 23729 ms, #remaining_methods: 15, budget for method: 1581 ms, solver timeout: 790 ms, budget for symbolic execution: 791 ms, budget for concrete execution: 790 ms,  -- 
19:12:17.664 | DEBUG | --new testCase collected, to generate: testIo.seata.core.protocol.transaction.BranchRegisterRequest.decode(ByteBuffer)1
19:12:17.732 | DEBUG | --new testCase collected, to generate: testIo.seata.core.protocol.transaction.BranchRegisterRequest.decode(ByteBuffer)2
19:12:17.906 | DEBUG | --new testCase collected, to generate: testIo.seata.core.protocol.transaction.BranchRegisterRequest.decode(ByteBuffer)3
19:12:18.429 | INFO  | |> Starting concrete execution for remaining state: io.seata.core.protocol.transaction.BranchRegisterRequest.decode(ByteBuffer)
19:12:19.220 | INFO  | (X) Cancelling concrete execution: io.seata.core.protocol.transaction.BranchRegisterRequest.decode(ByteBuffer)
19:12:20.257 | INFO  | Finished (in 2.618 sec): method io.seata.core.protocol.transaction.BranchRegisterRequest.decode(ByteBuffer) 
<StatsForMethod> :
	#generatedTC=3
	WITH NO EXCEPTIONS
19:12:20.294 | DEBUG |  ... 
19:12:20.295 | INFO  | Started: method io.seata.core.protocol.transaction.BranchRegisterRequest.encode()
19:12:20.295 | INFO  |  -- Remaining time budget: 21071 ms, #remaining_methods: 14, budget for method: 1505 ms, solver timeout: 752 ms, budget for symbolic execution: 753 ms, budget for concrete execution: 752 ms,  -- 
19:12:20.311 | DEBUG | --new testCase collected, to generate: testIo.seata.core.protocol.transaction.BranchRegisterRequest.encode()1
19:12:20.485 | DEBUG | --new testCase collected, to generate: testIo.seata.core.protocol.transaction.BranchRegisterRequest.encode()2
19:12:20.499 | DEBUG | --new testCase collected, to generate: testIo.seata.core.protocol.transaction.BranchRegisterRequest.encode()3
19:12:20.646 | DEBUG | --new testCase collected, to generate: testIo.seata.core.protocol.transaction.BranchRegisterRequest.encode()4
19:12:20.682 | DEBUG | --new testCase collected, to generate: testIo.seata.core.protocol.transaction.BranchRegisterRequest.encode()5
19:12:21.049 | INFO  | |> Starting concrete execution for remaining state: io.seata.core.protocol.transaction.BranchRegisterRequest.encode()
19:12:21.802 | INFO  | (X) Cancelling concrete execution: io.seata.core.protocol.transaction.BranchRegisterRequest.encode()
19:12:21.802 | DEBUG |  ... 
19:12:21.804 | INFO  | Started: method io.seata.core.protocol.transaction.BranchRegisterRequest.getTypeCode()
19:12:21.804 | INFO  |  -- Remaining time budget: 19562 ms, #remaining_methods: 13, budget for method: 1504 ms, solver timeout: 752 ms, budget for symbolic execution: 752 ms, budget for concrete execution: 752 ms,  -- 
19:12:21.816 | INFO  | Finished (in 1.521 sec): method io.seata.core.protocol.transaction.BranchRegisterRequest.encode() 
<StatsForMethod> :
	#generatedTC=5
	WITH NO EXCEPTIONS
19:12:21.898 | DEBUG | --new testCase collected, to generate: testIo.seata.core.protocol.transaction.BranchRegisterRequest.getTypeCode()1
19:12:21.936 | DEBUG | --new testCase collected, to generate: testIo.seata.core.protocol.transaction.BranchRegisterRequest.getTypeCode()2
19:12:21.937 | INFO  | Finished (in 0.133 sec): method io.seata.core.protocol.transaction.BranchRegisterRequest.getTypeCode() 
<StatsForMethod> :
	#generatedTC=2
	WITH NO EXCEPTIONS
19:12:21.938 | DEBUG |  ... 
19:12:21.939 | INFO  | Started: method io.seata.core.protocol.transaction.BranchRegisterRequest.handle(RpcContext)
19:12:21.939 | INFO  |  -- Remaining time budget: 19427 ms, #remaining_methods: 12, budget for method: 1618 ms, solver timeout: 809 ms, budget for symbolic execution: 809 ms, budget for concrete execution: 809 ms,  -- 
19:12:21.991 | DEBUG | --new testCase collected, to generate: testIo.seata.core.protocol.transaction.BranchRegisterRequest.handle(RpcContext)1
19:12:22.023 | DEBUG | --new testCase collected, to generate: testIo.seata.core.protocol.transaction.BranchRegisterRequest.handle(RpcContext)2
19:12:22.048 | DEBUG | --new testCase collected, to generate: testIo.seata.core.protocol.transaction.BranchRegisterRequest.handle(RpcContext)3
19:12:22.048 | INFO  | Finished (in 0.109 sec): method io.seata.core.protocol.transaction.BranchRegisterRequest.handle(RpcContext) 
<StatsForMethod> :
	#generatedTC=3
	WITH NO EXCEPTIONS
19:12:22.049 | DEBUG |  ... 
19:12:22.050 | INFO  | Started: method io.seata.core.protocol.transaction.BranchRegisterRequest.setApplicationData(String)
19:12:22.050 | INFO  |  -- Remaining time budget: 19317 ms, #remaining_methods: 11, budget for method: 1756 ms, solver timeout: 878 ms, budget for symbolic execution: 878 ms, budget for concrete execution: 878 ms,  -- 
19:12:22.672 | DEBUG | --new testCase collected, to generate: testIo.seata.core.protocol.transaction.BranchRegisterRequest.setApplicationData(String)1
19:12:22.706 | DEBUG | --new testCase collected, to generate: testIo.seata.core.protocol.transaction.BranchRegisterRequest.setApplicationData(String)2
19:12:22.707 | INFO  | Finished (in 0.657 sec): method io.seata.core.protocol.transaction.BranchRegisterRequest.setApplicationData(String) 
<StatsForMethod> :
	#generatedTC=2
	WITH NO EXCEPTIONS
19:12:22.708 | DEBUG |  ... 
19:12:22.708 | INFO  | Started: method io.seata.core.protocol.transaction.BranchRegisterRequest.setResourceId(String)
19:12:22.708 | INFO  |  -- Remaining time budget: 18658 ms, #remaining_methods: 10, budget for method: 1865 ms, solver timeout: 932 ms, budget for symbolic execution: 933 ms, budget for concrete execution: 932 ms,  -- 
19:12:22.720 | DEBUG | --new testCase collected, to generate: testIo.seata.core.protocol.transaction.BranchRegisterRequest.setResourceId(String)1
19:12:22.747 | DEBUG | --new testCase collected, to generate: testIo.seata.core.protocol.transaction.BranchRegisterRequest.setResourceId(String)2
19:12:22.747 | INFO  | Finished (in 0.039 sec): method io.seata.core.protocol.transaction.BranchRegisterRequest.setResourceId(String) 
<StatsForMethod> :
	#generatedTC=2
	WITH NO EXCEPTIONS
19:12:22.748 | DEBUG |  ... 
19:12:22.748 | INFO  | Started: method io.seata.core.protocol.transaction.BranchRegisterRequest.getLockKey()
19:12:22.749 | INFO  |  -- Remaining time budget: 18618 ms, #remaining_methods: 9, budget for method: 2068 ms, solver timeout: 1000 ms, budget for symbolic execution: 1034 ms, budget for concrete execution: 1034 ms,  -- 
19:12:22.758 | DEBUG | --new testCase collected, to generate: testIo.seata.core.protocol.transaction.BranchRegisterRequest.getLockKey()1
19:12:22.783 | DEBUG | --new testCase collected, to generate: testIo.seata.core.protocol.transaction.BranchRegisterRequest.getLockKey()2
19:12:22.784 | INFO  | Finished (in 0.035 sec): method io.seata.core.protocol.transaction.BranchRegisterRequest.getLockKey() 
<StatsForMethod> :
	#generatedTC=2
	WITH NO EXCEPTIONS
19:12:22.784 | DEBUG |  ... 
19:12:22.785 | INFO  | Started: method io.seata.core.protocol.transaction.BranchRegisterRequest.setLockKey(String)
19:12:22.785 | INFO  |  -- Remaining time budget: 18581 ms, #remaining_methods: 8, budget for method: 2322 ms, solver timeout: 1000 ms, budget for symbolic execution: 1161 ms, budget for concrete execution: 1161 ms,  -- 
19:12:22.795 | DEBUG | --new testCase collected, to generate: testIo.seata.core.protocol.transaction.BranchRegisterRequest.setLockKey(String)1
19:12:22.821 | DEBUG | --new testCase collected, to generate: testIo.seata.core.protocol.transaction.BranchRegisterRequest.setLockKey(String)2
19:12:22.822 | INFO  | Finished (in 0.037 sec): method io.seata.core.protocol.transaction.BranchRegisterRequest.setLockKey(String) 
<StatsForMethod> :
	#generatedTC=2
	WITH NO EXCEPTIONS
19:12:22.823 | DEBUG |  ... 
19:12:22.823 | INFO  | Started: method io.seata.core.protocol.transaction.BranchRegisterRequest.getResourceId()
19:12:22.823 | INFO  |  -- Remaining time budget: 18543 ms, #remaining_methods: 7, budget for method: 2649 ms, solver timeout: 1000 ms, budget for symbolic execution: 1449 ms, budget for concrete execution: 1200 ms,  -- 
19:12:22.834 | DEBUG | --new testCase collected, to generate: testIo.seata.core.protocol.transaction.BranchRegisterRequest.getResourceId()1
19:12:22.859 | DEBUG | --new testCase collected, to generate: testIo.seata.core.protocol.transaction.BranchRegisterRequest.getResourceId()2
19:12:22.860 | INFO  | Finished (in 0.037 sec): method io.seata.core.protocol.transaction.BranchRegisterRequest.getResourceId() 
<StatsForMethod> :
	#generatedTC=2
	WITH NO EXCEPTIONS
19:12:22.861 | DEBUG |  ... 
19:12:22.861 | INFO  | Started: method io.seata.core.protocol.transaction.BranchRegisterRequest.getApplicationData()
19:12:22.861 | INFO  |  -- Remaining time budget: 18505 ms, #remaining_methods: 6, budget for method: 3084 ms, solver timeout: 1000 ms, budget for symbolic execution: 1884 ms, budget for concrete execution: 1200 ms,  -- 
19:12:22.872 | DEBUG | --new testCase collected, to generate: testIo.seata.core.protocol.transaction.BranchRegisterRequest.getApplicationData()1
19:12:22.898 | DEBUG | --new testCase collected, to generate: testIo.seata.core.protocol.transaction.BranchRegisterRequest.getApplicationData()2
19:12:22.899 | INFO  | Finished (in 0.038 sec): method io.seata.core.protocol.transaction.BranchRegisterRequest.getApplicationData() 
<StatsForMethod> :
	#generatedTC=2
	WITH NO EXCEPTIONS
19:12:22.900 | DEBUG |  ... 
19:12:22.900 | INFO  | Started: method io.seata.core.protocol.transaction.BranchRegisterRequest.setXid(String)
19:12:22.900 | INFO  |  -- Remaining time budget: 18466 ms, #remaining_methods: 5, budget for method: 3693 ms, solver timeout: 1000 ms, budget for symbolic execution: 2493 ms, budget for concrete execution: 1200 ms,  -- 
19:12:22.912 | DEBUG | --new testCase collected, to generate: testIo.seata.core.protocol.transaction.BranchRegisterRequest.setXid(String)1
19:12:22.942 | DEBUG | --new testCase collected, to generate: testIo.seata.core.protocol.transaction.BranchRegisterRequest.setXid(String)2
19:12:22.942 | INFO  | Finished (in 0.042 sec): method io.seata.core.protocol.transaction.BranchRegisterRequest.setXid(String) 
<StatsForMethod> :
	#generatedTC=2
	WITH NO EXCEPTIONS
19:12:22.943 | DEBUG |  ... 
19:12:22.944 | INFO  | Started: method io.seata.core.protocol.transaction.BranchRegisterRequest.getBranchType()
19:12:22.944 | INFO  |  -- Remaining time budget: 18422 ms, #remaining_methods: 4, budget for method: 4605 ms, solver timeout: 1000 ms, budget for symbolic execution: 3405 ms, budget for concrete execution: 1200 ms,  -- 
19:12:22.954 | DEBUG | --new testCase collected, to generate: testIo.seata.core.protocol.transaction.BranchRegisterRequest.getBranchType()1
19:12:22.979 | DEBUG | --new testCase collected, to generate: testIo.seata.core.protocol.transaction.BranchRegisterRequest.getBranchType()2
19:12:22.980 | INFO  | Finished (in 0.036 sec): method io.seata.core.protocol.transaction.BranchRegisterRequest.getBranchType() 
<StatsForMethod> :
	#generatedTC=2
	WITH NO EXCEPTIONS
19:12:22.981 | DEBUG |  ... 
19:12:22.981 | INFO  | Started: method io.seata.core.protocol.transaction.BranchRegisterRequest.setBranchType(BranchType)
19:12:22.982 | INFO  |  -- Remaining time budget: 18385 ms, #remaining_methods: 3, budget for method: 6128 ms, solver timeout: 1000 ms, budget for symbolic execution: 4928 ms, budget for concrete execution: 1200 ms,  -- 
19:12:22.992 | ERROR | Symbolic execution FAILED
com.huawei.utbot.instrumentation.util.ChildProcessError: Error in the child process |> java.lang.IllegalAccessException: Class com.huawei.utbot.framework.concrete.MockValueConstructor can not access a member of class io.seata.core.model.BranchType with modifiers "private"
	at sun.reflect.Reflection.ensureMemberAccess(Reflection.java:102)
	at java.lang.reflect.AccessibleObject.slowCheckMemberAccess(AccessibleObject.java:296)
	at java.lang.reflect.AccessibleObject.checkAccess(AccessibleObject.java:288)
	at java.lang.reflect.Constructor.newInstance(Constructor.java:413)
	at com.huawei.utbot.framework.concrete.MockValueConstructor.call(MockValueConstructor.kt:414)
	at com.huawei.utbot.framework.concrete.MockValueConstructor.updateWithExecutableCallModel(MockValueConstructor.kt:353)
	at com.huawei.utbot.framework.concrete.MockValueConstructor.constructFromAssembleModel(MockValueConstructor.kt:332)
	at com.huawei.utbot.framework.concrete.MockValueConstructor.construct(MockValueConstructor.kt:126)
	at com.huawei.utbot.framework.concrete.MockValueConstructor.constructMethodParameters(MockValueConstructor.kt:101)
	at com.huawei.utbot.framework.concrete.UtExecutionInstrumentation.invoke(UtExecutionInstrumentation.kt:126)
	at com.huawei.utbot.framework.concrete.UtExecutionInstrumentation.invoke(UtExecutionInstrumentation.kt:96)
	at com.huawei.utbot.instrumentation.process.ChildProcessKt.loop(ChildProcess.kt:114)
	at com.huawei.utbot.instrumentation.process.ChildProcessKt.main(ChildProcess.kt:76)
	at com.huawei.utbot.instrumentation.process.ChildProcessKt.main(ChildProcess.kt)

	at com.huawei.utbot.instrumentation.ConcreteExecutor.executeAsync(ConcreteExecutor.kt:391) ~[utbot-junit-contest-1.0.jar:?]
	at com.huawei.utbot.instrumentation.ConcreteExecutor$executeAsync$1.invokeSuspend(ConcreteExecutor.kt) ~[utbot-junit-contest-1.0.jar:?]
	at kotlin.coroutines.jvm.internal.BaseContinuationImpl.resumeWith(ContinuationImpl.kt:33) [utbot-junit-contest-1.0.jar:?]
	at kotlinx.coroutines.DispatchedTask.run(DispatchedTask.kt:106) [utbot-junit-contest-1.0.jar:?]
	at java.util.concurrent.Executors$RunnableAdapter.call(Executors.java:511) [?:1.8.0_312]
	at java.util.concurrent.FutureTask.run(FutureTask.java:266) [?:1.8.0_312]
	at java.util.concurrent.ScheduledThreadPoolExecutor$ScheduledFutureTask.access$201(ScheduledThreadPoolExecutor.java:180) [?:1.8.0_312]
	at java.util.concurrent.ScheduledThreadPoolExecutor$ScheduledFutureTask.run(ScheduledThreadPoolExecutor.java:293) [?:1.8.0_312]
	at java.util.concurrent.ThreadPoolExecutor.runWorker(ThreadPoolExecutor.java:1149) [?:1.8.0_312]
	at java.util.concurrent.ThreadPoolExecutor$Worker.run(ThreadPoolExecutor.java:624) [?:1.8.0_312]
	at java.lang.Thread.run(Thread.java:748) [?:1.8.0_312]
19:12:23.020 | DEBUG | --new testCase collected, to generate: testIo.seata.core.protocol.transaction.BranchRegisterRequest.setBranchType(BranchType)1
19:12:23.020 | INFO  | Finished (in 0.039 sec): method io.seata.core.protocol.transaction.BranchRegisterRequest.setBranchType(BranchType) 
<StatsForMethod> :
	#generatedTC=1
	FAILED 1 time(s) with 1 different exception(s)"
19:12:23.021 | DEBUG |  ... 
19:12:23.021 | INFO  | Started: method io.seata.core.protocol.transaction.BranchRegisterRequest.getXid()
19:12:23.022 | INFO  |  -- Remaining time budget: 18345 ms, #remaining_methods: 2, budget for method: 9172 ms, solver timeout: 1000 ms, budget for symbolic execution: 7972 ms, budget for concrete execution: 1200 ms,  -- 
19:12:23.028 | DEBUG | --new testCase collected, to generate: testIo.seata.core.protocol.transaction.BranchRegisterRequest.getXid()1
19:12:23.053 | DEBUG | --new testCase collected, to generate: testIo.seata.core.protocol.transaction.BranchRegisterRequest.getXid()2
19:12:23.053 | INFO  | Finished (in 0.032 sec): method io.seata.core.protocol.transaction.BranchRegisterRequest.getXid() 
<StatsForMethod> :
	#generatedTC=2
	WITH NO EXCEPTIONS
19:12:23.054 | DEBUG |  ... 
19:12:23.054 | INFO  | Started: method io.seata.core.protocol.transaction.BranchRegisterRequest.<init>()
19:12:23.055 | INFO  |  -- Remaining time budget: 18312 ms, #remaining_methods: 1, budget for method: 18312 ms, solver timeout: 1000 ms, budget for symbolic execution: 17112 ms, budget for concrete execution: 1200 ms,  -- 
19:12:23.065 | DEBUG | --new testCase collected, to generate: testIo.seata.core.protocol.transaction.BranchRegisterRequest.<init>()1
19:12:23.211 | INFO  | Finished (in 0.157 sec): method io.seata.core.protocol.transaction.BranchRegisterRequest.<init>() 
<StatsForMethod> :
	#generatedTC=1
	WITH NO EXCEPTIONS
19:12:23.227 | INFO  | Started: Flushing tests for [BranchRegisterRequest] on disk
19:12:23.456 | INFO  | File size for BranchRegisterRequestTest: 27 KB
19:12:23.458 | INFO  | Finished (in 0.230 sec): Flushing tests for [BranchRegisterRequest] on disk 
19:12:23.459 | INFO  | Finished (in 7.570 sec): class io.seata.core.protocol.transaction.BranchRegisterRequest 
<StatsForClass> :
	canceled by timeout = false
	#methods = 16, 
	#methods started symbolic exploration = 16
	#methods with at least one TC = 16
	#methods with exceptions = 1
	#generated TC = 34
	#coverage = null
[READY]
