Started UtBot Contest, classfileDir = /var/benchmarks/projects/seata/core/target/classes, classpathString=/var/benchmarks/projects/seata/core/target/classes:/var/benchmarks/projects/seata/core/target/seata-core-0.5.0.jar:/var/benchmarks/projects/./seata/core/target/dependency/mockito-core-2.23.4.jar:/var/benchmarks/projects/seata/core/target/dependency/byte-buddy-agent-1.9.3.jar:/var/benchmarks/projects/seata/core/target/dependency/assertj-core-2.6.0.jar:/var/benchmarks/projects/seata/core/target/dependency/seata-common-0.5.0.jar:/var/benchmarks/projects/seata/core/target/dependency/byte-buddy-1.9.3.jar:/var/benchmarks/projects/seata/core/target/dependency/objenesis-2.6.jar:/var/benchmarks/projects/seata/core/target/dependency/seata-discovery-core-0.5.0.jar:/var/benchmarks/projects/seata/core/target/dependency/commons-pool2-2.4.2.jar:/var/benchmarks/projects/seata/core/target/dependency/junit-4.12.jar:/var/benchmarks/projects/seata/core/target/dependency/hamcrest-core-1.3.jar:/var/benchmarks/projects/seata/core/target/dependency/slf4j-api-1.7.22.jar:/var/benchmarks/projects/seata/core/target/dependency/seata-config-core-0.5.0.jar:/var/benchmarks/projects/seata/core/target/dependency/netty-all-4.1.24.Final.jar:/var/benchmarks/projects/seata/core/target/dependency/commons-lang-2.6.jar:/var/benchmarks/projects/seata/core/target/dependency/fastjson-1.2.48.jar:/var/benchmarks/projects/seata/core/target/dependency/config-1.2.1.jar:/var/benchmarks/projects/seata/core/target/dependency/commons-pool-1.6.jar, outputDir=/home/utbot_mocks/temp/testcases, mocks=Other classes: Mockito
22:00:43.580 | INFO  | Started: warmup: kotlin reflection :: init
22:00:43.656 | INFO  | Finished (in 0.075 sec): warmup: kotlin reflection :: init 
[INIT]
>> [RUN] io.seata.core.protocol.RegisterRMRequest 120
22:00:43.669 | DEBUG | -----------------------------------------------------------------------------
22:00:43.669 | INFO  | Contest.runGeneration: Time budget: 120000 ms, Generation timeout=102000 ms, classpath=/var/benchmarks/projects/seata/core/target/classes:/var/benchmarks/projects/seata/core/target/seata-core-0.5.0.jar:/var/benchmarks/projects/./seata/core/target/dependency/mockito-core-2.23.4.jar:/var/benchmarks/projects/seata/core/target/dependency/byte-buddy-agent-1.9.3.jar:/var/benchmarks/projects/seata/core/target/dependency/assertj-core-2.6.0.jar:/var/benchmarks/projects/seata/core/target/dependency/seata-common-0.5.0.jar:/var/benchmarks/projects/seata/core/target/dependency/byte-buddy-1.9.3.jar:/var/benchmarks/projects/seata/core/target/dependency/objenesis-2.6.jar:/var/benchmarks/projects/seata/core/target/dependency/seata-discovery-core-0.5.0.jar:/var/benchmarks/projects/seata/core/target/dependency/commons-pool2-2.4.2.jar:/var/benchmarks/projects/seata/core/target/dependency/junit-4.12.jar:/var/benchmarks/projects/seata/core/target/dependency/hamcrest-core-1.3.jar:/var/benchmarks/projects/seata/core/target/dependency/slf4j-api-1.7.22.jar:/var/benchmarks/projects/seata/core/target/dependency/seata-config-core-0.5.0.jar:/var/benchmarks/projects/seata/core/target/dependency/netty-all-4.1.24.Final.jar:/var/benchmarks/projects/seata/core/target/dependency/commons-lang-2.6.jar:/var/benchmarks/projects/seata/core/target/dependency/fastjson-1.2.48.jar:/var/benchmarks/projects/seata/core/target/dependency/config-1.2.1.jar:/var/benchmarks/projects/seata/core/target/dependency/commons-pool-1.6.jar, methodNameFilter=null
22:00:43.671 | INFO  | ClassUnderTest[ FQN: io.seata.core.protocol.RegisterRMRequest
    classfileDir: /var/benchmarks/projects/seata/core/target/classes
    testClassSimpleName: RegisterRMRequestTest
    generatedTestFile: /home/utbot_mocks/temp/testcases/io/seata/core/protocol/RegisterRMRequestTest.java
    generatedTestsSourcesDir: /home/utbot_mocks/temp/testcases
]
22:00:43.693 | INFO  | Started: class io.seata.core.protocol.RegisterRMRequest
22:00:43.694 | INFO  | Started: preparation class class io.seata.core.protocol.RegisterRMRequest: kotlin reflection :: run
22:00:43.746 | INFO  | Finished (in 0.052 sec): preparation class class io.seata.core.protocol.RegisterRMRequest: kotlin reflection :: run 
22:00:43.747 | INFO  | Started: 2nd optional soot initialization
22:00:43.749 | INFO  | Finished (in 0.001 sec): 2nd optional soot initialization 
22:00:43.757 | DEBUG |  ... 
22:00:43.769 | INFO  | Started: method io.seata.core.protocol.RegisterRMRequest.toString()
22:00:43.773 | INFO  |  -- Remaining time budget: 101911 ms, #remaining_methods: 8, budget for method: 12738 ms, solver timeout: 1000 ms, budget for symbolic execution: 11538 ms, budget for concrete execution: 1200 ms,  -- 
22:00:44.172 | DEBUG | --new testCase collected, to generate: testIo.seata.core.protocol.RegisterRMRequest.toString()1
22:00:45.894 | INFO  | Finished (in 2.121 sec): method io.seata.core.protocol.RegisterRMRequest.toString() 
<StatsForMethod> :
	#generatedTC=1
	WITH NO EXCEPTIONS
22:00:45.977 | DEBUG |  ... 
22:00:45.978 | INFO  | Started: method io.seata.core.protocol.RegisterRMRequest.decode(ByteBuf)
22:00:45.978 | INFO  |  -- Remaining time budget: 99692 ms, #remaining_methods: 7, budget for method: 14241 ms, solver timeout: 1000 ms, budget for symbolic execution: 13041 ms, budget for concrete execution: 1200 ms,  -- 
22:00:46.030 | DEBUG | --new testCase collected, to generate: testIo.seata.core.protocol.RegisterRMRequest.decode(ByteBuf)1
22:00:46.080 | DEBUG | --new testCase collected, to generate: testIo.seata.core.protocol.RegisterRMRequest.decode(ByteBuf)2
22:00:46.123 | DEBUG | --new testCase collected, to generate: testIo.seata.core.protocol.RegisterRMRequest.decode(ByteBuf)3
22:00:46.182 | DEBUG | --new testCase collected, to generate: testIo.seata.core.protocol.RegisterRMRequest.decode(ByteBuf)4
22:00:46.259 | DEBUG | --new testCase collected, to generate: testIo.seata.core.protocol.RegisterRMRequest.decode(ByteBuf)5
22:00:46.285 | DEBUG | --new testCase collected, to generate: testIo.seata.core.protocol.RegisterRMRequest.decode(ByteBuf)6
22:00:46.325 | DEBUG | --new testCase collected, to generate: testIo.seata.core.protocol.RegisterRMRequest.decode(ByteBuf)7
22:00:46.357 | DEBUG | --new testCase collected, to generate: testIo.seata.core.protocol.RegisterRMRequest.decode(ByteBuf)8
22:00:46.407 | DEBUG | --new testCase collected, to generate: testIo.seata.core.protocol.RegisterRMRequest.decode(ByteBuf)9
22:00:58.095 | INFO  | Finished (in 12.117 sec): method io.seata.core.protocol.RegisterRMRequest.decode(ByteBuf) 
<StatsForMethod> :
	#generatedTC=9
	WITH NO EXCEPTIONS
22:00:58.168 | DEBUG |  ... 
22:00:58.169 | INFO  | Started: method io.seata.core.protocol.RegisterRMRequest.getTypeCode()
22:00:58.169 | INFO  |  -- Remaining time budget: 87501 ms, #remaining_methods: 6, budget for method: 14583 ms, solver timeout: 1000 ms, budget for symbolic execution: 13383 ms, budget for concrete execution: 1200 ms,  -- 
22:00:58.515 | DEBUG | --new testCase collected, to generate: testIo.seata.core.protocol.RegisterRMRequest.getTypeCode()1
22:00:58.540 | DEBUG | --new testCase collected, to generate: testIo.seata.core.protocol.RegisterRMRequest.getTypeCode()2
22:00:58.540 | INFO  | Finished (in 0.371 sec): method io.seata.core.protocol.RegisterRMRequest.getTypeCode() 
<StatsForMethod> :
	#generatedTC=2
	WITH NO EXCEPTIONS
22:00:58.542 | DEBUG |  ... 
22:00:58.542 | INFO  | Started: method io.seata.core.protocol.RegisterRMRequest.doEncode()
22:00:58.542 | INFO  |  -- Remaining time budget: 87128 ms, #remaining_methods: 5, budget for method: 17425 ms, solver timeout: 1000 ms, budget for symbolic execution: 16225 ms, budget for concrete execution: 1200 ms,  -- 
22:00:58.579 | DEBUG | --new testCase collected, to generate: testIo.seata.core.protocol.RegisterRMRequest.doEncode()1
22:00:58.890 | DEBUG | --new testCase collected, to generate: testIo.seata.core.protocol.RegisterRMRequest.doEncode()2
22:01:00.052 | ERROR | Symbolic execution FAILED
com.huawei.utbot.instrumentation.util.ChildProcessError: Error in the child process |> java.lang.IllegalStateException: No field $__is_mock_null in class java.nio.charset.Charset
	at com.huawei.utbot.framework.concrete.MethodMockController.<init>(MethodMockController.kt:38)
	at com.huawei.utbot.framework.concrete.MockValueConstructor.mockMethods(MockValueConstructor.kt:245)
	at com.huawei.utbot.framework.concrete.MockValueConstructor.mockStaticMethods(MockValueConstructor.kt:263)
	at com.huawei.utbot.framework.concrete.UtExecutionInstrumentation$invoke$$inlined$use$lambda$1.invoke(UtExecutionInstrumentation.kt:139)
	at com.huawei.utbot.framework.concrete.UtExecutionInstrumentation$invoke$$inlined$use$lambda$1.invoke(UtExecutionInstrumentation.kt:96)
	at com.huawei.utbot.framework.concrete.UtExecutionInstrumentation.withStaticFields(UtExecutionInstrumentation.kt:225)
	at com.huawei.utbot.framework.concrete.UtExecutionInstrumentation.invoke(UtExecutionInstrumentation.kt:137)
	at com.huawei.utbot.framework.concrete.UtExecutionInstrumentation.invoke(UtExecutionInstrumentation.kt:96)
	at com.huawei.utbot.instrumentation.process.ChildProcessKt.loop(ChildProcess.kt:114)
	at com.huawei.utbot.instrumentation.process.ChildProcessKt.main(ChildProcess.kt:76)
	at com.huawei.utbot.instrumentation.process.ChildProcessKt.main(ChildProcess.kt)

	at com.huawei.utbot.instrumentation.ConcreteExecutor.executeAsync(ConcreteExecutor.kt:391) ~[utbot-junit-contest-1.0.jar:?]
	at com.huawei.utbot.instrumentation.ConcreteExecutor$executeAsync$1.invokeSuspend(ConcreteExecutor.kt) ~[utbot-junit-contest-1.0.jar:?]
	at kotlin.coroutines.jvm.internal.BaseContinuationImpl.resumeWith(ContinuationImpl.kt:33) [utbot-junit-contest-1.0.jar:?]
	at kotlinx.coroutines.DispatchedTask.run(DispatchedTask.kt:106) [utbot-junit-contest-1.0.jar:?]
	at java.util.concurrent.Executors$RunnableAdapter.call(Executors.java:511) [?:1.8.0_312]
	at java.util.concurrent.FutureTask.run(FutureTask.java:266) [?:1.8.0_312]
	at java.util.concurrent.ScheduledThreadPoolExecutor$ScheduledFutureTask.access$201(ScheduledThreadPoolExecutor.java:180) [?:1.8.0_312]
	at java.util.concurrent.ScheduledThreadPoolExecutor$ScheduledFutureTask.run(ScheduledThreadPoolExecutor.java:293) [?:1.8.0_312]
	at java.util.concurrent.ThreadPoolExecutor.runWorker(ThreadPoolExecutor.java:1149) [?:1.8.0_312]
	at java.util.concurrent.ThreadPoolExecutor$Worker.run(ThreadPoolExecutor.java:624) [?:1.8.0_312]
	at java.lang.Thread.run(Thread.java:748) [?:1.8.0_312]
22:01:00.067 | ERROR | Symbolic execution FAILED ... <<stack trace duplicated>>
22:01:00.085 | ERROR | Symbolic execution FAILED ... <<stack trace duplicated>>
22:01:00.097 | ERROR | Symbolic execution FAILED ... <<stack trace duplicated>>
22:01:00.098 | INFO  | Finished (in 1.555 sec): method io.seata.core.protocol.RegisterRMRequest.doEncode() 
<StatsForMethod> :
	#generatedTC=2
	FAILED 4 time(s) with 1 different exception(s)"
22:01:00.141 | DEBUG |  ... 
22:01:00.142 | INFO  | Started: method io.seata.core.protocol.RegisterRMRequest.setResourceIds(String)
22:01:00.143 | INFO  |  -- Remaining time budget: 85528 ms, #remaining_methods: 4, budget for method: 21382 ms, solver timeout: 1000 ms, budget for symbolic execution: 20182 ms, budget for concrete execution: 1200 ms,  -- 
22:01:00.278 | DEBUG | --new testCase collected, to generate: testIo.seata.core.protocol.RegisterRMRequest.setResourceIds(String)1
22:01:00.316 | DEBUG | --new testCase collected, to generate: testIo.seata.core.protocol.RegisterRMRequest.setResourceIds(String)2
22:01:00.316 | INFO  | Finished (in 0.174 sec): method io.seata.core.protocol.RegisterRMRequest.setResourceIds(String) 
<StatsForMethod> :
	#generatedTC=2
	WITH NO EXCEPTIONS
22:01:00.317 | DEBUG |  ... 
22:01:00.318 | INFO  | Started: method io.seata.core.protocol.RegisterRMRequest.getResourceIds()
22:01:00.318 | INFO  |  -- Remaining time budget: 85352 ms, #remaining_methods: 3, budget for method: 28450 ms, solver timeout: 1000 ms, budget for symbolic execution: 27250 ms, budget for concrete execution: 1200 ms,  -- 
22:01:00.395 | DEBUG | --new testCase collected, to generate: testIo.seata.core.protocol.RegisterRMRequest.getResourceIds()1
22:01:00.420 | DEBUG | --new testCase collected, to generate: testIo.seata.core.protocol.RegisterRMRequest.getResourceIds()2
22:01:00.421 | INFO  | Finished (in 0.103 sec): method io.seata.core.protocol.RegisterRMRequest.getResourceIds() 
<StatsForMethod> :
	#generatedTC=2
	WITH NO EXCEPTIONS
22:01:00.422 | DEBUG |  ... 
22:01:00.422 | INFO  | Started: method io.seata.core.protocol.RegisterRMRequest.<init>(String, String)
22:01:00.422 | INFO  |  -- Remaining time budget: 85248 ms, #remaining_methods: 2, budget for method: 42624 ms, solver timeout: 1000 ms, budget for symbolic execution: 41424 ms, budget for concrete execution: 1200 ms,  -- 
22:01:00.443 | DEBUG | --new testCase collected, to generate: testIo.seata.core.protocol.RegisterRMRequest.<init>(String, String)1
22:01:00.518 | DEBUG | --new testCase collected, to generate: testIo.seata.core.protocol.RegisterRMRequest.<init>(String, String)2
22:01:00.519 | INFO  | Finished (in 0.096 sec): method io.seata.core.protocol.RegisterRMRequest.<init>(String, String) 
<StatsForMethod> :
	#generatedTC=2
	WITH NO EXCEPTIONS
22:01:00.525 | DEBUG |  ... 
22:01:00.525 | INFO  | Started: method io.seata.core.protocol.RegisterRMRequest.<init>()
22:01:00.526 | INFO  |  -- Remaining time budget: 85145 ms, #remaining_methods: 1, budget for method: 85145 ms, solver timeout: 1000 ms, budget for symbolic execution: 83945 ms, budget for concrete execution: 1200 ms,  -- 
22:01:00.540 | DEBUG | --new testCase collected, to generate: testIo.seata.core.protocol.RegisterRMRequest.<init>()1
22:01:00.627 | DEBUG | --new testCase collected, to generate: testIo.seata.core.protocol.RegisterRMRequest.<init>()2
22:01:00.628 | INFO  | Finished (in 0.102 sec): method io.seata.core.protocol.RegisterRMRequest.<init>() 
<StatsForMethod> :
	#generatedTC=2
	WITH NO EXCEPTIONS
22:01:00.640 | INFO  | Started: Flushing tests for [RegisterRMRequest] on disk
22:01:00.826 | INFO  | File size for RegisterRMRequestTest: 17 KB
22:01:00.828 | INFO  | Finished (in 0.187 sec): Flushing tests for [RegisterRMRequest] on disk 
22:01:00.828 | INFO  | Finished (in 17.135 sec): class io.seata.core.protocol.RegisterRMRequest 
<StatsForClass> :
	canceled by timeout = false
	#methods = 8, 
	#methods started symbolic exploration = 8
	#methods with at least one TC = 8
	#methods with exceptions = 1
	#generated TC = 22
	#coverage = null
[READY]
