Started UtBot Contest, classfileDir = /var/benchmarks/projects/guava/guava/target/classes, classpathString=/var/benchmarks/projects/guava/guava/target/classes:/var/benchmarks/projects/guava/guava/target/guava-26.0-jre.jar:/var/benchmarks/projects/./guava/guava/target/dependency/checker-qual-2.5.2.jar:/var/benchmarks/projects/guava/guava/target/dependency/error_prone_annotations-2.1.3.jar:/var/benchmarks/projects/guava/guava/target/dependency/j2objc-annotations-1.1.jar:/var/benchmarks/projects/guava/guava/target/dependency/jsr305-3.0.2.jar:/var/benchmarks/projects/guava/guava/target/dependency/animal-sniffer-annotations-1.14.jar, outputDir=/home/utbot_mocks/temp/testcases, mocks=Other classes: Mockito
13:36:01.129 | INFO  | Started: warmup: kotlin reflection :: init
13:36:01.208 | INFO  | Finished (in 0.079 sec): warmup: kotlin reflection :: init 
[INIT]
>> [RUN] com.google.common.base.internal.Finalizer 30
13:36:01.219 | DEBUG | -----------------------------------------------------------------------------
13:36:01.220 | INFO  | Contest.runGeneration: Time budget: 30000 ms, Generation timeout=25500 ms, classpath=/var/benchmarks/projects/guava/guava/target/classes:/var/benchmarks/projects/guava/guava/target/guava-26.0-jre.jar:/var/benchmarks/projects/./guava/guava/target/dependency/checker-qual-2.5.2.jar:/var/benchmarks/projects/guava/guava/target/dependency/error_prone_annotations-2.1.3.jar:/var/benchmarks/projects/guava/guava/target/dependency/j2objc-annotations-1.1.jar:/var/benchmarks/projects/guava/guava/target/dependency/jsr305-3.0.2.jar:/var/benchmarks/projects/guava/guava/target/dependency/animal-sniffer-annotations-1.14.jar, methodNameFilter=null
13:36:01.221 | INFO  | ClassUnderTest[ FQN: com.google.common.base.internal.Finalizer
    classfileDir: /var/benchmarks/projects/guava/guava/target/classes
    testClassSimpleName: FinalizerTest
    generatedTestFile: /home/utbot_mocks/temp/testcases/com/google/common/base/internal/FinalizerTest.java
    generatedTestsSourcesDir: /home/utbot_mocks/temp/testcases
]
13:36:01.242 | INFO  | Started: class com.google.common.base.internal.Finalizer
13:36:01.242 | INFO  | Started: preparation class class com.google.common.base.internal.Finalizer: kotlin reflection :: run
13:36:01.265 | INFO  | Finished (in 0.022 sec): preparation class class com.google.common.base.internal.Finalizer: kotlin reflection :: run 
13:36:01.266 | INFO  | Started: 2nd optional soot initialization
13:36:01.267 | INFO  | Finished (in 0.001 sec): 2nd optional soot initialization 
13:36:01.274 | DEBUG |  ... 
13:36:01.284 | INFO  | Started: method com.google.common.base.internal.Finalizer.run()
13:36:01.285 | INFO  |  -- Remaining time budget: 25443 ms, #remaining_methods: 7, budget for method: 3634 ms, solver timeout: 1000 ms, budget for symbolic execution: 2434 ms, budget for concrete execution: 1200 ms,  -- 
13:36:01.607 | DEBUG | --new testCase collected, to generate: testCom.google.common.base.internal.Finalizer.run()1
13:36:03.011 | DEBUG | --new testCase collected, to generate: testCom.google.common.base.internal.Finalizer.run()2
13:36:03.717 | INFO  | |> Starting concrete execution for remaining state: com.google.common.base.internal.Finalizer.run()
13:36:03.955 | DEBUG | --new testCase collected, to generate: testCom.google.common.base.internal.Finalizer.run()3
13:36:04.919 | INFO  | (X) Cancelling concrete execution: com.google.common.base.internal.Finalizer.run()
13:36:04.960 | INFO  | Finished (in 3.676 sec): method com.google.common.base.internal.Finalizer.run() 
<StatsForMethod> :
	#generatedTC=3
	WITH NO EXCEPTIONS
13:36:05.011 | DEBUG |  ... 
13:36:05.012 | INFO  | Started: method com.google.common.base.internal.Finalizer.cleanUp(Reference)
13:36:05.012 | INFO  |  -- Remaining time budget: 21708 ms, #remaining_methods: 6, budget for method: 3618 ms, solver timeout: 1000 ms, budget for symbolic execution: 2418 ms, budget for concrete execution: 1200 ms,  -- 
13:36:05.024 | DEBUG | --new testCase collected, to generate: testCom.google.common.base.internal.Finalizer.cleanUp(Reference)1
13:36:05.537 | DEBUG | --new testCase collected, to generate: testCom.google.common.base.internal.Finalizer.cleanUp(Reference)2
13:36:05.702 | DEBUG | --new testCase collected, to generate: testCom.google.common.base.internal.Finalizer.cleanUp(Reference)3
13:36:07.430 | INFO  | |> Starting concrete execution for remaining state: com.google.common.base.internal.Finalizer.cleanUp(Reference)
13:36:08.631 | INFO  | (X) Cancelling concrete execution: com.google.common.base.internal.Finalizer.cleanUp(Reference)
13:36:08.660 | INFO  | Finished (in 3.648 sec): method com.google.common.base.internal.Finalizer.cleanUp(Reference) 
<StatsForMethod> :
	#generatedTC=3
	WITH NO EXCEPTIONS
13:36:08.755 | DEBUG |  ... 
13:36:08.756 | INFO  | Started: method com.google.common.base.internal.Finalizer.getFinalizeReferentMethod()
13:36:08.756 | INFO  |  -- Remaining time budget: 17964 ms, #remaining_methods: 5, budget for method: 3592 ms, solver timeout: 1000 ms, budget for symbolic execution: 2392 ms, budget for concrete execution: 1200 ms,  -- 
13:36:08.763 | DEBUG | --new testCase collected, to generate: testCom.google.common.base.internal.Finalizer.getFinalizeReferentMethod()1
13:36:09.002 | DEBUG | --new testCase collected, to generate: testCom.google.common.base.internal.Finalizer.getFinalizeReferentMethod()2
13:36:09.079 | DEBUG | --new testCase collected, to generate: testCom.google.common.base.internal.Finalizer.getFinalizeReferentMethod()3
13:36:11.148 | INFO  | |> Starting concrete execution for remaining state: com.google.common.base.internal.Finalizer.getFinalizeReferentMethod()
13:36:12.349 | INFO  | (X) Cancelling concrete execution: com.google.common.base.internal.Finalizer.getFinalizeReferentMethod()
13:36:12.375 | INFO  | Finished (in 3.619 sec): method com.google.common.base.internal.Finalizer.getFinalizeReferentMethod() 
<StatsForMethod> :
	#generatedTC=3
	WITH NO EXCEPTIONS
13:36:12.486 | DEBUG |  ... 
13:36:12.486 | INFO  | Started: method com.google.common.base.internal.Finalizer.getInheritableThreadLocalsField()
13:36:12.487 | INFO  |  -- Remaining time budget: 14234 ms, #remaining_methods: 4, budget for method: 3558 ms, solver timeout: 1000 ms, budget for symbolic execution: 2358 ms, budget for concrete execution: 1200 ms,  -- 
13:36:12.505 | DEBUG | --new testCase collected, to generate: testCom.google.common.base.internal.Finalizer.getInheritableThreadLocalsField()1
13:36:14.845 | INFO  | |> Starting concrete execution for remaining state: com.google.common.base.internal.Finalizer.getInheritableThreadLocalsField()
13:36:15.394 | ERROR | Symbolic execution FAILED
java.lang.RuntimeException: No method source set for method <java.lang.String: java.lang.String intern()>
	at soot.SootMethod.retrieveActiveBody(SootMethod.java:398) ~[utbot-junit-contest-1.0.jar:?]
	at com.huawei.utbot.engine.ExtensionsKt.jimpleBody(Extensions.kt:136) ~[utbot-junit-contest-1.0.jar:?]
	at com.huawei.utbot.engine.BaseOverriddenWrapper.invoke(CollectionWrappers.kt:89) ~[utbot-junit-contest-1.0.jar:?]
	at com.huawei.utbot.engine.UtBotSymbolicEngine.overrideInvocation(UtBotSymbolicEngine.kt:2663) ~[utbot-junit-contest-1.0.jar:?]
	at com.huawei.utbot.engine.UtBotSymbolicEngine.commonInvokePart(UtBotSymbolicEngine.kt:2399) ~[utbot-junit-contest-1.0.jar:?]
	at com.huawei.utbot.engine.UtBotSymbolicEngine.virtualAndInterfaceInvoke(UtBotSymbolicEngine.kt:2289) ~[utbot-junit-contest-1.0.jar:?]
	at com.huawei.utbot.engine.UtBotSymbolicEngine.invokeResult(UtBotSymbolicEngine.kt:2153) ~[utbot-junit-contest-1.0.jar:?]
	at com.huawei.utbot.engine.UtBotSymbolicEngine.traverseAssignStmt(UtBotSymbolicEngine.kt:884) ~[utbot-junit-contest-1.0.jar:?]
	at com.huawei.utbot.engine.UtBotSymbolicEngine.traverseStmt(UtBotSymbolicEngine.kt:604) ~[utbot-junit-contest-1.0.jar:?]
	at com.huawei.utbot.engine.UtBotSymbolicEngine$traverse$1.invokeSuspend(UtBotSymbolicEngine.kt:464) [utbot-junit-contest-1.0.jar:?]
	at com.huawei.utbot.engine.UtBotSymbolicEngine$traverse$1.invoke(UtBotSymbolicEngine.kt) [utbot-junit-contest-1.0.jar:?]
	at kotlinx.coroutines.flow.SafeFlow.collectSafely(Builders.kt:61) [utbot-junit-contest-1.0.jar:?]
	at kotlinx.coroutines.flow.AbstractFlow.collect(Flow.kt:212) [utbot-junit-contest-1.0.jar:?]
	at kotlinx.coroutines.flow.FlowKt__MergeKt$flattenConcat$$inlined$unsafeFlow$1$lambda$1.emit(Collect.kt:134) [utbot-junit-contest-1.0.jar:?]
	at kotlinx.coroutines.flow.FlowKt__BuildersKt$flowOf$$inlined$unsafeFlow$1.collect(SafeCollector.common.kt:114) [utbot-junit-contest-1.0.jar:?]
	at kotlinx.coroutines.flow.FlowKt__BuildersKt$flowOf$$inlined$unsafeFlow$1$1.invokeSuspend(Unknown Source) [utbot-junit-contest-1.0.jar:?]
	at kotlin.coroutines.jvm.internal.BaseContinuationImpl.resumeWith(ContinuationImpl.kt:33) [utbot-junit-contest-1.0.jar:?]
	at kotlinx.coroutines.DispatchedTask.run(DispatchedTask.kt:106) [utbot-junit-contest-1.0.jar:?]
	at java.util.concurrent.Executors$RunnableAdapter.call(Executors.java:511) [?:1.8.0_312]
	at java.util.concurrent.FutureTask.run(FutureTask.java:266) [?:1.8.0_312]
	at java.util.concurrent.ScheduledThreadPoolExecutor$ScheduledFutureTask.access$201(ScheduledThreadPoolExecutor.java:180) [?:1.8.0_312]
	at java.util.concurrent.ScheduledThreadPoolExecutor$ScheduledFutureTask.run(ScheduledThreadPoolExecutor.java:293) [?:1.8.0_312]
	at java.util.concurrent.ThreadPoolExecutor.runWorker(ThreadPoolExecutor.java:1149) [?:1.8.0_312]
	at java.util.concurrent.ThreadPoolExecutor$Worker.run(ThreadPoolExecutor.java:624) [?:1.8.0_312]
	at java.lang.Thread.run(Thread.java:748) [?:1.8.0_312]
13:36:15.798 | ERROR | Symbolic execution FAILED ... <<stack trace duplicated>>
13:36:16.046 | INFO  | (X) Cancelling concrete execution: com.google.common.base.internal.Finalizer.getInheritableThreadLocalsField()
13:36:16.103 | INFO  | Finished (in 3.616 sec): method com.google.common.base.internal.Finalizer.getInheritableThreadLocalsField() 
<StatsForMethod> :
	#generatedTC=1
	FAILED 2 time(s) with 1 different exception(s)"
13:36:16.174 | DEBUG |  ... 
13:36:16.175 | INFO  | Started: method com.google.common.base.internal.Finalizer.getBigThreadConstructor()
13:36:16.175 | INFO  |  -- Remaining time budget: 10545 ms, #remaining_methods: 3, budget for method: 3515 ms, solver timeout: 1000 ms, budget for symbolic execution: 2315 ms, budget for concrete execution: 1200 ms,  -- 
13:36:16.181 | DEBUG | --new testCase collected, to generate: testCom.google.common.base.internal.Finalizer.getBigThreadConstructor()1
13:36:18.490 | INFO  | |> Starting concrete execution for remaining state: com.google.common.base.internal.Finalizer.getBigThreadConstructor()
13:36:19.691 | INFO  | (X) Cancelling concrete execution: com.google.common.base.internal.Finalizer.getBigThreadConstructor()
13:36:19.764 | INFO  | Finished (in 3.589 sec): method com.google.common.base.internal.Finalizer.getBigThreadConstructor() 
<StatsForMethod> :
	#generatedTC=1
	WITH NO EXCEPTIONS
13:36:19.892 | DEBUG |  ... 
13:36:19.893 | INFO  | Started: method com.google.common.base.internal.Finalizer.startFinalizer(Class, ReferenceQueue, PhantomReference)
13:36:19.893 | INFO  |  -- Remaining time budget: 6828 ms, #remaining_methods: 2, budget for method: 3414 ms, solver timeout: 1000 ms, budget for symbolic execution: 2214 ms, budget for concrete execution: 1200 ms,  -- 
13:36:19.908 | ERROR | Symbolic execution FAILED
com.huawei.utbot.instrumentation.util.ChildProcessError: Error in the child process |> java.lang.IllegalAccessException: java.lang.Class
	at sun.misc.Unsafe.allocateInstance(Native Method)
	at com.huawei.utbot.framework.util.EngineUtilsKt.getAnyInstance(EngineUtils.kt:61)
	at com.huawei.utbot.framework.concrete.MockValueConstructor.constructObject(MockValueConstructor.kt:158)
	at com.huawei.utbot.framework.concrete.MockValueConstructor.construct(MockValueConstructor.kt:124)
	at com.huawei.utbot.framework.concrete.MockValueConstructor.constructMethodParameters(MockValueConstructor.kt:101)
	at com.huawei.utbot.framework.concrete.UtExecutionInstrumentation.invoke(UtExecutionInstrumentation.kt:126)
	at com.huawei.utbot.framework.concrete.UtExecutionInstrumentation.invoke(UtExecutionInstrumentation.kt:96)
	at com.huawei.utbot.instrumentation.process.ChildProcessKt.loop(ChildProcess.kt:114)
	at com.huawei.utbot.instrumentation.process.ChildProcessKt.main(ChildProcess.kt:76)
	at com.huawei.utbot.instrumentation.process.ChildProcessKt.main(ChildProcess.kt)

	at com.huawei.utbot.instrumentation.ConcreteExecutor.executeAsync(ConcreteExecutor.kt:391) ~[utbot-junit-contest-1.0.jar:?]
	at com.huawei.utbot.instrumentation.ConcreteExecutor$executeAsync$1.invokeSuspend(ConcreteExecutor.kt) ~[utbot-junit-contest-1.0.jar:?]
	at kotlin.coroutines.jvm.internal.BaseContinuationImpl.resumeWith(ContinuationImpl.kt:33) [utbot-junit-contest-1.0.jar:?]
	at kotlinx.coroutines.DispatchedTask.run(DispatchedTask.kt:106) [utbot-junit-contest-1.0.jar:?]
	at java.util.concurrent.Executors$RunnableAdapter.call(Executors.java:511) [?:1.8.0_312]
	at java.util.concurrent.FutureTask.run(FutureTask.java:266) [?:1.8.0_312]
	at java.util.concurrent.ScheduledThreadPoolExecutor$ScheduledFutureTask.access$201(ScheduledThreadPoolExecutor.java:180) [?:1.8.0_312]
	at java.util.concurrent.ScheduledThreadPoolExecutor$ScheduledFutureTask.run(ScheduledThreadPoolExecutor.java:293) [?:1.8.0_312]
	at java.util.concurrent.ThreadPoolExecutor.runWorker(ThreadPoolExecutor.java:1149) [?:1.8.0_312]
	at java.util.concurrent.ThreadPoolExecutor$Worker.run(ThreadPoolExecutor.java:624) [?:1.8.0_312]
	at java.lang.Thread.run(Thread.java:748) [?:1.8.0_312]
13:36:20.031 | DEBUG | --new testCase collected, to generate: testCom.google.common.base.internal.Finalizer.startFinalizer(Class, ReferenceQueue, PhantomReference)1
13:36:20.069 | INFO  | Finished (in 0.175 sec): method com.google.common.base.internal.Finalizer.startFinalizer(Class, ReferenceQueue, PhantomReference) 
<StatsForMethod> :
	#generatedTC=1
	FAILED 1 time(s) with 1 different exception(s)"
13:36:20.077 | DEBUG |  ... 
13:36:20.078 | INFO  | Started: method com.google.common.base.internal.Finalizer.<init>(Class, ReferenceQueue, PhantomReference)
13:36:20.078 | INFO  |  -- Remaining time budget: 6642 ms, #remaining_methods: 1, budget for method: 6642 ms, solver timeout: 1000 ms, budget for symbolic execution: 5442 ms, budget for concrete execution: 1200 ms,  -- 
13:36:20.084 | ERROR | Symbolic execution FAILED
com.huawei.utbot.instrumentation.util.ChildProcessError: Error in the child process |> java.lang.IllegalAccessException: java.lang.Class
	at sun.misc.Unsafe.allocateInstance(Native Method)
	at com.huawei.utbot.framework.util.EngineUtilsKt.getAnyInstance(EngineUtils.kt:61)
	at com.huawei.utbot.framework.concrete.MockValueConstructor.constructObject(MockValueConstructor.kt:158)
	at com.huawei.utbot.framework.concrete.MockValueConstructor.construct(MockValueConstructor.kt:124)
	at com.huawei.utbot.framework.concrete.MockValueConstructor.constructMethodParameters(MockValueConstructor.kt:101)
	at com.huawei.utbot.framework.concrete.UtExecutionInstrumentation.invoke(UtExecutionInstrumentation.kt:126)
	at com.huawei.utbot.framework.concrete.UtExecutionInstrumentation.invoke(UtExecutionInstrumentation.kt:96)
	at com.huawei.utbot.instrumentation.process.ChildProcessKt.loop(ChildProcess.kt:114)
	at com.huawei.utbot.instrumentation.process.ChildProcessKt.main(ChildProcess.kt:76)
	at com.huawei.utbot.instrumentation.process.ChildProcessKt.main(ChildProcess.kt)

	at com.huawei.utbot.instrumentation.ConcreteExecutor.executeAsync(ConcreteExecutor.kt:391) ~[utbot-junit-contest-1.0.jar:?]
	at com.huawei.utbot.instrumentation.ConcreteExecutor$executeAsync$1.invokeSuspend(ConcreteExecutor.kt) ~[utbot-junit-contest-1.0.jar:?]
	at kotlin.coroutines.jvm.internal.BaseContinuationImpl.resumeWith(ContinuationImpl.kt:33) [utbot-junit-contest-1.0.jar:?]
	at kotlinx.coroutines.DispatchedTask.run(DispatchedTask.kt:106) [utbot-junit-contest-1.0.jar:?]
	at java.util.concurrent.Executors$RunnableAdapter.call(Executors.java:511) [?:1.8.0_312]
	at java.util.concurrent.FutureTask.run(FutureTask.java:266) [?:1.8.0_312]
	at java.util.concurrent.ScheduledThreadPoolExecutor$ScheduledFutureTask.access$201(ScheduledThreadPoolExecutor.java:180) [?:1.8.0_312]
	at java.util.concurrent.ScheduledThreadPoolExecutor$ScheduledFutureTask.run(ScheduledThreadPoolExecutor.java:293) [?:1.8.0_312]
	at java.util.concurrent.ThreadPoolExecutor.runWorker(ThreadPoolExecutor.java:1149) [?:1.8.0_312]
	at java.util.concurrent.ThreadPoolExecutor$Worker.run(ThreadPoolExecutor.java:624) [?:1.8.0_312]
	at java.lang.Thread.run(Thread.java:748) [?:1.8.0_312]
13:36:20.374 | DEBUG | --new testCase collected, to generate: testCom.google.common.base.internal.Finalizer.<init>(Class, ReferenceQueue, PhantomReference)1
13:36:20.374 | INFO  | Finished (in 0.296 sec): method com.google.common.base.internal.Finalizer.<init>(Class, ReferenceQueue, PhantomReference) 
<StatsForMethod> :
	#generatedTC=1
	FAILED 1 time(s) with 1 different exception(s)"
13:36:20.388 | INFO  | Started: Flushing tests for [Finalizer] on disk
13:36:20.652 | INFO  | File size for FinalizerTest: 27 KB
13:36:20.653 | INFO  | Finished (in 0.265 sec): Flushing tests for [Finalizer] on disk 
13:36:20.654 | INFO  | Finished (in 19.412 sec): class com.google.common.base.internal.Finalizer 
<StatsForClass> :
	canceled by timeout = false
	#methods = 7, 
	#methods started symbolic exploration = 7
	#methods with at least one TC = 7
	#methods with exceptions = 3
	#generated TC = 13
	#coverage = null
[READY]
