Started UtBot Contest, classfileDir = /var/benchmarks/projects/spoon/target/classes, classpathString=/var/benchmarks/projects/spoon/target/classes:/var/benchmarks/projects/spoon/target/spoon-core-7.0.0.jar:/var/benchmarks/projects/./spoon/target/dependency/org.eclipse.text-3.12.0.jar:/var/benchmarks/projects/spoon/target/dependency/org.eclipse.equinox.app-1.6.100.jar:/var/benchmarks/projects/spoon/target/dependency/org.eclipse.core.contenttype-3.8.100.jar:/var/benchmarks/projects/spoon/target/dependency/mockito-all-2.0.2-beta.jar:/var/benchmarks/projects/spoon/target/dependency/jackson-databind-2.9.2.jar:/var/benchmarks/projects/spoon/target/dependency/guava-18.0.jar:/var/benchmarks/projects/spoon/target/dependency/org.eclipse.core.expressions-3.8.100.jar:/var/benchmarks/projects/spoon/target/dependency/org.eclipse.core.commands-3.10.100.jar:/var/benchmarks/projects/spoon/target/dependency/jackson-annotations-2.9.0.jar:/var/benchmarks/projects/spoon/target/dependency/org.eclipse.jdt.core-3.13.102.jar:/var/benchmarks/projects/spoon/target/dependency/org.eclipse.core.runtime-3.24.0.jar:/var/benchmarks/projects/spoon/target/dependency/org.eclipse.core.resources-3.16.0.jar:/var/benchmarks/projects/spoon/target/dependency/jackson-core-2.9.2.jar:/var/benchmarks/projects/spoon/target/dependency/junit-4.12.jar:/var/benchmarks/projects/spoon/target/dependency/org.eclipse.equinox.registry-3.11.100.jar:/var/benchmarks/projects/spoon/target/dependency/hamcrest-core-1.3.jar:/var/benchmarks/projects/spoon/target/dependency/maven-model-3.3.9.jar:/var/benchmarks/projects/spoon/target/dependency/plexus-utils-3.0.22.jar:/var/benchmarks/projects/spoon/target/dependency/jsap-2.1.jar:/var/benchmarks/projects/spoon/target/dependency/bridge-method-annotation-1.13.jar:/var/benchmarks/projects/spoon/target/dependency/org.eclipse.equinox.common-3.15.100.jar:/var/benchmarks/projects/spoon/target/dependency/org.eclipse.core.jobs-3.12.0.jar:/var/benchmarks/projects/spoon/target/dependency/commons-io-2.5.jar:/var/benchmarks/projects/spoon/target/dependency/commons-lang3-3.5.jar:/var/benchmarks/projects/spoon/target/dependency/system-rules-1.9.0.jar:/var/benchmarks/projects/spoon/target/dependency/querydsl-core-3.6.9.jar:/var/benchmarks/projects/spoon/target/dependency/org.eclipse.core.filesystem-1.9.200.jar:/var/benchmarks/projects/spoon/target/dependency/org.eclipse.equinox.preferences-3.9.100.jar:/var/benchmarks/projects/spoon/target/dependency/org.eclipse.osgi-3.17.100.jar:/var/benchmarks/projects/spoon/target/dependency/log4j-1.2.17.jar, outputDir=/home/utbot_mocks/temp/testcases, mocks=Other classes: Mockito
17:55:55.928 | INFO  | Started: warmup: kotlin reflection :: init
17:55:56.005 | INFO  | Finished (in 0.077 sec): warmup: kotlin reflection :: init 
[INIT]
>> [RUN] spoon.reflect.visitor.filter.CompositeFilter 30
17:55:56.016 | DEBUG | -----------------------------------------------------------------------------
17:55:56.017 | INFO  | Contest.runGeneration: Time budget: 30000 ms, Generation timeout=25500 ms, classpath=/var/benchmarks/projects/spoon/target/classes:/var/benchmarks/projects/spoon/target/spoon-core-7.0.0.jar:/var/benchmarks/projects/./spoon/target/dependency/org.eclipse.text-3.12.0.jar:/var/benchmarks/projects/spoon/target/dependency/org.eclipse.equinox.app-1.6.100.jar:/var/benchmarks/projects/spoon/target/dependency/org.eclipse.core.contenttype-3.8.100.jar:/var/benchmarks/projects/spoon/target/dependency/mockito-all-2.0.2-beta.jar:/var/benchmarks/projects/spoon/target/dependency/jackson-databind-2.9.2.jar:/var/benchmarks/projects/spoon/target/dependency/guava-18.0.jar:/var/benchmarks/projects/spoon/target/dependency/org.eclipse.core.expressions-3.8.100.jar:/var/benchmarks/projects/spoon/target/dependency/org.eclipse.core.commands-3.10.100.jar:/var/benchmarks/projects/spoon/target/dependency/jackson-annotations-2.9.0.jar:/var/benchmarks/projects/spoon/target/dependency/org.eclipse.jdt.core-3.13.102.jar:/var/benchmarks/projects/spoon/target/dependency/org.eclipse.core.runtime-3.24.0.jar:/var/benchmarks/projects/spoon/target/dependency/org.eclipse.core.resources-3.16.0.jar:/var/benchmarks/projects/spoon/target/dependency/jackson-core-2.9.2.jar:/var/benchmarks/projects/spoon/target/dependency/junit-4.12.jar:/var/benchmarks/projects/spoon/target/dependency/org.eclipse.equinox.registry-3.11.100.jar:/var/benchmarks/projects/spoon/target/dependency/hamcrest-core-1.3.jar:/var/benchmarks/projects/spoon/target/dependency/maven-model-3.3.9.jar:/var/benchmarks/projects/spoon/target/dependency/plexus-utils-3.0.22.jar:/var/benchmarks/projects/spoon/target/dependency/jsap-2.1.jar:/var/benchmarks/projects/spoon/target/dependency/bridge-method-annotation-1.13.jar:/var/benchmarks/projects/spoon/target/dependency/org.eclipse.equinox.common-3.15.100.jar:/var/benchmarks/projects/spoon/target/dependency/org.eclipse.core.jobs-3.12.0.jar:/var/benchmarks/projects/spoon/target/dependency/commons-io-2.5.jar:/var/benchmarks/projects/spoon/target/dependency/commons-lang3-3.5.jar:/var/benchmarks/projects/spoon/target/dependency/system-rules-1.9.0.jar:/var/benchmarks/projects/spoon/target/dependency/querydsl-core-3.6.9.jar:/var/benchmarks/projects/spoon/target/dependency/org.eclipse.core.filesystem-1.9.200.jar:/var/benchmarks/projects/spoon/target/dependency/org.eclipse.equinox.preferences-3.9.100.jar:/var/benchmarks/projects/spoon/target/dependency/org.eclipse.osgi-3.17.100.jar:/var/benchmarks/projects/spoon/target/dependency/log4j-1.2.17.jar, methodNameFilter=null
17:55:56.019 | INFO  | ClassUnderTest[ FQN: spoon.reflect.visitor.filter.CompositeFilter
    classfileDir: /var/benchmarks/projects/spoon/target/classes
    testClassSimpleName: CompositeFilterTest
    generatedTestFile: /home/utbot_mocks/temp/testcases/spoon/reflect/visitor/filter/CompositeFilterTest.java
    generatedTestsSourcesDir: /home/utbot_mocks/temp/testcases
]
17:55:56.052 | INFO  | Started: class spoon.reflect.visitor.filter.CompositeFilter
17:55:56.053 | INFO  | Started: preparation class class spoon.reflect.visitor.filter.CompositeFilter: kotlin reflection :: run
17:55:56.083 | INFO  | Finished (in 0.030 sec): preparation class class spoon.reflect.visitor.filter.CompositeFilter: kotlin reflection :: run 
17:55:56.084 | INFO  | Started: 2nd optional soot initialization
17:55:56.086 | INFO  | Finished (in 0.001 sec): 2nd optional soot initialization 
17:55:56.097 | DEBUG |  ... 
17:55:56.106 | INFO  | Started: method spoon.reflect.visitor.filter.CompositeFilter.matches(T)
17:55:56.107 | INFO  |  -- Remaining time budget: 25418 ms, #remaining_methods: 4, budget for method: 6354 ms, solver timeout: 1000 ms, budget for symbolic execution: 5154 ms, budget for concrete execution: 1200 ms,  -- 
17:55:56.461 | DEBUG | --new testCase collected, to generate: testSpoon.reflect.visitor.filter.CompositeFilter.matches(T)1
17:55:56.971 | DEBUG | --new testCase collected, to generate: testSpoon.reflect.visitor.filter.CompositeFilter.matches(T)2
17:55:57.004 | DEBUG | --new testCase collected, to generate: testSpoon.reflect.visitor.filter.CompositeFilter.matches(T)3
17:55:57.036 | DEBUG | --new testCase collected, to generate: testSpoon.reflect.visitor.filter.CompositeFilter.matches(T)4
17:55:57.069 | DEBUG | --new testCase collected, to generate: testSpoon.reflect.visitor.filter.CompositeFilter.matches(T)5
17:55:57.099 | DEBUG | --new testCase collected, to generate: testSpoon.reflect.visitor.filter.CompositeFilter.matches(T)6
17:55:57.229 | DEBUG | --new testCase collected, to generate: testSpoon.reflect.visitor.filter.CompositeFilter.matches(T)7
17:55:57.292 | DEBUG | --new testCase collected, to generate: testSpoon.reflect.visitor.filter.CompositeFilter.matches(T)8
17:55:57.362 | DEBUG | --new testCase collected, to generate: testSpoon.reflect.visitor.filter.CompositeFilter.matches(T)9
17:55:57.376 | DEBUG | --new testCase collected, to generate: testSpoon.reflect.visitor.filter.CompositeFilter.matches(T)10
17:55:57.424 | DEBUG | --new testCase collected, to generate: testSpoon.reflect.visitor.filter.CompositeFilter.matches(T)11
17:55:57.464 | DEBUG | --new testCase collected, to generate: testSpoon.reflect.visitor.filter.CompositeFilter.matches(T)12
17:55:57.501 | DEBUG | --new testCase collected, to generate: testSpoon.reflect.visitor.filter.CompositeFilter.matches(T)13
17:55:57.545 | DEBUG | --new testCase collected, to generate: testSpoon.reflect.visitor.filter.CompositeFilter.matches(T)14
17:55:57.604 | DEBUG | --new testCase collected, to generate: testSpoon.reflect.visitor.filter.CompositeFilter.matches(T)15
17:55:57.638 | DEBUG | --new testCase collected, to generate: testSpoon.reflect.visitor.filter.CompositeFilter.matches(T)16
17:55:57.690 | DEBUG | --new testCase collected, to generate: testSpoon.reflect.visitor.filter.CompositeFilter.matches(T)17
17:55:57.708 | DEBUG | --new testCase collected, to generate: testSpoon.reflect.visitor.filter.CompositeFilter.matches(T)18
17:55:57.792 | DEBUG | --new testCase collected, to generate: testSpoon.reflect.visitor.filter.CompositeFilter.matches(T)19
17:55:57.818 | DEBUG | --new testCase collected, to generate: testSpoon.reflect.visitor.filter.CompositeFilter.matches(T)20
17:55:57.866 | DEBUG | --new testCase collected, to generate: testSpoon.reflect.visitor.filter.CompositeFilter.matches(T)21
17:55:57.909 | DEBUG | --new testCase collected, to generate: testSpoon.reflect.visitor.filter.CompositeFilter.matches(T)22
17:55:57.956 | DEBUG | --new testCase collected, to generate: testSpoon.reflect.visitor.filter.CompositeFilter.matches(T)23
17:55:58.065 | DEBUG | --new testCase collected, to generate: testSpoon.reflect.visitor.filter.CompositeFilter.matches(T)24
17:55:58.106 | DEBUG | --new testCase collected, to generate: testSpoon.reflect.visitor.filter.CompositeFilter.matches(T)25
17:55:58.144 | DEBUG | --new testCase collected, to generate: testSpoon.reflect.visitor.filter.CompositeFilter.matches(T)26
17:55:58.213 | DEBUG | --new testCase collected, to generate: testSpoon.reflect.visitor.filter.CompositeFilter.matches(T)27
17:55:58.230 | DEBUG | --new testCase collected, to generate: testSpoon.reflect.visitor.filter.CompositeFilter.matches(T)28
17:55:58.246 | DEBUG | --new testCase collected, to generate: testSpoon.reflect.visitor.filter.CompositeFilter.matches(T)29
17:55:58.248 | INFO  | Finished (in 2.142 sec): method spoon.reflect.visitor.filter.CompositeFilter.matches(T) 
<StatsForMethod> :
	#generatedTC=29
	WITH NO EXCEPTIONS
17:55:58.308 | DEBUG |  ... 
17:55:58.308 | INFO  | Started: method spoon.reflect.visitor.filter.CompositeFilter.getType()
17:55:58.309 | INFO  |  -- Remaining time budget: 23210 ms, #remaining_methods: 3, budget for method: 7736 ms, solver timeout: 1000 ms, budget for symbolic execution: 6536 ms, budget for concrete execution: 1200 ms,  -- 
17:55:58.322 | DEBUG | --new testCase collected, to generate: testSpoon.reflect.visitor.filter.CompositeFilter.getType()1
17:55:58.359 | DEBUG | --new testCase collected, to generate: testSpoon.reflect.visitor.filter.CompositeFilter.getType()2
17:55:58.359 | INFO  | Finished (in 0.050 sec): method spoon.reflect.visitor.filter.CompositeFilter.getType() 
<StatsForMethod> :
	#generatedTC=2
	WITH NO EXCEPTIONS
17:55:58.360 | DEBUG |  ... 
17:55:58.360 | INFO  | Started: method spoon.reflect.visitor.filter.CompositeFilter.hasMatch(Filter, T)
17:55:58.360 | INFO  |  -- Remaining time budget: 23158 ms, #remaining_methods: 2, budget for method: 11579 ms, solver timeout: 1000 ms, budget for symbolic execution: 10379 ms, budget for concrete execution: 1200 ms,  -- 
17:55:58.373 | DEBUG | --new testCase collected, to generate: testSpoon.reflect.visitor.filter.CompositeFilter.hasMatch(Filter, T)1
17:55:58.437 | DEBUG | --new testCase collected, to generate: testSpoon.reflect.visitor.filter.CompositeFilter.hasMatch(Filter, T)2
17:55:58.443 | DEBUG | --new testCase collected, to generate: testSpoon.reflect.visitor.filter.CompositeFilter.hasMatch(Filter, T)3
17:55:58.443 | INFO  | Finished (in 0.082 sec): method spoon.reflect.visitor.filter.CompositeFilter.hasMatch(Filter, T) 
<StatsForMethod> :
	#generatedTC=3
	WITH NO EXCEPTIONS
17:55:58.444 | DEBUG |  ... 
17:55:58.444 | INFO  | Started: method spoon.reflect.visitor.filter.CompositeFilter.<init>(FilteringOperator, Filter)
17:55:58.444 | INFO  |  -- Remaining time budget: 23074 ms, #remaining_methods: 1, budget for method: 23074 ms, solver timeout: 1000 ms, budget for symbolic execution: 21874 ms, budget for concrete execution: 1200 ms,  -- 
17:55:59.269 | ERROR | Symbolic execution FAILED
com.huawei.utbot.instrumentation.util.ChildProcessError: Error in the child process |> java.lang.IllegalAccessException: Class com.huawei.utbot.framework.concrete.MockValueConstructor can not access a member of class spoon.reflect.visitor.filter.FilteringOperator with modifiers "private"
	at sun.reflect.Reflection.ensureMemberAccess(Reflection.java:102)
	at java.lang.reflect.AccessibleObject.slowCheckMemberAccess(AccessibleObject.java:296)
	at java.lang.reflect.AccessibleObject.checkAccess(AccessibleObject.java:288)
	at java.lang.reflect.Constructor.newInstance(Constructor.java:413)
	at com.huawei.utbot.framework.concrete.MockValueConstructor.call(MockValueConstructor.kt:414)
	at com.huawei.utbot.framework.concrete.MockValueConstructor.updateWithExecutableCallModel(MockValueConstructor.kt:353)
	at com.huawei.utbot.framework.concrete.MockValueConstructor.constructFromAssembleModel(MockValueConstructor.kt:332)
	at com.huawei.utbot.framework.concrete.MockValueConstructor.construct(MockValueConstructor.kt:126)
	at com.huawei.utbot.framework.concrete.MockValueConstructor.constructMethodParameters(MockValueConstructor.kt:101)
	at com.huawei.utbot.framework.concrete.UtExecutionInstrumentation.invoke(UtExecutionInstrumentation.kt:126)
	at com.huawei.utbot.framework.concrete.UtExecutionInstrumentation.invoke(UtExecutionInstrumentation.kt:96)
	at com.huawei.utbot.instrumentation.process.ChildProcessKt.loop(ChildProcess.kt:114)
	at com.huawei.utbot.instrumentation.process.ChildProcessKt.main(ChildProcess.kt:76)
	at com.huawei.utbot.instrumentation.process.ChildProcessKt.main(ChildProcess.kt)

	at com.huawei.utbot.instrumentation.ConcreteExecutor.executeAsync(ConcreteExecutor.kt:391) ~[utbot-junit-contest-1.0.jar:?]
	at com.huawei.utbot.instrumentation.ConcreteExecutor$executeAsync$1.invokeSuspend(ConcreteExecutor.kt) ~[utbot-junit-contest-1.0.jar:?]
	at kotlin.coroutines.jvm.internal.BaseContinuationImpl.resumeWith(ContinuationImpl.kt:33) [utbot-junit-contest-1.0.jar:?]
	at kotlinx.coroutines.DispatchedTask.run(DispatchedTask.kt:106) [utbot-junit-contest-1.0.jar:?]
	at java.util.concurrent.Executors$RunnableAdapter.call(Executors.java:511) [?:1.8.0_312]
	at java.util.concurrent.FutureTask.run(FutureTask.java:266) [?:1.8.0_312]
	at java.util.concurrent.ScheduledThreadPoolExecutor$ScheduledFutureTask.access$201(ScheduledThreadPoolExecutor.java:180) [?:1.8.0_312]
	at java.util.concurrent.ScheduledThreadPoolExecutor$ScheduledFutureTask.run(ScheduledThreadPoolExecutor.java:293) [?:1.8.0_312]
	at java.util.concurrent.ThreadPoolExecutor.runWorker(ThreadPoolExecutor.java:1149) [?:1.8.0_312]
	at java.util.concurrent.ThreadPoolExecutor$Worker.run(ThreadPoolExecutor.java:624) [?:1.8.0_312]
	at java.lang.Thread.run(Thread.java:748) [?:1.8.0_312]
17:55:59.335 | DEBUG | --new testCase collected, to generate: testSpoon.reflect.visitor.filter.CompositeFilter.<init>(FilteringOperator, Filter)1
17:55:59.336 | INFO  | Finished (in 0.891 sec): method spoon.reflect.visitor.filter.CompositeFilter.<init>(FilteringOperator, Filter) 
<StatsForMethod> :
	#generatedTC=1
	FAILED 1 time(s) with 1 different exception(s)"
17:55:59.342 | INFO  | Started: Flushing tests for [CompositeFilter] on disk
17:55:59.597 | INFO  | File size for CompositeFilterTest: 40 KB
17:55:59.599 | INFO  | Finished (in 0.256 sec): Flushing tests for [CompositeFilter] on disk 
17:55:59.600 | INFO  | Finished (in 3.547 sec): class spoon.reflect.visitor.filter.CompositeFilter 
<StatsForClass> :
	canceled by timeout = false
	#methods = 4, 
	#methods started symbolic exploration = 4
	#methods with at least one TC = 4
	#methods with exceptions = 1
	#generated TC = 35
	#coverage = null
[READY]
