Started UtBot Contest, classfileDir = /var/benchmarks/projects/fastjson/target/classes, classpathString=/var/benchmarks/projects/fastjson/target/classes:/var/benchmarks/projects/fastjson/target/fastjson-1.2.50-SNAPSHOT.jar:/var/benchmarks/projects/./fastjson/target/dependency/deeptestutils-1.1.0.jar:/var/benchmarks/projects/fastjson/target/dependency/commons-beanutils-1.8.0.jar:/var/benchmarks/projects/fastjson/target/dependency/woodstox-core-asl-4.4.1.jar:/var/benchmarks/projects/fastjson/target/dependency/spring-aop-4.3.7.RELEASE.jar:/var/benchmarks/projects/fastjson/target/dependency/hibernate-core-5.2.10.Final.jar:/var/benchmarks/projects/fastjson/target/dependency/jackson-module-kotlin-2.9.0.jar:/var/benchmarks/projects/fastjson/target/dependency/spring-data-commons-1.13.6.RELEASE.jar:/var/benchmarks/projects/fastjson/target/dependency/javax.annotation-api-1.2.jar:/var/benchmarks/projects/fastjson/target/dependency/gson-2.6.2.jar:/var/benchmarks/projects/fastjson/target/dependency/jetty-continuation-8.1.8.v20121106.jar:/var/benchmarks/projects/fastjson/target/dependency/objenesis-2.5.1.jar:/var/benchmarks/projects/fastjson/target/dependency/powermock-reflect-1.6.6.jar:/var/benchmarks/projects/fastjson/target/dependency/springfox-spring-web-2.6.1.jar:/var/benchmarks/projects/fastjson/target/dependency/javaslang-2.0.6.jar:/var/benchmarks/projects/fastjson/target/dependency/guava-18.0.jar:/var/benchmarks/projects/fastjson/target/dependency/mockito-core-1.10.19.jar:/var/benchmarks/projects/fastjson/target/dependency/json-lib-2.4-jdk15.jar:/var/benchmarks/projects/fastjson/target/dependency/jetty-xml-8.1.8.v20121106.jar:/var/benchmarks/projects/fastjson/target/dependency/xmlschema-core-2.2.1.jar:/var/benchmarks/projects/fastjson/target/dependency/powermock-api-support-1.6.6.jar:/var/benchmarks/projects/fastjson/target/dependency/commons-collections4-4.1.jar:/var/benchmarks/projects/fastjson/target/dependency/cglib-nodep-2.2.2.jar:/var/benchmarks/projects/fastjson/target/dependency/asm-debug-all-5.0.4.jar:/var/benchmarks/projects/fastjson/target/dependency/spring-plugin-core-1.2.0.RELEASE.jar:/var/benchmarks/projects/fastjson/target/dependency/cxf-rt-rs-client-3.1.2.jar:/var/benchmarks/projects/fastjson/target/dependency/jetty-io-8.1.8.v20121106.jar:/var/benchmarks/projects/fastjson/target/dependency/commons-lang3-3.4.jar:/var/benchmarks/projects/fastjson/target/dependency/stax2-api-3.1.4.jar:/var/benchmarks/projects/fastjson/target/dependency/jackson-annotations-2.9.0.jar:/var/benchmarks/projects/fastjson/target/dependency/jetty-server-8.1.8.v20121106.jar:/var/benchmarks/projects/fastjson/target/dependency/json-simple-1.1.1.jar:/var/benchmarks/projects/fastjson/target/dependency/asm-tree-4.0.jar:/var/benchmarks/projects/fastjson/target/dependency/spring-data-commons-core-1.4.1.RELEASE.jar:/var/benchmarks/projects/fastjson/target/dependency/powermock-module-junit4-common-1.6.6.jar:/var/benchmarks/projects/fastjson/target/dependency/jcl-over-slf4j-1.7.25.jar:/var/benchmarks/projects/fastjson/target/dependency/javax.servlet-3.0.0.v201112011016.jar:/var/benchmarks/projects/fastjson/target/dependency/springfox-core-2.6.1.jar:/var/benchmarks/projects/fastjson/target/dependency/osgi-resource-locator-1.0.1.jar:/var/benchmarks/projects/fastjson/target/dependency/javassist-3.18.0-GA.jar:/var/benchmarks/projects/fastjson/target/dependency/kotlin-reflect-1.1.3-2.jar:/var/benchmarks/projects/fastjson/target/dependency/spring-context-support-4.3.10.RELEASE.jar:/var/benchmarks/projects/fastjson/target/dependency/spring-plugin-metadata-1.2.0.RELEASE.jar:/var/benchmarks/projects/fastjson/target/dependency/kotlin-stdlib-1.1.3-2.jar:/var/benchmarks/projects/fastjson/target/dependency/spring-data-keyvalue-1.2.6.RELEASE.jar:/var/benchmarks/projects/fastjson/target/dependency/jersey-container-servlet-core-2.23.2.jar:/var/benchmarks/projects/fastjson/target/dependency/asm-4.0.jar:/var/benchmarks/projects/fastjson/target/dependency/asm-commons-4.0.jar:/var/benchmarks/projects/fastjson/target/dependency/jersey-guava-2.23.2.jar:/var/benchmarks/projects/fastjson/target/dependency/aopalliance-1.0.jar:/var/benchmarks/projects/fastjson/target/dependency/groovy-2.1.5.jar:/var/benchmarks/projects/fastjson/target/dependency/hk2-api-2.5.0-b05.jar:/var/benchmarks/projects/fastjson/target/dependency/jetty-security-8.1.8.v20121106.jar:/var/benchmarks/projects/fastjson/target/dependency/jmh-core-1.21.jar:/var/benchmarks/projects/fastjson/target/dependency/jersey-container-servlet-2.23.2.jar:/var/benchmarks/projects/fastjson/target/dependency/dom4j-1.6.1.jar:/var/benchmarks/projects/fastjson/target/dependency/spring-core-4.3.7.RELEASE.jar:/var/benchmarks/projects/fastjson/target/dependency/spring-data-redis-1.8.6.RELEASE.jar:/var/benchmarks/projects/fastjson/target/dependency/jackson-core-asl-1.9.13.jar:/var/benchmarks/projects/fastjson/target/dependency/jackson-mapper-asl-1.9.13.jar:/var/benchmarks/projects/fastjson/target/dependency/hibernate-jpa-2.1-api-1.0.0.Final.jar:/var/benchmarks/projects/fastjson/target/dependency/junit-4.12.jar:/var/benchmarks/projects/fastjson/target/dependency/commons-io-1.4.jar:/var/benchmarks/projects/fastjson/target/dependency/jetty-util-8.1.8.v20121106.jar:/var/benchmarks/projects/fastjson/target/dependency/hamcrest-core-1.3.jar:/var/benchmarks/projects/fastjson/target/dependency/jmh-generator-annprocess-1.21.jar:/var/benchmarks/projects/fastjson/target/dependency/jackson-jaxrs-base-2.8.7.jar:/var/benchmarks/projects/fastjson/target/dependency/powermock-module-junit4-1.6.6.jar:/var/benchmarks/projects/fastjson/target/dependency/powermock-core-1.6.6.jar:/var/benchmarks/projects/fastjson/target/dependency/slf4j-api-1.7.25.jar:/var/benchmarks/projects/fastjson/target/dependency/antlr-2.7.7.jar:/var/benchmarks/projects/fastjson/target/dependency/mockito-all-1.10.19.jar:/var/benchmarks/projects/fastjson/target/dependency/jersey-container-jdk-http-2.23.2.jar:/var/benchmarks/projects/fastjson/target/dependency/javaslang-match-2.0.6.jar:/var/benchmarks/projects/fastjson/target/dependency/jersey-test-framework-provider-jdk-http-2.23.2.jar:/var/benchmarks/projects/fastjson/target/dependency/jersey-entity-filtering-2.23.2.jar:/var/benchmarks/projects/fastjson/target/dependency/jandex-2.0.3.Final.jar:/var/benchmarks/projects/fastjson/target/dependency/ezmorph-1.0.6.jar:/var/benchmarks/projects/fastjson/target/dependency/jackson-jaxrs-json-provider-2.8.7.jar:/var/benchmarks/projects/fastjson/target/dependency/cxf-rt-transports-http-3.1.2.jar:/var/benchmarks/projects/fastjson/target/dependency/spring-beans-4.3.7.RELEASE.jar:/var/benchmarks/projects/fastjson/target/dependency/jersey-server-2.23.2.jar:/var/benchmarks/projects/fastjson/target/dependency/powermock-api-mockito-1.6.6.jar:/var/benchmarks/projects/fastjson/target/dependency/jackson-module-jaxb-annotations-2.8.7.jar:/var/benchmarks/projects/fastjson/target/dependency/jopt-simple-4.6.jar:/var/benchmarks/projects/fastjson/target/dependency/asm-analysis-4.0.jar:/var/benchmarks/projects/fastjson/target/dependency/annotations-13.0.jar:/var/benchmarks/projects/fastjson/target/dependency/json-path-2.3.0.jar:/var/benchmarks/projects/fastjson/target/dependency/springfox-spi-2.6.1.jar:/var/benchmarks/projects/fastjson/target/dependency/spring-websocket-4.3.7.RELEASE.jar:/var/benchmarks/projects/fastjson/target/dependency/spring-messaging-4.3.7.RELEASE.jar:/var/benchmarks/projects/fastjson/target/dependency/jersey-client-2.23.2.jar:/var/benchmarks/projects/fastjson/target/dependency/javax.ws.rs-api-2.0.1.jar:/var/benchmarks/projects/fastjson/target/dependency/accessors-smart-1.1.jar:/var/benchmarks/projects/fastjson/target/dependency/hibernate-commons-annotations-5.0.1.Final.jar:/var/benchmarks/projects/fastjson/target/dependency/commons-logging-1.1.1.jar:/var/benchmarks/projects/fastjson/target/dependency/jackson-core-2.9.0.jar:/var/benchmarks/projects/fastjson/target/dependency/spring-expression-4.3.7.RELEASE.jar:/var/benchmarks/projects/fastjson/target/dependency/jersey-media-jaxb-2.23.2.jar:/var/benchmarks/projects/fastjson/target/dependency/okhttp-3.6.0.jar:/var/benchmarks/projects/fastjson/target/dependency/commons-math3-3.2.jar:/var/benchmarks/projects/fastjson/target/dependency/jetty-webapp-8.1.8.v20121106.jar:/var/benchmarks/projects/fastjson/target/dependency/javax.inject-2.5.0-b05.jar:/var/benchmarks/projects/fastjson/target/dependency/cxf-core-3.1.2.jar:/var/benchmarks/projects/fastjson/target/dependency/powermock-api-mockito-common-1.6.6.jar:/var/benchmarks/projects/fastjson/target/dependency/jetty-http-8.1.8.v20121106.jar:/var/benchmarks/projects/fastjson/target/dependency/spring-security-config-3.2.10.RELEASE.jar:/var/benchmarks/projects/fastjson/target/dependency/okio-1.11.0.jar:/var/benchmarks/projects/fastjson/target/dependency/javax.servlet-api-3.1.0.jar:/var/benchmarks/projects/fastjson/target/dependency/json-smart-2.2.1.jar:/var/benchmarks/projects/fastjson/target/dependency/spring-tx-4.3.10.RELEASE.jar:/var/benchmarks/projects/fastjson/target/dependency/jackson-module-afterburner-2.9.0.jar:/var/benchmarks/projects/fastjson/target/dependency/asm-util-4.0.jar:/var/benchmarks/projects/fastjson/target/dependency/spring-security-web-4.2.3.RELEASE.jar:/var/benchmarks/projects/fastjson/target/dependency/spring-webmvc-4.3.7.RELEASE.jar:/var/benchmarks/projects/fastjson/target/dependency/hk2-locator-2.5.0-b05.jar:/var/benchmarks/projects/fastjson/target/dependency/retrofit-2.1.0.jar:/var/benchmarks/projects/fastjson/target/dependency/clojure-1.5.1.jar:/var/benchmarks/projects/fastjson/target/dependency/spring-security-oauth2-2.3.3.RELEASE.jar:/var/benchmarks/projects/fastjson/target/dependency/spring-test-4.3.7.RELEASE.jar:/var/benchmarks/projects/fastjson/target/dependency/aopalliance-repackaged-2.5.0-b05.jar:/var/benchmarks/projects/fastjson/target/dependency/spring-oxm-4.3.10.RELEASE.jar:/var/benchmarks/projects/fastjson/target/dependency/spring-security-core-4.2.3.RELEASE.jar:/var/benchmarks/projects/fastjson/target/dependency/jboss-transaction-api_1.2_spec-1.0.1.Final.jar:/var/benchmarks/projects/fastjson/target/dependency/lombok-1.14.4.jar:/var/benchmarks/projects/fastjson/target/dependency/commons-collections-3.2.1.jar:/var/benchmarks/projects/fastjson/target/dependency/cxf-rt-frontend-jaxrs-3.1.2.jar:/var/benchmarks/projects/fastjson/target/dependency/spring-context-4.3.7.RELEASE.jar:/var/benchmarks/projects/fastjson/target/dependency/jersey-test-framework-core-2.23.2.jar:/var/benchmarks/projects/fastjson/target/dependency/classmate-1.3.1.jar:/var/benchmarks/projects/fastjson/target/dependency/hk2-utils-2.5.0-b05.jar:/var/benchmarks/projects/fastjson/target/dependency/jersey-common-2.23.2.jar:/var/benchmarks/projects/fastjson/target/dependency/jackson-databind-2.9.0.jar:/var/benchmarks/projects/fastjson/target/dependency/jersey-media-json-jackson-2.23.2.jar:/var/benchmarks/projects/fastjson/target/dependency/commons-lang-2.5.jar:/var/benchmarks/projects/fastjson/target/dependency/jetty-servlet-8.1.8.v20121106.jar:/var/benchmarks/projects/fastjson/target/dependency/validation-api-1.1.0.Final.jar:/var/benchmarks/projects/fastjson/target/dependency/spring-web-4.3.7.RELEASE.jar:/var/benchmarks/projects/fastjson/target/dependency/jsoniter-0.9.8.jar:/var/benchmarks/projects/fastjson/target/dependency/jboss-logging-3.3.0.Final.jar, outputDir=/home/utbot_mocks/temp/testcases, mocks=Other classes: Mockito
23:23:41.031 | INFO  | Started: warmup: kotlin reflection :: init
23:23:41.132 | INFO  | Finished (in 0.101 sec): warmup: kotlin reflection :: init 
[INIT]
>> [RUN] com.alibaba.fastjson.parser.ParserConfig 120
23:23:41.147 | DEBUG | -----------------------------------------------------------------------------
23:23:41.148 | INFO  | Contest.runGeneration: Time budget: 120000 ms, Generation timeout=102000 ms, classpath=/var/benchmarks/projects/fastjson/target/classes:/var/benchmarks/projects/fastjson/target/fastjson-1.2.50-SNAPSHOT.jar:/var/benchmarks/projects/./fastjson/target/dependency/deeptestutils-1.1.0.jar:/var/benchmarks/projects/fastjson/target/dependency/commons-beanutils-1.8.0.jar:/var/benchmarks/projects/fastjson/target/dependency/woodstox-core-asl-4.4.1.jar:/var/benchmarks/projects/fastjson/target/dependency/spring-aop-4.3.7.RELEASE.jar:/var/benchmarks/projects/fastjson/target/dependency/hibernate-core-5.2.10.Final.jar:/var/benchmarks/projects/fastjson/target/dependency/jackson-module-kotlin-2.9.0.jar:/var/benchmarks/projects/fastjson/target/dependency/spring-data-commons-1.13.6.RELEASE.jar:/var/benchmarks/projects/fastjson/target/dependency/javax.annotation-api-1.2.jar:/var/benchmarks/projects/fastjson/target/dependency/gson-2.6.2.jar:/var/benchmarks/projects/fastjson/target/dependency/jetty-continuation-8.1.8.v20121106.jar:/var/benchmarks/projects/fastjson/target/dependency/objenesis-2.5.1.jar:/var/benchmarks/projects/fastjson/target/dependency/powermock-reflect-1.6.6.jar:/var/benchmarks/projects/fastjson/target/dependency/springfox-spring-web-2.6.1.jar:/var/benchmarks/projects/fastjson/target/dependency/javaslang-2.0.6.jar:/var/benchmarks/projects/fastjson/target/dependency/guava-18.0.jar:/var/benchmarks/projects/fastjson/target/dependency/mockito-core-1.10.19.jar:/var/benchmarks/projects/fastjson/target/dependency/json-lib-2.4-jdk15.jar:/var/benchmarks/projects/fastjson/target/dependency/jetty-xml-8.1.8.v20121106.jar:/var/benchmarks/projects/fastjson/target/dependency/xmlschema-core-2.2.1.jar:/var/benchmarks/projects/fastjson/target/dependency/powermock-api-support-1.6.6.jar:/var/benchmarks/projects/fastjson/target/dependency/commons-collections4-4.1.jar:/var/benchmarks/projects/fastjson/target/dependency/cglib-nodep-2.2.2.jar:/var/benchmarks/projects/fastjson/target/dependency/asm-debug-all-5.0.4.jar:/var/benchmarks/projects/fastjson/target/dependency/spring-plugin-core-1.2.0.RELEASE.jar:/var/benchmarks/projects/fastjson/target/dependency/cxf-rt-rs-client-3.1.2.jar:/var/benchmarks/projects/fastjson/target/dependency/jetty-io-8.1.8.v20121106.jar:/var/benchmarks/projects/fastjson/target/dependency/commons-lang3-3.4.jar:/var/benchmarks/projects/fastjson/target/dependency/stax2-api-3.1.4.jar:/var/benchmarks/projects/fastjson/target/dependency/jackson-annotations-2.9.0.jar:/var/benchmarks/projects/fastjson/target/dependency/jetty-server-8.1.8.v20121106.jar:/var/benchmarks/projects/fastjson/target/dependency/json-simple-1.1.1.jar:/var/benchmarks/projects/fastjson/target/dependency/asm-tree-4.0.jar:/var/benchmarks/projects/fastjson/target/dependency/spring-data-commons-core-1.4.1.RELEASE.jar:/var/benchmarks/projects/fastjson/target/dependency/powermock-module-junit4-common-1.6.6.jar:/var/benchmarks/projects/fastjson/target/dependency/jcl-over-slf4j-1.7.25.jar:/var/benchmarks/projects/fastjson/target/dependency/javax.servlet-3.0.0.v201112011016.jar:/var/benchmarks/projects/fastjson/target/dependency/springfox-core-2.6.1.jar:/var/benchmarks/projects/fastjson/target/dependency/osgi-resource-locator-1.0.1.jar:/var/benchmarks/projects/fastjson/target/dependency/javassist-3.18.0-GA.jar:/var/benchmarks/projects/fastjson/target/dependency/kotlin-reflect-1.1.3-2.jar:/var/benchmarks/projects/fastjson/target/dependency/spring-context-support-4.3.10.RELEASE.jar:/var/benchmarks/projects/fastjson/target/dependency/spring-plugin-metadata-1.2.0.RELEASE.jar:/var/benchmarks/projects/fastjson/target/dependency/kotlin-stdlib-1.1.3-2.jar:/var/benchmarks/projects/fastjson/target/dependency/spring-data-keyvalue-1.2.6.RELEASE.jar:/var/benchmarks/projects/fastjson/target/dependency/jersey-container-servlet-core-2.23.2.jar:/var/benchmarks/projects/fastjson/target/dependency/asm-4.0.jar:/var/benchmarks/projects/fastjson/target/dependency/asm-commons-4.0.jar:/var/benchmarks/projects/fastjson/target/dependency/jersey-guava-2.23.2.jar:/var/benchmarks/projects/fastjson/target/dependency/aopalliance-1.0.jar:/var/benchmarks/projects/fastjson/target/dependency/groovy-2.1.5.jar:/var/benchmarks/projects/fastjson/target/dependency/hk2-api-2.5.0-b05.jar:/var/benchmarks/projects/fastjson/target/dependency/jetty-security-8.1.8.v20121106.jar:/var/benchmarks/projects/fastjson/target/dependency/jmh-core-1.21.jar:/var/benchmarks/projects/fastjson/target/dependency/jersey-container-servlet-2.23.2.jar:/var/benchmarks/projects/fastjson/target/dependency/dom4j-1.6.1.jar:/var/benchmarks/projects/fastjson/target/dependency/spring-core-4.3.7.RELEASE.jar:/var/benchmarks/projects/fastjson/target/dependency/spring-data-redis-1.8.6.RELEASE.jar:/var/benchmarks/projects/fastjson/target/dependency/jackson-core-asl-1.9.13.jar:/var/benchmarks/projects/fastjson/target/dependency/jackson-mapper-asl-1.9.13.jar:/var/benchmarks/projects/fastjson/target/dependency/hibernate-jpa-2.1-api-1.0.0.Final.jar:/var/benchmarks/projects/fastjson/target/dependency/junit-4.12.jar:/var/benchmarks/projects/fastjson/target/dependency/commons-io-1.4.jar:/var/benchmarks/projects/fastjson/target/dependency/jetty-util-8.1.8.v20121106.jar:/var/benchmarks/projects/fastjson/target/dependency/hamcrest-core-1.3.jar:/var/benchmarks/projects/fastjson/target/dependency/jmh-generator-annprocess-1.21.jar:/var/benchmarks/projects/fastjson/target/dependency/jackson-jaxrs-base-2.8.7.jar:/var/benchmarks/projects/fastjson/target/dependency/powermock-module-junit4-1.6.6.jar:/var/benchmarks/projects/fastjson/target/dependency/powermock-core-1.6.6.jar:/var/benchmarks/projects/fastjson/target/dependency/slf4j-api-1.7.25.jar:/var/benchmarks/projects/fastjson/target/dependency/antlr-2.7.7.jar:/var/benchmarks/projects/fastjson/target/dependency/mockito-all-1.10.19.jar:/var/benchmarks/projects/fastjson/target/dependency/jersey-container-jdk-http-2.23.2.jar:/var/benchmarks/projects/fastjson/target/dependency/javaslang-match-2.0.6.jar:/var/benchmarks/projects/fastjson/target/dependency/jersey-test-framework-provider-jdk-http-2.23.2.jar:/var/benchmarks/projects/fastjson/target/dependency/jersey-entity-filtering-2.23.2.jar:/var/benchmarks/projects/fastjson/target/dependency/jandex-2.0.3.Final.jar:/var/benchmarks/projects/fastjson/target/dependency/ezmorph-1.0.6.jar:/var/benchmarks/projects/fastjson/target/dependency/jackson-jaxrs-json-provider-2.8.7.jar:/var/benchmarks/projects/fastjson/target/dependency/cxf-rt-transports-http-3.1.2.jar:/var/benchmarks/projects/fastjson/target/dependency/spring-beans-4.3.7.RELEASE.jar:/var/benchmarks/projects/fastjson/target/dependency/jersey-server-2.23.2.jar:/var/benchmarks/projects/fastjson/target/dependency/powermock-api-mockito-1.6.6.jar:/var/benchmarks/projects/fastjson/target/dependency/jackson-module-jaxb-annotations-2.8.7.jar:/var/benchmarks/projects/fastjson/target/dependency/jopt-simple-4.6.jar:/var/benchmarks/projects/fastjson/target/dependency/asm-analysis-4.0.jar:/var/benchmarks/projects/fastjson/target/dependency/annotations-13.0.jar:/var/benchmarks/projects/fastjson/target/dependency/json-path-2.3.0.jar:/var/benchmarks/projects/fastjson/target/dependency/springfox-spi-2.6.1.jar:/var/benchmarks/projects/fastjson/target/dependency/spring-websocket-4.3.7.RELEASE.jar:/var/benchmarks/projects/fastjson/target/dependency/spring-messaging-4.3.7.RELEASE.jar:/var/benchmarks/projects/fastjson/target/dependency/jersey-client-2.23.2.jar:/var/benchmarks/projects/fastjson/target/dependency/javax.ws.rs-api-2.0.1.jar:/var/benchmarks/projects/fastjson/target/dependency/accessors-smart-1.1.jar:/var/benchmarks/projects/fastjson/target/dependency/hibernate-commons-annotations-5.0.1.Final.jar:/var/benchmarks/projects/fastjson/target/dependency/commons-logging-1.1.1.jar:/var/benchmarks/projects/fastjson/target/dependency/jackson-core-2.9.0.jar:/var/benchmarks/projects/fastjson/target/dependency/spring-expression-4.3.7.RELEASE.jar:/var/benchmarks/projects/fastjson/target/dependency/jersey-media-jaxb-2.23.2.jar:/var/benchmarks/projects/fastjson/target/dependency/okhttp-3.6.0.jar:/var/benchmarks/projects/fastjson/target/dependency/commons-math3-3.2.jar:/var/benchmarks/projects/fastjson/target/dependency/jetty-webapp-8.1.8.v20121106.jar:/var/benchmarks/projects/fastjson/target/dependency/javax.inject-2.5.0-b05.jar:/var/benchmarks/projects/fastjson/target/dependency/cxf-core-3.1.2.jar:/var/benchmarks/projects/fastjson/target/dependency/powermock-api-mockito-common-1.6.6.jar:/var/benchmarks/projects/fastjson/target/dependency/jetty-http-8.1.8.v20121106.jar:/var/benchmarks/projects/fastjson/target/dependency/spring-security-config-3.2.10.RELEASE.jar:/var/benchmarks/projects/fastjson/target/dependency/okio-1.11.0.jar:/var/benchmarks/projects/fastjson/target/dependency/javax.servlet-api-3.1.0.jar:/var/benchmarks/projects/fastjson/target/dependency/json-smart-2.2.1.jar:/var/benchmarks/projects/fastjson/target/dependency/spring-tx-4.3.10.RELEASE.jar:/var/benchmarks/projects/fastjson/target/dependency/jackson-module-afterburner-2.9.0.jar:/var/benchmarks/projects/fastjson/target/dependency/asm-util-4.0.jar:/var/benchmarks/projects/fastjson/target/dependency/spring-security-web-4.2.3.RELEASE.jar:/var/benchmarks/projects/fastjson/target/dependency/spring-webmvc-4.3.7.RELEASE.jar:/var/benchmarks/projects/fastjson/target/dependency/hk2-locator-2.5.0-b05.jar:/var/benchmarks/projects/fastjson/target/dependency/retrofit-2.1.0.jar:/var/benchmarks/projects/fastjson/target/dependency/clojure-1.5.1.jar:/var/benchmarks/projects/fastjson/target/dependency/spring-security-oauth2-2.3.3.RELEASE.jar:/var/benchmarks/projects/fastjson/target/dependency/spring-test-4.3.7.RELEASE.jar:/var/benchmarks/projects/fastjson/target/dependency/aopalliance-repackaged-2.5.0-b05.jar:/var/benchmarks/projects/fastjson/target/dependency/spring-oxm-4.3.10.RELEASE.jar:/var/benchmarks/projects/fastjson/target/dependency/spring-security-core-4.2.3.RELEASE.jar:/var/benchmarks/projects/fastjson/target/dependency/jboss-transaction-api_1.2_spec-1.0.1.Final.jar:/var/benchmarks/projects/fastjson/target/dependency/lombok-1.14.4.jar:/var/benchmarks/projects/fastjson/target/dependency/commons-collections-3.2.1.jar:/var/benchmarks/projects/fastjson/target/dependency/cxf-rt-frontend-jaxrs-3.1.2.jar:/var/benchmarks/projects/fastjson/target/dependency/spring-context-4.3.7.RELEASE.jar:/var/benchmarks/projects/fastjson/target/dependency/jersey-test-framework-core-2.23.2.jar:/var/benchmarks/projects/fastjson/target/dependency/classmate-1.3.1.jar:/var/benchmarks/projects/fastjson/target/dependency/hk2-utils-2.5.0-b05.jar:/var/benchmarks/projects/fastjson/target/dependency/jersey-common-2.23.2.jar:/var/benchmarks/projects/fastjson/target/dependency/jackson-databind-2.9.0.jar:/var/benchmarks/projects/fastjson/target/dependency/jersey-media-json-jackson-2.23.2.jar:/var/benchmarks/projects/fastjson/target/dependency/commons-lang-2.5.jar:/var/benchmarks/projects/fastjson/target/dependency/jetty-servlet-8.1.8.v20121106.jar:/var/benchmarks/projects/fastjson/target/dependency/validation-api-1.1.0.Final.jar:/var/benchmarks/projects/fastjson/target/dependency/spring-web-4.3.7.RELEASE.jar:/var/benchmarks/projects/fastjson/target/dependency/jsoniter-0.9.8.jar:/var/benchmarks/projects/fastjson/target/dependency/jboss-logging-3.3.0.Final.jar, methodNameFilter=null
23:23:41.153 | INFO  | ClassUnderTest[ FQN: com.alibaba.fastjson.parser.ParserConfig
    classfileDir: /var/benchmarks/projects/fastjson/target/classes
    testClassSimpleName: ParserConfigTest
    generatedTestFile: /home/utbot_mocks/temp/testcases/com/alibaba/fastjson/parser/ParserConfigTest.java
    generatedTestsSourcesDir: /home/utbot_mocks/temp/testcases
]
23:23:41.184 | INFO  | Started: class com.alibaba.fastjson.parser.ParserConfig
23:23:41.185 | INFO  | Started: preparation class class com.alibaba.fastjson.parser.ParserConfig: kotlin reflection :: run
23:23:41.254 | INFO  | Finished (in 0.068 sec): preparation class class com.alibaba.fastjson.parser.ParserConfig: kotlin reflection :: run 
23:23:41.255 | INFO  | Started: 2nd optional soot initialization
23:23:41.256 | INFO  | Finished (in 0.001 sec): 2nd optional soot initialization 
23:23:41.268 | DEBUG |  ... 
23:23:41.288 | INFO  | Started: method com.alibaba.fastjson.parser.ParserConfig.isPrimitive(Class)
23:23:41.289 | INFO  |  -- Remaining time budget: 101879 ms, #remaining_methods: 35, budget for method: 2910 ms, solver timeout: 1000 ms, budget for symbolic execution: 1710 ms, budget for concrete execution: 1200 ms,  -- 
23:23:42.336 | ERROR | Symbolic execution FAILED
com.huawei.utbot.instrumentation.util.ChildProcessError: Error in the child process |> java.lang.IllegalAccessException: java.lang.Class
	at sun.misc.Unsafe.allocateInstance(Native Method)
	at com.huawei.utbot.framework.util.EngineUtilsKt.getAnyInstance(EngineUtils.kt:61)
	at com.huawei.utbot.framework.concrete.MockValueConstructor.constructObject(MockValueConstructor.kt:158)
	at com.huawei.utbot.framework.concrete.MockValueConstructor.construct(MockValueConstructor.kt:124)
	at com.huawei.utbot.framework.concrete.MockValueConstructor.constructMethodParameters(MockValueConstructor.kt:101)
	at com.huawei.utbot.framework.concrete.UtExecutionInstrumentation.invoke(UtExecutionInstrumentation.kt:126)
	at com.huawei.utbot.framework.concrete.UtExecutionInstrumentation.invoke(UtExecutionInstrumentation.kt:96)
	at com.huawei.utbot.instrumentation.process.ChildProcessKt.loop(ChildProcess.kt:114)
	at com.huawei.utbot.instrumentation.process.ChildProcessKt.main(ChildProcess.kt:76)
	at com.huawei.utbot.instrumentation.process.ChildProcessKt.main(ChildProcess.kt)

	at com.huawei.utbot.instrumentation.ConcreteExecutor.executeAsync(ConcreteExecutor.kt:391) ~[utbot-junit-contest-1.0.jar:?]
	at com.huawei.utbot.instrumentation.ConcreteExecutor$executeAsync$1.invokeSuspend(ConcreteExecutor.kt) ~[utbot-junit-contest-1.0.jar:?]
	at kotlin.coroutines.jvm.internal.BaseContinuationImpl.resumeWith(ContinuationImpl.kt:33) [utbot-junit-contest-1.0.jar:?]
	at kotlinx.coroutines.DispatchedTask.run(DispatchedTask.kt:106) [utbot-junit-contest-1.0.jar:?]
	at java.util.concurrent.Executors$RunnableAdapter.call(Executors.java:511) [?:1.8.0_312]
	at java.util.concurrent.FutureTask.run(FutureTask.java:266) [?:1.8.0_312]
	at java.util.concurrent.ScheduledThreadPoolExecutor$ScheduledFutureTask.access$201(ScheduledThreadPoolExecutor.java:180) [?:1.8.0_312]
	at java.util.concurrent.ScheduledThreadPoolExecutor$ScheduledFutureTask.run(ScheduledThreadPoolExecutor.java:293) [?:1.8.0_312]
	at java.util.concurrent.ThreadPoolExecutor.runWorker(ThreadPoolExecutor.java:1149) [?:1.8.0_312]
	at java.util.concurrent.ThreadPoolExecutor$Worker.run(ThreadPoolExecutor.java:624) [?:1.8.0_312]
	at java.lang.Thread.run(Thread.java:748) [?:1.8.0_312]
23:23:43.468 | INFO  | |> Starting concrete execution for remaining state: com.alibaba.fastjson.parser.ParserConfig.isPrimitive(Class)
23:23:43.591 | DEBUG | --new testCase collected, to generate: testCom.alibaba.fastjson.parser.ParserConfig.isPrimitive(Class)1
23:23:43.766 | DEBUG | --new testCase collected, to generate: testCom.alibaba.fastjson.parser.ParserConfig.isPrimitive(Class)2
23:23:43.771 | DEBUG | --new testCase collected, to generate: testCom.alibaba.fastjson.parser.ParserConfig.isPrimitive(Class)3
23:23:43.778 | DEBUG | --new testCase collected, to generate: testCom.alibaba.fastjson.parser.ParserConfig.isPrimitive(Class)4
23:23:43.812 | DEBUG | --new testCase collected, to generate: testCom.alibaba.fastjson.parser.ParserConfig.isPrimitive(Class)5
23:23:43.816 | DEBUG | --new testCase collected, to generate: testCom.alibaba.fastjson.parser.ParserConfig.isPrimitive(Class)6
23:23:43.858 | DEBUG | --new testCase collected, to generate: testCom.alibaba.fastjson.parser.ParserConfig.isPrimitive(Class)7
23:23:43.867 | DEBUG | --new testCase collected, to generate: testCom.alibaba.fastjson.parser.ParserConfig.isPrimitive(Class)8
23:23:43.870 | DEBUG | --new testCase collected, to generate: testCom.alibaba.fastjson.parser.ParserConfig.isPrimitive(Class)9
23:23:43.879 | DEBUG | --new testCase collected, to generate: testCom.alibaba.fastjson.parser.ParserConfig.isPrimitive(Class)10
23:23:43.884 | DEBUG | --new testCase collected, to generate: testCom.alibaba.fastjson.parser.ParserConfig.isPrimitive(Class)11
23:23:43.889 | DEBUG | --new testCase collected, to generate: testCom.alibaba.fastjson.parser.ParserConfig.isPrimitive(Class)12
23:23:43.894 | DEBUG | --new testCase collected, to generate: testCom.alibaba.fastjson.parser.ParserConfig.isPrimitive(Class)13
23:23:43.899 | DEBUG | --new testCase collected, to generate: testCom.alibaba.fastjson.parser.ParserConfig.isPrimitive(Class)14
23:23:43.918 | DEBUG | --new testCase collected, to generate: testCom.alibaba.fastjson.parser.ParserConfig.isPrimitive(Class)15
23:23:43.924 | DEBUG | --new testCase collected, to generate: testCom.alibaba.fastjson.parser.ParserConfig.isPrimitive(Class)16
23:23:43.929 | DEBUG | --new testCase collected, to generate: testCom.alibaba.fastjson.parser.ParserConfig.isPrimitive(Class)17
23:23:43.930 | INFO  | Finished (in 2.642 sec): method com.alibaba.fastjson.parser.ParserConfig.isPrimitive(Class) 
<StatsForMethod> :
	#generatedTC=17
	FAILED 1 time(s) with 1 different exception(s)"
23:23:43.974 | DEBUG |  ... 
23:23:43.974 | INFO  | Started: method com.alibaba.fastjson.parser.ParserConfig.createFieldDeserializer(ParserConfig, JavaBeanInfo, FieldInfo)
23:23:43.974 | INFO  |  -- Remaining time budget: 99177 ms, #remaining_methods: 34, budget for method: 2916 ms, solver timeout: 1000 ms, budget for symbolic execution: 1716 ms, budget for concrete execution: 1200 ms,  -- 
23:23:45.301 | DEBUG | --new testCase collected, to generate: testCom.alibaba.fastjson.parser.ParserConfig.createFieldDeserializer(ParserConfig, JavaBeanInfo, FieldInfo)1
23:23:45.348 | DEBUG | --new testCase collected, to generate: testCom.alibaba.fastjson.parser.ParserConfig.createFieldDeserializer(ParserConfig, JavaBeanInfo, FieldInfo)2
23:23:45.376 | DEBUG | --new testCase collected, to generate: testCom.alibaba.fastjson.parser.ParserConfig.createFieldDeserializer(ParserConfig, JavaBeanInfo, FieldInfo)3
23:23:45.691 | INFO  | |> Starting concrete execution for remaining state: com.alibaba.fastjson.parser.ParserConfig.createFieldDeserializer(ParserConfig, JavaBeanInfo, FieldInfo)
23:23:46.481 | DEBUG | --new testCase collected, to generate: testCom.alibaba.fastjson.parser.ParserConfig.createFieldDeserializer(ParserConfig, JavaBeanInfo, FieldInfo)4
23:23:46.643 | DEBUG | --new testCase collected, to generate: testCom.alibaba.fastjson.parser.ParserConfig.createFieldDeserializer(ParserConfig, JavaBeanInfo, FieldInfo)5
23:23:46.676 | DEBUG | --new testCase collected, to generate: testCom.alibaba.fastjson.parser.ParserConfig.createFieldDeserializer(ParserConfig, JavaBeanInfo, FieldInfo)6
23:23:46.790 | DEBUG | --new testCase collected, to generate: testCom.alibaba.fastjson.parser.ParserConfig.createFieldDeserializer(ParserConfig, JavaBeanInfo, FieldInfo)7
23:23:46.892 | INFO  | (X) Cancelling concrete execution: com.alibaba.fastjson.parser.ParserConfig.createFieldDeserializer(ParserConfig, JavaBeanInfo, FieldInfo)
23:23:46.959 | INFO  | Finished (in 2.984 sec): method com.alibaba.fastjson.parser.ParserConfig.createFieldDeserializer(ParserConfig, JavaBeanInfo, FieldInfo) 
<StatsForMethod> :
	#generatedTC=7
	WITH NO EXCEPTIONS
23:23:47.030 | DEBUG |  ... 
23:23:47.031 | INFO  | Started: method com.alibaba.fastjson.parser.ParserConfig.putDeserializer(Type, ObjectDeserializer)
23:23:47.031 | INFO  |  -- Remaining time budget: 96120 ms, #remaining_methods: 33, budget for method: 2912 ms, solver timeout: 1000 ms, budget for symbolic execution: 1712 ms, budget for concrete execution: 1200 ms,  -- 
23:23:47.737 | DEBUG | --new testCase collected, to generate: testCom.alibaba.fastjson.parser.ParserConfig.putDeserializer(Type, ObjectDeserializer)1
23:23:47.776 | DEBUG | --new testCase collected, to generate: testCom.alibaba.fastjson.parser.ParserConfig.putDeserializer(Type, ObjectDeserializer)2
23:23:47.777 | INFO  | Finished (in 0.746 sec): method com.alibaba.fastjson.parser.ParserConfig.putDeserializer(Type, ObjectDeserializer) 
<StatsForMethod> :
	#generatedTC=2
	WITH NO EXCEPTIONS
23:23:47.778 | DEBUG |  ... 
23:23:47.778 | INFO  | Started: method com.alibaba.fastjson.parser.ParserConfig.getDefaultClassLoader()
23:23:47.779 | INFO  |  -- Remaining time budget: 95373 ms, #remaining_methods: 32, budget for method: 2980 ms, solver timeout: 1000 ms, budget for symbolic execution: 1780 ms, budget for concrete execution: 1200 ms,  -- 
23:23:48.334 | DEBUG | --new testCase collected, to generate: testCom.alibaba.fastjson.parser.ParserConfig.getDefaultClassLoader()1
23:23:48.363 | DEBUG | --new testCase collected, to generate: testCom.alibaba.fastjson.parser.ParserConfig.getDefaultClassLoader()2
23:23:48.363 | INFO  | Finished (in 0.585 sec): method com.alibaba.fastjson.parser.ParserConfig.getDefaultClassLoader() 
<StatsForMethod> :
	#generatedTC=2
	WITH NO EXCEPTIONS
23:23:48.364 | DEBUG |  ... 
23:23:48.365 | INFO  | Started: method com.alibaba.fastjson.parser.ParserConfig.setDefaultClassLoader(ClassLoader)
23:23:48.365 | INFO  |  -- Remaining time budget: 94787 ms, #remaining_methods: 31, budget for method: 3057 ms, solver timeout: 1000 ms, budget for symbolic execution: 1857 ms, budget for concrete execution: 1200 ms,  -- 
23:23:48.836 | DEBUG | --new testCase collected, to generate: testCom.alibaba.fastjson.parser.ParserConfig.setDefaultClassLoader(ClassLoader)1
23:23:48.867 | DEBUG | --new testCase collected, to generate: testCom.alibaba.fastjson.parser.ParserConfig.setDefaultClassLoader(ClassLoader)2
23:23:48.867 | INFO  | Finished (in 0.502 sec): method com.alibaba.fastjson.parser.ParserConfig.setDefaultClassLoader(ClassLoader) 
<StatsForMethod> :
	#generatedTC=2
	WITH NO EXCEPTIONS
23:23:48.868 | DEBUG |  ... 
23:23:48.868 | INFO  | Started: method com.alibaba.fastjson.parser.ParserConfig.addDeny(String)
23:23:48.869 | INFO  |  -- Remaining time budget: 94283 ms, #remaining_methods: 30, budget for method: 3142 ms, solver timeout: 1000 ms, budget for symbolic execution: 1942 ms, budget for concrete execution: 1200 ms,  -- 
23:23:49.271 | DEBUG | --new testCase collected, to generate: testCom.alibaba.fastjson.parser.ParserConfig.addDeny(String)1
23:23:49.302 | DEBUG | --new testCase collected, to generate: testCom.alibaba.fastjson.parser.ParserConfig.addDeny(String)2
23:23:49.416 | DEBUG | --new testCase collected, to generate: testCom.alibaba.fastjson.parser.ParserConfig.addDeny(String)3
23:23:49.636 | DEBUG | --new testCase collected, to generate: testCom.alibaba.fastjson.parser.ParserConfig.addDeny(String)4
23:23:50.355 | DEBUG | --new testCase collected, to generate: testCom.alibaba.fastjson.parser.ParserConfig.addDeny(String)5
23:23:50.365 | INFO  | Finished (in 1.497 sec): method com.alibaba.fastjson.parser.ParserConfig.addDeny(String) 
<StatsForMethod> :
	#generatedTC=5
	WITH NO EXCEPTIONS
23:23:50.429 | DEBUG |  ... 
23:23:50.430 | INFO  | Started: method com.alibaba.fastjson.parser.ParserConfig.addAccept(String)
23:23:50.430 | INFO  |  -- Remaining time budget: 92721 ms, #remaining_methods: 29, budget for method: 3197 ms, solver timeout: 1000 ms, budget for symbolic execution: 1997 ms, budget for concrete execution: 1200 ms,  -- 
23:23:51.048 | DEBUG | --new testCase collected, to generate: testCom.alibaba.fastjson.parser.ParserConfig.addAccept(String)1
23:23:51.077 | DEBUG | --new testCase collected, to generate: testCom.alibaba.fastjson.parser.ParserConfig.addAccept(String)2
23:23:51.180 | DEBUG | --new testCase collected, to generate: testCom.alibaba.fastjson.parser.ParserConfig.addAccept(String)3
23:23:51.384 | DEBUG | --new testCase collected, to generate: testCom.alibaba.fastjson.parser.ParserConfig.addAccept(String)4
23:23:52.047 | DEBUG | --new testCase collected, to generate: testCom.alibaba.fastjson.parser.ParserConfig.addAccept(String)5
23:23:52.059 | INFO  | Finished (in 1.628 sec): method com.alibaba.fastjson.parser.ParserConfig.addAccept(String) 
<StatsForMethod> :
	#generatedTC=5
	WITH NO EXCEPTIONS
23:23:52.127 | DEBUG |  ... 
23:23:52.128 | INFO  | Started: method com.alibaba.fastjson.parser.ParserConfig.checkAutoType(String, Class, int)
23:23:52.129 | INFO  |  -- Remaining time budget: 91023 ms, #remaining_methods: 28, budget for method: 3250 ms, solver timeout: 1000 ms, budget for symbolic execution: 2050 ms, budget for concrete execution: 1200 ms,  -- 
23:23:52.142 | ERROR | Symbolic execution FAILED
com.huawei.utbot.instrumentation.util.ChildProcessError: Error in the child process |> java.lang.IllegalAccessException: java.lang.Class
	at sun.misc.Unsafe.allocateInstance(Native Method)
	at com.huawei.utbot.framework.util.EngineUtilsKt.getAnyInstance(EngineUtils.kt:61)
	at com.huawei.utbot.framework.concrete.MockValueConstructor.constructObject(MockValueConstructor.kt:158)
	at com.huawei.utbot.framework.concrete.MockValueConstructor.construct(MockValueConstructor.kt:124)
	at com.huawei.utbot.framework.concrete.MockValueConstructor.constructMethodParameters(MockValueConstructor.kt:101)
	at com.huawei.utbot.framework.concrete.UtExecutionInstrumentation.invoke(UtExecutionInstrumentation.kt:126)
	at com.huawei.utbot.framework.concrete.UtExecutionInstrumentation.invoke(UtExecutionInstrumentation.kt:96)
	at com.huawei.utbot.instrumentation.process.ChildProcessKt.loop(ChildProcess.kt:114)
	at com.huawei.utbot.instrumentation.process.ChildProcessKt.main(ChildProcess.kt:76)
	at com.huawei.utbot.instrumentation.process.ChildProcessKt.main(ChildProcess.kt)

	at com.huawei.utbot.instrumentation.ConcreteExecutor.executeAsync(ConcreteExecutor.kt:391) ~[utbot-junit-contest-1.0.jar:?]
	at com.huawei.utbot.instrumentation.ConcreteExecutor$executeAsync$1.invokeSuspend(ConcreteExecutor.kt) ~[utbot-junit-contest-1.0.jar:?]
	at kotlin.coroutines.jvm.internal.BaseContinuationImpl.resumeWith(ContinuationImpl.kt:33) [utbot-junit-contest-1.0.jar:?]
	at kotlinx.coroutines.DispatchedTask.run(DispatchedTask.kt:106) [utbot-junit-contest-1.0.jar:?]
	at java.util.concurrent.Executors$RunnableAdapter.call(Executors.java:511) [?:1.8.0_312]
	at java.util.concurrent.FutureTask.run(FutureTask.java:266) [?:1.8.0_312]
	at java.util.concurrent.ScheduledThreadPoolExecutor$ScheduledFutureTask.access$201(ScheduledThreadPoolExecutor.java:180) [?:1.8.0_312]
	at java.util.concurrent.ScheduledThreadPoolExecutor$ScheduledFutureTask.run(ScheduledThreadPoolExecutor.java:293) [?:1.8.0_312]
	at java.util.concurrent.ThreadPoolExecutor.runWorker(ThreadPoolExecutor.java:1149) [?:1.8.0_312]
	at java.util.concurrent.ThreadPoolExecutor$Worker.run(ThreadPoolExecutor.java:624) [?:1.8.0_312]
	at java.lang.Thread.run(Thread.java:748) [?:1.8.0_312]
23:23:52.318 | DEBUG | --new testCase collected, to generate: testCom.alibaba.fastjson.parser.ParserConfig.checkAutoType(String, Class, int)1
23:23:52.459 | DEBUG | --new testCase collected, to generate: testCom.alibaba.fastjson.parser.ParserConfig.checkAutoType(String, Class, int)2
23:23:54.178 | INFO  | |> Starting concrete execution for remaining state: com.alibaba.fastjson.parser.ParserConfig.checkAutoType(String, Class, int)
23:23:55.379 | INFO  | (X) Cancelling concrete execution: com.alibaba.fastjson.parser.ParserConfig.checkAutoType(String, Class, int)
23:23:55.418 | INFO  | Finished (in 3.289 sec): method com.alibaba.fastjson.parser.ParserConfig.checkAutoType(String, Class, int) 
<StatsForMethod> :
	#generatedTC=2
	FAILED 1 time(s) with 1 different exception(s)"
23:23:55.563 | DEBUG |  ... 
23:23:55.563 | INFO  | Started: method com.alibaba.fastjson.parser.ParserConfig.checkAutoType(String, Class)
23:23:55.564 | INFO  |  -- Remaining time budget: 87588 ms, #remaining_methods: 27, budget for method: 3244 ms, solver timeout: 1000 ms, budget for symbolic execution: 2044 ms, budget for concrete execution: 1200 ms,  -- 
23:23:55.569 | ERROR | Symbolic execution FAILED
com.huawei.utbot.instrumentation.util.ChildProcessError: Error in the child process |> java.lang.IllegalAccessException: java.lang.Class
	at sun.misc.Unsafe.allocateInstance(Native Method)
	at com.huawei.utbot.framework.util.EngineUtilsKt.getAnyInstance(EngineUtils.kt:61)
	at com.huawei.utbot.framework.concrete.MockValueConstructor.constructObject(MockValueConstructor.kt:158)
	at com.huawei.utbot.framework.concrete.MockValueConstructor.construct(MockValueConstructor.kt:124)
	at com.huawei.utbot.framework.concrete.MockValueConstructor.constructMethodParameters(MockValueConstructor.kt:101)
	at com.huawei.utbot.framework.concrete.UtExecutionInstrumentation.invoke(UtExecutionInstrumentation.kt:126)
	at com.huawei.utbot.framework.concrete.UtExecutionInstrumentation.invoke(UtExecutionInstrumentation.kt:96)
	at com.huawei.utbot.instrumentation.process.ChildProcessKt.loop(ChildProcess.kt:114)
	at com.huawei.utbot.instrumentation.process.ChildProcessKt.main(ChildProcess.kt:76)
	at com.huawei.utbot.instrumentation.process.ChildProcessKt.main(ChildProcess.kt)

	at com.huawei.utbot.instrumentation.ConcreteExecutor.executeAsync(ConcreteExecutor.kt:391) ~[utbot-junit-contest-1.0.jar:?]
	at com.huawei.utbot.instrumentation.ConcreteExecutor$executeAsync$1.invokeSuspend(ConcreteExecutor.kt) ~[utbot-junit-contest-1.0.jar:?]
	at kotlin.coroutines.jvm.internal.BaseContinuationImpl.resumeWith(ContinuationImpl.kt:33) [utbot-junit-contest-1.0.jar:?]
	at kotlinx.coroutines.DispatchedTask.run(DispatchedTask.kt:106) [utbot-junit-contest-1.0.jar:?]
	at java.util.concurrent.Executors$RunnableAdapter.call(Executors.java:511) [?:1.8.0_312]
	at java.util.concurrent.FutureTask.run(FutureTask.java:266) [?:1.8.0_312]
	at java.util.concurrent.ScheduledThreadPoolExecutor$ScheduledFutureTask.access$201(ScheduledThreadPoolExecutor.java:180) [?:1.8.0_312]
	at java.util.concurrent.ScheduledThreadPoolExecutor$ScheduledFutureTask.run(ScheduledThreadPoolExecutor.java:293) [?:1.8.0_312]
	at java.util.concurrent.ThreadPoolExecutor.runWorker(ThreadPoolExecutor.java:1149) [?:1.8.0_312]
	at java.util.concurrent.ThreadPoolExecutor$Worker.run(ThreadPoolExecutor.java:624) [?:1.8.0_312]
	at java.lang.Thread.run(Thread.java:748) [?:1.8.0_312]
23:23:55.716 | INFO  | Finished (in 0.152 sec): method com.alibaba.fastjson.parser.ParserConfig.checkAutoType(String, Class) 
<StatsForMethod> :
	#generatedTC=0
	FAILED 1 time(s) with 1 different exception(s)"
23:23:55.722 | DEBUG |  ... 
23:23:55.723 | INFO  | Started: method com.alibaba.fastjson.parser.ParserConfig.clearDeserializers()
23:23:55.723 | INFO  |  -- Remaining time budget: 87429 ms, #remaining_methods: 26, budget for method: 3362 ms, solver timeout: 1000 ms, budget for symbolic execution: 2162 ms, budget for concrete execution: 1200 ms,  -- 
23:23:56.027 | DEBUG | --new testCase collected, to generate: testCom.alibaba.fastjson.parser.ParserConfig.clearDeserializers()1
23:23:56.078 | INFO  | Finished (in 0.355 sec): method com.alibaba.fastjson.parser.ParserConfig.clearDeserializers() 
<StatsForMethod> :
	#generatedTC=1
	WITH NO EXCEPTIONS
23:23:56.082 | DEBUG |  ... 
23:23:56.083 | INFO  | Started: method com.alibaba.fastjson.parser.ParserConfig.configFromPropety(Properties)
23:23:56.083 | INFO  |  -- Remaining time budget: 87069 ms, #remaining_methods: 25, budget for method: 3482 ms, solver timeout: 1000 ms, budget for symbolic execution: 2282 ms, budget for concrete execution: 1200 ms,  -- 
23:23:56.361 | DEBUG | --new testCase collected, to generate: testCom.alibaba.fastjson.parser.ParserConfig.configFromPropety(Properties)1
23:23:56.393 | DEBUG | --new testCase collected, to generate: testCom.alibaba.fastjson.parser.ParserConfig.configFromPropety(Properties)2
23:23:57.640 | DEBUG | --new testCase collected, to generate: testCom.alibaba.fastjson.parser.ParserConfig.configFromPropety(Properties)3
23:23:58.365 | INFO  | |> Starting concrete execution for remaining state: com.alibaba.fastjson.parser.ParserConfig.configFromPropety(Properties)
23:23:59.566 | INFO  | (X) Cancelling concrete execution: com.alibaba.fastjson.parser.ParserConfig.configFromPropety(Properties)
23:23:59.638 | INFO  | Finished (in 3.555 sec): method com.alibaba.fastjson.parser.ParserConfig.configFromPropety(Properties) 
<StatsForMethod> :
	#generatedTC=3
	WITH NO EXCEPTIONS
23:23:59.739 | DEBUG |  ... 
23:23:59.740 | INFO  | Started: method com.alibaba.fastjson.parser.ParserConfig.addItemsToDeny(String[])
23:23:59.740 | INFO  |  -- Remaining time budget: 83412 ms, #remaining_methods: 24, budget for method: 3475 ms, solver timeout: 1000 ms, budget for symbolic execution: 2275 ms, budget for concrete execution: 1200 ms,  -- 
23:24:00.058 | DEBUG | --new testCase collected, to generate: testCom.alibaba.fastjson.parser.ParserConfig.addItemsToDeny(String[])1
23:24:00.100 | DEBUG | --new testCase collected, to generate: testCom.alibaba.fastjson.parser.ParserConfig.addItemsToDeny(String[])2
23:24:00.112 | DEBUG | --new testCase collected, to generate: testCom.alibaba.fastjson.parser.ParserConfig.addItemsToDeny(String[])3
23:24:00.248 | DEBUG | --new testCase collected, to generate: testCom.alibaba.fastjson.parser.ParserConfig.addItemsToDeny(String[])4
23:24:00.395 | DEBUG | --new testCase collected, to generate: testCom.alibaba.fastjson.parser.ParserConfig.addItemsToDeny(String[])5
23:24:00.673 | DEBUG | --new testCase collected, to generate: testCom.alibaba.fastjson.parser.ParserConfig.addItemsToDeny(String[])6
23:24:01.956 | DEBUG | --new testCase collected, to generate: testCom.alibaba.fastjson.parser.ParserConfig.addItemsToDeny(String[])7
23:24:01.971 | INFO  | Finished (in 2.231 sec): method com.alibaba.fastjson.parser.ParserConfig.addItemsToDeny(String[]) 
<StatsForMethod> :
	#generatedTC=7
	WITH NO EXCEPTIONS
23:24:02.085 | DEBUG |  ... 
23:24:02.086 | INFO  | Started: method com.alibaba.fastjson.parser.ParserConfig.addItemsToAccept(String[])
23:24:02.086 | INFO  |  -- Remaining time budget: 81065 ms, #remaining_methods: 23, budget for method: 3524 ms, solver timeout: 1000 ms, budget for symbolic execution: 2324 ms, budget for concrete execution: 1200 ms,  -- 
23:24:02.356 | DEBUG | --new testCase collected, to generate: testCom.alibaba.fastjson.parser.ParserConfig.addItemsToAccept(String[])1
23:24:02.397 | DEBUG | --new testCase collected, to generate: testCom.alibaba.fastjson.parser.ParserConfig.addItemsToAccept(String[])2
23:24:02.404 | DEBUG | --new testCase collected, to generate: testCom.alibaba.fastjson.parser.ParserConfig.addItemsToAccept(String[])3
23:24:02.534 | DEBUG | --new testCase collected, to generate: testCom.alibaba.fastjson.parser.ParserConfig.addItemsToAccept(String[])4
23:24:02.678 | DEBUG | --new testCase collected, to generate: testCom.alibaba.fastjson.parser.ParserConfig.addItemsToAccept(String[])5
23:24:02.949 | DEBUG | --new testCase collected, to generate: testCom.alibaba.fastjson.parser.ParserConfig.addItemsToAccept(String[])6
23:24:04.236 | DEBUG | --new testCase collected, to generate: testCom.alibaba.fastjson.parser.ParserConfig.addItemsToAccept(String[])7
23:24:04.250 | INFO  | Finished (in 2.164 sec): method com.alibaba.fastjson.parser.ParserConfig.addItemsToAccept(String[]) 
<StatsForMethod> :
	#generatedTC=7
	WITH NO EXCEPTIONS
23:24:04.363 | DEBUG |  ... 
23:24:04.364 | INFO  | Started: method com.alibaba.fastjson.parser.ParserConfig.isAutoTypeSupport()
23:24:04.364 | INFO  |  -- Remaining time budget: 78788 ms, #remaining_methods: 22, budget for method: 3581 ms, solver timeout: 1000 ms, budget for symbolic execution: 2381 ms, budget for concrete execution: 1200 ms,  -- 
23:24:04.772 | DEBUG | --new testCase collected, to generate: testCom.alibaba.fastjson.parser.ParserConfig.isAutoTypeSupport()1
23:24:04.797 | DEBUG | --new testCase collected, to generate: testCom.alibaba.fastjson.parser.ParserConfig.isAutoTypeSupport()2
23:24:04.798 | INFO  | Finished (in 0.434 sec): method com.alibaba.fastjson.parser.ParserConfig.isAutoTypeSupport() 
<StatsForMethod> :
	#generatedTC=2
	WITH NO EXCEPTIONS
23:24:04.800 | DEBUG |  ... 
23:24:04.800 | INFO  | Started: method com.alibaba.fastjson.parser.ParserConfig.setAutoTypeSupport(boolean)
23:24:04.801 | INFO  |  -- Remaining time budget: 78351 ms, #remaining_methods: 21, budget for method: 3731 ms, solver timeout: 1000 ms, budget for symbolic execution: 2531 ms, budget for concrete execution: 1200 ms,  -- 
23:24:05.062 | DEBUG | --new testCase collected, to generate: testCom.alibaba.fastjson.parser.ParserConfig.setAutoTypeSupport(boolean)1
23:24:05.088 | DEBUG | --new testCase collected, to generate: testCom.alibaba.fastjson.parser.ParserConfig.setAutoTypeSupport(boolean)2
23:24:05.089 | INFO  | Finished (in 0.288 sec): method com.alibaba.fastjson.parser.ParserConfig.setAutoTypeSupport(boolean) 
<StatsForMethod> :
	#generatedTC=2
	WITH NO EXCEPTIONS
23:24:05.089 | DEBUG |  ... 
23:24:05.090 | INFO  | Started: method com.alibaba.fastjson.parser.ParserConfig.isAsmEnable()
23:24:05.090 | INFO  |  -- Remaining time budget: 78061 ms, #remaining_methods: 20, budget for method: 3903 ms, solver timeout: 1000 ms, budget for symbolic execution: 2703 ms, budget for concrete execution: 1200 ms,  -- 
23:24:05.357 | DEBUG | --new testCase collected, to generate: testCom.alibaba.fastjson.parser.ParserConfig.isAsmEnable()1
23:24:05.381 | DEBUG | --new testCase collected, to generate: testCom.alibaba.fastjson.parser.ParserConfig.isAsmEnable()2
23:24:05.382 | INFO  | Finished (in 0.292 sec): method com.alibaba.fastjson.parser.ParserConfig.isAsmEnable() 
<StatsForMethod> :
	#generatedTC=2
	WITH NO EXCEPTIONS
23:24:05.382 | DEBUG |  ... 
23:24:05.383 | INFO  | Started: method com.alibaba.fastjson.parser.ParserConfig.setAsmEnable(boolean)
23:24:05.383 | INFO  |  -- Remaining time budget: 77769 ms, #remaining_methods: 19, budget for method: 4093 ms, solver timeout: 1000 ms, budget for symbolic execution: 2893 ms, budget for concrete execution: 1200 ms,  -- 
23:24:05.674 | DEBUG | --new testCase collected, to generate: testCom.alibaba.fastjson.parser.ParserConfig.setAsmEnable(boolean)1
23:24:05.699 | DEBUG | --new testCase collected, to generate: testCom.alibaba.fastjson.parser.ParserConfig.setAsmEnable(boolean)2
23:24:05.699 | INFO  | Finished (in 0.316 sec): method com.alibaba.fastjson.parser.ParserConfig.setAsmEnable(boolean) 
<StatsForMethod> :
	#generatedTC=2
	WITH NO EXCEPTIONS
23:24:05.700 | DEBUG |  ... 
23:24:05.701 | INFO  | Started: method com.alibaba.fastjson.parser.ParserConfig.getDerializers()
23:24:05.701 | INFO  |  -- Remaining time budget: 77450 ms, #remaining_methods: 18, budget for method: 4302 ms, solver timeout: 1000 ms, budget for symbolic execution: 3102 ms, budget for concrete execution: 1200 ms,  -- 
23:24:06.009 | DEBUG | --new testCase collected, to generate: testCom.alibaba.fastjson.parser.ParserConfig.getDerializers()1
23:24:06.036 | DEBUG | --new testCase collected, to generate: testCom.alibaba.fastjson.parser.ParserConfig.getDerializers()2
23:24:06.037 | INFO  | Finished (in 0.336 sec): method com.alibaba.fastjson.parser.ParserConfig.getDerializers() 
<StatsForMethod> :
	#generatedTC=2
	WITH NO EXCEPTIONS
23:24:06.037 | DEBUG |  ... 
23:24:06.038 | INFO  | Started: method com.alibaba.fastjson.parser.ParserConfig.getDeserializers()
23:24:06.038 | INFO  |  -- Remaining time budget: 77114 ms, #remaining_methods: 17, budget for method: 4536 ms, solver timeout: 1000 ms, budget for symbolic execution: 3336 ms, budget for concrete execution: 1200 ms,  -- 
23:24:06.341 | DEBUG | --new testCase collected, to generate: testCom.alibaba.fastjson.parser.ParserConfig.getDeserializers()1
23:24:06.366 | DEBUG | --new testCase collected, to generate: testCom.alibaba.fastjson.parser.ParserConfig.getDeserializers()2
23:24:06.367 | INFO  | Finished (in 0.329 sec): method com.alibaba.fastjson.parser.ParserConfig.getDeserializers() 
<StatsForMethod> :
	#generatedTC=2
	WITH NO EXCEPTIONS
23:24:06.367 | DEBUG |  ... 
23:24:06.368 | INFO  | Started: method com.alibaba.fastjson.parser.ParserConfig.getDeserializer(Type)
23:24:06.368 | INFO  |  -- Remaining time budget: 76784 ms, #remaining_methods: 16, budget for method: 4799 ms, solver timeout: 1000 ms, budget for symbolic execution: 3599 ms, budget for concrete execution: 1200 ms,  -- 
23:24:06.663 | DEBUG | --new testCase collected, to generate: testCom.alibaba.fastjson.parser.ParserConfig.getDeserializer(Type)1
23:24:06.912 | DEBUG | --new testCase collected, to generate: testCom.alibaba.fastjson.parser.ParserConfig.getDeserializer(Type)2
23:24:07.063 | DEBUG | --new testCase collected, to generate: testCom.alibaba.fastjson.parser.ParserConfig.getDeserializer(Type)3
23:24:08.203 | DEBUG | --new testCase collected, to generate: testCom.alibaba.fastjson.parser.ParserConfig.getDeserializer(Type)4
23:24:08.261 | DEBUG | --new testCase collected, to generate: testCom.alibaba.fastjson.parser.ParserConfig.getDeserializer(Type)5
23:24:08.596 | DEBUG | --new testCase collected, to generate: testCom.alibaba.fastjson.parser.ParserConfig.getDeserializer(Type)6
23:24:08.824 | DEBUG | --new testCase collected, to generate: testCom.alibaba.fastjson.parser.ParserConfig.getDeserializer(Type)7
23:24:09.323 | DEBUG | --new testCase collected, to generate: testCom.alibaba.fastjson.parser.ParserConfig.getDeserializer(Type)8
23:24:09.968 | INFO  | |> Starting concrete execution for remaining state: com.alibaba.fastjson.parser.ParserConfig.getDeserializer(Type)
23:24:10.050 | DEBUG | --new testCase collected, to generate: testCom.alibaba.fastjson.parser.ParserConfig.getDeserializer(Type)9
23:24:10.091 | DEBUG | --new testCase collected, to generate: testCom.alibaba.fastjson.parser.ParserConfig.getDeserializer(Type)10
23:24:10.247 | DEBUG | --new testCase collected, to generate: testCom.alibaba.fastjson.parser.ParserConfig.getDeserializer(Type)11
23:24:10.447 | DEBUG | --new testCase collected, to generate: testCom.alibaba.fastjson.parser.ParserConfig.getDeserializer(Type)12
23:24:10.577 | DEBUG | --new testCase collected, to generate: testCom.alibaba.fastjson.parser.ParserConfig.getDeserializer(Type)13
23:24:11.168 | INFO  | (X) Cancelling concrete execution: com.alibaba.fastjson.parser.ParserConfig.getDeserializer(Type)
23:24:11.249 | INFO  | Finished (in 4.881 sec): method com.alibaba.fastjson.parser.ParserConfig.getDeserializer(Type) 
<StatsForMethod> :
	#generatedTC=13
	WITH NO EXCEPTIONS
23:24:11.367 | DEBUG |  ... 
23:24:11.368 | INFO  | Started: method com.alibaba.fastjson.parser.ParserConfig.getDeserializer(Class, Type)
23:24:11.368 | INFO  |  -- Remaining time budget: 71783 ms, #remaining_methods: 15, budget for method: 4785 ms, solver timeout: 1000 ms, budget for symbolic execution: 3585 ms, budget for concrete execution: 1200 ms,  -- 
23:24:11.373 | ERROR | Symbolic execution FAILED
com.huawei.utbot.instrumentation.util.ChildProcessError: Error in the child process |> java.lang.IllegalAccessException: java.lang.Class
	at sun.misc.Unsafe.allocateInstance(Native Method)
	at com.huawei.utbot.framework.util.EngineUtilsKt.getAnyInstance(EngineUtils.kt:61)
	at com.huawei.utbot.framework.concrete.MockValueConstructor.constructObject(MockValueConstructor.kt:158)
	at com.huawei.utbot.framework.concrete.MockValueConstructor.construct(MockValueConstructor.kt:124)
	at com.huawei.utbot.framework.concrete.MockValueConstructor.constructMethodParameters(MockValueConstructor.kt:101)
	at com.huawei.utbot.framework.concrete.UtExecutionInstrumentation.invoke(UtExecutionInstrumentation.kt:126)
	at com.huawei.utbot.framework.concrete.UtExecutionInstrumentation.invoke(UtExecutionInstrumentation.kt:96)
	at com.huawei.utbot.instrumentation.process.ChildProcessKt.loop(ChildProcess.kt:114)
	at com.huawei.utbot.instrumentation.process.ChildProcessKt.main(ChildProcess.kt:76)
	at com.huawei.utbot.instrumentation.process.ChildProcessKt.main(ChildProcess.kt)

	at com.huawei.utbot.instrumentation.ConcreteExecutor.executeAsync(ConcreteExecutor.kt:391) ~[utbot-junit-contest-1.0.jar:?]
	at com.huawei.utbot.instrumentation.ConcreteExecutor$executeAsync$1.invokeSuspend(ConcreteExecutor.kt) ~[utbot-junit-contest-1.0.jar:?]
	at kotlin.coroutines.jvm.internal.BaseContinuationImpl.resumeWith(ContinuationImpl.kt:33) [utbot-junit-contest-1.0.jar:?]
	at kotlinx.coroutines.DispatchedTask.run(DispatchedTask.kt:106) [utbot-junit-contest-1.0.jar:?]
	at java.util.concurrent.Executors$RunnableAdapter.call(Executors.java:511) [?:1.8.0_312]
	at java.util.concurrent.FutureTask.run(FutureTask.java:266) [?:1.8.0_312]
	at java.util.concurrent.ScheduledThreadPoolExecutor$ScheduledFutureTask.access$201(ScheduledThreadPoolExecutor.java:180) [?:1.8.0_312]
	at java.util.concurrent.ScheduledThreadPoolExecutor$ScheduledFutureTask.run(ScheduledThreadPoolExecutor.java:293) [?:1.8.0_312]
	at java.util.concurrent.ThreadPoolExecutor.runWorker(ThreadPoolExecutor.java:1149) [?:1.8.0_312]
	at java.util.concurrent.ThreadPoolExecutor$Worker.run(ThreadPoolExecutor.java:624) [?:1.8.0_312]
	at java.lang.Thread.run(Thread.java:748) [?:1.8.0_312]
23:24:11.697 | DEBUG | --new testCase collected, to generate: testCom.alibaba.fastjson.parser.ParserConfig.getDeserializer(Class, Type)1
23:24:11.996 | DEBUG | --new testCase collected, to generate: testCom.alibaba.fastjson.parser.ParserConfig.getDeserializer(Class, Type)2
23:24:12.298 | DEBUG | --new testCase collected, to generate: testCom.alibaba.fastjson.parser.ParserConfig.getDeserializer(Class, Type)3
23:24:12.442 | DEBUG | --new testCase collected, to generate: testCom.alibaba.fastjson.parser.ParserConfig.getDeserializer(Class, Type)4
23:24:12.510 | DEBUG | --new testCase collected, to generate: testCom.alibaba.fastjson.parser.ParserConfig.getDeserializer(Class, Type)5
23:24:12.752 | DEBUG | --new testCase collected, to generate: testCom.alibaba.fastjson.parser.ParserConfig.getDeserializer(Class, Type)6
23:24:12.791 | INFO  | Finished (in 1.422 sec): method com.alibaba.fastjson.parser.ParserConfig.getDeserializer(Class, Type) 
<StatsForMethod> :
	#generatedTC=6
	FAILED 1 time(s) with 1 different exception(s)"
23:24:12.794 | DEBUG |  ... 
23:24:12.795 | INFO  | Started: method com.alibaba.fastjson.parser.ParserConfig.getDeserializer(FieldInfo)
23:24:12.795 | INFO  |  -- Remaining time budget: 70356 ms, #remaining_methods: 14, budget for method: 5025 ms, solver timeout: 1000 ms, budget for symbolic execution: 3825 ms, budget for concrete execution: 1200 ms,  -- 
23:24:13.096 | DEBUG | --new testCase collected, to generate: testCom.alibaba.fastjson.parser.ParserConfig.getDeserializer(FieldInfo)1
23:24:13.123 | DEBUG | --new testCase collected, to generate: testCom.alibaba.fastjson.parser.ParserConfig.getDeserializer(FieldInfo)2
23:24:14.515 | DEBUG | --new testCase collected, to generate: testCom.alibaba.fastjson.parser.ParserConfig.getDeserializer(FieldInfo)3
23:24:14.744 | DEBUG | --new testCase collected, to generate: testCom.alibaba.fastjson.parser.ParserConfig.getDeserializer(FieldInfo)4
23:24:14.904 | DEBUG | --new testCase collected, to generate: testCom.alibaba.fastjson.parser.ParserConfig.getDeserializer(FieldInfo)5
23:24:15.055 | DEBUG | --new testCase collected, to generate: testCom.alibaba.fastjson.parser.ParserConfig.getDeserializer(FieldInfo)6
23:24:15.082 | DEBUG | --new testCase collected, to generate: testCom.alibaba.fastjson.parser.ParserConfig.getDeserializer(FieldInfo)7
23:24:15.082 | INFO  | Finished (in 2.287 sec): method com.alibaba.fastjson.parser.ParserConfig.getDeserializer(FieldInfo) 
<StatsForMethod> :
	#generatedTC=7
	WITH NO EXCEPTIONS
23:24:15.119 | DEBUG |  ... 
23:24:15.120 | INFO  | Started: method com.alibaba.fastjson.parser.ParserConfig.initJavaBeanDeserializers(Class)
23:24:15.120 | INFO  |  -- Remaining time budget: 68031 ms, #remaining_methods: 13, budget for method: 5233 ms, solver timeout: 1000 ms, budget for symbolic execution: 4033 ms, budget for concrete execution: 1200 ms,  -- 
23:24:15.392 | DEBUG | --new testCase collected, to generate: testCom.alibaba.fastjson.parser.ParserConfig.initJavaBeanDeserializers(Class)1
23:24:15.431 | DEBUG | --new testCase collected, to generate: testCom.alibaba.fastjson.parser.ParserConfig.initJavaBeanDeserializers(Class)2
23:24:15.438 | DEBUG | --new testCase collected, to generate: testCom.alibaba.fastjson.parser.ParserConfig.initJavaBeanDeserializers(Class)3
23:24:15.600 | DEBUG | --new testCase collected, to generate: testCom.alibaba.fastjson.parser.ParserConfig.initJavaBeanDeserializers(Class)4
23:24:15.951 | DEBUG | --new testCase collected, to generate: testCom.alibaba.fastjson.parser.ParserConfig.initJavaBeanDeserializers(Class)5
23:24:19.153 | INFO  | |> Starting concrete execution for remaining state: com.alibaba.fastjson.parser.ParserConfig.initJavaBeanDeserializers(Class)
23:24:20.354 | INFO  | (X) Cancelling concrete execution: com.alibaba.fastjson.parser.ParserConfig.initJavaBeanDeserializers(Class)
23:24:20.398 | INFO  | Finished (in 5.278 sec): method com.alibaba.fastjson.parser.ParserConfig.initJavaBeanDeserializers(Class) 
<StatsForMethod> :
	#generatedTC=5
	WITH NO EXCEPTIONS
23:24:20.715 | DEBUG |  ... 
23:24:20.715 | INFO  | Started: method com.alibaba.fastjson.parser.ParserConfig.createJavaBeanDeserializer(Class, Type)
23:24:20.715 | INFO  |  -- Remaining time budget: 62436 ms, #remaining_methods: 12, budget for method: 5203 ms, solver timeout: 1000 ms, budget for symbolic execution: 4003 ms, budget for concrete execution: 1200 ms,  -- 
23:24:20.719 | ERROR | Symbolic execution FAILED
com.huawei.utbot.instrumentation.util.ChildProcessError: Error in the child process |> java.lang.IllegalAccessException: java.lang.Class
	at sun.misc.Unsafe.allocateInstance(Native Method)
	at com.huawei.utbot.framework.util.EngineUtilsKt.getAnyInstance(EngineUtils.kt:61)
	at com.huawei.utbot.framework.concrete.MockValueConstructor.constructObject(MockValueConstructor.kt:158)
	at com.huawei.utbot.framework.concrete.MockValueConstructor.construct(MockValueConstructor.kt:124)
	at com.huawei.utbot.framework.concrete.MockValueConstructor.constructMethodParameters(MockValueConstructor.kt:101)
	at com.huawei.utbot.framework.concrete.UtExecutionInstrumentation.invoke(UtExecutionInstrumentation.kt:126)
	at com.huawei.utbot.framework.concrete.UtExecutionInstrumentation.invoke(UtExecutionInstrumentation.kt:96)
	at com.huawei.utbot.instrumentation.process.ChildProcessKt.loop(ChildProcess.kt:114)
	at com.huawei.utbot.instrumentation.process.ChildProcessKt.main(ChildProcess.kt:76)
	at com.huawei.utbot.instrumentation.process.ChildProcessKt.main(ChildProcess.kt)

	at com.huawei.utbot.instrumentation.ConcreteExecutor.executeAsync(ConcreteExecutor.kt:391) ~[utbot-junit-contest-1.0.jar:?]
	at com.huawei.utbot.instrumentation.ConcreteExecutor$executeAsync$1.invokeSuspend(ConcreteExecutor.kt) ~[utbot-junit-contest-1.0.jar:?]
	at kotlin.coroutines.jvm.internal.BaseContinuationImpl.resumeWith(ContinuationImpl.kt:33) [utbot-junit-contest-1.0.jar:?]
	at kotlinx.coroutines.DispatchedTask.run(DispatchedTask.kt:106) [utbot-junit-contest-1.0.jar:?]
	at java.util.concurrent.Executors$RunnableAdapter.call(Executors.java:511) [?:1.8.0_312]
	at java.util.concurrent.FutureTask.run(FutureTask.java:266) [?:1.8.0_312]
	at java.util.concurrent.ScheduledThreadPoolExecutor$ScheduledFutureTask.access$201(ScheduledThreadPoolExecutor.java:180) [?:1.8.0_312]
	at java.util.concurrent.ScheduledThreadPoolExecutor$ScheduledFutureTask.run(ScheduledThreadPoolExecutor.java:293) [?:1.8.0_312]
	at java.util.concurrent.ThreadPoolExecutor.runWorker(ThreadPoolExecutor.java:1149) [?:1.8.0_312]
	at java.util.concurrent.ThreadPoolExecutor$Worker.run(ThreadPoolExecutor.java:624) [?:1.8.0_312]
	at java.lang.Thread.run(Thread.java:748) [?:1.8.0_312]
23:24:20.870 | DEBUG | --new testCase collected, to generate: testCom.alibaba.fastjson.parser.ParserConfig.createJavaBeanDeserializer(Class, Type)1
23:24:20.878 | DEBUG | --new testCase collected, to generate: testCom.alibaba.fastjson.parser.ParserConfig.createJavaBeanDeserializer(Class, Type)2
23:24:20.886 | DEBUG | --new testCase collected, to generate: testCom.alibaba.fastjson.parser.ParserConfig.createJavaBeanDeserializer(Class, Type)3
23:24:24.803 | INFO  | |> Starting concrete execution for remaining state: com.alibaba.fastjson.parser.ParserConfig.createJavaBeanDeserializer(Class, Type)
23:24:26.004 | INFO  | (X) Cancelling concrete execution: com.alibaba.fastjson.parser.ParserConfig.createJavaBeanDeserializer(Class, Type)
23:24:26.016 | INFO  | Finished (in 5.300 sec): method com.alibaba.fastjson.parser.ParserConfig.createJavaBeanDeserializer(Class, Type) 
<StatsForMethod> :
	#generatedTC=3
	FAILED 1 time(s) with 1 different exception(s)"
23:24:26.098 | DEBUG |  ... 
23:24:26.099 | INFO  | Started: method com.alibaba.fastjson.parser.ParserConfig.initDeserializers()
23:24:26.099 | INFO  |  -- Remaining time budget: 57053 ms, #remaining_methods: 11, budget for method: 5186 ms, solver timeout: 1000 ms, budget for symbolic execution: 3986 ms, budget for concrete execution: 1200 ms,  -- 
23:24:26.427 | DEBUG | --new testCase collected, to generate: testCom.alibaba.fastjson.parser.ParserConfig.initDeserializers()1
23:24:26.501 | INFO  | Finished (in 0.403 sec): method com.alibaba.fastjson.parser.ParserConfig.initDeserializers() 
<StatsForMethod> :
	#generatedTC=1
	WITH NO EXCEPTIONS
23:24:26.505 | DEBUG |  ... 
23:24:26.505 | INFO  | Started: method com.alibaba.fastjson.parser.ParserConfig.isPrimitive2(Class)
23:24:26.506 | INFO  |  -- Remaining time budget: 56646 ms, #remaining_methods: 10, budget for method: 5664 ms, solver timeout: 1000 ms, budget for symbolic execution: 4464 ms, budget for concrete execution: 1200 ms,  -- 
23:24:26.510 | ERROR | Symbolic execution FAILED
com.huawei.utbot.instrumentation.util.ChildProcessError: Error in the child process |> java.lang.IllegalAccessException: java.lang.Class
	at sun.misc.Unsafe.allocateInstance(Native Method)
	at com.huawei.utbot.framework.util.EngineUtilsKt.getAnyInstance(EngineUtils.kt:61)
	at com.huawei.utbot.framework.concrete.MockValueConstructor.constructObject(MockValueConstructor.kt:158)
	at com.huawei.utbot.framework.concrete.MockValueConstructor.construct(MockValueConstructor.kt:124)
	at com.huawei.utbot.framework.concrete.MockValueConstructor.constructMethodParameters(MockValueConstructor.kt:101)
	at com.huawei.utbot.framework.concrete.UtExecutionInstrumentation.invoke(UtExecutionInstrumentation.kt:126)
	at com.huawei.utbot.framework.concrete.UtExecutionInstrumentation.invoke(UtExecutionInstrumentation.kt:96)
	at com.huawei.utbot.instrumentation.process.ChildProcessKt.loop(ChildProcess.kt:114)
	at com.huawei.utbot.instrumentation.process.ChildProcessKt.main(ChildProcess.kt:76)
	at com.huawei.utbot.instrumentation.process.ChildProcessKt.main(ChildProcess.kt)

	at com.huawei.utbot.instrumentation.ConcreteExecutor.executeAsync(ConcreteExecutor.kt:391) ~[utbot-junit-contest-1.0.jar:?]
	at com.huawei.utbot.instrumentation.ConcreteExecutor$executeAsync$1.invokeSuspend(ConcreteExecutor.kt) ~[utbot-junit-contest-1.0.jar:?]
	at kotlin.coroutines.jvm.internal.BaseContinuationImpl.resumeWith(ContinuationImpl.kt:33) [utbot-junit-contest-1.0.jar:?]
	at kotlinx.coroutines.DispatchedTask.run(DispatchedTask.kt:106) [utbot-junit-contest-1.0.jar:?]
	at java.util.concurrent.Executors$RunnableAdapter.call(Executors.java:511) [?:1.8.0_312]
	at java.util.concurrent.FutureTask.run(FutureTask.java:266) [?:1.8.0_312]
	at java.util.concurrent.ScheduledThreadPoolExecutor$ScheduledFutureTask.access$201(ScheduledThreadPoolExecutor.java:180) [?:1.8.0_312]
	at java.util.concurrent.ScheduledThreadPoolExecutor$ScheduledFutureTask.run(ScheduledThreadPoolExecutor.java:293) [?:1.8.0_312]
	at java.util.concurrent.ThreadPoolExecutor.runWorker(ThreadPoolExecutor.java:1149) [?:1.8.0_312]
	at java.util.concurrent.ThreadPoolExecutor$Worker.run(ThreadPoolExecutor.java:624) [?:1.8.0_312]
	at java.lang.Thread.run(Thread.java:748) [?:1.8.0_312]
23:24:26.611 | DEBUG | --new testCase collected, to generate: testCom.alibaba.fastjson.parser.ParserConfig.isPrimitive2(Class)1
23:24:26.646 | DEBUG | --new testCase collected, to generate: testCom.alibaba.fastjson.parser.ParserConfig.isPrimitive2(Class)2
23:24:26.696 | DEBUG | --new testCase collected, to generate: testCom.alibaba.fastjson.parser.ParserConfig.isPrimitive2(Class)3
23:24:26.700 | DEBUG | --new testCase collected, to generate: testCom.alibaba.fastjson.parser.ParserConfig.isPrimitive2(Class)4
23:24:26.721 | DEBUG | --new testCase collected, to generate: testCom.alibaba.fastjson.parser.ParserConfig.isPrimitive2(Class)5
23:24:26.742 | DEBUG | --new testCase collected, to generate: testCom.alibaba.fastjson.parser.ParserConfig.isPrimitive2(Class)6
23:24:26.746 | DEBUG | --new testCase collected, to generate: testCom.alibaba.fastjson.parser.ParserConfig.isPrimitive2(Class)7
23:24:26.784 | DEBUG | --new testCase collected, to generate: testCom.alibaba.fastjson.parser.ParserConfig.isPrimitive2(Class)8
23:24:26.806 | DEBUG | --new testCase collected, to generate: testCom.alibaba.fastjson.parser.ParserConfig.isPrimitive2(Class)9
23:24:26.845 | DEBUG | --new testCase collected, to generate: testCom.alibaba.fastjson.parser.ParserConfig.isPrimitive2(Class)10
23:24:26.865 | DEBUG | --new testCase collected, to generate: testCom.alibaba.fastjson.parser.ParserConfig.isPrimitive2(Class)11
23:24:26.888 | DEBUG | --new testCase collected, to generate: testCom.alibaba.fastjson.parser.ParserConfig.isPrimitive2(Class)12
23:24:26.893 | DEBUG | --new testCase collected, to generate: testCom.alibaba.fastjson.parser.ParserConfig.isPrimitive2(Class)13
23:24:26.914 | DEBUG | --new testCase collected, to generate: testCom.alibaba.fastjson.parser.ParserConfig.isPrimitive2(Class)14
23:24:26.919 | DEBUG | --new testCase collected, to generate: testCom.alibaba.fastjson.parser.ParserConfig.isPrimitive2(Class)15
23:24:26.944 | DEBUG | --new testCase collected, to generate: testCom.alibaba.fastjson.parser.ParserConfig.isPrimitive2(Class)16
23:24:26.949 | DEBUG | --new testCase collected, to generate: testCom.alibaba.fastjson.parser.ParserConfig.isPrimitive2(Class)17
23:24:26.951 | DEBUG | --new testCase collected, to generate: testCom.alibaba.fastjson.parser.ParserConfig.isPrimitive2(Class)18
23:24:26.953 | INFO  | Finished (in 0.447 sec): method com.alibaba.fastjson.parser.ParserConfig.isPrimitive2(Class) 
<StatsForMethod> :
	#generatedTC=18
	FAILED 1 time(s) with 1 different exception(s)"
23:24:26.959 | DEBUG |  ... 
23:24:26.959 | INFO  | Started: method com.alibaba.fastjson.parser.ParserConfig.parserAllFieldToCache(Class, Map)
23:24:26.959 | INFO  |  -- Remaining time budget: 56192 ms, #remaining_methods: 9, budget for method: 6243 ms, solver timeout: 1000 ms, budget for symbolic execution: 5043 ms, budget for concrete execution: 1200 ms,  -- 
23:24:26.963 | ERROR | Symbolic execution FAILED
com.huawei.utbot.instrumentation.util.ChildProcessError: Error in the child process |> java.lang.IllegalAccessException: java.lang.Class
	at sun.misc.Unsafe.allocateInstance(Native Method)
	at com.huawei.utbot.framework.util.EngineUtilsKt.getAnyInstance(EngineUtils.kt:61)
	at com.huawei.utbot.framework.concrete.MockValueConstructor.constructObject(MockValueConstructor.kt:158)
	at com.huawei.utbot.framework.concrete.MockValueConstructor.construct(MockValueConstructor.kt:124)
	at com.huawei.utbot.framework.concrete.MockValueConstructor.constructMethodParameters(MockValueConstructor.kt:101)
	at com.huawei.utbot.framework.concrete.UtExecutionInstrumentation.invoke(UtExecutionInstrumentation.kt:126)
	at com.huawei.utbot.framework.concrete.UtExecutionInstrumentation.invoke(UtExecutionInstrumentation.kt:96)
	at com.huawei.utbot.instrumentation.process.ChildProcessKt.loop(ChildProcess.kt:114)
	at com.huawei.utbot.instrumentation.process.ChildProcessKt.main(ChildProcess.kt:76)
	at com.huawei.utbot.instrumentation.process.ChildProcessKt.main(ChildProcess.kt)

	at com.huawei.utbot.instrumentation.ConcreteExecutor.executeAsync(ConcreteExecutor.kt:391) ~[utbot-junit-contest-1.0.jar:?]
	at com.huawei.utbot.instrumentation.ConcreteExecutor$executeAsync$1.invokeSuspend(ConcreteExecutor.kt) ~[utbot-junit-contest-1.0.jar:?]
	at kotlin.coroutines.jvm.internal.BaseContinuationImpl.resumeWith(ContinuationImpl.kt:33) [utbot-junit-contest-1.0.jar:?]
	at kotlinx.coroutines.DispatchedTask.run(DispatchedTask.kt:106) [utbot-junit-contest-1.0.jar:?]
	at java.util.concurrent.Executors$RunnableAdapter.call(Executors.java:511) [?:1.8.0_312]
	at java.util.concurrent.FutureTask.run(FutureTask.java:266) [?:1.8.0_312]
	at java.util.concurrent.ScheduledThreadPoolExecutor$ScheduledFutureTask.access$201(ScheduledThreadPoolExecutor.java:180) [?:1.8.0_312]
	at java.util.concurrent.ScheduledThreadPoolExecutor$ScheduledFutureTask.run(ScheduledThreadPoolExecutor.java:293) [?:1.8.0_312]
	at java.util.concurrent.ThreadPoolExecutor.runWorker(ThreadPoolExecutor.java:1149) [?:1.8.0_312]
	at java.util.concurrent.ThreadPoolExecutor$Worker.run(ThreadPoolExecutor.java:624) [?:1.8.0_312]
	at java.lang.Thread.run(Thread.java:748) [?:1.8.0_312]
23:24:27.172 | DEBUG | --new testCase collected, to generate: testCom.alibaba.fastjson.parser.ParserConfig.parserAllFieldToCache(Class, Map)1
23:24:32.003 | INFO  | |> Starting concrete execution for remaining state: com.alibaba.fastjson.parser.ParserConfig.parserAllFieldToCache(Class, Map)
23:24:33.203 | INFO  | (X) Cancelling concrete execution: com.alibaba.fastjson.parser.ParserConfig.parserAllFieldToCache(Class, Map)
23:24:33.312 | INFO  | Finished (in 6.352 sec): method com.alibaba.fastjson.parser.ParserConfig.parserAllFieldToCache(Class, Map) 
<StatsForMethod> :
	#generatedTC=1
	FAILED 1 time(s) with 1 different exception(s)"
23:24:33.544 | DEBUG |  ... 
23:24:33.545 | INFO  | Started: method com.alibaba.fastjson.parser.ParserConfig.getFieldFromCache(String, Map)
23:24:33.545 | INFO  |  -- Remaining time budget: 49606 ms, #remaining_methods: 8, budget for method: 6200 ms, solver timeout: 1000 ms, budget for symbolic execution: 5000 ms, budget for concrete execution: 1200 ms,  -- 
23:24:33.549 | DEBUG | --new testCase collected, to generate: testCom.alibaba.fastjson.parser.ParserConfig.getFieldFromCache(String, Map)1
23:24:33.578 | DEBUG | --new testCase collected, to generate: testCom.alibaba.fastjson.parser.ParserConfig.getFieldFromCache(String, Map)2
23:24:38.546 | INFO  | |> Starting concrete execution for remaining state: com.alibaba.fastjson.parser.ParserConfig.getFieldFromCache(String, Map)
23:24:39.746 | INFO  | (X) Cancelling concrete execution: com.alibaba.fastjson.parser.ParserConfig.getFieldFromCache(String, Map)
23:24:40.041 | INFO  | Finished (in 6.496 sec): method com.alibaba.fastjson.parser.ParserConfig.getFieldFromCache(String, Map) 
<StatsForMethod> :
	#generatedTC=2
	WITH NO EXCEPTIONS
23:24:40.180 | DEBUG |  ... 
23:24:40.181 | INFO  | Started: method com.alibaba.fastjson.parser.ParserConfig.splitItemsFormProperty(String)
23:24:40.181 | INFO  |  -- Remaining time budget: 42970 ms, #remaining_methods: 7, budget for method: 6138 ms, solver timeout: 1000 ms, budget for symbolic execution: 4938 ms, budget for concrete execution: 1200 ms,  -- 
23:24:40.184 | DEBUG | --new testCase collected, to generate: testCom.alibaba.fastjson.parser.ParserConfig.splitItemsFormProperty(String)1
23:24:40.219 | DEBUG | --new testCase collected, to generate: testCom.alibaba.fastjson.parser.ParserConfig.splitItemsFormProperty(String)2
23:24:40.300 | DEBUG | --new testCase collected, to generate: testCom.alibaba.fastjson.parser.ParserConfig.splitItemsFormProperty(String)3
23:24:40.351 | DEBUG | --new testCase collected, to generate: testCom.alibaba.fastjson.parser.ParserConfig.splitItemsFormProperty(String)4
23:24:40.352 | INFO  | Finished (in 0.171 sec): method com.alibaba.fastjson.parser.ParserConfig.splitItemsFormProperty(String) 
<StatsForMethod> :
	#generatedTC=4
	WITH NO EXCEPTIONS
23:24:40.368 | DEBUG |  ... 
23:24:40.368 | INFO  | Started: method com.alibaba.fastjson.parser.ParserConfig.getGlobalInstance()
23:24:40.368 | INFO  |  -- Remaining time budget: 42783 ms, #remaining_methods: 6, budget for method: 7130 ms, solver timeout: 1000 ms, budget for symbolic execution: 5930 ms, budget for concrete execution: 1200 ms,  -- 
23:24:40.661 | DEBUG | --new testCase collected, to generate: testCom.alibaba.fastjson.parser.ParserConfig.getGlobalInstance()1
23:24:41.240 | DEBUG | --new testCase collected, to generate: testCom.alibaba.fastjson.parser.ParserConfig.getGlobalInstance()2
23:24:42.274 | INFO  | Finished (in 1.906 sec): method com.alibaba.fastjson.parser.ParserConfig.getGlobalInstance() 
<StatsForMethod> :
	#generatedTC=2
	WITH NO EXCEPTIONS
23:24:42.300 | DEBUG |  ... 
23:24:42.301 | INFO  | Started: method com.alibaba.fastjson.parser.ParserConfig.<init>(ASMDeserializerFactory)
23:24:42.301 | INFO  |  -- Remaining time budget: 40850 ms, #remaining_methods: 5, budget for method: 8170 ms, solver timeout: 1000 ms, budget for symbolic execution: 6970 ms, budget for concrete execution: 1200 ms,  -- 
23:24:42.604 | DEBUG | --new testCase collected, to generate: testCom.alibaba.fastjson.parser.ParserConfig.<init>(ASMDeserializerFactory)1
23:24:42.665 | INFO  | Finished (in 0.365 sec): method com.alibaba.fastjson.parser.ParserConfig.<init>(ASMDeserializerFactory) 
<StatsForMethod> :
	#generatedTC=1
	WITH NO EXCEPTIONS
23:24:42.674 | DEBUG |  ... 
23:24:42.675 | INFO  | Started: method com.alibaba.fastjson.parser.ParserConfig.<init>(ClassLoader)
23:24:42.675 | INFO  |  -- Remaining time budget: 40476 ms, #remaining_methods: 4, budget for method: 10119 ms, solver timeout: 1000 ms, budget for symbolic execution: 8919 ms, budget for concrete execution: 1200 ms,  -- 
23:24:42.965 | DEBUG | --new testCase collected, to generate: testCom.alibaba.fastjson.parser.ParserConfig.<init>(ClassLoader)1
23:24:43.024 | INFO  | Finished (in 0.349 sec): method com.alibaba.fastjson.parser.ParserConfig.<init>(ClassLoader) 
<StatsForMethod> :
	#generatedTC=1
	WITH NO EXCEPTIONS
23:24:43.033 | DEBUG |  ... 
23:24:43.033 | INFO  | Started: method com.alibaba.fastjson.parser.ParserConfig.<init>(boolean)
23:24:43.034 | INFO  |  -- Remaining time budget: 40118 ms, #remaining_methods: 3, budget for method: 13372 ms, solver timeout: 1000 ms, budget for symbolic execution: 12172 ms, budget for concrete execution: 1200 ms,  -- 
23:24:43.359 | DEBUG | --new testCase collected, to generate: testCom.alibaba.fastjson.parser.ParserConfig.<init>(boolean)1
23:24:43.419 | INFO  | Finished (in 0.385 sec): method com.alibaba.fastjson.parser.ParserConfig.<init>(boolean) 
<StatsForMethod> :
	#generatedTC=1
	WITH NO EXCEPTIONS
23:24:43.427 | DEBUG |  ... 
23:24:43.427 | INFO  | Started: method com.alibaba.fastjson.parser.ParserConfig.<init>()
23:24:43.428 | INFO  |  -- Remaining time budget: 39724 ms, #remaining_methods: 2, budget for method: 19862 ms, solver timeout: 1000 ms, budget for symbolic execution: 18662 ms, budget for concrete execution: 1200 ms,  -- 
23:24:43.737 | DEBUG | --new testCase collected, to generate: testCom.alibaba.fastjson.parser.ParserConfig.<init>()1
23:24:43.797 | INFO  | Finished (in 0.369 sec): method com.alibaba.fastjson.parser.ParserConfig.<init>() 
<StatsForMethod> :
	#generatedTC=1
	WITH NO EXCEPTIONS
23:24:43.806 | DEBUG |  ... 
23:24:43.806 | INFO  | Started: method com.alibaba.fastjson.parser.ParserConfig.<init>(ASMDeserializerFactory, ClassLoader, boolean)
23:24:43.806 | INFO  |  -- Remaining time budget: 39345 ms, #remaining_methods: 1, budget for method: 39345 ms, solver timeout: 1000 ms, budget for symbolic execution: 38145 ms, budget for concrete execution: 1200 ms,  -- 
23:24:44.112 | DEBUG | --new testCase collected, to generate: testCom.alibaba.fastjson.parser.ParserConfig.<init>(ASMDeserializerFactory, ClassLoader, boolean)1
23:24:44.175 | INFO  | Finished (in 0.368 sec): method com.alibaba.fastjson.parser.ParserConfig.<init>(ASMDeserializerFactory, ClassLoader, boolean) 
<StatsForMethod> :
	#generatedTC=1
	WITH NO EXCEPTIONS
23:24:44.187 | INFO  | Started: Flushing tests for [ParserConfig] on disk
23:25:10.088 | INFO  | File size for ParserConfigTest: 161 KB
23:25:10.090 | INFO  | Finished (in 25.903 sec): Flushing tests for [ParserConfig] on disk 
23:25:10.091 | INFO  | Finished (in 88.906 sec): class com.alibaba.fastjson.parser.ParserConfig 
<StatsForClass> :
	canceled by timeout = false
	#methods = 35, 
	#methods started symbolic exploration = 35
	#methods with at least one TC = 34
	#methods with exceptions = 7
	#generated TC = 139
	#coverage = null
[READY]
