Started UtBot Contest, classfileDir = /var/benchmarks/projects/guava/guava/target/classes, classpathString=/var/benchmarks/projects/guava/guava/target/classes:/var/benchmarks/projects/guava/guava/target/guava-26.0-jre.jar:/var/benchmarks/projects/./guava/guava/target/dependency/checker-qual-2.5.2.jar:/var/benchmarks/projects/guava/guava/target/dependency/error_prone_annotations-2.1.3.jar:/var/benchmarks/projects/guava/guava/target/dependency/j2objc-annotations-1.1.jar:/var/benchmarks/projects/guava/guava/target/dependency/jsr305-3.0.2.jar:/var/benchmarks/projects/guava/guava/target/dependency/animal-sniffer-annotations-1.14.jar, outputDir=/home/utbot_mocks/temp/testcases, mocks=Other classes: Mockito
21:43:05.173 | INFO  | Started: warmup: kotlin reflection :: init
21:43:05.255 | INFO  | Finished (in 0.081 sec): warmup: kotlin reflection :: init 
[INIT]
>> [RUN] com.google.common.collect.Queues 120
21:43:05.265 | DEBUG | -----------------------------------------------------------------------------
21:43:05.266 | INFO  | Contest.runGeneration: Time budget: 120000 ms, Generation timeout=102000 ms, classpath=/var/benchmarks/projects/guava/guava/target/classes:/var/benchmarks/projects/guava/guava/target/guava-26.0-jre.jar:/var/benchmarks/projects/./guava/guava/target/dependency/checker-qual-2.5.2.jar:/var/benchmarks/projects/guava/guava/target/dependency/error_prone_annotations-2.1.3.jar:/var/benchmarks/projects/guava/guava/target/dependency/j2objc-annotations-1.1.jar:/var/benchmarks/projects/guava/guava/target/dependency/jsr305-3.0.2.jar:/var/benchmarks/projects/guava/guava/target/dependency/animal-sniffer-annotations-1.14.jar, methodNameFilter=null
21:43:05.267 | INFO  | ClassUnderTest[ FQN: com.google.common.collect.Queues
    classfileDir: /var/benchmarks/projects/guava/guava/target/classes
    testClassSimpleName: QueuesTest
    generatedTestFile: /home/utbot_mocks/temp/testcases/com/google/common/collect/QueuesTest.java
    generatedTestsSourcesDir: /home/utbot_mocks/temp/testcases
]
21:43:05.289 | INFO  | Started: class com.google.common.collect.Queues
21:43:05.290 | INFO  | Started: preparation class class com.google.common.collect.Queues: kotlin reflection :: run
21:43:05.323 | INFO  | Finished (in 0.032 sec): preparation class class com.google.common.collect.Queues: kotlin reflection :: run 
21:43:05.324 | INFO  | Started: 2nd optional soot initialization
21:43:05.325 | INFO  | Finished (in 0.001 sec): 2nd optional soot initialization 
21:43:05.333 | DEBUG |  ... 
21:43:05.342 | INFO  | Started: method com.google.common.collect.Queues.newPriorityQueue()
21:43:05.344 | INFO  |  -- Remaining time budget: 101931 ms, #remaining_methods: 23, budget for method: 4431 ms, solver timeout: 1000 ms, budget for symbolic execution: 3231 ms, budget for concrete execution: 1200 ms,  -- 
21:43:05.641 | DEBUG | --new testCase collected, to generate: testCom.google.common.collect.Queues.newPriorityQueue()1
21:43:05.943 | INFO  | Finished (in 0.600 sec): method com.google.common.collect.Queues.newPriorityQueue() 
<StatsForMethod> :
	#generatedTC=1
	WITH NO EXCEPTIONS
21:43:05.950 | DEBUG |  ... 
21:43:05.954 | INFO  | Started: method com.google.common.collect.Queues.newPriorityQueue(Iterable)
21:43:05.954 | INFO  |  -- Remaining time budget: 101316 ms, #remaining_methods: 22, budget for method: 4605 ms, solver timeout: 1000 ms, budget for symbolic execution: 3405 ms, budget for concrete execution: 1200 ms,  -- 
21:43:05.962 | DEBUG | --new testCase collected, to generate: testCom.google.common.collect.Queues.newPriorityQueue(Iterable)1
21:43:09.357 | INFO  | |> Starting concrete execution for remaining state: com.google.common.collect.Queues.newPriorityQueue(Iterable)
21:43:10.558 | INFO  | (X) Cancelling concrete execution: com.google.common.collect.Queues.newPriorityQueue(Iterable)
21:43:11.294 | INFO  | Finished (in 5.339 sec): method com.google.common.collect.Queues.newPriorityQueue(Iterable) 
<StatsForMethod> :
	#generatedTC=1
	WITH NO EXCEPTIONS
21:43:11.298 | DEBUG |  ... 
21:43:11.299 | INFO  | Started: method com.google.common.collect.Queues.drain(BlockingQueue, Collection, int, Duration)
21:43:11.299 | INFO  |  -- Remaining time budget: 95968 ms, #remaining_methods: 21, budget for method: 4569 ms, solver timeout: 1000 ms, budget for symbolic execution: 3369 ms, budget for concrete execution: 1200 ms,  -- 
21:43:11.303 | ERROR | Finished (in 0.003 sec): method com.google.common.collect.Queues.drain(BlockingQueue, Collection, int, Duration) :: EXCEPTION :: 
<StatsForMethod> : SUSPICIOUS
	#generatedTC=0
	WITH NO EXCEPTIONS
java.lang.IllegalStateException: No such drain(Ljava/util/concurrent/BlockingQueue;Ljava/util/Collection;ILjava/time/Duration;)I found
	at com.huawei.utbot.framework.plugin.api.UtBotTestCaseGenerator.graph(UtBotTestCaseGenerator.kt:274) ~[utbot-junit-contest-1.0.jar:?]
	at com.huawei.utbot.framework.plugin.api.UtBotTestCaseGenerator.generateAsync(UtBotTestCaseGenerator.kt:158) ~[utbot-junit-contest-1.0.jar:?]
	at com.huawei.utbot.framework.plugin.api.UtBotTestCaseGenerator.generateAsync$default(UtBotTestCaseGenerator.kt:305) ~[utbot-junit-contest-1.0.jar:?]
	at com.huawei.utbot.contest.ContestKt$runGeneration$1$invokeSuspend$$inlined$bracket$lambda$1$1.invokeSuspend(Contest.kt:334) [utbot-junit-contest-1.0.jar:?]
	at kotlin.coroutines.jvm.internal.BaseContinuationImpl.resumeWith(ContinuationImpl.kt:33) [utbot-junit-contest-1.0.jar:?]
	at kotlinx.coroutines.DispatchedTask.run(DispatchedTask.kt:106) [utbot-junit-contest-1.0.jar:?]
	at java.util.concurrent.Executors$RunnableAdapter.call(Executors.java:511) [?:1.8.0_312]
	at java.util.concurrent.FutureTask.run(FutureTask.java:266) [?:1.8.0_312]
	at java.util.concurrent.ScheduledThreadPoolExecutor$ScheduledFutureTask.access$201(ScheduledThreadPoolExecutor.java:180) [?:1.8.0_312]
	at java.util.concurrent.ScheduledThreadPoolExecutor$ScheduledFutureTask.run(ScheduledThreadPoolExecutor.java:293) [?:1.8.0_312]
	at java.util.concurrent.ThreadPoolExecutor.runWorker(ThreadPoolExecutor.java:1149) [?:1.8.0_312]
	at java.util.concurrent.ThreadPoolExecutor$Worker.run(ThreadPoolExecutor.java:624) [?:1.8.0_312]
	at java.lang.Thread.run(Thread.java:748) [?:1.8.0_312]
21:43:11.312 | INFO  | Started: Flushing tests for [Queues] on disk
21:43:11.426 | INFO  | File size for QueuesTest: 8 KB
21:43:11.428 | INFO  | Finished (in 0.115 sec): Flushing tests for [Queues] on disk 
21:43:11.428 | INFO  | Finished (in 6.138 sec): class com.google.common.collect.Queues 
<StatsForClass> :
	canceled by timeout = false
	#methods = 23, 
	#methods started symbolic exploration = 3
	#methods with at least one TC = 2
	#methods with exceptions = 0
	#generated TC = 2
	#coverage = null
[READY]
