Started UtBot Contest, classfileDir = /var/benchmarks/projects/fastjson/target/classes, classpathString=/var/benchmarks/projects/fastjson/target/classes:/var/benchmarks/projects/fastjson/target/fastjson-1.2.50-SNAPSHOT.jar:/var/benchmarks/projects/./fastjson/target/dependency/deeptestutils-1.1.0.jar:/var/benchmarks/projects/fastjson/target/dependency/commons-beanutils-1.8.0.jar:/var/benchmarks/projects/fastjson/target/dependency/woodstox-core-asl-4.4.1.jar:/var/benchmarks/projects/fastjson/target/dependency/spring-aop-4.3.7.RELEASE.jar:/var/benchmarks/projects/fastjson/target/dependency/hibernate-core-5.2.10.Final.jar:/var/benchmarks/projects/fastjson/target/dependency/jackson-module-kotlin-2.9.0.jar:/var/benchmarks/projects/fastjson/target/dependency/spring-data-commons-1.13.6.RELEASE.jar:/var/benchmarks/projects/fastjson/target/dependency/javax.annotation-api-1.2.jar:/var/benchmarks/projects/fastjson/target/dependency/gson-2.6.2.jar:/var/benchmarks/projects/fastjson/target/dependency/jetty-continuation-8.1.8.v20121106.jar:/var/benchmarks/projects/fastjson/target/dependency/objenesis-2.5.1.jar:/var/benchmarks/projects/fastjson/target/dependency/powermock-reflect-1.6.6.jar:/var/benchmarks/projects/fastjson/target/dependency/springfox-spring-web-2.6.1.jar:/var/benchmarks/projects/fastjson/target/dependency/javaslang-2.0.6.jar:/var/benchmarks/projects/fastjson/target/dependency/guava-18.0.jar:/var/benchmarks/projects/fastjson/target/dependency/mockito-core-1.10.19.jar:/var/benchmarks/projects/fastjson/target/dependency/json-lib-2.4-jdk15.jar:/var/benchmarks/projects/fastjson/target/dependency/jetty-xml-8.1.8.v20121106.jar:/var/benchmarks/projects/fastjson/target/dependency/xmlschema-core-2.2.1.jar:/var/benchmarks/projects/fastjson/target/dependency/powermock-api-support-1.6.6.jar:/var/benchmarks/projects/fastjson/target/dependency/commons-collections4-4.1.jar:/var/benchmarks/projects/fastjson/target/dependency/cglib-nodep-2.2.2.jar:/var/benchmarks/projects/fastjson/target/dependency/asm-debug-all-5.0.4.jar:/var/benchmarks/projects/fastjson/target/dependency/spring-plugin-core-1.2.0.RELEASE.jar:/var/benchmarks/projects/fastjson/target/dependency/cxf-rt-rs-client-3.1.2.jar:/var/benchmarks/projects/fastjson/target/dependency/jetty-io-8.1.8.v20121106.jar:/var/benchmarks/projects/fastjson/target/dependency/commons-lang3-3.4.jar:/var/benchmarks/projects/fastjson/target/dependency/stax2-api-3.1.4.jar:/var/benchmarks/projects/fastjson/target/dependency/jackson-annotations-2.9.0.jar:/var/benchmarks/projects/fastjson/target/dependency/jetty-server-8.1.8.v20121106.jar:/var/benchmarks/projects/fastjson/target/dependency/json-simple-1.1.1.jar:/var/benchmarks/projects/fastjson/target/dependency/asm-tree-4.0.jar:/var/benchmarks/projects/fastjson/target/dependency/spring-data-commons-core-1.4.1.RELEASE.jar:/var/benchmarks/projects/fastjson/target/dependency/powermock-module-junit4-common-1.6.6.jar:/var/benchmarks/projects/fastjson/target/dependency/jcl-over-slf4j-1.7.25.jar:/var/benchmarks/projects/fastjson/target/dependency/javax.servlet-3.0.0.v201112011016.jar:/var/benchmarks/projects/fastjson/target/dependency/springfox-core-2.6.1.jar:/var/benchmarks/projects/fastjson/target/dependency/osgi-resource-locator-1.0.1.jar:/var/benchmarks/projects/fastjson/target/dependency/javassist-3.18.0-GA.jar:/var/benchmarks/projects/fastjson/target/dependency/kotlin-reflect-1.1.3-2.jar:/var/benchmarks/projects/fastjson/target/dependency/spring-context-support-4.3.10.RELEASE.jar:/var/benchmarks/projects/fastjson/target/dependency/spring-plugin-metadata-1.2.0.RELEASE.jar:/var/benchmarks/projects/fastjson/target/dependency/kotlin-stdlib-1.1.3-2.jar:/var/benchmarks/projects/fastjson/target/dependency/spring-data-keyvalue-1.2.6.RELEASE.jar:/var/benchmarks/projects/fastjson/target/dependency/jersey-container-servlet-core-2.23.2.jar:/var/benchmarks/projects/fastjson/target/dependency/asm-4.0.jar:/var/benchmarks/projects/fastjson/target/dependency/asm-commons-4.0.jar:/var/benchmarks/projects/fastjson/target/dependency/jersey-guava-2.23.2.jar:/var/benchmarks/projects/fastjson/target/dependency/aopalliance-1.0.jar:/var/benchmarks/projects/fastjson/target/dependency/groovy-2.1.5.jar:/var/benchmarks/projects/fastjson/target/dependency/hk2-api-2.5.0-b05.jar:/var/benchmarks/projects/fastjson/target/dependency/jetty-security-8.1.8.v20121106.jar:/var/benchmarks/projects/fastjson/target/dependency/jmh-core-1.21.jar:/var/benchmarks/projects/fastjson/target/dependency/jersey-container-servlet-2.23.2.jar:/var/benchmarks/projects/fastjson/target/dependency/dom4j-1.6.1.jar:/var/benchmarks/projects/fastjson/target/dependency/spring-core-4.3.7.RELEASE.jar:/var/benchmarks/projects/fastjson/target/dependency/spring-data-redis-1.8.6.RELEASE.jar:/var/benchmarks/projects/fastjson/target/dependency/jackson-core-asl-1.9.13.jar:/var/benchmarks/projects/fastjson/target/dependency/jackson-mapper-asl-1.9.13.jar:/var/benchmarks/projects/fastjson/target/dependency/hibernate-jpa-2.1-api-1.0.0.Final.jar:/var/benchmarks/projects/fastjson/target/dependency/junit-4.12.jar:/var/benchmarks/projects/fastjson/target/dependency/commons-io-1.4.jar:/var/benchmarks/projects/fastjson/target/dependency/jetty-util-8.1.8.v20121106.jar:/var/benchmarks/projects/fastjson/target/dependency/hamcrest-core-1.3.jar:/var/benchmarks/projects/fastjson/target/dependency/jmh-generator-annprocess-1.21.jar:/var/benchmarks/projects/fastjson/target/dependency/jackson-jaxrs-base-2.8.7.jar:/var/benchmarks/projects/fastjson/target/dependency/powermock-module-junit4-1.6.6.jar:/var/benchmarks/projects/fastjson/target/dependency/powermock-core-1.6.6.jar:/var/benchmarks/projects/fastjson/target/dependency/slf4j-api-1.7.25.jar:/var/benchmarks/projects/fastjson/target/dependency/antlr-2.7.7.jar:/var/benchmarks/projects/fastjson/target/dependency/mockito-all-1.10.19.jar:/var/benchmarks/projects/fastjson/target/dependency/jersey-container-jdk-http-2.23.2.jar:/var/benchmarks/projects/fastjson/target/dependency/javaslang-match-2.0.6.jar:/var/benchmarks/projects/fastjson/target/dependency/jersey-test-framework-provider-jdk-http-2.23.2.jar:/var/benchmarks/projects/fastjson/target/dependency/jersey-entity-filtering-2.23.2.jar:/var/benchmarks/projects/fastjson/target/dependency/jandex-2.0.3.Final.jar:/var/benchmarks/projects/fastjson/target/dependency/ezmorph-1.0.6.jar:/var/benchmarks/projects/fastjson/target/dependency/jackson-jaxrs-json-provider-2.8.7.jar:/var/benchmarks/projects/fastjson/target/dependency/cxf-rt-transports-http-3.1.2.jar:/var/benchmarks/projects/fastjson/target/dependency/spring-beans-4.3.7.RELEASE.jar:/var/benchmarks/projects/fastjson/target/dependency/jersey-server-2.23.2.jar:/var/benchmarks/projects/fastjson/target/dependency/powermock-api-mockito-1.6.6.jar:/var/benchmarks/projects/fastjson/target/dependency/jackson-module-jaxb-annotations-2.8.7.jar:/var/benchmarks/projects/fastjson/target/dependency/jopt-simple-4.6.jar:/var/benchmarks/projects/fastjson/target/dependency/asm-analysis-4.0.jar:/var/benchmarks/projects/fastjson/target/dependency/annotations-13.0.jar:/var/benchmarks/projects/fastjson/target/dependency/json-path-2.3.0.jar:/var/benchmarks/projects/fastjson/target/dependency/springfox-spi-2.6.1.jar:/var/benchmarks/projects/fastjson/target/dependency/spring-websocket-4.3.7.RELEASE.jar:/var/benchmarks/projects/fastjson/target/dependency/spring-messaging-4.3.7.RELEASE.jar:/var/benchmarks/projects/fastjson/target/dependency/jersey-client-2.23.2.jar:/var/benchmarks/projects/fastjson/target/dependency/javax.ws.rs-api-2.0.1.jar:/var/benchmarks/projects/fastjson/target/dependency/accessors-smart-1.1.jar:/var/benchmarks/projects/fastjson/target/dependency/hibernate-commons-annotations-5.0.1.Final.jar:/var/benchmarks/projects/fastjson/target/dependency/commons-logging-1.1.1.jar:/var/benchmarks/projects/fastjson/target/dependency/jackson-core-2.9.0.jar:/var/benchmarks/projects/fastjson/target/dependency/spring-expression-4.3.7.RELEASE.jar:/var/benchmarks/projects/fastjson/target/dependency/jersey-media-jaxb-2.23.2.jar:/var/benchmarks/projects/fastjson/target/dependency/okhttp-3.6.0.jar:/var/benchmarks/projects/fastjson/target/dependency/commons-math3-3.2.jar:/var/benchmarks/projects/fastjson/target/dependency/jetty-webapp-8.1.8.v20121106.jar:/var/benchmarks/projects/fastjson/target/dependency/javax.inject-2.5.0-b05.jar:/var/benchmarks/projects/fastjson/target/dependency/cxf-core-3.1.2.jar:/var/benchmarks/projects/fastjson/target/dependency/powermock-api-mockito-common-1.6.6.jar:/var/benchmarks/projects/fastjson/target/dependency/jetty-http-8.1.8.v20121106.jar:/var/benchmarks/projects/fastjson/target/dependency/spring-security-config-3.2.10.RELEASE.jar:/var/benchmarks/projects/fastjson/target/dependency/okio-1.11.0.jar:/var/benchmarks/projects/fastjson/target/dependency/javax.servlet-api-3.1.0.jar:/var/benchmarks/projects/fastjson/target/dependency/json-smart-2.2.1.jar:/var/benchmarks/projects/fastjson/target/dependency/spring-tx-4.3.10.RELEASE.jar:/var/benchmarks/projects/fastjson/target/dependency/jackson-module-afterburner-2.9.0.jar:/var/benchmarks/projects/fastjson/target/dependency/asm-util-4.0.jar:/var/benchmarks/projects/fastjson/target/dependency/spring-security-web-4.2.3.RELEASE.jar:/var/benchmarks/projects/fastjson/target/dependency/spring-webmvc-4.3.7.RELEASE.jar:/var/benchmarks/projects/fastjson/target/dependency/hk2-locator-2.5.0-b05.jar:/var/benchmarks/projects/fastjson/target/dependency/retrofit-2.1.0.jar:/var/benchmarks/projects/fastjson/target/dependency/clojure-1.5.1.jar:/var/benchmarks/projects/fastjson/target/dependency/spring-security-oauth2-2.3.3.RELEASE.jar:/var/benchmarks/projects/fastjson/target/dependency/spring-test-4.3.7.RELEASE.jar:/var/benchmarks/projects/fastjson/target/dependency/aopalliance-repackaged-2.5.0-b05.jar:/var/benchmarks/projects/fastjson/target/dependency/spring-oxm-4.3.10.RELEASE.jar:/var/benchmarks/projects/fastjson/target/dependency/spring-security-core-4.2.3.RELEASE.jar:/var/benchmarks/projects/fastjson/target/dependency/jboss-transaction-api_1.2_spec-1.0.1.Final.jar:/var/benchmarks/projects/fastjson/target/dependency/lombok-1.14.4.jar:/var/benchmarks/projects/fastjson/target/dependency/commons-collections-3.2.1.jar:/var/benchmarks/projects/fastjson/target/dependency/cxf-rt-frontend-jaxrs-3.1.2.jar:/var/benchmarks/projects/fastjson/target/dependency/spring-context-4.3.7.RELEASE.jar:/var/benchmarks/projects/fastjson/target/dependency/jersey-test-framework-core-2.23.2.jar:/var/benchmarks/projects/fastjson/target/dependency/classmate-1.3.1.jar:/var/benchmarks/projects/fastjson/target/dependency/hk2-utils-2.5.0-b05.jar:/var/benchmarks/projects/fastjson/target/dependency/jersey-common-2.23.2.jar:/var/benchmarks/projects/fastjson/target/dependency/jackson-databind-2.9.0.jar:/var/benchmarks/projects/fastjson/target/dependency/jersey-media-json-jackson-2.23.2.jar:/var/benchmarks/projects/fastjson/target/dependency/commons-lang-2.5.jar:/var/benchmarks/projects/fastjson/target/dependency/jetty-servlet-8.1.8.v20121106.jar:/var/benchmarks/projects/fastjson/target/dependency/validation-api-1.1.0.Final.jar:/var/benchmarks/projects/fastjson/target/dependency/spring-web-4.3.7.RELEASE.jar:/var/benchmarks/projects/fastjson/target/dependency/jsoniter-0.9.8.jar:/var/benchmarks/projects/fastjson/target/dependency/jboss-logging-3.3.0.Final.jar, outputDir=/home/utbot_mocks/temp/testcases, mocks=Other classes: Mockito
13:24:56.976 | INFO  | Started: warmup: kotlin reflection :: init
13:24:57.059 | INFO  | Finished (in 0.083 sec): warmup: kotlin reflection :: init 
[INIT]
>> [RUN] com.alibaba.fastjson.parser.ParserConfig 30
13:24:57.073 | DEBUG | -----------------------------------------------------------------------------
13:24:57.074 | INFO  | Contest.runGeneration: Time budget: 30000 ms, Generation timeout=25500 ms, classpath=/var/benchmarks/projects/fastjson/target/classes:/var/benchmarks/projects/fastjson/target/fastjson-1.2.50-SNAPSHOT.jar:/var/benchmarks/projects/./fastjson/target/dependency/deeptestutils-1.1.0.jar:/var/benchmarks/projects/fastjson/target/dependency/commons-beanutils-1.8.0.jar:/var/benchmarks/projects/fastjson/target/dependency/woodstox-core-asl-4.4.1.jar:/var/benchmarks/projects/fastjson/target/dependency/spring-aop-4.3.7.RELEASE.jar:/var/benchmarks/projects/fastjson/target/dependency/hibernate-core-5.2.10.Final.jar:/var/benchmarks/projects/fastjson/target/dependency/jackson-module-kotlin-2.9.0.jar:/var/benchmarks/projects/fastjson/target/dependency/spring-data-commons-1.13.6.RELEASE.jar:/var/benchmarks/projects/fastjson/target/dependency/javax.annotation-api-1.2.jar:/var/benchmarks/projects/fastjson/target/dependency/gson-2.6.2.jar:/var/benchmarks/projects/fastjson/target/dependency/jetty-continuation-8.1.8.v20121106.jar:/var/benchmarks/projects/fastjson/target/dependency/objenesis-2.5.1.jar:/var/benchmarks/projects/fastjson/target/dependency/powermock-reflect-1.6.6.jar:/var/benchmarks/projects/fastjson/target/dependency/springfox-spring-web-2.6.1.jar:/var/benchmarks/projects/fastjson/target/dependency/javaslang-2.0.6.jar:/var/benchmarks/projects/fastjson/target/dependency/guava-18.0.jar:/var/benchmarks/projects/fastjson/target/dependency/mockito-core-1.10.19.jar:/var/benchmarks/projects/fastjson/target/dependency/json-lib-2.4-jdk15.jar:/var/benchmarks/projects/fastjson/target/dependency/jetty-xml-8.1.8.v20121106.jar:/var/benchmarks/projects/fastjson/target/dependency/xmlschema-core-2.2.1.jar:/var/benchmarks/projects/fastjson/target/dependency/powermock-api-support-1.6.6.jar:/var/benchmarks/projects/fastjson/target/dependency/commons-collections4-4.1.jar:/var/benchmarks/projects/fastjson/target/dependency/cglib-nodep-2.2.2.jar:/var/benchmarks/projects/fastjson/target/dependency/asm-debug-all-5.0.4.jar:/var/benchmarks/projects/fastjson/target/dependency/spring-plugin-core-1.2.0.RELEASE.jar:/var/benchmarks/projects/fastjson/target/dependency/cxf-rt-rs-client-3.1.2.jar:/var/benchmarks/projects/fastjson/target/dependency/jetty-io-8.1.8.v20121106.jar:/var/benchmarks/projects/fastjson/target/dependency/commons-lang3-3.4.jar:/var/benchmarks/projects/fastjson/target/dependency/stax2-api-3.1.4.jar:/var/benchmarks/projects/fastjson/target/dependency/jackson-annotations-2.9.0.jar:/var/benchmarks/projects/fastjson/target/dependency/jetty-server-8.1.8.v20121106.jar:/var/benchmarks/projects/fastjson/target/dependency/json-simple-1.1.1.jar:/var/benchmarks/projects/fastjson/target/dependency/asm-tree-4.0.jar:/var/benchmarks/projects/fastjson/target/dependency/spring-data-commons-core-1.4.1.RELEASE.jar:/var/benchmarks/projects/fastjson/target/dependency/powermock-module-junit4-common-1.6.6.jar:/var/benchmarks/projects/fastjson/target/dependency/jcl-over-slf4j-1.7.25.jar:/var/benchmarks/projects/fastjson/target/dependency/javax.servlet-3.0.0.v201112011016.jar:/var/benchmarks/projects/fastjson/target/dependency/springfox-core-2.6.1.jar:/var/benchmarks/projects/fastjson/target/dependency/osgi-resource-locator-1.0.1.jar:/var/benchmarks/projects/fastjson/target/dependency/javassist-3.18.0-GA.jar:/var/benchmarks/projects/fastjson/target/dependency/kotlin-reflect-1.1.3-2.jar:/var/benchmarks/projects/fastjson/target/dependency/spring-context-support-4.3.10.RELEASE.jar:/var/benchmarks/projects/fastjson/target/dependency/spring-plugin-metadata-1.2.0.RELEASE.jar:/var/benchmarks/projects/fastjson/target/dependency/kotlin-stdlib-1.1.3-2.jar:/var/benchmarks/projects/fastjson/target/dependency/spring-data-keyvalue-1.2.6.RELEASE.jar:/var/benchmarks/projects/fastjson/target/dependency/jersey-container-servlet-core-2.23.2.jar:/var/benchmarks/projects/fastjson/target/dependency/asm-4.0.jar:/var/benchmarks/projects/fastjson/target/dependency/asm-commons-4.0.jar:/var/benchmarks/projects/fastjson/target/dependency/jersey-guava-2.23.2.jar:/var/benchmarks/projects/fastjson/target/dependency/aopalliance-1.0.jar:/var/benchmarks/projects/fastjson/target/dependency/groovy-2.1.5.jar:/var/benchmarks/projects/fastjson/target/dependency/hk2-api-2.5.0-b05.jar:/var/benchmarks/projects/fastjson/target/dependency/jetty-security-8.1.8.v20121106.jar:/var/benchmarks/projects/fastjson/target/dependency/jmh-core-1.21.jar:/var/benchmarks/projects/fastjson/target/dependency/jersey-container-servlet-2.23.2.jar:/var/benchmarks/projects/fastjson/target/dependency/dom4j-1.6.1.jar:/var/benchmarks/projects/fastjson/target/dependency/spring-core-4.3.7.RELEASE.jar:/var/benchmarks/projects/fastjson/target/dependency/spring-data-redis-1.8.6.RELEASE.jar:/var/benchmarks/projects/fastjson/target/dependency/jackson-core-asl-1.9.13.jar:/var/benchmarks/projects/fastjson/target/dependency/jackson-mapper-asl-1.9.13.jar:/var/benchmarks/projects/fastjson/target/dependency/hibernate-jpa-2.1-api-1.0.0.Final.jar:/var/benchmarks/projects/fastjson/target/dependency/junit-4.12.jar:/var/benchmarks/projects/fastjson/target/dependency/commons-io-1.4.jar:/var/benchmarks/projects/fastjson/target/dependency/jetty-util-8.1.8.v20121106.jar:/var/benchmarks/projects/fastjson/target/dependency/hamcrest-core-1.3.jar:/var/benchmarks/projects/fastjson/target/dependency/jmh-generator-annprocess-1.21.jar:/var/benchmarks/projects/fastjson/target/dependency/jackson-jaxrs-base-2.8.7.jar:/var/benchmarks/projects/fastjson/target/dependency/powermock-module-junit4-1.6.6.jar:/var/benchmarks/projects/fastjson/target/dependency/powermock-core-1.6.6.jar:/var/benchmarks/projects/fastjson/target/dependency/slf4j-api-1.7.25.jar:/var/benchmarks/projects/fastjson/target/dependency/antlr-2.7.7.jar:/var/benchmarks/projects/fastjson/target/dependency/mockito-all-1.10.19.jar:/var/benchmarks/projects/fastjson/target/dependency/jersey-container-jdk-http-2.23.2.jar:/var/benchmarks/projects/fastjson/target/dependency/javaslang-match-2.0.6.jar:/var/benchmarks/projects/fastjson/target/dependency/jersey-test-framework-provider-jdk-http-2.23.2.jar:/var/benchmarks/projects/fastjson/target/dependency/jersey-entity-filtering-2.23.2.jar:/var/benchmarks/projects/fastjson/target/dependency/jandex-2.0.3.Final.jar:/var/benchmarks/projects/fastjson/target/dependency/ezmorph-1.0.6.jar:/var/benchmarks/projects/fastjson/target/dependency/jackson-jaxrs-json-provider-2.8.7.jar:/var/benchmarks/projects/fastjson/target/dependency/cxf-rt-transports-http-3.1.2.jar:/var/benchmarks/projects/fastjson/target/dependency/spring-beans-4.3.7.RELEASE.jar:/var/benchmarks/projects/fastjson/target/dependency/jersey-server-2.23.2.jar:/var/benchmarks/projects/fastjson/target/dependency/powermock-api-mockito-1.6.6.jar:/var/benchmarks/projects/fastjson/target/dependency/jackson-module-jaxb-annotations-2.8.7.jar:/var/benchmarks/projects/fastjson/target/dependency/jopt-simple-4.6.jar:/var/benchmarks/projects/fastjson/target/dependency/asm-analysis-4.0.jar:/var/benchmarks/projects/fastjson/target/dependency/annotations-13.0.jar:/var/benchmarks/projects/fastjson/target/dependency/json-path-2.3.0.jar:/var/benchmarks/projects/fastjson/target/dependency/springfox-spi-2.6.1.jar:/var/benchmarks/projects/fastjson/target/dependency/spring-websocket-4.3.7.RELEASE.jar:/var/benchmarks/projects/fastjson/target/dependency/spring-messaging-4.3.7.RELEASE.jar:/var/benchmarks/projects/fastjson/target/dependency/jersey-client-2.23.2.jar:/var/benchmarks/projects/fastjson/target/dependency/javax.ws.rs-api-2.0.1.jar:/var/benchmarks/projects/fastjson/target/dependency/accessors-smart-1.1.jar:/var/benchmarks/projects/fastjson/target/dependency/hibernate-commons-annotations-5.0.1.Final.jar:/var/benchmarks/projects/fastjson/target/dependency/commons-logging-1.1.1.jar:/var/benchmarks/projects/fastjson/target/dependency/jackson-core-2.9.0.jar:/var/benchmarks/projects/fastjson/target/dependency/spring-expression-4.3.7.RELEASE.jar:/var/benchmarks/projects/fastjson/target/dependency/jersey-media-jaxb-2.23.2.jar:/var/benchmarks/projects/fastjson/target/dependency/okhttp-3.6.0.jar:/var/benchmarks/projects/fastjson/target/dependency/commons-math3-3.2.jar:/var/benchmarks/projects/fastjson/target/dependency/jetty-webapp-8.1.8.v20121106.jar:/var/benchmarks/projects/fastjson/target/dependency/javax.inject-2.5.0-b05.jar:/var/benchmarks/projects/fastjson/target/dependency/cxf-core-3.1.2.jar:/var/benchmarks/projects/fastjson/target/dependency/powermock-api-mockito-common-1.6.6.jar:/var/benchmarks/projects/fastjson/target/dependency/jetty-http-8.1.8.v20121106.jar:/var/benchmarks/projects/fastjson/target/dependency/spring-security-config-3.2.10.RELEASE.jar:/var/benchmarks/projects/fastjson/target/dependency/okio-1.11.0.jar:/var/benchmarks/projects/fastjson/target/dependency/javax.servlet-api-3.1.0.jar:/var/benchmarks/projects/fastjson/target/dependency/json-smart-2.2.1.jar:/var/benchmarks/projects/fastjson/target/dependency/spring-tx-4.3.10.RELEASE.jar:/var/benchmarks/projects/fastjson/target/dependency/jackson-module-afterburner-2.9.0.jar:/var/benchmarks/projects/fastjson/target/dependency/asm-util-4.0.jar:/var/benchmarks/projects/fastjson/target/dependency/spring-security-web-4.2.3.RELEASE.jar:/var/benchmarks/projects/fastjson/target/dependency/spring-webmvc-4.3.7.RELEASE.jar:/var/benchmarks/projects/fastjson/target/dependency/hk2-locator-2.5.0-b05.jar:/var/benchmarks/projects/fastjson/target/dependency/retrofit-2.1.0.jar:/var/benchmarks/projects/fastjson/target/dependency/clojure-1.5.1.jar:/var/benchmarks/projects/fastjson/target/dependency/spring-security-oauth2-2.3.3.RELEASE.jar:/var/benchmarks/projects/fastjson/target/dependency/spring-test-4.3.7.RELEASE.jar:/var/benchmarks/projects/fastjson/target/dependency/aopalliance-repackaged-2.5.0-b05.jar:/var/benchmarks/projects/fastjson/target/dependency/spring-oxm-4.3.10.RELEASE.jar:/var/benchmarks/projects/fastjson/target/dependency/spring-security-core-4.2.3.RELEASE.jar:/var/benchmarks/projects/fastjson/target/dependency/jboss-transaction-api_1.2_spec-1.0.1.Final.jar:/var/benchmarks/projects/fastjson/target/dependency/lombok-1.14.4.jar:/var/benchmarks/projects/fastjson/target/dependency/commons-collections-3.2.1.jar:/var/benchmarks/projects/fastjson/target/dependency/cxf-rt-frontend-jaxrs-3.1.2.jar:/var/benchmarks/projects/fastjson/target/dependency/spring-context-4.3.7.RELEASE.jar:/var/benchmarks/projects/fastjson/target/dependency/jersey-test-framework-core-2.23.2.jar:/var/benchmarks/projects/fastjson/target/dependency/classmate-1.3.1.jar:/var/benchmarks/projects/fastjson/target/dependency/hk2-utils-2.5.0-b05.jar:/var/benchmarks/projects/fastjson/target/dependency/jersey-common-2.23.2.jar:/var/benchmarks/projects/fastjson/target/dependency/jackson-databind-2.9.0.jar:/var/benchmarks/projects/fastjson/target/dependency/jersey-media-json-jackson-2.23.2.jar:/var/benchmarks/projects/fastjson/target/dependency/commons-lang-2.5.jar:/var/benchmarks/projects/fastjson/target/dependency/jetty-servlet-8.1.8.v20121106.jar:/var/benchmarks/projects/fastjson/target/dependency/validation-api-1.1.0.Final.jar:/var/benchmarks/projects/fastjson/target/dependency/spring-web-4.3.7.RELEASE.jar:/var/benchmarks/projects/fastjson/target/dependency/jsoniter-0.9.8.jar:/var/benchmarks/projects/fastjson/target/dependency/jboss-logging-3.3.0.Final.jar, methodNameFilter=null
13:24:57.081 | INFO  | ClassUnderTest[ FQN: com.alibaba.fastjson.parser.ParserConfig
    classfileDir: /var/benchmarks/projects/fastjson/target/classes
    testClassSimpleName: ParserConfigTest
    generatedTestFile: /home/utbot_mocks/temp/testcases/com/alibaba/fastjson/parser/ParserConfigTest.java
    generatedTestsSourcesDir: /home/utbot_mocks/temp/testcases
]
13:24:57.110 | INFO  | Started: class com.alibaba.fastjson.parser.ParserConfig
13:24:57.111 | INFO  | Started: preparation class class com.alibaba.fastjson.parser.ParserConfig: kotlin reflection :: run
13:24:57.169 | INFO  | Finished (in 0.057 sec): preparation class class com.alibaba.fastjson.parser.ParserConfig: kotlin reflection :: run 
13:24:57.169 | INFO  | Started: 2nd optional soot initialization
13:24:57.170 | INFO  | Finished (in 0.001 sec): 2nd optional soot initialization 
13:24:57.178 | DEBUG |  ... 
13:24:57.188 | INFO  | Started: method com.alibaba.fastjson.parser.ParserConfig.isPrimitive(Class)
13:24:57.189 | INFO  |  -- Remaining time budget: 25400 ms, #remaining_methods: 35, budget for method: 725 ms, solver timeout: 362 ms, budget for symbolic execution: 363 ms, budget for concrete execution: 362 ms,  -- 
13:24:57.547 | INFO  | |> Starting concrete execution for remaining state: com.alibaba.fastjson.parser.ParserConfig.isPrimitive(Class)
13:24:57.910 | INFO  | (X) Cancelling concrete execution: com.alibaba.fastjson.parser.ParserConfig.isPrimitive(Class)
13:24:57.912 | DEBUG |  ... 
13:24:57.914 | INFO  | Started: method com.alibaba.fastjson.parser.ParserConfig.createFieldDeserializer(ParserConfig, JavaBeanInfo, FieldInfo)
13:24:57.916 | INFO  |  -- Remaining time budget: 24665 ms, #remaining_methods: 34, budget for method: 725 ms, solver timeout: 362 ms, budget for symbolic execution: 363 ms, budget for concrete execution: 362 ms,  -- 
13:24:57.962 | INFO  | Finished (in 0.773 sec): method com.alibaba.fastjson.parser.ParserConfig.isPrimitive(Class) 
<StatsForMethod> : SUSPICIOUS
	#generatedTC=0
	WITH NO EXCEPTIONS
13:24:58.277 | INFO  | |> Starting concrete execution for remaining state: com.alibaba.fastjson.parser.ParserConfig.createFieldDeserializer(ParserConfig, JavaBeanInfo, FieldInfo)
13:24:58.640 | INFO  | (X) Cancelling concrete execution: com.alibaba.fastjson.parser.ParserConfig.createFieldDeserializer(ParserConfig, JavaBeanInfo, FieldInfo)
13:24:58.642 | INFO  | Finished (in 0.726 sec): method com.alibaba.fastjson.parser.ParserConfig.createFieldDeserializer(ParserConfig, JavaBeanInfo, FieldInfo) 
<StatsForMethod> : SUSPICIOUS
	#generatedTC=0
	WITH NO EXCEPTIONS
13:24:58.643 | DEBUG |  ... 
13:24:58.644 | INFO  | Started: method com.alibaba.fastjson.parser.ParserConfig.putDeserializer(Type, ObjectDeserializer)
13:24:58.645 | INFO  |  -- Remaining time budget: 23936 ms, #remaining_methods: 33, budget for method: 725 ms, solver timeout: 362 ms, budget for symbolic execution: 363 ms, budget for concrete execution: 362 ms,  -- 
13:24:59.007 | INFO  | |> Starting concrete execution for remaining state: com.alibaba.fastjson.parser.ParserConfig.putDeserializer(Type, ObjectDeserializer)
13:24:59.370 | INFO  | (X) Cancelling concrete execution: com.alibaba.fastjson.parser.ParserConfig.putDeserializer(Type, ObjectDeserializer)
13:24:59.371 | INFO  | Finished (in 0.726 sec): method com.alibaba.fastjson.parser.ParserConfig.putDeserializer(Type, ObjectDeserializer) 
<StatsForMethod> : SUSPICIOUS
	#generatedTC=0
	WITH NO EXCEPTIONS
13:24:59.372 | DEBUG |  ... 
13:24:59.373 | INFO  | Started: method com.alibaba.fastjson.parser.ParserConfig.getDefaultClassLoader()
13:24:59.373 | INFO  |  -- Remaining time budget: 23207 ms, #remaining_methods: 32, budget for method: 725 ms, solver timeout: 362 ms, budget for symbolic execution: 363 ms, budget for concrete execution: 362 ms,  -- 
13:25:00.146 | INFO  | |> Starting concrete execution for remaining state: com.alibaba.fastjson.parser.ParserConfig.getDefaultClassLoader()
13:25:00.508 | INFO  | (X) Cancelling concrete execution: com.alibaba.fastjson.parser.ParserConfig.getDefaultClassLoader()
13:25:00.510 | INFO  | Finished (in 1.137 sec): method com.alibaba.fastjson.parser.ParserConfig.getDefaultClassLoader() 
<StatsForMethod> : SUSPICIOUS
	#generatedTC=0
	WITH NO EXCEPTIONS
13:25:00.511 | DEBUG |  ... 
13:25:00.511 | INFO  | Started: method com.alibaba.fastjson.parser.ParserConfig.setDefaultClassLoader(ClassLoader)
13:25:00.512 | INFO  |  -- Remaining time budget: 22068 ms, #remaining_methods: 31, budget for method: 711 ms, solver timeout: 355 ms, budget for symbolic execution: 356 ms, budget for concrete execution: 355 ms,  -- 
13:25:00.867 | INFO  | |> Starting concrete execution for remaining state: com.alibaba.fastjson.parser.ParserConfig.setDefaultClassLoader(ClassLoader)
13:25:01.223 | INFO  | (X) Cancelling concrete execution: com.alibaba.fastjson.parser.ParserConfig.setDefaultClassLoader(ClassLoader)
13:25:01.224 | INFO  | Finished (in 0.713 sec): method com.alibaba.fastjson.parser.ParserConfig.setDefaultClassLoader(ClassLoader) 
<StatsForMethod> : SUSPICIOUS
	#generatedTC=0
	WITH NO EXCEPTIONS
13:25:01.225 | DEBUG |  ... 
13:25:01.225 | INFO  | Started: method com.alibaba.fastjson.parser.ParserConfig.addDeny(String)
13:25:01.225 | INFO  |  -- Remaining time budget: 21354 ms, #remaining_methods: 30, budget for method: 711 ms, solver timeout: 355 ms, budget for symbolic execution: 356 ms, budget for concrete execution: 355 ms,  -- 
13:25:01.582 | INFO  | |> Starting concrete execution for remaining state: com.alibaba.fastjson.parser.ParserConfig.addDeny(String)
13:25:01.937 | INFO  | (X) Cancelling concrete execution: com.alibaba.fastjson.parser.ParserConfig.addDeny(String)
13:25:01.939 | INFO  | Finished (in 0.713 sec): method com.alibaba.fastjson.parser.ParserConfig.addDeny(String) 
<StatsForMethod> : SUSPICIOUS
	#generatedTC=0
	WITH NO EXCEPTIONS
13:25:01.939 | DEBUG |  ... 
13:25:01.940 | INFO  | Started: method com.alibaba.fastjson.parser.ParserConfig.addAccept(String)
13:25:01.940 | INFO  |  -- Remaining time budget: 20640 ms, #remaining_methods: 29, budget for method: 711 ms, solver timeout: 355 ms, budget for symbolic execution: 356 ms, budget for concrete execution: 355 ms,  -- 
13:25:02.296 | INFO  | |> Starting concrete execution for remaining state: com.alibaba.fastjson.parser.ParserConfig.addAccept(String)
13:25:02.652 | INFO  | (X) Cancelling concrete execution: com.alibaba.fastjson.parser.ParserConfig.addAccept(String)
13:25:02.653 | INFO  | Finished (in 0.713 sec): method com.alibaba.fastjson.parser.ParserConfig.addAccept(String) 
<StatsForMethod> : SUSPICIOUS
	#generatedTC=0
	WITH NO EXCEPTIONS
13:25:02.654 | DEBUG |  ... 
13:25:02.654 | INFO  | Started: method com.alibaba.fastjson.parser.ParserConfig.checkAutoType(String, Class)
13:25:02.655 | INFO  |  -- Remaining time budget: 19925 ms, #remaining_methods: 28, budget for method: 711 ms, solver timeout: 355 ms, budget for symbolic execution: 356 ms, budget for concrete execution: 355 ms,  -- 
13:25:03.011 | INFO  | |> Starting concrete execution for remaining state: com.alibaba.fastjson.parser.ParserConfig.checkAutoType(String, Class)
13:25:03.366 | INFO  | (X) Cancelling concrete execution: com.alibaba.fastjson.parser.ParserConfig.checkAutoType(String, Class)
13:25:03.367 | INFO  | Finished (in 0.713 sec): method com.alibaba.fastjson.parser.ParserConfig.checkAutoType(String, Class) 
<StatsForMethod> : SUSPICIOUS
	#generatedTC=0
	WITH NO EXCEPTIONS
13:25:03.368 | DEBUG |  ... 
13:25:03.368 | INFO  | Started: method com.alibaba.fastjson.parser.ParserConfig.checkAutoType(String, Class, int)
13:25:03.368 | INFO  |  -- Remaining time budget: 19211 ms, #remaining_methods: 27, budget for method: 711 ms, solver timeout: 355 ms, budget for symbolic execution: 356 ms, budget for concrete execution: 355 ms,  -- 
13:25:03.688 | ERROR | Symbolic execution FAILED
com.huawei.utbot.instrumentation.util.ChildProcessError: Error in the child process |> java.lang.IllegalAccessException: java.lang.Class
	at sun.misc.Unsafe.allocateInstance(Native Method)
	at com.huawei.utbot.framework.util.EngineUtilsKt.getAnyInstance(EngineUtils.kt:61)
	at com.huawei.utbot.framework.concrete.MockValueConstructor.constructObject(MockValueConstructor.kt:158)
	at com.huawei.utbot.framework.concrete.MockValueConstructor.construct(MockValueConstructor.kt:124)
	at com.huawei.utbot.framework.concrete.MockValueConstructor.constructMethodParameters(MockValueConstructor.kt:101)
	at com.huawei.utbot.framework.concrete.UtExecutionInstrumentation.invoke(UtExecutionInstrumentation.kt:126)
	at com.huawei.utbot.framework.concrete.UtExecutionInstrumentation.invoke(UtExecutionInstrumentation.kt:96)
	at com.huawei.utbot.instrumentation.process.ChildProcessKt.loop(ChildProcess.kt:114)
	at com.huawei.utbot.instrumentation.process.ChildProcessKt.main(ChildProcess.kt:76)
	at com.huawei.utbot.instrumentation.process.ChildProcessKt.main(ChildProcess.kt)

	at com.huawei.utbot.instrumentation.ConcreteExecutor.executeAsync(ConcreteExecutor.kt:391) ~[utbot-junit-contest-1.0.jar:?]
	at com.huawei.utbot.instrumentation.ConcreteExecutor$executeAsync$1.invokeSuspend(ConcreteExecutor.kt) ~[utbot-junit-contest-1.0.jar:?]
	at kotlin.coroutines.jvm.internal.BaseContinuationImpl.resumeWith(ContinuationImpl.kt:33) [utbot-junit-contest-1.0.jar:?]
	at kotlinx.coroutines.DispatchedTask.run(DispatchedTask.kt:106) [utbot-junit-contest-1.0.jar:?]
	at java.util.concurrent.Executors$RunnableAdapter.call(Executors.java:511) [?:1.8.0_312]
	at java.util.concurrent.FutureTask.run(FutureTask.java:266) [?:1.8.0_312]
	at java.util.concurrent.ScheduledThreadPoolExecutor$ScheduledFutureTask.access$201(ScheduledThreadPoolExecutor.java:180) [?:1.8.0_312]
	at java.util.concurrent.ScheduledThreadPoolExecutor$ScheduledFutureTask.run(ScheduledThreadPoolExecutor.java:293) [?:1.8.0_312]
	at java.util.concurrent.ThreadPoolExecutor.runWorker(ThreadPoolExecutor.java:1149) [?:1.8.0_312]
	at java.util.concurrent.ThreadPoolExecutor$Worker.run(ThreadPoolExecutor.java:624) [?:1.8.0_312]
	at java.lang.Thread.run(Thread.java:748) [?:1.8.0_312]
13:25:03.725 | INFO  | |> Starting concrete execution for remaining state: com.alibaba.fastjson.parser.ParserConfig.checkAutoType(String, Class, int)
13:25:04.080 | INFO  | (X) Cancelling concrete execution: com.alibaba.fastjson.parser.ParserConfig.checkAutoType(String, Class, int)
13:25:04.141 | INFO  | Finished (in 0.772 sec): method com.alibaba.fastjson.parser.ParserConfig.checkAutoType(String, Class, int) 
<StatsForMethod> :
	#generatedTC=0
	FAILED 1 time(s) with 1 different exception(s)"
13:25:04.143 | DEBUG |  ... 
13:25:04.143 | INFO  | Started: method com.alibaba.fastjson.parser.ParserConfig.clearDeserializers()
13:25:04.143 | INFO  |  -- Remaining time budget: 18436 ms, #remaining_methods: 26, budget for method: 709 ms, solver timeout: 354 ms, budget for symbolic execution: 355 ms, budget for concrete execution: 354 ms,  -- 
13:25:04.459 | DEBUG | --new testCase collected, to generate: testCom.alibaba.fastjson.parser.ParserConfig.clearDeserializers()1
13:25:04.498 | INFO  | |> Starting concrete execution for remaining state: com.alibaba.fastjson.parser.ParserConfig.clearDeserializers()
13:25:04.578 | INFO  | Finished (in 0.435 sec): method com.alibaba.fastjson.parser.ParserConfig.clearDeserializers() 
<StatsForMethod> :
	#generatedTC=1
	WITH NO EXCEPTIONS
13:25:04.582 | DEBUG |  ... 
13:25:04.583 | INFO  | Started: method com.alibaba.fastjson.parser.ParserConfig.addItemsToDeny(String[])
13:25:04.583 | INFO  |  -- Remaining time budget: 17997 ms, #remaining_methods: 25, budget for method: 719 ms, solver timeout: 359 ms, budget for symbolic execution: 360 ms, budget for concrete execution: 359 ms,  -- 
13:25:04.919 | DEBUG | --new testCase collected, to generate: testCom.alibaba.fastjson.parser.ParserConfig.addItemsToDeny(String[])1
13:25:04.943 | INFO  | |> Starting concrete execution for remaining state: com.alibaba.fastjson.parser.ParserConfig.addItemsToDeny(String[])
13:25:04.973 | DEBUG | --new testCase collected, to generate: testCom.alibaba.fastjson.parser.ParserConfig.addItemsToDeny(String[])2
13:25:05.010 | DEBUG | --new testCase collected, to generate: testCom.alibaba.fastjson.parser.ParserConfig.addItemsToDeny(String[])3
13:25:05.255 | DEBUG | --new testCase collected, to generate: testCom.alibaba.fastjson.parser.ParserConfig.addItemsToDeny(String[])4
13:25:05.303 | INFO  | (X) Cancelling concrete execution: com.alibaba.fastjson.parser.ParserConfig.addItemsToDeny(String[])
13:25:05.338 | INFO  | Finished (in 0.755 sec): method com.alibaba.fastjson.parser.ParserConfig.addItemsToDeny(String[]) 
<StatsForMethod> :
	#generatedTC=4
	WITH NO EXCEPTIONS
13:25:05.353 | DEBUG |  ... 
13:25:05.353 | INFO  | Started: method com.alibaba.fastjson.parser.ParserConfig.addItemsToAccept(String[])
13:25:05.354 | INFO  |  -- Remaining time budget: 17226 ms, #remaining_methods: 24, budget for method: 717 ms, solver timeout: 358 ms, budget for symbolic execution: 359 ms, budget for concrete execution: 358 ms,  -- 
13:25:05.713 | INFO  | |> Starting concrete execution for remaining state: com.alibaba.fastjson.parser.ParserConfig.addItemsToAccept(String[])
13:25:05.716 | DEBUG | --new testCase collected, to generate: testCom.alibaba.fastjson.parser.ParserConfig.addItemsToAccept(String[])1
13:25:05.765 | DEBUG | --new testCase collected, to generate: testCom.alibaba.fastjson.parser.ParserConfig.addItemsToAccept(String[])2
13:25:05.776 | DEBUG | --new testCase collected, to generate: testCom.alibaba.fastjson.parser.ParserConfig.addItemsToAccept(String[])3
13:25:05.946 | DEBUG | --new testCase collected, to generate: testCom.alibaba.fastjson.parser.ParserConfig.addItemsToAccept(String[])4
13:25:06.071 | INFO  | (X) Cancelling concrete execution: com.alibaba.fastjson.parser.ParserConfig.addItemsToAccept(String[])
13:25:06.078 | INFO  | Finished (in 0.724 sec): method com.alibaba.fastjson.parser.ParserConfig.addItemsToAccept(String[]) 
<StatsForMethod> :
	#generatedTC=4
	WITH NO EXCEPTIONS
13:25:06.096 | DEBUG |  ... 
13:25:06.097 | INFO  | Started: method com.alibaba.fastjson.parser.ParserConfig.isAutoTypeSupport()
13:25:06.097 | INFO  |  -- Remaining time budget: 16482 ms, #remaining_methods: 23, budget for method: 716 ms, solver timeout: 358 ms, budget for symbolic execution: 358 ms, budget for concrete execution: 358 ms,  -- 
13:25:06.393 | DEBUG | --new testCase collected, to generate: testCom.alibaba.fastjson.parser.ParserConfig.isAutoTypeSupport()1
13:25:06.425 | DEBUG | --new testCase collected, to generate: testCom.alibaba.fastjson.parser.ParserConfig.isAutoTypeSupport()2
13:25:06.425 | INFO  | Finished (in 0.328 sec): method com.alibaba.fastjson.parser.ParserConfig.isAutoTypeSupport() 
<StatsForMethod> :
	#generatedTC=2
	WITH NO EXCEPTIONS
13:25:06.426 | DEBUG |  ... 
13:25:06.426 | INFO  | Started: method com.alibaba.fastjson.parser.ParserConfig.setAutoTypeSupport(boolean)
13:25:06.426 | INFO  |  -- Remaining time budget: 16153 ms, #remaining_methods: 22, budget for method: 734 ms, solver timeout: 367 ms, budget for symbolic execution: 367 ms, budget for concrete execution: 367 ms,  -- 
13:25:06.695 | DEBUG | --new testCase collected, to generate: testCom.alibaba.fastjson.parser.ParserConfig.setAutoTypeSupport(boolean)1
13:25:06.728 | DEBUG | --new testCase collected, to generate: testCom.alibaba.fastjson.parser.ParserConfig.setAutoTypeSupport(boolean)2
13:25:06.728 | INFO  | Finished (in 0.302 sec): method com.alibaba.fastjson.parser.ParserConfig.setAutoTypeSupport(boolean) 
<StatsForMethod> :
	#generatedTC=2
	WITH NO EXCEPTIONS
13:25:06.729 | DEBUG |  ... 
13:25:06.729 | INFO  | Started: method com.alibaba.fastjson.parser.ParserConfig.isAsmEnable()
13:25:06.730 | INFO  |  -- Remaining time budget: 15850 ms, #remaining_methods: 21, budget for method: 754 ms, solver timeout: 377 ms, budget for symbolic execution: 377 ms, budget for concrete execution: 377 ms,  -- 
13:25:07.031 | DEBUG | --new testCase collected, to generate: testCom.alibaba.fastjson.parser.ParserConfig.isAsmEnable()1
13:25:07.057 | DEBUG | --new testCase collected, to generate: testCom.alibaba.fastjson.parser.ParserConfig.isAsmEnable()2
13:25:07.058 | INFO  | Finished (in 0.328 sec): method com.alibaba.fastjson.parser.ParserConfig.isAsmEnable() 
<StatsForMethod> :
	#generatedTC=2
	WITH NO EXCEPTIONS
13:25:07.058 | DEBUG |  ... 
13:25:07.059 | INFO  | Started: method com.alibaba.fastjson.parser.ParserConfig.setAsmEnable(boolean)
13:25:07.059 | INFO  |  -- Remaining time budget: 15521 ms, #remaining_methods: 20, budget for method: 776 ms, solver timeout: 388 ms, budget for symbolic execution: 388 ms, budget for concrete execution: 388 ms,  -- 
13:25:07.373 | DEBUG | --new testCase collected, to generate: testCom.alibaba.fastjson.parser.ParserConfig.setAsmEnable(boolean)1
13:25:07.401 | DEBUG | --new testCase collected, to generate: testCom.alibaba.fastjson.parser.ParserConfig.setAsmEnable(boolean)2
13:25:07.401 | INFO  | Finished (in 0.342 sec): method com.alibaba.fastjson.parser.ParserConfig.setAsmEnable(boolean) 
<StatsForMethod> :
	#generatedTC=2
	WITH NO EXCEPTIONS
13:25:07.402 | DEBUG |  ... 
13:25:07.402 | INFO  | Started: method com.alibaba.fastjson.parser.ParserConfig.getDerializers()
13:25:07.403 | INFO  |  -- Remaining time budget: 15177 ms, #remaining_methods: 19, budget for method: 798 ms, solver timeout: 399 ms, budget for symbolic execution: 399 ms, budget for concrete execution: 399 ms,  -- 
13:25:07.697 | DEBUG | --new testCase collected, to generate: testCom.alibaba.fastjson.parser.ParserConfig.getDerializers()1
13:25:07.727 | DEBUG | --new testCase collected, to generate: testCom.alibaba.fastjson.parser.ParserConfig.getDerializers()2
13:25:07.727 | INFO  | Finished (in 0.324 sec): method com.alibaba.fastjson.parser.ParserConfig.getDerializers() 
<StatsForMethod> :
	#generatedTC=2
	WITH NO EXCEPTIONS
13:25:07.728 | DEBUG |  ... 
13:25:07.728 | INFO  | Started: method com.alibaba.fastjson.parser.ParserConfig.getDeserializers()
13:25:07.728 | INFO  |  -- Remaining time budget: 14851 ms, #remaining_methods: 18, budget for method: 825 ms, solver timeout: 412 ms, budget for symbolic execution: 413 ms, budget for concrete execution: 412 ms,  -- 
13:25:07.979 | DEBUG | --new testCase collected, to generate: testCom.alibaba.fastjson.parser.ParserConfig.getDeserializers()1
13:25:08.007 | DEBUG | --new testCase collected, to generate: testCom.alibaba.fastjson.parser.ParserConfig.getDeserializers()2
13:25:08.008 | INFO  | Finished (in 0.279 sec): method com.alibaba.fastjson.parser.ParserConfig.getDeserializers() 
<StatsForMethod> :
	#generatedTC=2
	WITH NO EXCEPTIONS
13:25:08.008 | DEBUG |  ... 
13:25:08.009 | INFO  | Started: method com.alibaba.fastjson.parser.ParserConfig.getDeserializer(Type)
13:25:08.009 | INFO  |  -- Remaining time budget: 14571 ms, #remaining_methods: 17, budget for method: 857 ms, solver timeout: 428 ms, budget for symbolic execution: 429 ms, budget for concrete execution: 428 ms,  -- 
13:25:08.293 | DEBUG | --new testCase collected, to generate: testCom.alibaba.fastjson.parser.ParserConfig.getDeserializer(Type)1
13:25:08.438 | INFO  | |> Starting concrete execution for remaining state: com.alibaba.fastjson.parser.ParserConfig.getDeserializer(Type)
13:25:08.630 | DEBUG | --new testCase collected, to generate: testCom.alibaba.fastjson.parser.ParserConfig.getDeserializer(Type)2
13:25:08.867 | INFO  | (X) Cancelling concrete execution: com.alibaba.fastjson.parser.ParserConfig.getDeserializer(Type)
13:25:08.965 | INFO  | Finished (in 0.956 sec): method com.alibaba.fastjson.parser.ParserConfig.getDeserializer(Type) 
<StatsForMethod> :
	#generatedTC=2
	WITH NO EXCEPTIONS
13:25:08.967 | DEBUG |  ... 
13:25:08.967 | INFO  | Started: method com.alibaba.fastjson.parser.ParserConfig.getDeserializer(Class, Type)
13:25:08.968 | INFO  |  -- Remaining time budget: 13612 ms, #remaining_methods: 16, budget for method: 850 ms, solver timeout: 425 ms, budget for symbolic execution: 425 ms, budget for concrete execution: 425 ms,  -- 
13:25:08.973 | ERROR | Symbolic execution FAILED
com.huawei.utbot.instrumentation.util.ChildProcessError: Error in the child process |> java.lang.IllegalAccessException: java.lang.Class
	at sun.misc.Unsafe.allocateInstance(Native Method)
	at com.huawei.utbot.framework.util.EngineUtilsKt.getAnyInstance(EngineUtils.kt:61)
	at com.huawei.utbot.framework.concrete.MockValueConstructor.constructObject(MockValueConstructor.kt:158)
	at com.huawei.utbot.framework.concrete.MockValueConstructor.construct(MockValueConstructor.kt:124)
	at com.huawei.utbot.framework.concrete.MockValueConstructor.constructMethodParameters(MockValueConstructor.kt:101)
	at com.huawei.utbot.framework.concrete.UtExecutionInstrumentation.invoke(UtExecutionInstrumentation.kt:126)
	at com.huawei.utbot.framework.concrete.UtExecutionInstrumentation.invoke(UtExecutionInstrumentation.kt:96)
	at com.huawei.utbot.instrumentation.process.ChildProcessKt.loop(ChildProcess.kt:114)
	at com.huawei.utbot.instrumentation.process.ChildProcessKt.main(ChildProcess.kt:76)
	at com.huawei.utbot.instrumentation.process.ChildProcessKt.main(ChildProcess.kt)

	at com.huawei.utbot.instrumentation.ConcreteExecutor.executeAsync(ConcreteExecutor.kt:391) ~[utbot-junit-contest-1.0.jar:?]
	at com.huawei.utbot.engine.UtBotSymbolicEngineKt.executeConcretely(UtBotSymbolicEngine.kt:3203) ~[utbot-junit-contest-1.0.jar:?]
	at com.huawei.utbot.engine.UtBotSymbolicEngine$fuzzing$1.invokeSuspend(UtBotSymbolicEngine.kt:515) [utbot-junit-contest-1.0.jar:?]
	at com.huawei.utbot.engine.UtBotSymbolicEngine$fuzzing$1.invoke(UtBotSymbolicEngine.kt) [utbot-junit-contest-1.0.jar:?]
	at kotlinx.coroutines.flow.SafeFlow.collectSafely(Builders.kt:61) [utbot-junit-contest-1.0.jar:?]
	at kotlinx.coroutines.flow.AbstractFlow.collect(Flow.kt:212) [utbot-junit-contest-1.0.jar:?]
	at kotlinx.coroutines.flow.FlowKt__MergeKt$flattenConcat$$inlined$unsafeFlow$1$lambda$1.emit(Collect.kt:134) [utbot-junit-contest-1.0.jar:?]
	at kotlinx.coroutines.flow.FlowKt__BuildersKt$flowOf$$inlined$unsafeFlow$1.collect(SafeCollector.common.kt:114) [utbot-junit-contest-1.0.jar:?]
	at kotlinx.coroutines.flow.FlowKt__MergeKt$flattenConcat$$inlined$unsafeFlow$1.collect(SafeCollector.common.kt:114) [utbot-junit-contest-1.0.jar:?]
	at com.huawei.utbot.contest.ContestKt$runGeneration$1$invokeSuspend$$inlined$bracket$lambda$1$1.invokeSuspend(Contest.kt:531) [utbot-junit-contest-1.0.jar:?]
	at kotlin.coroutines.jvm.internal.BaseContinuationImpl.resumeWith(ContinuationImpl.kt:33) [utbot-junit-contest-1.0.jar:?]
	at kotlinx.coroutines.DispatchedTask.run(DispatchedTask.kt:106) [utbot-junit-contest-1.0.jar:?]
	at java.util.concurrent.Executors$RunnableAdapter.call(Executors.java:511) [?:1.8.0_312]
	at java.util.concurrent.FutureTask.run(FutureTask.java:266) [?:1.8.0_312]
	at java.util.concurrent.ScheduledThreadPoolExecutor$ScheduledFutureTask.access$201(ScheduledThreadPoolExecutor.java:180) [?:1.8.0_312]
	at java.util.concurrent.ScheduledThreadPoolExecutor$ScheduledFutureTask.run(ScheduledThreadPoolExecutor.java:293) [?:1.8.0_312]
	at java.util.concurrent.ThreadPoolExecutor.runWorker(ThreadPoolExecutor.java:1149) [?:1.8.0_312]
	at java.util.concurrent.ThreadPoolExecutor$Worker.run(ThreadPoolExecutor.java:624) [?:1.8.0_312]
	at java.lang.Thread.run(Thread.java:748) [?:1.8.0_312]
13:25:09.392 | INFO  | |> Starting concrete execution for remaining state: com.alibaba.fastjson.parser.ParserConfig.getDeserializer(Class, Type)
13:25:09.414 | DEBUG | --new testCase collected, to generate: testCom.alibaba.fastjson.parser.ParserConfig.getDeserializer(Class, Type)1
13:25:09.721 | DEBUG | --new testCase collected, to generate: testCom.alibaba.fastjson.parser.ParserConfig.getDeserializer(Class, Type)2
13:25:09.818 | INFO  | (X) Cancelling concrete execution: com.alibaba.fastjson.parser.ParserConfig.getDeserializer(Class, Type)
13:25:09.871 | INFO  | Finished (in 0.904 sec): method com.alibaba.fastjson.parser.ParserConfig.getDeserializer(Class, Type) 
<StatsForMethod> :
	#generatedTC=2
	FAILED 1 time(s) with 1 different exception(s)"
13:25:09.874 | DEBUG |  ... 
13:25:09.874 | INFO  | Started: method com.alibaba.fastjson.parser.ParserConfig.getDeserializer(FieldInfo)
13:25:09.874 | INFO  |  -- Remaining time budget: 12705 ms, #remaining_methods: 15, budget for method: 847 ms, solver timeout: 423 ms, budget for symbolic execution: 424 ms, budget for concrete execution: 423 ms,  -- 
13:25:10.163 | DEBUG | --new testCase collected, to generate: testCom.alibaba.fastjson.parser.ParserConfig.getDeserializer(FieldInfo)1
13:25:10.189 | DEBUG | --new testCase collected, to generate: testCom.alibaba.fastjson.parser.ParserConfig.getDeserializer(FieldInfo)2
13:25:10.299 | INFO  | |> Starting concrete execution for remaining state: com.alibaba.fastjson.parser.ParserConfig.getDeserializer(FieldInfo)
13:25:10.722 | INFO  | (X) Cancelling concrete execution: com.alibaba.fastjson.parser.ParserConfig.getDeserializer(FieldInfo)
13:25:10.793 | INFO  | Finished (in 0.919 sec): method com.alibaba.fastjson.parser.ParserConfig.getDeserializer(FieldInfo) 
<StatsForMethod> :
	#generatedTC=2
	WITH NO EXCEPTIONS
13:25:10.795 | DEBUG |  ... 
13:25:10.795 | INFO  | Started: method com.alibaba.fastjson.parser.ParserConfig.initJavaBeanDeserializers(Class)
13:25:10.795 | INFO  |  -- Remaining time budget: 11784 ms, #remaining_methods: 14, budget for method: 841 ms, solver timeout: 420 ms, budget for symbolic execution: 421 ms, budget for concrete execution: 420 ms,  -- 
13:25:11.144 | DEBUG | --new testCase collected, to generate: testCom.alibaba.fastjson.parser.ParserConfig.initJavaBeanDeserializers(Class)1
13:25:11.185 | DEBUG | --new testCase collected, to generate: testCom.alibaba.fastjson.parser.ParserConfig.initJavaBeanDeserializers(Class)2
13:25:11.198 | DEBUG | --new testCase collected, to generate: testCom.alibaba.fastjson.parser.ParserConfig.initJavaBeanDeserializers(Class)3
13:25:11.216 | INFO  | |> Starting concrete execution for remaining state: com.alibaba.fastjson.parser.ParserConfig.initJavaBeanDeserializers(Class)
13:25:11.378 | DEBUG | --new testCase collected, to generate: testCom.alibaba.fastjson.parser.ParserConfig.initJavaBeanDeserializers(Class)4
13:25:11.637 | INFO  | (X) Cancelling concrete execution: com.alibaba.fastjson.parser.ParserConfig.initJavaBeanDeserializers(Class)
13:25:11.651 | INFO  | Finished (in 0.856 sec): method com.alibaba.fastjson.parser.ParserConfig.initJavaBeanDeserializers(Class) 
<StatsForMethod> :
	#generatedTC=4
	WITH NO EXCEPTIONS
13:25:11.672 | DEBUG |  ... 
13:25:11.673 | INFO  | Started: method com.alibaba.fastjson.parser.ParserConfig.createJavaBeanDeserializer(Class, Type)
13:25:11.673 | INFO  |  -- Remaining time budget: 10907 ms, #remaining_methods: 13, budget for method: 839 ms, solver timeout: 419 ms, budget for symbolic execution: 420 ms, budget for concrete execution: 419 ms,  -- 
13:25:11.677 | ERROR | Symbolic execution FAILED
com.huawei.utbot.instrumentation.util.ChildProcessError: Error in the child process |> java.lang.IllegalAccessException: java.lang.Class
	at sun.misc.Unsafe.allocateInstance(Native Method)
	at com.huawei.utbot.framework.util.EngineUtilsKt.getAnyInstance(EngineUtils.kt:61)
	at com.huawei.utbot.framework.concrete.MockValueConstructor.constructObject(MockValueConstructor.kt:158)
	at com.huawei.utbot.framework.concrete.MockValueConstructor.construct(MockValueConstructor.kt:124)
	at com.huawei.utbot.framework.concrete.MockValueConstructor.constructMethodParameters(MockValueConstructor.kt:101)
	at com.huawei.utbot.framework.concrete.UtExecutionInstrumentation.invoke(UtExecutionInstrumentation.kt:126)
	at com.huawei.utbot.framework.concrete.UtExecutionInstrumentation.invoke(UtExecutionInstrumentation.kt:96)
	at com.huawei.utbot.instrumentation.process.ChildProcessKt.loop(ChildProcess.kt:114)
	at com.huawei.utbot.instrumentation.process.ChildProcessKt.main(ChildProcess.kt:76)
	at com.huawei.utbot.instrumentation.process.ChildProcessKt.main(ChildProcess.kt)

	at com.huawei.utbot.instrumentation.ConcreteExecutor.executeAsync(ConcreteExecutor.kt:391) ~[utbot-junit-contest-1.0.jar:?]
	at com.huawei.utbot.instrumentation.ConcreteExecutor$executeAsync$1.invokeSuspend(ConcreteExecutor.kt) ~[utbot-junit-contest-1.0.jar:?]
	at kotlin.coroutines.jvm.internal.BaseContinuationImpl.resumeWith(ContinuationImpl.kt:33) [utbot-junit-contest-1.0.jar:?]
	at kotlinx.coroutines.DispatchedTask.run(DispatchedTask.kt:106) [utbot-junit-contest-1.0.jar:?]
	at java.util.concurrent.Executors$RunnableAdapter.call(Executors.java:511) [?:1.8.0_312]
	at java.util.concurrent.FutureTask.run(FutureTask.java:266) [?:1.8.0_312]
	at java.util.concurrent.ScheduledThreadPoolExecutor$ScheduledFutureTask.access$201(ScheduledThreadPoolExecutor.java:180) [?:1.8.0_312]
	at java.util.concurrent.ScheduledThreadPoolExecutor$ScheduledFutureTask.run(ScheduledThreadPoolExecutor.java:293) [?:1.8.0_312]
	at java.util.concurrent.ThreadPoolExecutor.runWorker(ThreadPoolExecutor.java:1149) [?:1.8.0_312]
	at java.util.concurrent.ThreadPoolExecutor$Worker.run(ThreadPoolExecutor.java:624) [?:1.8.0_312]
	at java.lang.Thread.run(Thread.java:748) [?:1.8.0_312]
13:25:11.860 | DEBUG | --new testCase collected, to generate: testCom.alibaba.fastjson.parser.ParserConfig.createJavaBeanDeserializer(Class, Type)1
13:25:11.868 | DEBUG | --new testCase collected, to generate: testCom.alibaba.fastjson.parser.ParserConfig.createJavaBeanDeserializer(Class, Type)2
13:25:11.877 | DEBUG | --new testCase collected, to generate: testCom.alibaba.fastjson.parser.ParserConfig.createJavaBeanDeserializer(Class, Type)3
13:25:12.093 | INFO  | |> Starting concrete execution for remaining state: com.alibaba.fastjson.parser.ParserConfig.createJavaBeanDeserializer(Class, Type)
13:25:12.513 | INFO  | (X) Cancelling concrete execution: com.alibaba.fastjson.parser.ParserConfig.createJavaBeanDeserializer(Class, Type)
13:25:12.525 | INFO  | Finished (in 0.852 sec): method com.alibaba.fastjson.parser.ParserConfig.createJavaBeanDeserializer(Class, Type) 
<StatsForMethod> :
	#generatedTC=3
	FAILED 1 time(s) with 1 different exception(s)"
13:25:12.564 | DEBUG |  ... 
13:25:12.564 | INFO  | Started: method com.alibaba.fastjson.parser.ParserConfig.configFromPropety(Properties)
13:25:12.565 | INFO  |  -- Remaining time budget: 10015 ms, #remaining_methods: 12, budget for method: 834 ms, solver timeout: 417 ms, budget for symbolic execution: 417 ms, budget for concrete execution: 417 ms,  -- 
13:25:13.097 | INFO  | |> Starting concrete execution for remaining state: com.alibaba.fastjson.parser.ParserConfig.configFromPropety(Properties)
13:25:13.101 | DEBUG | --new testCase collected, to generate: testCom.alibaba.fastjson.parser.ParserConfig.configFromPropety(Properties)1
13:25:13.131 | DEBUG | --new testCase collected, to generate: testCom.alibaba.fastjson.parser.ParserConfig.configFromPropety(Properties)2
13:25:13.515 | INFO  | (X) Cancelling concrete execution: com.alibaba.fastjson.parser.ParserConfig.configFromPropety(Properties)
13:25:13.953 | INFO  | Finished (in 1.389 sec): method com.alibaba.fastjson.parser.ParserConfig.configFromPropety(Properties) 
<StatsForMethod> :
	#generatedTC=2
	WITH NO EXCEPTIONS
13:25:13.969 | DEBUG |  ... 
13:25:13.969 | INFO  | Started: method com.alibaba.fastjson.parser.ParserConfig.initDeserializers()
13:25:13.970 | INFO  |  -- Remaining time budget: 8610 ms, #remaining_methods: 11, budget for method: 782 ms, solver timeout: 391 ms, budget for symbolic execution: 391 ms, budget for concrete execution: 391 ms,  -- 
13:25:14.361 | INFO  | |> Starting concrete execution for remaining state: com.alibaba.fastjson.parser.ParserConfig.initDeserializers()
13:25:14.513 | DEBUG | --new testCase collected, to generate: testCom.alibaba.fastjson.parser.ParserConfig.initDeserializers()1
13:25:14.558 | INFO  | Finished (in 0.588 sec): method com.alibaba.fastjson.parser.ParserConfig.initDeserializers() 
<StatsForMethod> :
	#generatedTC=1
	WITH NO EXCEPTIONS
13:25:14.561 | DEBUG |  ... 
13:25:14.562 | INFO  | Started: method com.alibaba.fastjson.parser.ParserConfig.isPrimitive2(Class)
13:25:14.562 | INFO  |  -- Remaining time budget: 8018 ms, #remaining_methods: 10, budget for method: 801 ms, solver timeout: 400 ms, budget for symbolic execution: 401 ms, budget for concrete execution: 400 ms,  -- 
13:25:14.566 | ERROR | Symbolic execution FAILED
com.huawei.utbot.instrumentation.util.ChildProcessError: Error in the child process |> java.lang.IllegalAccessException: java.lang.Class
	at sun.misc.Unsafe.allocateInstance(Native Method)
	at com.huawei.utbot.framework.util.EngineUtilsKt.getAnyInstance(EngineUtils.kt:61)
	at com.huawei.utbot.framework.concrete.MockValueConstructor.constructObject(MockValueConstructor.kt:158)
	at com.huawei.utbot.framework.concrete.MockValueConstructor.construct(MockValueConstructor.kt:124)
	at com.huawei.utbot.framework.concrete.MockValueConstructor.constructMethodParameters(MockValueConstructor.kt:101)
	at com.huawei.utbot.framework.concrete.UtExecutionInstrumentation.invoke(UtExecutionInstrumentation.kt:126)
	at com.huawei.utbot.framework.concrete.UtExecutionInstrumentation.invoke(UtExecutionInstrumentation.kt:96)
	at com.huawei.utbot.instrumentation.process.ChildProcessKt.loop(ChildProcess.kt:114)
	at com.huawei.utbot.instrumentation.process.ChildProcessKt.main(ChildProcess.kt:76)
	at com.huawei.utbot.instrumentation.process.ChildProcessKt.main(ChildProcess.kt)

	at com.huawei.utbot.instrumentation.ConcreteExecutor.executeAsync(ConcreteExecutor.kt:391) ~[utbot-junit-contest-1.0.jar:?]
	at com.huawei.utbot.instrumentation.ConcreteExecutor$executeAsync$1.invokeSuspend(ConcreteExecutor.kt) ~[utbot-junit-contest-1.0.jar:?]
	at kotlin.coroutines.jvm.internal.BaseContinuationImpl.resumeWith(ContinuationImpl.kt:33) [utbot-junit-contest-1.0.jar:?]
	at kotlinx.coroutines.DispatchedTask.run(DispatchedTask.kt:106) [utbot-junit-contest-1.0.jar:?]
	at java.util.concurrent.Executors$RunnableAdapter.call(Executors.java:511) [?:1.8.0_312]
	at java.util.concurrent.FutureTask.run(FutureTask.java:266) [?:1.8.0_312]
	at java.util.concurrent.ScheduledThreadPoolExecutor$ScheduledFutureTask.access$201(ScheduledThreadPoolExecutor.java:180) [?:1.8.0_312]
	at java.util.concurrent.ScheduledThreadPoolExecutor$ScheduledFutureTask.run(ScheduledThreadPoolExecutor.java:293) [?:1.8.0_312]
	at java.util.concurrent.ThreadPoolExecutor.runWorker(ThreadPoolExecutor.java:1149) [?:1.8.0_312]
	at java.util.concurrent.ThreadPoolExecutor$Worker.run(ThreadPoolExecutor.java:624) [?:1.8.0_312]
	at java.lang.Thread.run(Thread.java:748) [?:1.8.0_312]
13:25:14.676 | DEBUG | --new testCase collected, to generate: testCom.alibaba.fastjson.parser.ParserConfig.isPrimitive2(Class)1
13:25:14.713 | DEBUG | --new testCase collected, to generate: testCom.alibaba.fastjson.parser.ParserConfig.isPrimitive2(Class)2
13:25:14.764 | DEBUG | --new testCase collected, to generate: testCom.alibaba.fastjson.parser.ParserConfig.isPrimitive2(Class)3
13:25:14.769 | DEBUG | --new testCase collected, to generate: testCom.alibaba.fastjson.parser.ParserConfig.isPrimitive2(Class)4
13:25:14.793 | DEBUG | --new testCase collected, to generate: testCom.alibaba.fastjson.parser.ParserConfig.isPrimitive2(Class)5
13:25:14.813 | DEBUG | --new testCase collected, to generate: testCom.alibaba.fastjson.parser.ParserConfig.isPrimitive2(Class)6
13:25:14.819 | DEBUG | --new testCase collected, to generate: testCom.alibaba.fastjson.parser.ParserConfig.isPrimitive2(Class)7
13:25:14.858 | DEBUG | --new testCase collected, to generate: testCom.alibaba.fastjson.parser.ParserConfig.isPrimitive2(Class)8
13:25:14.880 | DEBUG | --new testCase collected, to generate: testCom.alibaba.fastjson.parser.ParserConfig.isPrimitive2(Class)9
13:25:14.919 | DEBUG | --new testCase collected, to generate: testCom.alibaba.fastjson.parser.ParserConfig.isPrimitive2(Class)10
13:25:14.940 | DEBUG | --new testCase collected, to generate: testCom.alibaba.fastjson.parser.ParserConfig.isPrimitive2(Class)11
13:25:14.963 | INFO  | |> Starting concrete execution for remaining state: com.alibaba.fastjson.parser.ParserConfig.isPrimitive2(Class)
13:25:14.965 | DEBUG | --new testCase collected, to generate: testCom.alibaba.fastjson.parser.ParserConfig.isPrimitive2(Class)12
13:25:14.972 | DEBUG | --new testCase collected, to generate: testCom.alibaba.fastjson.parser.ParserConfig.isPrimitive2(Class)13
13:25:14.993 | DEBUG | --new testCase collected, to generate: testCom.alibaba.fastjson.parser.ParserConfig.isPrimitive2(Class)14
13:25:14.999 | DEBUG | --new testCase collected, to generate: testCom.alibaba.fastjson.parser.ParserConfig.isPrimitive2(Class)15
13:25:15.024 | DEBUG | --new testCase collected, to generate: testCom.alibaba.fastjson.parser.ParserConfig.isPrimitive2(Class)16
13:25:15.028 | DEBUG | --new testCase collected, to generate: testCom.alibaba.fastjson.parser.ParserConfig.isPrimitive2(Class)17
13:25:15.032 | DEBUG | --new testCase collected, to generate: testCom.alibaba.fastjson.parser.ParserConfig.isPrimitive2(Class)18
13:25:15.035 | INFO  | Finished (in 0.473 sec): method com.alibaba.fastjson.parser.ParserConfig.isPrimitive2(Class) 
<StatsForMethod> :
	#generatedTC=18
	FAILED 1 time(s) with 1 different exception(s)"
13:25:15.043 | DEBUG |  ... 
13:25:15.043 | INFO  | Started: method com.alibaba.fastjson.parser.ParserConfig.parserAllFieldToCache(Class, Map)
13:25:15.044 | INFO  |  -- Remaining time budget: 7536 ms, #remaining_methods: 9, budget for method: 837 ms, solver timeout: 418 ms, budget for symbolic execution: 419 ms, budget for concrete execution: 418 ms,  -- 
13:25:15.048 | ERROR | Symbolic execution FAILED
com.huawei.utbot.instrumentation.util.ChildProcessError: Error in the child process |> java.lang.IllegalAccessException: java.lang.Class
	at sun.misc.Unsafe.allocateInstance(Native Method)
	at com.huawei.utbot.framework.util.EngineUtilsKt.getAnyInstance(EngineUtils.kt:61)
	at com.huawei.utbot.framework.concrete.MockValueConstructor.constructObject(MockValueConstructor.kt:158)
	at com.huawei.utbot.framework.concrete.MockValueConstructor.construct(MockValueConstructor.kt:124)
	at com.huawei.utbot.framework.concrete.MockValueConstructor.constructMethodParameters(MockValueConstructor.kt:101)
	at com.huawei.utbot.framework.concrete.UtExecutionInstrumentation.invoke(UtExecutionInstrumentation.kt:126)
	at com.huawei.utbot.framework.concrete.UtExecutionInstrumentation.invoke(UtExecutionInstrumentation.kt:96)
	at com.huawei.utbot.instrumentation.process.ChildProcessKt.loop(ChildProcess.kt:114)
	at com.huawei.utbot.instrumentation.process.ChildProcessKt.main(ChildProcess.kt:76)
	at com.huawei.utbot.instrumentation.process.ChildProcessKt.main(ChildProcess.kt)

	at com.huawei.utbot.instrumentation.ConcreteExecutor.executeAsync(ConcreteExecutor.kt:391) ~[utbot-junit-contest-1.0.jar:?]
	at com.huawei.utbot.instrumentation.ConcreteExecutor$executeAsync$1.invokeSuspend(ConcreteExecutor.kt) ~[utbot-junit-contest-1.0.jar:?]
	at kotlin.coroutines.jvm.internal.BaseContinuationImpl.resumeWith(ContinuationImpl.kt:33) [utbot-junit-contest-1.0.jar:?]
	at kotlinx.coroutines.DispatchedTask.run(DispatchedTask.kt:106) [utbot-junit-contest-1.0.jar:?]
	at java.util.concurrent.Executors$RunnableAdapter.call(Executors.java:511) [?:1.8.0_312]
	at java.util.concurrent.FutureTask.run(FutureTask.java:266) [?:1.8.0_312]
	at java.util.concurrent.ScheduledThreadPoolExecutor$ScheduledFutureTask.access$201(ScheduledThreadPoolExecutor.java:180) [?:1.8.0_312]
	at java.util.concurrent.ScheduledThreadPoolExecutor$ScheduledFutureTask.run(ScheduledThreadPoolExecutor.java:293) [?:1.8.0_312]
	at java.util.concurrent.ThreadPoolExecutor.runWorker(ThreadPoolExecutor.java:1149) [?:1.8.0_312]
	at java.util.concurrent.ThreadPoolExecutor$Worker.run(ThreadPoolExecutor.java:624) [?:1.8.0_312]
	at java.lang.Thread.run(Thread.java:748) [?:1.8.0_312]
13:25:15.270 | DEBUG | --new testCase collected, to generate: testCom.alibaba.fastjson.parser.ParserConfig.parserAllFieldToCache(Class, Map)1
13:25:15.463 | INFO  | |> Starting concrete execution for remaining state: com.alibaba.fastjson.parser.ParserConfig.parserAllFieldToCache(Class, Map)
13:25:15.882 | INFO  | (X) Cancelling concrete execution: com.alibaba.fastjson.parser.ParserConfig.parserAllFieldToCache(Class, Map)
13:25:15.912 | INFO  | Finished (in 0.868 sec): method com.alibaba.fastjson.parser.ParserConfig.parserAllFieldToCache(Class, Map) 
<StatsForMethod> :
	#generatedTC=1
	FAILED 1 time(s) with 1 different exception(s)"
13:25:15.941 | DEBUG |  ... 
13:25:15.942 | INFO  | Started: method com.alibaba.fastjson.parser.ParserConfig.getFieldFromCache(String, Map)
13:25:15.942 | INFO  |  -- Remaining time budget: 6638 ms, #remaining_methods: 8, budget for method: 829 ms, solver timeout: 414 ms, budget for symbolic execution: 415 ms, budget for concrete execution: 414 ms,  -- 
13:25:15.946 | DEBUG | --new testCase collected, to generate: testCom.alibaba.fastjson.parser.ParserConfig.getFieldFromCache(String, Map)1
13:25:15.974 | DEBUG | --new testCase collected, to generate: testCom.alibaba.fastjson.parser.ParserConfig.getFieldFromCache(String, Map)2
13:25:16.357 | INFO  | |> Starting concrete execution for remaining state: com.alibaba.fastjson.parser.ParserConfig.getFieldFromCache(String, Map)
13:25:16.772 | INFO  | (X) Cancelling concrete execution: com.alibaba.fastjson.parser.ParserConfig.getFieldFromCache(String, Map)
13:25:16.950 | INFO  | Finished (in 1.008 sec): method com.alibaba.fastjson.parser.ParserConfig.getFieldFromCache(String, Map) 
<StatsForMethod> :
	#generatedTC=2
	WITH NO EXCEPTIONS
13:25:16.979 | DEBUG |  ... 
13:25:16.980 | INFO  | Started: method com.alibaba.fastjson.parser.ParserConfig.splitItemsFormProperty(String)
13:25:16.980 | INFO  |  -- Remaining time budget: 5600 ms, #remaining_methods: 7, budget for method: 800 ms, solver timeout: 400 ms, budget for symbolic execution: 400 ms, budget for concrete execution: 400 ms,  -- 
13:25:16.984 | DEBUG | --new testCase collected, to generate: testCom.alibaba.fastjson.parser.ParserConfig.splitItemsFormProperty(String)1
13:25:17.018 | DEBUG | --new testCase collected, to generate: testCom.alibaba.fastjson.parser.ParserConfig.splitItemsFormProperty(String)2
13:25:17.103 | DEBUG | --new testCase collected, to generate: testCom.alibaba.fastjson.parser.ParserConfig.splitItemsFormProperty(String)3
13:25:17.156 | DEBUG | --new testCase collected, to generate: testCom.alibaba.fastjson.parser.ParserConfig.splitItemsFormProperty(String)4
13:25:17.157 | INFO  | Finished (in 0.177 sec): method com.alibaba.fastjson.parser.ParserConfig.splitItemsFormProperty(String) 
<StatsForMethod> :
	#generatedTC=4
	WITH NO EXCEPTIONS
13:25:17.174 | DEBUG |  ... 
13:25:17.175 | INFO  | Started: method com.alibaba.fastjson.parser.ParserConfig.getGlobalInstance()
13:25:17.175 | INFO  |  -- Remaining time budget: 5404 ms, #remaining_methods: 6, budget for method: 900 ms, solver timeout: 450 ms, budget for symbolic execution: 450 ms, budget for concrete execution: 450 ms,  -- 
13:25:17.439 | DEBUG | --new testCase collected, to generate: testCom.alibaba.fastjson.parser.ParserConfig.getGlobalInstance()1
13:25:17.625 | INFO  | |> Starting concrete execution for remaining state: com.alibaba.fastjson.parser.ParserConfig.getGlobalInstance()
13:25:18.076 | INFO  | (X) Cancelling concrete execution: com.alibaba.fastjson.parser.ParserConfig.getGlobalInstance()
13:25:18.078 | INFO  | Finished (in 0.903 sec): method com.alibaba.fastjson.parser.ParserConfig.getGlobalInstance() 
<StatsForMethod> :
	#generatedTC=1
	WITH NO EXCEPTIONS
13:25:18.103 | DEBUG |  ... 
13:25:18.104 | INFO  | Started: method com.alibaba.fastjson.parser.ParserConfig.<init>(ASMDeserializerFactory)
13:25:18.104 | INFO  |  -- Remaining time budget: 4476 ms, #remaining_methods: 5, budget for method: 895 ms, solver timeout: 447 ms, budget for symbolic execution: 448 ms, budget for concrete execution: 447 ms,  -- 
13:25:18.455 | DEBUG | --new testCase collected, to generate: testCom.alibaba.fastjson.parser.ParserConfig.<init>(ASMDeserializerFactory)1
13:25:18.525 | INFO  | Finished (in 0.421 sec): method com.alibaba.fastjson.parser.ParserConfig.<init>(ASMDeserializerFactory) 
<StatsForMethod> :
	#generatedTC=1
	WITH NO EXCEPTIONS
13:25:18.533 | DEBUG |  ... 
13:25:18.533 | INFO  | Started: method com.alibaba.fastjson.parser.ParserConfig.<init>(ClassLoader)
13:25:18.533 | INFO  |  -- Remaining time budget: 4046 ms, #remaining_methods: 4, budget for method: 1011 ms, solver timeout: 505 ms, budget for symbolic execution: 506 ms, budget for concrete execution: 505 ms,  -- 
13:25:18.878 | DEBUG | --new testCase collected, to generate: testCom.alibaba.fastjson.parser.ParserConfig.<init>(ClassLoader)1
13:25:18.946 | INFO  | Finished (in 0.413 sec): method com.alibaba.fastjson.parser.ParserConfig.<init>(ClassLoader) 
<StatsForMethod> :
	#generatedTC=1
	WITH NO EXCEPTIONS
13:25:18.954 | DEBUG |  ... 
13:25:18.954 | INFO  | Started: method com.alibaba.fastjson.parser.ParserConfig.<init>(boolean)
13:25:18.954 | INFO  |  -- Remaining time budget: 3625 ms, #remaining_methods: 3, budget for method: 1208 ms, solver timeout: 604 ms, budget for symbolic execution: 604 ms, budget for concrete execution: 604 ms,  -- 
13:25:19.302 | DEBUG | --new testCase collected, to generate: testCom.alibaba.fastjson.parser.ParserConfig.<init>(boolean)1
13:25:19.360 | INFO  | Finished (in 0.406 sec): method com.alibaba.fastjson.parser.ParserConfig.<init>(boolean) 
<StatsForMethod> :
	#generatedTC=1
	WITH NO EXCEPTIONS
13:25:19.368 | DEBUG |  ... 
13:25:19.368 | INFO  | Started: method com.alibaba.fastjson.parser.ParserConfig.<init>()
13:25:19.369 | INFO  |  -- Remaining time budget: 3211 ms, #remaining_methods: 2, budget for method: 1605 ms, solver timeout: 802 ms, budget for symbolic execution: 803 ms, budget for concrete execution: 802 ms,  -- 
13:25:19.714 | DEBUG | --new testCase collected, to generate: testCom.alibaba.fastjson.parser.ParserConfig.<init>()1
13:25:19.773 | INFO  | Finished (in 0.404 sec): method com.alibaba.fastjson.parser.ParserConfig.<init>() 
<StatsForMethod> :
	#generatedTC=1
	WITH NO EXCEPTIONS
13:25:19.781 | DEBUG |  ... 
13:25:19.781 | INFO  | Started: method com.alibaba.fastjson.parser.ParserConfig.<init>(ASMDeserializerFactory, ClassLoader, boolean)
13:25:19.781 | INFO  |  -- Remaining time budget: 2798 ms, #remaining_methods: 1, budget for method: 2798 ms, solver timeout: 1000 ms, budget for symbolic execution: 1598 ms, budget for concrete execution: 1200 ms,  -- 
13:25:20.093 | DEBUG | --new testCase collected, to generate: testCom.alibaba.fastjson.parser.ParserConfig.<init>(ASMDeserializerFactory, ClassLoader, boolean)1
13:25:20.155 | INFO  | Finished (in 0.373 sec): method com.alibaba.fastjson.parser.ParserConfig.<init>(ASMDeserializerFactory, ClassLoader, boolean) 
<StatsForMethod> :
	#generatedTC=1
	WITH NO EXCEPTIONS
13:25:20.164 | INFO  | Started: Flushing tests for [ParserConfig] on disk
13:25:33.457 | INFO  | File size for ParserConfigTest: 103 KB
13:25:33.459 | INFO  | Finished (in 13.294 sec): Flushing tests for [ParserConfig] on disk 
13:25:33.459 | INFO  | Finished (in 36.348 sec): class com.alibaba.fastjson.parser.ParserConfig 
<StatsForClass> :
	canceled by timeout = false
	#methods = 35, 
	#methods started symbolic exploration = 35
	#methods with at least one TC = 26
	#methods with exceptions = 5
	#generated TC = 68
	#coverage = null
[READY]
