Started UtBot Contest, classfileDir = /var/benchmarks/projects/guava/guava/target/classes, classpathString=/var/benchmarks/projects/guava/guava/target/classes:/var/benchmarks/projects/guava/guava/target/guava-26.0-jre.jar:/var/benchmarks/projects/./guava/guava/target/dependency/checker-qual-2.5.2.jar:/var/benchmarks/projects/guava/guava/target/dependency/error_prone_annotations-2.1.3.jar:/var/benchmarks/projects/guava/guava/target/dependency/j2objc-annotations-1.1.jar:/var/benchmarks/projects/guava/guava/target/dependency/jsr305-3.0.2.jar:/var/benchmarks/projects/guava/guava/target/dependency/animal-sniffer-annotations-1.14.jar, outputDir=/home/utbot_mocks/temp/testcases, mocks=Other classes: Mockito
18:34:10.575 | INFO  | Started: warmup: kotlin reflection :: init
18:34:10.647 | INFO  | Finished (in 0.071 sec): warmup: kotlin reflection :: init 
[INIT]
>> [RUN] com.google.common.base.CaseFormat 30
18:34:10.656 | DEBUG | -----------------------------------------------------------------------------
18:34:10.657 | INFO  | Contest.runGeneration: Time budget: 30000 ms, Generation timeout=25500 ms, classpath=/var/benchmarks/projects/guava/guava/target/classes:/var/benchmarks/projects/guava/guava/target/guava-26.0-jre.jar:/var/benchmarks/projects/./guava/guava/target/dependency/checker-qual-2.5.2.jar:/var/benchmarks/projects/guava/guava/target/dependency/error_prone_annotations-2.1.3.jar:/var/benchmarks/projects/guava/guava/target/dependency/j2objc-annotations-1.1.jar:/var/benchmarks/projects/guava/guava/target/dependency/jsr305-3.0.2.jar:/var/benchmarks/projects/guava/guava/target/dependency/animal-sniffer-annotations-1.14.jar, methodNameFilter=null
18:34:10.658 | INFO  | ClassUnderTest[ FQN: com.google.common.base.CaseFormat
    classfileDir: /var/benchmarks/projects/guava/guava/target/classes
    testClassSimpleName: CaseFormatTest
    generatedTestFile: /home/utbot_mocks/temp/testcases/com/google/common/base/CaseFormatTest.java
    generatedTestsSourcesDir: /home/utbot_mocks/temp/testcases
]
18:34:10.680 | INFO  | Started: class com.google.common.base.CaseFormat
18:34:10.681 | INFO  | Started: preparation class class com.google.common.base.CaseFormat: kotlin reflection :: run
18:34:10.818 | INFO  | Finished (in 0.136 sec): preparation class class com.google.common.base.CaseFormat: kotlin reflection :: run 
18:34:10.818 | INFO  | Started: 2nd optional soot initialization
18:34:10.819 | INFO  | Finished (in 0.001 sec): 2nd optional soot initialization 
18:34:10.827 | DEBUG |  ... 
18:34:10.839 | INFO  | Started: method com.google.common.base.CaseFormat.to(CaseFormat, String)
18:34:10.840 | INFO  |  -- Remaining time budget: 25329 ms, #remaining_methods: 14, budget for method: 1809 ms, solver timeout: 904 ms, budget for symbolic execution: 905 ms, budget for concrete execution: 904 ms,  -- 
18:34:11.149 | ERROR | Symbolic execution FAILED
com.huawei.utbot.instrumentation.util.ChildProcessError: Error in the child process |> java.lang.InstantiationException: com.google.common.base.CaseFormat
	at sun.misc.Unsafe.allocateInstance(Native Method)
	at com.huawei.utbot.framework.util.EngineUtilsKt.getAnyInstance(EngineUtils.kt:61)
	at com.huawei.utbot.framework.concrete.MockValueConstructor.constructObject(MockValueConstructor.kt:158)
	at com.huawei.utbot.framework.concrete.MockValueConstructor.construct(MockValueConstructor.kt:124)
	at com.huawei.utbot.framework.concrete.MockValueConstructor.constructMethodParameters(MockValueConstructor.kt:101)
	at com.huawei.utbot.framework.concrete.UtExecutionInstrumentation.invoke(UtExecutionInstrumentation.kt:126)
	at com.huawei.utbot.framework.concrete.UtExecutionInstrumentation.invoke(UtExecutionInstrumentation.kt:96)
	at com.huawei.utbot.instrumentation.process.ChildProcessKt.loop(ChildProcess.kt:114)
	at com.huawei.utbot.instrumentation.process.ChildProcessKt.main(ChildProcess.kt:76)
	at com.huawei.utbot.instrumentation.process.ChildProcessKt.main(ChildProcess.kt)

	at com.huawei.utbot.instrumentation.ConcreteExecutor.executeAsync(ConcreteExecutor.kt:391) ~[utbot-junit-contest-1.0.jar:?]
	at com.huawei.utbot.instrumentation.ConcreteExecutor$executeAsync$1.invokeSuspend(ConcreteExecutor.kt) ~[utbot-junit-contest-1.0.jar:?]
	at kotlin.coroutines.jvm.internal.BaseContinuationImpl.resumeWith(ContinuationImpl.kt:33) [utbot-junit-contest-1.0.jar:?]
	at kotlinx.coroutines.DispatchedTask.run(DispatchedTask.kt:106) [utbot-junit-contest-1.0.jar:?]
	at java.util.concurrent.Executors$RunnableAdapter.call(Executors.java:511) [?:1.8.0_312]
	at java.util.concurrent.FutureTask.run(FutureTask.java:266) [?:1.8.0_312]
	at java.util.concurrent.ScheduledThreadPoolExecutor$ScheduledFutureTask.access$201(ScheduledThreadPoolExecutor.java:180) [?:1.8.0_312]
	at java.util.concurrent.ScheduledThreadPoolExecutor$ScheduledFutureTask.run(ScheduledThreadPoolExecutor.java:293) [?:1.8.0_312]
	at java.util.concurrent.ThreadPoolExecutor.runWorker(ThreadPoolExecutor.java:1149) [?:1.8.0_312]
	at java.util.concurrent.ThreadPoolExecutor$Worker.run(ThreadPoolExecutor.java:624) [?:1.8.0_312]
	at java.lang.Thread.run(Thread.java:748) [?:1.8.0_312]
18:34:11.738 | INFO  | |> Starting concrete execution for remaining state: com.google.common.base.CaseFormat.to(CaseFormat, String)
18:34:11.789 | ERROR | Symbolic execution FAILED
java.lang.IllegalArgumentException: No targets for Invocation(instance=ObjectValue(typeStorage=com.google.common.base.CaseFormat, addr=addr: (BVInt32 p_this)), method=<com.google.common.base.CaseFormat: java.lang.String convert(com.google.common.base.CaseFormat,java.lang.String)>, parameters=[ObjectValue(typeStorage=com.google.common.base.CaseFormat, addr=addr: (BVInt32 p0)), ObjectValue(typeStorage=java.lang.String, addr=addr: (BVInt32 p1), concrete=Concrete(value=com.huawei.utbot.engine.StringWrapper@3d330931))], generator=() -> kotlin.collections.List<com.huawei.utbot.engine.InvocationTarget>)
	at com.huawei.utbot.engine.UtBotSymbolicEngine.commonInvokePart(UtBotSymbolicEngine.kt:2417) ~[utbot-junit-contest-1.0.jar:?]
	at com.huawei.utbot.engine.UtBotSymbolicEngine.virtualAndInterfaceInvoke(UtBotSymbolicEngine.kt:2289) ~[utbot-junit-contest-1.0.jar:?]
	at com.huawei.utbot.engine.UtBotSymbolicEngine.invokeResult(UtBotSymbolicEngine.kt:2153) ~[utbot-junit-contest-1.0.jar:?]
	at com.huawei.utbot.engine.UtBotSymbolicEngine.traverseAssignStmt(UtBotSymbolicEngine.kt:884) ~[utbot-junit-contest-1.0.jar:?]
	at com.huawei.utbot.engine.UtBotSymbolicEngine.traverseStmt(UtBotSymbolicEngine.kt:604) ~[utbot-junit-contest-1.0.jar:?]
	at com.huawei.utbot.engine.UtBotSymbolicEngine$traverse$1.invokeSuspend(UtBotSymbolicEngine.kt:464) [utbot-junit-contest-1.0.jar:?]
	at com.huawei.utbot.engine.UtBotSymbolicEngine$traverse$1.invoke(UtBotSymbolicEngine.kt) [utbot-junit-contest-1.0.jar:?]
	at kotlinx.coroutines.flow.SafeFlow.collectSafely(Builders.kt:61) [utbot-junit-contest-1.0.jar:?]
	at kotlinx.coroutines.flow.AbstractFlow.collect(Flow.kt:212) [utbot-junit-contest-1.0.jar:?]
	at kotlinx.coroutines.flow.FlowKt__MergeKt$flattenConcat$$inlined$unsafeFlow$1$lambda$1.emit(Collect.kt:134) [utbot-junit-contest-1.0.jar:?]
	at kotlinx.coroutines.flow.FlowKt__BuildersKt$flowOf$$inlined$unsafeFlow$1.collect(SafeCollector.common.kt:114) [utbot-junit-contest-1.0.jar:?]
	at kotlinx.coroutines.flow.FlowKt__BuildersKt$flowOf$$inlined$unsafeFlow$1$1.invokeSuspend(Unknown Source) [utbot-junit-contest-1.0.jar:?]
	at kotlin.coroutines.jvm.internal.BaseContinuationImpl.resumeWith(ContinuationImpl.kt:33) [utbot-junit-contest-1.0.jar:?]
	at kotlinx.coroutines.DispatchedTask.run(DispatchedTask.kt:106) [utbot-junit-contest-1.0.jar:?]
	at java.util.concurrent.Executors$RunnableAdapter.call(Executors.java:511) [?:1.8.0_312]
	at java.util.concurrent.FutureTask.run(FutureTask.java:266) [?:1.8.0_312]
	at java.util.concurrent.ScheduledThreadPoolExecutor$ScheduledFutureTask.access$201(ScheduledThreadPoolExecutor.java:180) [?:1.8.0_312]
	at java.util.concurrent.ScheduledThreadPoolExecutor$ScheduledFutureTask.run(ScheduledThreadPoolExecutor.java:293) [?:1.8.0_312]
	at java.util.concurrent.ThreadPoolExecutor.runWorker(ThreadPoolExecutor.java:1149) [?:1.8.0_312]
	at java.util.concurrent.ThreadPoolExecutor$Worker.run(ThreadPoolExecutor.java:624) [?:1.8.0_312]
	at java.lang.Thread.run(Thread.java:748) [?:1.8.0_312]
18:34:12.380 | DEBUG | --new testCase collected, to generate: testCom.google.common.base.CaseFormat.to(CaseFormat, String)1
18:34:12.381 | INFO  | Finished (in 1.541 sec): method com.google.common.base.CaseFormat.to(CaseFormat, String) 
<StatsForMethod> :
	#generatedTC=1
	FAILED 2 time(s) with 2 different exception(s)"
18:34:12.383 | DEBUG |  ... 
18:34:12.383 | INFO  | Started: method com.google.common.base.CaseFormat.convert(CaseFormat, String)
18:34:12.384 | INFO  |  -- Remaining time budget: 23775 ms, #remaining_methods: 13, budget for method: 1828 ms, solver timeout: 914 ms, budget for symbolic execution: 914 ms, budget for concrete execution: 914 ms,  -- 
18:34:12.390 | ERROR | Symbolic execution FAILED
com.huawei.utbot.instrumentation.util.ChildProcessError: Error in the child process |> java.lang.InstantiationException: com.google.common.base.CaseFormat
	at sun.misc.Unsafe.allocateInstance(Native Method)
	at com.huawei.utbot.framework.util.EngineUtilsKt.getAnyInstance(EngineUtils.kt:61)
	at com.huawei.utbot.framework.concrete.MockValueConstructor.constructObject(MockValueConstructor.kt:158)
	at com.huawei.utbot.framework.concrete.MockValueConstructor.construct(MockValueConstructor.kt:124)
	at com.huawei.utbot.framework.concrete.MockValueConstructor.constructMethodParameters(MockValueConstructor.kt:101)
	at com.huawei.utbot.framework.concrete.UtExecutionInstrumentation.invoke(UtExecutionInstrumentation.kt:126)
	at com.huawei.utbot.framework.concrete.UtExecutionInstrumentation.invoke(UtExecutionInstrumentation.kt:96)
	at com.huawei.utbot.instrumentation.process.ChildProcessKt.loop(ChildProcess.kt:114)
	at com.huawei.utbot.instrumentation.process.ChildProcessKt.main(ChildProcess.kt:76)
	at com.huawei.utbot.instrumentation.process.ChildProcessKt.main(ChildProcess.kt)

	at com.huawei.utbot.instrumentation.ConcreteExecutor.executeAsync(ConcreteExecutor.kt:391) ~[utbot-junit-contest-1.0.jar:?]
	at com.huawei.utbot.instrumentation.ConcreteExecutor$executeAsync$1.invokeSuspend(ConcreteExecutor.kt) ~[utbot-junit-contest-1.0.jar:?]
	at kotlin.coroutines.jvm.internal.BaseContinuationImpl.resumeWith(ContinuationImpl.kt:33) [utbot-junit-contest-1.0.jar:?]
	at kotlinx.coroutines.DispatchedTask.run(DispatchedTask.kt:106) [utbot-junit-contest-1.0.jar:?]
	at java.util.concurrent.Executors$RunnableAdapter.call(Executors.java:511) [?:1.8.0_312]
	at java.util.concurrent.FutureTask.run(FutureTask.java:266) [?:1.8.0_312]
	at java.util.concurrent.ScheduledThreadPoolExecutor$ScheduledFutureTask.access$201(ScheduledThreadPoolExecutor.java:180) [?:1.8.0_312]
	at java.util.concurrent.ScheduledThreadPoolExecutor$ScheduledFutureTask.run(ScheduledThreadPoolExecutor.java:293) [?:1.8.0_312]
	at java.util.concurrent.ThreadPoolExecutor.runWorker(ThreadPoolExecutor.java:1149) [?:1.8.0_312]
	at java.util.concurrent.ThreadPoolExecutor$Worker.run(ThreadPoolExecutor.java:624) [?:1.8.0_312]
	at java.lang.Thread.run(Thread.java:748) [?:1.8.0_312]
18:34:12.497 | DEBUG | --new testCase collected, to generate: testCom.google.common.base.CaseFormat.convert(CaseFormat, String)1
18:34:12.589 | DEBUG | --new testCase collected, to generate: testCom.google.common.base.CaseFormat.convert(CaseFormat, String)2
18:34:13.298 | INFO  | |> Starting concrete execution for remaining state: com.google.common.base.CaseFormat.convert(CaseFormat, String)
18:34:13.336 | DEBUG | --new testCase collected, to generate: testCom.google.common.base.CaseFormat.convert(CaseFormat, String)3
18:34:13.603 | DEBUG | --new testCase collected, to generate: testCom.google.common.base.CaseFormat.convert(CaseFormat, String)4
18:34:13.833 | DEBUG | --new testCase collected, to generate: testCom.google.common.base.CaseFormat.convert(CaseFormat, String)5
18:34:14.213 | INFO  | (X) Cancelling concrete execution: com.google.common.base.CaseFormat.convert(CaseFormat, String)
18:34:14.247 | INFO  | Finished (in 1.863 sec): method com.google.common.base.CaseFormat.convert(CaseFormat, String) 
<StatsForMethod> :
	#generatedTC=5
	FAILED 1 time(s) with 1 different exception(s)"
18:34:14.340 | DEBUG |  ... 
18:34:14.341 | INFO  | Started: method com.google.common.base.CaseFormat.normalizeFirstWord(String)
18:34:14.341 | INFO  |  -- Remaining time budget: 21818 ms, #remaining_methods: 12, budget for method: 1818 ms, solver timeout: 909 ms, budget for symbolic execution: 909 ms, budget for concrete execution: 909 ms,  -- 
18:34:14.347 | ERROR | Symbolic execution FAILED
com.huawei.utbot.instrumentation.util.ChildProcessError: Error in the child process |> java.lang.InstantiationException: com.google.common.base.CaseFormat
	at sun.misc.Unsafe.allocateInstance(Native Method)
	at com.huawei.utbot.framework.util.EngineUtilsKt.getAnyInstance(EngineUtils.kt:61)
	at com.huawei.utbot.framework.concrete.MockValueConstructor.constructObject(MockValueConstructor.kt:158)
	at com.huawei.utbot.framework.concrete.MockValueConstructor.construct(MockValueConstructor.kt:124)
	at com.huawei.utbot.framework.concrete.MockValueConstructor.constructMethodParameters(MockValueConstructor.kt:101)
	at com.huawei.utbot.framework.concrete.UtExecutionInstrumentation.invoke(UtExecutionInstrumentation.kt:126)
	at com.huawei.utbot.framework.concrete.UtExecutionInstrumentation.invoke(UtExecutionInstrumentation.kt:96)
	at com.huawei.utbot.instrumentation.process.ChildProcessKt.loop(ChildProcess.kt:114)
	at com.huawei.utbot.instrumentation.process.ChildProcessKt.main(ChildProcess.kt:76)
	at com.huawei.utbot.instrumentation.process.ChildProcessKt.main(ChildProcess.kt)

	at com.huawei.utbot.instrumentation.ConcreteExecutor.executeAsync(ConcreteExecutor.kt:391) ~[utbot-junit-contest-1.0.jar:?]
	at com.huawei.utbot.instrumentation.ConcreteExecutor$executeAsync$1.invokeSuspend(ConcreteExecutor.kt) ~[utbot-junit-contest-1.0.jar:?]
	at kotlin.coroutines.jvm.internal.BaseContinuationImpl.resumeWith(ContinuationImpl.kt:33) [utbot-junit-contest-1.0.jar:?]
	at kotlinx.coroutines.DispatchedTask.run(DispatchedTask.kt:106) [utbot-junit-contest-1.0.jar:?]
	at java.util.concurrent.Executors$RunnableAdapter.call(Executors.java:511) [?:1.8.0_312]
	at java.util.concurrent.FutureTask.run(FutureTask.java:266) [?:1.8.0_312]
	at java.util.concurrent.ScheduledThreadPoolExecutor$ScheduledFutureTask.access$201(ScheduledThreadPoolExecutor.java:180) [?:1.8.0_312]
	at java.util.concurrent.ScheduledThreadPoolExecutor$ScheduledFutureTask.run(ScheduledThreadPoolExecutor.java:293) [?:1.8.0_312]
	at java.util.concurrent.ThreadPoolExecutor.runWorker(ThreadPoolExecutor.java:1149) [?:1.8.0_312]
	at java.util.concurrent.ThreadPoolExecutor$Worker.run(ThreadPoolExecutor.java:624) [?:1.8.0_312]
	at java.lang.Thread.run(Thread.java:748) [?:1.8.0_312]
18:34:15.132 | INFO  | Finished (in 0.791 sec): method com.google.common.base.CaseFormat.normalizeFirstWord(String) 
<StatsForMethod> :
	#generatedTC=0
	FAILED 1 time(s) with 1 different exception(s)"
18:34:15.192 | DEBUG |  ... 
18:34:15.193 | INFO  | Started: method com.google.common.base.CaseFormat.converterTo(CaseFormat)
18:34:15.193 | INFO  |  -- Remaining time budget: 20966 ms, #remaining_methods: 11, budget for method: 1906 ms, solver timeout: 953 ms, budget for symbolic execution: 953 ms, budget for concrete execution: 953 ms,  -- 
18:34:15.198 | ERROR | Symbolic execution FAILED
com.huawei.utbot.instrumentation.util.ChildProcessError: Error in the child process |> java.lang.InstantiationException: com.google.common.base.CaseFormat
	at sun.misc.Unsafe.allocateInstance(Native Method)
	at com.huawei.utbot.framework.util.EngineUtilsKt.getAnyInstance(EngineUtils.kt:61)
	at com.huawei.utbot.framework.concrete.MockValueConstructor.constructObject(MockValueConstructor.kt:158)
	at com.huawei.utbot.framework.concrete.MockValueConstructor.construct(MockValueConstructor.kt:124)
	at com.huawei.utbot.framework.concrete.MockValueConstructor.constructMethodParameters(MockValueConstructor.kt:101)
	at com.huawei.utbot.framework.concrete.UtExecutionInstrumentation.invoke(UtExecutionInstrumentation.kt:126)
	at com.huawei.utbot.framework.concrete.UtExecutionInstrumentation.invoke(UtExecutionInstrumentation.kt:96)
	at com.huawei.utbot.instrumentation.process.ChildProcessKt.loop(ChildProcess.kt:114)
	at com.huawei.utbot.instrumentation.process.ChildProcessKt.main(ChildProcess.kt:76)
	at com.huawei.utbot.instrumentation.process.ChildProcessKt.main(ChildProcess.kt)

	at com.huawei.utbot.instrumentation.ConcreteExecutor.executeAsync(ConcreteExecutor.kt:391) ~[utbot-junit-contest-1.0.jar:?]
	at com.huawei.utbot.instrumentation.ConcreteExecutor$executeAsync$1.invokeSuspend(ConcreteExecutor.kt) ~[utbot-junit-contest-1.0.jar:?]
	at kotlin.coroutines.jvm.internal.BaseContinuationImpl.resumeWith(ContinuationImpl.kt:33) [utbot-junit-contest-1.0.jar:?]
	at kotlinx.coroutines.DispatchedTask.run(DispatchedTask.kt:106) [utbot-junit-contest-1.0.jar:?]
	at java.util.concurrent.Executors$RunnableAdapter.call(Executors.java:511) [?:1.8.0_312]
	at java.util.concurrent.FutureTask.run(FutureTask.java:266) [?:1.8.0_312]
	at java.util.concurrent.ScheduledThreadPoolExecutor$ScheduledFutureTask.access$201(ScheduledThreadPoolExecutor.java:180) [?:1.8.0_312]
	at java.util.concurrent.ScheduledThreadPoolExecutor$ScheduledFutureTask.run(ScheduledThreadPoolExecutor.java:293) [?:1.8.0_312]
	at java.util.concurrent.ThreadPoolExecutor.runWorker(ThreadPoolExecutor.java:1149) [?:1.8.0_312]
	at java.util.concurrent.ThreadPoolExecutor$Worker.run(ThreadPoolExecutor.java:624) [?:1.8.0_312]
	at java.lang.Thread.run(Thread.java:748) [?:1.8.0_312]
18:34:15.623 | DEBUG | --new testCase collected, to generate: testCom.google.common.base.CaseFormat.converterTo(CaseFormat)1
18:34:15.624 | INFO  | Finished (in 0.431 sec): method com.google.common.base.CaseFormat.converterTo(CaseFormat) 
<StatsForMethod> :
	#generatedTC=1
	FAILED 1 time(s) with 1 different exception(s)"
18:34:15.642 | DEBUG |  ... 
18:34:15.642 | INFO  | Started: method com.google.common.base.CaseFormat.firstCharOnlyToUpper(String)
18:34:15.643 | INFO  |  -- Remaining time budget: 20516 ms, #remaining_methods: 10, budget for method: 2051 ms, solver timeout: 1000 ms, budget for symbolic execution: 1026 ms, budget for concrete execution: 1025 ms,  -- 
18:34:15.655 | DEBUG | --new testCase collected, to generate: testCom.google.common.base.CaseFormat.firstCharOnlyToUpper(String)1
18:34:15.692 | DEBUG | --new testCase collected, to generate: testCom.google.common.base.CaseFormat.firstCharOnlyToUpper(String)2
18:34:15.837 | DEBUG | --new testCase collected, to generate: testCom.google.common.base.CaseFormat.firstCharOnlyToUpper(String)3
18:34:16.669 | INFO  | |> Starting concrete execution for remaining state: com.google.common.base.CaseFormat.firstCharOnlyToUpper(String)
18:34:17.542 | DEBUG | --new testCase collected, to generate: testCom.google.common.base.CaseFormat.firstCharOnlyToUpper(String)4
18:34:17.694 | INFO  | (X) Cancelling concrete execution: com.google.common.base.CaseFormat.firstCharOnlyToUpper(String)
18:34:17.724 | INFO  | Finished (in 2.081 sec): method com.google.common.base.CaseFormat.firstCharOnlyToUpper(String) 
<StatsForMethod> :
	#generatedTC=4
	WITH NO EXCEPTIONS
18:34:17.858 | DEBUG |  ... 
18:34:17.859 | INFO  | Started: method com.google.common.base.CaseFormat.valueOf(String)
18:34:17.860 | INFO  |  -- Remaining time budget: 18299 ms, #remaining_methods: 9, budget for method: 2033 ms, solver timeout: 1000 ms, budget for symbolic execution: 1017 ms, budget for concrete execution: 1016 ms,  -- 
18:34:17.871 | DEBUG | --new testCase collected, to generate: testCom.google.common.base.CaseFormat.valueOf(String)1
18:34:18.877 | INFO  | |> Starting concrete execution for remaining state: com.google.common.base.CaseFormat.valueOf(String)
18:34:19.894 | INFO  | (X) Cancelling concrete execution: com.google.common.base.CaseFormat.valueOf(String)
18:34:19.953 | INFO  | Finished (in 2.093 sec): method com.google.common.base.CaseFormat.valueOf(String) 
<StatsForMethod> :
	#generatedTC=1
	WITH NO EXCEPTIONS
18:34:20.019 | DEBUG |  ... 
18:34:20.019 | INFO  | Started: method com.google.common.base.CaseFormat.values()
18:34:20.019 | INFO  |  -- Remaining time budget: 16139 ms, #remaining_methods: 8, budget for method: 2017 ms, solver timeout: 1000 ms, budget for symbolic execution: 1009 ms, budget for concrete execution: 1008 ms,  -- 
18:34:20.033 | DEBUG | --new testCase collected, to generate: testCom.google.common.base.CaseFormat.values()1
18:34:20.692 | INFO  | Finished (in 0.672 sec): method com.google.common.base.CaseFormat.values() 
<StatsForMethod> :
	#generatedTC=1
	WITH NO EXCEPTIONS
18:34:20.749 | DEBUG |  ... 
18:34:20.750 | INFO  | Started: method com.google.common.base.CaseFormat.<init>(CharMatcher, String)
18:34:20.750 | INFO  |  -- Remaining time budget: 15408 ms, #remaining_methods: 7, budget for method: 2201 ms, solver timeout: 1000 ms, budget for symbolic execution: 1101 ms, budget for concrete execution: 1100 ms,  -- 
18:34:20.760 | ERROR | Symbolic execution FAILED
com.huawei.utbot.instrumentation.util.ChildProcessError: Error in the child process |> java.lang.IllegalArgumentException: Cannot reflectively create enum objects
	at java.lang.reflect.Constructor.newInstance(Constructor.java:417)
	at com.huawei.utbot.instrumentation.instrumentation.InvokeInstrumentation$invoke$$inlined$run$lambda$2.invoke(InvokeInstrumentation.kt:70)
	at com.huawei.utbot.common.ThreadBasedExecutor$invokeWithTimeout$1.invoke(ThreadUtil.kt:43)
	at com.huawei.utbot.common.ThreadBasedExecutor$invokeWithTimeout$1.invoke(ThreadUtil.kt:22)
	at kotlin.concurrent.ThreadsKt$thread$thread$1.run(Thread.kt:30)

	at com.huawei.utbot.instrumentation.ConcreteExecutor.executeAsync(ConcreteExecutor.kt:391) ~[utbot-junit-contest-1.0.jar:?]
	at com.huawei.utbot.instrumentation.ConcreteExecutor$executeAsync$1.invokeSuspend(ConcreteExecutor.kt) ~[utbot-junit-contest-1.0.jar:?]
	at kotlin.coroutines.jvm.internal.BaseContinuationImpl.resumeWith(ContinuationImpl.kt:33) [utbot-junit-contest-1.0.jar:?]
	at kotlinx.coroutines.DispatchedTask.run(DispatchedTask.kt:106) [utbot-junit-contest-1.0.jar:?]
	at java.util.concurrent.Executors$RunnableAdapter.call(Executors.java:511) [?:1.8.0_312]
	at java.util.concurrent.FutureTask.run(FutureTask.java:266) [?:1.8.0_312]
	at java.util.concurrent.ScheduledThreadPoolExecutor$ScheduledFutureTask.access$201(ScheduledThreadPoolExecutor.java:180) [?:1.8.0_312]
	at java.util.concurrent.ScheduledThreadPoolExecutor$ScheduledFutureTask.run(ScheduledThreadPoolExecutor.java:293) [?:1.8.0_312]
	at java.util.concurrent.ThreadPoolExecutor.runWorker(ThreadPoolExecutor.java:1149) [?:1.8.0_312]
	at java.util.concurrent.ThreadPoolExecutor$Worker.run(ThreadPoolExecutor.java:624) [?:1.8.0_312]
	at java.lang.Thread.run(Thread.java:748) [?:1.8.0_312]
18:34:20.830 | DEBUG | --new testCase collected, to generate: testCom.google.common.base.CaseFormat.<init>(CharMatcher, String)1
18:34:20.831 | INFO  | Finished (in 0.081 sec): method com.google.common.base.CaseFormat.<init>(CharMatcher, String) 
<StatsForMethod> :
	#generatedTC=1
	FAILED 1 time(s) with 1 different exception(s)"
18:34:20.837 | DEBUG |  ... 
18:34:20.838 | INFO  | Started: method com.google.common.base.CaseFormat.StringConverter.equals(Object)
18:34:20.838 | INFO  |  -- Remaining time budget: 15320 ms, #remaining_methods: 6, budget for method: 2553 ms, solver timeout: 1000 ms, budget for symbolic execution: 1353 ms, budget for concrete execution: 1200 ms,  -- 
18:34:20.846 | DEBUG | --new testCase collected, to generate: testCom.google.common.base.CaseFormat.StringConverter.equals(Object)1
18:34:21.046 | DEBUG | --new testCase collected, to generate: testCom.google.common.base.CaseFormat.StringConverter.equals(Object)2
18:34:21.076 | DEBUG | --new testCase collected, to generate: testCom.google.common.base.CaseFormat.StringConverter.equals(Object)3
18:34:21.156 | DEBUG | --new testCase collected, to generate: testCom.google.common.base.CaseFormat.StringConverter.equals(Object)4
18:34:21.172 | DEBUG | --new testCase collected, to generate: testCom.google.common.base.CaseFormat.StringConverter.equals(Object)5
18:34:21.173 | INFO  | Finished (in 0.335 sec): method com.google.common.base.CaseFormat.StringConverter.equals(Object) 
<StatsForMethod> :
	#generatedTC=5
	WITH NO EXCEPTIONS
18:34:21.175 | DEBUG |  ... 
18:34:21.175 | INFO  | Started: method com.google.common.base.CaseFormat.StringConverter.hashCode()
18:34:21.176 | INFO  |  -- Remaining time budget: 14983 ms, #remaining_methods: 5, budget for method: 2996 ms, solver timeout: 1000 ms, budget for symbolic execution: 1796 ms, budget for concrete execution: 1200 ms,  -- 
18:34:21.183 | DEBUG | --new testCase collected, to generate: testCom.google.common.base.CaseFormat.StringConverter.hashCode()1
18:34:21.212 | DEBUG | --new testCase collected, to generate: testCom.google.common.base.CaseFormat.StringConverter.hashCode()2
18:34:21.213 | INFO  | Finished (in 0.037 sec): method com.google.common.base.CaseFormat.StringConverter.hashCode() 
<StatsForMethod> :
	#generatedTC=2
	WITH NO EXCEPTIONS
18:34:21.214 | DEBUG |  ... 
18:34:21.214 | INFO  | Started: method com.google.common.base.CaseFormat.StringConverter.toString()
18:34:21.214 | INFO  |  -- Remaining time budget: 14944 ms, #remaining_methods: 4, budget for method: 3736 ms, solver timeout: 1000 ms, budget for symbolic execution: 2536 ms, budget for concrete execution: 1200 ms,  -- 
18:34:21.220 | DEBUG | --new testCase collected, to generate: testCom.google.common.base.CaseFormat.StringConverter.toString()1
18:34:23.751 | INFO  | |> Starting concrete execution for remaining state: com.google.common.base.CaseFormat.StringConverter.toString()
18:34:24.119 | DEBUG | --new testCase collected, to generate: testCom.google.common.base.CaseFormat.StringConverter.toString()2
18:34:24.128 | INFO  | Finished (in 2.913 sec): method com.google.common.base.CaseFormat.StringConverter.toString() 
<StatsForMethod> :
	#generatedTC=2
	WITH NO EXCEPTIONS
18:34:24.348 | DEBUG |  ... 
18:34:24.348 | INFO  | Started: method com.google.common.base.CaseFormat.StringConverter.doForward(String)
18:34:24.349 | INFO  |  -- Remaining time budget: 11810 ms, #remaining_methods: 3, budget for method: 3936 ms, solver timeout: 1000 ms, budget for symbolic execution: 2736 ms, budget for concrete execution: 1200 ms,  -- 
18:34:24.355 | DEBUG | --new testCase collected, to generate: testCom.google.common.base.CaseFormat.StringConverter.doForward(String)1
18:34:24.384 | DEBUG | --new testCase collected, to generate: testCom.google.common.base.CaseFormat.StringConverter.doForward(String)2
18:34:24.384 | INFO  | Finished (in 0.036 sec): method com.google.common.base.CaseFormat.StringConverter.doForward(String) 
<StatsForMethod> :
	#generatedTC=2
	WITH NO EXCEPTIONS
18:34:24.385 | DEBUG |  ... 
18:34:24.385 | INFO  | Started: method com.google.common.base.CaseFormat.StringConverter.doBackward(String)
18:34:24.386 | INFO  |  -- Remaining time budget: 11773 ms, #remaining_methods: 2, budget for method: 5886 ms, solver timeout: 1000 ms, budget for symbolic execution: 4686 ms, budget for concrete execution: 1200 ms,  -- 
18:34:24.392 | DEBUG | --new testCase collected, to generate: testCom.google.common.base.CaseFormat.StringConverter.doBackward(String)1
18:34:24.420 | DEBUG | --new testCase collected, to generate: testCom.google.common.base.CaseFormat.StringConverter.doBackward(String)2
18:34:24.421 | INFO  | Finished (in 0.035 sec): method com.google.common.base.CaseFormat.StringConverter.doBackward(String) 
<StatsForMethod> :
	#generatedTC=2
	WITH NO EXCEPTIONS
18:34:24.422 | DEBUG |  ... 
18:34:24.422 | INFO  | Started: method com.google.common.base.CaseFormat.StringConverter.<init>(CaseFormat, CaseFormat)
18:34:24.423 | INFO  |  -- Remaining time budget: 11736 ms, #remaining_methods: 1, budget for method: 11736 ms, solver timeout: 1000 ms, budget for symbolic execution: 10536 ms, budget for concrete execution: 1200 ms,  -- 
18:34:24.426 | ERROR | Symbolic execution FAILED
com.huawei.utbot.instrumentation.util.ChildProcessError: Error in the child process |> java.lang.InstantiationException: com.google.common.base.CaseFormat
	at sun.misc.Unsafe.allocateInstance(Native Method)
	at com.huawei.utbot.framework.util.EngineUtilsKt.getAnyInstance(EngineUtils.kt:61)
	at com.huawei.utbot.framework.concrete.MockValueConstructor.constructObject(MockValueConstructor.kt:158)
	at com.huawei.utbot.framework.concrete.MockValueConstructor.construct(MockValueConstructor.kt:124)
	at com.huawei.utbot.framework.concrete.MockValueConstructor.constructMethodParameters(MockValueConstructor.kt:101)
	at com.huawei.utbot.framework.concrete.UtExecutionInstrumentation.invoke(UtExecutionInstrumentation.kt:126)
	at com.huawei.utbot.framework.concrete.UtExecutionInstrumentation.invoke(UtExecutionInstrumentation.kt:96)
	at com.huawei.utbot.instrumentation.process.ChildProcessKt.loop(ChildProcess.kt:114)
	at com.huawei.utbot.instrumentation.process.ChildProcessKt.main(ChildProcess.kt:76)
	at com.huawei.utbot.instrumentation.process.ChildProcessKt.main(ChildProcess.kt)

	at com.huawei.utbot.instrumentation.ConcreteExecutor.executeAsync(ConcreteExecutor.kt:391) ~[utbot-junit-contest-1.0.jar:?]
	at com.huawei.utbot.instrumentation.ConcreteExecutor$executeAsync$1.invokeSuspend(ConcreteExecutor.kt) ~[utbot-junit-contest-1.0.jar:?]
	at kotlin.coroutines.jvm.internal.BaseContinuationImpl.resumeWith(ContinuationImpl.kt:33) [utbot-junit-contest-1.0.jar:?]
	at kotlinx.coroutines.DispatchedTask.run(DispatchedTask.kt:106) [utbot-junit-contest-1.0.jar:?]
	at java.util.concurrent.Executors$RunnableAdapter.call(Executors.java:511) [?:1.8.0_312]
	at java.util.concurrent.FutureTask.run(FutureTask.java:266) [?:1.8.0_312]
	at java.util.concurrent.ScheduledThreadPoolExecutor$ScheduledFutureTask.access$201(ScheduledThreadPoolExecutor.java:180) [?:1.8.0_312]
	at java.util.concurrent.ScheduledThreadPoolExecutor$ScheduledFutureTask.run(ScheduledThreadPoolExecutor.java:293) [?:1.8.0_312]
	at java.util.concurrent.ThreadPoolExecutor.runWorker(ThreadPoolExecutor.java:1149) [?:1.8.0_312]
	at java.util.concurrent.ThreadPoolExecutor$Worker.run(ThreadPoolExecutor.java:624) [?:1.8.0_312]
	at java.lang.Thread.run(Thread.java:748) [?:1.8.0_312]
18:34:24.713 | DEBUG | --new testCase collected, to generate: testCom.google.common.base.CaseFormat.StringConverter.<init>(CaseFormat, CaseFormat)1
18:34:24.713 | INFO  | Finished (in 0.291 sec): method com.google.common.base.CaseFormat.StringConverter.<init>(CaseFormat, CaseFormat) 
<StatsForMethod> :
	#generatedTC=1
	FAILED 1 time(s) with 1 different exception(s)"
18:34:24.729 | INFO  | Started: Flushing tests for [CaseFormat] on disk
18:34:24.957 | INFO  | File size for CaseFormatTest: 28 KB
18:34:24.958 | INFO  | Finished (in 0.229 sec): Flushing tests for [CaseFormat] on disk 
18:34:24.959 | INFO  | Finished (in 14.279 sec): class com.google.common.base.CaseFormat 
<StatsForClass> :
	canceled by timeout = false
	#methods = 14, 
	#methods started symbolic exploration = 14
	#methods with at least one TC = 13
	#methods with exceptions = 6
	#generated TC = 28
	#coverage = null
[READY]
