Started UtBot Contest, classfileDir = /var/benchmarks/projects/seata/core/target/classes, classpathString=/var/benchmarks/projects/seata/core/target/classes:/var/benchmarks/projects/seata/core/target/seata-core-0.5.0.jar:/var/benchmarks/projects/./seata/core/target/dependency/mockito-core-2.23.4.jar:/var/benchmarks/projects/seata/core/target/dependency/byte-buddy-agent-1.9.3.jar:/var/benchmarks/projects/seata/core/target/dependency/assertj-core-2.6.0.jar:/var/benchmarks/projects/seata/core/target/dependency/seata-common-0.5.0.jar:/var/benchmarks/projects/seata/core/target/dependency/byte-buddy-1.9.3.jar:/var/benchmarks/projects/seata/core/target/dependency/objenesis-2.6.jar:/var/benchmarks/projects/seata/core/target/dependency/seata-discovery-core-0.5.0.jar:/var/benchmarks/projects/seata/core/target/dependency/commons-pool2-2.4.2.jar:/var/benchmarks/projects/seata/core/target/dependency/junit-4.12.jar:/var/benchmarks/projects/seata/core/target/dependency/hamcrest-core-1.3.jar:/var/benchmarks/projects/seata/core/target/dependency/slf4j-api-1.7.22.jar:/var/benchmarks/projects/seata/core/target/dependency/seata-config-core-0.5.0.jar:/var/benchmarks/projects/seata/core/target/dependency/netty-all-4.1.24.Final.jar:/var/benchmarks/projects/seata/core/target/dependency/commons-lang-2.6.jar:/var/benchmarks/projects/seata/core/target/dependency/fastjson-1.2.48.jar:/var/benchmarks/projects/seata/core/target/dependency/config-1.2.1.jar:/var/benchmarks/projects/seata/core/target/dependency/commons-pool-1.6.jar, outputDir=/home/utbot_mocks/temp/testcases, mocks=Other classes: Mockito
19:10:16.457 | INFO  | Started: warmup: kotlin reflection :: init
19:10:16.548 | INFO  | Finished (in 0.089 sec): warmup: kotlin reflection :: init 
[INIT]
>> [RUN] io.seata.core.protocol.MessageFuture 30
19:10:16.561 | DEBUG | -----------------------------------------------------------------------------
19:10:16.561 | INFO  | Contest.runGeneration: Time budget: 30000 ms, Generation timeout=25500 ms, classpath=/var/benchmarks/projects/seata/core/target/classes:/var/benchmarks/projects/seata/core/target/seata-core-0.5.0.jar:/var/benchmarks/projects/./seata/core/target/dependency/mockito-core-2.23.4.jar:/var/benchmarks/projects/seata/core/target/dependency/byte-buddy-agent-1.9.3.jar:/var/benchmarks/projects/seata/core/target/dependency/assertj-core-2.6.0.jar:/var/benchmarks/projects/seata/core/target/dependency/seata-common-0.5.0.jar:/var/benchmarks/projects/seata/core/target/dependency/byte-buddy-1.9.3.jar:/var/benchmarks/projects/seata/core/target/dependency/objenesis-2.6.jar:/var/benchmarks/projects/seata/core/target/dependency/seata-discovery-core-0.5.0.jar:/var/benchmarks/projects/seata/core/target/dependency/commons-pool2-2.4.2.jar:/var/benchmarks/projects/seata/core/target/dependency/junit-4.12.jar:/var/benchmarks/projects/seata/core/target/dependency/hamcrest-core-1.3.jar:/var/benchmarks/projects/seata/core/target/dependency/slf4j-api-1.7.22.jar:/var/benchmarks/projects/seata/core/target/dependency/seata-config-core-0.5.0.jar:/var/benchmarks/projects/seata/core/target/dependency/netty-all-4.1.24.Final.jar:/var/benchmarks/projects/seata/core/target/dependency/commons-lang-2.6.jar:/var/benchmarks/projects/seata/core/target/dependency/fastjson-1.2.48.jar:/var/benchmarks/projects/seata/core/target/dependency/config-1.2.1.jar:/var/benchmarks/projects/seata/core/target/dependency/commons-pool-1.6.jar, methodNameFilter=null
19:10:16.564 | INFO  | ClassUnderTest[ FQN: io.seata.core.protocol.MessageFuture
    classfileDir: /var/benchmarks/projects/seata/core/target/classes
    testClassSimpleName: MessageFutureTest
    generatedTestFile: /home/utbot_mocks/temp/testcases/io/seata/core/protocol/MessageFutureTest.java
    generatedTestsSourcesDir: /home/utbot_mocks/temp/testcases
]
19:10:16.597 | INFO  | Started: class io.seata.core.protocol.MessageFuture
19:10:16.598 | INFO  | Started: preparation class class io.seata.core.protocol.MessageFuture: kotlin reflection :: run
19:10:16.615 | INFO  | Finished (in 0.016 sec): preparation class class io.seata.core.protocol.MessageFuture: kotlin reflection :: run 
19:10:16.616 | INFO  | Started: 2nd optional soot initialization
19:10:16.618 | INFO  | Finished (in 0.001 sec): 2nd optional soot initialization 
19:10:16.628 | DEBUG |  ... 
19:10:16.648 | INFO  | Started: method io.seata.core.protocol.MessageFuture.getTimeout()
19:10:16.649 | INFO  |  -- Remaining time budget: 25432 ms, #remaining_methods: 8, budget for method: 3179 ms, solver timeout: 1000 ms, budget for symbolic execution: 1979 ms, budget for concrete execution: 1200 ms,  -- 
19:10:16.970 | DEBUG | --new testCase collected, to generate: testIo.seata.core.protocol.MessageFuture.getTimeout()1
19:10:17.159 | DEBUG | --new testCase collected, to generate: testIo.seata.core.protocol.MessageFuture.getTimeout()2
19:10:17.161 | INFO  | Finished (in 0.512 sec): method io.seata.core.protocol.MessageFuture.getTimeout() 
<StatsForMethod> :
	#generatedTC=2
	WITH NO EXCEPTIONS
19:10:17.163 | DEBUG |  ... 
19:10:17.163 | INFO  | Started: method io.seata.core.protocol.MessageFuture.setRequestMessage(RpcMessage)
19:10:17.164 | INFO  |  -- Remaining time budget: 24899 ms, #remaining_methods: 7, budget for method: 3557 ms, solver timeout: 1000 ms, budget for symbolic execution: 2357 ms, budget for concrete execution: 1200 ms,  -- 
19:10:17.178 | DEBUG | --new testCase collected, to generate: testIo.seata.core.protocol.MessageFuture.setRequestMessage(RpcMessage)1
19:10:17.225 | DEBUG | --new testCase collected, to generate: testIo.seata.core.protocol.MessageFuture.setRequestMessage(RpcMessage)2
19:10:17.225 | INFO  | Finished (in 0.061 sec): method io.seata.core.protocol.MessageFuture.setRequestMessage(RpcMessage) 
<StatsForMethod> :
	#generatedTC=2
	WITH NO EXCEPTIONS
19:10:17.227 | DEBUG |  ... 
19:10:17.228 | INFO  | Started: method io.seata.core.protocol.MessageFuture.setTimeout(long)
19:10:17.228 | INFO  |  -- Remaining time budget: 24834 ms, #remaining_methods: 6, budget for method: 4139 ms, solver timeout: 1000 ms, budget for symbolic execution: 2939 ms, budget for concrete execution: 1200 ms,  -- 
19:10:17.236 | DEBUG | --new testCase collected, to generate: testIo.seata.core.protocol.MessageFuture.setTimeout(long)1
19:10:17.267 | DEBUG | --new testCase collected, to generate: testIo.seata.core.protocol.MessageFuture.setTimeout(long)2
19:10:17.268 | INFO  | Finished (in 0.039 sec): method io.seata.core.protocol.MessageFuture.setTimeout(long) 
<StatsForMethod> :
	#generatedTC=2
	WITH NO EXCEPTIONS
19:10:17.269 | DEBUG |  ... 
19:10:17.269 | INFO  | Started: method io.seata.core.protocol.MessageFuture.getRequestMessage()
19:10:17.269 | INFO  |  -- Remaining time budget: 24793 ms, #remaining_methods: 5, budget for method: 4958 ms, solver timeout: 1000 ms, budget for symbolic execution: 3758 ms, budget for concrete execution: 1200 ms,  -- 
19:10:17.277 | DEBUG | --new testCase collected, to generate: testIo.seata.core.protocol.MessageFuture.getRequestMessage()1
19:10:17.308 | DEBUG | --new testCase collected, to generate: testIo.seata.core.protocol.MessageFuture.getRequestMessage()2
19:10:17.309 | INFO  | Finished (in 0.039 sec): method io.seata.core.protocol.MessageFuture.getRequestMessage() 
<StatsForMethod> :
	#generatedTC=2
	WITH NO EXCEPTIONS
19:10:17.310 | DEBUG |  ... 
19:10:17.310 | INFO  | Started: method io.seata.core.protocol.MessageFuture.setResultMessage(Object)
19:10:17.310 | INFO  |  -- Remaining time budget: 24752 ms, #remaining_methods: 4, budget for method: 6188 ms, solver timeout: 1000 ms, budget for symbolic execution: 4988 ms, budget for concrete execution: 1200 ms,  -- 
19:10:17.318 | DEBUG | --new testCase collected, to generate: testIo.seata.core.protocol.MessageFuture.setResultMessage(Object)1
19:10:18.984 | DEBUG | --new testCase collected, to generate: testIo.seata.core.protocol.MessageFuture.setResultMessage(Object)2
19:10:19.323 | DEBUG | --new testCase collected, to generate: testIo.seata.core.protocol.MessageFuture.setResultMessage(Object)3
19:10:22.299 | INFO  | |> Starting concrete execution for remaining state: io.seata.core.protocol.MessageFuture.setResultMessage(Object)
19:10:23.501 | INFO  | (X) Cancelling concrete execution: io.seata.core.protocol.MessageFuture.setResultMessage(Object)
19:10:23.615 | INFO  | Finished (in 6.305 sec): method io.seata.core.protocol.MessageFuture.setResultMessage(Object) 
<StatsForMethod> :
	#generatedTC=3
	WITH NO EXCEPTIONS
19:10:23.838 | DEBUG |  ... 
19:10:23.839 | INFO  | Started: method io.seata.core.protocol.MessageFuture.isTimeout()
19:10:23.839 | INFO  |  -- Remaining time budget: 18223 ms, #remaining_methods: 3, budget for method: 6074 ms, solver timeout: 1000 ms, budget for symbolic execution: 4874 ms, budget for concrete execution: 1200 ms,  -- 
19:10:23.846 | DEBUG | --new testCase collected, to generate: testIo.seata.core.protocol.MessageFuture.isTimeout()1
19:10:23.908 | DEBUG | --new testCase collected, to generate: testIo.seata.core.protocol.MessageFuture.isTimeout()2
19:10:23.916 | DEBUG | --new testCase collected, to generate: testIo.seata.core.protocol.MessageFuture.isTimeout()3
19:10:23.916 | INFO  | Finished (in 0.077 sec): method io.seata.core.protocol.MessageFuture.isTimeout() 
<StatsForMethod> :
	#generatedTC=3
	WITH NO EXCEPTIONS
19:10:23.918 | DEBUG |  ... 
19:10:23.918 | INFO  | Started: method io.seata.core.protocol.MessageFuture.get(long, TimeUnit)
19:10:23.918 | INFO  |  -- Remaining time budget: 18144 ms, #remaining_methods: 2, budget for method: 9072 ms, solver timeout: 1000 ms, budget for symbolic execution: 7872 ms, budget for concrete execution: 1200 ms,  -- 
19:10:23.931 | ERROR | Symbolic execution FAILED
com.huawei.utbot.instrumentation.util.ChildProcessError: Error in the child process |> java.lang.IllegalAccessException: Class com.huawei.utbot.framework.concrete.MockValueConstructor can not access a member of class java.util.concurrent.TimeUnit with modifiers "private"
	at sun.reflect.Reflection.ensureMemberAccess(Reflection.java:102)
	at java.lang.reflect.AccessibleObject.slowCheckMemberAccess(AccessibleObject.java:296)
	at java.lang.reflect.AccessibleObject.checkAccess(AccessibleObject.java:288)
	at java.lang.reflect.Constructor.newInstance(Constructor.java:413)
	at com.huawei.utbot.framework.concrete.MockValueConstructor.call(MockValueConstructor.kt:414)
	at com.huawei.utbot.framework.concrete.MockValueConstructor.updateWithExecutableCallModel(MockValueConstructor.kt:353)
	at com.huawei.utbot.framework.concrete.MockValueConstructor.constructFromAssembleModel(MockValueConstructor.kt:332)
	at com.huawei.utbot.framework.concrete.MockValueConstructor.construct(MockValueConstructor.kt:126)
	at com.huawei.utbot.framework.concrete.MockValueConstructor.constructMethodParameters(MockValueConstructor.kt:101)
	at com.huawei.utbot.framework.concrete.UtExecutionInstrumentation.invoke(UtExecutionInstrumentation.kt:126)
	at com.huawei.utbot.framework.concrete.UtExecutionInstrumentation.invoke(UtExecutionInstrumentation.kt:96)
	at com.huawei.utbot.instrumentation.process.ChildProcessKt.loop(ChildProcess.kt:114)
	at com.huawei.utbot.instrumentation.process.ChildProcessKt.main(ChildProcess.kt:76)
	at com.huawei.utbot.instrumentation.process.ChildProcessKt.main(ChildProcess.kt)

	at com.huawei.utbot.instrumentation.ConcreteExecutor.executeAsync(ConcreteExecutor.kt:391) ~[utbot-junit-contest-1.0.jar:?]
	at com.huawei.utbot.instrumentation.ConcreteExecutor$executeAsync$1.invokeSuspend(ConcreteExecutor.kt) ~[utbot-junit-contest-1.0.jar:?]
	at kotlin.coroutines.jvm.internal.BaseContinuationImpl.resumeWith(ContinuationImpl.kt:33) [utbot-junit-contest-1.0.jar:?]
	at kotlinx.coroutines.DispatchedTask.run(DispatchedTask.kt:106) [utbot-junit-contest-1.0.jar:?]
	at java.util.concurrent.Executors$RunnableAdapter.call(Executors.java:511) [?:1.8.0_312]
	at java.util.concurrent.FutureTask.run(FutureTask.java:266) [?:1.8.0_312]
	at java.util.concurrent.ScheduledThreadPoolExecutor$ScheduledFutureTask.access$201(ScheduledThreadPoolExecutor.java:180) [?:1.8.0_312]
	at java.util.concurrent.ScheduledThreadPoolExecutor$ScheduledFutureTask.run(ScheduledThreadPoolExecutor.java:293) [?:1.8.0_312]
	at java.util.concurrent.ThreadPoolExecutor.runWorker(ThreadPoolExecutor.java:1149) [?:1.8.0_312]
	at java.util.concurrent.ThreadPoolExecutor$Worker.run(ThreadPoolExecutor.java:624) [?:1.8.0_312]
	at java.lang.Thread.run(Thread.java:748) [?:1.8.0_312]
19:10:23.992 | ERROR | Symbolic execution FAILED
java.lang.IllegalArgumentException: No targets for Invocation(instance=ObjectValue(typeStorage=java.util.concurrent.TimeUnit, addr=addr: (BVInt32 p1)), method=<java.util.concurrent.TimeUnit: long toNanos(long)>, parameters=[(long (BVLong64 p0))], generator=() -> kotlin.collections.List<com.huawei.utbot.engine.InvocationTarget>)
	at com.huawei.utbot.engine.UtBotSymbolicEngine.commonInvokePart(UtBotSymbolicEngine.kt:2417) ~[utbot-junit-contest-1.0.jar:?]
	at com.huawei.utbot.engine.UtBotSymbolicEngine.virtualAndInterfaceInvoke(UtBotSymbolicEngine.kt:2289) ~[utbot-junit-contest-1.0.jar:?]
	at com.huawei.utbot.engine.UtBotSymbolicEngine.invokeResult(UtBotSymbolicEngine.kt:2153) ~[utbot-junit-contest-1.0.jar:?]
	at com.huawei.utbot.engine.UtBotSymbolicEngine.traverseAssignStmt(UtBotSymbolicEngine.kt:884) ~[utbot-junit-contest-1.0.jar:?]
	at com.huawei.utbot.engine.UtBotSymbolicEngine.traverseStmt(UtBotSymbolicEngine.kt:604) ~[utbot-junit-contest-1.0.jar:?]
	at com.huawei.utbot.engine.UtBotSymbolicEngine$traverse$1.invokeSuspend(UtBotSymbolicEngine.kt:464) [utbot-junit-contest-1.0.jar:?]
	at com.huawei.utbot.engine.UtBotSymbolicEngine$traverse$1.invoke(UtBotSymbolicEngine.kt) [utbot-junit-contest-1.0.jar:?]
	at kotlinx.coroutines.flow.SafeFlow.collectSafely(Builders.kt:61) [utbot-junit-contest-1.0.jar:?]
	at kotlinx.coroutines.flow.AbstractFlow.collect(Flow.kt:212) [utbot-junit-contest-1.0.jar:?]
	at kotlinx.coroutines.flow.FlowKt__MergeKt$flattenConcat$$inlined$unsafeFlow$1$lambda$1.emit(Collect.kt:134) [utbot-junit-contest-1.0.jar:?]
	at kotlinx.coroutines.flow.FlowKt__BuildersKt$flowOf$$inlined$unsafeFlow$1.collect(SafeCollector.common.kt:114) [utbot-junit-contest-1.0.jar:?]
	at kotlinx.coroutines.flow.FlowKt__BuildersKt$flowOf$$inlined$unsafeFlow$1$1.invokeSuspend(Unknown Source) [utbot-junit-contest-1.0.jar:?]
	at kotlin.coroutines.jvm.internal.BaseContinuationImpl.resumeWith(ContinuationImpl.kt:33) [utbot-junit-contest-1.0.jar:?]
	at kotlinx.coroutines.DispatchedTask.run(DispatchedTask.kt:106) [utbot-junit-contest-1.0.jar:?]
	at java.util.concurrent.Executors$RunnableAdapter.call(Executors.java:511) [?:1.8.0_312]
	at java.util.concurrent.FutureTask.run(FutureTask.java:266) [?:1.8.0_312]
	at java.util.concurrent.ScheduledThreadPoolExecutor$ScheduledFutureTask.access$201(ScheduledThreadPoolExecutor.java:180) [?:1.8.0_312]
	at java.util.concurrent.ScheduledThreadPoolExecutor$ScheduledFutureTask.run(ScheduledThreadPoolExecutor.java:293) [?:1.8.0_312]
	at java.util.concurrent.ThreadPoolExecutor.runWorker(ThreadPoolExecutor.java:1149) [?:1.8.0_312]
	at java.util.concurrent.ThreadPoolExecutor$Worker.run(ThreadPoolExecutor.java:624) [?:1.8.0_312]
	at java.lang.Thread.run(Thread.java:748) [?:1.8.0_312]
19:10:23.993 | INFO  | Finished (in 0.074 sec): method io.seata.core.protocol.MessageFuture.get(long, TimeUnit) 
<StatsForMethod> :
	#generatedTC=0
	FAILED 2 time(s) with 2 different exception(s)"
19:10:23.994 | DEBUG |  ... 
19:10:23.994 | INFO  | Started: method io.seata.core.protocol.MessageFuture.<init>()
19:10:23.995 | INFO  |  -- Remaining time budget: 18068 ms, #remaining_methods: 1, budget for method: 18068 ms, solver timeout: 1000 ms, budget for symbolic execution: 16868 ms, budget for concrete execution: 1200 ms,  -- 
19:10:24.001 | DEBUG | --new testCase collected, to generate: testIo.seata.core.protocol.MessageFuture.<init>()1
19:10:24.125 | DEBUG | --new testCase collected, to generate: testIo.seata.core.protocol.MessageFuture.<init>()2
19:10:24.125 | INFO  | Finished (in 0.130 sec): method io.seata.core.protocol.MessageFuture.<init>() 
<StatsForMethod> :
	#generatedTC=2
	WITH NO EXCEPTIONS
19:10:24.138 | INFO  | Started: Flushing tests for [MessageFuture] on disk
19:10:24.485 | INFO  | File size for MessageFutureTest: 9 KB
19:10:24.486 | INFO  | Finished (in 0.349 sec): Flushing tests for [MessageFuture] on disk 
19:10:24.487 | INFO  | Finished (in 7.889 sec): class io.seata.core.protocol.MessageFuture 
<StatsForClass> :
	canceled by timeout = false
	#methods = 8, 
	#methods started symbolic exploration = 8
	#methods with at least one TC = 7
	#methods with exceptions = 1
	#generated TC = 16
	#coverage = null
[READY]
