Started UtBot Contest, classfileDir = /var/benchmarks/projects/fastjson/target/classes, classpathString=/var/benchmarks/projects/fastjson/target/classes:/var/benchmarks/projects/fastjson/target/fastjson-1.2.50-SNAPSHOT.jar:/var/benchmarks/projects/./fastjson/target/dependency/deeptestutils-1.1.0.jar:/var/benchmarks/projects/fastjson/target/dependency/commons-beanutils-1.8.0.jar:/var/benchmarks/projects/fastjson/target/dependency/woodstox-core-asl-4.4.1.jar:/var/benchmarks/projects/fastjson/target/dependency/spring-aop-4.3.7.RELEASE.jar:/var/benchmarks/projects/fastjson/target/dependency/hibernate-core-5.2.10.Final.jar:/var/benchmarks/projects/fastjson/target/dependency/jackson-module-kotlin-2.9.0.jar:/var/benchmarks/projects/fastjson/target/dependency/spring-data-commons-1.13.6.RELEASE.jar:/var/benchmarks/projects/fastjson/target/dependency/javax.annotation-api-1.2.jar:/var/benchmarks/projects/fastjson/target/dependency/gson-2.6.2.jar:/var/benchmarks/projects/fastjson/target/dependency/jetty-continuation-8.1.8.v20121106.jar:/var/benchmarks/projects/fastjson/target/dependency/objenesis-2.5.1.jar:/var/benchmarks/projects/fastjson/target/dependency/powermock-reflect-1.6.6.jar:/var/benchmarks/projects/fastjson/target/dependency/springfox-spring-web-2.6.1.jar:/var/benchmarks/projects/fastjson/target/dependency/javaslang-2.0.6.jar:/var/benchmarks/projects/fastjson/target/dependency/guava-18.0.jar:/var/benchmarks/projects/fastjson/target/dependency/mockito-core-1.10.19.jar:/var/benchmarks/projects/fastjson/target/dependency/json-lib-2.4-jdk15.jar:/var/benchmarks/projects/fastjson/target/dependency/jetty-xml-8.1.8.v20121106.jar:/var/benchmarks/projects/fastjson/target/dependency/xmlschema-core-2.2.1.jar:/var/benchmarks/projects/fastjson/target/dependency/powermock-api-support-1.6.6.jar:/var/benchmarks/projects/fastjson/target/dependency/commons-collections4-4.1.jar:/var/benchmarks/projects/fastjson/target/dependency/cglib-nodep-2.2.2.jar:/var/benchmarks/projects/fastjson/target/dependency/asm-debug-all-5.0.4.jar:/var/benchmarks/projects/fastjson/target/dependency/spring-plugin-core-1.2.0.RELEASE.jar:/var/benchmarks/projects/fastjson/target/dependency/cxf-rt-rs-client-3.1.2.jar:/var/benchmarks/projects/fastjson/target/dependency/jetty-io-8.1.8.v20121106.jar:/var/benchmarks/projects/fastjson/target/dependency/commons-lang3-3.4.jar:/var/benchmarks/projects/fastjson/target/dependency/stax2-api-3.1.4.jar:/var/benchmarks/projects/fastjson/target/dependency/jackson-annotations-2.9.0.jar:/var/benchmarks/projects/fastjson/target/dependency/jetty-server-8.1.8.v20121106.jar:/var/benchmarks/projects/fastjson/target/dependency/json-simple-1.1.1.jar:/var/benchmarks/projects/fastjson/target/dependency/asm-tree-4.0.jar:/var/benchmarks/projects/fastjson/target/dependency/spring-data-commons-core-1.4.1.RELEASE.jar:/var/benchmarks/projects/fastjson/target/dependency/powermock-module-junit4-common-1.6.6.jar:/var/benchmarks/projects/fastjson/target/dependency/jcl-over-slf4j-1.7.25.jar:/var/benchmarks/projects/fastjson/target/dependency/javax.servlet-3.0.0.v201112011016.jar:/var/benchmarks/projects/fastjson/target/dependency/springfox-core-2.6.1.jar:/var/benchmarks/projects/fastjson/target/dependency/osgi-resource-locator-1.0.1.jar:/var/benchmarks/projects/fastjson/target/dependency/javassist-3.18.0-GA.jar:/var/benchmarks/projects/fastjson/target/dependency/kotlin-reflect-1.1.3-2.jar:/var/benchmarks/projects/fastjson/target/dependency/spring-context-support-4.3.10.RELEASE.jar:/var/benchmarks/projects/fastjson/target/dependency/spring-plugin-metadata-1.2.0.RELEASE.jar:/var/benchmarks/projects/fastjson/target/dependency/kotlin-stdlib-1.1.3-2.jar:/var/benchmarks/projects/fastjson/target/dependency/spring-data-keyvalue-1.2.6.RELEASE.jar:/var/benchmarks/projects/fastjson/target/dependency/jersey-container-servlet-core-2.23.2.jar:/var/benchmarks/projects/fastjson/target/dependency/asm-4.0.jar:/var/benchmarks/projects/fastjson/target/dependency/asm-commons-4.0.jar:/var/benchmarks/projects/fastjson/target/dependency/jersey-guava-2.23.2.jar:/var/benchmarks/projects/fastjson/target/dependency/aopalliance-1.0.jar:/var/benchmarks/projects/fastjson/target/dependency/groovy-2.1.5.jar:/var/benchmarks/projects/fastjson/target/dependency/hk2-api-2.5.0-b05.jar:/var/benchmarks/projects/fastjson/target/dependency/jetty-security-8.1.8.v20121106.jar:/var/benchmarks/projects/fastjson/target/dependency/jmh-core-1.21.jar:/var/benchmarks/projects/fastjson/target/dependency/jersey-container-servlet-2.23.2.jar:/var/benchmarks/projects/fastjson/target/dependency/dom4j-1.6.1.jar:/var/benchmarks/projects/fastjson/target/dependency/spring-core-4.3.7.RELEASE.jar:/var/benchmarks/projects/fastjson/target/dependency/spring-data-redis-1.8.6.RELEASE.jar:/var/benchmarks/projects/fastjson/target/dependency/jackson-core-asl-1.9.13.jar:/var/benchmarks/projects/fastjson/target/dependency/jackson-mapper-asl-1.9.13.jar:/var/benchmarks/projects/fastjson/target/dependency/hibernate-jpa-2.1-api-1.0.0.Final.jar:/var/benchmarks/projects/fastjson/target/dependency/junit-4.12.jar:/var/benchmarks/projects/fastjson/target/dependency/commons-io-1.4.jar:/var/benchmarks/projects/fastjson/target/dependency/jetty-util-8.1.8.v20121106.jar:/var/benchmarks/projects/fastjson/target/dependency/hamcrest-core-1.3.jar:/var/benchmarks/projects/fastjson/target/dependency/jmh-generator-annprocess-1.21.jar:/var/benchmarks/projects/fastjson/target/dependency/jackson-jaxrs-base-2.8.7.jar:/var/benchmarks/projects/fastjson/target/dependency/powermock-module-junit4-1.6.6.jar:/var/benchmarks/projects/fastjson/target/dependency/powermock-core-1.6.6.jar:/var/benchmarks/projects/fastjson/target/dependency/slf4j-api-1.7.25.jar:/var/benchmarks/projects/fastjson/target/dependency/antlr-2.7.7.jar:/var/benchmarks/projects/fastjson/target/dependency/mockito-all-1.10.19.jar:/var/benchmarks/projects/fastjson/target/dependency/jersey-container-jdk-http-2.23.2.jar:/var/benchmarks/projects/fastjson/target/dependency/javaslang-match-2.0.6.jar:/var/benchmarks/projects/fastjson/target/dependency/jersey-test-framework-provider-jdk-http-2.23.2.jar:/var/benchmarks/projects/fastjson/target/dependency/jersey-entity-filtering-2.23.2.jar:/var/benchmarks/projects/fastjson/target/dependency/jandex-2.0.3.Final.jar:/var/benchmarks/projects/fastjson/target/dependency/ezmorph-1.0.6.jar:/var/benchmarks/projects/fastjson/target/dependency/jackson-jaxrs-json-provider-2.8.7.jar:/var/benchmarks/projects/fastjson/target/dependency/cxf-rt-transports-http-3.1.2.jar:/var/benchmarks/projects/fastjson/target/dependency/spring-beans-4.3.7.RELEASE.jar:/var/benchmarks/projects/fastjson/target/dependency/jersey-server-2.23.2.jar:/var/benchmarks/projects/fastjson/target/dependency/powermock-api-mockito-1.6.6.jar:/var/benchmarks/projects/fastjson/target/dependency/jackson-module-jaxb-annotations-2.8.7.jar:/var/benchmarks/projects/fastjson/target/dependency/jopt-simple-4.6.jar:/var/benchmarks/projects/fastjson/target/dependency/asm-analysis-4.0.jar:/var/benchmarks/projects/fastjson/target/dependency/annotations-13.0.jar:/var/benchmarks/projects/fastjson/target/dependency/json-path-2.3.0.jar:/var/benchmarks/projects/fastjson/target/dependency/springfox-spi-2.6.1.jar:/var/benchmarks/projects/fastjson/target/dependency/spring-websocket-4.3.7.RELEASE.jar:/var/benchmarks/projects/fastjson/target/dependency/spring-messaging-4.3.7.RELEASE.jar:/var/benchmarks/projects/fastjson/target/dependency/jersey-client-2.23.2.jar:/var/benchmarks/projects/fastjson/target/dependency/javax.ws.rs-api-2.0.1.jar:/var/benchmarks/projects/fastjson/target/dependency/accessors-smart-1.1.jar:/var/benchmarks/projects/fastjson/target/dependency/hibernate-commons-annotations-5.0.1.Final.jar:/var/benchmarks/projects/fastjson/target/dependency/commons-logging-1.1.1.jar:/var/benchmarks/projects/fastjson/target/dependency/jackson-core-2.9.0.jar:/var/benchmarks/projects/fastjson/target/dependency/spring-expression-4.3.7.RELEASE.jar:/var/benchmarks/projects/fastjson/target/dependency/jersey-media-jaxb-2.23.2.jar:/var/benchmarks/projects/fastjson/target/dependency/okhttp-3.6.0.jar:/var/benchmarks/projects/fastjson/target/dependency/commons-math3-3.2.jar:/var/benchmarks/projects/fastjson/target/dependency/jetty-webapp-8.1.8.v20121106.jar:/var/benchmarks/projects/fastjson/target/dependency/javax.inject-2.5.0-b05.jar:/var/benchmarks/projects/fastjson/target/dependency/cxf-core-3.1.2.jar:/var/benchmarks/projects/fastjson/target/dependency/powermock-api-mockito-common-1.6.6.jar:/var/benchmarks/projects/fastjson/target/dependency/jetty-http-8.1.8.v20121106.jar:/var/benchmarks/projects/fastjson/target/dependency/spring-security-config-3.2.10.RELEASE.jar:/var/benchmarks/projects/fastjson/target/dependency/okio-1.11.0.jar:/var/benchmarks/projects/fastjson/target/dependency/javax.servlet-api-3.1.0.jar:/var/benchmarks/projects/fastjson/target/dependency/json-smart-2.2.1.jar:/var/benchmarks/projects/fastjson/target/dependency/spring-tx-4.3.10.RELEASE.jar:/var/benchmarks/projects/fastjson/target/dependency/jackson-module-afterburner-2.9.0.jar:/var/benchmarks/projects/fastjson/target/dependency/asm-util-4.0.jar:/var/benchmarks/projects/fastjson/target/dependency/spring-security-web-4.2.3.RELEASE.jar:/var/benchmarks/projects/fastjson/target/dependency/spring-webmvc-4.3.7.RELEASE.jar:/var/benchmarks/projects/fastjson/target/dependency/hk2-locator-2.5.0-b05.jar:/var/benchmarks/projects/fastjson/target/dependency/retrofit-2.1.0.jar:/var/benchmarks/projects/fastjson/target/dependency/clojure-1.5.1.jar:/var/benchmarks/projects/fastjson/target/dependency/spring-security-oauth2-2.3.3.RELEASE.jar:/var/benchmarks/projects/fastjson/target/dependency/spring-test-4.3.7.RELEASE.jar:/var/benchmarks/projects/fastjson/target/dependency/aopalliance-repackaged-2.5.0-b05.jar:/var/benchmarks/projects/fastjson/target/dependency/spring-oxm-4.3.10.RELEASE.jar:/var/benchmarks/projects/fastjson/target/dependency/spring-security-core-4.2.3.RELEASE.jar:/var/benchmarks/projects/fastjson/target/dependency/jboss-transaction-api_1.2_spec-1.0.1.Final.jar:/var/benchmarks/projects/fastjson/target/dependency/lombok-1.14.4.jar:/var/benchmarks/projects/fastjson/target/dependency/commons-collections-3.2.1.jar:/var/benchmarks/projects/fastjson/target/dependency/cxf-rt-frontend-jaxrs-3.1.2.jar:/var/benchmarks/projects/fastjson/target/dependency/spring-context-4.3.7.RELEASE.jar:/var/benchmarks/projects/fastjson/target/dependency/jersey-test-framework-core-2.23.2.jar:/var/benchmarks/projects/fastjson/target/dependency/classmate-1.3.1.jar:/var/benchmarks/projects/fastjson/target/dependency/hk2-utils-2.5.0-b05.jar:/var/benchmarks/projects/fastjson/target/dependency/jersey-common-2.23.2.jar:/var/benchmarks/projects/fastjson/target/dependency/jackson-databind-2.9.0.jar:/var/benchmarks/projects/fastjson/target/dependency/jersey-media-json-jackson-2.23.2.jar:/var/benchmarks/projects/fastjson/target/dependency/commons-lang-2.5.jar:/var/benchmarks/projects/fastjson/target/dependency/jetty-servlet-8.1.8.v20121106.jar:/var/benchmarks/projects/fastjson/target/dependency/validation-api-1.1.0.Final.jar:/var/benchmarks/projects/fastjson/target/dependency/spring-web-4.3.7.RELEASE.jar:/var/benchmarks/projects/fastjson/target/dependency/jsoniter-0.9.8.jar:/var/benchmarks/projects/fastjson/target/dependency/jboss-logging-3.3.0.Final.jar, outputDir=/home/utbot_mocks/temp/testcases, mocks=Other classes: Mockito
23:21:10.180 | INFO  | Started: warmup: kotlin reflection :: init
23:21:10.279 | INFO  | Finished (in 0.099 sec): warmup: kotlin reflection :: init 
[INIT]
>> [RUN] com.alibaba.fastjson.serializer.JSONSerializer 120
23:21:10.293 | DEBUG | -----------------------------------------------------------------------------
23:21:10.293 | INFO  | Contest.runGeneration: Time budget: 120000 ms, Generation timeout=102000 ms, classpath=/var/benchmarks/projects/fastjson/target/classes:/var/benchmarks/projects/fastjson/target/fastjson-1.2.50-SNAPSHOT.jar:/var/benchmarks/projects/./fastjson/target/dependency/deeptestutils-1.1.0.jar:/var/benchmarks/projects/fastjson/target/dependency/commons-beanutils-1.8.0.jar:/var/benchmarks/projects/fastjson/target/dependency/woodstox-core-asl-4.4.1.jar:/var/benchmarks/projects/fastjson/target/dependency/spring-aop-4.3.7.RELEASE.jar:/var/benchmarks/projects/fastjson/target/dependency/hibernate-core-5.2.10.Final.jar:/var/benchmarks/projects/fastjson/target/dependency/jackson-module-kotlin-2.9.0.jar:/var/benchmarks/projects/fastjson/target/dependency/spring-data-commons-1.13.6.RELEASE.jar:/var/benchmarks/projects/fastjson/target/dependency/javax.annotation-api-1.2.jar:/var/benchmarks/projects/fastjson/target/dependency/gson-2.6.2.jar:/var/benchmarks/projects/fastjson/target/dependency/jetty-continuation-8.1.8.v20121106.jar:/var/benchmarks/projects/fastjson/target/dependency/objenesis-2.5.1.jar:/var/benchmarks/projects/fastjson/target/dependency/powermock-reflect-1.6.6.jar:/var/benchmarks/projects/fastjson/target/dependency/springfox-spring-web-2.6.1.jar:/var/benchmarks/projects/fastjson/target/dependency/javaslang-2.0.6.jar:/var/benchmarks/projects/fastjson/target/dependency/guava-18.0.jar:/var/benchmarks/projects/fastjson/target/dependency/mockito-core-1.10.19.jar:/var/benchmarks/projects/fastjson/target/dependency/json-lib-2.4-jdk15.jar:/var/benchmarks/projects/fastjson/target/dependency/jetty-xml-8.1.8.v20121106.jar:/var/benchmarks/projects/fastjson/target/dependency/xmlschema-core-2.2.1.jar:/var/benchmarks/projects/fastjson/target/dependency/powermock-api-support-1.6.6.jar:/var/benchmarks/projects/fastjson/target/dependency/commons-collections4-4.1.jar:/var/benchmarks/projects/fastjson/target/dependency/cglib-nodep-2.2.2.jar:/var/benchmarks/projects/fastjson/target/dependency/asm-debug-all-5.0.4.jar:/var/benchmarks/projects/fastjson/target/dependency/spring-plugin-core-1.2.0.RELEASE.jar:/var/benchmarks/projects/fastjson/target/dependency/cxf-rt-rs-client-3.1.2.jar:/var/benchmarks/projects/fastjson/target/dependency/jetty-io-8.1.8.v20121106.jar:/var/benchmarks/projects/fastjson/target/dependency/commons-lang3-3.4.jar:/var/benchmarks/projects/fastjson/target/dependency/stax2-api-3.1.4.jar:/var/benchmarks/projects/fastjson/target/dependency/jackson-annotations-2.9.0.jar:/var/benchmarks/projects/fastjson/target/dependency/jetty-server-8.1.8.v20121106.jar:/var/benchmarks/projects/fastjson/target/dependency/json-simple-1.1.1.jar:/var/benchmarks/projects/fastjson/target/dependency/asm-tree-4.0.jar:/var/benchmarks/projects/fastjson/target/dependency/spring-data-commons-core-1.4.1.RELEASE.jar:/var/benchmarks/projects/fastjson/target/dependency/powermock-module-junit4-common-1.6.6.jar:/var/benchmarks/projects/fastjson/target/dependency/jcl-over-slf4j-1.7.25.jar:/var/benchmarks/projects/fastjson/target/dependency/javax.servlet-3.0.0.v201112011016.jar:/var/benchmarks/projects/fastjson/target/dependency/springfox-core-2.6.1.jar:/var/benchmarks/projects/fastjson/target/dependency/osgi-resource-locator-1.0.1.jar:/var/benchmarks/projects/fastjson/target/dependency/javassist-3.18.0-GA.jar:/var/benchmarks/projects/fastjson/target/dependency/kotlin-reflect-1.1.3-2.jar:/var/benchmarks/projects/fastjson/target/dependency/spring-context-support-4.3.10.RELEASE.jar:/var/benchmarks/projects/fastjson/target/dependency/spring-plugin-metadata-1.2.0.RELEASE.jar:/var/benchmarks/projects/fastjson/target/dependency/kotlin-stdlib-1.1.3-2.jar:/var/benchmarks/projects/fastjson/target/dependency/spring-data-keyvalue-1.2.6.RELEASE.jar:/var/benchmarks/projects/fastjson/target/dependency/jersey-container-servlet-core-2.23.2.jar:/var/benchmarks/projects/fastjson/target/dependency/asm-4.0.jar:/var/benchmarks/projects/fastjson/target/dependency/asm-commons-4.0.jar:/var/benchmarks/projects/fastjson/target/dependency/jersey-guava-2.23.2.jar:/var/benchmarks/projects/fastjson/target/dependency/aopalliance-1.0.jar:/var/benchmarks/projects/fastjson/target/dependency/groovy-2.1.5.jar:/var/benchmarks/projects/fastjson/target/dependency/hk2-api-2.5.0-b05.jar:/var/benchmarks/projects/fastjson/target/dependency/jetty-security-8.1.8.v20121106.jar:/var/benchmarks/projects/fastjson/target/dependency/jmh-core-1.21.jar:/var/benchmarks/projects/fastjson/target/dependency/jersey-container-servlet-2.23.2.jar:/var/benchmarks/projects/fastjson/target/dependency/dom4j-1.6.1.jar:/var/benchmarks/projects/fastjson/target/dependency/spring-core-4.3.7.RELEASE.jar:/var/benchmarks/projects/fastjson/target/dependency/spring-data-redis-1.8.6.RELEASE.jar:/var/benchmarks/projects/fastjson/target/dependency/jackson-core-asl-1.9.13.jar:/var/benchmarks/projects/fastjson/target/dependency/jackson-mapper-asl-1.9.13.jar:/var/benchmarks/projects/fastjson/target/dependency/hibernate-jpa-2.1-api-1.0.0.Final.jar:/var/benchmarks/projects/fastjson/target/dependency/junit-4.12.jar:/var/benchmarks/projects/fastjson/target/dependency/commons-io-1.4.jar:/var/benchmarks/projects/fastjson/target/dependency/jetty-util-8.1.8.v20121106.jar:/var/benchmarks/projects/fastjson/target/dependency/hamcrest-core-1.3.jar:/var/benchmarks/projects/fastjson/target/dependency/jmh-generator-annprocess-1.21.jar:/var/benchmarks/projects/fastjson/target/dependency/jackson-jaxrs-base-2.8.7.jar:/var/benchmarks/projects/fastjson/target/dependency/powermock-module-junit4-1.6.6.jar:/var/benchmarks/projects/fastjson/target/dependency/powermock-core-1.6.6.jar:/var/benchmarks/projects/fastjson/target/dependency/slf4j-api-1.7.25.jar:/var/benchmarks/projects/fastjson/target/dependency/antlr-2.7.7.jar:/var/benchmarks/projects/fastjson/target/dependency/mockito-all-1.10.19.jar:/var/benchmarks/projects/fastjson/target/dependency/jersey-container-jdk-http-2.23.2.jar:/var/benchmarks/projects/fastjson/target/dependency/javaslang-match-2.0.6.jar:/var/benchmarks/projects/fastjson/target/dependency/jersey-test-framework-provider-jdk-http-2.23.2.jar:/var/benchmarks/projects/fastjson/target/dependency/jersey-entity-filtering-2.23.2.jar:/var/benchmarks/projects/fastjson/target/dependency/jandex-2.0.3.Final.jar:/var/benchmarks/projects/fastjson/target/dependency/ezmorph-1.0.6.jar:/var/benchmarks/projects/fastjson/target/dependency/jackson-jaxrs-json-provider-2.8.7.jar:/var/benchmarks/projects/fastjson/target/dependency/cxf-rt-transports-http-3.1.2.jar:/var/benchmarks/projects/fastjson/target/dependency/spring-beans-4.3.7.RELEASE.jar:/var/benchmarks/projects/fastjson/target/dependency/jersey-server-2.23.2.jar:/var/benchmarks/projects/fastjson/target/dependency/powermock-api-mockito-1.6.6.jar:/var/benchmarks/projects/fastjson/target/dependency/jackson-module-jaxb-annotations-2.8.7.jar:/var/benchmarks/projects/fastjson/target/dependency/jopt-simple-4.6.jar:/var/benchmarks/projects/fastjson/target/dependency/asm-analysis-4.0.jar:/var/benchmarks/projects/fastjson/target/dependency/annotations-13.0.jar:/var/benchmarks/projects/fastjson/target/dependency/json-path-2.3.0.jar:/var/benchmarks/projects/fastjson/target/dependency/springfox-spi-2.6.1.jar:/var/benchmarks/projects/fastjson/target/dependency/spring-websocket-4.3.7.RELEASE.jar:/var/benchmarks/projects/fastjson/target/dependency/spring-messaging-4.3.7.RELEASE.jar:/var/benchmarks/projects/fastjson/target/dependency/jersey-client-2.23.2.jar:/var/benchmarks/projects/fastjson/target/dependency/javax.ws.rs-api-2.0.1.jar:/var/benchmarks/projects/fastjson/target/dependency/accessors-smart-1.1.jar:/var/benchmarks/projects/fastjson/target/dependency/hibernate-commons-annotations-5.0.1.Final.jar:/var/benchmarks/projects/fastjson/target/dependency/commons-logging-1.1.1.jar:/var/benchmarks/projects/fastjson/target/dependency/jackson-core-2.9.0.jar:/var/benchmarks/projects/fastjson/target/dependency/spring-expression-4.3.7.RELEASE.jar:/var/benchmarks/projects/fastjson/target/dependency/jersey-media-jaxb-2.23.2.jar:/var/benchmarks/projects/fastjson/target/dependency/okhttp-3.6.0.jar:/var/benchmarks/projects/fastjson/target/dependency/commons-math3-3.2.jar:/var/benchmarks/projects/fastjson/target/dependency/jetty-webapp-8.1.8.v20121106.jar:/var/benchmarks/projects/fastjson/target/dependency/javax.inject-2.5.0-b05.jar:/var/benchmarks/projects/fastjson/target/dependency/cxf-core-3.1.2.jar:/var/benchmarks/projects/fastjson/target/dependency/powermock-api-mockito-common-1.6.6.jar:/var/benchmarks/projects/fastjson/target/dependency/jetty-http-8.1.8.v20121106.jar:/var/benchmarks/projects/fastjson/target/dependency/spring-security-config-3.2.10.RELEASE.jar:/var/benchmarks/projects/fastjson/target/dependency/okio-1.11.0.jar:/var/benchmarks/projects/fastjson/target/dependency/javax.servlet-api-3.1.0.jar:/var/benchmarks/projects/fastjson/target/dependency/json-smart-2.2.1.jar:/var/benchmarks/projects/fastjson/target/dependency/spring-tx-4.3.10.RELEASE.jar:/var/benchmarks/projects/fastjson/target/dependency/jackson-module-afterburner-2.9.0.jar:/var/benchmarks/projects/fastjson/target/dependency/asm-util-4.0.jar:/var/benchmarks/projects/fastjson/target/dependency/spring-security-web-4.2.3.RELEASE.jar:/var/benchmarks/projects/fastjson/target/dependency/spring-webmvc-4.3.7.RELEASE.jar:/var/benchmarks/projects/fastjson/target/dependency/hk2-locator-2.5.0-b05.jar:/var/benchmarks/projects/fastjson/target/dependency/retrofit-2.1.0.jar:/var/benchmarks/projects/fastjson/target/dependency/clojure-1.5.1.jar:/var/benchmarks/projects/fastjson/target/dependency/spring-security-oauth2-2.3.3.RELEASE.jar:/var/benchmarks/projects/fastjson/target/dependency/spring-test-4.3.7.RELEASE.jar:/var/benchmarks/projects/fastjson/target/dependency/aopalliance-repackaged-2.5.0-b05.jar:/var/benchmarks/projects/fastjson/target/dependency/spring-oxm-4.3.10.RELEASE.jar:/var/benchmarks/projects/fastjson/target/dependency/spring-security-core-4.2.3.RELEASE.jar:/var/benchmarks/projects/fastjson/target/dependency/jboss-transaction-api_1.2_spec-1.0.1.Final.jar:/var/benchmarks/projects/fastjson/target/dependency/lombok-1.14.4.jar:/var/benchmarks/projects/fastjson/target/dependency/commons-collections-3.2.1.jar:/var/benchmarks/projects/fastjson/target/dependency/cxf-rt-frontend-jaxrs-3.1.2.jar:/var/benchmarks/projects/fastjson/target/dependency/spring-context-4.3.7.RELEASE.jar:/var/benchmarks/projects/fastjson/target/dependency/jersey-test-framework-core-2.23.2.jar:/var/benchmarks/projects/fastjson/target/dependency/classmate-1.3.1.jar:/var/benchmarks/projects/fastjson/target/dependency/hk2-utils-2.5.0-b05.jar:/var/benchmarks/projects/fastjson/target/dependency/jersey-common-2.23.2.jar:/var/benchmarks/projects/fastjson/target/dependency/jackson-databind-2.9.0.jar:/var/benchmarks/projects/fastjson/target/dependency/jersey-media-json-jackson-2.23.2.jar:/var/benchmarks/projects/fastjson/target/dependency/commons-lang-2.5.jar:/var/benchmarks/projects/fastjson/target/dependency/jetty-servlet-8.1.8.v20121106.jar:/var/benchmarks/projects/fastjson/target/dependency/validation-api-1.1.0.Final.jar:/var/benchmarks/projects/fastjson/target/dependency/spring-web-4.3.7.RELEASE.jar:/var/benchmarks/projects/fastjson/target/dependency/jsoniter-0.9.8.jar:/var/benchmarks/projects/fastjson/target/dependency/jboss-logging-3.3.0.Final.jar, methodNameFilter=null
23:21:10.297 | INFO  | ClassUnderTest[ FQN: com.alibaba.fastjson.serializer.JSONSerializer
    classfileDir: /var/benchmarks/projects/fastjson/target/classes
    testClassSimpleName: JSONSerializerTest
    generatedTestFile: /home/utbot_mocks/temp/testcases/com/alibaba/fastjson/serializer/JSONSerializerTest.java
    generatedTestsSourcesDir: /home/utbot_mocks/temp/testcases
]
23:21:10.331 | INFO  | Started: class com.alibaba.fastjson.serializer.JSONSerializer
23:21:10.333 | INFO  | Started: preparation class class com.alibaba.fastjson.serializer.JSONSerializer: kotlin reflection :: run
23:21:10.411 | INFO  | Finished (in 0.077 sec): preparation class class com.alibaba.fastjson.serializer.JSONSerializer: kotlin reflection :: run 
23:21:10.412 | INFO  | Started: 2nd optional soot initialization
23:21:10.413 | INFO  | Finished (in 0.001 sec): 2nd optional soot initialization 
23:21:10.421 | DEBUG |  ... 
23:21:10.437 | INFO  | Started: method com.alibaba.fastjson.serializer.JSONSerializer.toString()
23:21:10.438 | INFO  |  -- Remaining time budget: 101873 ms, #remaining_methods: 40, budget for method: 2546 ms, solver timeout: 1000 ms, budget for symbolic execution: 1346 ms, budget for concrete execution: 1200 ms,  -- 
23:21:11.778 | INFO  | |> Starting concrete execution for remaining state: com.alibaba.fastjson.serializer.JSONSerializer.toString()
23:21:13.373 | INFO  | (X) Cancelling concrete execution: com.alibaba.fastjson.serializer.JSONSerializer.toString()
23:21:13.378 | DEBUG |  ... 
23:21:13.379 | INFO  | Started: method com.alibaba.fastjson.serializer.JSONSerializer.popContext()
23:21:13.379 | INFO  |  -- Remaining time budget: 98917 ms, #remaining_methods: 39, budget for method: 2536 ms, solver timeout: 1000 ms, budget for symbolic execution: 1336 ms, budget for concrete execution: 1200 ms,  -- 
23:21:13.417 | INFO  | Finished (in 2.979 sec): method com.alibaba.fastjson.serializer.JSONSerializer.toString() 
<StatsForMethod> : SUSPICIOUS
	#generatedTC=0
	WITH NO EXCEPTIONS
23:21:13.925 | DEBUG | --new testCase collected, to generate: testCom.alibaba.fastjson.serializer.JSONSerializer.popContext()1
23:21:14.099 | DEBUG | --new testCase collected, to generate: testCom.alibaba.fastjson.serializer.JSONSerializer.popContext()2
23:21:14.142 | DEBUG | --new testCase collected, to generate: testCom.alibaba.fastjson.serializer.JSONSerializer.popContext()3
23:21:14.143 | INFO  | Finished (in 0.764 sec): method com.alibaba.fastjson.serializer.JSONSerializer.popContext() 
<StatsForMethod> :
	#generatedTC=3
	WITH NO EXCEPTIONS
23:21:14.145 | DEBUG |  ... 
23:21:14.146 | INFO  | Started: method com.alibaba.fastjson.serializer.JSONSerializer.checkValue(SerializeFilterable)
23:21:14.146 | INFO  |  -- Remaining time budget: 98151 ms, #remaining_methods: 38, budget for method: 2582 ms, solver timeout: 1000 ms, budget for symbolic execution: 1382 ms, budget for concrete execution: 1200 ms,  -- 
23:21:15.006 | DEBUG | --new testCase collected, to generate: testCom.alibaba.fastjson.serializer.JSONSerializer.checkValue(SerializeFilterable)1
23:21:15.204 | DEBUG | --new testCase collected, to generate: testCom.alibaba.fastjson.serializer.JSONSerializer.checkValue(SerializeFilterable)2
23:21:15.348 | DEBUG | --new testCase collected, to generate: testCom.alibaba.fastjson.serializer.JSONSerializer.checkValue(SerializeFilterable)3
23:21:15.404 | DEBUG | --new testCase collected, to generate: testCom.alibaba.fastjson.serializer.JSONSerializer.checkValue(SerializeFilterable)4
23:21:15.528 | INFO  | |> Starting concrete execution for remaining state: com.alibaba.fastjson.serializer.JSONSerializer.checkValue(SerializeFilterable)
23:21:16.729 | INFO  | (X) Cancelling concrete execution: com.alibaba.fastjson.serializer.JSONSerializer.checkValue(SerializeFilterable)
23:21:16.950 | INFO  | Finished (in 2.804 sec): method com.alibaba.fastjson.serializer.JSONSerializer.checkValue(SerializeFilterable) 
<StatsForMethod> :
	#generatedTC=4
	WITH NO EXCEPTIONS
23:21:16.962 | DEBUG |  ... 
23:21:16.963 | INFO  | Started: method com.alibaba.fastjson.serializer.JSONSerializer.setContext(SerialContext, Object, Object, int, int)
23:21:16.964 | INFO  |  -- Remaining time budget: 95333 ms, #remaining_methods: 37, budget for method: 2576 ms, solver timeout: 1000 ms, budget for symbolic execution: 1376 ms, budget for concrete execution: 1200 ms,  -- 
23:21:17.256 | DEBUG | --new testCase collected, to generate: testCom.alibaba.fastjson.serializer.JSONSerializer.setContext(SerialContext, Object, Object, int, int)1
23:21:17.741 | DEBUG | --new testCase collected, to generate: testCom.alibaba.fastjson.serializer.JSONSerializer.setContext(SerialContext, Object, Object, int, int)2
23:21:18.340 | INFO  | |> Starting concrete execution for remaining state: com.alibaba.fastjson.serializer.JSONSerializer.setContext(SerialContext, Object, Object, int, int)
23:21:19.540 | INFO  | (X) Cancelling concrete execution: com.alibaba.fastjson.serializer.JSONSerializer.setContext(SerialContext, Object, Object, int, int)
23:21:19.900 | INFO  | Finished (in 2.936 sec): method com.alibaba.fastjson.serializer.JSONSerializer.setContext(SerialContext, Object, Object, int, int) 
<StatsForMethod> :
	#generatedTC=2
	WITH NO EXCEPTIONS
23:21:19.952 | DEBUG |  ... 
23:21:19.953 | INFO  | Started: method com.alibaba.fastjson.serializer.JSONSerializer.setContext(Object, Object)
23:21:19.953 | INFO  |  -- Remaining time budget: 92343 ms, #remaining_methods: 36, budget for method: 2565 ms, solver timeout: 1000 ms, budget for symbolic execution: 1365 ms, budget for concrete execution: 1200 ms,  -- 
23:21:20.221 | DEBUG | --new testCase collected, to generate: testCom.alibaba.fastjson.serializer.JSONSerializer.setContext(Object, Object)1
23:21:21.318 | INFO  | |> Starting concrete execution for remaining state: com.alibaba.fastjson.serializer.JSONSerializer.setContext(Object, Object)
23:21:21.434 | DEBUG | --new testCase collected, to generate: testCom.alibaba.fastjson.serializer.JSONSerializer.setContext(Object, Object)2
23:21:22.519 | INFO  | (X) Cancelling concrete execution: com.alibaba.fastjson.serializer.JSONSerializer.setContext(Object, Object)
23:21:22.694 | INFO  | Finished (in 2.740 sec): method com.alibaba.fastjson.serializer.JSONSerializer.setContext(Object, Object) 
<StatsForMethod> :
	#generatedTC=2
	WITH NO EXCEPTIONS
23:21:22.743 | DEBUG |  ... 
23:21:22.744 | INFO  | Started: method com.alibaba.fastjson.serializer.JSONSerializer.setContext(SerialContext, Object, Object, int)
23:21:22.744 | INFO  |  -- Remaining time budget: 89552 ms, #remaining_methods: 35, budget for method: 2558 ms, solver timeout: 1000 ms, budget for symbolic execution: 1358 ms, budget for concrete execution: 1200 ms,  -- 
23:21:23.032 | DEBUG | --new testCase collected, to generate: testCom.alibaba.fastjson.serializer.JSONSerializer.setContext(SerialContext, Object, Object, int)1
23:21:24.102 | DEBUG | --new testCase collected, to generate: testCom.alibaba.fastjson.serializer.JSONSerializer.setContext(SerialContext, Object, Object, int)2
23:21:24.102 | INFO  | |> Starting concrete execution for remaining state: com.alibaba.fastjson.serializer.JSONSerializer.setContext(SerialContext, Object, Object, int)
23:21:25.304 | INFO  | (X) Cancelling concrete execution: com.alibaba.fastjson.serializer.JSONSerializer.setContext(SerialContext, Object, Object, int)
23:21:25.336 | INFO  | Finished (in 2.592 sec): method com.alibaba.fastjson.serializer.JSONSerializer.setContext(SerialContext, Object, Object, int) 
<StatsForMethod> :
	#generatedTC=2
	WITH NO EXCEPTIONS
23:21:25.386 | DEBUG |  ... 
23:21:25.387 | INFO  | Started: method com.alibaba.fastjson.serializer.JSONSerializer.setContext(SerialContext)
23:21:25.387 | INFO  |  -- Remaining time budget: 86909 ms, #remaining_methods: 34, budget for method: 2556 ms, solver timeout: 1000 ms, budget for symbolic execution: 1356 ms, budget for concrete execution: 1200 ms,  -- 
23:21:25.743 | DEBUG | --new testCase collected, to generate: testCom.alibaba.fastjson.serializer.JSONSerializer.setContext(SerialContext)1
23:21:25.773 | DEBUG | --new testCase collected, to generate: testCom.alibaba.fastjson.serializer.JSONSerializer.setContext(SerialContext)2
23:21:25.774 | INFO  | Finished (in 0.386 sec): method com.alibaba.fastjson.serializer.JSONSerializer.setContext(SerialContext) 
<StatsForMethod> :
	#generatedTC=2
	WITH NO EXCEPTIONS
23:21:25.775 | DEBUG |  ... 
23:21:25.775 | INFO  | Started: method com.alibaba.fastjson.serializer.JSONSerializer.writeReference(Object)
23:21:25.776 | INFO  |  -- Remaining time budget: 86521 ms, #remaining_methods: 33, budget for method: 2621 ms, solver timeout: 1000 ms, budget for symbolic execution: 1421 ms, budget for concrete execution: 1200 ms,  -- 
23:21:26.051 | DEBUG | --new testCase collected, to generate: testCom.alibaba.fastjson.serializer.JSONSerializer.writeReference(Object)1
23:21:26.535 | DEBUG | --new testCase collected, to generate: testCom.alibaba.fastjson.serializer.JSONSerializer.writeReference(Object)2
23:21:26.888 | DEBUG | --new testCase collected, to generate: testCom.alibaba.fastjson.serializer.JSONSerializer.writeReference(Object)3
23:21:27.197 | INFO  | |> Starting concrete execution for remaining state: com.alibaba.fastjson.serializer.JSONSerializer.writeReference(Object)
23:21:27.422 | DEBUG | --new testCase collected, to generate: testCom.alibaba.fastjson.serializer.JSONSerializer.writeReference(Object)4
23:21:28.398 | INFO  | (X) Cancelling concrete execution: com.alibaba.fastjson.serializer.JSONSerializer.writeReference(Object)
23:21:28.413 | INFO  | Finished (in 2.637 sec): method com.alibaba.fastjson.serializer.JSONSerializer.writeReference(Object) 
<StatsForMethod> :
	#generatedTC=4
	WITH NO EXCEPTIONS
23:21:28.420 | DEBUG |  ... 
23:21:28.421 | INFO  | Started: method com.alibaba.fastjson.serializer.JSONSerializer.isWriteClassName(Type, Object)
23:21:28.421 | INFO  |  -- Remaining time budget: 83875 ms, #remaining_methods: 32, budget for method: 2621 ms, solver timeout: 1000 ms, budget for symbolic execution: 1421 ms, budget for concrete execution: 1200 ms,  -- 
23:21:28.712 | DEBUG | --new testCase collected, to generate: testCom.alibaba.fastjson.serializer.JSONSerializer.isWriteClassName(Type, Object)1
23:21:29.504 | INFO  | Finished (in 1.082 sec): method com.alibaba.fastjson.serializer.JSONSerializer.isWriteClassName(Type, Object) 
<StatsForMethod> :
	#generatedTC=1
	WITH NO EXCEPTIONS
23:21:29.535 | DEBUG |  ... 
23:21:29.536 | INFO  | Started: method com.alibaba.fastjson.serializer.JSONSerializer.isEnabled(SerializerFeature)
23:21:29.536 | INFO  |  -- Remaining time budget: 82760 ms, #remaining_methods: 31, budget for method: 2669 ms, solver timeout: 1000 ms, budget for symbolic execution: 1469 ms, budget for concrete execution: 1200 ms,  -- 
23:21:29.547 | ERROR | Symbolic execution FAILED
com.huawei.utbot.instrumentation.util.ChildProcessError: Error in the child process |> java.lang.IllegalAccessException: Class com.huawei.utbot.framework.concrete.MockValueConstructor can not access a member of class com.alibaba.fastjson.serializer.SerializerFeature with modifiers "private"
	at sun.reflect.Reflection.ensureMemberAccess(Reflection.java:102)
	at java.lang.reflect.AccessibleObject.slowCheckMemberAccess(AccessibleObject.java:296)
	at java.lang.reflect.AccessibleObject.checkAccess(AccessibleObject.java:288)
	at java.lang.reflect.Constructor.newInstance(Constructor.java:413)
	at com.huawei.utbot.framework.concrete.MockValueConstructor.call(MockValueConstructor.kt:414)
	at com.huawei.utbot.framework.concrete.MockValueConstructor.updateWithExecutableCallModel(MockValueConstructor.kt:353)
	at com.huawei.utbot.framework.concrete.MockValueConstructor.constructFromAssembleModel(MockValueConstructor.kt:332)
	at com.huawei.utbot.framework.concrete.MockValueConstructor.construct(MockValueConstructor.kt:126)
	at com.huawei.utbot.framework.concrete.MockValueConstructor.constructMethodParameters(MockValueConstructor.kt:101)
	at com.huawei.utbot.framework.concrete.UtExecutionInstrumentation.invoke(UtExecutionInstrumentation.kt:126)
	at com.huawei.utbot.framework.concrete.UtExecutionInstrumentation.invoke(UtExecutionInstrumentation.kt:96)
	at com.huawei.utbot.instrumentation.process.ChildProcessKt.loop(ChildProcess.kt:114)
	at com.huawei.utbot.instrumentation.process.ChildProcessKt.main(ChildProcess.kt:76)
	at com.huawei.utbot.instrumentation.process.ChildProcessKt.main(ChildProcess.kt)

	at com.huawei.utbot.instrumentation.ConcreteExecutor.executeAsync(ConcreteExecutor.kt:391) ~[utbot-junit-contest-1.0.jar:?]
	at com.huawei.utbot.instrumentation.ConcreteExecutor$executeAsync$1.invokeSuspend(ConcreteExecutor.kt) ~[utbot-junit-contest-1.0.jar:?]
	at kotlin.coroutines.jvm.internal.BaseContinuationImpl.resumeWith(ContinuationImpl.kt:33) [utbot-junit-contest-1.0.jar:?]
	at kotlinx.coroutines.DispatchedTask.run(DispatchedTask.kt:106) [utbot-junit-contest-1.0.jar:?]
	at java.util.concurrent.Executors$RunnableAdapter.call(Executors.java:511) [?:1.8.0_312]
	at java.util.concurrent.FutureTask.run(FutureTask.java:266) [?:1.8.0_312]
	at java.util.concurrent.ScheduledThreadPoolExecutor$ScheduledFutureTask.access$201(ScheduledThreadPoolExecutor.java:180) [?:1.8.0_312]
	at java.util.concurrent.ScheduledThreadPoolExecutor$ScheduledFutureTask.run(ScheduledThreadPoolExecutor.java:293) [?:1.8.0_312]
	at java.util.concurrent.ThreadPoolExecutor.runWorker(ThreadPoolExecutor.java:1149) [?:1.8.0_312]
	at java.util.concurrent.ThreadPoolExecutor$Worker.run(ThreadPoolExecutor.java:624) [?:1.8.0_312]
	at java.lang.Thread.run(Thread.java:748) [?:1.8.0_312]
23:21:29.581 | DEBUG | --new testCase collected, to generate: testCom.alibaba.fastjson.serializer.JSONSerializer.isEnabled(SerializerFeature)1
23:21:29.582 | INFO  | Finished (in 0.045 sec): method com.alibaba.fastjson.serializer.JSONSerializer.isEnabled(SerializerFeature) 
<StatsForMethod> :
	#generatedTC=1
	FAILED 1 time(s) with 1 different exception(s)"
23:21:29.583 | DEBUG |  ... 
23:21:29.583 | INFO  | Started: method com.alibaba.fastjson.serializer.JSONSerializer.config(SerializerFeature, boolean)
23:21:29.584 | INFO  |  -- Remaining time budget: 82713 ms, #remaining_methods: 30, budget for method: 2757 ms, solver timeout: 1000 ms, budget for symbolic execution: 1557 ms, budget for concrete execution: 1200 ms,  -- 
23:21:29.589 | ERROR | Symbolic execution FAILED
com.huawei.utbot.instrumentation.util.ChildProcessError: Error in the child process |> java.lang.IllegalAccessException: Class com.huawei.utbot.framework.concrete.MockValueConstructor can not access a member of class com.alibaba.fastjson.serializer.SerializerFeature with modifiers "private"
	at sun.reflect.Reflection.ensureMemberAccess(Reflection.java:102)
	at java.lang.reflect.AccessibleObject.slowCheckMemberAccess(AccessibleObject.java:296)
	at java.lang.reflect.AccessibleObject.checkAccess(AccessibleObject.java:288)
	at java.lang.reflect.Constructor.newInstance(Constructor.java:413)
	at com.huawei.utbot.framework.concrete.MockValueConstructor.call(MockValueConstructor.kt:414)
	at com.huawei.utbot.framework.concrete.MockValueConstructor.updateWithExecutableCallModel(MockValueConstructor.kt:353)
	at com.huawei.utbot.framework.concrete.MockValueConstructor.constructFromAssembleModel(MockValueConstructor.kt:332)
	at com.huawei.utbot.framework.concrete.MockValueConstructor.construct(MockValueConstructor.kt:126)
	at com.huawei.utbot.framework.concrete.MockValueConstructor.constructMethodParameters(MockValueConstructor.kt:101)
	at com.huawei.utbot.framework.concrete.UtExecutionInstrumentation.invoke(UtExecutionInstrumentation.kt:126)
	at com.huawei.utbot.framework.concrete.UtExecutionInstrumentation.invoke(UtExecutionInstrumentation.kt:96)
	at com.huawei.utbot.instrumentation.process.ChildProcessKt.loop(ChildProcess.kt:114)
	at com.huawei.utbot.instrumentation.process.ChildProcessKt.main(ChildProcess.kt:76)
	at com.huawei.utbot.instrumentation.process.ChildProcessKt.main(ChildProcess.kt)

	at com.huawei.utbot.instrumentation.ConcreteExecutor.executeAsync(ConcreteExecutor.kt:391) ~[utbot-junit-contest-1.0.jar:?]
	at com.huawei.utbot.instrumentation.ConcreteExecutor$executeAsync$1.invokeSuspend(ConcreteExecutor.kt) ~[utbot-junit-contest-1.0.jar:?]
	at kotlin.coroutines.jvm.internal.BaseContinuationImpl.resumeWith(ContinuationImpl.kt:33) [utbot-junit-contest-1.0.jar:?]
	at kotlinx.coroutines.DispatchedTask.run(DispatchedTask.kt:106) [utbot-junit-contest-1.0.jar:?]
	at java.util.concurrent.Executors$RunnableAdapter.call(Executors.java:511) [?:1.8.0_312]
	at java.util.concurrent.FutureTask.run(FutureTask.java:266) [?:1.8.0_312]
	at java.util.concurrent.ScheduledThreadPoolExecutor$ScheduledFutureTask.access$201(ScheduledThreadPoolExecutor.java:180) [?:1.8.0_312]
	at java.util.concurrent.ScheduledThreadPoolExecutor$ScheduledFutureTask.run(ScheduledThreadPoolExecutor.java:293) [?:1.8.0_312]
	at java.util.concurrent.ThreadPoolExecutor.runWorker(ThreadPoolExecutor.java:1149) [?:1.8.0_312]
	at java.util.concurrent.ThreadPoolExecutor$Worker.run(ThreadPoolExecutor.java:624) [?:1.8.0_312]
	at java.lang.Thread.run(Thread.java:748) [?:1.8.0_312]
23:21:29.618 | DEBUG | --new testCase collected, to generate: testCom.alibaba.fastjson.serializer.JSONSerializer.config(SerializerFeature, boolean)1
23:21:29.619 | INFO  | Finished (in 0.035 sec): method com.alibaba.fastjson.serializer.JSONSerializer.config(SerializerFeature, boolean) 
<StatsForMethod> :
	#generatedTC=1
	FAILED 1 time(s) with 1 different exception(s)"
23:21:29.620 | DEBUG |  ... 
23:21:29.620 | INFO  | Started: method com.alibaba.fastjson.serializer.JSONSerializer.writeWithFieldName(Object, Object)
23:21:29.620 | INFO  |  -- Remaining time budget: 82676 ms, #remaining_methods: 29, budget for method: 2850 ms, solver timeout: 1000 ms, budget for symbolic execution: 1650 ms, budget for concrete execution: 1200 ms,  -- 
23:21:30.270 | DEBUG | --new testCase collected, to generate: testCom.alibaba.fastjson.serializer.JSONSerializer.writeWithFieldName(Object, Object)1
23:21:31.166 | DEBUG | --new testCase collected, to generate: testCom.alibaba.fastjson.serializer.JSONSerializer.writeWithFieldName(Object, Object)2
23:21:31.271 | INFO  | |> Starting concrete execution for remaining state: com.alibaba.fastjson.serializer.JSONSerializer.writeWithFieldName(Object, Object)
23:21:31.776 | DEBUG | --new testCase collected, to generate: testCom.alibaba.fastjson.serializer.JSONSerializer.writeWithFieldName(Object, Object)3
23:21:31.776 | INFO  | Finished (in 2.155 sec): method com.alibaba.fastjson.serializer.JSONSerializer.writeWithFieldName(Object, Object) 
<StatsForMethod> :
	#generatedTC=3
	WITH NO EXCEPTIONS
23:21:31.810 | DEBUG |  ... 
23:21:31.810 | INFO  | Started: method com.alibaba.fastjson.serializer.JSONSerializer.writeWithFieldName(Object, Object, Type, int)
23:21:31.811 | INFO  |  -- Remaining time budget: 80486 ms, #remaining_methods: 28, budget for method: 2874 ms, solver timeout: 1000 ms, budget for symbolic execution: 1674 ms, budget for concrete execution: 1200 ms,  -- 
23:21:32.227 | DEBUG | --new testCase collected, to generate: testCom.alibaba.fastjson.serializer.JSONSerializer.writeWithFieldName(Object, Object, Type, int)1
23:21:32.958 | DEBUG | --new testCase collected, to generate: testCom.alibaba.fastjson.serializer.JSONSerializer.writeWithFieldName(Object, Object, Type, int)2
23:21:33.485 | INFO  | |> Starting concrete execution for remaining state: com.alibaba.fastjson.serializer.JSONSerializer.writeWithFieldName(Object, Object, Type, int)
23:21:33.581 | DEBUG | --new testCase collected, to generate: testCom.alibaba.fastjson.serializer.JSONSerializer.writeWithFieldName(Object, Object, Type, int)3
23:21:33.636 | DEBUG | --new testCase collected, to generate: testCom.alibaba.fastjson.serializer.JSONSerializer.writeWithFieldName(Object, Object, Type, int)4
23:21:33.637 | INFO  | Finished (in 1.826 sec): method com.alibaba.fastjson.serializer.JSONSerializer.writeWithFieldName(Object, Object, Type, int) 
<StatsForMethod> :
	#generatedTC=4
	WITH NO EXCEPTIONS
23:21:33.653 | DEBUG |  ... 
23:21:33.653 | INFO  | Started: method com.alibaba.fastjson.serializer.JSONSerializer.getMapping()
23:21:33.654 | INFO  |  -- Remaining time budget: 78643 ms, #remaining_methods: 27, budget for method: 2912 ms, solver timeout: 1000 ms, budget for symbolic execution: 1712 ms, budget for concrete execution: 1200 ms,  -- 
23:21:34.132 | DEBUG | --new testCase collected, to generate: testCom.alibaba.fastjson.serializer.JSONSerializer.getMapping()1
23:21:34.161 | DEBUG | --new testCase collected, to generate: testCom.alibaba.fastjson.serializer.JSONSerializer.getMapping()2
23:21:34.161 | INFO  | Finished (in 0.507 sec): method com.alibaba.fastjson.serializer.JSONSerializer.getMapping() 
<StatsForMethod> :
	#generatedTC=2
	WITH NO EXCEPTIONS
23:21:34.162 | DEBUG |  ... 
23:21:34.162 | INFO  | Started: method com.alibaba.fastjson.serializer.JSONSerializer.setDateFormat(DateFormat)
23:21:34.163 | INFO  |  -- Remaining time budget: 78134 ms, #remaining_methods: 26, budget for method: 3005 ms, solver timeout: 1000 ms, budget for symbolic execution: 1805 ms, budget for concrete execution: 1200 ms,  -- 
23:21:34.714 | DEBUG | --new testCase collected, to generate: testCom.alibaba.fastjson.serializer.JSONSerializer.setDateFormat(DateFormat)1
23:21:34.746 | DEBUG | --new testCase collected, to generate: testCom.alibaba.fastjson.serializer.JSONSerializer.setDateFormat(DateFormat)2
23:21:34.772 | DEBUG | --new testCase collected, to generate: testCom.alibaba.fastjson.serializer.JSONSerializer.setDateFormat(DateFormat)3
23:21:34.772 | INFO  | Finished (in 0.610 sec): method com.alibaba.fastjson.serializer.JSONSerializer.setDateFormat(DateFormat) 
<StatsForMethod> :
	#generatedTC=3
	WITH NO EXCEPTIONS
23:21:34.773 | DEBUG |  ... 
23:21:34.774 | INFO  | Started: method com.alibaba.fastjson.serializer.JSONSerializer.setDateFormat(String)
23:21:34.774 | INFO  |  -- Remaining time budget: 77522 ms, #remaining_methods: 25, budget for method: 3100 ms, solver timeout: 1000 ms, budget for symbolic execution: 1900 ms, budget for concrete execution: 1200 ms,  -- 
23:21:35.137 | DEBUG | --new testCase collected, to generate: testCom.alibaba.fastjson.serializer.JSONSerializer.setDateFormat(String)1
23:21:35.171 | DEBUG | --new testCase collected, to generate: testCom.alibaba.fastjson.serializer.JSONSerializer.setDateFormat(String)2
23:21:35.196 | DEBUG | --new testCase collected, to generate: testCom.alibaba.fastjson.serializer.JSONSerializer.setDateFormat(String)3
23:21:35.196 | INFO  | Finished (in 0.422 sec): method com.alibaba.fastjson.serializer.JSONSerializer.setDateFormat(String) 
<StatsForMethod> :
	#generatedTC=3
	WITH NO EXCEPTIONS
23:21:35.198 | DEBUG |  ... 
23:21:35.199 | INFO  | Started: method com.alibaba.fastjson.serializer.JSONSerializer.getDateFormat()
23:21:35.199 | INFO  |  -- Remaining time budget: 77097 ms, #remaining_methods: 24, budget for method: 3212 ms, solver timeout: 1000 ms, budget for symbolic execution: 2012 ms, budget for concrete execution: 1200 ms,  -- 
23:21:35.475 | DEBUG | --new testCase collected, to generate: testCom.alibaba.fastjson.serializer.JSONSerializer.getDateFormat()1
23:21:35.530 | DEBUG | --new testCase collected, to generate: testCom.alibaba.fastjson.serializer.JSONSerializer.getDateFormat()2
23:21:35.559 | DEBUG | --new testCase collected, to generate: testCom.alibaba.fastjson.serializer.JSONSerializer.getDateFormat()3
23:21:35.662 | DEBUG | --new testCase collected, to generate: testCom.alibaba.fastjson.serializer.JSONSerializer.getDateFormat()4
23:21:37.211 | INFO  | |> Starting concrete execution for remaining state: com.alibaba.fastjson.serializer.JSONSerializer.getDateFormat()
23:21:38.412 | INFO  | (X) Cancelling concrete execution: com.alibaba.fastjson.serializer.JSONSerializer.getDateFormat()
23:21:38.446 | INFO  | Finished (in 3.247 sec): method com.alibaba.fastjson.serializer.JSONSerializer.getDateFormat() 
<StatsForMethod> :
	#generatedTC=4
	WITH NO EXCEPTIONS
23:21:38.541 | DEBUG |  ... 
23:21:38.541 | INFO  | Started: method com.alibaba.fastjson.serializer.JSONSerializer.getDateFormatPattern()
23:21:38.541 | INFO  |  -- Remaining time budget: 73755 ms, #remaining_methods: 23, budget for method: 3206 ms, solver timeout: 1000 ms, budget for symbolic execution: 2006 ms, budget for concrete execution: 1200 ms,  -- 
23:21:38.840 | DEBUG | --new testCase collected, to generate: testCom.alibaba.fastjson.serializer.JSONSerializer.getDateFormatPattern()1
23:21:38.889 | DEBUG | --new testCase collected, to generate: testCom.alibaba.fastjson.serializer.JSONSerializer.getDateFormatPattern()2
23:21:38.894 | DEBUG | --new testCase collected, to generate: testCom.alibaba.fastjson.serializer.JSONSerializer.getDateFormatPattern()3
23:21:38.895 | INFO  | Finished (in 0.354 sec): method com.alibaba.fastjson.serializer.JSONSerializer.getDateFormatPattern() 
<StatsForMethod> :
	#generatedTC=3
	WITH NO EXCEPTIONS
23:21:38.900 | DEBUG |  ... 
23:21:38.900 | INFO  | Started: method com.alibaba.fastjson.serializer.JSONSerializer.hasPropertyFilters(SerializeFilterable)
23:21:38.901 | INFO  |  -- Remaining time budget: 73396 ms, #remaining_methods: 22, budget for method: 3336 ms, solver timeout: 1000 ms, budget for symbolic execution: 2136 ms, budget for concrete execution: 1200 ms,  -- 
23:21:39.213 | DEBUG | --new testCase collected, to generate: testCom.alibaba.fastjson.serializer.JSONSerializer.hasPropertyFilters(SerializeFilterable)1
23:21:39.288 | DEBUG | --new testCase collected, to generate: testCom.alibaba.fastjson.serializer.JSONSerializer.hasPropertyFilters(SerializeFilterable)2
23:21:39.296 | DEBUG | --new testCase collected, to generate: testCom.alibaba.fastjson.serializer.JSONSerializer.hasPropertyFilters(SerializeFilterable)3
23:21:41.037 | INFO  | |> Starting concrete execution for remaining state: com.alibaba.fastjson.serializer.JSONSerializer.hasPropertyFilters(SerializeFilterable)
23:21:42.184 | DEBUG | --new testCase collected, to generate: testCom.alibaba.fastjson.serializer.JSONSerializer.hasPropertyFilters(SerializeFilterable)4
23:21:42.237 | INFO  | (X) Cancelling concrete execution: com.alibaba.fastjson.serializer.JSONSerializer.hasPropertyFilters(SerializeFilterable)
23:21:42.472 | INFO  | Finished (in 3.571 sec): method com.alibaba.fastjson.serializer.JSONSerializer.hasPropertyFilters(SerializeFilterable) 
<StatsForMethod> :
	#generatedTC=4
	WITH NO EXCEPTIONS
23:21:42.549 | DEBUG |  ... 
23:21:42.550 | INFO  | Started: method com.alibaba.fastjson.serializer.JSONSerializer.containsReference(Object)
23:21:42.550 | INFO  |  -- Remaining time budget: 69746 ms, #remaining_methods: 21, budget for method: 3321 ms, solver timeout: 1000 ms, budget for symbolic execution: 2121 ms, budget for concrete execution: 1200 ms,  -- 
23:21:42.834 | DEBUG | --new testCase collected, to generate: testCom.alibaba.fastjson.serializer.JSONSerializer.containsReference(Object)1
23:21:43.051 | DEBUG | --new testCase collected, to generate: testCom.alibaba.fastjson.serializer.JSONSerializer.containsReference(Object)2
23:21:44.672 | INFO  | |> Starting concrete execution for remaining state: com.alibaba.fastjson.serializer.JSONSerializer.containsReference(Object)
23:21:45.872 | INFO  | (X) Cancelling concrete execution: com.alibaba.fastjson.serializer.JSONSerializer.containsReference(Object)
23:21:46.312 | INFO  | Finished (in 3.762 sec): method com.alibaba.fastjson.serializer.JSONSerializer.containsReference(Object) 
<StatsForMethod> :
	#generatedTC=2
	WITH NO EXCEPTIONS
23:21:46.344 | DEBUG |  ... 
23:21:46.345 | INFO  | Started: method com.alibaba.fastjson.serializer.JSONSerializer.hasNameFilters(SerializeFilterable)
23:21:46.345 | INFO  |  -- Remaining time budget: 65951 ms, #remaining_methods: 20, budget for method: 3297 ms, solver timeout: 1000 ms, budget for symbolic execution: 2097 ms, budget for concrete execution: 1200 ms,  -- 
23:21:46.612 | DEBUG | --new testCase collected, to generate: testCom.alibaba.fastjson.serializer.JSONSerializer.hasNameFilters(SerializeFilterable)1
23:21:46.683 | DEBUG | --new testCase collected, to generate: testCom.alibaba.fastjson.serializer.JSONSerializer.hasNameFilters(SerializeFilterable)2
23:21:46.689 | DEBUG | --new testCase collected, to generate: testCom.alibaba.fastjson.serializer.JSONSerializer.hasNameFilters(SerializeFilterable)3
23:21:48.442 | INFO  | |> Starting concrete execution for remaining state: com.alibaba.fastjson.serializer.JSONSerializer.hasNameFilters(SerializeFilterable)
23:21:49.643 | INFO  | (X) Cancelling concrete execution: com.alibaba.fastjson.serializer.JSONSerializer.hasNameFilters(SerializeFilterable)
23:21:49.826 | INFO  | Finished (in 3.481 sec): method com.alibaba.fastjson.serializer.JSONSerializer.hasNameFilters(SerializeFilterable) 
<StatsForMethod> :
	#generatedTC=3
	WITH NO EXCEPTIONS
23:21:49.890 | DEBUG |  ... 
23:21:49.891 | INFO  | Started: method com.alibaba.fastjson.serializer.JSONSerializer.getIndentCount()
23:21:49.891 | INFO  |  -- Remaining time budget: 62405 ms, #remaining_methods: 19, budget for method: 3284 ms, solver timeout: 1000 ms, budget for symbolic execution: 2084 ms, budget for concrete execution: 1200 ms,  -- 
23:21:50.183 | DEBUG | --new testCase collected, to generate: testCom.alibaba.fastjson.serializer.JSONSerializer.getIndentCount()1
23:21:50.209 | DEBUG | --new testCase collected, to generate: testCom.alibaba.fastjson.serializer.JSONSerializer.getIndentCount()2
23:21:50.210 | INFO  | Finished (in 0.318 sec): method com.alibaba.fastjson.serializer.JSONSerializer.getIndentCount() 
<StatsForMethod> :
	#generatedTC=2
	WITH NO EXCEPTIONS
23:21:50.210 | DEBUG |  ... 
23:21:50.211 | INFO  | Started: method com.alibaba.fastjson.serializer.JSONSerializer.incrementIndent()
23:21:50.211 | INFO  |  -- Remaining time budget: 62086 ms, #remaining_methods: 18, budget for method: 3449 ms, solver timeout: 1000 ms, budget for symbolic execution: 2249 ms, budget for concrete execution: 1200 ms,  -- 
23:21:50.473 | DEBUG | --new testCase collected, to generate: testCom.alibaba.fastjson.serializer.JSONSerializer.incrementIndent()1
23:21:50.499 | DEBUG | --new testCase collected, to generate: testCom.alibaba.fastjson.serializer.JSONSerializer.incrementIndent()2
23:21:50.499 | INFO  | Finished (in 0.288 sec): method com.alibaba.fastjson.serializer.JSONSerializer.incrementIndent() 
<StatsForMethod> :
	#generatedTC=2
	WITH NO EXCEPTIONS
23:21:50.500 | DEBUG |  ... 
23:21:50.501 | INFO  | Started: method com.alibaba.fastjson.serializer.JSONSerializer.decrementIdent()
23:21:50.501 | INFO  |  -- Remaining time budget: 61796 ms, #remaining_methods: 17, budget for method: 3635 ms, solver timeout: 1000 ms, budget for symbolic execution: 2435 ms, budget for concrete execution: 1200 ms,  -- 
23:21:50.725 | DEBUG | --new testCase collected, to generate: testCom.alibaba.fastjson.serializer.JSONSerializer.decrementIdent()1
23:21:50.750 | DEBUG | --new testCase collected, to generate: testCom.alibaba.fastjson.serializer.JSONSerializer.decrementIdent()2
23:21:50.751 | INFO  | Finished (in 0.249 sec): method com.alibaba.fastjson.serializer.JSONSerializer.decrementIdent() 
<StatsForMethod> :
	#generatedTC=2
	WITH NO EXCEPTIONS
23:21:50.751 | DEBUG |  ... 
23:21:50.752 | INFO  | Started: method com.alibaba.fastjson.serializer.JSONSerializer.getWriter()
23:21:50.752 | INFO  |  -- Remaining time budget: 61544 ms, #remaining_methods: 16, budget for method: 3846 ms, solver timeout: 1000 ms, budget for symbolic execution: 2646 ms, budget for concrete execution: 1200 ms,  -- 
23:21:51.046 | DEBUG | --new testCase collected, to generate: testCom.alibaba.fastjson.serializer.JSONSerializer.getWriter()1
23:21:51.074 | DEBUG | --new testCase collected, to generate: testCom.alibaba.fastjson.serializer.JSONSerializer.getWriter()2
23:21:51.075 | INFO  | Finished (in 0.323 sec): method com.alibaba.fastjson.serializer.JSONSerializer.getWriter() 
<StatsForMethod> :
	#generatedTC=2
	WITH NO EXCEPTIONS
23:21:51.076 | DEBUG |  ... 
23:21:51.076 | INFO  | Started: method com.alibaba.fastjson.serializer.JSONSerializer.writeNull()
23:21:51.076 | INFO  |  -- Remaining time budget: 61220 ms, #remaining_methods: 15, budget for method: 4081 ms, solver timeout: 1000 ms, budget for symbolic execution: 2881 ms, budget for concrete execution: 1200 ms,  -- 
23:21:51.356 | DEBUG | --new testCase collected, to generate: testCom.alibaba.fastjson.serializer.JSONSerializer.writeNull()1
23:21:51.383 | DEBUG | --new testCase collected, to generate: testCom.alibaba.fastjson.serializer.JSONSerializer.writeNull()2
23:21:51.384 | INFO  | Finished (in 0.308 sec): method com.alibaba.fastjson.serializer.JSONSerializer.writeNull() 
<StatsForMethod> :
	#generatedTC=2
	WITH NO EXCEPTIONS
23:21:51.385 | DEBUG |  ... 
23:21:51.385 | INFO  | Started: method com.alibaba.fastjson.serializer.JSONSerializer.writeKeyValue(char, String, Object)
23:21:51.386 | INFO  |  -- Remaining time budget: 60911 ms, #remaining_methods: 14, budget for method: 4350 ms, solver timeout: 1000 ms, budget for symbolic execution: 3150 ms, budget for concrete execution: 1200 ms,  -- 
23:21:51.677 | DEBUG | --new testCase collected, to generate: testCom.alibaba.fastjson.serializer.JSONSerializer.writeKeyValue(char, String, Object)1
23:21:52.350 | DEBUG | --new testCase collected, to generate: testCom.alibaba.fastjson.serializer.JSONSerializer.writeKeyValue(char, String, Object)2
23:21:52.386 | DEBUG | --new testCase collected, to generate: testCom.alibaba.fastjson.serializer.JSONSerializer.writeKeyValue(char, String, Object)3
23:21:52.882 | DEBUG | --new testCase collected, to generate: testCom.alibaba.fastjson.serializer.JSONSerializer.writeKeyValue(char, String, Object)4
23:21:52.889 | INFO  | Finished (in 1.503 sec): method com.alibaba.fastjson.serializer.JSONSerializer.writeKeyValue(char, String, Object) 
<StatsForMethod> :
	#generatedTC=4
	WITH NO EXCEPTIONS
23:21:52.917 | DEBUG |  ... 
23:21:52.917 | INFO  | Started: method com.alibaba.fastjson.serializer.JSONSerializer.writeWithFormat(Object, String)
23:21:52.917 | INFO  |  -- Remaining time budget: 59379 ms, #remaining_methods: 13, budget for method: 4567 ms, solver timeout: 1000 ms, budget for symbolic execution: 3367 ms, budget for concrete execution: 1200 ms,  -- 
23:21:53.164 | DEBUG | --new testCase collected, to generate: testCom.alibaba.fastjson.serializer.JSONSerializer.writeWithFormat(Object, String)1
23:21:54.349 | DEBUG | --new testCase collected, to generate: testCom.alibaba.fastjson.serializer.JSONSerializer.writeWithFormat(Object, String)2
23:21:55.306 | DEBUG | --new testCase collected, to generate: testCom.alibaba.fastjson.serializer.JSONSerializer.writeWithFormat(Object, String)3
23:21:55.524 | DEBUG | --new testCase collected, to generate: testCom.alibaba.fastjson.serializer.JSONSerializer.writeWithFormat(Object, String)4
23:21:55.763 | ERROR | Symbolic execution FAILED
java.util.NoSuchElementException: List contains no element matching the predicate.
	at com.huawei.utbot.engine.Hierarchy.chunkIdForField(Hierarchy.kt:76) ~[utbot-junit-contest-1.0.jar:?]
	at com.huawei.utbot.engine.UtBotSymbolicEngine.createFieldOrMock(UtBotSymbolicEngine.kt:1934) ~[utbot-junit-contest-1.0.jar:?]
	at com.huawei.utbot.engine.UtBotSymbolicEngine.resolve(UtBotSymbolicEngine.kt:1745) ~[utbot-junit-contest-1.0.jar:?]
	at com.huawei.utbot.engine.UtBotSymbolicEngine.traverseAssignStmt(UtBotSymbolicEngine.kt:886) ~[utbot-junit-contest-1.0.jar:?]
	at com.huawei.utbot.engine.UtBotSymbolicEngine.traverseStmt(UtBotSymbolicEngine.kt:604) ~[utbot-junit-contest-1.0.jar:?]
	at com.huawei.utbot.engine.UtBotSymbolicEngine$traverse$1.invokeSuspend(UtBotSymbolicEngine.kt:464) [utbot-junit-contest-1.0.jar:?]
	at com.huawei.utbot.engine.UtBotSymbolicEngine$traverse$1.invoke(UtBotSymbolicEngine.kt) [utbot-junit-contest-1.0.jar:?]
	at kotlinx.coroutines.flow.SafeFlow.collectSafely(Builders.kt:61) [utbot-junit-contest-1.0.jar:?]
	at kotlinx.coroutines.flow.AbstractFlow.collect(Flow.kt:212) [utbot-junit-contest-1.0.jar:?]
	at kotlinx.coroutines.flow.FlowKt__MergeKt$flattenConcat$$inlined$unsafeFlow$1$lambda$1.emit(Collect.kt:134) [utbot-junit-contest-1.0.jar:?]
	at kotlinx.coroutines.flow.FlowKt__BuildersKt$flowOf$$inlined$unsafeFlow$1.collect(SafeCollector.common.kt:114) [utbot-junit-contest-1.0.jar:?]
	at kotlinx.coroutines.flow.FlowKt__BuildersKt$flowOf$$inlined$unsafeFlow$1$1.invokeSuspend(Unknown Source) [utbot-junit-contest-1.0.jar:?]
	at kotlin.coroutines.jvm.internal.BaseContinuationImpl.resumeWith(ContinuationImpl.kt:33) [utbot-junit-contest-1.0.jar:?]
	at kotlinx.coroutines.DispatchedTask.run(DispatchedTask.kt:106) [utbot-junit-contest-1.0.jar:?]
	at java.util.concurrent.Executors$RunnableAdapter.call(Executors.java:511) [?:1.8.0_312]
	at java.util.concurrent.FutureTask.run(FutureTask.java:266) [?:1.8.0_312]
	at java.util.concurrent.ScheduledThreadPoolExecutor$ScheduledFutureTask.access$201(ScheduledThreadPoolExecutor.java:180) [?:1.8.0_312]
	at java.util.concurrent.ScheduledThreadPoolExecutor$ScheduledFutureTask.run(ScheduledThreadPoolExecutor.java:293) [?:1.8.0_312]
	at java.util.concurrent.ThreadPoolExecutor.runWorker(ThreadPoolExecutor.java:1149) [?:1.8.0_312]
	at java.util.concurrent.ThreadPoolExecutor$Worker.run(ThreadPoolExecutor.java:624) [?:1.8.0_312]
	at java.lang.Thread.run(Thread.java:748) [?:1.8.0_312]
23:21:56.285 | INFO  | |> Starting concrete execution for remaining state: com.alibaba.fastjson.serializer.JSONSerializer.writeWithFormat(Object, String)
23:21:57.396 | DEBUG | --new testCase collected, to generate: testCom.alibaba.fastjson.serializer.JSONSerializer.writeWithFormat(Object, String)5
23:21:57.485 | INFO  | (X) Cancelling concrete execution: com.alibaba.fastjson.serializer.JSONSerializer.writeWithFormat(Object, String)
23:21:57.663 | INFO  | Finished (in 4.746 sec): method com.alibaba.fastjson.serializer.JSONSerializer.writeWithFormat(Object, String) 
<StatsForMethod> :
	#generatedTC=5
	FAILED 1 time(s) with 1 different exception(s)"
23:21:57.784 | DEBUG |  ... 
23:21:57.784 | INFO  | Started: method com.alibaba.fastjson.serializer.JSONSerializer.getObjectWriter(Class)
23:21:57.785 | INFO  |  -- Remaining time budget: 54512 ms, #remaining_methods: 12, budget for method: 4542 ms, solver timeout: 1000 ms, budget for symbolic execution: 3342 ms, budget for concrete execution: 1200 ms,  -- 
23:21:57.789 | ERROR | Symbolic execution FAILED
com.huawei.utbot.instrumentation.util.ChildProcessError: Error in the child process |> java.lang.IllegalAccessException: java.lang.Class
	at sun.misc.Unsafe.allocateInstance(Native Method)
	at com.huawei.utbot.framework.util.EngineUtilsKt.getAnyInstance(EngineUtils.kt:61)
	at com.huawei.utbot.framework.concrete.MockValueConstructor.constructObject(MockValueConstructor.kt:158)
	at com.huawei.utbot.framework.concrete.MockValueConstructor.construct(MockValueConstructor.kt:124)
	at com.huawei.utbot.framework.concrete.MockValueConstructor.constructMethodParameters(MockValueConstructor.kt:101)
	at com.huawei.utbot.framework.concrete.UtExecutionInstrumentation.invoke(UtExecutionInstrumentation.kt:126)
	at com.huawei.utbot.framework.concrete.UtExecutionInstrumentation.invoke(UtExecutionInstrumentation.kt:96)
	at com.huawei.utbot.instrumentation.process.ChildProcessKt.loop(ChildProcess.kt:114)
	at com.huawei.utbot.instrumentation.process.ChildProcessKt.main(ChildProcess.kt:76)
	at com.huawei.utbot.instrumentation.process.ChildProcessKt.main(ChildProcess.kt)

	at com.huawei.utbot.instrumentation.ConcreteExecutor.executeAsync(ConcreteExecutor.kt:391) ~[utbot-junit-contest-1.0.jar:?]
	at com.huawei.utbot.instrumentation.ConcreteExecutor$executeAsync$1.invokeSuspend(ConcreteExecutor.kt) ~[utbot-junit-contest-1.0.jar:?]
	at kotlin.coroutines.jvm.internal.BaseContinuationImpl.resumeWith(ContinuationImpl.kt:33) [utbot-junit-contest-1.0.jar:?]
	at kotlinx.coroutines.DispatchedTask.run(DispatchedTask.kt:106) [utbot-junit-contest-1.0.jar:?]
	at java.util.concurrent.Executors$RunnableAdapter.call(Executors.java:511) [?:1.8.0_312]
	at java.util.concurrent.FutureTask.run(FutureTask.java:266) [?:1.8.0_312]
	at java.util.concurrent.ScheduledThreadPoolExecutor$ScheduledFutureTask.access$201(ScheduledThreadPoolExecutor.java:180) [?:1.8.0_312]
	at java.util.concurrent.ScheduledThreadPoolExecutor$ScheduledFutureTask.run(ScheduledThreadPoolExecutor.java:293) [?:1.8.0_312]
	at java.util.concurrent.ThreadPoolExecutor.runWorker(ThreadPoolExecutor.java:1149) [?:1.8.0_312]
	at java.util.concurrent.ThreadPoolExecutor$Worker.run(ThreadPoolExecutor.java:624) [?:1.8.0_312]
	at java.lang.Thread.run(Thread.java:748) [?:1.8.0_312]
23:21:57.890 | DEBUG | --new testCase collected, to generate: testCom.alibaba.fastjson.serializer.JSONSerializer.getObjectWriter(Class)1
23:21:57.890 | INFO  | Finished (in 0.106 sec): method com.alibaba.fastjson.serializer.JSONSerializer.getObjectWriter(Class) 
<StatsForMethod> :
	#generatedTC=1
	FAILED 1 time(s) with 1 different exception(s)"
23:21:57.891 | DEBUG |  ... 
23:21:57.892 | INFO  | Started: method com.alibaba.fastjson.serializer.JSONSerializer.println()
23:21:57.892 | INFO  |  -- Remaining time budget: 54404 ms, #remaining_methods: 11, budget for method: 4945 ms, solver timeout: 1000 ms, budget for symbolic execution: 3745 ms, budget for concrete execution: 1200 ms,  -- 
23:21:58.160 | DEBUG | --new testCase collected, to generate: testCom.alibaba.fastjson.serializer.JSONSerializer.println()1
23:21:58.207 | DEBUG | --new testCase collected, to generate: testCom.alibaba.fastjson.serializer.JSONSerializer.println()2
23:21:58.214 | DEBUG | --new testCase collected, to generate: testCom.alibaba.fastjson.serializer.JSONSerializer.println()3
23:21:58.215 | INFO  | Finished (in 0.323 sec): method com.alibaba.fastjson.serializer.JSONSerializer.println() 
<StatsForMethod> :
	#generatedTC=3
	WITH NO EXCEPTIONS
23:21:58.216 | DEBUG |  ... 
23:21:58.216 | INFO  | Started: method com.alibaba.fastjson.serializer.JSONSerializer.write(String)
23:21:58.216 | INFO  |  -- Remaining time budget: 54080 ms, #remaining_methods: 10, budget for method: 5408 ms, solver timeout: 1000 ms, budget for symbolic execution: 4208 ms, budget for concrete execution: 1200 ms,  -- 
23:21:58.491 | DEBUG | --new testCase collected, to generate: testCom.alibaba.fastjson.serializer.JSONSerializer.write(String)1
23:21:58.554 | INFO  | Finished (in 0.337 sec): method com.alibaba.fastjson.serializer.JSONSerializer.write(String) 
<StatsForMethod> :
	#generatedTC=1
	WITH NO EXCEPTIONS
23:21:58.562 | DEBUG |  ... 
23:21:58.562 | INFO  | Started: method com.alibaba.fastjson.serializer.JSONSerializer.write(Object)
23:21:58.563 | INFO  |  -- Remaining time budget: 53734 ms, #remaining_methods: 9, budget for method: 5970 ms, solver timeout: 1000 ms, budget for symbolic execution: 4770 ms, budget for concrete execution: 1200 ms,  -- 
23:21:58.808 | DEBUG | --new testCase collected, to generate: testCom.alibaba.fastjson.serializer.JSONSerializer.write(Object)1
23:21:59.145 | DEBUG | --new testCase collected, to generate: testCom.alibaba.fastjson.serializer.JSONSerializer.write(Object)2
23:21:59.477 | DEBUG | --new testCase collected, to generate: testCom.alibaba.fastjson.serializer.JSONSerializer.write(Object)3
23:21:59.509 | DEBUG | --new testCase collected, to generate: testCom.alibaba.fastjson.serializer.JSONSerializer.write(Object)4
23:21:59.509 | INFO  | Finished (in 0.947 sec): method com.alibaba.fastjson.serializer.JSONSerializer.write(Object) 
<StatsForMethod> :
	#generatedTC=4
	WITH NO EXCEPTIONS
23:21:59.519 | DEBUG |  ... 
23:21:59.520 | INFO  | Started: method com.alibaba.fastjson.serializer.JSONSerializer.getContext()
23:21:59.520 | INFO  |  -- Remaining time budget: 52776 ms, #remaining_methods: 8, budget for method: 6597 ms, solver timeout: 1000 ms, budget for symbolic execution: 5397 ms, budget for concrete execution: 1200 ms,  -- 
23:21:59.808 | DEBUG | --new testCase collected, to generate: testCom.alibaba.fastjson.serializer.JSONSerializer.getContext()1
23:21:59.834 | DEBUG | --new testCase collected, to generate: testCom.alibaba.fastjson.serializer.JSONSerializer.getContext()2
23:21:59.835 | INFO  | Finished (in 0.315 sec): method com.alibaba.fastjson.serializer.JSONSerializer.getContext() 
<StatsForMethod> :
	#generatedTC=2
	WITH NO EXCEPTIONS
23:21:59.836 | DEBUG |  ... 
23:21:59.836 | INFO  | Started: method com.alibaba.fastjson.serializer.JSONSerializer.close()
23:21:59.836 | INFO  |  -- Remaining time budget: 52460 ms, #remaining_methods: 7, budget for method: 7494 ms, solver timeout: 1000 ms, budget for symbolic execution: 6294 ms, budget for concrete execution: 1200 ms,  -- 
23:22:00.511 | DEBUG | --new testCase collected, to generate: testCom.alibaba.fastjson.serializer.JSONSerializer.close()1
23:22:00.542 | DEBUG | --new testCase collected, to generate: testCom.alibaba.fastjson.serializer.JSONSerializer.close()2
23:22:00.542 | INFO  | Finished (in 0.706 sec): method com.alibaba.fastjson.serializer.JSONSerializer.close() 
<StatsForMethod> :
	#generatedTC=2
	WITH NO EXCEPTIONS
23:22:00.543 | DEBUG |  ... 
23:22:00.543 | INFO  | Started: method com.alibaba.fastjson.serializer.JSONSerializer.write(Writer, Object)
23:22:00.543 | INFO  |  -- Remaining time budget: 51753 ms, #remaining_methods: 6, budget for method: 8625 ms, solver timeout: 1000 ms, budget for symbolic execution: 7425 ms, budget for concrete execution: 1200 ms,  -- 
23:22:00.551 | DEBUG | --new testCase collected, to generate: testCom.alibaba.fastjson.serializer.JSONSerializer.write(Writer, Object)1
23:22:00.848 | INFO  | Finished (in 0.305 sec): method com.alibaba.fastjson.serializer.JSONSerializer.write(Writer, Object) 
<StatsForMethod> :
	#generatedTC=1
	WITH NO EXCEPTIONS
23:22:00.861 | DEBUG |  ... 
23:22:00.861 | INFO  | Started: method com.alibaba.fastjson.serializer.JSONSerializer.write(SerializeWriter, Object)
23:22:00.861 | INFO  |  -- Remaining time budget: 51435 ms, #remaining_methods: 5, budget for method: 10287 ms, solver timeout: 1000 ms, budget for symbolic execution: 9087 ms, budget for concrete execution: 1200 ms,  -- 
23:22:00.871 | DEBUG | --new testCase collected, to generate: testCom.alibaba.fastjson.serializer.JSONSerializer.write(SerializeWriter, Object)1
23:22:01.347 | INFO  | Finished (in 0.486 sec): method com.alibaba.fastjson.serializer.JSONSerializer.write(SerializeWriter, Object) 
<StatsForMethod> :
	#generatedTC=1
	WITH NO EXCEPTIONS
23:22:01.366 | DEBUG |  ... 
23:22:01.366 | INFO  | Started: method com.alibaba.fastjson.serializer.JSONSerializer.<init>(SerializeWriter)
23:22:01.367 | INFO  |  -- Remaining time budget: 50930 ms, #remaining_methods: 4, budget for method: 12732 ms, solver timeout: 1000 ms, budget for symbolic execution: 11532 ms, budget for concrete execution: 1200 ms,  -- 
23:22:01.661 | DEBUG | --new testCase collected, to generate: testCom.alibaba.fastjson.serializer.JSONSerializer.<init>(SerializeWriter)1
23:22:01.768 | INFO  | Finished (in 0.401 sec): method com.alibaba.fastjson.serializer.JSONSerializer.<init>(SerializeWriter) 
<StatsForMethod> :
	#generatedTC=1
	WITH NO EXCEPTIONS
23:22:01.778 | DEBUG |  ... 
23:22:01.779 | INFO  | Started: method com.alibaba.fastjson.serializer.JSONSerializer.<init>(SerializeWriter, SerializeConfig)
23:22:01.779 | INFO  |  -- Remaining time budget: 50517 ms, #remaining_methods: 3, budget for method: 16839 ms, solver timeout: 1000 ms, budget for symbolic execution: 15639 ms, budget for concrete execution: 1200 ms,  -- 
23:22:02.010 | DEBUG | --new testCase collected, to generate: testCom.alibaba.fastjson.serializer.JSONSerializer.<init>(SerializeWriter, SerializeConfig)1
23:22:02.123 | INFO  | Finished (in 0.344 sec): method com.alibaba.fastjson.serializer.JSONSerializer.<init>(SerializeWriter, SerializeConfig) 
<StatsForMethod> :
	#generatedTC=1
	WITH NO EXCEPTIONS
23:22:02.133 | DEBUG |  ... 
23:22:02.134 | INFO  | Started: method com.alibaba.fastjson.serializer.JSONSerializer.<init>(SerializeConfig)
23:22:02.134 | INFO  |  -- Remaining time budget: 50162 ms, #remaining_methods: 2, budget for method: 25081 ms, solver timeout: 1000 ms, budget for symbolic execution: 23881 ms, budget for concrete execution: 1200 ms,  -- 
23:22:02.353 | DEBUG | --new testCase collected, to generate: testCom.alibaba.fastjson.serializer.JSONSerializer.<init>(SerializeConfig)1
23:22:02.408 | INFO  | Finished (in 0.274 sec): method com.alibaba.fastjson.serializer.JSONSerializer.<init>(SerializeConfig) 
<StatsForMethod> :
	#generatedTC=1
	WITH NO EXCEPTIONS
23:22:02.415 | DEBUG |  ... 
23:22:02.415 | INFO  | Started: method com.alibaba.fastjson.serializer.JSONSerializer.<init>()
23:22:02.415 | INFO  |  -- Remaining time budget: 49881 ms, #remaining_methods: 1, budget for method: 49881 ms, solver timeout: 1000 ms, budget for symbolic execution: 48681 ms, budget for concrete execution: 1200 ms,  -- 
23:22:02.683 | DEBUG | --new testCase collected, to generate: testCom.alibaba.fastjson.serializer.JSONSerializer.<init>()1
23:22:02.738 | INFO  | Finished (in 0.322 sec): method com.alibaba.fastjson.serializer.JSONSerializer.<init>() 
<StatsForMethod> :
	#generatedTC=1
	WITH NO EXCEPTIONS
23:22:02.746 | INFO  | Started: Flushing tests for [JSONSerializer] on disk
23:22:15.401 | INFO  | File size for JSONSerializerTest: 58 KB
23:22:15.403 | INFO  | Finished (in 12.657 sec): Flushing tests for [JSONSerializer] on disk 
23:22:15.404 | INFO  | Finished (in 65.071 sec): class com.alibaba.fastjson.serializer.JSONSerializer 
<StatsForClass> :
	canceled by timeout = false
	#methods = 40, 
	#methods started symbolic exploration = 40
	#methods with at least one TC = 39
	#methods with exceptions = 4
	#generated TC = 91
	#coverage = null
[READY]
