Started UtBot Contest, classfileDir = /var/benchmarks/projects/seata/core/target/classes, classpathString=/var/benchmarks/projects/seata/core/target/classes:/var/benchmarks/projects/seata/core/target/seata-core-0.5.0.jar:/var/benchmarks/projects/./seata/core/target/dependency/mockito-core-2.23.4.jar:/var/benchmarks/projects/seata/core/target/dependency/byte-buddy-agent-1.9.3.jar:/var/benchmarks/projects/seata/core/target/dependency/assertj-core-2.6.0.jar:/var/benchmarks/projects/seata/core/target/dependency/seata-common-0.5.0.jar:/var/benchmarks/projects/seata/core/target/dependency/byte-buddy-1.9.3.jar:/var/benchmarks/projects/seata/core/target/dependency/objenesis-2.6.jar:/var/benchmarks/projects/seata/core/target/dependency/seata-discovery-core-0.5.0.jar:/var/benchmarks/projects/seata/core/target/dependency/commons-pool2-2.4.2.jar:/var/benchmarks/projects/seata/core/target/dependency/junit-4.12.jar:/var/benchmarks/projects/seata/core/target/dependency/hamcrest-core-1.3.jar:/var/benchmarks/projects/seata/core/target/dependency/slf4j-api-1.7.22.jar:/var/benchmarks/projects/seata/core/target/dependency/seata-config-core-0.5.0.jar:/var/benchmarks/projects/seata/core/target/dependency/netty-all-4.1.24.Final.jar:/var/benchmarks/projects/seata/core/target/dependency/commons-lang-2.6.jar:/var/benchmarks/projects/seata/core/target/dependency/fastjson-1.2.48.jar:/var/benchmarks/projects/seata/core/target/dependency/config-1.2.1.jar:/var/benchmarks/projects/seata/core/target/dependency/commons-pool-1.6.jar, outputDir=/home/utbot_mocks/temp/testcases, mocks=Other classes: Mockito
23:05:45.024 | INFO  | Started: warmup: kotlin reflection :: init
23:05:45.111 | INFO  | Finished (in 0.086 sec): warmup: kotlin reflection :: init 
[INIT]
>> [RUN] io.seata.core.rpc.netty.TmRpcClient 120
23:05:45.125 | DEBUG | -----------------------------------------------------------------------------
23:05:45.126 | INFO  | Contest.runGeneration: Time budget: 120000 ms, Generation timeout=102000 ms, classpath=/var/benchmarks/projects/seata/core/target/classes:/var/benchmarks/projects/seata/core/target/seata-core-0.5.0.jar:/var/benchmarks/projects/./seata/core/target/dependency/mockito-core-2.23.4.jar:/var/benchmarks/projects/seata/core/target/dependency/byte-buddy-agent-1.9.3.jar:/var/benchmarks/projects/seata/core/target/dependency/assertj-core-2.6.0.jar:/var/benchmarks/projects/seata/core/target/dependency/seata-common-0.5.0.jar:/var/benchmarks/projects/seata/core/target/dependency/byte-buddy-1.9.3.jar:/var/benchmarks/projects/seata/core/target/dependency/objenesis-2.6.jar:/var/benchmarks/projects/seata/core/target/dependency/seata-discovery-core-0.5.0.jar:/var/benchmarks/projects/seata/core/target/dependency/commons-pool2-2.4.2.jar:/var/benchmarks/projects/seata/core/target/dependency/junit-4.12.jar:/var/benchmarks/projects/seata/core/target/dependency/hamcrest-core-1.3.jar:/var/benchmarks/projects/seata/core/target/dependency/slf4j-api-1.7.22.jar:/var/benchmarks/projects/seata/core/target/dependency/seata-config-core-0.5.0.jar:/var/benchmarks/projects/seata/core/target/dependency/netty-all-4.1.24.Final.jar:/var/benchmarks/projects/seata/core/target/dependency/commons-lang-2.6.jar:/var/benchmarks/projects/seata/core/target/dependency/fastjson-1.2.48.jar:/var/benchmarks/projects/seata/core/target/dependency/config-1.2.1.jar:/var/benchmarks/projects/seata/core/target/dependency/commons-pool-1.6.jar, methodNameFilter=null
23:05:45.128 | INFO  | ClassUnderTest[ FQN: io.seata.core.rpc.netty.TmRpcClient
    classfileDir: /var/benchmarks/projects/seata/core/target/classes
    testClassSimpleName: TmRpcClientTest
    generatedTestFile: /home/utbot_mocks/temp/testcases/io/seata/core/rpc/netty/TmRpcClientTest.java
    generatedTestsSourcesDir: /home/utbot_mocks/temp/testcases
]
23:05:45.151 | INFO  | Started: class io.seata.core.rpc.netty.TmRpcClient
23:05:45.152 | INFO  | Started: preparation class class io.seata.core.rpc.netty.TmRpcClient: kotlin reflection :: run
23:05:45.359 | INFO  | Finished (in 0.207 sec): preparation class class io.seata.core.rpc.netty.TmRpcClient: kotlin reflection :: run 
23:05:45.360 | INFO  | Started: 2nd optional soot initialization
23:05:45.361 | INFO  | Finished (in 0.001 sec): 2nd optional soot initialization 
23:05:45.370 | DEBUG |  ... 
23:05:45.389 | INFO  | Started: method io.seata.core.rpc.netty.TmRpcClient.exceptionCaught(ChannelHandlerContext, Throwable)
23:05:45.390 | INFO  |  -- Remaining time budget: 101755 ms, #remaining_methods: 25, budget for method: 4070 ms, solver timeout: 1000 ms, budget for symbolic execution: 2870 ms, budget for concrete execution: 1200 ms,  -- 
23:05:48.248 | INFO  | |> Starting concrete execution for remaining state: io.seata.core.rpc.netty.TmRpcClient.exceptionCaught(ChannelHandlerContext, Throwable)
23:05:49.450 | INFO  | (X) Cancelling concrete execution: io.seata.core.rpc.netty.TmRpcClient.exceptionCaught(ChannelHandlerContext, Throwable)
23:05:49.453 | DEBUG |  ... 
23:05:49.454 | INFO  | Started: method io.seata.core.rpc.netty.TmRpcClient.userEventTriggered(ChannelHandlerContext, Object)
23:05:49.454 | INFO  |  -- Remaining time budget: 97673 ms, #remaining_methods: 24, budget for method: 4069 ms, solver timeout: 1000 ms, budget for symbolic execution: 2869 ms, budget for concrete execution: 1200 ms,  -- 
23:05:49.482 | INFO  | Finished (in 4.092 sec): method io.seata.core.rpc.netty.TmRpcClient.exceptionCaught(ChannelHandlerContext, Throwable) 
<StatsForMethod> : SUSPICIOUS
	#generatedTC=0
	WITH NO EXCEPTIONS
23:05:50.998 | ERROR | Symbolic execution FAILED
com.huawei.utbot.instrumentation.util.ReadingFromKryoException: Failure reading from kryo
	at com.huawei.utbot.instrumentation.ConcreteExecutor.executeAsync(ConcreteExecutor.kt:392) ~[utbot-junit-contest-1.0.jar:?]
	at com.huawei.utbot.instrumentation.ConcreteExecutor$executeAsync$1.invokeSuspend(ConcreteExecutor.kt) ~[utbot-junit-contest-1.0.jar:?]
	at kotlin.coroutines.jvm.internal.BaseContinuationImpl.resumeWith(ContinuationImpl.kt:33) [utbot-junit-contest-1.0.jar:?]
	at kotlinx.coroutines.DispatchedTask.run(DispatchedTask.kt:106) [utbot-junit-contest-1.0.jar:?]
	at java.util.concurrent.Executors$RunnableAdapter.call(Executors.java:511) [?:1.8.0_312]
	at java.util.concurrent.FutureTask.run(FutureTask.java:266) [?:1.8.0_312]
	at java.util.concurrent.ScheduledThreadPoolExecutor$ScheduledFutureTask.access$201(ScheduledThreadPoolExecutor.java:180) [?:1.8.0_312]
	at java.util.concurrent.ScheduledThreadPoolExecutor$ScheduledFutureTask.run(ScheduledThreadPoolExecutor.java:293) [?:1.8.0_312]
	at java.util.concurrent.ThreadPoolExecutor.runWorker(ThreadPoolExecutor.java:1149) [?:1.8.0_312]
	at java.util.concurrent.ThreadPoolExecutor$Worker.run(ThreadPoolExecutor.java:624) [?:1.8.0_312]
	at java.lang.Thread.run(Thread.java:748) [?:1.8.0_312]
Caused by: com.esotericsoftware.kryo.KryoException: Buffer underflow.
	at com.esotericsoftware.kryo.io.Input.require(Input.java:219) ~[utbot-junit-contest-1.0.jar:?]
	at com.esotericsoftware.kryo.io.Input.readVarLong(Input.java:570) ~[utbot-junit-contest-1.0.jar:?]
	at com.esotericsoftware.kryo.serializers.DefaultSerializers$LongSerializer.read(DefaultSerializers.java:131) ~[utbot-junit-contest-1.0.jar:?]
	at com.esotericsoftware.kryo.serializers.DefaultSerializers$LongSerializer.read(DefaultSerializers.java:125) ~[utbot-junit-contest-1.0.jar:?]
	at com.esotericsoftware.kryo.Kryo.readObject(Kryo.java:774) ~[utbot-junit-contest-1.0.jar:?]
	at com.huawei.utbot.instrumentation.util.KryoHelper.readLong(KryoHelper.kt:36) ~[utbot-junit-contest-1.0.jar:?]
	at com.huawei.utbot.instrumentation.ConcreteExecutor$restartIfNeeded$$inlined$bracket$lambda$1$1$1.invokeSuspend(ConcreteExecutor.kt:256) ~[utbot-junit-contest-1.0.jar:?]
	at kotlin.coroutines.jvm.internal.BaseContinuationImpl.resumeWith(ContinuationImpl.kt:33) ~[utbot-junit-contest-1.0.jar:?]
	at kotlinx.coroutines.DispatchedTask.run(DispatchedTask.kt:106) ~[utbot-junit-contest-1.0.jar:?]
	at kotlinx.coroutines.EventLoopImplBase.processNextEvent(EventLoop.common.kt:274) ~[utbot-junit-contest-1.0.jar:?]
	at kotlinx.coroutines.BlockingCoroutine.joinBlocking(Builders.kt:84) ~[utbot-junit-contest-1.0.jar:?]
	at kotlinx.coroutines.BuildersKt__BuildersKt.runBlocking(Builders.kt:59) ~[utbot-junit-contest-1.0.jar:?]
	at kotlinx.coroutines.BuildersKt.runBlocking(Unknown Source) ~[utbot-junit-contest-1.0.jar:?]
	at kotlinx.coroutines.BuildersKt__BuildersKt.runBlocking$default(Builders.kt:38) ~[utbot-junit-contest-1.0.jar:?]
	at kotlinx.coroutines.BuildersKt.runBlocking$default(Unknown Source) ~[utbot-junit-contest-1.0.jar:?]
	at com.huawei.utbot.instrumentation.ConcreteExecutor$restartIfNeeded$$inlined$bracket$lambda$1$1.invoke(ConcreteExecutor.kt:253) ~[utbot-junit-contest-1.0.jar:?]
	at com.huawei.utbot.instrumentation.ConcreteExecutor$restartIfNeeded$$inlined$bracket$lambda$1$1.invoke(ConcreteExecutor.kt:101) ~[utbot-junit-contest-1.0.jar:?]
	at kotlin.concurrent.ThreadsKt$thread$thread$1.run(Thread.kt:30) ~[utbot-junit-contest-1.0.jar:?]
23:05:51.375 | DEBUG | --new testCase collected, to generate: testIo.seata.core.rpc.netty.TmRpcClient.userEventTriggered(ChannelHandlerContext, Object)1
23:05:51.698 | INFO  | Finished (in 2.243 sec): method io.seata.core.rpc.netty.TmRpcClient.userEventTriggered(ChannelHandlerContext, Object) 
<StatsForMethod> :
	#generatedTC=1
	FAILED 1 time(s) with 1 different exception(s)"
23:05:51.711 | DEBUG |  ... 
23:05:51.711 | INFO  | Started: method io.seata.core.rpc.netty.TmRpcClient.connect(String)
23:05:51.711 | INFO  |  -- Remaining time budget: 95416 ms, #remaining_methods: 23, budget for method: 4148 ms, solver timeout: 1000 ms, budget for symbolic execution: 2948 ms, budget for concrete execution: 1200 ms,  -- 
23:05:54.660 | INFO  | |> Starting concrete execution for remaining state: io.seata.core.rpc.netty.TmRpcClient.connect(String)
23:05:55.861 | INFO  | (X) Cancelling concrete execution: io.seata.core.rpc.netty.TmRpcClient.connect(String)
23:05:55.862 | INFO  | Finished (in 4.151 sec): method io.seata.core.rpc.netty.TmRpcClient.connect(String) 
<StatsForMethod> : SUSPICIOUS
	#generatedTC=0
	WITH NO EXCEPTIONS
23:05:55.863 | DEBUG |  ... 
23:05:55.863 | INFO  | Started: method io.seata.core.rpc.netty.TmRpcClient.sendResponse(long, String, Object)
23:05:55.863 | INFO  |  -- Remaining time budget: 91264 ms, #remaining_methods: 22, budget for method: 4148 ms, solver timeout: 1000 ms, budget for symbolic execution: 2948 ms, budget for concrete execution: 1200 ms,  -- 
23:05:57.893 | ERROR | Symbolic execution FAILED
com.huawei.utbot.instrumentation.util.ReadingFromKryoException: Failure reading from kryo
	at com.huawei.utbot.instrumentation.ConcreteExecutor.executeAsync(ConcreteExecutor.kt:392) ~[utbot-junit-contest-1.0.jar:?]
	at com.huawei.utbot.instrumentation.ConcreteExecutor$executeAsync$1.invokeSuspend(ConcreteExecutor.kt) ~[utbot-junit-contest-1.0.jar:?]
	at kotlin.coroutines.jvm.internal.BaseContinuationImpl.resumeWith(ContinuationImpl.kt:33) [utbot-junit-contest-1.0.jar:?]
	at kotlinx.coroutines.DispatchedTask.run(DispatchedTask.kt:106) [utbot-junit-contest-1.0.jar:?]
	at java.util.concurrent.Executors$RunnableAdapter.call(Executors.java:511) [?:1.8.0_312]
	at java.util.concurrent.FutureTask.run(FutureTask.java:266) [?:1.8.0_312]
	at java.util.concurrent.ScheduledThreadPoolExecutor$ScheduledFutureTask.access$201(ScheduledThreadPoolExecutor.java:180) [?:1.8.0_312]
	at java.util.concurrent.ScheduledThreadPoolExecutor$ScheduledFutureTask.run(ScheduledThreadPoolExecutor.java:293) [?:1.8.0_312]
	at java.util.concurrent.ThreadPoolExecutor.runWorker(ThreadPoolExecutor.java:1149) [?:1.8.0_312]
	at java.util.concurrent.ThreadPoolExecutor$Worker.run(ThreadPoolExecutor.java:624) [?:1.8.0_312]
	at java.lang.Thread.run(Thread.java:748) [?:1.8.0_312]
Caused by: com.esotericsoftware.kryo.KryoException: Buffer underflow.
	at com.esotericsoftware.kryo.io.Input.require(Input.java:219) ~[utbot-junit-contest-1.0.jar:?]
	at com.esotericsoftware.kryo.io.Input.readVarLong(Input.java:570) ~[utbot-junit-contest-1.0.jar:?]
	at com.esotericsoftware.kryo.serializers.DefaultSerializers$LongSerializer.read(DefaultSerializers.java:131) ~[utbot-junit-contest-1.0.jar:?]
	at com.esotericsoftware.kryo.serializers.DefaultSerializers$LongSerializer.read(DefaultSerializers.java:125) ~[utbot-junit-contest-1.0.jar:?]
	at com.esotericsoftware.kryo.Kryo.readObject(Kryo.java:774) ~[utbot-junit-contest-1.0.jar:?]
	at com.huawei.utbot.instrumentation.util.KryoHelper.readLong(KryoHelper.kt:36) ~[utbot-junit-contest-1.0.jar:?]
	at com.huawei.utbot.instrumentation.ConcreteExecutor$restartIfNeeded$$inlined$bracket$lambda$1$1$1.invokeSuspend(ConcreteExecutor.kt:256) ~[utbot-junit-contest-1.0.jar:?]
	at kotlin.coroutines.jvm.internal.BaseContinuationImpl.resumeWith(ContinuationImpl.kt:33) ~[utbot-junit-contest-1.0.jar:?]
	at kotlinx.coroutines.DispatchedTask.run(DispatchedTask.kt:106) ~[utbot-junit-contest-1.0.jar:?]
	at kotlinx.coroutines.EventLoopImplBase.processNextEvent(EventLoop.common.kt:274) ~[utbot-junit-contest-1.0.jar:?]
	at kotlinx.coroutines.BlockingCoroutine.joinBlocking(Builders.kt:84) ~[utbot-junit-contest-1.0.jar:?]
	at kotlinx.coroutines.BuildersKt__BuildersKt.runBlocking(Builders.kt:59) ~[utbot-junit-contest-1.0.jar:?]
	at kotlinx.coroutines.BuildersKt.runBlocking(Unknown Source) ~[utbot-junit-contest-1.0.jar:?]
	at kotlinx.coroutines.BuildersKt__BuildersKt.runBlocking$default(Builders.kt:38) ~[utbot-junit-contest-1.0.jar:?]
	at kotlinx.coroutines.BuildersKt.runBlocking$default(Unknown Source) ~[utbot-junit-contest-1.0.jar:?]
	at com.huawei.utbot.instrumentation.ConcreteExecutor$restartIfNeeded$$inlined$bracket$lambda$1$1.invoke(ConcreteExecutor.kt:253) ~[utbot-junit-contest-1.0.jar:?]
	at com.huawei.utbot.instrumentation.ConcreteExecutor$restartIfNeeded$$inlined$bracket$lambda$1$1.invoke(ConcreteExecutor.kt:101) ~[utbot-junit-contest-1.0.jar:?]
	at kotlin.concurrent.ThreadsKt$thread$thread$1.run(Thread.kt:30) ~[utbot-junit-contest-1.0.jar:?]
23:05:58.811 | INFO  | |> Starting concrete execution for remaining state: io.seata.core.rpc.netty.TmRpcClient.sendResponse(long, String, Object)
23:06:00.012 | INFO  | (X) Cancelling concrete execution: io.seata.core.rpc.netty.TmRpcClient.sendResponse(long, String, Object)
23:06:00.104 | INFO  | Finished (in 4.240 sec): method io.seata.core.rpc.netty.TmRpcClient.sendResponse(long, String, Object) 
<StatsForMethod> :
	#generatedTC=0
	FAILED 1 time(s) with 1 different exception(s)"
23:06:00.166 | DEBUG |  ... 
23:06:00.166 | INFO  | Started: method io.seata.core.rpc.netty.TmRpcClient.destroyChannel(String, Channel)
23:06:00.167 | INFO  |  -- Remaining time budget: 86961 ms, #remaining_methods: 21, budget for method: 4141 ms, solver timeout: 1000 ms, budget for symbolic execution: 2941 ms, budget for concrete execution: 1200 ms,  -- 
23:06:03.108 | INFO  | |> Starting concrete execution for remaining state: io.seata.core.rpc.netty.TmRpcClient.destroyChannel(String, Channel)
23:06:04.309 | INFO  | (X) Cancelling concrete execution: io.seata.core.rpc.netty.TmRpcClient.destroyChannel(String, Channel)
23:06:04.310 | INFO  | Finished (in 4.144 sec): method io.seata.core.rpc.netty.TmRpcClient.destroyChannel(String, Channel) 
<StatsForMethod> : SUSPICIOUS
	#generatedTC=0
	WITH NO EXCEPTIONS
23:06:04.311 | DEBUG |  ... 
23:06:04.311 | INFO  | Started: method io.seata.core.rpc.netty.TmRpcClient.init(long, long)
23:06:04.312 | INFO  |  -- Remaining time budget: 82816 ms, #remaining_methods: 20, budget for method: 4140 ms, solver timeout: 1000 ms, budget for symbolic execution: 2940 ms, budget for concrete execution: 1200 ms,  -- 
23:06:06.397 | ERROR | Symbolic execution FAILED
com.huawei.utbot.instrumentation.util.ReadingFromKryoException: Failure reading from kryo
	at com.huawei.utbot.instrumentation.ConcreteExecutor.executeAsync(ConcreteExecutor.kt:392) ~[utbot-junit-contest-1.0.jar:?]
	at com.huawei.utbot.instrumentation.ConcreteExecutor$executeAsync$1.invokeSuspend(ConcreteExecutor.kt) ~[utbot-junit-contest-1.0.jar:?]
	at kotlin.coroutines.jvm.internal.BaseContinuationImpl.resumeWith(ContinuationImpl.kt:33) [utbot-junit-contest-1.0.jar:?]
	at kotlinx.coroutines.DispatchedTask.run(DispatchedTask.kt:106) [utbot-junit-contest-1.0.jar:?]
	at java.util.concurrent.Executors$RunnableAdapter.call(Executors.java:511) [?:1.8.0_312]
	at java.util.concurrent.FutureTask.run(FutureTask.java:266) [?:1.8.0_312]
	at java.util.concurrent.ScheduledThreadPoolExecutor$ScheduledFutureTask.access$201(ScheduledThreadPoolExecutor.java:180) [?:1.8.0_312]
	at java.util.concurrent.ScheduledThreadPoolExecutor$ScheduledFutureTask.run(ScheduledThreadPoolExecutor.java:293) [?:1.8.0_312]
	at java.util.concurrent.ThreadPoolExecutor.runWorker(ThreadPoolExecutor.java:1149) [?:1.8.0_312]
	at java.util.concurrent.ThreadPoolExecutor$Worker.run(ThreadPoolExecutor.java:624) [?:1.8.0_312]
	at java.lang.Thread.run(Thread.java:748) [?:1.8.0_312]
Caused by: com.esotericsoftware.kryo.KryoException: Buffer underflow.
	at com.esotericsoftware.kryo.io.Input.require(Input.java:219) ~[utbot-junit-contest-1.0.jar:?]
	at com.esotericsoftware.kryo.io.Input.readVarLong(Input.java:570) ~[utbot-junit-contest-1.0.jar:?]
	at com.esotericsoftware.kryo.serializers.DefaultSerializers$LongSerializer.read(DefaultSerializers.java:131) ~[utbot-junit-contest-1.0.jar:?]
	at com.esotericsoftware.kryo.serializers.DefaultSerializers$LongSerializer.read(DefaultSerializers.java:125) ~[utbot-junit-contest-1.0.jar:?]
	at com.esotericsoftware.kryo.Kryo.readObject(Kryo.java:774) ~[utbot-junit-contest-1.0.jar:?]
	at com.huawei.utbot.instrumentation.util.KryoHelper.readLong(KryoHelper.kt:36) ~[utbot-junit-contest-1.0.jar:?]
	at com.huawei.utbot.instrumentation.ConcreteExecutor$restartIfNeeded$$inlined$bracket$lambda$1$1$1.invokeSuspend(ConcreteExecutor.kt:256) ~[utbot-junit-contest-1.0.jar:?]
	at kotlin.coroutines.jvm.internal.BaseContinuationImpl.resumeWith(ContinuationImpl.kt:33) ~[utbot-junit-contest-1.0.jar:?]
	at kotlinx.coroutines.DispatchedTask.run(DispatchedTask.kt:106) ~[utbot-junit-contest-1.0.jar:?]
	at kotlinx.coroutines.EventLoopImplBase.processNextEvent(EventLoop.common.kt:274) ~[utbot-junit-contest-1.0.jar:?]
	at kotlinx.coroutines.BlockingCoroutine.joinBlocking(Builders.kt:84) ~[utbot-junit-contest-1.0.jar:?]
	at kotlinx.coroutines.BuildersKt__BuildersKt.runBlocking(Builders.kt:59) ~[utbot-junit-contest-1.0.jar:?]
	at kotlinx.coroutines.BuildersKt.runBlocking(Unknown Source) ~[utbot-junit-contest-1.0.jar:?]
	at kotlinx.coroutines.BuildersKt__BuildersKt.runBlocking$default(Builders.kt:38) ~[utbot-junit-contest-1.0.jar:?]
	at kotlinx.coroutines.BuildersKt.runBlocking$default(Unknown Source) ~[utbot-junit-contest-1.0.jar:?]
	at com.huawei.utbot.instrumentation.ConcreteExecutor$restartIfNeeded$$inlined$bracket$lambda$1$1.invoke(ConcreteExecutor.kt:253) ~[utbot-junit-contest-1.0.jar:?]
	at com.huawei.utbot.instrumentation.ConcreteExecutor$restartIfNeeded$$inlined$bracket$lambda$1$1.invoke(ConcreteExecutor.kt:101) ~[utbot-junit-contest-1.0.jar:?]
	at kotlin.concurrent.ThreadsKt$thread$thread$1.run(Thread.kt:30) ~[utbot-junit-contest-1.0.jar:?]
23:06:06.438 | INFO  | Finished (in 2.126 sec): method io.seata.core.rpc.netty.TmRpcClient.init(long, long) 
<StatsForMethod> :
	#generatedTC=0
	FAILED 1 time(s) with 1 different exception(s)"
23:06:06.443 | DEBUG |  ... 
23:06:06.443 | INFO  | Started: method io.seata.core.rpc.netty.TmRpcClient.init()
23:06:06.443 | INFO  |  -- Remaining time budget: 80684 ms, #remaining_methods: 19, budget for method: 4246 ms, solver timeout: 1000 ms, budget for symbolic execution: 3046 ms, budget for concrete execution: 1200 ms,  -- 
23:06:09.490 | INFO  | |> Starting concrete execution for remaining state: io.seata.core.rpc.netty.TmRpcClient.init()
23:06:10.690 | INFO  | (X) Cancelling concrete execution: io.seata.core.rpc.netty.TmRpcClient.init()
23:06:10.691 | INFO  | Finished (in 4.248 sec): method io.seata.core.rpc.netty.TmRpcClient.init() 
<StatsForMethod> : SUSPICIOUS
	#generatedTC=0
	WITH NO EXCEPTIONS
23:06:10.692 | DEBUG |  ... 
23:06:10.692 | INFO  | Started: method io.seata.core.rpc.netty.TmRpcClient.onRegisterMsgSuccess(String, Channel, Object, AbstractMessage)
23:06:10.693 | INFO  |  -- Remaining time budget: 76435 ms, #remaining_methods: 18, budget for method: 4246 ms, solver timeout: 1000 ms, budget for symbolic execution: 3046 ms, budget for concrete execution: 1200 ms,  -- 
23:06:12.752 | ERROR | Symbolic execution FAILED
com.huawei.utbot.instrumentation.util.ReadingFromKryoException: Failure reading from kryo
	at com.huawei.utbot.instrumentation.ConcreteExecutor.executeAsync(ConcreteExecutor.kt:392) ~[utbot-junit-contest-1.0.jar:?]
	at com.huawei.utbot.instrumentation.ConcreteExecutor$executeAsync$1.invokeSuspend(ConcreteExecutor.kt) ~[utbot-junit-contest-1.0.jar:?]
	at kotlin.coroutines.jvm.internal.BaseContinuationImpl.resumeWith(ContinuationImpl.kt:33) [utbot-junit-contest-1.0.jar:?]
	at kotlinx.coroutines.DispatchedTask.run(DispatchedTask.kt:106) [utbot-junit-contest-1.0.jar:?]
	at java.util.concurrent.Executors$RunnableAdapter.call(Executors.java:511) [?:1.8.0_312]
	at java.util.concurrent.FutureTask.run(FutureTask.java:266) [?:1.8.0_312]
	at java.util.concurrent.ScheduledThreadPoolExecutor$ScheduledFutureTask.access$201(ScheduledThreadPoolExecutor.java:180) [?:1.8.0_312]
	at java.util.concurrent.ScheduledThreadPoolExecutor$ScheduledFutureTask.run(ScheduledThreadPoolExecutor.java:293) [?:1.8.0_312]
	at java.util.concurrent.ThreadPoolExecutor.runWorker(ThreadPoolExecutor.java:1149) [?:1.8.0_312]
	at java.util.concurrent.ThreadPoolExecutor$Worker.run(ThreadPoolExecutor.java:624) [?:1.8.0_312]
	at java.lang.Thread.run(Thread.java:748) [?:1.8.0_312]
Caused by: com.esotericsoftware.kryo.KryoException: Buffer underflow.
	at com.esotericsoftware.kryo.io.Input.require(Input.java:219) ~[utbot-junit-contest-1.0.jar:?]
	at com.esotericsoftware.kryo.io.Input.readVarLong(Input.java:570) ~[utbot-junit-contest-1.0.jar:?]
	at com.esotericsoftware.kryo.serializers.DefaultSerializers$LongSerializer.read(DefaultSerializers.java:131) ~[utbot-junit-contest-1.0.jar:?]
	at com.esotericsoftware.kryo.serializers.DefaultSerializers$LongSerializer.read(DefaultSerializers.java:125) ~[utbot-junit-contest-1.0.jar:?]
	at com.esotericsoftware.kryo.Kryo.readObject(Kryo.java:774) ~[utbot-junit-contest-1.0.jar:?]
	at com.huawei.utbot.instrumentation.util.KryoHelper.readLong(KryoHelper.kt:36) ~[utbot-junit-contest-1.0.jar:?]
	at com.huawei.utbot.instrumentation.ConcreteExecutor$restartIfNeeded$$inlined$bracket$lambda$1$1$1.invokeSuspend(ConcreteExecutor.kt:256) ~[utbot-junit-contest-1.0.jar:?]
	at kotlin.coroutines.jvm.internal.BaseContinuationImpl.resumeWith(ContinuationImpl.kt:33) ~[utbot-junit-contest-1.0.jar:?]
	at kotlinx.coroutines.DispatchedTask.run(DispatchedTask.kt:106) ~[utbot-junit-contest-1.0.jar:?]
	at kotlinx.coroutines.EventLoopImplBase.processNextEvent(EventLoop.common.kt:274) ~[utbot-junit-contest-1.0.jar:?]
	at kotlinx.coroutines.BlockingCoroutine.joinBlocking(Builders.kt:84) ~[utbot-junit-contest-1.0.jar:?]
	at kotlinx.coroutines.BuildersKt__BuildersKt.runBlocking(Builders.kt:59) ~[utbot-junit-contest-1.0.jar:?]
	at kotlinx.coroutines.BuildersKt.runBlocking(Unknown Source) ~[utbot-junit-contest-1.0.jar:?]
	at kotlinx.coroutines.BuildersKt__BuildersKt.runBlocking$default(Builders.kt:38) ~[utbot-junit-contest-1.0.jar:?]
	at kotlinx.coroutines.BuildersKt.runBlocking$default(Unknown Source) ~[utbot-junit-contest-1.0.jar:?]
	at com.huawei.utbot.instrumentation.ConcreteExecutor$restartIfNeeded$$inlined$bracket$lambda$1$1.invoke(ConcreteExecutor.kt:253) ~[utbot-junit-contest-1.0.jar:?]
	at com.huawei.utbot.instrumentation.ConcreteExecutor$restartIfNeeded$$inlined$bracket$lambda$1$1.invoke(ConcreteExecutor.kt:101) ~[utbot-junit-contest-1.0.jar:?]
	at kotlin.concurrent.ThreadsKt$thread$thread$1.run(Thread.kt:30) ~[utbot-junit-contest-1.0.jar:?]
23:06:13.739 | INFO  | |> Starting concrete execution for remaining state: io.seata.core.rpc.netty.TmRpcClient.onRegisterMsgSuccess(String, Channel, Object, AbstractMessage)
23:06:14.155 | DEBUG | --new testCase collected, to generate: testIo.seata.core.rpc.netty.TmRpcClient.onRegisterMsgSuccess(String, Channel, Object, AbstractMessage)1
23:06:14.940 | INFO  | (X) Cancelling concrete execution: io.seata.core.rpc.netty.TmRpcClient.onRegisterMsgSuccess(String, Channel, Object, AbstractMessage)
23:06:14.994 | INFO  | Finished (in 4.301 sec): method io.seata.core.rpc.netty.TmRpcClient.onRegisterMsgSuccess(String, Channel, Object, AbstractMessage) 
<StatsForMethod> :
	#generatedTC=1
	FAILED 1 time(s) with 1 different exception(s)"
23:06:15.091 | DEBUG |  ... 
23:06:15.092 | INFO  | Started: method io.seata.core.rpc.netty.TmRpcClient.onRegisterMsgFail(String, Channel, Object, AbstractMessage)
23:06:15.092 | INFO  |  -- Remaining time budget: 72036 ms, #remaining_methods: 17, budget for method: 4237 ms, solver timeout: 1000 ms, budget for symbolic execution: 3037 ms, budget for concrete execution: 1200 ms,  -- 
23:06:18.129 | INFO  | |> Starting concrete execution for remaining state: io.seata.core.rpc.netty.TmRpcClient.onRegisterMsgFail(String, Channel, Object, AbstractMessage)
23:06:19.330 | INFO  | (X) Cancelling concrete execution: io.seata.core.rpc.netty.TmRpcClient.onRegisterMsgFail(String, Channel, Object, AbstractMessage)
23:06:19.331 | INFO  | Finished (in 4.239 sec): method io.seata.core.rpc.netty.TmRpcClient.onRegisterMsgFail(String, Channel, Object, AbstractMessage) 
<StatsForMethod> : SUSPICIOUS
	#generatedTC=0
	WITH NO EXCEPTIONS
23:06:19.332 | DEBUG |  ... 
23:06:19.332 | INFO  | Started: method io.seata.core.rpc.netty.TmRpcClient.sendMsgWithResponse(Object, long)
23:06:19.332 | INFO  |  -- Remaining time budget: 67795 ms, #remaining_methods: 16, budget for method: 4237 ms, solver timeout: 1000 ms, budget for symbolic execution: 3037 ms, budget for concrete execution: 1200 ms,  -- 
23:06:21.264 | ERROR | Symbolic execution FAILED
com.huawei.utbot.instrumentation.util.ReadingFromKryoException: Failure reading from kryo
	at com.huawei.utbot.instrumentation.ConcreteExecutor.executeAsync(ConcreteExecutor.kt:392) ~[utbot-junit-contest-1.0.jar:?]
	at com.huawei.utbot.instrumentation.ConcreteExecutor$executeAsync$1.invokeSuspend(ConcreteExecutor.kt) ~[utbot-junit-contest-1.0.jar:?]
	at kotlin.coroutines.jvm.internal.BaseContinuationImpl.resumeWith(ContinuationImpl.kt:33) [utbot-junit-contest-1.0.jar:?]
	at kotlinx.coroutines.DispatchedTask.run(DispatchedTask.kt:106) [utbot-junit-contest-1.0.jar:?]
	at java.util.concurrent.Executors$RunnableAdapter.call(Executors.java:511) [?:1.8.0_312]
	at java.util.concurrent.FutureTask.run(FutureTask.java:266) [?:1.8.0_312]
	at java.util.concurrent.ScheduledThreadPoolExecutor$ScheduledFutureTask.access$201(ScheduledThreadPoolExecutor.java:180) [?:1.8.0_312]
	at java.util.concurrent.ScheduledThreadPoolExecutor$ScheduledFutureTask.run(ScheduledThreadPoolExecutor.java:293) [?:1.8.0_312]
	at java.util.concurrent.ThreadPoolExecutor.runWorker(ThreadPoolExecutor.java:1149) [?:1.8.0_312]
	at java.util.concurrent.ThreadPoolExecutor$Worker.run(ThreadPoolExecutor.java:624) [?:1.8.0_312]
	at java.lang.Thread.run(Thread.java:748) [?:1.8.0_312]
Caused by: com.esotericsoftware.kryo.KryoException: Buffer underflow.
	at com.esotericsoftware.kryo.io.Input.require(Input.java:219) ~[utbot-junit-contest-1.0.jar:?]
	at com.esotericsoftware.kryo.io.Input.readVarLong(Input.java:570) ~[utbot-junit-contest-1.0.jar:?]
	at com.esotericsoftware.kryo.serializers.DefaultSerializers$LongSerializer.read(DefaultSerializers.java:131) ~[utbot-junit-contest-1.0.jar:?]
	at com.esotericsoftware.kryo.serializers.DefaultSerializers$LongSerializer.read(DefaultSerializers.java:125) ~[utbot-junit-contest-1.0.jar:?]
	at com.esotericsoftware.kryo.Kryo.readObject(Kryo.java:774) ~[utbot-junit-contest-1.0.jar:?]
	at com.huawei.utbot.instrumentation.util.KryoHelper.readLong(KryoHelper.kt:36) ~[utbot-junit-contest-1.0.jar:?]
	at com.huawei.utbot.instrumentation.ConcreteExecutor$restartIfNeeded$$inlined$bracket$lambda$1$1$1.invokeSuspend(ConcreteExecutor.kt:256) ~[utbot-junit-contest-1.0.jar:?]
	at kotlin.coroutines.jvm.internal.BaseContinuationImpl.resumeWith(ContinuationImpl.kt:33) ~[utbot-junit-contest-1.0.jar:?]
	at kotlinx.coroutines.DispatchedTask.run(DispatchedTask.kt:106) ~[utbot-junit-contest-1.0.jar:?]
	at kotlinx.coroutines.EventLoopImplBase.processNextEvent(EventLoop.common.kt:274) ~[utbot-junit-contest-1.0.jar:?]
	at kotlinx.coroutines.BlockingCoroutine.joinBlocking(Builders.kt:84) ~[utbot-junit-contest-1.0.jar:?]
	at kotlinx.coroutines.BuildersKt__BuildersKt.runBlocking(Builders.kt:59) ~[utbot-junit-contest-1.0.jar:?]
	at kotlinx.coroutines.BuildersKt.runBlocking(Unknown Source) ~[utbot-junit-contest-1.0.jar:?]
	at kotlinx.coroutines.BuildersKt__BuildersKt.runBlocking$default(Builders.kt:38) ~[utbot-junit-contest-1.0.jar:?]
	at kotlinx.coroutines.BuildersKt.runBlocking$default(Unknown Source) ~[utbot-junit-contest-1.0.jar:?]
	at com.huawei.utbot.instrumentation.ConcreteExecutor$restartIfNeeded$$inlined$bracket$lambda$1$1.invoke(ConcreteExecutor.kt:253) ~[utbot-junit-contest-1.0.jar:?]
	at com.huawei.utbot.instrumentation.ConcreteExecutor$restartIfNeeded$$inlined$bracket$lambda$1$1.invoke(ConcreteExecutor.kt:101) ~[utbot-junit-contest-1.0.jar:?]
	at kotlin.concurrent.ThreadsKt$thread$thread$1.run(Thread.kt:30) ~[utbot-junit-contest-1.0.jar:?]
23:06:22.369 | INFO  | |> Starting concrete execution for remaining state: io.seata.core.rpc.netty.TmRpcClient.sendMsgWithResponse(Object, long)
23:06:22.562 | DEBUG | --new testCase collected, to generate: testIo.seata.core.rpc.netty.TmRpcClient.sendMsgWithResponse(Object, long)1
23:06:22.856 | DEBUG | --new testCase collected, to generate: testIo.seata.core.rpc.netty.TmRpcClient.sendMsgWithResponse(Object, long)2
23:06:23.570 | INFO  | (X) Cancelling concrete execution: io.seata.core.rpc.netty.TmRpcClient.sendMsgWithResponse(Object, long)
23:06:23.680 | INFO  | Finished (in 4.348 sec): method io.seata.core.rpc.netty.TmRpcClient.sendMsgWithResponse(Object, long) 
<StatsForMethod> :
	#generatedTC=2
	FAILED 1 time(s) with 1 different exception(s)"
23:06:23.787 | DEBUG |  ... 
23:06:23.788 | INFO  | Started: method io.seata.core.rpc.netty.TmRpcClient.sendMsgWithResponse(Object)
23:06:23.788 | INFO  |  -- Remaining time budget: 63339 ms, #remaining_methods: 15, budget for method: 4222 ms, solver timeout: 1000 ms, budget for symbolic execution: 3022 ms, budget for concrete execution: 1200 ms,  -- 
23:06:26.811 | INFO  | |> Starting concrete execution for remaining state: io.seata.core.rpc.netty.TmRpcClient.sendMsgWithResponse(Object)
23:06:28.011 | INFO  | (X) Cancelling concrete execution: io.seata.core.rpc.netty.TmRpcClient.sendMsgWithResponse(Object)
23:06:28.014 | INFO  | Finished (in 4.225 sec): method io.seata.core.rpc.netty.TmRpcClient.sendMsgWithResponse(Object) 
<StatsForMethod> : SUSPICIOUS
	#generatedTC=0
	WITH NO EXCEPTIONS
23:06:28.014 | DEBUG |  ... 
23:06:28.015 | INFO  | Started: method io.seata.core.rpc.netty.TmRpcClient.sendMsgWithResponse(String, Object, long)
23:06:28.015 | INFO  |  -- Remaining time budget: 59112 ms, #remaining_methods: 14, budget for method: 4222 ms, solver timeout: 1000 ms, budget for symbolic execution: 3022 ms, budget for concrete execution: 1200 ms,  -- 
23:06:30.059 | ERROR | Symbolic execution FAILED
com.huawei.utbot.instrumentation.util.ReadingFromKryoException: Failure reading from kryo
	at com.huawei.utbot.instrumentation.ConcreteExecutor.executeAsync(ConcreteExecutor.kt:392) ~[utbot-junit-contest-1.0.jar:?]
	at com.huawei.utbot.instrumentation.ConcreteExecutor$executeAsync$1.invokeSuspend(ConcreteExecutor.kt) ~[utbot-junit-contest-1.0.jar:?]
	at kotlin.coroutines.jvm.internal.BaseContinuationImpl.resumeWith(ContinuationImpl.kt:33) [utbot-junit-contest-1.0.jar:?]
	at kotlinx.coroutines.DispatchedTask.run(DispatchedTask.kt:106) [utbot-junit-contest-1.0.jar:?]
	at java.util.concurrent.Executors$RunnableAdapter.call(Executors.java:511) [?:1.8.0_312]
	at java.util.concurrent.FutureTask.run(FutureTask.java:266) [?:1.8.0_312]
	at java.util.concurrent.ScheduledThreadPoolExecutor$ScheduledFutureTask.access$201(ScheduledThreadPoolExecutor.java:180) [?:1.8.0_312]
	at java.util.concurrent.ScheduledThreadPoolExecutor$ScheduledFutureTask.run(ScheduledThreadPoolExecutor.java:293) [?:1.8.0_312]
	at java.util.concurrent.ThreadPoolExecutor.runWorker(ThreadPoolExecutor.java:1149) [?:1.8.0_312]
	at java.util.concurrent.ThreadPoolExecutor$Worker.run(ThreadPoolExecutor.java:624) [?:1.8.0_312]
	at java.lang.Thread.run(Thread.java:748) [?:1.8.0_312]
Caused by: com.esotericsoftware.kryo.KryoException: Buffer underflow.
	at com.esotericsoftware.kryo.io.Input.require(Input.java:219) ~[utbot-junit-contest-1.0.jar:?]
	at com.esotericsoftware.kryo.io.Input.readVarLong(Input.java:570) ~[utbot-junit-contest-1.0.jar:?]
	at com.esotericsoftware.kryo.serializers.DefaultSerializers$LongSerializer.read(DefaultSerializers.java:131) ~[utbot-junit-contest-1.0.jar:?]
	at com.esotericsoftware.kryo.serializers.DefaultSerializers$LongSerializer.read(DefaultSerializers.java:125) ~[utbot-junit-contest-1.0.jar:?]
	at com.esotericsoftware.kryo.Kryo.readObject(Kryo.java:774) ~[utbot-junit-contest-1.0.jar:?]
	at com.huawei.utbot.instrumentation.util.KryoHelper.readLong(KryoHelper.kt:36) ~[utbot-junit-contest-1.0.jar:?]
	at com.huawei.utbot.instrumentation.ConcreteExecutor$restartIfNeeded$$inlined$bracket$lambda$1$1$1.invokeSuspend(ConcreteExecutor.kt:256) ~[utbot-junit-contest-1.0.jar:?]
	at kotlin.coroutines.jvm.internal.BaseContinuationImpl.resumeWith(ContinuationImpl.kt:33) ~[utbot-junit-contest-1.0.jar:?]
	at kotlinx.coroutines.DispatchedTask.run(DispatchedTask.kt:106) ~[utbot-junit-contest-1.0.jar:?]
	at kotlinx.coroutines.EventLoopImplBase.processNextEvent(EventLoop.common.kt:274) ~[utbot-junit-contest-1.0.jar:?]
	at kotlinx.coroutines.BlockingCoroutine.joinBlocking(Builders.kt:84) ~[utbot-junit-contest-1.0.jar:?]
	at kotlinx.coroutines.BuildersKt__BuildersKt.runBlocking(Builders.kt:59) ~[utbot-junit-contest-1.0.jar:?]
	at kotlinx.coroutines.BuildersKt.runBlocking(Unknown Source) ~[utbot-junit-contest-1.0.jar:?]
	at kotlinx.coroutines.BuildersKt__BuildersKt.runBlocking$default(Builders.kt:38) ~[utbot-junit-contest-1.0.jar:?]
	at kotlinx.coroutines.BuildersKt.runBlocking$default(Unknown Source) ~[utbot-junit-contest-1.0.jar:?]
	at com.huawei.utbot.instrumentation.ConcreteExecutor$restartIfNeeded$$inlined$bracket$lambda$1$1.invoke(ConcreteExecutor.kt:253) ~[utbot-junit-contest-1.0.jar:?]
	at com.huawei.utbot.instrumentation.ConcreteExecutor$restartIfNeeded$$inlined$bracket$lambda$1$1.invoke(ConcreteExecutor.kt:101) ~[utbot-junit-contest-1.0.jar:?]
	at kotlin.concurrent.ThreadsKt$thread$thread$1.run(Thread.kt:30) ~[utbot-junit-contest-1.0.jar:?]
23:06:31.037 | INFO  | |> Starting concrete execution for remaining state: io.seata.core.rpc.netty.TmRpcClient.sendMsgWithResponse(String, Object, long)
23:06:32.238 | INFO  | (X) Cancelling concrete execution: io.seata.core.rpc.netty.TmRpcClient.sendMsgWithResponse(String, Object, long)
23:06:32.314 | INFO  | Finished (in 4.299 sec): method io.seata.core.rpc.netty.TmRpcClient.sendMsgWithResponse(String, Object, long) 
<StatsForMethod> :
	#generatedTC=0
	FAILED 1 time(s) with 1 different exception(s)"
23:06:32.411 | DEBUG |  ... 
23:06:32.412 | INFO  | Started: method io.seata.core.rpc.netty.TmRpcClient.releaseChannel(Channel, String)
23:06:32.412 | INFO  |  -- Remaining time budget: 54715 ms, #remaining_methods: 13, budget for method: 4208 ms, solver timeout: 1000 ms, budget for symbolic execution: 3008 ms, budget for concrete execution: 1200 ms,  -- 
23:06:35.420 | INFO  | |> Starting concrete execution for remaining state: io.seata.core.rpc.netty.TmRpcClient.releaseChannel(Channel, String)
23:06:36.621 | INFO  | (X) Cancelling concrete execution: io.seata.core.rpc.netty.TmRpcClient.releaseChannel(Channel, String)
23:06:36.622 | INFO  | Finished (in 4.210 sec): method io.seata.core.rpc.netty.TmRpcClient.releaseChannel(Channel, String) 
<StatsForMethod> : SUSPICIOUS
	#generatedTC=0
	WITH NO EXCEPTIONS
23:06:36.623 | DEBUG |  ... 
23:06:36.623 | INFO  | Started: method io.seata.core.rpc.netty.TmRpcClient.getNettyPoolConfig()
23:06:36.623 | INFO  |  -- Remaining time budget: 50504 ms, #remaining_methods: 12, budget for method: 4208 ms, solver timeout: 1000 ms, budget for symbolic execution: 3008 ms, budget for concrete execution: 1200 ms,  -- 
23:06:38.667 | ERROR | Symbolic execution FAILED
com.huawei.utbot.instrumentation.util.ReadingFromKryoException: Failure reading from kryo
	at com.huawei.utbot.instrumentation.ConcreteExecutor.executeAsync(ConcreteExecutor.kt:392) ~[utbot-junit-contest-1.0.jar:?]
	at com.huawei.utbot.instrumentation.ConcreteExecutor$executeAsync$1.invokeSuspend(ConcreteExecutor.kt) ~[utbot-junit-contest-1.0.jar:?]
	at kotlin.coroutines.jvm.internal.BaseContinuationImpl.resumeWith(ContinuationImpl.kt:33) [utbot-junit-contest-1.0.jar:?]
	at kotlinx.coroutines.DispatchedTask.run(DispatchedTask.kt:106) [utbot-junit-contest-1.0.jar:?]
	at java.util.concurrent.Executors$RunnableAdapter.call(Executors.java:511) [?:1.8.0_312]
	at java.util.concurrent.FutureTask.run(FutureTask.java:266) [?:1.8.0_312]
	at java.util.concurrent.ScheduledThreadPoolExecutor$ScheduledFutureTask.access$201(ScheduledThreadPoolExecutor.java:180) [?:1.8.0_312]
	at java.util.concurrent.ScheduledThreadPoolExecutor$ScheduledFutureTask.run(ScheduledThreadPoolExecutor.java:293) [?:1.8.0_312]
	at java.util.concurrent.ThreadPoolExecutor.runWorker(ThreadPoolExecutor.java:1149) [?:1.8.0_312]
	at java.util.concurrent.ThreadPoolExecutor$Worker.run(ThreadPoolExecutor.java:624) [?:1.8.0_312]
	at java.lang.Thread.run(Thread.java:748) [?:1.8.0_312]
Caused by: com.esotericsoftware.kryo.KryoException: Buffer underflow.
	at com.esotericsoftware.kryo.io.Input.require(Input.java:219) ~[utbot-junit-contest-1.0.jar:?]
	at com.esotericsoftware.kryo.io.Input.readVarLong(Input.java:570) ~[utbot-junit-contest-1.0.jar:?]
	at com.esotericsoftware.kryo.serializers.DefaultSerializers$LongSerializer.read(DefaultSerializers.java:131) ~[utbot-junit-contest-1.0.jar:?]
	at com.esotericsoftware.kryo.serializers.DefaultSerializers$LongSerializer.read(DefaultSerializers.java:125) ~[utbot-junit-contest-1.0.jar:?]
	at com.esotericsoftware.kryo.Kryo.readObject(Kryo.java:774) ~[utbot-junit-contest-1.0.jar:?]
	at com.huawei.utbot.instrumentation.util.KryoHelper.readLong(KryoHelper.kt:36) ~[utbot-junit-contest-1.0.jar:?]
	at com.huawei.utbot.instrumentation.ConcreteExecutor$restartIfNeeded$$inlined$bracket$lambda$1$1$1.invokeSuspend(ConcreteExecutor.kt:256) ~[utbot-junit-contest-1.0.jar:?]
	at kotlin.coroutines.jvm.internal.BaseContinuationImpl.resumeWith(ContinuationImpl.kt:33) ~[utbot-junit-contest-1.0.jar:?]
	at kotlinx.coroutines.DispatchedTask.run(DispatchedTask.kt:106) ~[utbot-junit-contest-1.0.jar:?]
	at kotlinx.coroutines.EventLoopImplBase.processNextEvent(EventLoop.common.kt:274) ~[utbot-junit-contest-1.0.jar:?]
	at kotlinx.coroutines.BlockingCoroutine.joinBlocking(Builders.kt:84) ~[utbot-junit-contest-1.0.jar:?]
	at kotlinx.coroutines.BuildersKt__BuildersKt.runBlocking(Builders.kt:59) ~[utbot-junit-contest-1.0.jar:?]
	at kotlinx.coroutines.BuildersKt.runBlocking(Unknown Source) ~[utbot-junit-contest-1.0.jar:?]
	at kotlinx.coroutines.BuildersKt__BuildersKt.runBlocking$default(Builders.kt:38) ~[utbot-junit-contest-1.0.jar:?]
	at kotlinx.coroutines.BuildersKt.runBlocking$default(Unknown Source) ~[utbot-junit-contest-1.0.jar:?]
	at com.huawei.utbot.instrumentation.ConcreteExecutor$restartIfNeeded$$inlined$bracket$lambda$1$1.invoke(ConcreteExecutor.kt:253) ~[utbot-junit-contest-1.0.jar:?]
	at com.huawei.utbot.instrumentation.ConcreteExecutor$restartIfNeeded$$inlined$bracket$lambda$1$1.invoke(ConcreteExecutor.kt:101) ~[utbot-junit-contest-1.0.jar:?]
	at kotlin.concurrent.ThreadsKt$thread$thread$1.run(Thread.kt:30) ~[utbot-junit-contest-1.0.jar:?]
23:06:38.744 | DEBUG | --new testCase collected, to generate: testIo.seata.core.rpc.netty.TmRpcClient.getNettyPoolConfig()1
23:06:38.745 | INFO  | Finished (in 2.122 sec): method io.seata.core.rpc.netty.TmRpcClient.getNettyPoolConfig() 
<StatsForMethod> :
	#generatedTC=1
	FAILED 1 time(s) with 1 different exception(s)"
23:06:38.749 | DEBUG |  ... 
23:06:38.750 | INFO  | Started: method io.seata.core.rpc.netty.TmRpcClient.getTransactionRole()
23:06:38.750 | INFO  |  -- Remaining time budget: 48377 ms, #remaining_methods: 11, budget for method: 4397 ms, solver timeout: 1000 ms, budget for symbolic execution: 3197 ms, budget for concrete execution: 1200 ms,  -- 
23:06:41.947 | INFO  | |> Starting concrete execution for remaining state: io.seata.core.rpc.netty.TmRpcClient.getTransactionRole()
23:06:43.148 | INFO  | (X) Cancelling concrete execution: io.seata.core.rpc.netty.TmRpcClient.getTransactionRole()
23:06:43.149 | INFO  | Finished (in 4.399 sec): method io.seata.core.rpc.netty.TmRpcClient.getTransactionRole() 
<StatsForMethod> : SUSPICIOUS
	#generatedTC=0
	WITH NO EXCEPTIONS
23:06:43.150 | DEBUG |  ... 
23:06:43.150 | INFO  | Started: method io.seata.core.rpc.netty.TmRpcClient.initVars()
23:06:43.151 | INFO  |  -- Remaining time budget: 43977 ms, #remaining_methods: 10, budget for method: 4397 ms, solver timeout: 1000 ms, budget for symbolic execution: 3197 ms, budget for concrete execution: 1200 ms,  -- 
23:06:45.022 | ERROR | Symbolic execution FAILED
com.huawei.utbot.instrumentation.util.ReadingFromKryoException: Failure reading from kryo
	at com.huawei.utbot.instrumentation.ConcreteExecutor.executeAsync(ConcreteExecutor.kt:392) ~[utbot-junit-contest-1.0.jar:?]
	at com.huawei.utbot.instrumentation.ConcreteExecutor$executeAsync$1.invokeSuspend(ConcreteExecutor.kt) ~[utbot-junit-contest-1.0.jar:?]
	at kotlin.coroutines.jvm.internal.BaseContinuationImpl.resumeWith(ContinuationImpl.kt:33) [utbot-junit-contest-1.0.jar:?]
	at kotlinx.coroutines.DispatchedTask.run(DispatchedTask.kt:106) [utbot-junit-contest-1.0.jar:?]
	at java.util.concurrent.Executors$RunnableAdapter.call(Executors.java:511) [?:1.8.0_312]
	at java.util.concurrent.FutureTask.run(FutureTask.java:266) [?:1.8.0_312]
	at java.util.concurrent.ScheduledThreadPoolExecutor$ScheduledFutureTask.access$201(ScheduledThreadPoolExecutor.java:180) [?:1.8.0_312]
	at java.util.concurrent.ScheduledThreadPoolExecutor$ScheduledFutureTask.run(ScheduledThreadPoolExecutor.java:293) [?:1.8.0_312]
	at java.util.concurrent.ThreadPoolExecutor.runWorker(ThreadPoolExecutor.java:1149) [?:1.8.0_312]
	at java.util.concurrent.ThreadPoolExecutor$Worker.run(ThreadPoolExecutor.java:624) [?:1.8.0_312]
	at java.lang.Thread.run(Thread.java:748) [?:1.8.0_312]
Caused by: com.esotericsoftware.kryo.KryoException: Buffer underflow.
	at com.esotericsoftware.kryo.io.Input.require(Input.java:219) ~[utbot-junit-contest-1.0.jar:?]
	at com.esotericsoftware.kryo.io.Input.readVarLong(Input.java:570) ~[utbot-junit-contest-1.0.jar:?]
	at com.esotericsoftware.kryo.serializers.DefaultSerializers$LongSerializer.read(DefaultSerializers.java:131) ~[utbot-junit-contest-1.0.jar:?]
	at com.esotericsoftware.kryo.serializers.DefaultSerializers$LongSerializer.read(DefaultSerializers.java:125) ~[utbot-junit-contest-1.0.jar:?]
	at com.esotericsoftware.kryo.Kryo.readObject(Kryo.java:774) ~[utbot-junit-contest-1.0.jar:?]
	at com.huawei.utbot.instrumentation.util.KryoHelper.readLong(KryoHelper.kt:36) ~[utbot-junit-contest-1.0.jar:?]
	at com.huawei.utbot.instrumentation.ConcreteExecutor$restartIfNeeded$$inlined$bracket$lambda$1$1$1.invokeSuspend(ConcreteExecutor.kt:256) ~[utbot-junit-contest-1.0.jar:?]
	at kotlin.coroutines.jvm.internal.BaseContinuationImpl.resumeWith(ContinuationImpl.kt:33) ~[utbot-junit-contest-1.0.jar:?]
	at kotlinx.coroutines.DispatchedTask.run(DispatchedTask.kt:106) ~[utbot-junit-contest-1.0.jar:?]
	at kotlinx.coroutines.EventLoopImplBase.processNextEvent(EventLoop.common.kt:274) ~[utbot-junit-contest-1.0.jar:?]
	at kotlinx.coroutines.BlockingCoroutine.joinBlocking(Builders.kt:84) ~[utbot-junit-contest-1.0.jar:?]
	at kotlinx.coroutines.BuildersKt__BuildersKt.runBlocking(Builders.kt:59) ~[utbot-junit-contest-1.0.jar:?]
	at kotlinx.coroutines.BuildersKt.runBlocking(Unknown Source) ~[utbot-junit-contest-1.0.jar:?]
	at kotlinx.coroutines.BuildersKt__BuildersKt.runBlocking$default(Builders.kt:38) ~[utbot-junit-contest-1.0.jar:?]
	at kotlinx.coroutines.BuildersKt.runBlocking$default(Unknown Source) ~[utbot-junit-contest-1.0.jar:?]
	at com.huawei.utbot.instrumentation.ConcreteExecutor$restartIfNeeded$$inlined$bracket$lambda$1$1.invoke(ConcreteExecutor.kt:253) ~[utbot-junit-contest-1.0.jar:?]
	at com.huawei.utbot.instrumentation.ConcreteExecutor$restartIfNeeded$$inlined$bracket$lambda$1$1.invoke(ConcreteExecutor.kt:101) ~[utbot-junit-contest-1.0.jar:?]
	at kotlin.concurrent.ThreadsKt$thread$thread$1.run(Thread.kt:30) ~[utbot-junit-contest-1.0.jar:?]
23:06:45.053 | INFO  | Finished (in 1.902 sec): method io.seata.core.rpc.netty.TmRpcClient.initVars() 
<StatsForMethod> :
	#generatedTC=0
	FAILED 1 time(s) with 1 different exception(s)"
23:06:45.056 | DEBUG |  ... 
23:06:45.057 | INFO  | Started: method io.seata.core.rpc.netty.TmRpcClient.getExistAliveChannel(Channel, String)
23:06:45.057 | INFO  |  -- Remaining time budget: 42070 ms, #remaining_methods: 9, budget for method: 4674 ms, solver timeout: 1000 ms, budget for symbolic execution: 3474 ms, budget for concrete execution: 1200 ms,  -- 
23:06:48.531 | INFO  | |> Starting concrete execution for remaining state: io.seata.core.rpc.netty.TmRpcClient.getExistAliveChannel(Channel, String)
23:06:49.732 | INFO  | (X) Cancelling concrete execution: io.seata.core.rpc.netty.TmRpcClient.getExistAliveChannel(Channel, String)
23:06:49.733 | INFO  | Finished (in 4.676 sec): method io.seata.core.rpc.netty.TmRpcClient.getExistAliveChannel(Channel, String) 
<StatsForMethod> : SUSPICIOUS
	#generatedTC=0
	WITH NO EXCEPTIONS
23:06:49.734 | DEBUG |  ... 
23:06:49.734 | INFO  | Started: method io.seata.core.rpc.netty.TmRpcClient.doConnect(String)
23:06:49.735 | INFO  |  -- Remaining time budget: 37393 ms, #remaining_methods: 8, budget for method: 4674 ms, solver timeout: 1000 ms, budget for symbolic execution: 3474 ms, budget for concrete execution: 1200 ms,  -- 
23:06:51.242 | ERROR | Symbolic execution FAILED
com.huawei.utbot.instrumentation.util.ReadingFromKryoException: Failure reading from kryo
	at com.huawei.utbot.instrumentation.ConcreteExecutor.executeAsync(ConcreteExecutor.kt:392) ~[utbot-junit-contest-1.0.jar:?]
	at com.huawei.utbot.instrumentation.ConcreteExecutor$executeAsync$1.invokeSuspend(ConcreteExecutor.kt) ~[utbot-junit-contest-1.0.jar:?]
	at kotlin.coroutines.jvm.internal.BaseContinuationImpl.resumeWith(ContinuationImpl.kt:33) [utbot-junit-contest-1.0.jar:?]
	at kotlinx.coroutines.DispatchedTask.run(DispatchedTask.kt:106) [utbot-junit-contest-1.0.jar:?]
	at java.util.concurrent.Executors$RunnableAdapter.call(Executors.java:511) [?:1.8.0_312]
	at java.util.concurrent.FutureTask.run(FutureTask.java:266) [?:1.8.0_312]
	at java.util.concurrent.ScheduledThreadPoolExecutor$ScheduledFutureTask.access$201(ScheduledThreadPoolExecutor.java:180) [?:1.8.0_312]
	at java.util.concurrent.ScheduledThreadPoolExecutor$ScheduledFutureTask.run(ScheduledThreadPoolExecutor.java:293) [?:1.8.0_312]
	at java.util.concurrent.ThreadPoolExecutor.runWorker(ThreadPoolExecutor.java:1149) [?:1.8.0_312]
	at java.util.concurrent.ThreadPoolExecutor$Worker.run(ThreadPoolExecutor.java:624) [?:1.8.0_312]
	at java.lang.Thread.run(Thread.java:748) [?:1.8.0_312]
Caused by: com.esotericsoftware.kryo.KryoException: Buffer underflow.
	at com.esotericsoftware.kryo.io.Input.require(Input.java:219) ~[utbot-junit-contest-1.0.jar:?]
	at com.esotericsoftware.kryo.io.Input.readVarLong(Input.java:570) ~[utbot-junit-contest-1.0.jar:?]
	at com.esotericsoftware.kryo.serializers.DefaultSerializers$LongSerializer.read(DefaultSerializers.java:131) ~[utbot-junit-contest-1.0.jar:?]
	at com.esotericsoftware.kryo.serializers.DefaultSerializers$LongSerializer.read(DefaultSerializers.java:125) ~[utbot-junit-contest-1.0.jar:?]
	at com.esotericsoftware.kryo.Kryo.readObject(Kryo.java:774) ~[utbot-junit-contest-1.0.jar:?]
	at com.huawei.utbot.instrumentation.util.KryoHelper.readLong(KryoHelper.kt:36) ~[utbot-junit-contest-1.0.jar:?]
	at com.huawei.utbot.instrumentation.ConcreteExecutor$restartIfNeeded$$inlined$bracket$lambda$1$1$1.invokeSuspend(ConcreteExecutor.kt:256) ~[utbot-junit-contest-1.0.jar:?]
	at kotlin.coroutines.jvm.internal.BaseContinuationImpl.resumeWith(ContinuationImpl.kt:33) ~[utbot-junit-contest-1.0.jar:?]
	at kotlinx.coroutines.DispatchedTask.run(DispatchedTask.kt:106) ~[utbot-junit-contest-1.0.jar:?]
	at kotlinx.coroutines.EventLoopImplBase.processNextEvent(EventLoop.common.kt:274) ~[utbot-junit-contest-1.0.jar:?]
	at kotlinx.coroutines.BlockingCoroutine.joinBlocking(Builders.kt:84) ~[utbot-junit-contest-1.0.jar:?]
	at kotlinx.coroutines.BuildersKt__BuildersKt.runBlocking(Builders.kt:59) ~[utbot-junit-contest-1.0.jar:?]
	at kotlinx.coroutines.BuildersKt.runBlocking(Unknown Source) ~[utbot-junit-contest-1.0.jar:?]
	at kotlinx.coroutines.BuildersKt__BuildersKt.runBlocking$default(Builders.kt:38) ~[utbot-junit-contest-1.0.jar:?]
	at kotlinx.coroutines.BuildersKt.runBlocking$default(Unknown Source) ~[utbot-junit-contest-1.0.jar:?]
	at com.huawei.utbot.instrumentation.ConcreteExecutor$restartIfNeeded$$inlined$bracket$lambda$1$1.invoke(ConcreteExecutor.kt:253) ~[utbot-junit-contest-1.0.jar:?]
	at com.huawei.utbot.instrumentation.ConcreteExecutor$restartIfNeeded$$inlined$bracket$lambda$1$1.invoke(ConcreteExecutor.kt:101) ~[utbot-junit-contest-1.0.jar:?]
	at kotlin.concurrent.ThreadsKt$thread$thread$1.run(Thread.kt:30) ~[utbot-junit-contest-1.0.jar:?]
23:06:53.209 | INFO  | |> Starting concrete execution for remaining state: io.seata.core.rpc.netty.TmRpcClient.doConnect(String)
23:06:54.400 | DEBUG | --new testCase collected, to generate: testIo.seata.core.rpc.netty.TmRpcClient.doConnect(String)1
23:06:54.409 | INFO  | (X) Cancelling concrete execution: io.seata.core.rpc.netty.TmRpcClient.doConnect(String)
23:06:54.511 | INFO  | Finished (in 4.776 sec): method io.seata.core.rpc.netty.TmRpcClient.doConnect(String) 
<StatsForMethod> :
	#generatedTC=1
	FAILED 1 time(s) with 1 different exception(s)"
23:06:54.653 | DEBUG |  ... 
23:06:54.653 | INFO  | Started: method io.seata.core.rpc.netty.TmRpcClient.getApplicationId()
23:06:54.653 | INFO  |  -- Remaining time budget: 32474 ms, #remaining_methods: 7, budget for method: 4639 ms, solver timeout: 1000 ms, budget for symbolic execution: 3439 ms, budget for concrete execution: 1200 ms,  -- 
23:06:58.093 | INFO  | |> Starting concrete execution for remaining state: io.seata.core.rpc.netty.TmRpcClient.getApplicationId()
23:06:59.293 | INFO  | (X) Cancelling concrete execution: io.seata.core.rpc.netty.TmRpcClient.getApplicationId()
23:06:59.295 | INFO  | Finished (in 4.641 sec): method io.seata.core.rpc.netty.TmRpcClient.getApplicationId() 
<StatsForMethod> : SUSPICIOUS
	#generatedTC=0
	WITH NO EXCEPTIONS
23:06:59.295 | DEBUG |  ... 
23:06:59.295 | INFO  | Started: method io.seata.core.rpc.netty.TmRpcClient.setApplicationId(String)
23:06:59.295 | INFO  |  -- Remaining time budget: 27832 ms, #remaining_methods: 6, budget for method: 4638 ms, solver timeout: 1000 ms, budget for symbolic execution: 3438 ms, budget for concrete execution: 1200 ms,  -- 
23:07:00.914 | ERROR | Symbolic execution FAILED
com.huawei.utbot.instrumentation.util.ReadingFromKryoException: Failure reading from kryo
	at com.huawei.utbot.instrumentation.ConcreteExecutor.executeAsync(ConcreteExecutor.kt:392) ~[utbot-junit-contest-1.0.jar:?]
	at com.huawei.utbot.instrumentation.ConcreteExecutor$executeAsync$1.invokeSuspend(ConcreteExecutor.kt) ~[utbot-junit-contest-1.0.jar:?]
	at kotlin.coroutines.jvm.internal.BaseContinuationImpl.resumeWith(ContinuationImpl.kt:33) [utbot-junit-contest-1.0.jar:?]
	at kotlinx.coroutines.DispatchedTask.run(DispatchedTask.kt:106) [utbot-junit-contest-1.0.jar:?]
	at java.util.concurrent.Executors$RunnableAdapter.call(Executors.java:511) [?:1.8.0_312]
	at java.util.concurrent.FutureTask.run(FutureTask.java:266) [?:1.8.0_312]
	at java.util.concurrent.ScheduledThreadPoolExecutor$ScheduledFutureTask.access$201(ScheduledThreadPoolExecutor.java:180) [?:1.8.0_312]
	at java.util.concurrent.ScheduledThreadPoolExecutor$ScheduledFutureTask.run(ScheduledThreadPoolExecutor.java:293) [?:1.8.0_312]
	at java.util.concurrent.ThreadPoolExecutor.runWorker(ThreadPoolExecutor.java:1149) [?:1.8.0_312]
	at java.util.concurrent.ThreadPoolExecutor$Worker.run(ThreadPoolExecutor.java:624) [?:1.8.0_312]
	at java.lang.Thread.run(Thread.java:748) [?:1.8.0_312]
Caused by: com.esotericsoftware.kryo.KryoException: Buffer underflow.
	at com.esotericsoftware.kryo.io.Input.require(Input.java:219) ~[utbot-junit-contest-1.0.jar:?]
	at com.esotericsoftware.kryo.io.Input.readVarLong(Input.java:570) ~[utbot-junit-contest-1.0.jar:?]
	at com.esotericsoftware.kryo.serializers.DefaultSerializers$LongSerializer.read(DefaultSerializers.java:131) ~[utbot-junit-contest-1.0.jar:?]
	at com.esotericsoftware.kryo.serializers.DefaultSerializers$LongSerializer.read(DefaultSerializers.java:125) ~[utbot-junit-contest-1.0.jar:?]
	at com.esotericsoftware.kryo.Kryo.readObject(Kryo.java:774) ~[utbot-junit-contest-1.0.jar:?]
	at com.huawei.utbot.instrumentation.util.KryoHelper.readLong(KryoHelper.kt:36) ~[utbot-junit-contest-1.0.jar:?]
	at com.huawei.utbot.instrumentation.ConcreteExecutor$restartIfNeeded$$inlined$bracket$lambda$1$1$1.invokeSuspend(ConcreteExecutor.kt:256) ~[utbot-junit-contest-1.0.jar:?]
	at kotlin.coroutines.jvm.internal.BaseContinuationImpl.resumeWith(ContinuationImpl.kt:33) ~[utbot-junit-contest-1.0.jar:?]
	at kotlinx.coroutines.DispatchedTask.run(DispatchedTask.kt:106) ~[utbot-junit-contest-1.0.jar:?]
	at kotlinx.coroutines.EventLoopImplBase.processNextEvent(EventLoop.common.kt:274) ~[utbot-junit-contest-1.0.jar:?]
	at kotlinx.coroutines.BlockingCoroutine.joinBlocking(Builders.kt:84) ~[utbot-junit-contest-1.0.jar:?]
	at kotlinx.coroutines.BuildersKt__BuildersKt.runBlocking(Builders.kt:59) ~[utbot-junit-contest-1.0.jar:?]
	at kotlinx.coroutines.BuildersKt.runBlocking(Unknown Source) ~[utbot-junit-contest-1.0.jar:?]
	at kotlinx.coroutines.BuildersKt__BuildersKt.runBlocking$default(Builders.kt:38) ~[utbot-junit-contest-1.0.jar:?]
	at kotlinx.coroutines.BuildersKt.runBlocking$default(Unknown Source) ~[utbot-junit-contest-1.0.jar:?]
	at com.huawei.utbot.instrumentation.ConcreteExecutor$restartIfNeeded$$inlined$bracket$lambda$1$1.invoke(ConcreteExecutor.kt:253) ~[utbot-junit-contest-1.0.jar:?]
	at com.huawei.utbot.instrumentation.ConcreteExecutor$restartIfNeeded$$inlined$bracket$lambda$1$1.invoke(ConcreteExecutor.kt:101) ~[utbot-junit-contest-1.0.jar:?]
	at kotlin.concurrent.ThreadsKt$thread$thread$1.run(Thread.kt:30) ~[utbot-junit-contest-1.0.jar:?]
23:07:00.948 | DEBUG | --new testCase collected, to generate: testIo.seata.core.rpc.netty.TmRpcClient.setApplicationId(String)1
23:07:00.949 | INFO  | Finished (in 1.653 sec): method io.seata.core.rpc.netty.TmRpcClient.setApplicationId(String) 
<StatsForMethod> :
	#generatedTC=1
	FAILED 1 time(s) with 1 different exception(s)"
23:07:00.950 | DEBUG |  ... 
23:07:00.950 | INFO  | Started: method io.seata.core.rpc.netty.TmRpcClient.getTransactionServiceGroup()
23:07:00.950 | INFO  |  -- Remaining time budget: 26177 ms, #remaining_methods: 5, budget for method: 5235 ms, solver timeout: 1000 ms, budget for symbolic execution: 4035 ms, budget for concrete execution: 1200 ms,  -- 
23:07:04.986 | INFO  | |> Starting concrete execution for remaining state: io.seata.core.rpc.netty.TmRpcClient.getTransactionServiceGroup()
23:07:06.187 | INFO  | (X) Cancelling concrete execution: io.seata.core.rpc.netty.TmRpcClient.getTransactionServiceGroup()
23:07:06.188 | INFO  | Finished (in 5.237 sec): method io.seata.core.rpc.netty.TmRpcClient.getTransactionServiceGroup() 
<StatsForMethod> : SUSPICIOUS
	#generatedTC=0
	WITH NO EXCEPTIONS
23:07:06.188 | DEBUG |  ... 
23:07:06.189 | INFO  | Started: method io.seata.core.rpc.netty.TmRpcClient.setTransactionServiceGroup(String)
23:07:06.189 | INFO  |  -- Remaining time budget: 20939 ms, #remaining_methods: 4, budget for method: 5234 ms, solver timeout: 1000 ms, budget for symbolic execution: 4034 ms, budget for concrete execution: 1200 ms,  -- 
23:07:07.235 | ERROR | Symbolic execution FAILED
com.huawei.utbot.instrumentation.util.ReadingFromKryoException: Failure reading from kryo
	at com.huawei.utbot.instrumentation.ConcreteExecutor.executeAsync(ConcreteExecutor.kt:392) ~[utbot-junit-contest-1.0.jar:?]
	at com.huawei.utbot.instrumentation.ConcreteExecutor$executeAsync$1.invokeSuspend(ConcreteExecutor.kt) ~[utbot-junit-contest-1.0.jar:?]
	at kotlin.coroutines.jvm.internal.BaseContinuationImpl.resumeWith(ContinuationImpl.kt:33) [utbot-junit-contest-1.0.jar:?]
	at kotlinx.coroutines.DispatchedTask.run(DispatchedTask.kt:106) [utbot-junit-contest-1.0.jar:?]
	at java.util.concurrent.Executors$RunnableAdapter.call(Executors.java:511) [?:1.8.0_312]
	at java.util.concurrent.FutureTask.run(FutureTask.java:266) [?:1.8.0_312]
	at java.util.concurrent.ScheduledThreadPoolExecutor$ScheduledFutureTask.access$201(ScheduledThreadPoolExecutor.java:180) [?:1.8.0_312]
	at java.util.concurrent.ScheduledThreadPoolExecutor$ScheduledFutureTask.run(ScheduledThreadPoolExecutor.java:293) [?:1.8.0_312]
	at java.util.concurrent.ThreadPoolExecutor.runWorker(ThreadPoolExecutor.java:1149) [?:1.8.0_312]
	at java.util.concurrent.ThreadPoolExecutor$Worker.run(ThreadPoolExecutor.java:624) [?:1.8.0_312]
	at java.lang.Thread.run(Thread.java:748) [?:1.8.0_312]
Caused by: com.esotericsoftware.kryo.KryoException: Buffer underflow.
	at com.esotericsoftware.kryo.io.Input.require(Input.java:219) ~[utbot-junit-contest-1.0.jar:?]
	at com.esotericsoftware.kryo.io.Input.readVarLong(Input.java:570) ~[utbot-junit-contest-1.0.jar:?]
	at com.esotericsoftware.kryo.serializers.DefaultSerializers$LongSerializer.read(DefaultSerializers.java:131) ~[utbot-junit-contest-1.0.jar:?]
	at com.esotericsoftware.kryo.serializers.DefaultSerializers$LongSerializer.read(DefaultSerializers.java:125) ~[utbot-junit-contest-1.0.jar:?]
	at com.esotericsoftware.kryo.Kryo.readObject(Kryo.java:774) ~[utbot-junit-contest-1.0.jar:?]
	at com.huawei.utbot.instrumentation.util.KryoHelper.readLong(KryoHelper.kt:36) ~[utbot-junit-contest-1.0.jar:?]
	at com.huawei.utbot.instrumentation.ConcreteExecutor$restartIfNeeded$$inlined$bracket$lambda$1$1$1.invokeSuspend(ConcreteExecutor.kt:256) ~[utbot-junit-contest-1.0.jar:?]
	at kotlin.coroutines.jvm.internal.BaseContinuationImpl.resumeWith(ContinuationImpl.kt:33) ~[utbot-junit-contest-1.0.jar:?]
	at kotlinx.coroutines.DispatchedTask.run(DispatchedTask.kt:106) ~[utbot-junit-contest-1.0.jar:?]
	at kotlinx.coroutines.EventLoopImplBase.processNextEvent(EventLoop.common.kt:274) ~[utbot-junit-contest-1.0.jar:?]
	at kotlinx.coroutines.BlockingCoroutine.joinBlocking(Builders.kt:84) ~[utbot-junit-contest-1.0.jar:?]
	at kotlinx.coroutines.BuildersKt__BuildersKt.runBlocking(Builders.kt:59) ~[utbot-junit-contest-1.0.jar:?]
	at kotlinx.coroutines.BuildersKt.runBlocking(Unknown Source) ~[utbot-junit-contest-1.0.jar:?]
	at kotlinx.coroutines.BuildersKt__BuildersKt.runBlocking$default(Builders.kt:38) ~[utbot-junit-contest-1.0.jar:?]
	at kotlinx.coroutines.BuildersKt.runBlocking$default(Unknown Source) ~[utbot-junit-contest-1.0.jar:?]
	at com.huawei.utbot.instrumentation.ConcreteExecutor$restartIfNeeded$$inlined$bracket$lambda$1$1.invoke(ConcreteExecutor.kt:253) ~[utbot-junit-contest-1.0.jar:?]
	at com.huawei.utbot.instrumentation.ConcreteExecutor$restartIfNeeded$$inlined$bracket$lambda$1$1.invoke(ConcreteExecutor.kt:101) ~[utbot-junit-contest-1.0.jar:?]
	at kotlin.concurrent.ThreadsKt$thread$thread$1.run(Thread.kt:30) ~[utbot-junit-contest-1.0.jar:?]
23:07:07.270 | DEBUG | --new testCase collected, to generate: testIo.seata.core.rpc.netty.TmRpcClient.setTransactionServiceGroup(String)1
23:07:07.271 | INFO  | Finished (in 1.082 sec): method io.seata.core.rpc.netty.TmRpcClient.setTransactionServiceGroup(String) 
<StatsForMethod> :
	#generatedTC=1
	FAILED 1 time(s) with 1 different exception(s)"
23:07:07.271 | DEBUG |  ... 
23:07:07.272 | INFO  | Started: method io.seata.core.rpc.netty.TmRpcClient.getInstance()
23:07:07.272 | INFO  |  -- Remaining time budget: 19855 ms, #remaining_methods: 3, budget for method: 6618 ms, solver timeout: 1000 ms, budget for symbolic execution: 5418 ms, budget for concrete execution: 1200 ms,  -- 
23:07:08.315 | ERROR | Symbolic execution FAILED
com.huawei.utbot.instrumentation.util.ChildProcessError: Error in the child process |> java.util.concurrent.TimeoutException: Timeout 100 elapsed
	at com.huawei.utbot.instrumentation.instrumentation.InvokeInstrumentation.invoke-d1pmJ48(InvokeInstrumentation.kt:75)
	at com.huawei.utbot.instrumentation.instrumentation.InvokeInstrumentation.invoke(InvokeInstrumentation.kt:22)
	at com.huawei.utbot.instrumentation.instrumentation.Instrumentation$DefaultImpls.invoke$default(Instrumentation.kt:25)
	at com.huawei.utbot.framework.concrete.UtExecutionInstrumentation$invoke$$inlined$use$lambda$1.invoke(UtExecutionInstrumentation.kt:146)
	at com.huawei.utbot.framework.concrete.UtExecutionInstrumentation$invoke$$inlined$use$lambda$1.invoke(UtExecutionInstrumentation.kt:96)
	at com.huawei.utbot.framework.concrete.UtExecutionInstrumentation.withStaticFields(UtExecutionInstrumentation.kt:225)
	at com.huawei.utbot.framework.concrete.UtExecutionInstrumentation.invoke(UtExecutionInstrumentation.kt:137)
	at com.huawei.utbot.framework.concrete.UtExecutionInstrumentation.invoke(UtExecutionInstrumentation.kt:96)
	at com.huawei.utbot.instrumentation.process.ChildProcessKt.loop(ChildProcess.kt:114)
	at com.huawei.utbot.instrumentation.process.ChildProcessKt.main(ChildProcess.kt:76)
	at com.huawei.utbot.instrumentation.process.ChildProcessKt.main(ChildProcess.kt)

	at com.huawei.utbot.instrumentation.ConcreteExecutor.executeAsync(ConcreteExecutor.kt:391) ~[utbot-junit-contest-1.0.jar:?]
	at com.huawei.utbot.instrumentation.ConcreteExecutor$executeAsync$1.invokeSuspend(ConcreteExecutor.kt) ~[utbot-junit-contest-1.0.jar:?]
	at kotlin.coroutines.jvm.internal.BaseContinuationImpl.resumeWith(ContinuationImpl.kt:33) [utbot-junit-contest-1.0.jar:?]
	at kotlinx.coroutines.DispatchedTask.run(DispatchedTask.kt:106) [utbot-junit-contest-1.0.jar:?]
	at java.util.concurrent.Executors$RunnableAdapter.call(Executors.java:511) [?:1.8.0_312]
	at java.util.concurrent.FutureTask.run(FutureTask.java:266) [?:1.8.0_312]
	at java.util.concurrent.ScheduledThreadPoolExecutor$ScheduledFutureTask.access$201(ScheduledThreadPoolExecutor.java:180) [?:1.8.0_312]
	at java.util.concurrent.ScheduledThreadPoolExecutor$ScheduledFutureTask.run(ScheduledThreadPoolExecutor.java:293) [?:1.8.0_312]
	at java.util.concurrent.ThreadPoolExecutor.runWorker(ThreadPoolExecutor.java:1149) [?:1.8.0_312]
	at java.util.concurrent.ThreadPoolExecutor$Worker.run(ThreadPoolExecutor.java:624) [?:1.8.0_312]
	at java.lang.Thread.run(Thread.java:748) [?:1.8.0_312]
23:07:08.342 | INFO  | Finished (in 1.070 sec): method io.seata.core.rpc.netty.TmRpcClient.getInstance() 
<StatsForMethod> :
	#generatedTC=0
	FAILED 1 time(s) with 1 different exception(s)"
23:07:08.347 | DEBUG |  ... 
23:07:08.347 | INFO  | Started: method io.seata.core.rpc.netty.TmRpcClient.getInstance(String, String)
23:07:08.348 | INFO  |  -- Remaining time budget: 18780 ms, #remaining_methods: 2, budget for method: 9390 ms, solver timeout: 1000 ms, budget for symbolic execution: 8190 ms, budget for concrete execution: 1200 ms,  -- 
23:07:08.505 | ERROR | Symbolic execution FAILED
com.huawei.utbot.instrumentation.util.ChildProcessError: Error in the child process |> java.util.concurrent.TimeoutException: Timeout 100 elapsed
	at com.huawei.utbot.instrumentation.instrumentation.InvokeInstrumentation.invoke-d1pmJ48(InvokeInstrumentation.kt:75)
	at com.huawei.utbot.instrumentation.instrumentation.InvokeInstrumentation.invoke(InvokeInstrumentation.kt:22)
	at com.huawei.utbot.instrumentation.instrumentation.Instrumentation$DefaultImpls.invoke$default(Instrumentation.kt:25)
	at com.huawei.utbot.framework.concrete.UtExecutionInstrumentation$invoke$$inlined$use$lambda$1.invoke(UtExecutionInstrumentation.kt:146)
	at com.huawei.utbot.framework.concrete.UtExecutionInstrumentation$invoke$$inlined$use$lambda$1.invoke(UtExecutionInstrumentation.kt:96)
	at com.huawei.utbot.framework.concrete.UtExecutionInstrumentation.withStaticFields(UtExecutionInstrumentation.kt:225)
	at com.huawei.utbot.framework.concrete.UtExecutionInstrumentation.invoke(UtExecutionInstrumentation.kt:137)
	at com.huawei.utbot.framework.concrete.UtExecutionInstrumentation.invoke(UtExecutionInstrumentation.kt:96)
	at com.huawei.utbot.instrumentation.process.ChildProcessKt.loop(ChildProcess.kt:114)
	at com.huawei.utbot.instrumentation.process.ChildProcessKt.main(ChildProcess.kt:76)
	at com.huawei.utbot.instrumentation.process.ChildProcessKt.main(ChildProcess.kt)

	at com.huawei.utbot.instrumentation.ConcreteExecutor.executeAsync(ConcreteExecutor.kt:391) ~[utbot-junit-contest-1.0.jar:?]
	at com.huawei.utbot.instrumentation.ConcreteExecutor$executeAsync$1.invokeSuspend(ConcreteExecutor.kt) ~[utbot-junit-contest-1.0.jar:?]
	at kotlin.coroutines.jvm.internal.BaseContinuationImpl.resumeWith(ContinuationImpl.kt:33) [utbot-junit-contest-1.0.jar:?]
	at kotlinx.coroutines.DispatchedTask.run(DispatchedTask.kt:106) [utbot-junit-contest-1.0.jar:?]
	at java.util.concurrent.Executors$RunnableAdapter.call(Executors.java:511) [?:1.8.0_312]
	at java.util.concurrent.FutureTask.run(FutureTask.java:266) [?:1.8.0_312]
	at java.util.concurrent.ScheduledThreadPoolExecutor$ScheduledFutureTask.access$201(ScheduledThreadPoolExecutor.java:180) [?:1.8.0_312]
	at java.util.concurrent.ScheduledThreadPoolExecutor$ScheduledFutureTask.run(ScheduledThreadPoolExecutor.java:293) [?:1.8.0_312]
	at java.util.concurrent.ThreadPoolExecutor.runWorker(ThreadPoolExecutor.java:1149) [?:1.8.0_312]
	at java.util.concurrent.ThreadPoolExecutor$Worker.run(ThreadPoolExecutor.java:624) [?:1.8.0_312]
	at java.lang.Thread.run(Thread.java:748) [?:1.8.0_312]
23:07:08.548 | INFO  | Finished (in 0.200 sec): method io.seata.core.rpc.netty.TmRpcClient.getInstance(String, String) 
<StatsForMethod> :
	#generatedTC=0
	FAILED 1 time(s) with 1 different exception(s)"
23:07:08.553 | DEBUG |  ... 
23:07:08.553 | INFO  | Started: method io.seata.core.rpc.netty.TmRpcClient.<init>(NettyClientConfig, EventExecutorGroup, ThreadPoolExecutor)
23:07:08.553 | INFO  |  -- Remaining time budget: 18574 ms, #remaining_methods: 1, budget for method: 18574 ms, solver timeout: 1000 ms, budget for symbolic execution: 17374 ms, budget for concrete execution: 1200 ms,  -- 
23:07:13.581 | ERROR | Symbolic execution FAILED
com.huawei.utbot.instrumentation.util.ReadingFromKryoException: Failure reading from kryo
	at com.huawei.utbot.instrumentation.ConcreteExecutor.executeAsync(ConcreteExecutor.kt:392) ~[utbot-junit-contest-1.0.jar:?]
	at com.huawei.utbot.instrumentation.ConcreteExecutor$executeAsync$1.invokeSuspend(ConcreteExecutor.kt) ~[utbot-junit-contest-1.0.jar:?]
	at kotlin.coroutines.jvm.internal.BaseContinuationImpl.resumeWith(ContinuationImpl.kt:33) [utbot-junit-contest-1.0.jar:?]
	at kotlinx.coroutines.DispatchedTask.run(DispatchedTask.kt:106) [utbot-junit-contest-1.0.jar:?]
	at java.util.concurrent.Executors$RunnableAdapter.call(Executors.java:511) [?:1.8.0_312]
	at java.util.concurrent.FutureTask.run(FutureTask.java:266) [?:1.8.0_312]
	at java.util.concurrent.ScheduledThreadPoolExecutor$ScheduledFutureTask.access$201(ScheduledThreadPoolExecutor.java:180) [?:1.8.0_312]
	at java.util.concurrent.ScheduledThreadPoolExecutor$ScheduledFutureTask.run(ScheduledThreadPoolExecutor.java:293) [?:1.8.0_312]
	at java.util.concurrent.ThreadPoolExecutor.runWorker(ThreadPoolExecutor.java:1149) [?:1.8.0_312]
	at java.util.concurrent.ThreadPoolExecutor$Worker.run(ThreadPoolExecutor.java:624) [?:1.8.0_312]
	at java.lang.Thread.run(Thread.java:748) [?:1.8.0_312]
Caused by: com.esotericsoftware.kryo.KryoException: Buffer underflow.
	at com.esotericsoftware.kryo.io.Input.require(Input.java:219) ~[utbot-junit-contest-1.0.jar:?]
	at com.esotericsoftware.kryo.io.Input.readVarLong(Input.java:570) ~[utbot-junit-contest-1.0.jar:?]
	at com.esotericsoftware.kryo.serializers.DefaultSerializers$LongSerializer.read(DefaultSerializers.java:131) ~[utbot-junit-contest-1.0.jar:?]
	at com.esotericsoftware.kryo.serializers.DefaultSerializers$LongSerializer.read(DefaultSerializers.java:125) ~[utbot-junit-contest-1.0.jar:?]
	at com.esotericsoftware.kryo.Kryo.readObject(Kryo.java:774) ~[utbot-junit-contest-1.0.jar:?]
	at com.huawei.utbot.instrumentation.util.KryoHelper.readLong(KryoHelper.kt:36) ~[utbot-junit-contest-1.0.jar:?]
	at com.huawei.utbot.instrumentation.ConcreteExecutor$restartIfNeeded$$inlined$bracket$lambda$1$1$1.invokeSuspend(ConcreteExecutor.kt:256) ~[utbot-junit-contest-1.0.jar:?]
	at kotlin.coroutines.jvm.internal.BaseContinuationImpl.resumeWith(ContinuationImpl.kt:33) ~[utbot-junit-contest-1.0.jar:?]
	at kotlinx.coroutines.DispatchedTask.run(DispatchedTask.kt:106) ~[utbot-junit-contest-1.0.jar:?]
	at kotlinx.coroutines.EventLoopImplBase.processNextEvent(EventLoop.common.kt:274) ~[utbot-junit-contest-1.0.jar:?]
	at kotlinx.coroutines.BlockingCoroutine.joinBlocking(Builders.kt:84) ~[utbot-junit-contest-1.0.jar:?]
	at kotlinx.coroutines.BuildersKt__BuildersKt.runBlocking(Builders.kt:59) ~[utbot-junit-contest-1.0.jar:?]
	at kotlinx.coroutines.BuildersKt.runBlocking(Unknown Source) ~[utbot-junit-contest-1.0.jar:?]
	at kotlinx.coroutines.BuildersKt__BuildersKt.runBlocking$default(Builders.kt:38) ~[utbot-junit-contest-1.0.jar:?]
	at kotlinx.coroutines.BuildersKt.runBlocking$default(Unknown Source) ~[utbot-junit-contest-1.0.jar:?]
	at com.huawei.utbot.instrumentation.ConcreteExecutor$restartIfNeeded$$inlined$bracket$lambda$1$1.invoke(ConcreteExecutor.kt:253) ~[utbot-junit-contest-1.0.jar:?]
	at com.huawei.utbot.instrumentation.ConcreteExecutor$restartIfNeeded$$inlined$bracket$lambda$1$1.invoke(ConcreteExecutor.kt:101) ~[utbot-junit-contest-1.0.jar:?]
	at kotlin.concurrent.ThreadsKt$thread$thread$1.run(Thread.kt:30) ~[utbot-junit-contest-1.0.jar:?]
23:07:14.447 | INFO  | Finished (in 5.893 sec): method io.seata.core.rpc.netty.TmRpcClient.<init>(NettyClientConfig, EventExecutorGroup, ThreadPoolExecutor) 
<StatsForMethod> :
	#generatedTC=0
	FAILED 1 time(s) with 1 different exception(s)"
23:07:14.526 | INFO  | Started: Flushing tests for [TmRpcClient] on disk
23:07:14.722 | INFO  | File size for TmRpcClientTest: 16 KB
23:07:14.723 | INFO  | Finished (in 0.197 sec): Flushing tests for [TmRpcClient] on disk 
23:07:14.724 | INFO  | Finished (in 89.572 sec): class io.seata.core.rpc.netty.TmRpcClient 
<StatsForClass> :
	canceled by timeout = false
	#methods = 25, 
	#methods started symbolic exploration = 25
	#methods with at least one TC = 7
	#methods with exceptions = 14
	#generated TC = 8
	#coverage = null
[READY]
