Started UtBot Contest, classfileDir = /var/benchmarks/projects/spoon/target/classes, classpathString=/var/benchmarks/projects/spoon/target/classes:/var/benchmarks/projects/spoon/target/spoon-core-7.0.0.jar:/var/benchmarks/projects/./spoon/target/dependency/org.eclipse.text-3.12.0.jar:/var/benchmarks/projects/spoon/target/dependency/org.eclipse.equinox.app-1.6.100.jar:/var/benchmarks/projects/spoon/target/dependency/org.eclipse.core.contenttype-3.8.100.jar:/var/benchmarks/projects/spoon/target/dependency/mockito-all-2.0.2-beta.jar:/var/benchmarks/projects/spoon/target/dependency/jackson-databind-2.9.2.jar:/var/benchmarks/projects/spoon/target/dependency/guava-18.0.jar:/var/benchmarks/projects/spoon/target/dependency/org.eclipse.core.expressions-3.8.100.jar:/var/benchmarks/projects/spoon/target/dependency/org.eclipse.core.commands-3.10.100.jar:/var/benchmarks/projects/spoon/target/dependency/jackson-annotations-2.9.0.jar:/var/benchmarks/projects/spoon/target/dependency/org.eclipse.jdt.core-3.13.102.jar:/var/benchmarks/projects/spoon/target/dependency/org.eclipse.core.runtime-3.24.0.jar:/var/benchmarks/projects/spoon/target/dependency/org.eclipse.core.resources-3.16.0.jar:/var/benchmarks/projects/spoon/target/dependency/jackson-core-2.9.2.jar:/var/benchmarks/projects/spoon/target/dependency/junit-4.12.jar:/var/benchmarks/projects/spoon/target/dependency/org.eclipse.equinox.registry-3.11.100.jar:/var/benchmarks/projects/spoon/target/dependency/hamcrest-core-1.3.jar:/var/benchmarks/projects/spoon/target/dependency/maven-model-3.3.9.jar:/var/benchmarks/projects/spoon/target/dependency/plexus-utils-3.0.22.jar:/var/benchmarks/projects/spoon/target/dependency/jsap-2.1.jar:/var/benchmarks/projects/spoon/target/dependency/bridge-method-annotation-1.13.jar:/var/benchmarks/projects/spoon/target/dependency/org.eclipse.equinox.common-3.15.100.jar:/var/benchmarks/projects/spoon/target/dependency/org.eclipse.core.jobs-3.12.0.jar:/var/benchmarks/projects/spoon/target/dependency/commons-io-2.5.jar:/var/benchmarks/projects/spoon/target/dependency/commons-lang3-3.5.jar:/var/benchmarks/projects/spoon/target/dependency/system-rules-1.9.0.jar:/var/benchmarks/projects/spoon/target/dependency/querydsl-core-3.6.9.jar:/var/benchmarks/projects/spoon/target/dependency/org.eclipse.core.filesystem-1.9.200.jar:/var/benchmarks/projects/spoon/target/dependency/org.eclipse.equinox.preferences-3.9.100.jar:/var/benchmarks/projects/spoon/target/dependency/org.eclipse.osgi-3.17.100.jar:/var/benchmarks/projects/spoon/target/dependency/log4j-1.2.17.jar, outputDir=/home/utbot_mocks/temp/testcases, mocks=Other classes: Mockito
16:26:11.737 | INFO  | Started: warmup: kotlin reflection :: init
16:26:11.841 | INFO  | Finished (in 0.103 sec): warmup: kotlin reflection :: init 
[INIT]
>> [RUN] spoon.reflect.visitor.AstParentConsistencyChecker 30
16:26:11.854 | DEBUG | -----------------------------------------------------------------------------
16:26:11.855 | INFO  | Contest.runGeneration: Time budget: 30000 ms, Generation timeout=25500 ms, classpath=/var/benchmarks/projects/spoon/target/classes:/var/benchmarks/projects/spoon/target/spoon-core-7.0.0.jar:/var/benchmarks/projects/./spoon/target/dependency/org.eclipse.text-3.12.0.jar:/var/benchmarks/projects/spoon/target/dependency/org.eclipse.equinox.app-1.6.100.jar:/var/benchmarks/projects/spoon/target/dependency/org.eclipse.core.contenttype-3.8.100.jar:/var/benchmarks/projects/spoon/target/dependency/mockito-all-2.0.2-beta.jar:/var/benchmarks/projects/spoon/target/dependency/jackson-databind-2.9.2.jar:/var/benchmarks/projects/spoon/target/dependency/guava-18.0.jar:/var/benchmarks/projects/spoon/target/dependency/org.eclipse.core.expressions-3.8.100.jar:/var/benchmarks/projects/spoon/target/dependency/org.eclipse.core.commands-3.10.100.jar:/var/benchmarks/projects/spoon/target/dependency/jackson-annotations-2.9.0.jar:/var/benchmarks/projects/spoon/target/dependency/org.eclipse.jdt.core-3.13.102.jar:/var/benchmarks/projects/spoon/target/dependency/org.eclipse.core.runtime-3.24.0.jar:/var/benchmarks/projects/spoon/target/dependency/org.eclipse.core.resources-3.16.0.jar:/var/benchmarks/projects/spoon/target/dependency/jackson-core-2.9.2.jar:/var/benchmarks/projects/spoon/target/dependency/junit-4.12.jar:/var/benchmarks/projects/spoon/target/dependency/org.eclipse.equinox.registry-3.11.100.jar:/var/benchmarks/projects/spoon/target/dependency/hamcrest-core-1.3.jar:/var/benchmarks/projects/spoon/target/dependency/maven-model-3.3.9.jar:/var/benchmarks/projects/spoon/target/dependency/plexus-utils-3.0.22.jar:/var/benchmarks/projects/spoon/target/dependency/jsap-2.1.jar:/var/benchmarks/projects/spoon/target/dependency/bridge-method-annotation-1.13.jar:/var/benchmarks/projects/spoon/target/dependency/org.eclipse.equinox.common-3.15.100.jar:/var/benchmarks/projects/spoon/target/dependency/org.eclipse.core.jobs-3.12.0.jar:/var/benchmarks/projects/spoon/target/dependency/commons-io-2.5.jar:/var/benchmarks/projects/spoon/target/dependency/commons-lang3-3.5.jar:/var/benchmarks/projects/spoon/target/dependency/system-rules-1.9.0.jar:/var/benchmarks/projects/spoon/target/dependency/querydsl-core-3.6.9.jar:/var/benchmarks/projects/spoon/target/dependency/org.eclipse.core.filesystem-1.9.200.jar:/var/benchmarks/projects/spoon/target/dependency/org.eclipse.equinox.preferences-3.9.100.jar:/var/benchmarks/projects/spoon/target/dependency/org.eclipse.osgi-3.17.100.jar:/var/benchmarks/projects/spoon/target/dependency/log4j-1.2.17.jar, methodNameFilter=null
16:26:11.857 | INFO  | ClassUnderTest[ FQN: spoon.reflect.visitor.AstParentConsistencyChecker
    classfileDir: /var/benchmarks/projects/spoon/target/classes
    testClassSimpleName: AstParentConsistencyCheckerTest
    generatedTestFile: /home/utbot_mocks/temp/testcases/spoon/reflect/visitor/AstParentConsistencyCheckerTest.java
    generatedTestsSourcesDir: /home/utbot_mocks/temp/testcases
]
16:26:11.888 | INFO  | Started: class spoon.reflect.visitor.AstParentConsistencyChecker
16:26:11.889 | INFO  | Started: preparation class class spoon.reflect.visitor.AstParentConsistencyChecker: kotlin reflection :: run
16:26:12.214 | INFO  | Finished (in 0.325 sec): preparation class class spoon.reflect.visitor.AstParentConsistencyChecker: kotlin reflection :: run 
16:26:12.215 | INFO  | Started: 2nd optional soot initialization
16:26:12.216 | INFO  | Finished (in 0.001 sec): 2nd optional soot initialization 
16:26:12.233 | DEBUG |  ... 
16:26:12.247 | INFO  | Started: method spoon.reflect.visitor.AstParentConsistencyChecker.scan(CtElement)
16:26:12.248 | INFO  |  -- Remaining time budget: 25120 ms, #remaining_methods: 3, budget for method: 8373 ms, solver timeout: 1000 ms, budget for symbolic execution: 7173 ms, budget for concrete execution: 1200 ms,  -- 
16:26:12.598 | DEBUG | --new testCase collected, to generate: testSpoon.reflect.visitor.AstParentConsistencyChecker.scan(CtElement)1
16:26:13.621 | DEBUG | --new testCase collected, to generate: testSpoon.reflect.visitor.AstParentConsistencyChecker.scan(CtElement)2
16:26:13.789 | DEBUG | --new testCase collected, to generate: testSpoon.reflect.visitor.AstParentConsistencyChecker.scan(CtElement)3
16:26:13.835 | DEBUG | --new testCase collected, to generate: testSpoon.reflect.visitor.AstParentConsistencyChecker.scan(CtElement)4
16:26:13.862 | DEBUG | --new testCase collected, to generate: testSpoon.reflect.visitor.AstParentConsistencyChecker.scan(CtElement)5
16:26:13.895 | DEBUG | --new testCase collected, to generate: testSpoon.reflect.visitor.AstParentConsistencyChecker.scan(CtElement)6
16:26:13.897 | INFO  | Finished (in 1.650 sec): method spoon.reflect.visitor.AstParentConsistencyChecker.scan(CtElement) 
<StatsForMethod> :
	#generatedTC=6
	WITH NO EXCEPTIONS
16:26:13.907 | DEBUG |  ... 
16:26:13.907 | INFO  | Started: method spoon.reflect.visitor.AstParentConsistencyChecker.toDebugString(CtElement)
16:26:13.908 | INFO  |  -- Remaining time budget: 23449 ms, #remaining_methods: 2, budget for method: 11724 ms, solver timeout: 1000 ms, budget for symbolic execution: 10524 ms, budget for concrete execution: 1200 ms,  -- 
16:26:13.929 | DEBUG | --new testCase collected, to generate: testSpoon.reflect.visitor.AstParentConsistencyChecker.toDebugString(CtElement)1
16:26:15.984 | DEBUG | --new testCase collected, to generate: testSpoon.reflect.visitor.AstParentConsistencyChecker.toDebugString(CtElement)2
16:26:24.432 | INFO  | |> Starting concrete execution for remaining state: spoon.reflect.visitor.AstParentConsistencyChecker.toDebugString(CtElement)
16:26:25.634 | INFO  | (X) Cancelling concrete execution: spoon.reflect.visitor.AstParentConsistencyChecker.toDebugString(CtElement)
16:26:25.692 | INFO  | Finished (in 11.784 sec): method spoon.reflect.visitor.AstParentConsistencyChecker.toDebugString(CtElement) 
<StatsForMethod> :
	#generatedTC=2
	WITH NO EXCEPTIONS
16:26:26.372 | DEBUG |  ... 
16:26:26.373 | INFO  | Started: method spoon.reflect.visitor.AstParentConsistencyChecker.<init>()
16:26:26.373 | INFO  |  -- Remaining time budget: 10984 ms, #remaining_methods: 1, budget for method: 10984 ms, solver timeout: 1000 ms, budget for symbolic execution: 9784 ms, budget for concrete execution: 1200 ms,  -- 
16:26:26.384 | DEBUG | --new testCase collected, to generate: testSpoon.reflect.visitor.AstParentConsistencyChecker.<init>()1
16:26:26.412 | DEBUG | --new testCase collected, to generate: testSpoon.reflect.visitor.AstParentConsistencyChecker.<init>()2
16:26:26.413 | INFO  | Finished (in 0.040 sec): method spoon.reflect.visitor.AstParentConsistencyChecker.<init>() 
<StatsForMethod> :
	#generatedTC=2
	WITH NO EXCEPTIONS
16:26:26.418 | INFO  | Started: Flushing tests for [AstParentConsistencyChecker] on disk
16:26:26.553 | INFO  | File size for AstParentConsistencyCheckerTest: 6 KB
16:26:26.555 | INFO  | Finished (in 0.136 sec): Flushing tests for [AstParentConsistencyChecker] on disk 
16:26:26.556 | INFO  | Finished (in 14.667 sec): class spoon.reflect.visitor.AstParentConsistencyChecker 
<StatsForClass> :
	canceled by timeout = false
	#methods = 3, 
	#methods started symbolic exploration = 3
	#methods with at least one TC = 3
	#methods with exceptions = 0
	#generated TC = 10
	#coverage = null
[READY]
