Started UtBot Contest, classfileDir = /var/benchmarks/projects/fastjson/target/classes, classpathString=/var/benchmarks/projects/fastjson/target/classes:/var/benchmarks/projects/fastjson/target/fastjson-1.2.50-SNAPSHOT.jar:/var/benchmarks/projects/./fastjson/target/dependency/deeptestutils-1.1.0.jar:/var/benchmarks/projects/fastjson/target/dependency/commons-beanutils-1.8.0.jar:/var/benchmarks/projects/fastjson/target/dependency/woodstox-core-asl-4.4.1.jar:/var/benchmarks/projects/fastjson/target/dependency/spring-aop-4.3.7.RELEASE.jar:/var/benchmarks/projects/fastjson/target/dependency/hibernate-core-5.2.10.Final.jar:/var/benchmarks/projects/fastjson/target/dependency/jackson-module-kotlin-2.9.0.jar:/var/benchmarks/projects/fastjson/target/dependency/spring-data-commons-1.13.6.RELEASE.jar:/var/benchmarks/projects/fastjson/target/dependency/javax.annotation-api-1.2.jar:/var/benchmarks/projects/fastjson/target/dependency/gson-2.6.2.jar:/var/benchmarks/projects/fastjson/target/dependency/jetty-continuation-8.1.8.v20121106.jar:/var/benchmarks/projects/fastjson/target/dependency/objenesis-2.5.1.jar:/var/benchmarks/projects/fastjson/target/dependency/powermock-reflect-1.6.6.jar:/var/benchmarks/projects/fastjson/target/dependency/springfox-spring-web-2.6.1.jar:/var/benchmarks/projects/fastjson/target/dependency/javaslang-2.0.6.jar:/var/benchmarks/projects/fastjson/target/dependency/guava-18.0.jar:/var/benchmarks/projects/fastjson/target/dependency/mockito-core-1.10.19.jar:/var/benchmarks/projects/fastjson/target/dependency/json-lib-2.4-jdk15.jar:/var/benchmarks/projects/fastjson/target/dependency/jetty-xml-8.1.8.v20121106.jar:/var/benchmarks/projects/fastjson/target/dependency/xmlschema-core-2.2.1.jar:/var/benchmarks/projects/fastjson/target/dependency/powermock-api-support-1.6.6.jar:/var/benchmarks/projects/fastjson/target/dependency/commons-collections4-4.1.jar:/var/benchmarks/projects/fastjson/target/dependency/cglib-nodep-2.2.2.jar:/var/benchmarks/projects/fastjson/target/dependency/asm-debug-all-5.0.4.jar:/var/benchmarks/projects/fastjson/target/dependency/spring-plugin-core-1.2.0.RELEASE.jar:/var/benchmarks/projects/fastjson/target/dependency/cxf-rt-rs-client-3.1.2.jar:/var/benchmarks/projects/fastjson/target/dependency/jetty-io-8.1.8.v20121106.jar:/var/benchmarks/projects/fastjson/target/dependency/commons-lang3-3.4.jar:/var/benchmarks/projects/fastjson/target/dependency/stax2-api-3.1.4.jar:/var/benchmarks/projects/fastjson/target/dependency/jackson-annotations-2.9.0.jar:/var/benchmarks/projects/fastjson/target/dependency/jetty-server-8.1.8.v20121106.jar:/var/benchmarks/projects/fastjson/target/dependency/json-simple-1.1.1.jar:/var/benchmarks/projects/fastjson/target/dependency/asm-tree-4.0.jar:/var/benchmarks/projects/fastjson/target/dependency/spring-data-commons-core-1.4.1.RELEASE.jar:/var/benchmarks/projects/fastjson/target/dependency/powermock-module-junit4-common-1.6.6.jar:/var/benchmarks/projects/fastjson/target/dependency/jcl-over-slf4j-1.7.25.jar:/var/benchmarks/projects/fastjson/target/dependency/javax.servlet-3.0.0.v201112011016.jar:/var/benchmarks/projects/fastjson/target/dependency/springfox-core-2.6.1.jar:/var/benchmarks/projects/fastjson/target/dependency/osgi-resource-locator-1.0.1.jar:/var/benchmarks/projects/fastjson/target/dependency/javassist-3.18.0-GA.jar:/var/benchmarks/projects/fastjson/target/dependency/kotlin-reflect-1.1.3-2.jar:/var/benchmarks/projects/fastjson/target/dependency/spring-context-support-4.3.10.RELEASE.jar:/var/benchmarks/projects/fastjson/target/dependency/spring-plugin-metadata-1.2.0.RELEASE.jar:/var/benchmarks/projects/fastjson/target/dependency/kotlin-stdlib-1.1.3-2.jar:/var/benchmarks/projects/fastjson/target/dependency/spring-data-keyvalue-1.2.6.RELEASE.jar:/var/benchmarks/projects/fastjson/target/dependency/jersey-container-servlet-core-2.23.2.jar:/var/benchmarks/projects/fastjson/target/dependency/asm-4.0.jar:/var/benchmarks/projects/fastjson/target/dependency/asm-commons-4.0.jar:/var/benchmarks/projects/fastjson/target/dependency/jersey-guava-2.23.2.jar:/var/benchmarks/projects/fastjson/target/dependency/aopalliance-1.0.jar:/var/benchmarks/projects/fastjson/target/dependency/groovy-2.1.5.jar:/var/benchmarks/projects/fastjson/target/dependency/hk2-api-2.5.0-b05.jar:/var/benchmarks/projects/fastjson/target/dependency/jetty-security-8.1.8.v20121106.jar:/var/benchmarks/projects/fastjson/target/dependency/jmh-core-1.21.jar:/var/benchmarks/projects/fastjson/target/dependency/jersey-container-servlet-2.23.2.jar:/var/benchmarks/projects/fastjson/target/dependency/dom4j-1.6.1.jar:/var/benchmarks/projects/fastjson/target/dependency/spring-core-4.3.7.RELEASE.jar:/var/benchmarks/projects/fastjson/target/dependency/spring-data-redis-1.8.6.RELEASE.jar:/var/benchmarks/projects/fastjson/target/dependency/jackson-core-asl-1.9.13.jar:/var/benchmarks/projects/fastjson/target/dependency/jackson-mapper-asl-1.9.13.jar:/var/benchmarks/projects/fastjson/target/dependency/hibernate-jpa-2.1-api-1.0.0.Final.jar:/var/benchmarks/projects/fastjson/target/dependency/junit-4.12.jar:/var/benchmarks/projects/fastjson/target/dependency/commons-io-1.4.jar:/var/benchmarks/projects/fastjson/target/dependency/jetty-util-8.1.8.v20121106.jar:/var/benchmarks/projects/fastjson/target/dependency/hamcrest-core-1.3.jar:/var/benchmarks/projects/fastjson/target/dependency/jmh-generator-annprocess-1.21.jar:/var/benchmarks/projects/fastjson/target/dependency/jackson-jaxrs-base-2.8.7.jar:/var/benchmarks/projects/fastjson/target/dependency/powermock-module-junit4-1.6.6.jar:/var/benchmarks/projects/fastjson/target/dependency/powermock-core-1.6.6.jar:/var/benchmarks/projects/fastjson/target/dependency/slf4j-api-1.7.25.jar:/var/benchmarks/projects/fastjson/target/dependency/antlr-2.7.7.jar:/var/benchmarks/projects/fastjson/target/dependency/mockito-all-1.10.19.jar:/var/benchmarks/projects/fastjson/target/dependency/jersey-container-jdk-http-2.23.2.jar:/var/benchmarks/projects/fastjson/target/dependency/javaslang-match-2.0.6.jar:/var/benchmarks/projects/fastjson/target/dependency/jersey-test-framework-provider-jdk-http-2.23.2.jar:/var/benchmarks/projects/fastjson/target/dependency/jersey-entity-filtering-2.23.2.jar:/var/benchmarks/projects/fastjson/target/dependency/jandex-2.0.3.Final.jar:/var/benchmarks/projects/fastjson/target/dependency/ezmorph-1.0.6.jar:/var/benchmarks/projects/fastjson/target/dependency/jackson-jaxrs-json-provider-2.8.7.jar:/var/benchmarks/projects/fastjson/target/dependency/cxf-rt-transports-http-3.1.2.jar:/var/benchmarks/projects/fastjson/target/dependency/spring-beans-4.3.7.RELEASE.jar:/var/benchmarks/projects/fastjson/target/dependency/jersey-server-2.23.2.jar:/var/benchmarks/projects/fastjson/target/dependency/powermock-api-mockito-1.6.6.jar:/var/benchmarks/projects/fastjson/target/dependency/jackson-module-jaxb-annotations-2.8.7.jar:/var/benchmarks/projects/fastjson/target/dependency/jopt-simple-4.6.jar:/var/benchmarks/projects/fastjson/target/dependency/asm-analysis-4.0.jar:/var/benchmarks/projects/fastjson/target/dependency/annotations-13.0.jar:/var/benchmarks/projects/fastjson/target/dependency/json-path-2.3.0.jar:/var/benchmarks/projects/fastjson/target/dependency/springfox-spi-2.6.1.jar:/var/benchmarks/projects/fastjson/target/dependency/spring-websocket-4.3.7.RELEASE.jar:/var/benchmarks/projects/fastjson/target/dependency/spring-messaging-4.3.7.RELEASE.jar:/var/benchmarks/projects/fastjson/target/dependency/jersey-client-2.23.2.jar:/var/benchmarks/projects/fastjson/target/dependency/javax.ws.rs-api-2.0.1.jar:/var/benchmarks/projects/fastjson/target/dependency/accessors-smart-1.1.jar:/var/benchmarks/projects/fastjson/target/dependency/hibernate-commons-annotations-5.0.1.Final.jar:/var/benchmarks/projects/fastjson/target/dependency/commons-logging-1.1.1.jar:/var/benchmarks/projects/fastjson/target/dependency/jackson-core-2.9.0.jar:/var/benchmarks/projects/fastjson/target/dependency/spring-expression-4.3.7.RELEASE.jar:/var/benchmarks/projects/fastjson/target/dependency/jersey-media-jaxb-2.23.2.jar:/var/benchmarks/projects/fastjson/target/dependency/okhttp-3.6.0.jar:/var/benchmarks/projects/fastjson/target/dependency/commons-math3-3.2.jar:/var/benchmarks/projects/fastjson/target/dependency/jetty-webapp-8.1.8.v20121106.jar:/var/benchmarks/projects/fastjson/target/dependency/javax.inject-2.5.0-b05.jar:/var/benchmarks/projects/fastjson/target/dependency/cxf-core-3.1.2.jar:/var/benchmarks/projects/fastjson/target/dependency/powermock-api-mockito-common-1.6.6.jar:/var/benchmarks/projects/fastjson/target/dependency/jetty-http-8.1.8.v20121106.jar:/var/benchmarks/projects/fastjson/target/dependency/spring-security-config-3.2.10.RELEASE.jar:/var/benchmarks/projects/fastjson/target/dependency/okio-1.11.0.jar:/var/benchmarks/projects/fastjson/target/dependency/javax.servlet-api-3.1.0.jar:/var/benchmarks/projects/fastjson/target/dependency/json-smart-2.2.1.jar:/var/benchmarks/projects/fastjson/target/dependency/spring-tx-4.3.10.RELEASE.jar:/var/benchmarks/projects/fastjson/target/dependency/jackson-module-afterburner-2.9.0.jar:/var/benchmarks/projects/fastjson/target/dependency/asm-util-4.0.jar:/var/benchmarks/projects/fastjson/target/dependency/spring-security-web-4.2.3.RELEASE.jar:/var/benchmarks/projects/fastjson/target/dependency/spring-webmvc-4.3.7.RELEASE.jar:/var/benchmarks/projects/fastjson/target/dependency/hk2-locator-2.5.0-b05.jar:/var/benchmarks/projects/fastjson/target/dependency/retrofit-2.1.0.jar:/var/benchmarks/projects/fastjson/target/dependency/clojure-1.5.1.jar:/var/benchmarks/projects/fastjson/target/dependency/spring-security-oauth2-2.3.3.RELEASE.jar:/var/benchmarks/projects/fastjson/target/dependency/spring-test-4.3.7.RELEASE.jar:/var/benchmarks/projects/fastjson/target/dependency/aopalliance-repackaged-2.5.0-b05.jar:/var/benchmarks/projects/fastjson/target/dependency/spring-oxm-4.3.10.RELEASE.jar:/var/benchmarks/projects/fastjson/target/dependency/spring-security-core-4.2.3.RELEASE.jar:/var/benchmarks/projects/fastjson/target/dependency/jboss-transaction-api_1.2_spec-1.0.1.Final.jar:/var/benchmarks/projects/fastjson/target/dependency/lombok-1.14.4.jar:/var/benchmarks/projects/fastjson/target/dependency/commons-collections-3.2.1.jar:/var/benchmarks/projects/fastjson/target/dependency/cxf-rt-frontend-jaxrs-3.1.2.jar:/var/benchmarks/projects/fastjson/target/dependency/spring-context-4.3.7.RELEASE.jar:/var/benchmarks/projects/fastjson/target/dependency/jersey-test-framework-core-2.23.2.jar:/var/benchmarks/projects/fastjson/target/dependency/classmate-1.3.1.jar:/var/benchmarks/projects/fastjson/target/dependency/hk2-utils-2.5.0-b05.jar:/var/benchmarks/projects/fastjson/target/dependency/jersey-common-2.23.2.jar:/var/benchmarks/projects/fastjson/target/dependency/jackson-databind-2.9.0.jar:/var/benchmarks/projects/fastjson/target/dependency/jersey-media-json-jackson-2.23.2.jar:/var/benchmarks/projects/fastjson/target/dependency/commons-lang-2.5.jar:/var/benchmarks/projects/fastjson/target/dependency/jetty-servlet-8.1.8.v20121106.jar:/var/benchmarks/projects/fastjson/target/dependency/validation-api-1.1.0.Final.jar:/var/benchmarks/projects/fastjson/target/dependency/spring-web-4.3.7.RELEASE.jar:/var/benchmarks/projects/fastjson/target/dependency/jsoniter-0.9.8.jar:/var/benchmarks/projects/fastjson/target/dependency/jboss-logging-3.3.0.Final.jar, outputDir=/home/utbot_mocks/temp/testcases, mocks=Other classes: Mockito
13:56:57.185 | INFO  | Started: warmup: kotlin reflection :: init
13:56:57.278 | INFO  | Finished (in 0.093 sec): warmup: kotlin reflection :: init 
[INIT]
>> [RUN] com.alibaba.fastjson.asm.ByteVector 30
13:56:57.290 | DEBUG | -----------------------------------------------------------------------------
13:56:57.291 | INFO  | Contest.runGeneration: Time budget: 30000 ms, Generation timeout=25500 ms, classpath=/var/benchmarks/projects/fastjson/target/classes:/var/benchmarks/projects/fastjson/target/fastjson-1.2.50-SNAPSHOT.jar:/var/benchmarks/projects/./fastjson/target/dependency/deeptestutils-1.1.0.jar:/var/benchmarks/projects/fastjson/target/dependency/commons-beanutils-1.8.0.jar:/var/benchmarks/projects/fastjson/target/dependency/woodstox-core-asl-4.4.1.jar:/var/benchmarks/projects/fastjson/target/dependency/spring-aop-4.3.7.RELEASE.jar:/var/benchmarks/projects/fastjson/target/dependency/hibernate-core-5.2.10.Final.jar:/var/benchmarks/projects/fastjson/target/dependency/jackson-module-kotlin-2.9.0.jar:/var/benchmarks/projects/fastjson/target/dependency/spring-data-commons-1.13.6.RELEASE.jar:/var/benchmarks/projects/fastjson/target/dependency/javax.annotation-api-1.2.jar:/var/benchmarks/projects/fastjson/target/dependency/gson-2.6.2.jar:/var/benchmarks/projects/fastjson/target/dependency/jetty-continuation-8.1.8.v20121106.jar:/var/benchmarks/projects/fastjson/target/dependency/objenesis-2.5.1.jar:/var/benchmarks/projects/fastjson/target/dependency/powermock-reflect-1.6.6.jar:/var/benchmarks/projects/fastjson/target/dependency/springfox-spring-web-2.6.1.jar:/var/benchmarks/projects/fastjson/target/dependency/javaslang-2.0.6.jar:/var/benchmarks/projects/fastjson/target/dependency/guava-18.0.jar:/var/benchmarks/projects/fastjson/target/dependency/mockito-core-1.10.19.jar:/var/benchmarks/projects/fastjson/target/dependency/json-lib-2.4-jdk15.jar:/var/benchmarks/projects/fastjson/target/dependency/jetty-xml-8.1.8.v20121106.jar:/var/benchmarks/projects/fastjson/target/dependency/xmlschema-core-2.2.1.jar:/var/benchmarks/projects/fastjson/target/dependency/powermock-api-support-1.6.6.jar:/var/benchmarks/projects/fastjson/target/dependency/commons-collections4-4.1.jar:/var/benchmarks/projects/fastjson/target/dependency/cglib-nodep-2.2.2.jar:/var/benchmarks/projects/fastjson/target/dependency/asm-debug-all-5.0.4.jar:/var/benchmarks/projects/fastjson/target/dependency/spring-plugin-core-1.2.0.RELEASE.jar:/var/benchmarks/projects/fastjson/target/dependency/cxf-rt-rs-client-3.1.2.jar:/var/benchmarks/projects/fastjson/target/dependency/jetty-io-8.1.8.v20121106.jar:/var/benchmarks/projects/fastjson/target/dependency/commons-lang3-3.4.jar:/var/benchmarks/projects/fastjson/target/dependency/stax2-api-3.1.4.jar:/var/benchmarks/projects/fastjson/target/dependency/jackson-annotations-2.9.0.jar:/var/benchmarks/projects/fastjson/target/dependency/jetty-server-8.1.8.v20121106.jar:/var/benchmarks/projects/fastjson/target/dependency/json-simple-1.1.1.jar:/var/benchmarks/projects/fastjson/target/dependency/asm-tree-4.0.jar:/var/benchmarks/projects/fastjson/target/dependency/spring-data-commons-core-1.4.1.RELEASE.jar:/var/benchmarks/projects/fastjson/target/dependency/powermock-module-junit4-common-1.6.6.jar:/var/benchmarks/projects/fastjson/target/dependency/jcl-over-slf4j-1.7.25.jar:/var/benchmarks/projects/fastjson/target/dependency/javax.servlet-3.0.0.v201112011016.jar:/var/benchmarks/projects/fastjson/target/dependency/springfox-core-2.6.1.jar:/var/benchmarks/projects/fastjson/target/dependency/osgi-resource-locator-1.0.1.jar:/var/benchmarks/projects/fastjson/target/dependency/javassist-3.18.0-GA.jar:/var/benchmarks/projects/fastjson/target/dependency/kotlin-reflect-1.1.3-2.jar:/var/benchmarks/projects/fastjson/target/dependency/spring-context-support-4.3.10.RELEASE.jar:/var/benchmarks/projects/fastjson/target/dependency/spring-plugin-metadata-1.2.0.RELEASE.jar:/var/benchmarks/projects/fastjson/target/dependency/kotlin-stdlib-1.1.3-2.jar:/var/benchmarks/projects/fastjson/target/dependency/spring-data-keyvalue-1.2.6.RELEASE.jar:/var/benchmarks/projects/fastjson/target/dependency/jersey-container-servlet-core-2.23.2.jar:/var/benchmarks/projects/fastjson/target/dependency/asm-4.0.jar:/var/benchmarks/projects/fastjson/target/dependency/asm-commons-4.0.jar:/var/benchmarks/projects/fastjson/target/dependency/jersey-guava-2.23.2.jar:/var/benchmarks/projects/fastjson/target/dependency/aopalliance-1.0.jar:/var/benchmarks/projects/fastjson/target/dependency/groovy-2.1.5.jar:/var/benchmarks/projects/fastjson/target/dependency/hk2-api-2.5.0-b05.jar:/var/benchmarks/projects/fastjson/target/dependency/jetty-security-8.1.8.v20121106.jar:/var/benchmarks/projects/fastjson/target/dependency/jmh-core-1.21.jar:/var/benchmarks/projects/fastjson/target/dependency/jersey-container-servlet-2.23.2.jar:/var/benchmarks/projects/fastjson/target/dependency/dom4j-1.6.1.jar:/var/benchmarks/projects/fastjson/target/dependency/spring-core-4.3.7.RELEASE.jar:/var/benchmarks/projects/fastjson/target/dependency/spring-data-redis-1.8.6.RELEASE.jar:/var/benchmarks/projects/fastjson/target/dependency/jackson-core-asl-1.9.13.jar:/var/benchmarks/projects/fastjson/target/dependency/jackson-mapper-asl-1.9.13.jar:/var/benchmarks/projects/fastjson/target/dependency/hibernate-jpa-2.1-api-1.0.0.Final.jar:/var/benchmarks/projects/fastjson/target/dependency/junit-4.12.jar:/var/benchmarks/projects/fastjson/target/dependency/commons-io-1.4.jar:/var/benchmarks/projects/fastjson/target/dependency/jetty-util-8.1.8.v20121106.jar:/var/benchmarks/projects/fastjson/target/dependency/hamcrest-core-1.3.jar:/var/benchmarks/projects/fastjson/target/dependency/jmh-generator-annprocess-1.21.jar:/var/benchmarks/projects/fastjson/target/dependency/jackson-jaxrs-base-2.8.7.jar:/var/benchmarks/projects/fastjson/target/dependency/powermock-module-junit4-1.6.6.jar:/var/benchmarks/projects/fastjson/target/dependency/powermock-core-1.6.6.jar:/var/benchmarks/projects/fastjson/target/dependency/slf4j-api-1.7.25.jar:/var/benchmarks/projects/fastjson/target/dependency/antlr-2.7.7.jar:/var/benchmarks/projects/fastjson/target/dependency/mockito-all-1.10.19.jar:/var/benchmarks/projects/fastjson/target/dependency/jersey-container-jdk-http-2.23.2.jar:/var/benchmarks/projects/fastjson/target/dependency/javaslang-match-2.0.6.jar:/var/benchmarks/projects/fastjson/target/dependency/jersey-test-framework-provider-jdk-http-2.23.2.jar:/var/benchmarks/projects/fastjson/target/dependency/jersey-entity-filtering-2.23.2.jar:/var/benchmarks/projects/fastjson/target/dependency/jandex-2.0.3.Final.jar:/var/benchmarks/projects/fastjson/target/dependency/ezmorph-1.0.6.jar:/var/benchmarks/projects/fastjson/target/dependency/jackson-jaxrs-json-provider-2.8.7.jar:/var/benchmarks/projects/fastjson/target/dependency/cxf-rt-transports-http-3.1.2.jar:/var/benchmarks/projects/fastjson/target/dependency/spring-beans-4.3.7.RELEASE.jar:/var/benchmarks/projects/fastjson/target/dependency/jersey-server-2.23.2.jar:/var/benchmarks/projects/fastjson/target/dependency/powermock-api-mockito-1.6.6.jar:/var/benchmarks/projects/fastjson/target/dependency/jackson-module-jaxb-annotations-2.8.7.jar:/var/benchmarks/projects/fastjson/target/dependency/jopt-simple-4.6.jar:/var/benchmarks/projects/fastjson/target/dependency/asm-analysis-4.0.jar:/var/benchmarks/projects/fastjson/target/dependency/annotations-13.0.jar:/var/benchmarks/projects/fastjson/target/dependency/json-path-2.3.0.jar:/var/benchmarks/projects/fastjson/target/dependency/springfox-spi-2.6.1.jar:/var/benchmarks/projects/fastjson/target/dependency/spring-websocket-4.3.7.RELEASE.jar:/var/benchmarks/projects/fastjson/target/dependency/spring-messaging-4.3.7.RELEASE.jar:/var/benchmarks/projects/fastjson/target/dependency/jersey-client-2.23.2.jar:/var/benchmarks/projects/fastjson/target/dependency/javax.ws.rs-api-2.0.1.jar:/var/benchmarks/projects/fastjson/target/dependency/accessors-smart-1.1.jar:/var/benchmarks/projects/fastjson/target/dependency/hibernate-commons-annotations-5.0.1.Final.jar:/var/benchmarks/projects/fastjson/target/dependency/commons-logging-1.1.1.jar:/var/benchmarks/projects/fastjson/target/dependency/jackson-core-2.9.0.jar:/var/benchmarks/projects/fastjson/target/dependency/spring-expression-4.3.7.RELEASE.jar:/var/benchmarks/projects/fastjson/target/dependency/jersey-media-jaxb-2.23.2.jar:/var/benchmarks/projects/fastjson/target/dependency/okhttp-3.6.0.jar:/var/benchmarks/projects/fastjson/target/dependency/commons-math3-3.2.jar:/var/benchmarks/projects/fastjson/target/dependency/jetty-webapp-8.1.8.v20121106.jar:/var/benchmarks/projects/fastjson/target/dependency/javax.inject-2.5.0-b05.jar:/var/benchmarks/projects/fastjson/target/dependency/cxf-core-3.1.2.jar:/var/benchmarks/projects/fastjson/target/dependency/powermock-api-mockito-common-1.6.6.jar:/var/benchmarks/projects/fastjson/target/dependency/jetty-http-8.1.8.v20121106.jar:/var/benchmarks/projects/fastjson/target/dependency/spring-security-config-3.2.10.RELEASE.jar:/var/benchmarks/projects/fastjson/target/dependency/okio-1.11.0.jar:/var/benchmarks/projects/fastjson/target/dependency/javax.servlet-api-3.1.0.jar:/var/benchmarks/projects/fastjson/target/dependency/json-smart-2.2.1.jar:/var/benchmarks/projects/fastjson/target/dependency/spring-tx-4.3.10.RELEASE.jar:/var/benchmarks/projects/fastjson/target/dependency/jackson-module-afterburner-2.9.0.jar:/var/benchmarks/projects/fastjson/target/dependency/asm-util-4.0.jar:/var/benchmarks/projects/fastjson/target/dependency/spring-security-web-4.2.3.RELEASE.jar:/var/benchmarks/projects/fastjson/target/dependency/spring-webmvc-4.3.7.RELEASE.jar:/var/benchmarks/projects/fastjson/target/dependency/hk2-locator-2.5.0-b05.jar:/var/benchmarks/projects/fastjson/target/dependency/retrofit-2.1.0.jar:/var/benchmarks/projects/fastjson/target/dependency/clojure-1.5.1.jar:/var/benchmarks/projects/fastjson/target/dependency/spring-security-oauth2-2.3.3.RELEASE.jar:/var/benchmarks/projects/fastjson/target/dependency/spring-test-4.3.7.RELEASE.jar:/var/benchmarks/projects/fastjson/target/dependency/aopalliance-repackaged-2.5.0-b05.jar:/var/benchmarks/projects/fastjson/target/dependency/spring-oxm-4.3.10.RELEASE.jar:/var/benchmarks/projects/fastjson/target/dependency/spring-security-core-4.2.3.RELEASE.jar:/var/benchmarks/projects/fastjson/target/dependency/jboss-transaction-api_1.2_spec-1.0.1.Final.jar:/var/benchmarks/projects/fastjson/target/dependency/lombok-1.14.4.jar:/var/benchmarks/projects/fastjson/target/dependency/commons-collections-3.2.1.jar:/var/benchmarks/projects/fastjson/target/dependency/cxf-rt-frontend-jaxrs-3.1.2.jar:/var/benchmarks/projects/fastjson/target/dependency/spring-context-4.3.7.RELEASE.jar:/var/benchmarks/projects/fastjson/target/dependency/jersey-test-framework-core-2.23.2.jar:/var/benchmarks/projects/fastjson/target/dependency/classmate-1.3.1.jar:/var/benchmarks/projects/fastjson/target/dependency/hk2-utils-2.5.0-b05.jar:/var/benchmarks/projects/fastjson/target/dependency/jersey-common-2.23.2.jar:/var/benchmarks/projects/fastjson/target/dependency/jackson-databind-2.9.0.jar:/var/benchmarks/projects/fastjson/target/dependency/jersey-media-json-jackson-2.23.2.jar:/var/benchmarks/projects/fastjson/target/dependency/commons-lang-2.5.jar:/var/benchmarks/projects/fastjson/target/dependency/jetty-servlet-8.1.8.v20121106.jar:/var/benchmarks/projects/fastjson/target/dependency/validation-api-1.1.0.Final.jar:/var/benchmarks/projects/fastjson/target/dependency/spring-web-4.3.7.RELEASE.jar:/var/benchmarks/projects/fastjson/target/dependency/jsoniter-0.9.8.jar:/var/benchmarks/projects/fastjson/target/dependency/jboss-logging-3.3.0.Final.jar, methodNameFilter=null
13:56:57.297 | INFO  | ClassUnderTest[ FQN: com.alibaba.fastjson.asm.ByteVector
    classfileDir: /var/benchmarks/projects/fastjson/target/classes
    testClassSimpleName: ByteVectorTest
    generatedTestFile: /home/utbot_mocks/temp/testcases/com/alibaba/fastjson/asm/ByteVectorTest.java
    generatedTestsSourcesDir: /home/utbot_mocks/temp/testcases
]
13:56:57.328 | INFO  | Started: class com.alibaba.fastjson.asm.ByteVector
13:56:57.329 | INFO  | Started: preparation class class com.alibaba.fastjson.asm.ByteVector: kotlin reflection :: run
13:56:57.344 | INFO  | Finished (in 0.014 sec): preparation class class com.alibaba.fastjson.asm.ByteVector: kotlin reflection :: run 
13:56:57.345 | INFO  | Started: 2nd optional soot initialization
13:56:57.346 | INFO  | Finished (in 0.001 sec): 2nd optional soot initialization 
13:56:57.357 | DEBUG |  ... 
13:56:57.368 | INFO  | Started: method com.alibaba.fastjson.asm.ByteVector.putByteArray(byte[], int, int)
13:56:57.369 | INFO  |  -- Remaining time budget: 25436 ms, #remaining_methods: 10, budget for method: 2543 ms, solver timeout: 1000 ms, budget for symbolic execution: 1343 ms, budget for concrete execution: 1200 ms,  -- 
13:56:57.824 | DEBUG | --new testCase collected, to generate: testCom.alibaba.fastjson.asm.ByteVector.putByteArray(byte[], int, int)1
13:56:58.052 | DEBUG | --new testCase collected, to generate: testCom.alibaba.fastjson.asm.ByteVector.putByteArray(byte[], int, int)2
13:56:58.220 | DEBUG | --new testCase collected, to generate: testCom.alibaba.fastjson.asm.ByteVector.putByteArray(byte[], int, int)3
13:56:58.899 | INFO  | |> Starting concrete execution for remaining state: com.alibaba.fastjson.asm.ByteVector.putByteArray(byte[], int, int)
13:56:59.175 | DEBUG | --new testCase collected, to generate: testCom.alibaba.fastjson.asm.ByteVector.putByteArray(byte[], int, int)4
13:56:59.600 | DEBUG | --new testCase collected, to generate: testCom.alibaba.fastjson.asm.ByteVector.putByteArray(byte[], int, int)5
13:56:59.650 | DEBUG | --new testCase collected, to generate: testCom.alibaba.fastjson.asm.ByteVector.putByteArray(byte[], int, int)6
13:56:59.678 | DEBUG | --new testCase collected, to generate: testCom.alibaba.fastjson.asm.ByteVector.putByteArray(byte[], int, int)7
13:56:59.688 | INFO  | Finished (in 2.319 sec): method com.alibaba.fastjson.asm.ByteVector.putByteArray(byte[], int, int) 
<StatsForMethod> :
	#generatedTC=7
	WITH NO EXCEPTIONS
13:56:59.727 | DEBUG |  ... 
13:56:59.728 | INFO  | Started: method com.alibaba.fastjson.asm.ByteVector.putUTF8(String)
13:56:59.728 | INFO  |  -- Remaining time budget: 23069 ms, #remaining_methods: 9, budget for method: 2563 ms, solver timeout: 1000 ms, budget for symbolic execution: 1363 ms, budget for concrete execution: 1200 ms,  -- 
13:56:59.769 | DEBUG | --new testCase collected, to generate: testCom.alibaba.fastjson.asm.ByteVector.putUTF8(String)1
13:56:59.809 | DEBUG | --new testCase collected, to generate: testCom.alibaba.fastjson.asm.ByteVector.putUTF8(String)2
13:56:59.948 | DEBUG | --new testCase collected, to generate: testCom.alibaba.fastjson.asm.ByteVector.putUTF8(String)3
13:56:59.998 | DEBUG | --new testCase collected, to generate: testCom.alibaba.fastjson.asm.ByteVector.putUTF8(String)4
13:57:00.008 | DEBUG | --new testCase collected, to generate: testCom.alibaba.fastjson.asm.ByteVector.putUTF8(String)5
13:57:00.167 | DEBUG | --new testCase collected, to generate: testCom.alibaba.fastjson.asm.ByteVector.putUTF8(String)6
13:57:00.670 | DEBUG | --new testCase collected, to generate: testCom.alibaba.fastjson.asm.ByteVector.putUTF8(String)7
13:57:00.708 | DEBUG | --new testCase collected, to generate: testCom.alibaba.fastjson.asm.ByteVector.putUTF8(String)8
13:57:00.809 | DEBUG | --new testCase collected, to generate: testCom.alibaba.fastjson.asm.ByteVector.putUTF8(String)9
13:57:00.942 | DEBUG | --new testCase collected, to generate: testCom.alibaba.fastjson.asm.ByteVector.putUTF8(String)10
13:57:01.031 | DEBUG | --new testCase collected, to generate: testCom.alibaba.fastjson.asm.ByteVector.putUTF8(String)11
13:57:01.065 | DEBUG | --new testCase collected, to generate: testCom.alibaba.fastjson.asm.ByteVector.putUTF8(String)12
13:57:01.066 | INFO  | Finished (in 1.338 sec): method com.alibaba.fastjson.asm.ByteVector.putUTF8(String) 
<StatsForMethod> :
	#generatedTC=12
	WITH NO EXCEPTIONS
13:57:01.145 | DEBUG |  ... 
13:57:01.145 | INFO  | Started: method com.alibaba.fastjson.asm.ByteVector.put12(int, int)
13:57:01.145 | INFO  |  -- Remaining time budget: 21651 ms, #remaining_methods: 8, budget for method: 2706 ms, solver timeout: 1000 ms, budget for symbolic execution: 1506 ms, budget for concrete execution: 1200 ms,  -- 
13:57:01.156 | DEBUG | --new testCase collected, to generate: testCom.alibaba.fastjson.asm.ByteVector.put12(int, int)1
13:57:01.204 | DEBUG | --new testCase collected, to generate: testCom.alibaba.fastjson.asm.ByteVector.put12(int, int)2
13:57:01.227 | DEBUG | --new testCase collected, to generate: testCom.alibaba.fastjson.asm.ByteVector.put12(int, int)3
13:57:01.250 | DEBUG | --new testCase collected, to generate: testCom.alibaba.fastjson.asm.ByteVector.put12(int, int)4
13:57:01.394 | DEBUG | --new testCase collected, to generate: testCom.alibaba.fastjson.asm.ByteVector.put12(int, int)5
13:57:01.687 | DEBUG | --new testCase collected, to generate: testCom.alibaba.fastjson.asm.ByteVector.put12(int, int)6
13:57:01.712 | DEBUG | --new testCase collected, to generate: testCom.alibaba.fastjson.asm.ByteVector.put12(int, int)7
13:57:01.851 | DEBUG | --new testCase collected, to generate: testCom.alibaba.fastjson.asm.ByteVector.put12(int, int)8
13:57:01.853 | INFO  | Finished (in 0.708 sec): method com.alibaba.fastjson.asm.ByteVector.put12(int, int) 
<StatsForMethod> :
	#generatedTC=8
	WITH NO EXCEPTIONS
13:57:01.900 | DEBUG |  ... 
13:57:01.900 | INFO  | Started: method com.alibaba.fastjson.asm.ByteVector.put11(int, int)
13:57:01.900 | INFO  |  -- Remaining time budget: 20896 ms, #remaining_methods: 7, budget for method: 2985 ms, solver timeout: 1000 ms, budget for symbolic execution: 1785 ms, budget for concrete execution: 1200 ms,  -- 
13:57:01.910 | DEBUG | --new testCase collected, to generate: testCom.alibaba.fastjson.asm.ByteVector.put11(int, int)1
13:57:01.959 | DEBUG | --new testCase collected, to generate: testCom.alibaba.fastjson.asm.ByteVector.put11(int, int)2
13:57:01.982 | DEBUG | --new testCase collected, to generate: testCom.alibaba.fastjson.asm.ByteVector.put11(int, int)3
13:57:02.020 | DEBUG | --new testCase collected, to generate: testCom.alibaba.fastjson.asm.ByteVector.put11(int, int)4
13:57:02.060 | DEBUG | --new testCase collected, to generate: testCom.alibaba.fastjson.asm.ByteVector.put11(int, int)5
13:57:02.417 | DEBUG | --new testCase collected, to generate: testCom.alibaba.fastjson.asm.ByteVector.put11(int, int)6
13:57:02.547 | DEBUG | --new testCase collected, to generate: testCom.alibaba.fastjson.asm.ByteVector.put11(int, int)7
13:57:02.552 | INFO  | Finished (in 0.652 sec): method com.alibaba.fastjson.asm.ByteVector.put11(int, int) 
<StatsForMethod> :
	#generatedTC=7
	WITH NO EXCEPTIONS
13:57:02.595 | DEBUG |  ... 
13:57:02.595 | INFO  | Started: method com.alibaba.fastjson.asm.ByteVector.enlarge(int)
13:57:02.595 | INFO  |  -- Remaining time budget: 20201 ms, #remaining_methods: 6, budget for method: 3366 ms, solver timeout: 1000 ms, budget for symbolic execution: 2166 ms, budget for concrete execution: 1200 ms,  -- 
13:57:02.609 | DEBUG | --new testCase collected, to generate: testCom.alibaba.fastjson.asm.ByteVector.enlarge(int)1
13:57:02.640 | DEBUG | --new testCase collected, to generate: testCom.alibaba.fastjson.asm.ByteVector.enlarge(int)2
13:57:02.892 | DEBUG | --new testCase collected, to generate: testCom.alibaba.fastjson.asm.ByteVector.enlarge(int)3
13:57:02.948 | DEBUG | --new testCase collected, to generate: testCom.alibaba.fastjson.asm.ByteVector.enlarge(int)4
13:57:02.953 | INFO  | Finished (in 0.358 sec): method com.alibaba.fastjson.asm.ByteVector.enlarge(int) 
<StatsForMethod> :
	#generatedTC=4
	WITH NO EXCEPTIONS
13:57:02.969 | DEBUG |  ... 
13:57:02.969 | INFO  | Started: method com.alibaba.fastjson.asm.ByteVector.putByte(int)
13:57:02.970 | INFO  |  -- Remaining time budget: 19827 ms, #remaining_methods: 5, budget for method: 3965 ms, solver timeout: 1000 ms, budget for symbolic execution: 2765 ms, budget for concrete execution: 1200 ms,  -- 
13:57:02.979 | DEBUG | --new testCase collected, to generate: testCom.alibaba.fastjson.asm.ByteVector.putByte(int)1
13:57:03.021 | DEBUG | --new testCase collected, to generate: testCom.alibaba.fastjson.asm.ByteVector.putByte(int)2
13:57:03.079 | DEBUG | --new testCase collected, to generate: testCom.alibaba.fastjson.asm.ByteVector.putByte(int)3
13:57:03.086 | DEBUG | --new testCase collected, to generate: testCom.alibaba.fastjson.asm.ByteVector.putByte(int)4
13:57:03.115 | DEBUG | --new testCase collected, to generate: testCom.alibaba.fastjson.asm.ByteVector.putByte(int)5
13:57:03.463 | DEBUG | --new testCase collected, to generate: testCom.alibaba.fastjson.asm.ByteVector.putByte(int)6
13:57:03.484 | DEBUG | --new testCase collected, to generate: testCom.alibaba.fastjson.asm.ByteVector.putByte(int)7
13:57:03.547 | DEBUG | --new testCase collected, to generate: testCom.alibaba.fastjson.asm.ByteVector.putByte(int)8
13:57:03.547 | INFO  | Finished (in 0.577 sec): method com.alibaba.fastjson.asm.ByteVector.putByte(int) 
<StatsForMethod> :
	#generatedTC=8
	WITH NO EXCEPTIONS
13:57:03.578 | DEBUG |  ... 
13:57:03.578 | INFO  | Started: method com.alibaba.fastjson.asm.ByteVector.putShort(int)
13:57:03.578 | INFO  |  -- Remaining time budget: 19218 ms, #remaining_methods: 4, budget for method: 4804 ms, solver timeout: 1000 ms, budget for symbolic execution: 3604 ms, budget for concrete execution: 1200 ms,  -- 
13:57:03.586 | DEBUG | --new testCase collected, to generate: testCom.alibaba.fastjson.asm.ByteVector.putShort(int)1
13:57:03.614 | DEBUG | --new testCase collected, to generate: testCom.alibaba.fastjson.asm.ByteVector.putShort(int)2
13:57:03.654 | DEBUG | --new testCase collected, to generate: testCom.alibaba.fastjson.asm.ByteVector.putShort(int)3
13:57:03.676 | DEBUG | --new testCase collected, to generate: testCom.alibaba.fastjson.asm.ByteVector.putShort(int)4
13:57:03.775 | DEBUG | --new testCase collected, to generate: testCom.alibaba.fastjson.asm.ByteVector.putShort(int)5
13:57:04.053 | DEBUG | --new testCase collected, to generate: testCom.alibaba.fastjson.asm.ByteVector.putShort(int)6
13:57:04.103 | DEBUG | --new testCase collected, to generate: testCom.alibaba.fastjson.asm.ByteVector.putShort(int)7
13:57:04.170 | DEBUG | --new testCase collected, to generate: testCom.alibaba.fastjson.asm.ByteVector.putShort(int)8
13:57:04.192 | INFO  | Finished (in 0.613 sec): method com.alibaba.fastjson.asm.ByteVector.putShort(int) 
<StatsForMethod> :
	#generatedTC=8
	WITH NO EXCEPTIONS
13:57:04.230 | DEBUG |  ... 
13:57:04.230 | INFO  | Started: method com.alibaba.fastjson.asm.ByteVector.putInt(int)
13:57:04.230 | INFO  |  -- Remaining time budget: 18566 ms, #remaining_methods: 3, budget for method: 6188 ms, solver timeout: 1000 ms, budget for symbolic execution: 4988 ms, budget for concrete execution: 1200 ms,  -- 
13:57:04.238 | DEBUG | --new testCase collected, to generate: testCom.alibaba.fastjson.asm.ByteVector.putInt(int)1
13:57:04.265 | DEBUG | --new testCase collected, to generate: testCom.alibaba.fastjson.asm.ByteVector.putInt(int)2
13:57:04.303 | DEBUG | --new testCase collected, to generate: testCom.alibaba.fastjson.asm.ByteVector.putInt(int)3
13:57:04.324 | DEBUG | --new testCase collected, to generate: testCom.alibaba.fastjson.asm.ByteVector.putInt(int)4
13:57:04.521 | DEBUG | --new testCase collected, to generate: testCom.alibaba.fastjson.asm.ByteVector.putInt(int)5
13:57:04.987 | DEBUG | --new testCase collected, to generate: testCom.alibaba.fastjson.asm.ByteVector.putInt(int)6
13:57:05.062 | DEBUG | --new testCase collected, to generate: testCom.alibaba.fastjson.asm.ByteVector.putInt(int)7
13:57:05.143 | DEBUG | --new testCase collected, to generate: testCom.alibaba.fastjson.asm.ByteVector.putInt(int)8
13:57:05.146 | INFO  | Finished (in 0.915 sec): method com.alibaba.fastjson.asm.ByteVector.putInt(int) 
<StatsForMethod> :
	#generatedTC=8
	WITH NO EXCEPTIONS
13:57:05.222 | DEBUG |  ... 
13:57:05.223 | INFO  | Started: method com.alibaba.fastjson.asm.ByteVector.<init>()
13:57:05.223 | INFO  |  -- Remaining time budget: 17573 ms, #remaining_methods: 2, budget for method: 8786 ms, solver timeout: 1000 ms, budget for symbolic execution: 7586 ms, budget for concrete execution: 1200 ms,  -- 
13:57:05.229 | DEBUG | --new testCase collected, to generate: testCom.alibaba.fastjson.asm.ByteVector.<init>()1
13:57:05.271 | DEBUG | --new testCase collected, to generate: testCom.alibaba.fastjson.asm.ByteVector.<init>()2
13:57:05.272 | INFO  | Finished (in 0.048 sec): method com.alibaba.fastjson.asm.ByteVector.<init>() 
<StatsForMethod> :
	#generatedTC=2
	WITH NO EXCEPTIONS
13:57:05.275 | DEBUG |  ... 
13:57:05.275 | INFO  | Started: method com.alibaba.fastjson.asm.ByteVector.<init>(int)
13:57:05.275 | INFO  |  -- Remaining time budget: 17521 ms, #remaining_methods: 1, budget for method: 17521 ms, solver timeout: 1000 ms, budget for symbolic execution: 16321 ms, budget for concrete execution: 1200 ms,  -- 
13:57:05.280 | DEBUG | --new testCase collected, to generate: testCom.alibaba.fastjson.asm.ByteVector.<init>(int)1
13:57:05.320 | DEBUG | --new testCase collected, to generate: testCom.alibaba.fastjson.asm.ByteVector.<init>(int)2
13:57:05.337 | DEBUG | --new testCase collected, to generate: testCom.alibaba.fastjson.asm.ByteVector.<init>(int)3
13:57:05.337 | INFO  | Finished (in 0.062 sec): method com.alibaba.fastjson.asm.ByteVector.<init>(int) 
<StatsForMethod> :
	#generatedTC=3
	WITH NO EXCEPTIONS
13:57:05.345 | INFO  | Started: Flushing tests for [ByteVector] on disk
13:57:05.641 | INFO  | File size for ByteVectorTest: 40 KB
13:57:05.642 | INFO  | Finished (in 0.297 sec): Flushing tests for [ByteVector] on disk 
13:57:05.643 | INFO  | Finished (in 8.315 sec): class com.alibaba.fastjson.asm.ByteVector 
<StatsForClass> :
	canceled by timeout = false
	#methods = 10, 
	#methods started symbolic exploration = 10
	#methods with at least one TC = 10
	#methods with exceptions = 0
	#generated TC = 67
	#coverage = null
[READY]
