Started UtBot Contest, classfileDir = /var/benchmarks/projects/spoon/target/classes, classpathString=/var/benchmarks/projects/spoon/target/classes:/var/benchmarks/projects/spoon/target/spoon-core-7.0.0.jar:/var/benchmarks/projects/./spoon/target/dependency/org.eclipse.text-3.12.0.jar:/var/benchmarks/projects/spoon/target/dependency/org.eclipse.equinox.app-1.6.100.jar:/var/benchmarks/projects/spoon/target/dependency/org.eclipse.core.contenttype-3.8.100.jar:/var/benchmarks/projects/spoon/target/dependency/mockito-all-2.0.2-beta.jar:/var/benchmarks/projects/spoon/target/dependency/jackson-databind-2.9.2.jar:/var/benchmarks/projects/spoon/target/dependency/guava-18.0.jar:/var/benchmarks/projects/spoon/target/dependency/org.eclipse.core.expressions-3.8.100.jar:/var/benchmarks/projects/spoon/target/dependency/org.eclipse.core.commands-3.10.100.jar:/var/benchmarks/projects/spoon/target/dependency/jackson-annotations-2.9.0.jar:/var/benchmarks/projects/spoon/target/dependency/org.eclipse.jdt.core-3.13.102.jar:/var/benchmarks/projects/spoon/target/dependency/org.eclipse.core.runtime-3.24.0.jar:/var/benchmarks/projects/spoon/target/dependency/org.eclipse.core.resources-3.16.0.jar:/var/benchmarks/projects/spoon/target/dependency/jackson-core-2.9.2.jar:/var/benchmarks/projects/spoon/target/dependency/junit-4.12.jar:/var/benchmarks/projects/spoon/target/dependency/org.eclipse.equinox.registry-3.11.100.jar:/var/benchmarks/projects/spoon/target/dependency/hamcrest-core-1.3.jar:/var/benchmarks/projects/spoon/target/dependency/maven-model-3.3.9.jar:/var/benchmarks/projects/spoon/target/dependency/plexus-utils-3.0.22.jar:/var/benchmarks/projects/spoon/target/dependency/jsap-2.1.jar:/var/benchmarks/projects/spoon/target/dependency/bridge-method-annotation-1.13.jar:/var/benchmarks/projects/spoon/target/dependency/org.eclipse.equinox.common-3.15.100.jar:/var/benchmarks/projects/spoon/target/dependency/org.eclipse.core.jobs-3.12.0.jar:/var/benchmarks/projects/spoon/target/dependency/commons-io-2.5.jar:/var/benchmarks/projects/spoon/target/dependency/commons-lang3-3.5.jar:/var/benchmarks/projects/spoon/target/dependency/system-rules-1.9.0.jar:/var/benchmarks/projects/spoon/target/dependency/querydsl-core-3.6.9.jar:/var/benchmarks/projects/spoon/target/dependency/org.eclipse.core.filesystem-1.9.200.jar:/var/benchmarks/projects/spoon/target/dependency/org.eclipse.equinox.preferences-3.9.100.jar:/var/benchmarks/projects/spoon/target/dependency/org.eclipse.osgi-3.17.100.jar:/var/benchmarks/projects/spoon/target/dependency/log4j-1.2.17.jar, outputDir=/home/utbot_mocks/temp/testcases, mocks=Other classes: Mockito
23:28:37.703 | INFO  | Started: warmup: kotlin reflection :: init
23:28:37.779 | INFO  | Finished (in 0.076 sec): warmup: kotlin reflection :: init 
[INIT]
>> [RUN] spoon.support.reflect.cu.position.SourcePositionImpl 120
23:28:37.795 | DEBUG | -----------------------------------------------------------------------------
23:28:37.796 | INFO  | Contest.runGeneration: Time budget: 120000 ms, Generation timeout=102000 ms, classpath=/var/benchmarks/projects/spoon/target/classes:/var/benchmarks/projects/spoon/target/spoon-core-7.0.0.jar:/var/benchmarks/projects/./spoon/target/dependency/org.eclipse.text-3.12.0.jar:/var/benchmarks/projects/spoon/target/dependency/org.eclipse.equinox.app-1.6.100.jar:/var/benchmarks/projects/spoon/target/dependency/org.eclipse.core.contenttype-3.8.100.jar:/var/benchmarks/projects/spoon/target/dependency/mockito-all-2.0.2-beta.jar:/var/benchmarks/projects/spoon/target/dependency/jackson-databind-2.9.2.jar:/var/benchmarks/projects/spoon/target/dependency/guava-18.0.jar:/var/benchmarks/projects/spoon/target/dependency/org.eclipse.core.expressions-3.8.100.jar:/var/benchmarks/projects/spoon/target/dependency/org.eclipse.core.commands-3.10.100.jar:/var/benchmarks/projects/spoon/target/dependency/jackson-annotations-2.9.0.jar:/var/benchmarks/projects/spoon/target/dependency/org.eclipse.jdt.core-3.13.102.jar:/var/benchmarks/projects/spoon/target/dependency/org.eclipse.core.runtime-3.24.0.jar:/var/benchmarks/projects/spoon/target/dependency/org.eclipse.core.resources-3.16.0.jar:/var/benchmarks/projects/spoon/target/dependency/jackson-core-2.9.2.jar:/var/benchmarks/projects/spoon/target/dependency/junit-4.12.jar:/var/benchmarks/projects/spoon/target/dependency/org.eclipse.equinox.registry-3.11.100.jar:/var/benchmarks/projects/spoon/target/dependency/hamcrest-core-1.3.jar:/var/benchmarks/projects/spoon/target/dependency/maven-model-3.3.9.jar:/var/benchmarks/projects/spoon/target/dependency/plexus-utils-3.0.22.jar:/var/benchmarks/projects/spoon/target/dependency/jsap-2.1.jar:/var/benchmarks/projects/spoon/target/dependency/bridge-method-annotation-1.13.jar:/var/benchmarks/projects/spoon/target/dependency/org.eclipse.equinox.common-3.15.100.jar:/var/benchmarks/projects/spoon/target/dependency/org.eclipse.core.jobs-3.12.0.jar:/var/benchmarks/projects/spoon/target/dependency/commons-io-2.5.jar:/var/benchmarks/projects/spoon/target/dependency/commons-lang3-3.5.jar:/var/benchmarks/projects/spoon/target/dependency/system-rules-1.9.0.jar:/var/benchmarks/projects/spoon/target/dependency/querydsl-core-3.6.9.jar:/var/benchmarks/projects/spoon/target/dependency/org.eclipse.core.filesystem-1.9.200.jar:/var/benchmarks/projects/spoon/target/dependency/org.eclipse.equinox.preferences-3.9.100.jar:/var/benchmarks/projects/spoon/target/dependency/org.eclipse.osgi-3.17.100.jar:/var/benchmarks/projects/spoon/target/dependency/log4j-1.2.17.jar, methodNameFilter=null
23:28:37.799 | INFO  | ClassUnderTest[ FQN: spoon.support.reflect.cu.position.SourcePositionImpl
    classfileDir: /var/benchmarks/projects/spoon/target/classes
    testClassSimpleName: SourcePositionImplTest
    generatedTestFile: /home/utbot_mocks/temp/testcases/spoon/support/reflect/cu/position/SourcePositionImplTest.java
    generatedTestsSourcesDir: /home/utbot_mocks/temp/testcases
]
23:28:37.831 | INFO  | Started: class spoon.support.reflect.cu.position.SourcePositionImpl
23:28:37.832 | INFO  | Started: preparation class class spoon.support.reflect.cu.position.SourcePositionImpl: kotlin reflection :: run
23:28:37.874 | INFO  | Finished (in 0.041 sec): preparation class class spoon.support.reflect.cu.position.SourcePositionImpl: kotlin reflection :: run 
23:28:37.875 | INFO  | Started: 2nd optional soot initialization
23:28:37.877 | INFO  | Finished (in 0.001 sec): 2nd optional soot initialization 
23:28:37.886 | DEBUG |  ... 
23:28:37.896 | INFO  | Started: method spoon.support.reflect.cu.position.SourcePositionImpl.equals(Object)
23:28:37.898 | INFO  |  -- Remaining time budget: 101908 ms, #remaining_methods: 18, budget for method: 5661 ms, solver timeout: 1000 ms, budget for symbolic execution: 4461 ms, budget for concrete execution: 1200 ms,  -- 
23:28:38.238 | DEBUG | --new testCase collected, to generate: testSpoon.support.reflect.cu.position.SourcePositionImpl.equals(Object)1
23:28:38.839 | DEBUG | --new testCase collected, to generate: testSpoon.support.reflect.cu.position.SourcePositionImpl.equals(Object)2
23:28:39.626 | DEBUG | --new testCase collected, to generate: testSpoon.support.reflect.cu.position.SourcePositionImpl.equals(Object)3
23:28:41.812 | DEBUG | --new testCase collected, to generate: testSpoon.support.reflect.cu.position.SourcePositionImpl.equals(Object)4
23:28:42.355 | INFO  | |> Starting concrete execution for remaining state: spoon.support.reflect.cu.position.SourcePositionImpl.equals(Object)
23:28:44.239 | INFO  | (X) Cancelling concrete execution: spoon.support.reflect.cu.position.SourcePositionImpl.equals(Object)
23:28:44.322 | INFO  | Finished (in 6.425 sec): method spoon.support.reflect.cu.position.SourcePositionImpl.equals(Object) 
<StatsForMethod> :
	#generatedTC=4
	WITH NO EXCEPTIONS
23:28:44.327 | DEBUG |  ... 
23:28:44.327 | INFO  | Started: method spoon.support.reflect.cu.position.SourcePositionImpl.hashCode()
23:28:44.328 | INFO  |  -- Remaining time budget: 95470 ms, #remaining_methods: 17, budget for method: 5615 ms, solver timeout: 1000 ms, budget for symbolic execution: 4415 ms, budget for concrete execution: 1200 ms,  -- 
23:28:44.339 | DEBUG | --new testCase collected, to generate: testSpoon.support.reflect.cu.position.SourcePositionImpl.hashCode()1
23:28:45.698 | DEBUG | --new testCase collected, to generate: testSpoon.support.reflect.cu.position.SourcePositionImpl.hashCode()2
23:28:45.856 | DEBUG | --new testCase collected, to generate: testSpoon.support.reflect.cu.position.SourcePositionImpl.hashCode()3
23:28:46.436 | DEBUG | --new testCase collected, to generate: testSpoon.support.reflect.cu.position.SourcePositionImpl.hashCode()4
23:28:47.533 | DEBUG | --new testCase collected, to generate: testSpoon.support.reflect.cu.position.SourcePositionImpl.hashCode()5
23:28:48.050 | DEBUG | --new testCase collected, to generate: testSpoon.support.reflect.cu.position.SourcePositionImpl.hashCode()6
23:28:48.743 | INFO  | |> Starting concrete execution for remaining state: spoon.support.reflect.cu.position.SourcePositionImpl.hashCode()
23:28:48.808 | DEBUG | --new testCase collected, to generate: testSpoon.support.reflect.cu.position.SourcePositionImpl.hashCode()7
23:28:49.111 | DEBUG | --new testCase collected, to generate: testSpoon.support.reflect.cu.position.SourcePositionImpl.hashCode()8
23:28:49.943 | INFO  | (X) Cancelling concrete execution: spoon.support.reflect.cu.position.SourcePositionImpl.hashCode()
23:28:50.072 | INFO  | Finished (in 5.744 sec): method spoon.support.reflect.cu.position.SourcePositionImpl.hashCode() 
<StatsForMethod> :
	#generatedTC=8
	WITH NO EXCEPTIONS
23:28:50.391 | DEBUG |  ... 
23:28:50.392 | INFO  | Started: method spoon.support.reflect.cu.position.SourcePositionImpl.toString()
23:28:50.392 | INFO  |  -- Remaining time budget: 89405 ms, #remaining_methods: 16, budget for method: 5587 ms, solver timeout: 1000 ms, budget for symbolic execution: 4387 ms, budget for concrete execution: 1200 ms,  -- 
23:28:50.402 | DEBUG | --new testCase collected, to generate: testSpoon.support.reflect.cu.position.SourcePositionImpl.toString()1
23:28:50.476 | DEBUG | --new testCase collected, to generate: testSpoon.support.reflect.cu.position.SourcePositionImpl.toString()2
23:28:51.543 | DEBUG | --new testCase collected, to generate: testSpoon.support.reflect.cu.position.SourcePositionImpl.toString()3
23:28:51.773 | DEBUG | --new testCase collected, to generate: testSpoon.support.reflect.cu.position.SourcePositionImpl.toString()4
23:28:54.779 | INFO  | |> Starting concrete execution for remaining state: spoon.support.reflect.cu.position.SourcePositionImpl.toString()
23:28:55.980 | INFO  | (X) Cancelling concrete execution: spoon.support.reflect.cu.position.SourcePositionImpl.toString()
23:28:56.050 | INFO  | Finished (in 5.658 sec): method spoon.support.reflect.cu.position.SourcePositionImpl.toString() 
<StatsForMethod> :
	#generatedTC=4
	WITH NO EXCEPTIONS
23:28:56.542 | DEBUG |  ... 
23:28:56.545 | INFO  | Started: method spoon.support.reflect.cu.position.SourcePositionImpl.getLine()
23:28:56.545 | INFO  |  -- Remaining time budget: 83253 ms, #remaining_methods: 15, budget for method: 5550 ms, solver timeout: 1000 ms, budget for symbolic execution: 4350 ms, budget for concrete execution: 1200 ms,  -- 
23:28:56.553 | DEBUG | --new testCase collected, to generate: testSpoon.support.reflect.cu.position.SourcePositionImpl.getLine()1
23:28:56.603 | DEBUG | --new testCase collected, to generate: testSpoon.support.reflect.cu.position.SourcePositionImpl.getLine()2
23:28:56.767 | DEBUG | --new testCase collected, to generate: testSpoon.support.reflect.cu.position.SourcePositionImpl.getLine()3
23:28:56.847 | DEBUG | --new testCase collected, to generate: testSpoon.support.reflect.cu.position.SourcePositionImpl.getLine()4
23:28:56.916 | DEBUG | --new testCase collected, to generate: testSpoon.support.reflect.cu.position.SourcePositionImpl.getLine()5
23:28:56.986 | DEBUG | --new testCase collected, to generate: testSpoon.support.reflect.cu.position.SourcePositionImpl.getLine()6
23:28:56.996 | INFO  | Finished (in 0.451 sec): method spoon.support.reflect.cu.position.SourcePositionImpl.getLine() 
<StatsForMethod> :
	#generatedTC=6
	WITH NO EXCEPTIONS
23:28:57.022 | DEBUG |  ... 
23:28:57.022 | INFO  | Started: method spoon.support.reflect.cu.position.SourcePositionImpl.getSourceEnd()
23:28:57.023 | INFO  |  -- Remaining time budget: 82775 ms, #remaining_methods: 14, budget for method: 5912 ms, solver timeout: 1000 ms, budget for symbolic execution: 4712 ms, budget for concrete execution: 1200 ms,  -- 
23:28:57.032 | DEBUG | --new testCase collected, to generate: testSpoon.support.reflect.cu.position.SourcePositionImpl.getSourceEnd()1
23:28:57.067 | DEBUG | --new testCase collected, to generate: testSpoon.support.reflect.cu.position.SourcePositionImpl.getSourceEnd()2
23:28:57.067 | INFO  | Finished (in 0.045 sec): method spoon.support.reflect.cu.position.SourcePositionImpl.getSourceEnd() 
<StatsForMethod> :
	#generatedTC=2
	WITH NO EXCEPTIONS
23:28:57.068 | DEBUG |  ... 
23:28:57.069 | INFO  | Started: method spoon.support.reflect.cu.position.SourcePositionImpl.getSourceStart()
23:28:57.069 | INFO  |  -- Remaining time budget: 82728 ms, #remaining_methods: 13, budget for method: 6363 ms, solver timeout: 1000 ms, budget for symbolic execution: 5163 ms, budget for concrete execution: 1200 ms,  -- 
23:28:57.079 | DEBUG | --new testCase collected, to generate: testSpoon.support.reflect.cu.position.SourcePositionImpl.getSourceStart()1
23:28:57.109 | DEBUG | --new testCase collected, to generate: testSpoon.support.reflect.cu.position.SourcePositionImpl.getSourceStart()2
23:28:57.110 | INFO  | Finished (in 0.040 sec): method spoon.support.reflect.cu.position.SourcePositionImpl.getSourceStart() 
<StatsForMethod> :
	#generatedTC=2
	WITH NO EXCEPTIONS
23:28:57.111 | DEBUG |  ... 
23:28:57.111 | INFO  | Started: method spoon.support.reflect.cu.position.SourcePositionImpl.getColumn()
23:28:57.111 | INFO  |  -- Remaining time budget: 82686 ms, #remaining_methods: 12, budget for method: 6890 ms, solver timeout: 1000 ms, budget for symbolic execution: 5690 ms, budget for concrete execution: 1200 ms,  -- 
23:28:57.118 | DEBUG | --new testCase collected, to generate: testSpoon.support.reflect.cu.position.SourcePositionImpl.getColumn()1
23:28:57.189 | DEBUG | --new testCase collected, to generate: testSpoon.support.reflect.cu.position.SourcePositionImpl.getColumn()2
23:28:57.254 | DEBUG | --new testCase collected, to generate: testSpoon.support.reflect.cu.position.SourcePositionImpl.getColumn()3
23:28:57.432 | DEBUG | --new testCase collected, to generate: testSpoon.support.reflect.cu.position.SourcePositionImpl.getColumn()4
23:28:57.577 | DEBUG | --new testCase collected, to generate: testSpoon.support.reflect.cu.position.SourcePositionImpl.getColumn()5
23:28:57.627 | DEBUG | --new testCase collected, to generate: testSpoon.support.reflect.cu.position.SourcePositionImpl.getColumn()6
23:28:57.967 | DEBUG | --new testCase collected, to generate: testSpoon.support.reflect.cu.position.SourcePositionImpl.getColumn()7
23:28:58.142 | DEBUG | --new testCase collected, to generate: testSpoon.support.reflect.cu.position.SourcePositionImpl.getColumn()8
23:28:58.184 | DEBUG | --new testCase collected, to generate: testSpoon.support.reflect.cu.position.SourcePositionImpl.getColumn()9
23:29:02.802 | INFO  | |> Starting concrete execution for remaining state: spoon.support.reflect.cu.position.SourcePositionImpl.getColumn()
23:29:04.003 | INFO  | (X) Cancelling concrete execution: spoon.support.reflect.cu.position.SourcePositionImpl.getColumn()
23:29:04.054 | INFO  | Finished (in 6.942 sec): method spoon.support.reflect.cu.position.SourcePositionImpl.getColumn() 
<StatsForMethod> :
	#generatedTC=9
	WITH NO EXCEPTIONS
23:29:04.546 | DEBUG |  ... 
23:29:04.547 | INFO  | Started: method spoon.support.reflect.cu.position.SourcePositionImpl.getEndColumn()
23:29:04.547 | INFO  |  -- Remaining time budget: 75250 ms, #remaining_methods: 11, budget for method: 6840 ms, solver timeout: 1000 ms, budget for symbolic execution: 5640 ms, budget for concrete execution: 1200 ms,  -- 
23:29:04.553 | DEBUG | --new testCase collected, to generate: testSpoon.support.reflect.cu.position.SourcePositionImpl.getEndColumn()1
23:29:04.623 | DEBUG | --new testCase collected, to generate: testSpoon.support.reflect.cu.position.SourcePositionImpl.getEndColumn()2
23:29:04.686 | DEBUG | --new testCase collected, to generate: testSpoon.support.reflect.cu.position.SourcePositionImpl.getEndColumn()3
23:29:04.844 | DEBUG | --new testCase collected, to generate: testSpoon.support.reflect.cu.position.SourcePositionImpl.getEndColumn()4
23:29:04.987 | DEBUG | --new testCase collected, to generate: testSpoon.support.reflect.cu.position.SourcePositionImpl.getEndColumn()5
23:29:05.034 | DEBUG | --new testCase collected, to generate: testSpoon.support.reflect.cu.position.SourcePositionImpl.getEndColumn()6
23:29:05.358 | DEBUG | --new testCase collected, to generate: testSpoon.support.reflect.cu.position.SourcePositionImpl.getEndColumn()7
23:29:05.526 | DEBUG | --new testCase collected, to generate: testSpoon.support.reflect.cu.position.SourcePositionImpl.getEndColumn()8
23:29:05.567 | DEBUG | --new testCase collected, to generate: testSpoon.support.reflect.cu.position.SourcePositionImpl.getEndColumn()9
23:29:10.187 | INFO  | |> Starting concrete execution for remaining state: spoon.support.reflect.cu.position.SourcePositionImpl.getEndColumn()
23:29:11.388 | INFO  | (X) Cancelling concrete execution: spoon.support.reflect.cu.position.SourcePositionImpl.getEndColumn()
23:29:11.457 | INFO  | Finished (in 6.910 sec): method spoon.support.reflect.cu.position.SourcePositionImpl.getEndColumn() 
<StatsForMethod> :
	#generatedTC=9
	WITH NO EXCEPTIONS
23:29:11.982 | DEBUG |  ... 
23:29:11.983 | INFO  | Started: method spoon.support.reflect.cu.position.SourcePositionImpl.getEndLine()
23:29:11.983 | INFO  |  -- Remaining time budget: 67814 ms, #remaining_methods: 10, budget for method: 6781 ms, solver timeout: 1000 ms, budget for symbolic execution: 5581 ms, budget for concrete execution: 1200 ms,  -- 
23:29:11.989 | DEBUG | --new testCase collected, to generate: testSpoon.support.reflect.cu.position.SourcePositionImpl.getEndLine()1
23:29:12.166 | DEBUG | --new testCase collected, to generate: testSpoon.support.reflect.cu.position.SourcePositionImpl.getEndLine()2
23:29:12.220 | DEBUG | --new testCase collected, to generate: testSpoon.support.reflect.cu.position.SourcePositionImpl.getEndLine()3
23:29:12.257 | DEBUG | --new testCase collected, to generate: testSpoon.support.reflect.cu.position.SourcePositionImpl.getEndLine()4
23:29:12.373 | DEBUG | --new testCase collected, to generate: testSpoon.support.reflect.cu.position.SourcePositionImpl.getEndLine()5
23:29:12.382 | INFO  | Finished (in 0.399 sec): method spoon.support.reflect.cu.position.SourcePositionImpl.getEndLine() 
<StatsForMethod> :
	#generatedTC=5
	WITH NO EXCEPTIONS
23:29:12.405 | DEBUG |  ... 
23:29:12.406 | INFO  | Started: method spoon.support.reflect.cu.position.SourcePositionImpl.getCompilationUnit()
23:29:12.406 | INFO  |  -- Remaining time budget: 67392 ms, #remaining_methods: 9, budget for method: 7488 ms, solver timeout: 1000 ms, budget for symbolic execution: 6288 ms, budget for concrete execution: 1200 ms,  -- 
23:29:12.413 | DEBUG | --new testCase collected, to generate: testSpoon.support.reflect.cu.position.SourcePositionImpl.getCompilationUnit()1
23:29:12.452 | DEBUG | --new testCase collected, to generate: testSpoon.support.reflect.cu.position.SourcePositionImpl.getCompilationUnit()2
23:29:12.453 | INFO  | Finished (in 0.047 sec): method spoon.support.reflect.cu.position.SourcePositionImpl.getCompilationUnit() 
<StatsForMethod> :
	#generatedTC=2
	WITH NO EXCEPTIONS
23:29:12.454 | DEBUG |  ... 
23:29:12.454 | INFO  | Started: method spoon.support.reflect.cu.position.SourcePositionImpl.isValidPosition()
23:29:12.455 | INFO  |  -- Remaining time budget: 67343 ms, #remaining_methods: 8, budget for method: 8417 ms, solver timeout: 1000 ms, budget for symbolic execution: 7217 ms, budget for concrete execution: 1200 ms,  -- 
23:29:12.460 | DEBUG | --new testCase collected, to generate: testSpoon.support.reflect.cu.position.SourcePositionImpl.isValidPosition()1
23:29:12.486 | DEBUG | --new testCase collected, to generate: testSpoon.support.reflect.cu.position.SourcePositionImpl.isValidPosition()2
23:29:12.487 | INFO  | Finished (in 0.032 sec): method spoon.support.reflect.cu.position.SourcePositionImpl.isValidPosition() 
<StatsForMethod> :
	#generatedTC=2
	WITH NO EXCEPTIONS
23:29:12.487 | DEBUG |  ... 
23:29:12.488 | INFO  | Started: method spoon.support.reflect.cu.position.SourcePositionImpl.getFile()
23:29:12.488 | INFO  |  -- Remaining time budget: 67309 ms, #remaining_methods: 7, budget for method: 9615 ms, solver timeout: 1000 ms, budget for symbolic execution: 8415 ms, budget for concrete execution: 1200 ms,  -- 
23:29:12.491 | DEBUG | --new testCase collected, to generate: testSpoon.support.reflect.cu.position.SourcePositionImpl.getFile()1
23:29:12.522 | DEBUG | --new testCase collected, to generate: testSpoon.support.reflect.cu.position.SourcePositionImpl.getFile()2
23:29:12.522 | INFO  | Finished (in 0.034 sec): method spoon.support.reflect.cu.position.SourcePositionImpl.getFile() 
<StatsForMethod> :
	#generatedTC=2
	WITH NO EXCEPTIONS
23:29:12.523 | DEBUG |  ... 
23:29:12.524 | INFO  | Started: method spoon.support.reflect.cu.position.SourcePositionImpl.getSourceDetails()
23:29:12.524 | INFO  |  -- Remaining time budget: 67274 ms, #remaining_methods: 6, budget for method: 11212 ms, solver timeout: 1000 ms, budget for symbolic execution: 10012 ms, budget for concrete execution: 1200 ms,  -- 
23:29:12.532 | DEBUG | --new testCase collected, to generate: testSpoon.support.reflect.cu.position.SourcePositionImpl.getSourceDetails()1
23:29:22.536 | INFO  | |> Starting concrete execution for remaining state: spoon.support.reflect.cu.position.SourcePositionImpl.getSourceDetails()
23:29:22.936 | DEBUG | --new testCase collected, to generate: testSpoon.support.reflect.cu.position.SourcePositionImpl.getSourceDetails()2
23:29:23.737 | INFO  | (X) Cancelling concrete execution: spoon.support.reflect.cu.position.SourcePositionImpl.getSourceDetails()
23:29:23.821 | INFO  | Finished (in 11.297 sec): method spoon.support.reflect.cu.position.SourcePositionImpl.getSourceDetails() 
<StatsForMethod> :
	#generatedTC=2
	WITH NO EXCEPTIONS
23:29:24.155 | DEBUG |  ... 
23:29:24.157 | INFO  | Started: method spoon.support.reflect.cu.position.SourcePositionImpl.searchColumnNumber(int)
23:29:24.158 | INFO  |  -- Remaining time budget: 55641 ms, #remaining_methods: 5, budget for method: 11128 ms, solver timeout: 1000 ms, budget for symbolic execution: 9928 ms, budget for concrete execution: 1200 ms,  -- 
23:29:24.163 | DEBUG | --new testCase collected, to generate: testSpoon.support.reflect.cu.position.SourcePositionImpl.searchColumnNumber(int)1
23:29:24.208 | DEBUG | --new testCase collected, to generate: testSpoon.support.reflect.cu.position.SourcePositionImpl.searchColumnNumber(int)2
23:29:24.258 | DEBUG | --new testCase collected, to generate: testSpoon.support.reflect.cu.position.SourcePositionImpl.searchColumnNumber(int)3
23:29:24.339 | DEBUG | --new testCase collected, to generate: testSpoon.support.reflect.cu.position.SourcePositionImpl.searchColumnNumber(int)4
23:29:24.365 | DEBUG | --new testCase collected, to generate: testSpoon.support.reflect.cu.position.SourcePositionImpl.searchColumnNumber(int)5
23:29:24.448 | DEBUG | --new testCase collected, to generate: testSpoon.support.reflect.cu.position.SourcePositionImpl.searchColumnNumber(int)6
23:29:24.527 | DEBUG | --new testCase collected, to generate: testSpoon.support.reflect.cu.position.SourcePositionImpl.searchColumnNumber(int)7
23:29:24.595 | DEBUG | --new testCase collected, to generate: testSpoon.support.reflect.cu.position.SourcePositionImpl.searchColumnNumber(int)8
23:29:24.643 | DEBUG | --new testCase collected, to generate: testSpoon.support.reflect.cu.position.SourcePositionImpl.searchColumnNumber(int)9
23:29:24.777 | DEBUG | --new testCase collected, to generate: testSpoon.support.reflect.cu.position.SourcePositionImpl.searchColumnNumber(int)10
23:29:24.806 | DEBUG | --new testCase collected, to generate: testSpoon.support.reflect.cu.position.SourcePositionImpl.searchColumnNumber(int)11
23:29:24.861 | DEBUG | --new testCase collected, to generate: testSpoon.support.reflect.cu.position.SourcePositionImpl.searchColumnNumber(int)12
23:29:34.085 | INFO  | |> Starting concrete execution for remaining state: spoon.support.reflect.cu.position.SourcePositionImpl.searchColumnNumber(int)
23:29:34.106 | INFO  | Finished (in 9.947 sec): method spoon.support.reflect.cu.position.SourcePositionImpl.searchColumnNumber(int) 
<StatsForMethod> :
	#generatedTC=12
	WITH NO EXCEPTIONS
23:29:34.844 | DEBUG |  ... 
23:29:34.845 | INFO  | Started: method spoon.support.reflect.cu.position.SourcePositionImpl.searchLineNumber(int)
23:29:34.845 | INFO  |  -- Remaining time budget: 44953 ms, #remaining_methods: 4, budget for method: 11238 ms, solver timeout: 1000 ms, budget for symbolic execution: 10038 ms, budget for concrete execution: 1200 ms,  -- 
23:29:34.850 | DEBUG | --new testCase collected, to generate: testSpoon.support.reflect.cu.position.SourcePositionImpl.searchLineNumber(int)1
23:29:34.894 | DEBUG | --new testCase collected, to generate: testSpoon.support.reflect.cu.position.SourcePositionImpl.searchLineNumber(int)2
23:29:35.028 | DEBUG | --new testCase collected, to generate: testSpoon.support.reflect.cu.position.SourcePositionImpl.searchLineNumber(int)3
23:29:35.113 | DEBUG | --new testCase collected, to generate: testSpoon.support.reflect.cu.position.SourcePositionImpl.searchLineNumber(int)4
23:29:35.169 | DEBUG | --new testCase collected, to generate: testSpoon.support.reflect.cu.position.SourcePositionImpl.searchLineNumber(int)5
23:29:35.172 | INFO  | Finished (in 0.327 sec): method spoon.support.reflect.cu.position.SourcePositionImpl.searchLineNumber(int) 
<StatsForMethod> :
	#generatedTC=5
	WITH NO EXCEPTIONS
23:29:35.192 | DEBUG |  ... 
23:29:35.192 | INFO  | Started: method spoon.support.reflect.cu.position.SourcePositionImpl.getFragment(int, int)
23:29:35.193 | INFO  |  -- Remaining time budget: 44605 ms, #remaining_methods: 3, budget for method: 14868 ms, solver timeout: 1000 ms, budget for symbolic execution: 13668 ms, budget for concrete execution: 1200 ms,  -- 
23:29:35.199 | DEBUG | --new testCase collected, to generate: testSpoon.support.reflect.cu.position.SourcePositionImpl.getFragment(int, int)1
23:29:43.683 | DEBUG | --new testCase collected, to generate: testSpoon.support.reflect.cu.position.SourcePositionImpl.getFragment(int, int)2
23:29:43.886 | DEBUG | --new testCase collected, to generate: testSpoon.support.reflect.cu.position.SourcePositionImpl.getFragment(int, int)3
23:29:48.861 | INFO  | |> Starting concrete execution for remaining state: spoon.support.reflect.cu.position.SourcePositionImpl.getFragment(int, int)
23:29:50.062 | INFO  | (X) Cancelling concrete execution: spoon.support.reflect.cu.position.SourcePositionImpl.getFragment(int, int)
23:29:50.078 | INFO  | Finished (in 14.885 sec): method spoon.support.reflect.cu.position.SourcePositionImpl.getFragment(int, int) 
<StatsForMethod> :
	#generatedTC=3
	WITH NO EXCEPTIONS
23:29:50.466 | DEBUG |  ... 
23:29:50.467 | INFO  | Started: method spoon.support.reflect.cu.position.SourcePositionImpl.checkArgsAreAscending(int[])
23:29:50.467 | INFO  |  -- Remaining time budget: 29330 ms, #remaining_methods: 2, budget for method: 14665 ms, solver timeout: 1000 ms, budget for symbolic execution: 13465 ms, budget for concrete execution: 1200 ms,  -- 
23:29:50.475 | DEBUG | --new testCase collected, to generate: testSpoon.support.reflect.cu.position.SourcePositionImpl.checkArgsAreAscending(int[])1
23:29:50.510 | DEBUG | --new testCase collected, to generate: testSpoon.support.reflect.cu.position.SourcePositionImpl.checkArgsAreAscending(int[])2
23:29:50.545 | DEBUG | --new testCase collected, to generate: testSpoon.support.reflect.cu.position.SourcePositionImpl.checkArgsAreAscending(int[])3
23:29:50.570 | DEBUG | --new testCase collected, to generate: testSpoon.support.reflect.cu.position.SourcePositionImpl.checkArgsAreAscending(int[])4
23:29:50.576 | DEBUG | --new testCase collected, to generate: testSpoon.support.reflect.cu.position.SourcePositionImpl.checkArgsAreAscending(int[])5
23:29:50.600 | DEBUG | --new testCase collected, to generate: testSpoon.support.reflect.cu.position.SourcePositionImpl.checkArgsAreAscending(int[])6
23:29:50.601 | INFO  | Finished (in 0.133 sec): method spoon.support.reflect.cu.position.SourcePositionImpl.checkArgsAreAscending(int[]) 
<StatsForMethod> :
	#generatedTC=6
	WITH NO EXCEPTIONS
23:29:50.602 | DEBUG |  ... 
23:29:50.603 | INFO  | Started: method spoon.support.reflect.cu.position.SourcePositionImpl.<init>(CompilationUnit, int, int, int[])
23:29:50.603 | INFO  |  -- Remaining time budget: 29194 ms, #remaining_methods: 1, budget for method: 29194 ms, solver timeout: 1000 ms, budget for symbolic execution: 27994 ms, budget for concrete execution: 1200 ms,  -- 
23:29:50.610 | DEBUG | --new testCase collected, to generate: testSpoon.support.reflect.cu.position.SourcePositionImpl.<init>(CompilationUnit, int, int, int[])1
23:29:50.717 | DEBUG | --new testCase collected, to generate: testSpoon.support.reflect.cu.position.SourcePositionImpl.<init>(CompilationUnit, int, int, int[])2
23:29:50.739 | DEBUG | --new testCase collected, to generate: testSpoon.support.reflect.cu.position.SourcePositionImpl.<init>(CompilationUnit, int, int, int[])3
23:29:50.782 | DEBUG | --new testCase collected, to generate: testSpoon.support.reflect.cu.position.SourcePositionImpl.<init>(CompilationUnit, int, int, int[])4
23:29:50.809 | DEBUG | --new testCase collected, to generate: testSpoon.support.reflect.cu.position.SourcePositionImpl.<init>(CompilationUnit, int, int, int[])5
23:29:50.809 | INFO  | Finished (in 0.206 sec): method spoon.support.reflect.cu.position.SourcePositionImpl.<init>(CompilationUnit, int, int, int[]) 
<StatsForMethod> :
	#generatedTC=5
	WITH NO EXCEPTIONS
23:29:50.827 | INFO  | Started: Flushing tests for [SourcePositionImpl] on disk
23:29:51.318 | INFO  | File size for SourcePositionImplTest: 88 KB
23:29:51.320 | INFO  | Finished (in 0.492 sec): Flushing tests for [SourcePositionImpl] on disk 
23:29:51.320 | INFO  | Finished (in 73.488 sec): class spoon.support.reflect.cu.position.SourcePositionImpl 
<StatsForClass> :
	canceled by timeout = false
	#methods = 18, 
	#methods started symbolic exploration = 18
	#methods with at least one TC = 18
	#methods with exceptions = 0
	#generated TC = 88
	#coverage = null
[READY]
