Started UtBot Contest, classfileDir = /var/benchmarks/projects/fastjson/target/classes, classpathString=/var/benchmarks/projects/fastjson/target/classes:/var/benchmarks/projects/fastjson/target/fastjson-1.2.50-SNAPSHOT.jar:/var/benchmarks/projects/./fastjson/target/dependency/deeptestutils-1.1.0.jar:/var/benchmarks/projects/fastjson/target/dependency/commons-beanutils-1.8.0.jar:/var/benchmarks/projects/fastjson/target/dependency/woodstox-core-asl-4.4.1.jar:/var/benchmarks/projects/fastjson/target/dependency/spring-aop-4.3.7.RELEASE.jar:/var/benchmarks/projects/fastjson/target/dependency/hibernate-core-5.2.10.Final.jar:/var/benchmarks/projects/fastjson/target/dependency/jackson-module-kotlin-2.9.0.jar:/var/benchmarks/projects/fastjson/target/dependency/spring-data-commons-1.13.6.RELEASE.jar:/var/benchmarks/projects/fastjson/target/dependency/javax.annotation-api-1.2.jar:/var/benchmarks/projects/fastjson/target/dependency/gson-2.6.2.jar:/var/benchmarks/projects/fastjson/target/dependency/jetty-continuation-8.1.8.v20121106.jar:/var/benchmarks/projects/fastjson/target/dependency/objenesis-2.5.1.jar:/var/benchmarks/projects/fastjson/target/dependency/powermock-reflect-1.6.6.jar:/var/benchmarks/projects/fastjson/target/dependency/springfox-spring-web-2.6.1.jar:/var/benchmarks/projects/fastjson/target/dependency/javaslang-2.0.6.jar:/var/benchmarks/projects/fastjson/target/dependency/guava-18.0.jar:/var/benchmarks/projects/fastjson/target/dependency/mockito-core-1.10.19.jar:/var/benchmarks/projects/fastjson/target/dependency/json-lib-2.4-jdk15.jar:/var/benchmarks/projects/fastjson/target/dependency/jetty-xml-8.1.8.v20121106.jar:/var/benchmarks/projects/fastjson/target/dependency/xmlschema-core-2.2.1.jar:/var/benchmarks/projects/fastjson/target/dependency/powermock-api-support-1.6.6.jar:/var/benchmarks/projects/fastjson/target/dependency/commons-collections4-4.1.jar:/var/benchmarks/projects/fastjson/target/dependency/cglib-nodep-2.2.2.jar:/var/benchmarks/projects/fastjson/target/dependency/asm-debug-all-5.0.4.jar:/var/benchmarks/projects/fastjson/target/dependency/spring-plugin-core-1.2.0.RELEASE.jar:/var/benchmarks/projects/fastjson/target/dependency/cxf-rt-rs-client-3.1.2.jar:/var/benchmarks/projects/fastjson/target/dependency/jetty-io-8.1.8.v20121106.jar:/var/benchmarks/projects/fastjson/target/dependency/commons-lang3-3.4.jar:/var/benchmarks/projects/fastjson/target/dependency/stax2-api-3.1.4.jar:/var/benchmarks/projects/fastjson/target/dependency/jackson-annotations-2.9.0.jar:/var/benchmarks/projects/fastjson/target/dependency/jetty-server-8.1.8.v20121106.jar:/var/benchmarks/projects/fastjson/target/dependency/json-simple-1.1.1.jar:/var/benchmarks/projects/fastjson/target/dependency/asm-tree-4.0.jar:/var/benchmarks/projects/fastjson/target/dependency/spring-data-commons-core-1.4.1.RELEASE.jar:/var/benchmarks/projects/fastjson/target/dependency/powermock-module-junit4-common-1.6.6.jar:/var/benchmarks/projects/fastjson/target/dependency/jcl-over-slf4j-1.7.25.jar:/var/benchmarks/projects/fastjson/target/dependency/javax.servlet-3.0.0.v201112011016.jar:/var/benchmarks/projects/fastjson/target/dependency/springfox-core-2.6.1.jar:/var/benchmarks/projects/fastjson/target/dependency/osgi-resource-locator-1.0.1.jar:/var/benchmarks/projects/fastjson/target/dependency/javassist-3.18.0-GA.jar:/var/benchmarks/projects/fastjson/target/dependency/kotlin-reflect-1.1.3-2.jar:/var/benchmarks/projects/fastjson/target/dependency/spring-context-support-4.3.10.RELEASE.jar:/var/benchmarks/projects/fastjson/target/dependency/spring-plugin-metadata-1.2.0.RELEASE.jar:/var/benchmarks/projects/fastjson/target/dependency/kotlin-stdlib-1.1.3-2.jar:/var/benchmarks/projects/fastjson/target/dependency/spring-data-keyvalue-1.2.6.RELEASE.jar:/var/benchmarks/projects/fastjson/target/dependency/jersey-container-servlet-core-2.23.2.jar:/var/benchmarks/projects/fastjson/target/dependency/asm-4.0.jar:/var/benchmarks/projects/fastjson/target/dependency/asm-commons-4.0.jar:/var/benchmarks/projects/fastjson/target/dependency/jersey-guava-2.23.2.jar:/var/benchmarks/projects/fastjson/target/dependency/aopalliance-1.0.jar:/var/benchmarks/projects/fastjson/target/dependency/groovy-2.1.5.jar:/var/benchmarks/projects/fastjson/target/dependency/hk2-api-2.5.0-b05.jar:/var/benchmarks/projects/fastjson/target/dependency/jetty-security-8.1.8.v20121106.jar:/var/benchmarks/projects/fastjson/target/dependency/jmh-core-1.21.jar:/var/benchmarks/projects/fastjson/target/dependency/jersey-container-servlet-2.23.2.jar:/var/benchmarks/projects/fastjson/target/dependency/dom4j-1.6.1.jar:/var/benchmarks/projects/fastjson/target/dependency/spring-core-4.3.7.RELEASE.jar:/var/benchmarks/projects/fastjson/target/dependency/spring-data-redis-1.8.6.RELEASE.jar:/var/benchmarks/projects/fastjson/target/dependency/jackson-core-asl-1.9.13.jar:/var/benchmarks/projects/fastjson/target/dependency/jackson-mapper-asl-1.9.13.jar:/var/benchmarks/projects/fastjson/target/dependency/hibernate-jpa-2.1-api-1.0.0.Final.jar:/var/benchmarks/projects/fastjson/target/dependency/junit-4.12.jar:/var/benchmarks/projects/fastjson/target/dependency/commons-io-1.4.jar:/var/benchmarks/projects/fastjson/target/dependency/jetty-util-8.1.8.v20121106.jar:/var/benchmarks/projects/fastjson/target/dependency/hamcrest-core-1.3.jar:/var/benchmarks/projects/fastjson/target/dependency/jmh-generator-annprocess-1.21.jar:/var/benchmarks/projects/fastjson/target/dependency/jackson-jaxrs-base-2.8.7.jar:/var/benchmarks/projects/fastjson/target/dependency/powermock-module-junit4-1.6.6.jar:/var/benchmarks/projects/fastjson/target/dependency/powermock-core-1.6.6.jar:/var/benchmarks/projects/fastjson/target/dependency/slf4j-api-1.7.25.jar:/var/benchmarks/projects/fastjson/target/dependency/antlr-2.7.7.jar:/var/benchmarks/projects/fastjson/target/dependency/mockito-all-1.10.19.jar:/var/benchmarks/projects/fastjson/target/dependency/jersey-container-jdk-http-2.23.2.jar:/var/benchmarks/projects/fastjson/target/dependency/javaslang-match-2.0.6.jar:/var/benchmarks/projects/fastjson/target/dependency/jersey-test-framework-provider-jdk-http-2.23.2.jar:/var/benchmarks/projects/fastjson/target/dependency/jersey-entity-filtering-2.23.2.jar:/var/benchmarks/projects/fastjson/target/dependency/jandex-2.0.3.Final.jar:/var/benchmarks/projects/fastjson/target/dependency/ezmorph-1.0.6.jar:/var/benchmarks/projects/fastjson/target/dependency/jackson-jaxrs-json-provider-2.8.7.jar:/var/benchmarks/projects/fastjson/target/dependency/cxf-rt-transports-http-3.1.2.jar:/var/benchmarks/projects/fastjson/target/dependency/spring-beans-4.3.7.RELEASE.jar:/var/benchmarks/projects/fastjson/target/dependency/jersey-server-2.23.2.jar:/var/benchmarks/projects/fastjson/target/dependency/powermock-api-mockito-1.6.6.jar:/var/benchmarks/projects/fastjson/target/dependency/jackson-module-jaxb-annotations-2.8.7.jar:/var/benchmarks/projects/fastjson/target/dependency/jopt-simple-4.6.jar:/var/benchmarks/projects/fastjson/target/dependency/asm-analysis-4.0.jar:/var/benchmarks/projects/fastjson/target/dependency/annotations-13.0.jar:/var/benchmarks/projects/fastjson/target/dependency/json-path-2.3.0.jar:/var/benchmarks/projects/fastjson/target/dependency/springfox-spi-2.6.1.jar:/var/benchmarks/projects/fastjson/target/dependency/spring-websocket-4.3.7.RELEASE.jar:/var/benchmarks/projects/fastjson/target/dependency/spring-messaging-4.3.7.RELEASE.jar:/var/benchmarks/projects/fastjson/target/dependency/jersey-client-2.23.2.jar:/var/benchmarks/projects/fastjson/target/dependency/javax.ws.rs-api-2.0.1.jar:/var/benchmarks/projects/fastjson/target/dependency/accessors-smart-1.1.jar:/var/benchmarks/projects/fastjson/target/dependency/hibernate-commons-annotations-5.0.1.Final.jar:/var/benchmarks/projects/fastjson/target/dependency/commons-logging-1.1.1.jar:/var/benchmarks/projects/fastjson/target/dependency/jackson-core-2.9.0.jar:/var/benchmarks/projects/fastjson/target/dependency/spring-expression-4.3.7.RELEASE.jar:/var/benchmarks/projects/fastjson/target/dependency/jersey-media-jaxb-2.23.2.jar:/var/benchmarks/projects/fastjson/target/dependency/okhttp-3.6.0.jar:/var/benchmarks/projects/fastjson/target/dependency/commons-math3-3.2.jar:/var/benchmarks/projects/fastjson/target/dependency/jetty-webapp-8.1.8.v20121106.jar:/var/benchmarks/projects/fastjson/target/dependency/javax.inject-2.5.0-b05.jar:/var/benchmarks/projects/fastjson/target/dependency/cxf-core-3.1.2.jar:/var/benchmarks/projects/fastjson/target/dependency/powermock-api-mockito-common-1.6.6.jar:/var/benchmarks/projects/fastjson/target/dependency/jetty-http-8.1.8.v20121106.jar:/var/benchmarks/projects/fastjson/target/dependency/spring-security-config-3.2.10.RELEASE.jar:/var/benchmarks/projects/fastjson/target/dependency/okio-1.11.0.jar:/var/benchmarks/projects/fastjson/target/dependency/javax.servlet-api-3.1.0.jar:/var/benchmarks/projects/fastjson/target/dependency/json-smart-2.2.1.jar:/var/benchmarks/projects/fastjson/target/dependency/spring-tx-4.3.10.RELEASE.jar:/var/benchmarks/projects/fastjson/target/dependency/jackson-module-afterburner-2.9.0.jar:/var/benchmarks/projects/fastjson/target/dependency/asm-util-4.0.jar:/var/benchmarks/projects/fastjson/target/dependency/spring-security-web-4.2.3.RELEASE.jar:/var/benchmarks/projects/fastjson/target/dependency/spring-webmvc-4.3.7.RELEASE.jar:/var/benchmarks/projects/fastjson/target/dependency/hk2-locator-2.5.0-b05.jar:/var/benchmarks/projects/fastjson/target/dependency/retrofit-2.1.0.jar:/var/benchmarks/projects/fastjson/target/dependency/clojure-1.5.1.jar:/var/benchmarks/projects/fastjson/target/dependency/spring-security-oauth2-2.3.3.RELEASE.jar:/var/benchmarks/projects/fastjson/target/dependency/spring-test-4.3.7.RELEASE.jar:/var/benchmarks/projects/fastjson/target/dependency/aopalliance-repackaged-2.5.0-b05.jar:/var/benchmarks/projects/fastjson/target/dependency/spring-oxm-4.3.10.RELEASE.jar:/var/benchmarks/projects/fastjson/target/dependency/spring-security-core-4.2.3.RELEASE.jar:/var/benchmarks/projects/fastjson/target/dependency/jboss-transaction-api_1.2_spec-1.0.1.Final.jar:/var/benchmarks/projects/fastjson/target/dependency/lombok-1.14.4.jar:/var/benchmarks/projects/fastjson/target/dependency/commons-collections-3.2.1.jar:/var/benchmarks/projects/fastjson/target/dependency/cxf-rt-frontend-jaxrs-3.1.2.jar:/var/benchmarks/projects/fastjson/target/dependency/spring-context-4.3.7.RELEASE.jar:/var/benchmarks/projects/fastjson/target/dependency/jersey-test-framework-core-2.23.2.jar:/var/benchmarks/projects/fastjson/target/dependency/classmate-1.3.1.jar:/var/benchmarks/projects/fastjson/target/dependency/hk2-utils-2.5.0-b05.jar:/var/benchmarks/projects/fastjson/target/dependency/jersey-common-2.23.2.jar:/var/benchmarks/projects/fastjson/target/dependency/jackson-databind-2.9.0.jar:/var/benchmarks/projects/fastjson/target/dependency/jersey-media-json-jackson-2.23.2.jar:/var/benchmarks/projects/fastjson/target/dependency/commons-lang-2.5.jar:/var/benchmarks/projects/fastjson/target/dependency/jetty-servlet-8.1.8.v20121106.jar:/var/benchmarks/projects/fastjson/target/dependency/validation-api-1.1.0.Final.jar:/var/benchmarks/projects/fastjson/target/dependency/spring-web-4.3.7.RELEASE.jar:/var/benchmarks/projects/fastjson/target/dependency/jsoniter-0.9.8.jar:/var/benchmarks/projects/fastjson/target/dependency/jboss-logging-3.3.0.Final.jar, outputDir=/home/utbot_mocks/temp/testcases, mocks=Other classes: Mockito
01:34:07.706 | INFO  | Started: warmup: kotlin reflection :: init
01:34:07.785 | INFO  | Finished (in 0.079 sec): warmup: kotlin reflection :: init 
[INIT]
>> [RUN] com.alibaba.fastjson.JSONReader 120
01:34:07.801 | DEBUG | -----------------------------------------------------------------------------
01:34:07.802 | INFO  | Contest.runGeneration: Time budget: 120000 ms, Generation timeout=102000 ms, classpath=/var/benchmarks/projects/fastjson/target/classes:/var/benchmarks/projects/fastjson/target/fastjson-1.2.50-SNAPSHOT.jar:/var/benchmarks/projects/./fastjson/target/dependency/deeptestutils-1.1.0.jar:/var/benchmarks/projects/fastjson/target/dependency/commons-beanutils-1.8.0.jar:/var/benchmarks/projects/fastjson/target/dependency/woodstox-core-asl-4.4.1.jar:/var/benchmarks/projects/fastjson/target/dependency/spring-aop-4.3.7.RELEASE.jar:/var/benchmarks/projects/fastjson/target/dependency/hibernate-core-5.2.10.Final.jar:/var/benchmarks/projects/fastjson/target/dependency/jackson-module-kotlin-2.9.0.jar:/var/benchmarks/projects/fastjson/target/dependency/spring-data-commons-1.13.6.RELEASE.jar:/var/benchmarks/projects/fastjson/target/dependency/javax.annotation-api-1.2.jar:/var/benchmarks/projects/fastjson/target/dependency/gson-2.6.2.jar:/var/benchmarks/projects/fastjson/target/dependency/jetty-continuation-8.1.8.v20121106.jar:/var/benchmarks/projects/fastjson/target/dependency/objenesis-2.5.1.jar:/var/benchmarks/projects/fastjson/target/dependency/powermock-reflect-1.6.6.jar:/var/benchmarks/projects/fastjson/target/dependency/springfox-spring-web-2.6.1.jar:/var/benchmarks/projects/fastjson/target/dependency/javaslang-2.0.6.jar:/var/benchmarks/projects/fastjson/target/dependency/guava-18.0.jar:/var/benchmarks/projects/fastjson/target/dependency/mockito-core-1.10.19.jar:/var/benchmarks/projects/fastjson/target/dependency/json-lib-2.4-jdk15.jar:/var/benchmarks/projects/fastjson/target/dependency/jetty-xml-8.1.8.v20121106.jar:/var/benchmarks/projects/fastjson/target/dependency/xmlschema-core-2.2.1.jar:/var/benchmarks/projects/fastjson/target/dependency/powermock-api-support-1.6.6.jar:/var/benchmarks/projects/fastjson/target/dependency/commons-collections4-4.1.jar:/var/benchmarks/projects/fastjson/target/dependency/cglib-nodep-2.2.2.jar:/var/benchmarks/projects/fastjson/target/dependency/asm-debug-all-5.0.4.jar:/var/benchmarks/projects/fastjson/target/dependency/spring-plugin-core-1.2.0.RELEASE.jar:/var/benchmarks/projects/fastjson/target/dependency/cxf-rt-rs-client-3.1.2.jar:/var/benchmarks/projects/fastjson/target/dependency/jetty-io-8.1.8.v20121106.jar:/var/benchmarks/projects/fastjson/target/dependency/commons-lang3-3.4.jar:/var/benchmarks/projects/fastjson/target/dependency/stax2-api-3.1.4.jar:/var/benchmarks/projects/fastjson/target/dependency/jackson-annotations-2.9.0.jar:/var/benchmarks/projects/fastjson/target/dependency/jetty-server-8.1.8.v20121106.jar:/var/benchmarks/projects/fastjson/target/dependency/json-simple-1.1.1.jar:/var/benchmarks/projects/fastjson/target/dependency/asm-tree-4.0.jar:/var/benchmarks/projects/fastjson/target/dependency/spring-data-commons-core-1.4.1.RELEASE.jar:/var/benchmarks/projects/fastjson/target/dependency/powermock-module-junit4-common-1.6.6.jar:/var/benchmarks/projects/fastjson/target/dependency/jcl-over-slf4j-1.7.25.jar:/var/benchmarks/projects/fastjson/target/dependency/javax.servlet-3.0.0.v201112011016.jar:/var/benchmarks/projects/fastjson/target/dependency/springfox-core-2.6.1.jar:/var/benchmarks/projects/fastjson/target/dependency/osgi-resource-locator-1.0.1.jar:/var/benchmarks/projects/fastjson/target/dependency/javassist-3.18.0-GA.jar:/var/benchmarks/projects/fastjson/target/dependency/kotlin-reflect-1.1.3-2.jar:/var/benchmarks/projects/fastjson/target/dependency/spring-context-support-4.3.10.RELEASE.jar:/var/benchmarks/projects/fastjson/target/dependency/spring-plugin-metadata-1.2.0.RELEASE.jar:/var/benchmarks/projects/fastjson/target/dependency/kotlin-stdlib-1.1.3-2.jar:/var/benchmarks/projects/fastjson/target/dependency/spring-data-keyvalue-1.2.6.RELEASE.jar:/var/benchmarks/projects/fastjson/target/dependency/jersey-container-servlet-core-2.23.2.jar:/var/benchmarks/projects/fastjson/target/dependency/asm-4.0.jar:/var/benchmarks/projects/fastjson/target/dependency/asm-commons-4.0.jar:/var/benchmarks/projects/fastjson/target/dependency/jersey-guava-2.23.2.jar:/var/benchmarks/projects/fastjson/target/dependency/aopalliance-1.0.jar:/var/benchmarks/projects/fastjson/target/dependency/groovy-2.1.5.jar:/var/benchmarks/projects/fastjson/target/dependency/hk2-api-2.5.0-b05.jar:/var/benchmarks/projects/fastjson/target/dependency/jetty-security-8.1.8.v20121106.jar:/var/benchmarks/projects/fastjson/target/dependency/jmh-core-1.21.jar:/var/benchmarks/projects/fastjson/target/dependency/jersey-container-servlet-2.23.2.jar:/var/benchmarks/projects/fastjson/target/dependency/dom4j-1.6.1.jar:/var/benchmarks/projects/fastjson/target/dependency/spring-core-4.3.7.RELEASE.jar:/var/benchmarks/projects/fastjson/target/dependency/spring-data-redis-1.8.6.RELEASE.jar:/var/benchmarks/projects/fastjson/target/dependency/jackson-core-asl-1.9.13.jar:/var/benchmarks/projects/fastjson/target/dependency/jackson-mapper-asl-1.9.13.jar:/var/benchmarks/projects/fastjson/target/dependency/hibernate-jpa-2.1-api-1.0.0.Final.jar:/var/benchmarks/projects/fastjson/target/dependency/junit-4.12.jar:/var/benchmarks/projects/fastjson/target/dependency/commons-io-1.4.jar:/var/benchmarks/projects/fastjson/target/dependency/jetty-util-8.1.8.v20121106.jar:/var/benchmarks/projects/fastjson/target/dependency/hamcrest-core-1.3.jar:/var/benchmarks/projects/fastjson/target/dependency/jmh-generator-annprocess-1.21.jar:/var/benchmarks/projects/fastjson/target/dependency/jackson-jaxrs-base-2.8.7.jar:/var/benchmarks/projects/fastjson/target/dependency/powermock-module-junit4-1.6.6.jar:/var/benchmarks/projects/fastjson/target/dependency/powermock-core-1.6.6.jar:/var/benchmarks/projects/fastjson/target/dependency/slf4j-api-1.7.25.jar:/var/benchmarks/projects/fastjson/target/dependency/antlr-2.7.7.jar:/var/benchmarks/projects/fastjson/target/dependency/mockito-all-1.10.19.jar:/var/benchmarks/projects/fastjson/target/dependency/jersey-container-jdk-http-2.23.2.jar:/var/benchmarks/projects/fastjson/target/dependency/javaslang-match-2.0.6.jar:/var/benchmarks/projects/fastjson/target/dependency/jersey-test-framework-provider-jdk-http-2.23.2.jar:/var/benchmarks/projects/fastjson/target/dependency/jersey-entity-filtering-2.23.2.jar:/var/benchmarks/projects/fastjson/target/dependency/jandex-2.0.3.Final.jar:/var/benchmarks/projects/fastjson/target/dependency/ezmorph-1.0.6.jar:/var/benchmarks/projects/fastjson/target/dependency/jackson-jaxrs-json-provider-2.8.7.jar:/var/benchmarks/projects/fastjson/target/dependency/cxf-rt-transports-http-3.1.2.jar:/var/benchmarks/projects/fastjson/target/dependency/spring-beans-4.3.7.RELEASE.jar:/var/benchmarks/projects/fastjson/target/dependency/jersey-server-2.23.2.jar:/var/benchmarks/projects/fastjson/target/dependency/powermock-api-mockito-1.6.6.jar:/var/benchmarks/projects/fastjson/target/dependency/jackson-module-jaxb-annotations-2.8.7.jar:/var/benchmarks/projects/fastjson/target/dependency/jopt-simple-4.6.jar:/var/benchmarks/projects/fastjson/target/dependency/asm-analysis-4.0.jar:/var/benchmarks/projects/fastjson/target/dependency/annotations-13.0.jar:/var/benchmarks/projects/fastjson/target/dependency/json-path-2.3.0.jar:/var/benchmarks/projects/fastjson/target/dependency/springfox-spi-2.6.1.jar:/var/benchmarks/projects/fastjson/target/dependency/spring-websocket-4.3.7.RELEASE.jar:/var/benchmarks/projects/fastjson/target/dependency/spring-messaging-4.3.7.RELEASE.jar:/var/benchmarks/projects/fastjson/target/dependency/jersey-client-2.23.2.jar:/var/benchmarks/projects/fastjson/target/dependency/javax.ws.rs-api-2.0.1.jar:/var/benchmarks/projects/fastjson/target/dependency/accessors-smart-1.1.jar:/var/benchmarks/projects/fastjson/target/dependency/hibernate-commons-annotations-5.0.1.Final.jar:/var/benchmarks/projects/fastjson/target/dependency/commons-logging-1.1.1.jar:/var/benchmarks/projects/fastjson/target/dependency/jackson-core-2.9.0.jar:/var/benchmarks/projects/fastjson/target/dependency/spring-expression-4.3.7.RELEASE.jar:/var/benchmarks/projects/fastjson/target/dependency/jersey-media-jaxb-2.23.2.jar:/var/benchmarks/projects/fastjson/target/dependency/okhttp-3.6.0.jar:/var/benchmarks/projects/fastjson/target/dependency/commons-math3-3.2.jar:/var/benchmarks/projects/fastjson/target/dependency/jetty-webapp-8.1.8.v20121106.jar:/var/benchmarks/projects/fastjson/target/dependency/javax.inject-2.5.0-b05.jar:/var/benchmarks/projects/fastjson/target/dependency/cxf-core-3.1.2.jar:/var/benchmarks/projects/fastjson/target/dependency/powermock-api-mockito-common-1.6.6.jar:/var/benchmarks/projects/fastjson/target/dependency/jetty-http-8.1.8.v20121106.jar:/var/benchmarks/projects/fastjson/target/dependency/spring-security-config-3.2.10.RELEASE.jar:/var/benchmarks/projects/fastjson/target/dependency/okio-1.11.0.jar:/var/benchmarks/projects/fastjson/target/dependency/javax.servlet-api-3.1.0.jar:/var/benchmarks/projects/fastjson/target/dependency/json-smart-2.2.1.jar:/var/benchmarks/projects/fastjson/target/dependency/spring-tx-4.3.10.RELEASE.jar:/var/benchmarks/projects/fastjson/target/dependency/jackson-module-afterburner-2.9.0.jar:/var/benchmarks/projects/fastjson/target/dependency/asm-util-4.0.jar:/var/benchmarks/projects/fastjson/target/dependency/spring-security-web-4.2.3.RELEASE.jar:/var/benchmarks/projects/fastjson/target/dependency/spring-webmvc-4.3.7.RELEASE.jar:/var/benchmarks/projects/fastjson/target/dependency/hk2-locator-2.5.0-b05.jar:/var/benchmarks/projects/fastjson/target/dependency/retrofit-2.1.0.jar:/var/benchmarks/projects/fastjson/target/dependency/clojure-1.5.1.jar:/var/benchmarks/projects/fastjson/target/dependency/spring-security-oauth2-2.3.3.RELEASE.jar:/var/benchmarks/projects/fastjson/target/dependency/spring-test-4.3.7.RELEASE.jar:/var/benchmarks/projects/fastjson/target/dependency/aopalliance-repackaged-2.5.0-b05.jar:/var/benchmarks/projects/fastjson/target/dependency/spring-oxm-4.3.10.RELEASE.jar:/var/benchmarks/projects/fastjson/target/dependency/spring-security-core-4.2.3.RELEASE.jar:/var/benchmarks/projects/fastjson/target/dependency/jboss-transaction-api_1.2_spec-1.0.1.Final.jar:/var/benchmarks/projects/fastjson/target/dependency/lombok-1.14.4.jar:/var/benchmarks/projects/fastjson/target/dependency/commons-collections-3.2.1.jar:/var/benchmarks/projects/fastjson/target/dependency/cxf-rt-frontend-jaxrs-3.1.2.jar:/var/benchmarks/projects/fastjson/target/dependency/spring-context-4.3.7.RELEASE.jar:/var/benchmarks/projects/fastjson/target/dependency/jersey-test-framework-core-2.23.2.jar:/var/benchmarks/projects/fastjson/target/dependency/classmate-1.3.1.jar:/var/benchmarks/projects/fastjson/target/dependency/hk2-utils-2.5.0-b05.jar:/var/benchmarks/projects/fastjson/target/dependency/jersey-common-2.23.2.jar:/var/benchmarks/projects/fastjson/target/dependency/jackson-databind-2.9.0.jar:/var/benchmarks/projects/fastjson/target/dependency/jersey-media-json-jackson-2.23.2.jar:/var/benchmarks/projects/fastjson/target/dependency/commons-lang-2.5.jar:/var/benchmarks/projects/fastjson/target/dependency/jetty-servlet-8.1.8.v20121106.jar:/var/benchmarks/projects/fastjson/target/dependency/validation-api-1.1.0.Final.jar:/var/benchmarks/projects/fastjson/target/dependency/spring-web-4.3.7.RELEASE.jar:/var/benchmarks/projects/fastjson/target/dependency/jsoniter-0.9.8.jar:/var/benchmarks/projects/fastjson/target/dependency/jboss-logging-3.3.0.Final.jar, methodNameFilter=null
01:34:07.807 | INFO  | ClassUnderTest[ FQN: com.alibaba.fastjson.JSONReader
    classfileDir: /var/benchmarks/projects/fastjson/target/classes
    testClassSimpleName: JSONReaderTest
    generatedTestFile: /home/utbot_mocks/temp/testcases/com/alibaba/fastjson/JSONReaderTest.java
    generatedTestsSourcesDir: /home/utbot_mocks/temp/testcases
]
01:34:07.840 | INFO  | Started: class com.alibaba.fastjson.JSONReader
01:34:07.841 | INFO  | Started: preparation class class com.alibaba.fastjson.JSONReader: kotlin reflection :: run
01:34:07.897 | INFO  | Finished (in 0.055 sec): preparation class class com.alibaba.fastjson.JSONReader: kotlin reflection :: run 
01:34:07.898 | INFO  | Started: 2nd optional soot initialization
01:34:07.900 | INFO  | Finished (in 0.001 sec): 2nd optional soot initialization 
01:34:07.910 | DEBUG |  ... 
01:34:07.921 | INFO  | Started: method com.alibaba.fastjson.JSONReader.close()
01:34:07.922 | INFO  |  -- Remaining time budget: 101892 ms, #remaining_methods: 29, budget for method: 3513 ms, solver timeout: 1000 ms, budget for symbolic execution: 2313 ms, budget for concrete execution: 1200 ms,  -- 
01:34:08.288 | DEBUG | --new testCase collected, to generate: testCom.alibaba.fastjson.JSONReader.close()1
01:34:08.513 | DEBUG | --new testCase collected, to generate: testCom.alibaba.fastjson.JSONReader.close()2
01:34:08.514 | INFO  | Finished (in 0.593 sec): method com.alibaba.fastjson.JSONReader.close() 
<StatsForMethod> :
	#generatedTC=2
	WITH NO EXCEPTIONS
01:34:08.515 | DEBUG |  ... 
01:34:08.516 | INFO  | Started: method com.alibaba.fastjson.JSONReader.readString()
01:34:08.516 | INFO  |  -- Remaining time budget: 101291 ms, #remaining_methods: 28, budget for method: 3617 ms, solver timeout: 1000 ms, budget for symbolic execution: 2417 ms, budget for concrete execution: 1200 ms,  -- 
01:34:08.524 | DEBUG | --new testCase collected, to generate: testCom.alibaba.fastjson.JSONReader.readString()1
01:34:08.890 | DEBUG | --new testCase collected, to generate: testCom.alibaba.fastjson.JSONReader.readString()2
01:34:10.189 | DEBUG | --new testCase collected, to generate: testCom.alibaba.fastjson.JSONReader.readString()3
01:34:10.221 | DEBUG | --new testCase collected, to generate: testCom.alibaba.fastjson.JSONReader.readString()4
01:34:10.371 | DEBUG | --new testCase collected, to generate: testCom.alibaba.fastjson.JSONReader.readString()5
01:34:10.466 | DEBUG | --new testCase collected, to generate: testCom.alibaba.fastjson.JSONReader.readString()6
01:34:10.616 | DEBUG | --new testCase collected, to generate: testCom.alibaba.fastjson.JSONReader.readString()7
01:34:10.761 | DEBUG | --new testCase collected, to generate: testCom.alibaba.fastjson.JSONReader.readString()8
01:34:10.903 | DEBUG | --new testCase collected, to generate: testCom.alibaba.fastjson.JSONReader.readString()9
01:34:10.904 | INFO  | Finished (in 2.388 sec): method com.alibaba.fastjson.JSONReader.readString() 
<StatsForMethod> :
	#generatedTC=9
	WITH NO EXCEPTIONS
01:34:10.932 | DEBUG |  ... 
01:34:10.933 | INFO  | Started: method com.alibaba.fastjson.JSONReader.setLocale(Locale)
01:34:10.933 | INFO  |  -- Remaining time budget: 98873 ms, #remaining_methods: 27, budget for method: 3661 ms, solver timeout: 1000 ms, budget for symbolic execution: 2461 ms, budget for concrete execution: 1200 ms,  -- 
01:34:10.950 | DEBUG | --new testCase collected, to generate: testCom.alibaba.fastjson.JSONReader.setLocale(Locale)1
01:34:10.985 | DEBUG | --new testCase collected, to generate: testCom.alibaba.fastjson.JSONReader.setLocale(Locale)2
01:34:10.986 | INFO  | Finished (in 0.052 sec): method com.alibaba.fastjson.JSONReader.setLocale(Locale) 
<StatsForMethod> :
	#generatedTC=2
	WITH NO EXCEPTIONS
01:34:10.987 | DEBUG |  ... 
01:34:10.987 | INFO  | Started: method com.alibaba.fastjson.JSONReader.readLong()
01:34:10.987 | INFO  |  -- Remaining time budget: 98819 ms, #remaining_methods: 26, budget for method: 3800 ms, solver timeout: 1000 ms, budget for symbolic execution: 2600 ms, budget for concrete execution: 1200 ms,  -- 
01:34:10.996 | DEBUG | --new testCase collected, to generate: testCom.alibaba.fastjson.JSONReader.readLong()1
01:34:11.227 | DEBUG | --new testCase collected, to generate: testCom.alibaba.fastjson.JSONReader.readLong()2
01:34:11.791 | DEBUG | --new testCase collected, to generate: testCom.alibaba.fastjson.JSONReader.readLong()3
01:34:11.869 | DEBUG | --new testCase collected, to generate: testCom.alibaba.fastjson.JSONReader.readLong()4
01:34:12.229 | DEBUG | --new testCase collected, to generate: testCom.alibaba.fastjson.JSONReader.readLong()5
01:34:12.369 | DEBUG | --new testCase collected, to generate: testCom.alibaba.fastjson.JSONReader.readLong()6
01:34:12.505 | DEBUG | --new testCase collected, to generate: testCom.alibaba.fastjson.JSONReader.readLong()7
01:34:12.640 | DEBUG | --new testCase collected, to generate: testCom.alibaba.fastjson.JSONReader.readLong()8
01:34:12.640 | INFO  | Finished (in 1.653 sec): method com.alibaba.fastjson.JSONReader.readLong() 
<StatsForMethod> :
	#generatedTC=8
	WITH NO EXCEPTIONS
01:34:12.681 | DEBUG |  ... 
01:34:12.681 | INFO  | Started: method com.alibaba.fastjson.JSONReader.config(Feature, boolean)
01:34:12.681 | INFO  |  -- Remaining time budget: 97125 ms, #remaining_methods: 25, budget for method: 3885 ms, solver timeout: 1000 ms, budget for symbolic execution: 2685 ms, budget for concrete execution: 1200 ms,  -- 
01:34:12.695 | ERROR | Symbolic execution FAILED
com.huawei.utbot.instrumentation.util.ChildProcessError: Error in the child process |> java.lang.IllegalAccessException: Class com.huawei.utbot.framework.concrete.MockValueConstructor can not access a member of class com.alibaba.fastjson.parser.Feature with modifiers "private"
	at sun.reflect.Reflection.ensureMemberAccess(Reflection.java:102)
	at java.lang.reflect.AccessibleObject.slowCheckMemberAccess(AccessibleObject.java:296)
	at java.lang.reflect.AccessibleObject.checkAccess(AccessibleObject.java:288)
	at java.lang.reflect.Constructor.newInstance(Constructor.java:413)
	at com.huawei.utbot.framework.concrete.MockValueConstructor.call(MockValueConstructor.kt:414)
	at com.huawei.utbot.framework.concrete.MockValueConstructor.updateWithExecutableCallModel(MockValueConstructor.kt:353)
	at com.huawei.utbot.framework.concrete.MockValueConstructor.constructFromAssembleModel(MockValueConstructor.kt:332)
	at com.huawei.utbot.framework.concrete.MockValueConstructor.construct(MockValueConstructor.kt:126)
	at com.huawei.utbot.framework.concrete.MockValueConstructor.constructMethodParameters(MockValueConstructor.kt:101)
	at com.huawei.utbot.framework.concrete.UtExecutionInstrumentation.invoke(UtExecutionInstrumentation.kt:126)
	at com.huawei.utbot.framework.concrete.UtExecutionInstrumentation.invoke(UtExecutionInstrumentation.kt:96)
	at com.huawei.utbot.instrumentation.process.ChildProcessKt.loop(ChildProcess.kt:114)
	at com.huawei.utbot.instrumentation.process.ChildProcessKt.main(ChildProcess.kt:76)
	at com.huawei.utbot.instrumentation.process.ChildProcessKt.main(ChildProcess.kt)

	at com.huawei.utbot.instrumentation.ConcreteExecutor.executeAsync(ConcreteExecutor.kt:391) ~[utbot-junit-contest-1.0.jar:?]
	at com.huawei.utbot.instrumentation.ConcreteExecutor$executeAsync$1.invokeSuspend(ConcreteExecutor.kt) ~[utbot-junit-contest-1.0.jar:?]
	at kotlin.coroutines.jvm.internal.BaseContinuationImpl.resumeWith(ContinuationImpl.kt:33) [utbot-junit-contest-1.0.jar:?]
	at kotlinx.coroutines.DispatchedTask.run(DispatchedTask.kt:106) [utbot-junit-contest-1.0.jar:?]
	at java.util.concurrent.Executors$RunnableAdapter.call(Executors.java:511) [?:1.8.0_312]
	at java.util.concurrent.FutureTask.run(FutureTask.java:266) [?:1.8.0_312]
	at java.util.concurrent.ScheduledThreadPoolExecutor$ScheduledFutureTask.access$201(ScheduledThreadPoolExecutor.java:180) [?:1.8.0_312]
	at java.util.concurrent.ScheduledThreadPoolExecutor$ScheduledFutureTask.run(ScheduledThreadPoolExecutor.java:293) [?:1.8.0_312]
	at java.util.concurrent.ThreadPoolExecutor.runWorker(ThreadPoolExecutor.java:1149) [?:1.8.0_312]
	at java.util.concurrent.ThreadPoolExecutor$Worker.run(ThreadPoolExecutor.java:624) [?:1.8.0_312]
	at java.lang.Thread.run(Thread.java:748) [?:1.8.0_312]
01:34:12.732 | DEBUG | --new testCase collected, to generate: testCom.alibaba.fastjson.JSONReader.config(Feature, boolean)1
01:34:12.732 | INFO  | Finished (in 0.051 sec): method com.alibaba.fastjson.JSONReader.config(Feature, boolean) 
<StatsForMethod> :
	#generatedTC=1
	FAILED 1 time(s) with 1 different exception(s)"
01:34:12.733 | DEBUG |  ... 
01:34:12.733 | INFO  | Started: method com.alibaba.fastjson.JSONReader.startArray()
01:34:12.733 | INFO  |  -- Remaining time budget: 97073 ms, #remaining_methods: 24, budget for method: 4044 ms, solver timeout: 1000 ms, budget for symbolic execution: 2844 ms, budget for concrete execution: 1200 ms,  -- 
01:34:12.742 | DEBUG | --new testCase collected, to generate: testCom.alibaba.fastjson.JSONReader.startArray()1
01:34:12.956 | DEBUG | --new testCase collected, to generate: testCom.alibaba.fastjson.JSONReader.startArray()2
01:34:13.188 | DEBUG | --new testCase collected, to generate: testCom.alibaba.fastjson.JSONReader.startArray()3
01:34:13.197 | DEBUG | --new testCase collected, to generate: testCom.alibaba.fastjson.JSONReader.startArray()4
01:34:13.203 | DEBUG | --new testCase collected, to generate: testCom.alibaba.fastjson.JSONReader.startArray()5
01:34:13.266 | DEBUG | --new testCase collected, to generate: testCom.alibaba.fastjson.JSONReader.startArray()6
01:34:13.274 | DEBUG | --new testCase collected, to generate: testCom.alibaba.fastjson.JSONReader.startArray()7
01:34:13.275 | INFO  | Finished (in 0.541 sec): method com.alibaba.fastjson.JSONReader.startArray() 
<StatsForMethod> :
	#generatedTC=7
	WITH NO EXCEPTIONS
01:34:13.320 | DEBUG |  ... 
01:34:13.321 | INFO  | Started: method com.alibaba.fastjson.JSONReader.setTimzeZone(TimeZone)
01:34:13.321 | INFO  |  -- Remaining time budget: 96485 ms, #remaining_methods: 23, budget for method: 4195 ms, solver timeout: 1000 ms, budget for symbolic execution: 2995 ms, budget for concrete execution: 1200 ms,  -- 
01:34:13.334 | DEBUG | --new testCase collected, to generate: testCom.alibaba.fastjson.JSONReader.setTimzeZone(TimeZone)1
01:34:13.367 | DEBUG | --new testCase collected, to generate: testCom.alibaba.fastjson.JSONReader.setTimzeZone(TimeZone)2
01:34:13.367 | INFO  | Finished (in 0.046 sec): method com.alibaba.fastjson.JSONReader.setTimzeZone(TimeZone) 
<StatsForMethod> :
	#generatedTC=2
	WITH NO EXCEPTIONS
01:34:13.369 | DEBUG |  ... 
01:34:13.369 | INFO  | Started: method com.alibaba.fastjson.JSONReader.startObject()
01:34:13.369 | INFO  |  -- Remaining time budget: 96437 ms, #remaining_methods: 22, budget for method: 4383 ms, solver timeout: 1000 ms, budget for symbolic execution: 3183 ms, budget for concrete execution: 1200 ms,  -- 
01:34:13.379 | DEBUG | --new testCase collected, to generate: testCom.alibaba.fastjson.JSONReader.startObject()1
01:34:13.587 | DEBUG | --new testCase collected, to generate: testCom.alibaba.fastjson.JSONReader.startObject()2
01:34:13.774 | DEBUG | --new testCase collected, to generate: testCom.alibaba.fastjson.JSONReader.startObject()3
01:34:13.782 | DEBUG | --new testCase collected, to generate: testCom.alibaba.fastjson.JSONReader.startObject()4
01:34:13.788 | DEBUG | --new testCase collected, to generate: testCom.alibaba.fastjson.JSONReader.startObject()5
01:34:13.846 | DEBUG | --new testCase collected, to generate: testCom.alibaba.fastjson.JSONReader.startObject()6
01:34:13.852 | DEBUG | --new testCase collected, to generate: testCom.alibaba.fastjson.JSONReader.startObject()7
01:34:13.852 | INFO  | Finished (in 0.483 sec): method com.alibaba.fastjson.JSONReader.startObject() 
<StatsForMethod> :
	#generatedTC=7
	WITH NO EXCEPTIONS
01:34:13.893 | DEBUG |  ... 
01:34:13.893 | INFO  | Started: method com.alibaba.fastjson.JSONReader.endObject()
01:34:13.894 | INFO  |  -- Remaining time budget: 95913 ms, #remaining_methods: 21, budget for method: 4567 ms, solver timeout: 1000 ms, budget for symbolic execution: 3367 ms, budget for concrete execution: 1200 ms,  -- 
01:34:13.900 | DEBUG | --new testCase collected, to generate: testCom.alibaba.fastjson.JSONReader.endObject()1
01:34:14.020 | DEBUG | --new testCase collected, to generate: testCom.alibaba.fastjson.JSONReader.endObject()2
01:34:14.024 | DEBUG | --new testCase collected, to generate: testCom.alibaba.fastjson.JSONReader.endObject()3
01:34:14.027 | DEBUG | --new testCase collected, to generate: testCom.alibaba.fastjson.JSONReader.endObject()4
01:34:14.030 | DEBUG | --new testCase collected, to generate: testCom.alibaba.fastjson.JSONReader.endObject()5
01:34:14.033 | DEBUG | --new testCase collected, to generate: testCom.alibaba.fastjson.JSONReader.endObject()6
01:34:14.035 | DEBUG | --new testCase collected, to generate: testCom.alibaba.fastjson.JSONReader.endObject()7
01:34:14.035 | INFO  | Finished (in 0.142 sec): method com.alibaba.fastjson.JSONReader.endObject() 
<StatsForMethod> :
	#generatedTC=7
	WITH NO EXCEPTIONS
01:34:14.049 | DEBUG |  ... 
01:34:14.049 | INFO  | Started: method com.alibaba.fastjson.JSONReader.endStructure()
01:34:14.049 | INFO  |  -- Remaining time budget: 95757 ms, #remaining_methods: 20, budget for method: 4787 ms, solver timeout: 1000 ms, budget for symbolic execution: 3587 ms, budget for concrete execution: 1200 ms,  -- 
01:34:14.056 | DEBUG | --new testCase collected, to generate: testCom.alibaba.fastjson.JSONReader.endStructure()1
01:34:14.082 | DEBUG | --new testCase collected, to generate: testCom.alibaba.fastjson.JSONReader.endStructure()2
01:34:14.152 | DEBUG | --new testCase collected, to generate: testCom.alibaba.fastjson.JSONReader.endStructure()3
01:34:14.155 | DEBUG | --new testCase collected, to generate: testCom.alibaba.fastjson.JSONReader.endStructure()4
01:34:14.159 | DEBUG | --new testCase collected, to generate: testCom.alibaba.fastjson.JSONReader.endStructure()5
01:34:14.165 | DEBUG | --new testCase collected, to generate: testCom.alibaba.fastjson.JSONReader.endStructure()6
01:34:14.170 | DEBUG | --new testCase collected, to generate: testCom.alibaba.fastjson.JSONReader.endStructure()7
01:34:14.171 | INFO  | Finished (in 0.121 sec): method com.alibaba.fastjson.JSONReader.endStructure() 
<StatsForMethod> :
	#generatedTC=7
	WITH NO EXCEPTIONS
01:34:14.172 | DEBUG |  ... 
01:34:14.172 | INFO  | Started: method com.alibaba.fastjson.JSONReader.readInteger()
01:34:14.172 | INFO  |  -- Remaining time budget: 95634 ms, #remaining_methods: 19, budget for method: 5033 ms, solver timeout: 1000 ms, budget for symbolic execution: 3833 ms, budget for concrete execution: 1200 ms,  -- 
01:34:14.178 | DEBUG | --new testCase collected, to generate: testCom.alibaba.fastjson.JSONReader.readInteger()1
01:34:14.404 | DEBUG | --new testCase collected, to generate: testCom.alibaba.fastjson.JSONReader.readInteger()2
01:34:14.941 | DEBUG | --new testCase collected, to generate: testCom.alibaba.fastjson.JSONReader.readInteger()3
01:34:14.998 | DEBUG | --new testCase collected, to generate: testCom.alibaba.fastjson.JSONReader.readInteger()4
01:34:15.331 | DEBUG | --new testCase collected, to generate: testCom.alibaba.fastjson.JSONReader.readInteger()5
01:34:15.466 | DEBUG | --new testCase collected, to generate: testCom.alibaba.fastjson.JSONReader.readInteger()6
01:34:15.602 | DEBUG | --new testCase collected, to generate: testCom.alibaba.fastjson.JSONReader.readInteger()7
01:34:15.736 | DEBUG | --new testCase collected, to generate: testCom.alibaba.fastjson.JSONReader.readInteger()8
01:34:15.736 | INFO  | Finished (in 1.564 sec): method com.alibaba.fastjson.JSONReader.readInteger() 
<StatsForMethod> :
	#generatedTC=8
	WITH NO EXCEPTIONS
01:34:15.775 | DEBUG |  ... 
01:34:15.775 | INFO  | Started: method com.alibaba.fastjson.JSONReader.readBefore()
01:34:15.776 | INFO  |  -- Remaining time budget: 94031 ms, #remaining_methods: 18, budget for method: 5223 ms, solver timeout: 1000 ms, budget for symbolic execution: 4023 ms, budget for concrete execution: 1200 ms,  -- 
01:34:15.784 | DEBUG | --new testCase collected, to generate: testCom.alibaba.fastjson.JSONReader.readBefore()1
01:34:15.812 | DEBUG | --new testCase collected, to generate: testCom.alibaba.fastjson.JSONReader.readBefore()2
01:34:15.881 | DEBUG | --new testCase collected, to generate: testCom.alibaba.fastjson.JSONReader.readBefore()3
01:34:15.900 | DEBUG | --new testCase collected, to generate: testCom.alibaba.fastjson.JSONReader.readBefore()4
01:34:15.906 | DEBUG | --new testCase collected, to generate: testCom.alibaba.fastjson.JSONReader.readBefore()5
01:34:15.913 | DEBUG | --new testCase collected, to generate: testCom.alibaba.fastjson.JSONReader.readBefore()6
01:34:15.937 | DEBUG | --new testCase collected, to generate: testCom.alibaba.fastjson.JSONReader.readBefore()7
01:34:15.944 | DEBUG | --new testCase collected, to generate: testCom.alibaba.fastjson.JSONReader.readBefore()8
01:34:15.944 | INFO  | Finished (in 0.168 sec): method com.alibaba.fastjson.JSONReader.readBefore() 
<StatsForMethod> :
	#generatedTC=8
	WITH NO EXCEPTIONS
01:34:15.945 | DEBUG |  ... 
01:34:15.946 | INFO  | Started: method com.alibaba.fastjson.JSONReader.readAfter()
01:34:15.946 | INFO  |  -- Remaining time budget: 93861 ms, #remaining_methods: 17, budget for method: 5521 ms, solver timeout: 1000 ms, budget for symbolic execution: 4321 ms, budget for concrete execution: 1200 ms,  -- 
01:34:15.951 | DEBUG | --new testCase collected, to generate: testCom.alibaba.fastjson.JSONReader.readAfter()1
01:34:15.977 | DEBUG | --new testCase collected, to generate: testCom.alibaba.fastjson.JSONReader.readAfter()2
01:34:16.055 | DEBUG | --new testCase collected, to generate: testCom.alibaba.fastjson.JSONReader.readAfter()3
01:34:16.065 | DEBUG | --new testCase collected, to generate: testCom.alibaba.fastjson.JSONReader.readAfter()4
01:34:16.086 | DEBUG | --new testCase collected, to generate: testCom.alibaba.fastjson.JSONReader.readAfter()5
01:34:16.090 | DEBUG | --new testCase collected, to generate: testCom.alibaba.fastjson.JSONReader.readAfter()6
01:34:16.097 | DEBUG | --new testCase collected, to generate: testCom.alibaba.fastjson.JSONReader.readAfter()7
01:34:16.101 | DEBUG | --new testCase collected, to generate: testCom.alibaba.fastjson.JSONReader.readAfter()8
01:34:16.102 | INFO  | Finished (in 0.156 sec): method com.alibaba.fastjson.JSONReader.readAfter() 
<StatsForMethod> :
	#generatedTC=8
	WITH NO EXCEPTIONS
01:34:16.103 | DEBUG |  ... 
01:34:16.104 | INFO  | Started: method com.alibaba.fastjson.JSONReader.getLocal()
01:34:16.104 | INFO  |  -- Remaining time budget: 93703 ms, #remaining_methods: 16, budget for method: 5856 ms, solver timeout: 1000 ms, budget for symbolic execution: 4656 ms, budget for concrete execution: 1200 ms,  -- 
01:34:16.108 | DEBUG | --new testCase collected, to generate: testCom.alibaba.fastjson.JSONReader.getLocal()1
01:34:16.137 | DEBUG | --new testCase collected, to generate: testCom.alibaba.fastjson.JSONReader.getLocal()2
01:34:16.138 | INFO  | Finished (in 0.034 sec): method com.alibaba.fastjson.JSONReader.getLocal() 
<StatsForMethod> :
	#generatedTC=2
	WITH NO EXCEPTIONS
01:34:16.138 | DEBUG |  ... 
01:34:16.139 | INFO  | Started: method com.alibaba.fastjson.JSONReader.endArray()
01:34:16.139 | INFO  |  -- Remaining time budget: 93667 ms, #remaining_methods: 15, budget for method: 6244 ms, solver timeout: 1000 ms, budget for symbolic execution: 5044 ms, budget for concrete execution: 1200 ms,  -- 
01:34:16.145 | DEBUG | --new testCase collected, to generate: testCom.alibaba.fastjson.JSONReader.endArray()1
01:34:16.262 | DEBUG | --new testCase collected, to generate: testCom.alibaba.fastjson.JSONReader.endArray()2
01:34:16.265 | DEBUG | --new testCase collected, to generate: testCom.alibaba.fastjson.JSONReader.endArray()3
01:34:16.267 | DEBUG | --new testCase collected, to generate: testCom.alibaba.fastjson.JSONReader.endArray()4
01:34:16.270 | DEBUG | --new testCase collected, to generate: testCom.alibaba.fastjson.JSONReader.endArray()5
01:34:16.278 | DEBUG | --new testCase collected, to generate: testCom.alibaba.fastjson.JSONReader.endArray()6
01:34:16.281 | DEBUG | --new testCase collected, to generate: testCom.alibaba.fastjson.JSONReader.endArray()7
01:34:16.281 | INFO  | Finished (in 0.142 sec): method com.alibaba.fastjson.JSONReader.endArray() 
<StatsForMethod> :
	#generatedTC=7
	WITH NO EXCEPTIONS
01:34:16.294 | DEBUG |  ... 
01:34:16.295 | INFO  | Started: method com.alibaba.fastjson.JSONReader.getTimzeZone()
01:34:16.295 | INFO  |  -- Remaining time budget: 93511 ms, #remaining_methods: 14, budget for method: 6679 ms, solver timeout: 1000 ms, budget for symbolic execution: 5479 ms, budget for concrete execution: 1200 ms,  -- 
01:34:16.299 | DEBUG | --new testCase collected, to generate: testCom.alibaba.fastjson.JSONReader.getTimzeZone()1
01:34:16.415 | DEBUG | --new testCase collected, to generate: testCom.alibaba.fastjson.JSONReader.getTimzeZone()2
01:34:16.416 | INFO  | Finished (in 0.120 sec): method com.alibaba.fastjson.JSONReader.getTimzeZone() 
<StatsForMethod> :
	#generatedTC=2
	WITH NO EXCEPTIONS
01:34:16.417 | DEBUG |  ... 
01:34:16.417 | INFO  | Started: method com.alibaba.fastjson.JSONReader.startStructure()
01:34:16.417 | INFO  |  -- Remaining time budget: 93389 ms, #remaining_methods: 13, budget for method: 7183 ms, solver timeout: 1000 ms, budget for symbolic execution: 5983 ms, budget for concrete execution: 1200 ms,  -- 
01:34:16.421 | DEBUG | --new testCase collected, to generate: testCom.alibaba.fastjson.JSONReader.startStructure()1
01:34:16.447 | DEBUG | --new testCase collected, to generate: testCom.alibaba.fastjson.JSONReader.startStructure()2
01:34:16.513 | DEBUG | --new testCase collected, to generate: testCom.alibaba.fastjson.JSONReader.startStructure()3
01:34:16.531 | DEBUG | --new testCase collected, to generate: testCom.alibaba.fastjson.JSONReader.startStructure()4
01:34:16.538 | DEBUG | --new testCase collected, to generate: testCom.alibaba.fastjson.JSONReader.startStructure()5
01:34:16.544 | DEBUG | --new testCase collected, to generate: testCom.alibaba.fastjson.JSONReader.startStructure()6
01:34:16.567 | DEBUG | --new testCase collected, to generate: testCom.alibaba.fastjson.JSONReader.startStructure()7
01:34:16.574 | DEBUG | --new testCase collected, to generate: testCom.alibaba.fastjson.JSONReader.startStructure()8
01:34:16.574 | INFO  | Finished (in 0.157 sec): method com.alibaba.fastjson.JSONReader.startStructure() 
<StatsForMethod> :
	#generatedTC=8
	WITH NO EXCEPTIONS
01:34:16.575 | DEBUG |  ... 
01:34:16.576 | INFO  | Started: method com.alibaba.fastjson.JSONReader.hasNext()
01:34:16.576 | INFO  |  -- Remaining time budget: 93230 ms, #remaining_methods: 12, budget for method: 7769 ms, solver timeout: 1000 ms, budget for symbolic execution: 6569 ms, budget for concrete execution: 1200 ms,  -- 
01:34:16.582 | DEBUG | --new testCase collected, to generate: testCom.alibaba.fastjson.JSONReader.hasNext()1
01:34:16.626 | DEBUG | --new testCase collected, to generate: testCom.alibaba.fastjson.JSONReader.hasNext()2
01:34:16.685 | DEBUG | --new testCase collected, to generate: testCom.alibaba.fastjson.JSONReader.hasNext()3
01:34:16.709 | DEBUG | --new testCase collected, to generate: testCom.alibaba.fastjson.JSONReader.hasNext()4
01:34:16.714 | DEBUG | --new testCase collected, to generate: testCom.alibaba.fastjson.JSONReader.hasNext()5
01:34:16.716 | DEBUG | --new testCase collected, to generate: testCom.alibaba.fastjson.JSONReader.hasNext()6
01:34:16.746 | DEBUG | --new testCase collected, to generate: testCom.alibaba.fastjson.JSONReader.hasNext()7
01:34:16.750 | DEBUG | --new testCase collected, to generate: testCom.alibaba.fastjson.JSONReader.hasNext()8
01:34:16.755 | INFO  | Finished (in 0.179 sec): method com.alibaba.fastjson.JSONReader.hasNext() 
<StatsForMethod> :
	#generatedTC=8
	WITH NO EXCEPTIONS
01:34:16.757 | DEBUG |  ... 
01:34:16.757 | INFO  | Started: method com.alibaba.fastjson.JSONReader.readObject(Object)
01:34:16.757 | INFO  |  -- Remaining time budget: 93049 ms, #remaining_methods: 11, budget for method: 8459 ms, solver timeout: 1000 ms, budget for symbolic execution: 7259 ms, budget for concrete execution: 1200 ms,  -- 
01:34:16.763 | DEBUG | --new testCase collected, to generate: testCom.alibaba.fastjson.JSONReader.readObject(Object)1
01:34:17.165 | DEBUG | --new testCase collected, to generate: testCom.alibaba.fastjson.JSONReader.readObject(Object)2
01:34:18.379 | DEBUG | --new testCase collected, to generate: testCom.alibaba.fastjson.JSONReader.readObject(Object)3
01:34:18.673 | DEBUG | --new testCase collected, to generate: testCom.alibaba.fastjson.JSONReader.readObject(Object)4
01:34:18.967 | DEBUG | --new testCase collected, to generate: testCom.alibaba.fastjson.JSONReader.readObject(Object)5
01:34:19.123 | DEBUG | --new testCase collected, to generate: testCom.alibaba.fastjson.JSONReader.readObject(Object)6
01:34:19.275 | DEBUG | --new testCase collected, to generate: testCom.alibaba.fastjson.JSONReader.readObject(Object)7
01:34:19.426 | DEBUG | --new testCase collected, to generate: testCom.alibaba.fastjson.JSONReader.readObject(Object)8
01:34:19.426 | INFO  | Finished (in 2.669 sec): method com.alibaba.fastjson.JSONReader.readObject(Object) 
<StatsForMethod> :
	#generatedTC=8
	WITH NO EXCEPTIONS
01:34:19.504 | DEBUG |  ... 
01:34:19.504 | INFO  | Started: method com.alibaba.fastjson.JSONReader.readObject()
01:34:19.504 | INFO  |  -- Remaining time budget: 90302 ms, #remaining_methods: 10, budget for method: 9030 ms, solver timeout: 1000 ms, budget for symbolic execution: 7830 ms, budget for concrete execution: 1200 ms,  -- 
01:34:19.508 | DEBUG | --new testCase collected, to generate: testCom.alibaba.fastjson.JSONReader.readObject()1
01:34:19.762 | DEBUG | --new testCase collected, to generate: testCom.alibaba.fastjson.JSONReader.readObject()2
01:34:20.542 | DEBUG | --new testCase collected, to generate: testCom.alibaba.fastjson.JSONReader.readObject()3
01:34:20.696 | DEBUG | --new testCase collected, to generate: testCom.alibaba.fastjson.JSONReader.readObject()4
01:34:20.846 | DEBUG | --new testCase collected, to generate: testCom.alibaba.fastjson.JSONReader.readObject()5
01:34:20.867 | DEBUG | --new testCase collected, to generate: testCom.alibaba.fastjson.JSONReader.readObject()6
01:34:21.021 | DEBUG | --new testCase collected, to generate: testCom.alibaba.fastjson.JSONReader.readObject()7
01:34:21.176 | DEBUG | --new testCase collected, to generate: testCom.alibaba.fastjson.JSONReader.readObject()8
01:34:21.177 | INFO  | Finished (in 1.672 sec): method com.alibaba.fastjson.JSONReader.readObject() 
<StatsForMethod> :
	#generatedTC=8
	WITH NO EXCEPTIONS
01:34:21.217 | DEBUG |  ... 
01:34:21.218 | INFO  | Started: method com.alibaba.fastjson.JSONReader.readObject(Map)
01:34:21.218 | INFO  |  -- Remaining time budget: 88589 ms, #remaining_methods: 9, budget for method: 9843 ms, solver timeout: 1000 ms, budget for symbolic execution: 8643 ms, budget for concrete execution: 1200 ms,  -- 
01:34:21.222 | DEBUG | --new testCase collected, to generate: testCom.alibaba.fastjson.JSONReader.readObject(Map)1
01:34:21.652 | DEBUG | --new testCase collected, to generate: testCom.alibaba.fastjson.JSONReader.readObject(Map)2
01:34:22.852 | DEBUG | --new testCase collected, to generate: testCom.alibaba.fastjson.JSONReader.readObject(Map)3
01:34:23.227 | DEBUG | --new testCase collected, to generate: testCom.alibaba.fastjson.JSONReader.readObject(Map)4
01:34:23.610 | DEBUG | --new testCase collected, to generate: testCom.alibaba.fastjson.JSONReader.readObject(Map)5
01:34:23.842 | DEBUG | --new testCase collected, to generate: testCom.alibaba.fastjson.JSONReader.readObject(Map)6
01:34:24.074 | DEBUG | --new testCase collected, to generate: testCom.alibaba.fastjson.JSONReader.readObject(Map)7
01:34:24.311 | DEBUG | --new testCase collected, to generate: testCom.alibaba.fastjson.JSONReader.readObject(Map)8
01:34:24.312 | INFO  | Finished (in 3.093 sec): method com.alibaba.fastjson.JSONReader.readObject(Map) 
<StatsForMethod> :
	#generatedTC=8
	WITH NO EXCEPTIONS
01:34:24.401 | DEBUG |  ... 
01:34:24.402 | INFO  | Started: method com.alibaba.fastjson.JSONReader.readObject(TypeReference)
01:34:24.402 | INFO  |  -- Remaining time budget: 85404 ms, #remaining_methods: 8, budget for method: 10675 ms, solver timeout: 1000 ms, budget for symbolic execution: 9475 ms, budget for concrete execution: 1200 ms,  -- 
01:34:24.408 | ERROR | Symbolic execution FAILED
com.huawei.utbot.instrumentation.util.ChildProcessError: Error in the child process |> java.lang.IllegalAccessException: Class com.huawei.utbot.framework.concrete.MockValueConstructor can not access a member of class com.alibaba.fastjson.TypeReference with modifiers "protected"
	at sun.reflect.Reflection.ensureMemberAccess(Reflection.java:102)
	at java.lang.reflect.AccessibleObject.slowCheckMemberAccess(AccessibleObject.java:296)
	at java.lang.reflect.AccessibleObject.checkAccess(AccessibleObject.java:288)
	at java.lang.reflect.Constructor.newInstance(Constructor.java:413)
	at com.huawei.utbot.framework.concrete.MockValueConstructor.call(MockValueConstructor.kt:414)
	at com.huawei.utbot.framework.concrete.MockValueConstructor.updateWithExecutableCallModel(MockValueConstructor.kt:353)
	at com.huawei.utbot.framework.concrete.MockValueConstructor.constructFromAssembleModel(MockValueConstructor.kt:332)
	at com.huawei.utbot.framework.concrete.MockValueConstructor.construct(MockValueConstructor.kt:126)
	at com.huawei.utbot.framework.concrete.MockValueConstructor.constructMethodParameters(MockValueConstructor.kt:101)
	at com.huawei.utbot.framework.concrete.UtExecutionInstrumentation.invoke(UtExecutionInstrumentation.kt:126)
	at com.huawei.utbot.framework.concrete.UtExecutionInstrumentation.invoke(UtExecutionInstrumentation.kt:96)
	at com.huawei.utbot.instrumentation.process.ChildProcessKt.loop(ChildProcess.kt:114)
	at com.huawei.utbot.instrumentation.process.ChildProcessKt.main(ChildProcess.kt:76)
	at com.huawei.utbot.instrumentation.process.ChildProcessKt.main(ChildProcess.kt)

	at com.huawei.utbot.instrumentation.ConcreteExecutor.executeAsync(ConcreteExecutor.kt:391) ~[utbot-junit-contest-1.0.jar:?]
	at com.huawei.utbot.instrumentation.ConcreteExecutor$executeAsync$1.invokeSuspend(ConcreteExecutor.kt) ~[utbot-junit-contest-1.0.jar:?]
	at kotlin.coroutines.jvm.internal.BaseContinuationImpl.resumeWith(ContinuationImpl.kt:33) [utbot-junit-contest-1.0.jar:?]
	at kotlinx.coroutines.DispatchedTask.run(DispatchedTask.kt:106) [utbot-junit-contest-1.0.jar:?]
	at java.util.concurrent.Executors$RunnableAdapter.call(Executors.java:511) [?:1.8.0_312]
	at java.util.concurrent.FutureTask.run(FutureTask.java:266) [?:1.8.0_312]
	at java.util.concurrent.ScheduledThreadPoolExecutor$ScheduledFutureTask.access$201(ScheduledThreadPoolExecutor.java:180) [?:1.8.0_312]
	at java.util.concurrent.ScheduledThreadPoolExecutor$ScheduledFutureTask.run(ScheduledThreadPoolExecutor.java:293) [?:1.8.0_312]
	at java.util.concurrent.ThreadPoolExecutor.runWorker(ThreadPoolExecutor.java:1149) [?:1.8.0_312]
	at java.util.concurrent.ThreadPoolExecutor$Worker.run(ThreadPoolExecutor.java:624) [?:1.8.0_312]
	at java.lang.Thread.run(Thread.java:748) [?:1.8.0_312]
01:34:24.490 | DEBUG | --new testCase collected, to generate: testCom.alibaba.fastjson.JSONReader.readObject(TypeReference)1
01:34:25.567 | DEBUG | --new testCase collected, to generate: testCom.alibaba.fastjson.JSONReader.readObject(TypeReference)2
01:34:25.750 | DEBUG | --new testCase collected, to generate: testCom.alibaba.fastjson.JSONReader.readObject(TypeReference)3
01:34:25.925 | DEBUG | --new testCase collected, to generate: testCom.alibaba.fastjson.JSONReader.readObject(TypeReference)4
01:34:26.094 | DEBUG | --new testCase collected, to generate: testCom.alibaba.fastjson.JSONReader.readObject(TypeReference)5
01:34:26.248 | DEBUG | --new testCase collected, to generate: testCom.alibaba.fastjson.JSONReader.readObject(TypeReference)6
01:34:26.270 | DEBUG | --new testCase collected, to generate: testCom.alibaba.fastjson.JSONReader.readObject(TypeReference)7
01:34:26.508 | DEBUG | --new testCase collected, to generate: testCom.alibaba.fastjson.JSONReader.readObject(TypeReference)8
01:34:26.508 | INFO  | Finished (in 2.106 sec): method com.alibaba.fastjson.JSONReader.readObject(TypeReference) 
<StatsForMethod> :
	#generatedTC=8
	FAILED 1 time(s) with 1 different exception(s)"
01:34:26.561 | DEBUG |  ... 
01:34:26.561 | INFO  | Started: method com.alibaba.fastjson.JSONReader.readObject(Type)
01:34:26.561 | INFO  |  -- Remaining time budget: 83245 ms, #remaining_methods: 7, budget for method: 11892 ms, solver timeout: 1000 ms, budget for symbolic execution: 10692 ms, budget for concrete execution: 1200 ms,  -- 
01:34:26.565 | DEBUG | --new testCase collected, to generate: testCom.alibaba.fastjson.JSONReader.readObject(Type)1
01:34:26.849 | DEBUG | --new testCase collected, to generate: testCom.alibaba.fastjson.JSONReader.readObject(Type)2
01:34:27.369 | DEBUG | --new testCase collected, to generate: testCom.alibaba.fastjson.JSONReader.readObject(Type)3
01:34:27.589 | DEBUG | --new testCase collected, to generate: testCom.alibaba.fastjson.JSONReader.readObject(Type)4
01:34:27.810 | DEBUG | --new testCase collected, to generate: testCom.alibaba.fastjson.JSONReader.readObject(Type)5
01:34:27.970 | DEBUG | --new testCase collected, to generate: testCom.alibaba.fastjson.JSONReader.readObject(Type)6
01:34:28.126 | DEBUG | --new testCase collected, to generate: testCom.alibaba.fastjson.JSONReader.readObject(Type)7
01:34:28.282 | DEBUG | --new testCase collected, to generate: testCom.alibaba.fastjson.JSONReader.readObject(Type)8
01:34:28.282 | INFO  | Finished (in 1.721 sec): method com.alibaba.fastjson.JSONReader.readObject(Type) 
<StatsForMethod> :
	#generatedTC=8
	WITH NO EXCEPTIONS
01:34:28.323 | DEBUG |  ... 
01:34:28.323 | INFO  | Started: method com.alibaba.fastjson.JSONReader.readObject(Class)
01:34:28.324 | INFO  |  -- Remaining time budget: 81483 ms, #remaining_methods: 6, budget for method: 13580 ms, solver timeout: 1000 ms, budget for symbolic execution: 12380 ms, budget for concrete execution: 1200 ms,  -- 
01:34:28.328 | ERROR | Symbolic execution FAILED
com.huawei.utbot.instrumentation.util.ChildProcessError: Error in the child process |> java.lang.IllegalAccessException: java.lang.Class
	at sun.misc.Unsafe.allocateInstance(Native Method)
	at com.huawei.utbot.framework.util.EngineUtilsKt.getAnyInstance(EngineUtils.kt:61)
	at com.huawei.utbot.framework.concrete.MockValueConstructor.constructObject(MockValueConstructor.kt:158)
	at com.huawei.utbot.framework.concrete.MockValueConstructor.construct(MockValueConstructor.kt:124)
	at com.huawei.utbot.framework.concrete.MockValueConstructor.constructMethodParameters(MockValueConstructor.kt:101)
	at com.huawei.utbot.framework.concrete.UtExecutionInstrumentation.invoke(UtExecutionInstrumentation.kt:126)
	at com.huawei.utbot.framework.concrete.UtExecutionInstrumentation.invoke(UtExecutionInstrumentation.kt:96)
	at com.huawei.utbot.instrumentation.process.ChildProcessKt.loop(ChildProcess.kt:114)
	at com.huawei.utbot.instrumentation.process.ChildProcessKt.main(ChildProcess.kt:76)
	at com.huawei.utbot.instrumentation.process.ChildProcessKt.main(ChildProcess.kt)

	at com.huawei.utbot.instrumentation.ConcreteExecutor.executeAsync(ConcreteExecutor.kt:391) ~[utbot-junit-contest-1.0.jar:?]
	at com.huawei.utbot.instrumentation.ConcreteExecutor$executeAsync$1.invokeSuspend(ConcreteExecutor.kt) ~[utbot-junit-contest-1.0.jar:?]
	at kotlin.coroutines.jvm.internal.BaseContinuationImpl.resumeWith(ContinuationImpl.kt:33) [utbot-junit-contest-1.0.jar:?]
	at kotlinx.coroutines.DispatchedTask.run(DispatchedTask.kt:106) [utbot-junit-contest-1.0.jar:?]
	at java.util.concurrent.Executors$RunnableAdapter.call(Executors.java:511) [?:1.8.0_312]
	at java.util.concurrent.FutureTask.run(FutureTask.java:266) [?:1.8.0_312]
	at java.util.concurrent.ScheduledThreadPoolExecutor$ScheduledFutureTask.access$201(ScheduledThreadPoolExecutor.java:180) [?:1.8.0_312]
	at java.util.concurrent.ScheduledThreadPoolExecutor$ScheduledFutureTask.run(ScheduledThreadPoolExecutor.java:293) [?:1.8.0_312]
	at java.util.concurrent.ThreadPoolExecutor.runWorker(ThreadPoolExecutor.java:1149) [?:1.8.0_312]
	at java.util.concurrent.ThreadPoolExecutor$Worker.run(ThreadPoolExecutor.java:624) [?:1.8.0_312]
	at java.lang.Thread.run(Thread.java:748) [?:1.8.0_312]
01:34:28.635 | DEBUG | --new testCase collected, to generate: testCom.alibaba.fastjson.JSONReader.readObject(Class)1
01:34:29.156 | DEBUG | --new testCase collected, to generate: testCom.alibaba.fastjson.JSONReader.readObject(Class)2
01:34:29.381 | DEBUG | --new testCase collected, to generate: testCom.alibaba.fastjson.JSONReader.readObject(Class)3
01:34:29.600 | DEBUG | --new testCase collected, to generate: testCom.alibaba.fastjson.JSONReader.readObject(Class)4
01:34:29.754 | DEBUG | --new testCase collected, to generate: testCom.alibaba.fastjson.JSONReader.readObject(Class)5
01:34:29.908 | DEBUG | --new testCase collected, to generate: testCom.alibaba.fastjson.JSONReader.readObject(Class)6
01:34:30.062 | DEBUG | --new testCase collected, to generate: testCom.alibaba.fastjson.JSONReader.readObject(Class)7
01:34:30.063 | INFO  | Finished (in 1.739 sec): method com.alibaba.fastjson.JSONReader.readObject(Class) 
<StatsForMethod> :
	#generatedTC=7
	FAILED 1 time(s) with 1 different exception(s)"
01:34:30.105 | DEBUG |  ... 
01:34:30.105 | INFO  | Started: method com.alibaba.fastjson.JSONReader.peek()
01:34:30.105 | INFO  |  -- Remaining time budget: 79701 ms, #remaining_methods: 5, budget for method: 15940 ms, solver timeout: 1000 ms, budget for symbolic execution: 14740 ms, budget for concrete execution: 1200 ms,  -- 
01:34:30.109 | DEBUG | --new testCase collected, to generate: testCom.alibaba.fastjson.JSONReader.peek()1
01:34:30.136 | DEBUG | --new testCase collected, to generate: testCom.alibaba.fastjson.JSONReader.peek()2
01:34:30.136 | INFO  | Finished (in 0.031 sec): method com.alibaba.fastjson.JSONReader.peek() 
<StatsForMethod> :
	#generatedTC=2
	WITH NO EXCEPTIONS
01:34:30.137 | DEBUG |  ... 
01:34:30.137 | INFO  | Started: method com.alibaba.fastjson.JSONReader.<init>(JSONLexer)
01:34:30.138 | INFO  |  -- Remaining time budget: 79669 ms, #remaining_methods: 4, budget for method: 19917 ms, solver timeout: 1000 ms, budget for symbolic execution: 18717 ms, budget for concrete execution: 1200 ms,  -- 
01:34:30.254 | ERROR | Symbolic execution FAILED
com.huawei.utbot.instrumentation.util.ChildProcessError: Error in the child process |> java.util.concurrent.TimeoutException: Timeout 100 elapsed
	at com.huawei.utbot.instrumentation.instrumentation.InvokeInstrumentation.invoke-d1pmJ48(InvokeInstrumentation.kt:75)
	at com.huawei.utbot.instrumentation.instrumentation.InvokeInstrumentation.invoke(InvokeInstrumentation.kt:22)
	at com.huawei.utbot.instrumentation.instrumentation.Instrumentation$DefaultImpls.invoke$default(Instrumentation.kt:25)
	at com.huawei.utbot.framework.concrete.UtExecutionInstrumentation$invoke$$inlined$use$lambda$1.invoke(UtExecutionInstrumentation.kt:146)
	at com.huawei.utbot.framework.concrete.UtExecutionInstrumentation$invoke$$inlined$use$lambda$1.invoke(UtExecutionInstrumentation.kt:96)
	at com.huawei.utbot.framework.concrete.UtExecutionInstrumentation.withStaticFields(UtExecutionInstrumentation.kt:225)
	at com.huawei.utbot.framework.concrete.UtExecutionInstrumentation.invoke(UtExecutionInstrumentation.kt:137)
	at com.huawei.utbot.framework.concrete.UtExecutionInstrumentation.invoke(UtExecutionInstrumentation.kt:96)
	at com.huawei.utbot.instrumentation.process.ChildProcessKt.loop(ChildProcess.kt:114)
	at com.huawei.utbot.instrumentation.process.ChildProcessKt.main(ChildProcess.kt:76)
	at com.huawei.utbot.instrumentation.process.ChildProcessKt.main(ChildProcess.kt)

	at com.huawei.utbot.instrumentation.ConcreteExecutor.executeAsync(ConcreteExecutor.kt:391) ~[utbot-junit-contest-1.0.jar:?]
	at com.huawei.utbot.instrumentation.ConcreteExecutor$executeAsync$1.invokeSuspend(ConcreteExecutor.kt) ~[utbot-junit-contest-1.0.jar:?]
	at kotlin.coroutines.jvm.internal.BaseContinuationImpl.resumeWith(ContinuationImpl.kt:33) [utbot-junit-contest-1.0.jar:?]
	at kotlinx.coroutines.DispatchedTask.run(DispatchedTask.kt:106) [utbot-junit-contest-1.0.jar:?]
	at java.util.concurrent.Executors$RunnableAdapter.call(Executors.java:511) [?:1.8.0_312]
	at java.util.concurrent.FutureTask.run(FutureTask.java:266) [?:1.8.0_312]
	at java.util.concurrent.ScheduledThreadPoolExecutor$ScheduledFutureTask.access$201(ScheduledThreadPoolExecutor.java:180) [?:1.8.0_312]
	at java.util.concurrent.ScheduledThreadPoolExecutor$ScheduledFutureTask.run(ScheduledThreadPoolExecutor.java:293) [?:1.8.0_312]
	at java.util.concurrent.ThreadPoolExecutor.runWorker(ThreadPoolExecutor.java:1149) [?:1.8.0_312]
	at java.util.concurrent.ThreadPoolExecutor$Worker.run(ThreadPoolExecutor.java:624) [?:1.8.0_312]
	at java.lang.Thread.run(Thread.java:748) [?:1.8.0_312]
01:34:30.350 | INFO  | Finished (in 0.213 sec): method com.alibaba.fastjson.JSONReader.<init>(JSONLexer) 
<StatsForMethod> :
	#generatedTC=0
	FAILED 1 time(s) with 1 different exception(s)"
01:34:30.359 | DEBUG |  ... 
01:34:30.359 | INFO  | Started: method com.alibaba.fastjson.JSONReader.<init>(DefaultJSONParser)
01:34:30.359 | INFO  |  -- Remaining time budget: 79447 ms, #remaining_methods: 3, budget for method: 26482 ms, solver timeout: 1000 ms, budget for symbolic execution: 25282 ms, budget for concrete execution: 1200 ms,  -- 
01:34:30.370 | DEBUG | --new testCase collected, to generate: testCom.alibaba.fastjson.JSONReader.<init>(DefaultJSONParser)1
01:34:30.411 | DEBUG | --new testCase collected, to generate: testCom.alibaba.fastjson.JSONReader.<init>(DefaultJSONParser)2
01:34:30.412 | INFO  | Finished (in 0.052 sec): method com.alibaba.fastjson.JSONReader.<init>(DefaultJSONParser) 
<StatsForMethod> :
	#generatedTC=2
	WITH NO EXCEPTIONS
01:34:30.415 | DEBUG |  ... 
01:34:30.416 | INFO  | Started: method com.alibaba.fastjson.JSONReader.<init>(Reader, Feature[])
01:34:30.416 | INFO  |  -- Remaining time budget: 79391 ms, #remaining_methods: 2, budget for method: 39695 ms, solver timeout: 1000 ms, budget for symbolic execution: 38495 ms, budget for concrete execution: 1200 ms,  -- 
01:34:30.458 | DEBUG | --new testCase collected, to generate: testCom.alibaba.fastjson.JSONReader.<init>(Reader, Feature[])1
01:34:30.520 | INFO  | Finished (in 0.105 sec): method com.alibaba.fastjson.JSONReader.<init>(Reader, Feature[]) 
<StatsForMethod> :
	#generatedTC=1
	WITH NO EXCEPTIONS
01:34:30.527 | DEBUG |  ... 
01:34:30.527 | INFO  | Started: method com.alibaba.fastjson.JSONReader.<init>(Reader)
01:34:30.527 | INFO  |  -- Remaining time budget: 79279 ms, #remaining_methods: 1, budget for method: 79279 ms, solver timeout: 1000 ms, budget for symbolic execution: 78079 ms, budget for concrete execution: 1200 ms,  -- 
01:34:30.531 | DEBUG | --new testCase collected, to generate: testCom.alibaba.fastjson.JSONReader.<init>(Reader)1
01:34:30.600 | INFO  | Finished (in 0.072 sec): method com.alibaba.fastjson.JSONReader.<init>(Reader) 
<StatsForMethod> :
	#generatedTC=1
	WITH NO EXCEPTIONS
01:34:30.616 | INFO  | Started: Flushing tests for [JSONReader] on disk
01:34:31.129 | INFO  | File size for JSONReaderTest: 135 KB
01:34:31.130 | INFO  | Finished (in 0.515 sec): Flushing tests for [JSONReader] on disk 
01:34:31.131 | INFO  | Finished (in 23.290 sec): class com.alibaba.fastjson.JSONReader 
<StatsForClass> :
	canceled by timeout = false
	#methods = 29, 
	#methods started symbolic exploration = 29
	#methods with at least one TC = 28
	#methods with exceptions = 4
	#generated TC = 156
	#coverage = null
[READY]
