Started UtBot Contest, classfileDir = /var/benchmarks/projects/fastjson/target/classes, classpathString=/var/benchmarks/projects/fastjson/target/classes:/var/benchmarks/projects/fastjson/target/fastjson-1.2.50-SNAPSHOT.jar:/var/benchmarks/projects/./fastjson/target/dependency/deeptestutils-1.1.0.jar:/var/benchmarks/projects/fastjson/target/dependency/commons-beanutils-1.8.0.jar:/var/benchmarks/projects/fastjson/target/dependency/woodstox-core-asl-4.4.1.jar:/var/benchmarks/projects/fastjson/target/dependency/spring-aop-4.3.7.RELEASE.jar:/var/benchmarks/projects/fastjson/target/dependency/hibernate-core-5.2.10.Final.jar:/var/benchmarks/projects/fastjson/target/dependency/jackson-module-kotlin-2.9.0.jar:/var/benchmarks/projects/fastjson/target/dependency/spring-data-commons-1.13.6.RELEASE.jar:/var/benchmarks/projects/fastjson/target/dependency/javax.annotation-api-1.2.jar:/var/benchmarks/projects/fastjson/target/dependency/gson-2.6.2.jar:/var/benchmarks/projects/fastjson/target/dependency/jetty-continuation-8.1.8.v20121106.jar:/var/benchmarks/projects/fastjson/target/dependency/objenesis-2.5.1.jar:/var/benchmarks/projects/fastjson/target/dependency/powermock-reflect-1.6.6.jar:/var/benchmarks/projects/fastjson/target/dependency/springfox-spring-web-2.6.1.jar:/var/benchmarks/projects/fastjson/target/dependency/javaslang-2.0.6.jar:/var/benchmarks/projects/fastjson/target/dependency/guava-18.0.jar:/var/benchmarks/projects/fastjson/target/dependency/mockito-core-1.10.19.jar:/var/benchmarks/projects/fastjson/target/dependency/json-lib-2.4-jdk15.jar:/var/benchmarks/projects/fastjson/target/dependency/jetty-xml-8.1.8.v20121106.jar:/var/benchmarks/projects/fastjson/target/dependency/xmlschema-core-2.2.1.jar:/var/benchmarks/projects/fastjson/target/dependency/powermock-api-support-1.6.6.jar:/var/benchmarks/projects/fastjson/target/dependency/commons-collections4-4.1.jar:/var/benchmarks/projects/fastjson/target/dependency/cglib-nodep-2.2.2.jar:/var/benchmarks/projects/fastjson/target/dependency/asm-debug-all-5.0.4.jar:/var/benchmarks/projects/fastjson/target/dependency/spring-plugin-core-1.2.0.RELEASE.jar:/var/benchmarks/projects/fastjson/target/dependency/cxf-rt-rs-client-3.1.2.jar:/var/benchmarks/projects/fastjson/target/dependency/jetty-io-8.1.8.v20121106.jar:/var/benchmarks/projects/fastjson/target/dependency/commons-lang3-3.4.jar:/var/benchmarks/projects/fastjson/target/dependency/stax2-api-3.1.4.jar:/var/benchmarks/projects/fastjson/target/dependency/jackson-annotations-2.9.0.jar:/var/benchmarks/projects/fastjson/target/dependency/jetty-server-8.1.8.v20121106.jar:/var/benchmarks/projects/fastjson/target/dependency/json-simple-1.1.1.jar:/var/benchmarks/projects/fastjson/target/dependency/asm-tree-4.0.jar:/var/benchmarks/projects/fastjson/target/dependency/spring-data-commons-core-1.4.1.RELEASE.jar:/var/benchmarks/projects/fastjson/target/dependency/powermock-module-junit4-common-1.6.6.jar:/var/benchmarks/projects/fastjson/target/dependency/jcl-over-slf4j-1.7.25.jar:/var/benchmarks/projects/fastjson/target/dependency/javax.servlet-3.0.0.v201112011016.jar:/var/benchmarks/projects/fastjson/target/dependency/springfox-core-2.6.1.jar:/var/benchmarks/projects/fastjson/target/dependency/osgi-resource-locator-1.0.1.jar:/var/benchmarks/projects/fastjson/target/dependency/javassist-3.18.0-GA.jar:/var/benchmarks/projects/fastjson/target/dependency/kotlin-reflect-1.1.3-2.jar:/var/benchmarks/projects/fastjson/target/dependency/spring-context-support-4.3.10.RELEASE.jar:/var/benchmarks/projects/fastjson/target/dependency/spring-plugin-metadata-1.2.0.RELEASE.jar:/var/benchmarks/projects/fastjson/target/dependency/kotlin-stdlib-1.1.3-2.jar:/var/benchmarks/projects/fastjson/target/dependency/spring-data-keyvalue-1.2.6.RELEASE.jar:/var/benchmarks/projects/fastjson/target/dependency/jersey-container-servlet-core-2.23.2.jar:/var/benchmarks/projects/fastjson/target/dependency/asm-4.0.jar:/var/benchmarks/projects/fastjson/target/dependency/asm-commons-4.0.jar:/var/benchmarks/projects/fastjson/target/dependency/jersey-guava-2.23.2.jar:/var/benchmarks/projects/fastjson/target/dependency/aopalliance-1.0.jar:/var/benchmarks/projects/fastjson/target/dependency/groovy-2.1.5.jar:/var/benchmarks/projects/fastjson/target/dependency/hk2-api-2.5.0-b05.jar:/var/benchmarks/projects/fastjson/target/dependency/jetty-security-8.1.8.v20121106.jar:/var/benchmarks/projects/fastjson/target/dependency/jmh-core-1.21.jar:/var/benchmarks/projects/fastjson/target/dependency/jersey-container-servlet-2.23.2.jar:/var/benchmarks/projects/fastjson/target/dependency/dom4j-1.6.1.jar:/var/benchmarks/projects/fastjson/target/dependency/spring-core-4.3.7.RELEASE.jar:/var/benchmarks/projects/fastjson/target/dependency/spring-data-redis-1.8.6.RELEASE.jar:/var/benchmarks/projects/fastjson/target/dependency/jackson-core-asl-1.9.13.jar:/var/benchmarks/projects/fastjson/target/dependency/jackson-mapper-asl-1.9.13.jar:/var/benchmarks/projects/fastjson/target/dependency/hibernate-jpa-2.1-api-1.0.0.Final.jar:/var/benchmarks/projects/fastjson/target/dependency/junit-4.12.jar:/var/benchmarks/projects/fastjson/target/dependency/commons-io-1.4.jar:/var/benchmarks/projects/fastjson/target/dependency/jetty-util-8.1.8.v20121106.jar:/var/benchmarks/projects/fastjson/target/dependency/hamcrest-core-1.3.jar:/var/benchmarks/projects/fastjson/target/dependency/jmh-generator-annprocess-1.21.jar:/var/benchmarks/projects/fastjson/target/dependency/jackson-jaxrs-base-2.8.7.jar:/var/benchmarks/projects/fastjson/target/dependency/powermock-module-junit4-1.6.6.jar:/var/benchmarks/projects/fastjson/target/dependency/powermock-core-1.6.6.jar:/var/benchmarks/projects/fastjson/target/dependency/slf4j-api-1.7.25.jar:/var/benchmarks/projects/fastjson/target/dependency/antlr-2.7.7.jar:/var/benchmarks/projects/fastjson/target/dependency/mockito-all-1.10.19.jar:/var/benchmarks/projects/fastjson/target/dependency/jersey-container-jdk-http-2.23.2.jar:/var/benchmarks/projects/fastjson/target/dependency/javaslang-match-2.0.6.jar:/var/benchmarks/projects/fastjson/target/dependency/jersey-test-framework-provider-jdk-http-2.23.2.jar:/var/benchmarks/projects/fastjson/target/dependency/jersey-entity-filtering-2.23.2.jar:/var/benchmarks/projects/fastjson/target/dependency/jandex-2.0.3.Final.jar:/var/benchmarks/projects/fastjson/target/dependency/ezmorph-1.0.6.jar:/var/benchmarks/projects/fastjson/target/dependency/jackson-jaxrs-json-provider-2.8.7.jar:/var/benchmarks/projects/fastjson/target/dependency/cxf-rt-transports-http-3.1.2.jar:/var/benchmarks/projects/fastjson/target/dependency/spring-beans-4.3.7.RELEASE.jar:/var/benchmarks/projects/fastjson/target/dependency/jersey-server-2.23.2.jar:/var/benchmarks/projects/fastjson/target/dependency/powermock-api-mockito-1.6.6.jar:/var/benchmarks/projects/fastjson/target/dependency/jackson-module-jaxb-annotations-2.8.7.jar:/var/benchmarks/projects/fastjson/target/dependency/jopt-simple-4.6.jar:/var/benchmarks/projects/fastjson/target/dependency/asm-analysis-4.0.jar:/var/benchmarks/projects/fastjson/target/dependency/annotations-13.0.jar:/var/benchmarks/projects/fastjson/target/dependency/json-path-2.3.0.jar:/var/benchmarks/projects/fastjson/target/dependency/springfox-spi-2.6.1.jar:/var/benchmarks/projects/fastjson/target/dependency/spring-websocket-4.3.7.RELEASE.jar:/var/benchmarks/projects/fastjson/target/dependency/spring-messaging-4.3.7.RELEASE.jar:/var/benchmarks/projects/fastjson/target/dependency/jersey-client-2.23.2.jar:/var/benchmarks/projects/fastjson/target/dependency/javax.ws.rs-api-2.0.1.jar:/var/benchmarks/projects/fastjson/target/dependency/accessors-smart-1.1.jar:/var/benchmarks/projects/fastjson/target/dependency/hibernate-commons-annotations-5.0.1.Final.jar:/var/benchmarks/projects/fastjson/target/dependency/commons-logging-1.1.1.jar:/var/benchmarks/projects/fastjson/target/dependency/jackson-core-2.9.0.jar:/var/benchmarks/projects/fastjson/target/dependency/spring-expression-4.3.7.RELEASE.jar:/var/benchmarks/projects/fastjson/target/dependency/jersey-media-jaxb-2.23.2.jar:/var/benchmarks/projects/fastjson/target/dependency/okhttp-3.6.0.jar:/var/benchmarks/projects/fastjson/target/dependency/commons-math3-3.2.jar:/var/benchmarks/projects/fastjson/target/dependency/jetty-webapp-8.1.8.v20121106.jar:/var/benchmarks/projects/fastjson/target/dependency/javax.inject-2.5.0-b05.jar:/var/benchmarks/projects/fastjson/target/dependency/cxf-core-3.1.2.jar:/var/benchmarks/projects/fastjson/target/dependency/powermock-api-mockito-common-1.6.6.jar:/var/benchmarks/projects/fastjson/target/dependency/jetty-http-8.1.8.v20121106.jar:/var/benchmarks/projects/fastjson/target/dependency/spring-security-config-3.2.10.RELEASE.jar:/var/benchmarks/projects/fastjson/target/dependency/okio-1.11.0.jar:/var/benchmarks/projects/fastjson/target/dependency/javax.servlet-api-3.1.0.jar:/var/benchmarks/projects/fastjson/target/dependency/json-smart-2.2.1.jar:/var/benchmarks/projects/fastjson/target/dependency/spring-tx-4.3.10.RELEASE.jar:/var/benchmarks/projects/fastjson/target/dependency/jackson-module-afterburner-2.9.0.jar:/var/benchmarks/projects/fastjson/target/dependency/asm-util-4.0.jar:/var/benchmarks/projects/fastjson/target/dependency/spring-security-web-4.2.3.RELEASE.jar:/var/benchmarks/projects/fastjson/target/dependency/spring-webmvc-4.3.7.RELEASE.jar:/var/benchmarks/projects/fastjson/target/dependency/hk2-locator-2.5.0-b05.jar:/var/benchmarks/projects/fastjson/target/dependency/retrofit-2.1.0.jar:/var/benchmarks/projects/fastjson/target/dependency/clojure-1.5.1.jar:/var/benchmarks/projects/fastjson/target/dependency/spring-security-oauth2-2.3.3.RELEASE.jar:/var/benchmarks/projects/fastjson/target/dependency/spring-test-4.3.7.RELEASE.jar:/var/benchmarks/projects/fastjson/target/dependency/aopalliance-repackaged-2.5.0-b05.jar:/var/benchmarks/projects/fastjson/target/dependency/spring-oxm-4.3.10.RELEASE.jar:/var/benchmarks/projects/fastjson/target/dependency/spring-security-core-4.2.3.RELEASE.jar:/var/benchmarks/projects/fastjson/target/dependency/jboss-transaction-api_1.2_spec-1.0.1.Final.jar:/var/benchmarks/projects/fastjson/target/dependency/lombok-1.14.4.jar:/var/benchmarks/projects/fastjson/target/dependency/commons-collections-3.2.1.jar:/var/benchmarks/projects/fastjson/target/dependency/cxf-rt-frontend-jaxrs-3.1.2.jar:/var/benchmarks/projects/fastjson/target/dependency/spring-context-4.3.7.RELEASE.jar:/var/benchmarks/projects/fastjson/target/dependency/jersey-test-framework-core-2.23.2.jar:/var/benchmarks/projects/fastjson/target/dependency/classmate-1.3.1.jar:/var/benchmarks/projects/fastjson/target/dependency/hk2-utils-2.5.0-b05.jar:/var/benchmarks/projects/fastjson/target/dependency/jersey-common-2.23.2.jar:/var/benchmarks/projects/fastjson/target/dependency/jackson-databind-2.9.0.jar:/var/benchmarks/projects/fastjson/target/dependency/jersey-media-json-jackson-2.23.2.jar:/var/benchmarks/projects/fastjson/target/dependency/commons-lang-2.5.jar:/var/benchmarks/projects/fastjson/target/dependency/jetty-servlet-8.1.8.v20121106.jar:/var/benchmarks/projects/fastjson/target/dependency/validation-api-1.1.0.Final.jar:/var/benchmarks/projects/fastjson/target/dependency/spring-web-4.3.7.RELEASE.jar:/var/benchmarks/projects/fastjson/target/dependency/jsoniter-0.9.8.jar:/var/benchmarks/projects/fastjson/target/dependency/jboss-logging-3.3.0.Final.jar, outputDir=/home/utbot_mocks/temp/testcases, mocks=Other classes: Mockito
19:02:10.528 | INFO  | Started: warmup: kotlin reflection :: init
19:02:10.628 | INFO  | Finished (in 0.100 sec): warmup: kotlin reflection :: init 
[INIT]
>> [RUN] com.alibaba.fastjson.parser.deserializer.MapDeserializer 120
19:02:10.641 | DEBUG | -----------------------------------------------------------------------------
19:02:10.643 | INFO  | Contest.runGeneration: Time budget: 120000 ms, Generation timeout=102000 ms, classpath=/var/benchmarks/projects/fastjson/target/classes:/var/benchmarks/projects/fastjson/target/fastjson-1.2.50-SNAPSHOT.jar:/var/benchmarks/projects/./fastjson/target/dependency/deeptestutils-1.1.0.jar:/var/benchmarks/projects/fastjson/target/dependency/commons-beanutils-1.8.0.jar:/var/benchmarks/projects/fastjson/target/dependency/woodstox-core-asl-4.4.1.jar:/var/benchmarks/projects/fastjson/target/dependency/spring-aop-4.3.7.RELEASE.jar:/var/benchmarks/projects/fastjson/target/dependency/hibernate-core-5.2.10.Final.jar:/var/benchmarks/projects/fastjson/target/dependency/jackson-module-kotlin-2.9.0.jar:/var/benchmarks/projects/fastjson/target/dependency/spring-data-commons-1.13.6.RELEASE.jar:/var/benchmarks/projects/fastjson/target/dependency/javax.annotation-api-1.2.jar:/var/benchmarks/projects/fastjson/target/dependency/gson-2.6.2.jar:/var/benchmarks/projects/fastjson/target/dependency/jetty-continuation-8.1.8.v20121106.jar:/var/benchmarks/projects/fastjson/target/dependency/objenesis-2.5.1.jar:/var/benchmarks/projects/fastjson/target/dependency/powermock-reflect-1.6.6.jar:/var/benchmarks/projects/fastjson/target/dependency/springfox-spring-web-2.6.1.jar:/var/benchmarks/projects/fastjson/target/dependency/javaslang-2.0.6.jar:/var/benchmarks/projects/fastjson/target/dependency/guava-18.0.jar:/var/benchmarks/projects/fastjson/target/dependency/mockito-core-1.10.19.jar:/var/benchmarks/projects/fastjson/target/dependency/json-lib-2.4-jdk15.jar:/var/benchmarks/projects/fastjson/target/dependency/jetty-xml-8.1.8.v20121106.jar:/var/benchmarks/projects/fastjson/target/dependency/xmlschema-core-2.2.1.jar:/var/benchmarks/projects/fastjson/target/dependency/powermock-api-support-1.6.6.jar:/var/benchmarks/projects/fastjson/target/dependency/commons-collections4-4.1.jar:/var/benchmarks/projects/fastjson/target/dependency/cglib-nodep-2.2.2.jar:/var/benchmarks/projects/fastjson/target/dependency/asm-debug-all-5.0.4.jar:/var/benchmarks/projects/fastjson/target/dependency/spring-plugin-core-1.2.0.RELEASE.jar:/var/benchmarks/projects/fastjson/target/dependency/cxf-rt-rs-client-3.1.2.jar:/var/benchmarks/projects/fastjson/target/dependency/jetty-io-8.1.8.v20121106.jar:/var/benchmarks/projects/fastjson/target/dependency/commons-lang3-3.4.jar:/var/benchmarks/projects/fastjson/target/dependency/stax2-api-3.1.4.jar:/var/benchmarks/projects/fastjson/target/dependency/jackson-annotations-2.9.0.jar:/var/benchmarks/projects/fastjson/target/dependency/jetty-server-8.1.8.v20121106.jar:/var/benchmarks/projects/fastjson/target/dependency/json-simple-1.1.1.jar:/var/benchmarks/projects/fastjson/target/dependency/asm-tree-4.0.jar:/var/benchmarks/projects/fastjson/target/dependency/spring-data-commons-core-1.4.1.RELEASE.jar:/var/benchmarks/projects/fastjson/target/dependency/powermock-module-junit4-common-1.6.6.jar:/var/benchmarks/projects/fastjson/target/dependency/jcl-over-slf4j-1.7.25.jar:/var/benchmarks/projects/fastjson/target/dependency/javax.servlet-3.0.0.v201112011016.jar:/var/benchmarks/projects/fastjson/target/dependency/springfox-core-2.6.1.jar:/var/benchmarks/projects/fastjson/target/dependency/osgi-resource-locator-1.0.1.jar:/var/benchmarks/projects/fastjson/target/dependency/javassist-3.18.0-GA.jar:/var/benchmarks/projects/fastjson/target/dependency/kotlin-reflect-1.1.3-2.jar:/var/benchmarks/projects/fastjson/target/dependency/spring-context-support-4.3.10.RELEASE.jar:/var/benchmarks/projects/fastjson/target/dependency/spring-plugin-metadata-1.2.0.RELEASE.jar:/var/benchmarks/projects/fastjson/target/dependency/kotlin-stdlib-1.1.3-2.jar:/var/benchmarks/projects/fastjson/target/dependency/spring-data-keyvalue-1.2.6.RELEASE.jar:/var/benchmarks/projects/fastjson/target/dependency/jersey-container-servlet-core-2.23.2.jar:/var/benchmarks/projects/fastjson/target/dependency/asm-4.0.jar:/var/benchmarks/projects/fastjson/target/dependency/asm-commons-4.0.jar:/var/benchmarks/projects/fastjson/target/dependency/jersey-guava-2.23.2.jar:/var/benchmarks/projects/fastjson/target/dependency/aopalliance-1.0.jar:/var/benchmarks/projects/fastjson/target/dependency/groovy-2.1.5.jar:/var/benchmarks/projects/fastjson/target/dependency/hk2-api-2.5.0-b05.jar:/var/benchmarks/projects/fastjson/target/dependency/jetty-security-8.1.8.v20121106.jar:/var/benchmarks/projects/fastjson/target/dependency/jmh-core-1.21.jar:/var/benchmarks/projects/fastjson/target/dependency/jersey-container-servlet-2.23.2.jar:/var/benchmarks/projects/fastjson/target/dependency/dom4j-1.6.1.jar:/var/benchmarks/projects/fastjson/target/dependency/spring-core-4.3.7.RELEASE.jar:/var/benchmarks/projects/fastjson/target/dependency/spring-data-redis-1.8.6.RELEASE.jar:/var/benchmarks/projects/fastjson/target/dependency/jackson-core-asl-1.9.13.jar:/var/benchmarks/projects/fastjson/target/dependency/jackson-mapper-asl-1.9.13.jar:/var/benchmarks/projects/fastjson/target/dependency/hibernate-jpa-2.1-api-1.0.0.Final.jar:/var/benchmarks/projects/fastjson/target/dependency/junit-4.12.jar:/var/benchmarks/projects/fastjson/target/dependency/commons-io-1.4.jar:/var/benchmarks/projects/fastjson/target/dependency/jetty-util-8.1.8.v20121106.jar:/var/benchmarks/projects/fastjson/target/dependency/hamcrest-core-1.3.jar:/var/benchmarks/projects/fastjson/target/dependency/jmh-generator-annprocess-1.21.jar:/var/benchmarks/projects/fastjson/target/dependency/jackson-jaxrs-base-2.8.7.jar:/var/benchmarks/projects/fastjson/target/dependency/powermock-module-junit4-1.6.6.jar:/var/benchmarks/projects/fastjson/target/dependency/powermock-core-1.6.6.jar:/var/benchmarks/projects/fastjson/target/dependency/slf4j-api-1.7.25.jar:/var/benchmarks/projects/fastjson/target/dependency/antlr-2.7.7.jar:/var/benchmarks/projects/fastjson/target/dependency/mockito-all-1.10.19.jar:/var/benchmarks/projects/fastjson/target/dependency/jersey-container-jdk-http-2.23.2.jar:/var/benchmarks/projects/fastjson/target/dependency/javaslang-match-2.0.6.jar:/var/benchmarks/projects/fastjson/target/dependency/jersey-test-framework-provider-jdk-http-2.23.2.jar:/var/benchmarks/projects/fastjson/target/dependency/jersey-entity-filtering-2.23.2.jar:/var/benchmarks/projects/fastjson/target/dependency/jandex-2.0.3.Final.jar:/var/benchmarks/projects/fastjson/target/dependency/ezmorph-1.0.6.jar:/var/benchmarks/projects/fastjson/target/dependency/jackson-jaxrs-json-provider-2.8.7.jar:/var/benchmarks/projects/fastjson/target/dependency/cxf-rt-transports-http-3.1.2.jar:/var/benchmarks/projects/fastjson/target/dependency/spring-beans-4.3.7.RELEASE.jar:/var/benchmarks/projects/fastjson/target/dependency/jersey-server-2.23.2.jar:/var/benchmarks/projects/fastjson/target/dependency/powermock-api-mockito-1.6.6.jar:/var/benchmarks/projects/fastjson/target/dependency/jackson-module-jaxb-annotations-2.8.7.jar:/var/benchmarks/projects/fastjson/target/dependency/jopt-simple-4.6.jar:/var/benchmarks/projects/fastjson/target/dependency/asm-analysis-4.0.jar:/var/benchmarks/projects/fastjson/target/dependency/annotations-13.0.jar:/var/benchmarks/projects/fastjson/target/dependency/json-path-2.3.0.jar:/var/benchmarks/projects/fastjson/target/dependency/springfox-spi-2.6.1.jar:/var/benchmarks/projects/fastjson/target/dependency/spring-websocket-4.3.7.RELEASE.jar:/var/benchmarks/projects/fastjson/target/dependency/spring-messaging-4.3.7.RELEASE.jar:/var/benchmarks/projects/fastjson/target/dependency/jersey-client-2.23.2.jar:/var/benchmarks/projects/fastjson/target/dependency/javax.ws.rs-api-2.0.1.jar:/var/benchmarks/projects/fastjson/target/dependency/accessors-smart-1.1.jar:/var/benchmarks/projects/fastjson/target/dependency/hibernate-commons-annotations-5.0.1.Final.jar:/var/benchmarks/projects/fastjson/target/dependency/commons-logging-1.1.1.jar:/var/benchmarks/projects/fastjson/target/dependency/jackson-core-2.9.0.jar:/var/benchmarks/projects/fastjson/target/dependency/spring-expression-4.3.7.RELEASE.jar:/var/benchmarks/projects/fastjson/target/dependency/jersey-media-jaxb-2.23.2.jar:/var/benchmarks/projects/fastjson/target/dependency/okhttp-3.6.0.jar:/var/benchmarks/projects/fastjson/target/dependency/commons-math3-3.2.jar:/var/benchmarks/projects/fastjson/target/dependency/jetty-webapp-8.1.8.v20121106.jar:/var/benchmarks/projects/fastjson/target/dependency/javax.inject-2.5.0-b05.jar:/var/benchmarks/projects/fastjson/target/dependency/cxf-core-3.1.2.jar:/var/benchmarks/projects/fastjson/target/dependency/powermock-api-mockito-common-1.6.6.jar:/var/benchmarks/projects/fastjson/target/dependency/jetty-http-8.1.8.v20121106.jar:/var/benchmarks/projects/fastjson/target/dependency/spring-security-config-3.2.10.RELEASE.jar:/var/benchmarks/projects/fastjson/target/dependency/okio-1.11.0.jar:/var/benchmarks/projects/fastjson/target/dependency/javax.servlet-api-3.1.0.jar:/var/benchmarks/projects/fastjson/target/dependency/json-smart-2.2.1.jar:/var/benchmarks/projects/fastjson/target/dependency/spring-tx-4.3.10.RELEASE.jar:/var/benchmarks/projects/fastjson/target/dependency/jackson-module-afterburner-2.9.0.jar:/var/benchmarks/projects/fastjson/target/dependency/asm-util-4.0.jar:/var/benchmarks/projects/fastjson/target/dependency/spring-security-web-4.2.3.RELEASE.jar:/var/benchmarks/projects/fastjson/target/dependency/spring-webmvc-4.3.7.RELEASE.jar:/var/benchmarks/projects/fastjson/target/dependency/hk2-locator-2.5.0-b05.jar:/var/benchmarks/projects/fastjson/target/dependency/retrofit-2.1.0.jar:/var/benchmarks/projects/fastjson/target/dependency/clojure-1.5.1.jar:/var/benchmarks/projects/fastjson/target/dependency/spring-security-oauth2-2.3.3.RELEASE.jar:/var/benchmarks/projects/fastjson/target/dependency/spring-test-4.3.7.RELEASE.jar:/var/benchmarks/projects/fastjson/target/dependency/aopalliance-repackaged-2.5.0-b05.jar:/var/benchmarks/projects/fastjson/target/dependency/spring-oxm-4.3.10.RELEASE.jar:/var/benchmarks/projects/fastjson/target/dependency/spring-security-core-4.2.3.RELEASE.jar:/var/benchmarks/projects/fastjson/target/dependency/jboss-transaction-api_1.2_spec-1.0.1.Final.jar:/var/benchmarks/projects/fastjson/target/dependency/lombok-1.14.4.jar:/var/benchmarks/projects/fastjson/target/dependency/commons-collections-3.2.1.jar:/var/benchmarks/projects/fastjson/target/dependency/cxf-rt-frontend-jaxrs-3.1.2.jar:/var/benchmarks/projects/fastjson/target/dependency/spring-context-4.3.7.RELEASE.jar:/var/benchmarks/projects/fastjson/target/dependency/jersey-test-framework-core-2.23.2.jar:/var/benchmarks/projects/fastjson/target/dependency/classmate-1.3.1.jar:/var/benchmarks/projects/fastjson/target/dependency/hk2-utils-2.5.0-b05.jar:/var/benchmarks/projects/fastjson/target/dependency/jersey-common-2.23.2.jar:/var/benchmarks/projects/fastjson/target/dependency/jackson-databind-2.9.0.jar:/var/benchmarks/projects/fastjson/target/dependency/jersey-media-json-jackson-2.23.2.jar:/var/benchmarks/projects/fastjson/target/dependency/commons-lang-2.5.jar:/var/benchmarks/projects/fastjson/target/dependency/jetty-servlet-8.1.8.v20121106.jar:/var/benchmarks/projects/fastjson/target/dependency/validation-api-1.1.0.Final.jar:/var/benchmarks/projects/fastjson/target/dependency/spring-web-4.3.7.RELEASE.jar:/var/benchmarks/projects/fastjson/target/dependency/jsoniter-0.9.8.jar:/var/benchmarks/projects/fastjson/target/dependency/jboss-logging-3.3.0.Final.jar, methodNameFilter=null
19:02:10.649 | INFO  | ClassUnderTest[ FQN: com.alibaba.fastjson.parser.deserializer.MapDeserializer
    classfileDir: /var/benchmarks/projects/fastjson/target/classes
    testClassSimpleName: MapDeserializerTest
    generatedTestFile: /home/utbot_mocks/temp/testcases/com/alibaba/fastjson/parser/deserializer/MapDeserializerTest.java
    generatedTestsSourcesDir: /home/utbot_mocks/temp/testcases
]
19:02:10.681 | INFO  | Started: class com.alibaba.fastjson.parser.deserializer.MapDeserializer
19:02:10.682 | INFO  | Started: preparation class class com.alibaba.fastjson.parser.deserializer.MapDeserializer: kotlin reflection :: run
19:02:10.725 | INFO  | Finished (in 0.042 sec): preparation class class com.alibaba.fastjson.parser.deserializer.MapDeserializer: kotlin reflection :: run 
19:02:10.726 | INFO  | Started: 2nd optional soot initialization
19:02:10.727 | INFO  | Finished (in 0.001 sec): 2nd optional soot initialization 
19:02:10.737 | DEBUG |  ... 
19:02:10.751 | INFO  | Started: method com.alibaba.fastjson.parser.deserializer.MapDeserializer.getFastMatchToken()
19:02:10.752 | INFO  |  -- Remaining time budget: 101907 ms, #remaining_methods: 7, budget for method: 14558 ms, solver timeout: 1000 ms, budget for symbolic execution: 13358 ms, budget for concrete execution: 1200 ms,  -- 
19:02:11.178 | DEBUG | --new testCase collected, to generate: testCom.alibaba.fastjson.parser.deserializer.MapDeserializer.getFastMatchToken()1
19:02:11.348 | DEBUG | --new testCase collected, to generate: testCom.alibaba.fastjson.parser.deserializer.MapDeserializer.getFastMatchToken()2
19:02:11.349 | INFO  | Finished (in 0.598 sec): method com.alibaba.fastjson.parser.deserializer.MapDeserializer.getFastMatchToken() 
<StatsForMethod> :
	#generatedTC=2
	WITH NO EXCEPTIONS
19:02:11.351 | DEBUG |  ... 
19:02:11.352 | INFO  | Started: method com.alibaba.fastjson.parser.deserializer.MapDeserializer.deserialze(DefaultJSONParser, Type, Object, Map)
19:02:11.352 | INFO  |  -- Remaining time budget: 101296 ms, #remaining_methods: 6, budget for method: 16882 ms, solver timeout: 1000 ms, budget for symbolic execution: 15682 ms, budget for concrete execution: 1200 ms,  -- 
19:02:11.402 | DEBUG | --new testCase collected, to generate: testCom.alibaba.fastjson.parser.deserializer.MapDeserializer.deserialze(DefaultJSONParser, Type, Object, Map)1
19:02:13.279 | DEBUG | --new testCase collected, to generate: testCom.alibaba.fastjson.parser.deserializer.MapDeserializer.deserialze(DefaultJSONParser, Type, Object, Map)2
19:02:13.343 | DEBUG | --new testCase collected, to generate: testCom.alibaba.fastjson.parser.deserializer.MapDeserializer.deserialze(DefaultJSONParser, Type, Object, Map)3
19:02:14.456 | DEBUG | --new testCase collected, to generate: testCom.alibaba.fastjson.parser.deserializer.MapDeserializer.deserialze(DefaultJSONParser, Type, Object, Map)4
19:02:14.518 | DEBUG | --new testCase collected, to generate: testCom.alibaba.fastjson.parser.deserializer.MapDeserializer.deserialze(DefaultJSONParser, Type, Object, Map)5
19:02:15.892 | ERROR | Symbolic execution FAILED
com.huawei.utbot.instrumentation.util.ChildProcessError: Error in the child process |> java.util.NoSuchElementException: List is empty.
	at kotlin.collections.CollectionsKt___CollectionsKt.first(_Collections.kt:212)
	at com.huawei.utbot.framework.concrete.UtExecutionInstrumentation.sortOutException(UtExecutionInstrumentation.kt:179)
	at com.huawei.utbot.framework.concrete.UtExecutionInstrumentation.access$sortOutException(UtExecutionInstrumentation.kt:96)
	at com.huawei.utbot.framework.concrete.UtExecutionInstrumentation$invoke$$inlined$use$lambda$1.invoke(UtExecutionInstrumentation.kt:152)
	at com.huawei.utbot.framework.concrete.UtExecutionInstrumentation$invoke$$inlined$use$lambda$1.invoke(UtExecutionInstrumentation.kt:96)
	at com.huawei.utbot.framework.concrete.UtExecutionInstrumentation.withStaticFields(UtExecutionInstrumentation.kt:225)
	at com.huawei.utbot.framework.concrete.UtExecutionInstrumentation.invoke(UtExecutionInstrumentation.kt:137)
	at com.huawei.utbot.framework.concrete.UtExecutionInstrumentation.invoke(UtExecutionInstrumentation.kt:96)
	at com.huawei.utbot.instrumentation.process.ChildProcessKt.loop(ChildProcess.kt:114)
	at com.huawei.utbot.instrumentation.process.ChildProcessKt.main(ChildProcess.kt:76)
	at com.huawei.utbot.instrumentation.process.ChildProcessKt.main(ChildProcess.kt)

	at com.huawei.utbot.instrumentation.ConcreteExecutor.executeAsync(ConcreteExecutor.kt:391) ~[utbot-junit-contest-1.0.jar:?]
	at com.huawei.utbot.instrumentation.ConcreteExecutor$executeAsync$1.invokeSuspend(ConcreteExecutor.kt) ~[utbot-junit-contest-1.0.jar:?]
	at kotlin.coroutines.jvm.internal.BaseContinuationImpl.resumeWith(ContinuationImpl.kt:33) [utbot-junit-contest-1.0.jar:?]
	at kotlinx.coroutines.DispatchedTask.run(DispatchedTask.kt:106) [utbot-junit-contest-1.0.jar:?]
	at java.util.concurrent.Executors$RunnableAdapter.call(Executors.java:511) [?:1.8.0_312]
	at java.util.concurrent.FutureTask.run(FutureTask.java:266) [?:1.8.0_312]
	at java.util.concurrent.ScheduledThreadPoolExecutor$ScheduledFutureTask.access$201(ScheduledThreadPoolExecutor.java:180) [?:1.8.0_312]
	at java.util.concurrent.ScheduledThreadPoolExecutor$ScheduledFutureTask.run(ScheduledThreadPoolExecutor.java:293) [?:1.8.0_312]
	at java.util.concurrent.ThreadPoolExecutor.runWorker(ThreadPoolExecutor.java:1149) [?:1.8.0_312]
	at java.util.concurrent.ThreadPoolExecutor$Worker.run(ThreadPoolExecutor.java:624) [?:1.8.0_312]
	at java.lang.Thread.run(Thread.java:748) [?:1.8.0_312]
19:02:15.893 | INFO  | Finished (in 4.541 sec): method com.alibaba.fastjson.parser.deserializer.MapDeserializer.deserialze(DefaultJSONParser, Type, Object, Map) 
<StatsForMethod> :
	#generatedTC=5
	FAILED 1 time(s) with 1 different exception(s)"
19:02:15.948 | DEBUG |  ... 
19:02:15.949 | INFO  | Started: method com.alibaba.fastjson.parser.deserializer.MapDeserializer.deserialze(DefaultJSONParser, Type, Object)
19:02:15.949 | INFO  |  -- Remaining time budget: 96698 ms, #remaining_methods: 5, budget for method: 19339 ms, solver timeout: 1000 ms, budget for symbolic execution: 18139 ms, budget for concrete execution: 1200 ms,  -- 
19:02:15.965 | ERROR | Symbolic execution FAILED
com.huawei.utbot.instrumentation.util.ChildProcessError: Error in the child process |> java.util.NoSuchElementException: List is empty.
	at kotlin.collections.CollectionsKt___CollectionsKt.first(_Collections.kt:212)
	at com.huawei.utbot.framework.concrete.UtExecutionInstrumentation.sortOutException(UtExecutionInstrumentation.kt:179)
	at com.huawei.utbot.framework.concrete.UtExecutionInstrumentation.access$sortOutException(UtExecutionInstrumentation.kt:96)
	at com.huawei.utbot.framework.concrete.UtExecutionInstrumentation$invoke$$inlined$use$lambda$1.invoke(UtExecutionInstrumentation.kt:152)
	at com.huawei.utbot.framework.concrete.UtExecutionInstrumentation$invoke$$inlined$use$lambda$1.invoke(UtExecutionInstrumentation.kt:96)
	at com.huawei.utbot.framework.concrete.UtExecutionInstrumentation.withStaticFields(UtExecutionInstrumentation.kt:225)
	at com.huawei.utbot.framework.concrete.UtExecutionInstrumentation.invoke(UtExecutionInstrumentation.kt:137)
	at com.huawei.utbot.framework.concrete.UtExecutionInstrumentation.invoke(UtExecutionInstrumentation.kt:96)
	at com.huawei.utbot.instrumentation.process.ChildProcessKt.loop(ChildProcess.kt:114)
	at com.huawei.utbot.instrumentation.process.ChildProcessKt.main(ChildProcess.kt:76)
	at com.huawei.utbot.instrumentation.process.ChildProcessKt.main(ChildProcess.kt)

	at com.huawei.utbot.instrumentation.ConcreteExecutor.executeAsync(ConcreteExecutor.kt:391) ~[utbot-junit-contest-1.0.jar:?]
	at com.huawei.utbot.instrumentation.ConcreteExecutor$executeAsync$1.invokeSuspend(ConcreteExecutor.kt) ~[utbot-junit-contest-1.0.jar:?]
	at kotlin.coroutines.jvm.internal.BaseContinuationImpl.resumeWith(ContinuationImpl.kt:33) [utbot-junit-contest-1.0.jar:?]
	at kotlinx.coroutines.DispatchedTask.run(DispatchedTask.kt:106) [utbot-junit-contest-1.0.jar:?]
	at java.util.concurrent.Executors$RunnableAdapter.call(Executors.java:511) [?:1.8.0_312]
	at java.util.concurrent.FutureTask.run(FutureTask.java:266) [?:1.8.0_312]
	at java.util.concurrent.ScheduledThreadPoolExecutor$ScheduledFutureTask.access$201(ScheduledThreadPoolExecutor.java:180) [?:1.8.0_312]
	at java.util.concurrent.ScheduledThreadPoolExecutor$ScheduledFutureTask.run(ScheduledThreadPoolExecutor.java:293) [?:1.8.0_312]
	at java.util.concurrent.ThreadPoolExecutor.runWorker(ThreadPoolExecutor.java:1149) [?:1.8.0_312]
	at java.util.concurrent.ThreadPoolExecutor$Worker.run(ThreadPoolExecutor.java:624) [?:1.8.0_312]
	at java.lang.Thread.run(Thread.java:748) [?:1.8.0_312]
19:02:16.427 | DEBUG | --new testCase collected, to generate: testCom.alibaba.fastjson.parser.deserializer.MapDeserializer.deserialze(DefaultJSONParser, Type, Object)1
19:02:16.482 | DEBUG | --new testCase collected, to generate: testCom.alibaba.fastjson.parser.deserializer.MapDeserializer.deserialze(DefaultJSONParser, Type, Object)2
19:02:16.667 | DEBUG | --new testCase collected, to generate: testCom.alibaba.fastjson.parser.deserializer.MapDeserializer.deserialze(DefaultJSONParser, Type, Object)3
19:02:16.982 | DEBUG | --new testCase collected, to generate: testCom.alibaba.fastjson.parser.deserializer.MapDeserializer.deserialze(DefaultJSONParser, Type, Object)4
19:02:17.306 | DEBUG | --new testCase collected, to generate: testCom.alibaba.fastjson.parser.deserializer.MapDeserializer.deserialze(DefaultJSONParser, Type, Object)5
19:02:20.004 | DEBUG | --new testCase collected, to generate: testCom.alibaba.fastjson.parser.deserializer.MapDeserializer.deserialze(DefaultJSONParser, Type, Object)6
19:02:21.610 | DEBUG | --new testCase collected, to generate: testCom.alibaba.fastjson.parser.deserializer.MapDeserializer.deserialze(DefaultJSONParser, Type, Object)7
19:02:25.905 | DEBUG | --new testCase collected, to generate: testCom.alibaba.fastjson.parser.deserializer.MapDeserializer.deserialze(DefaultJSONParser, Type, Object)8
19:02:27.046 | DEBUG | --new testCase collected, to generate: testCom.alibaba.fastjson.parser.deserializer.MapDeserializer.deserialze(DefaultJSONParser, Type, Object)9
19:02:28.058 | DEBUG | --new testCase collected, to generate: testCom.alibaba.fastjson.parser.deserializer.MapDeserializer.deserialze(DefaultJSONParser, Type, Object)10
19:02:28.638 | DEBUG | --new testCase collected, to generate: testCom.alibaba.fastjson.parser.deserializer.MapDeserializer.deserialze(DefaultJSONParser, Type, Object)11
19:02:28.954 | DEBUG | --new testCase collected, to generate: testCom.alibaba.fastjson.parser.deserializer.MapDeserializer.deserialze(DefaultJSONParser, Type, Object)12
19:02:29.285 | DEBUG | --new testCase collected, to generate: testCom.alibaba.fastjson.parser.deserializer.MapDeserializer.deserialze(DefaultJSONParser, Type, Object)13
19:02:30.227 | DEBUG | --new testCase collected, to generate: testCom.alibaba.fastjson.parser.deserializer.MapDeserializer.deserialze(DefaultJSONParser, Type, Object)14
19:02:31.604 | DEBUG | --new testCase collected, to generate: testCom.alibaba.fastjson.parser.deserializer.MapDeserializer.deserialze(DefaultJSONParser, Type, Object)15
19:02:34.089 | INFO  | |> Starting concrete execution for remaining state: com.alibaba.fastjson.parser.deserializer.MapDeserializer.deserialze(DefaultJSONParser, Type, Object)
19:02:34.520 | DEBUG | --new testCase collected, to generate: testCom.alibaba.fastjson.parser.deserializer.MapDeserializer.deserialze(DefaultJSONParser, Type, Object)16
19:02:35.290 | INFO  | (X) Cancelling concrete execution: com.alibaba.fastjson.parser.deserializer.MapDeserializer.deserialze(DefaultJSONParser, Type, Object)
19:02:35.692 | INFO  | Finished (in 19.742 sec): method com.alibaba.fastjson.parser.deserializer.MapDeserializer.deserialze(DefaultJSONParser, Type, Object) 
<StatsForMethod> :
	#generatedTC=16
	FAILED 1 time(s) with 1 different exception(s)"
19:02:35.712 | DEBUG |  ... 
19:02:35.713 | INFO  | Started: method com.alibaba.fastjson.parser.deserializer.MapDeserializer.createMap(Type)
19:02:35.713 | INFO  |  -- Remaining time budget: 76935 ms, #remaining_methods: 4, budget for method: 19233 ms, solver timeout: 1000 ms, budget for symbolic execution: 18033 ms, budget for concrete execution: 1200 ms,  -- 
19:02:35.727 | ERROR | Symbolic execution FAILED
com.huawei.utbot.instrumentation.util.ChildProcessError: Error in the child process |> java.util.NoSuchElementException: List is empty.
	at kotlin.collections.CollectionsKt___CollectionsKt.first(_Collections.kt:212)
	at com.huawei.utbot.framework.concrete.UtExecutionInstrumentation.sortOutException(UtExecutionInstrumentation.kt:179)
	at com.huawei.utbot.framework.concrete.UtExecutionInstrumentation.access$sortOutException(UtExecutionInstrumentation.kt:96)
	at com.huawei.utbot.framework.concrete.UtExecutionInstrumentation$invoke$$inlined$use$lambda$1.invoke(UtExecutionInstrumentation.kt:152)
	at com.huawei.utbot.framework.concrete.UtExecutionInstrumentation$invoke$$inlined$use$lambda$1.invoke(UtExecutionInstrumentation.kt:96)
	at com.huawei.utbot.framework.concrete.UtExecutionInstrumentation.withStaticFields(UtExecutionInstrumentation.kt:225)
	at com.huawei.utbot.framework.concrete.UtExecutionInstrumentation.invoke(UtExecutionInstrumentation.kt:137)
	at com.huawei.utbot.framework.concrete.UtExecutionInstrumentation.invoke(UtExecutionInstrumentation.kt:96)
	at com.huawei.utbot.instrumentation.process.ChildProcessKt.loop(ChildProcess.kt:114)
	at com.huawei.utbot.instrumentation.process.ChildProcessKt.main(ChildProcess.kt:76)
	at com.huawei.utbot.instrumentation.process.ChildProcessKt.main(ChildProcess.kt)

	at com.huawei.utbot.instrumentation.ConcreteExecutor.executeAsync(ConcreteExecutor.kt:391) ~[utbot-junit-contest-1.0.jar:?]
	at com.huawei.utbot.instrumentation.ConcreteExecutor$executeAsync$1.invokeSuspend(ConcreteExecutor.kt) ~[utbot-junit-contest-1.0.jar:?]
	at kotlin.coroutines.jvm.internal.BaseContinuationImpl.resumeWith(ContinuationImpl.kt:33) [utbot-junit-contest-1.0.jar:?]
	at kotlinx.coroutines.DispatchedTask.run(DispatchedTask.kt:106) [utbot-junit-contest-1.0.jar:?]
	at java.util.concurrent.Executors$RunnableAdapter.call(Executors.java:511) [?:1.8.0_312]
	at java.util.concurrent.FutureTask.run(FutureTask.java:266) [?:1.8.0_312]
	at java.util.concurrent.ScheduledThreadPoolExecutor$ScheduledFutureTask.access$201(ScheduledThreadPoolExecutor.java:180) [?:1.8.0_312]
	at java.util.concurrent.ScheduledThreadPoolExecutor$ScheduledFutureTask.run(ScheduledThreadPoolExecutor.java:293) [?:1.8.0_312]
	at java.util.concurrent.ThreadPoolExecutor.runWorker(ThreadPoolExecutor.java:1149) [?:1.8.0_312]
	at java.util.concurrent.ThreadPoolExecutor$Worker.run(ThreadPoolExecutor.java:624) [?:1.8.0_312]
	at java.lang.Thread.run(Thread.java:748) [?:1.8.0_312]
19:02:35.987 | DEBUG | --new testCase collected, to generate: testCom.alibaba.fastjson.parser.deserializer.MapDeserializer.createMap(Type)1
19:02:36.016 | DEBUG | --new testCase collected, to generate: testCom.alibaba.fastjson.parser.deserializer.MapDeserializer.createMap(Type)2
19:02:36.066 | DEBUG | --new testCase collected, to generate: testCom.alibaba.fastjson.parser.deserializer.MapDeserializer.createMap(Type)3
19:02:36.231 | DEBUG | --new testCase collected, to generate: testCom.alibaba.fastjson.parser.deserializer.MapDeserializer.createMap(Type)4
19:02:36.300 | DEBUG | --new testCase collected, to generate: testCom.alibaba.fastjson.parser.deserializer.MapDeserializer.createMap(Type)5
19:02:36.501 | DEBUG | --new testCase collected, to generate: testCom.alibaba.fastjson.parser.deserializer.MapDeserializer.createMap(Type)6
19:02:36.561 | DEBUG | --new testCase collected, to generate: testCom.alibaba.fastjson.parser.deserializer.MapDeserializer.createMap(Type)7
19:02:36.620 | DEBUG | --new testCase collected, to generate: testCom.alibaba.fastjson.parser.deserializer.MapDeserializer.createMap(Type)8
19:02:36.658 | DEBUG | --new testCase collected, to generate: testCom.alibaba.fastjson.parser.deserializer.MapDeserializer.createMap(Type)9
19:02:36.763 | DEBUG | --new testCase collected, to generate: testCom.alibaba.fastjson.parser.deserializer.MapDeserializer.createMap(Type)10
19:02:37.021 | DEBUG | --new testCase collected, to generate: testCom.alibaba.fastjson.parser.deserializer.MapDeserializer.createMap(Type)11
19:02:37.229 | DEBUG | --new testCase collected, to generate: testCom.alibaba.fastjson.parser.deserializer.MapDeserializer.createMap(Type)12
19:02:37.290 | DEBUG | --new testCase collected, to generate: testCom.alibaba.fastjson.parser.deserializer.MapDeserializer.createMap(Type)13
19:02:37.436 | DEBUG | --new testCase collected, to generate: testCom.alibaba.fastjson.parser.deserializer.MapDeserializer.createMap(Type)14
19:02:38.077 | DEBUG | --new testCase collected, to generate: testCom.alibaba.fastjson.parser.deserializer.MapDeserializer.createMap(Type)15
19:02:38.899 | DEBUG | --new testCase collected, to generate: testCom.alibaba.fastjson.parser.deserializer.MapDeserializer.createMap(Type)16
19:02:39.953 | DEBUG | --new testCase collected, to generate: testCom.alibaba.fastjson.parser.deserializer.MapDeserializer.createMap(Type)17
19:02:40.762 | DEBUG | --new testCase collected, to generate: testCom.alibaba.fastjson.parser.deserializer.MapDeserializer.createMap(Type)18
19:02:46.141 | DEBUG | --new testCase collected, to generate: testCom.alibaba.fastjson.parser.deserializer.MapDeserializer.createMap(Type)19
19:02:46.424 | DEBUG | --new testCase collected, to generate: testCom.alibaba.fastjson.parser.deserializer.MapDeserializer.createMap(Type)20
19:02:47.046 | DEBUG | --new testCase collected, to generate: testCom.alibaba.fastjson.parser.deserializer.MapDeserializer.createMap(Type)21
19:02:53.746 | INFO  | |> Starting concrete execution for remaining state: com.alibaba.fastjson.parser.deserializer.MapDeserializer.createMap(Type)
19:02:53.753 | DEBUG | --new testCase collected, to generate: testCom.alibaba.fastjson.parser.deserializer.MapDeserializer.createMap(Type)22
19:02:54.947 | INFO  | (X) Cancelling concrete execution: com.alibaba.fastjson.parser.deserializer.MapDeserializer.createMap(Type)
19:02:55.159 | INFO  | Finished (in 19.442 sec): method com.alibaba.fastjson.parser.deserializer.MapDeserializer.createMap(Type) 
<StatsForMethod> :
	#generatedTC=22
	FAILED 1 time(s) with 1 different exception(s)"
19:02:55.209 | DEBUG |  ... 
19:02:55.210 | INFO  | Started: method com.alibaba.fastjson.parser.deserializer.MapDeserializer.parseMap(DefaultJSONParser, Map, Type, Object)
19:02:55.211 | INFO  |  -- Remaining time budget: 57438 ms, #remaining_methods: 3, budget for method: 19146 ms, solver timeout: 1000 ms, budget for symbolic execution: 17946 ms, budget for concrete execution: 1200 ms,  -- 
19:02:55.225 | ERROR | Symbolic execution FAILED
com.huawei.utbot.instrumentation.util.ChildProcessError: Error in the child process |> java.util.NoSuchElementException: List is empty.
	at kotlin.collections.CollectionsKt___CollectionsKt.first(_Collections.kt:212)
	at com.huawei.utbot.framework.concrete.UtExecutionInstrumentation.sortOutException(UtExecutionInstrumentation.kt:179)
	at com.huawei.utbot.framework.concrete.UtExecutionInstrumentation.access$sortOutException(UtExecutionInstrumentation.kt:96)
	at com.huawei.utbot.framework.concrete.UtExecutionInstrumentation$invoke$$inlined$use$lambda$1.invoke(UtExecutionInstrumentation.kt:152)
	at com.huawei.utbot.framework.concrete.UtExecutionInstrumentation$invoke$$inlined$use$lambda$1.invoke(UtExecutionInstrumentation.kt:96)
	at com.huawei.utbot.framework.concrete.UtExecutionInstrumentation.withStaticFields(UtExecutionInstrumentation.kt:225)
	at com.huawei.utbot.framework.concrete.UtExecutionInstrumentation.invoke(UtExecutionInstrumentation.kt:137)
	at com.huawei.utbot.framework.concrete.UtExecutionInstrumentation.invoke(UtExecutionInstrumentation.kt:96)
	at com.huawei.utbot.instrumentation.process.ChildProcessKt.loop(ChildProcess.kt:114)
	at com.huawei.utbot.instrumentation.process.ChildProcessKt.main(ChildProcess.kt:76)
	at com.huawei.utbot.instrumentation.process.ChildProcessKt.main(ChildProcess.kt)

	at com.huawei.utbot.instrumentation.ConcreteExecutor.executeAsync(ConcreteExecutor.kt:391) ~[utbot-junit-contest-1.0.jar:?]
	at com.huawei.utbot.instrumentation.ConcreteExecutor$executeAsync$1.invokeSuspend(ConcreteExecutor.kt) ~[utbot-junit-contest-1.0.jar:?]
	at kotlin.coroutines.jvm.internal.BaseContinuationImpl.resumeWith(ContinuationImpl.kt:33) [utbot-junit-contest-1.0.jar:?]
	at kotlinx.coroutines.DispatchedTask.run(DispatchedTask.kt:106) [utbot-junit-contest-1.0.jar:?]
	at java.util.concurrent.Executors$RunnableAdapter.call(Executors.java:511) [?:1.8.0_312]
	at java.util.concurrent.FutureTask.run(FutureTask.java:266) [?:1.8.0_312]
	at java.util.concurrent.ScheduledThreadPoolExecutor$ScheduledFutureTask.access$201(ScheduledThreadPoolExecutor.java:180) [?:1.8.0_312]
	at java.util.concurrent.ScheduledThreadPoolExecutor$ScheduledFutureTask.run(ScheduledThreadPoolExecutor.java:293) [?:1.8.0_312]
	at java.util.concurrent.ThreadPoolExecutor.runWorker(ThreadPoolExecutor.java:1149) [?:1.8.0_312]
	at java.util.concurrent.ThreadPoolExecutor$Worker.run(ThreadPoolExecutor.java:624) [?:1.8.0_312]
	at java.lang.Thread.run(Thread.java:748) [?:1.8.0_312]
19:02:55.668 | DEBUG | --new testCase collected, to generate: testCom.alibaba.fastjson.parser.deserializer.MapDeserializer.parseMap(DefaultJSONParser, Map, Type, Object)1
19:03:13.156 | INFO  | |> Starting concrete execution for remaining state: com.alibaba.fastjson.parser.deserializer.MapDeserializer.parseMap(DefaultJSONParser, Map, Type, Object)
19:03:14.357 | INFO  | (X) Cancelling concrete execution: com.alibaba.fastjson.parser.deserializer.MapDeserializer.parseMap(DefaultJSONParser, Map, Type, Object)
19:03:14.388 | INFO  | Finished (in 19.178 sec): method com.alibaba.fastjson.parser.deserializer.MapDeserializer.parseMap(DefaultJSONParser, Map, Type, Object) 
<StatsForMethod> :
	#generatedTC=1
	FAILED 1 time(s) with 1 different exception(s)"
19:03:15.324 | DEBUG |  ... 
19:03:15.326 | INFO  | Started: method com.alibaba.fastjson.parser.deserializer.MapDeserializer.parseMap(DefaultJSONParser, Map, Type, Type, Object)
19:03:15.326 | INFO  |  -- Remaining time budget: 37323 ms, #remaining_methods: 2, budget for method: 18661 ms, solver timeout: 1000 ms, budget for symbolic execution: 17461 ms, budget for concrete execution: 1200 ms,  -- 
19:03:15.341 | ERROR | Symbolic execution FAILED
com.huawei.utbot.instrumentation.util.ChildProcessError: Error in the child process |> java.util.NoSuchElementException: List is empty.
	at kotlin.collections.CollectionsKt___CollectionsKt.first(_Collections.kt:212)
	at com.huawei.utbot.framework.concrete.UtExecutionInstrumentation.sortOutException(UtExecutionInstrumentation.kt:179)
	at com.huawei.utbot.framework.concrete.UtExecutionInstrumentation.access$sortOutException(UtExecutionInstrumentation.kt:96)
	at com.huawei.utbot.framework.concrete.UtExecutionInstrumentation$invoke$$inlined$use$lambda$1.invoke(UtExecutionInstrumentation.kt:152)
	at com.huawei.utbot.framework.concrete.UtExecutionInstrumentation$invoke$$inlined$use$lambda$1.invoke(UtExecutionInstrumentation.kt:96)
	at com.huawei.utbot.framework.concrete.UtExecutionInstrumentation.withStaticFields(UtExecutionInstrumentation.kt:225)
	at com.huawei.utbot.framework.concrete.UtExecutionInstrumentation.invoke(UtExecutionInstrumentation.kt:137)
	at com.huawei.utbot.framework.concrete.UtExecutionInstrumentation.invoke(UtExecutionInstrumentation.kt:96)
	at com.huawei.utbot.instrumentation.process.ChildProcessKt.loop(ChildProcess.kt:114)
	at com.huawei.utbot.instrumentation.process.ChildProcessKt.main(ChildProcess.kt:76)
	at com.huawei.utbot.instrumentation.process.ChildProcessKt.main(ChildProcess.kt)

	at com.huawei.utbot.instrumentation.ConcreteExecutor.executeAsync(ConcreteExecutor.kt:391) ~[utbot-junit-contest-1.0.jar:?]
	at com.huawei.utbot.instrumentation.ConcreteExecutor$executeAsync$1.invokeSuspend(ConcreteExecutor.kt) ~[utbot-junit-contest-1.0.jar:?]
	at kotlin.coroutines.jvm.internal.BaseContinuationImpl.resumeWith(ContinuationImpl.kt:33) [utbot-junit-contest-1.0.jar:?]
	at kotlinx.coroutines.DispatchedTask.run(DispatchedTask.kt:106) [utbot-junit-contest-1.0.jar:?]
	at java.util.concurrent.Executors$RunnableAdapter.call(Executors.java:511) [?:1.8.0_312]
	at java.util.concurrent.FutureTask.run(FutureTask.java:266) [?:1.8.0_312]
	at java.util.concurrent.ScheduledThreadPoolExecutor$ScheduledFutureTask.access$201(ScheduledThreadPoolExecutor.java:180) [?:1.8.0_312]
	at java.util.concurrent.ScheduledThreadPoolExecutor$ScheduledFutureTask.run(ScheduledThreadPoolExecutor.java:293) [?:1.8.0_312]
	at java.util.concurrent.ThreadPoolExecutor.runWorker(ThreadPoolExecutor.java:1149) [?:1.8.0_312]
	at java.util.concurrent.ThreadPoolExecutor$Worker.run(ThreadPoolExecutor.java:624) [?:1.8.0_312]
	at java.lang.Thread.run(Thread.java:748) [?:1.8.0_312]
19:03:15.805 | DEBUG | --new testCase collected, to generate: testCom.alibaba.fastjson.parser.deserializer.MapDeserializer.parseMap(DefaultJSONParser, Map, Type, Type, Object)1
19:03:16.450 | DEBUG | --new testCase collected, to generate: testCom.alibaba.fastjson.parser.deserializer.MapDeserializer.parseMap(DefaultJSONParser, Map, Type, Type, Object)2
19:03:16.522 | DEBUG | --new testCase collected, to generate: testCom.alibaba.fastjson.parser.deserializer.MapDeserializer.parseMap(DefaultJSONParser, Map, Type, Type, Object)3
19:03:16.860 | DEBUG | --new testCase collected, to generate: testCom.alibaba.fastjson.parser.deserializer.MapDeserializer.parseMap(DefaultJSONParser, Map, Type, Type, Object)4
19:03:17.168 | DEBUG | --new testCase collected, to generate: testCom.alibaba.fastjson.parser.deserializer.MapDeserializer.parseMap(DefaultJSONParser, Map, Type, Type, Object)5
19:03:18.217 | DEBUG | --new testCase collected, to generate: testCom.alibaba.fastjson.parser.deserializer.MapDeserializer.parseMap(DefaultJSONParser, Map, Type, Type, Object)6
19:03:18.522 | DEBUG | --new testCase collected, to generate: testCom.alibaba.fastjson.parser.deserializer.MapDeserializer.parseMap(DefaultJSONParser, Map, Type, Type, Object)7
19:03:32.787 | INFO  | |> Starting concrete execution for remaining state: com.alibaba.fastjson.parser.deserializer.MapDeserializer.parseMap(DefaultJSONParser, Map, Type, Type, Object)
19:03:33.988 | INFO  | (X) Cancelling concrete execution: com.alibaba.fastjson.parser.deserializer.MapDeserializer.parseMap(DefaultJSONParser, Map, Type, Type, Object)
19:03:34.468 | INFO  | Finished (in 19.142 sec): method com.alibaba.fastjson.parser.deserializer.MapDeserializer.parseMap(DefaultJSONParser, Map, Type, Type, Object) 
<StatsForMethod> :
	#generatedTC=7
	FAILED 1 time(s) with 1 different exception(s)"
19:03:34.861 | DEBUG |  ... 
19:03:34.861 | INFO  | Started: method com.alibaba.fastjson.parser.deserializer.MapDeserializer.<init>()
19:03:34.862 | INFO  |  -- Remaining time budget: 17786 ms, #remaining_methods: 1, budget for method: 17786 ms, solver timeout: 1000 ms, budget for symbolic execution: 16586 ms, budget for concrete execution: 1200 ms,  -- 
19:03:34.873 | DEBUG | --new testCase collected, to generate: testCom.alibaba.fastjson.parser.deserializer.MapDeserializer.<init>()1
19:03:34.899 | DEBUG | --new testCase collected, to generate: testCom.alibaba.fastjson.parser.deserializer.MapDeserializer.<init>()2
19:03:34.900 | INFO  | Finished (in 0.038 sec): method com.alibaba.fastjson.parser.deserializer.MapDeserializer.<init>() 
<StatsForMethod> :
	#generatedTC=2
	WITH NO EXCEPTIONS
19:03:34.907 | INFO  | Started: Flushing tests for [MapDeserializer] on disk
19:03:35.287 | INFO  | File size for MapDeserializerTest: 65 KB
19:03:35.290 | INFO  | Finished (in 0.382 sec): Flushing tests for [MapDeserializer] on disk 
19:03:35.291 | INFO  | Finished (in 84.609 sec): class com.alibaba.fastjson.parser.deserializer.MapDeserializer 
<StatsForClass> :
	canceled by timeout = false
	#methods = 7, 
	#methods started symbolic exploration = 7
	#methods with at least one TC = 7
	#methods with exceptions = 5
	#generated TC = 55
	#coverage = null
[READY]
