Started UtBot Contest, classfileDir = /var/benchmarks/projects/seata/core/target/classes, classpathString=/var/benchmarks/projects/seata/core/target/classes:/var/benchmarks/projects/seata/core/target/seata-core-0.5.0.jar:/var/benchmarks/projects/./seata/core/target/dependency/mockito-core-2.23.4.jar:/var/benchmarks/projects/seata/core/target/dependency/byte-buddy-agent-1.9.3.jar:/var/benchmarks/projects/seata/core/target/dependency/assertj-core-2.6.0.jar:/var/benchmarks/projects/seata/core/target/dependency/seata-common-0.5.0.jar:/var/benchmarks/projects/seata/core/target/dependency/byte-buddy-1.9.3.jar:/var/benchmarks/projects/seata/core/target/dependency/objenesis-2.6.jar:/var/benchmarks/projects/seata/core/target/dependency/seata-discovery-core-0.5.0.jar:/var/benchmarks/projects/seata/core/target/dependency/commons-pool2-2.4.2.jar:/var/benchmarks/projects/seata/core/target/dependency/junit-4.12.jar:/var/benchmarks/projects/seata/core/target/dependency/hamcrest-core-1.3.jar:/var/benchmarks/projects/seata/core/target/dependency/slf4j-api-1.7.22.jar:/var/benchmarks/projects/seata/core/target/dependency/seata-config-core-0.5.0.jar:/var/benchmarks/projects/seata/core/target/dependency/netty-all-4.1.24.Final.jar:/var/benchmarks/projects/seata/core/target/dependency/commons-lang-2.6.jar:/var/benchmarks/projects/seata/core/target/dependency/fastjson-1.2.48.jar:/var/benchmarks/projects/seata/core/target/dependency/config-1.2.1.jar:/var/benchmarks/projects/seata/core/target/dependency/commons-pool-1.6.jar, outputDir=/home/utbot_mocks/temp/testcases, mocks=Other classes: Mockito
17:09:08.585 | INFO  | Started: warmup: kotlin reflection :: init
17:09:08.666 | INFO  | Finished (in 0.081 sec): warmup: kotlin reflection :: init 
[INIT]
>> [RUN] io.seata.core.rpc.netty.RmRpcClient 30
17:09:08.680 | DEBUG | -----------------------------------------------------------------------------
17:09:08.680 | INFO  | Contest.runGeneration: Time budget: 30000 ms, Generation timeout=25500 ms, classpath=/var/benchmarks/projects/seata/core/target/classes:/var/benchmarks/projects/seata/core/target/seata-core-0.5.0.jar:/var/benchmarks/projects/./seata/core/target/dependency/mockito-core-2.23.4.jar:/var/benchmarks/projects/seata/core/target/dependency/byte-buddy-agent-1.9.3.jar:/var/benchmarks/projects/seata/core/target/dependency/assertj-core-2.6.0.jar:/var/benchmarks/projects/seata/core/target/dependency/seata-common-0.5.0.jar:/var/benchmarks/projects/seata/core/target/dependency/byte-buddy-1.9.3.jar:/var/benchmarks/projects/seata/core/target/dependency/objenesis-2.6.jar:/var/benchmarks/projects/seata/core/target/dependency/seata-discovery-core-0.5.0.jar:/var/benchmarks/projects/seata/core/target/dependency/commons-pool2-2.4.2.jar:/var/benchmarks/projects/seata/core/target/dependency/junit-4.12.jar:/var/benchmarks/projects/seata/core/target/dependency/hamcrest-core-1.3.jar:/var/benchmarks/projects/seata/core/target/dependency/slf4j-api-1.7.22.jar:/var/benchmarks/projects/seata/core/target/dependency/seata-config-core-0.5.0.jar:/var/benchmarks/projects/seata/core/target/dependency/netty-all-4.1.24.Final.jar:/var/benchmarks/projects/seata/core/target/dependency/commons-lang-2.6.jar:/var/benchmarks/projects/seata/core/target/dependency/fastjson-1.2.48.jar:/var/benchmarks/projects/seata/core/target/dependency/config-1.2.1.jar:/var/benchmarks/projects/seata/core/target/dependency/commons-pool-1.6.jar, methodNameFilter=null
17:09:08.682 | INFO  | ClassUnderTest[ FQN: io.seata.core.rpc.netty.RmRpcClient
    classfileDir: /var/benchmarks/projects/seata/core/target/classes
    testClassSimpleName: RmRpcClientTest
    generatedTestFile: /home/utbot_mocks/temp/testcases/io/seata/core/rpc/netty/RmRpcClientTest.java
    generatedTestsSourcesDir: /home/utbot_mocks/temp/testcases
]
17:09:08.707 | INFO  | Started: class io.seata.core.rpc.netty.RmRpcClient
17:09:08.709 | INFO  | Started: preparation class class io.seata.core.rpc.netty.RmRpcClient: kotlin reflection :: run
17:09:08.902 | INFO  | Finished (in 0.192 sec): preparation class class io.seata.core.rpc.netty.RmRpcClient: kotlin reflection :: run 
17:09:08.903 | INFO  | Started: 2nd optional soot initialization
17:09:08.904 | INFO  | Finished (in 0.001 sec): 2nd optional soot initialization 
17:09:08.913 | DEBUG |  ... 
17:09:08.932 | INFO  | Started: method io.seata.core.rpc.netty.RmRpcClient.exceptionCaught(ChannelHandlerContext, Throwable)
17:09:08.933 | INFO  |  -- Remaining time budget: 25266 ms, #remaining_methods: 28, budget for method: 902 ms, solver timeout: 451 ms, budget for symbolic execution: 451 ms, budget for concrete execution: 451 ms,  -- 
17:09:09.323 | DEBUG | --new testCase collected, to generate: testIo.seata.core.rpc.netty.RmRpcClient.exceptionCaught(ChannelHandlerContext, Throwable)1
17:09:09.377 | INFO  | |> Starting concrete execution for remaining state: io.seata.core.rpc.netty.RmRpcClient.exceptionCaught(ChannelHandlerContext, Throwable)
17:09:09.830 | INFO  | (X) Cancelling concrete execution: io.seata.core.rpc.netty.RmRpcClient.exceptionCaught(ChannelHandlerContext, Throwable)
17:09:09.849 | INFO  | Finished (in 0.916 sec): method io.seata.core.rpc.netty.RmRpcClient.exceptionCaught(ChannelHandlerContext, Throwable) 
<StatsForMethod> :
	#generatedTC=1
	WITH NO EXCEPTIONS
17:09:09.863 | DEBUG |  ... 
17:09:09.864 | INFO  | Started: method io.seata.core.rpc.netty.RmRpcClient.userEventTriggered(ChannelHandlerContext, Object)
17:09:09.864 | INFO  |  -- Remaining time budget: 24317 ms, #remaining_methods: 27, budget for method: 900 ms, solver timeout: 450 ms, budget for symbolic execution: 450 ms, budget for concrete execution: 450 ms,  -- 
17:09:09.880 | DEBUG | --new testCase collected, to generate: testIo.seata.core.rpc.netty.RmRpcClient.userEventTriggered(ChannelHandlerContext, Object)1
17:09:10.137 | DEBUG | --new testCase collected, to generate: testIo.seata.core.rpc.netty.RmRpcClient.userEventTriggered(ChannelHandlerContext, Object)2
17:09:10.314 | INFO  | |> Starting concrete execution for remaining state: io.seata.core.rpc.netty.RmRpcClient.userEventTriggered(ChannelHandlerContext, Object)
17:09:10.380 | INFO  | Finished (in 0.515 sec): method io.seata.core.rpc.netty.RmRpcClient.userEventTriggered(ChannelHandlerContext, Object) 
<StatsForMethod> :
	#generatedTC=2
	WITH NO EXCEPTIONS
17:09:10.389 | DEBUG |  ... 
17:09:10.389 | INFO  | Started: method io.seata.core.rpc.netty.RmRpcClient.connect(String)
17:09:10.390 | INFO  |  -- Remaining time budget: 23792 ms, #remaining_methods: 26, budget for method: 915 ms, solver timeout: 457 ms, budget for symbolic execution: 458 ms, budget for concrete execution: 457 ms,  -- 
17:09:10.406 | DEBUG | --new testCase collected, to generate: testIo.seata.core.rpc.netty.RmRpcClient.connect(String)1
17:09:10.848 | INFO  | |> Starting concrete execution for remaining state: io.seata.core.rpc.netty.RmRpcClient.connect(String)
17:09:11.306 | INFO  | (X) Cancelling concrete execution: io.seata.core.rpc.netty.RmRpcClient.connect(String)
17:09:11.316 | INFO  | Finished (in 0.927 sec): method io.seata.core.rpc.netty.RmRpcClient.connect(String) 
<StatsForMethod> :
	#generatedTC=1
	WITH NO EXCEPTIONS
17:09:11.343 | DEBUG |  ... 
17:09:11.344 | INFO  | Started: method io.seata.core.rpc.netty.RmRpcClient.sendResponse(long, String, Object)
17:09:11.344 | INFO  |  -- Remaining time budget: 22837 ms, #remaining_methods: 25, budget for method: 913 ms, solver timeout: 456 ms, budget for symbolic execution: 457 ms, budget for concrete execution: 456 ms,  -- 
17:09:11.352 | DEBUG | --new testCase collected, to generate: testIo.seata.core.rpc.netty.RmRpcClient.sendResponse(long, String, Object)1
17:09:11.802 | INFO  | |> Starting concrete execution for remaining state: io.seata.core.rpc.netty.RmRpcClient.sendResponse(long, String, Object)
17:09:12.259 | INFO  | (X) Cancelling concrete execution: io.seata.core.rpc.netty.RmRpcClient.sendResponse(long, String, Object)
17:09:12.272 | INFO  | Finished (in 0.928 sec): method io.seata.core.rpc.netty.RmRpcClient.sendResponse(long, String, Object) 
<StatsForMethod> :
	#generatedTC=1
	WITH NO EXCEPTIONS
17:09:12.319 | DEBUG |  ... 
17:09:12.319 | INFO  | Started: method io.seata.core.rpc.netty.RmRpcClient.destroyChannel(String, Channel)
17:09:12.320 | INFO  |  -- Remaining time budget: 21862 ms, #remaining_methods: 24, budget for method: 910 ms, solver timeout: 455 ms, budget for symbolic execution: 455 ms, budget for concrete execution: 455 ms,  -- 
17:09:12.329 | DEBUG | --new testCase collected, to generate: testIo.seata.core.rpc.netty.RmRpcClient.destroyChannel(String, Channel)1
17:09:12.357 | DEBUG | --new testCase collected, to generate: testIo.seata.core.rpc.netty.RmRpcClient.destroyChannel(String, Channel)2
17:09:12.775 | INFO  | |> Starting concrete execution for remaining state: io.seata.core.rpc.netty.RmRpcClient.destroyChannel(String, Channel)
17:09:13.231 | INFO  | (X) Cancelling concrete execution: io.seata.core.rpc.netty.RmRpcClient.destroyChannel(String, Channel)
17:09:13.252 | INFO  | Finished (in 0.932 sec): method io.seata.core.rpc.netty.RmRpcClient.destroyChannel(String, Channel) 
<StatsForMethod> :
	#generatedTC=2
	WITH NO EXCEPTIONS
17:09:13.297 | DEBUG |  ... 
17:09:13.298 | INFO  | Started: method io.seata.core.rpc.netty.RmRpcClient.init()
17:09:13.298 | INFO  |  -- Remaining time budget: 20884 ms, #remaining_methods: 23, budget for method: 908 ms, solver timeout: 454 ms, budget for symbolic execution: 454 ms, budget for concrete execution: 454 ms,  -- 
17:09:13.306 | DEBUG | --new testCase collected, to generate: testIo.seata.core.rpc.netty.RmRpcClient.init()1
17:09:13.752 | INFO  | |> Starting concrete execution for remaining state: io.seata.core.rpc.netty.RmRpcClient.init()
17:09:14.207 | INFO  | (X) Cancelling concrete execution: io.seata.core.rpc.netty.RmRpcClient.init()
17:09:14.220 | INFO  | Finished (in 0.922 sec): method io.seata.core.rpc.netty.RmRpcClient.init() 
<StatsForMethod> :
	#generatedTC=1
	WITH NO EXCEPTIONS
17:09:14.282 | DEBUG |  ... 
17:09:14.283 | INFO  | Started: method io.seata.core.rpc.netty.RmRpcClient.onRegisterMsgSuccess(String, Channel, Object, AbstractMessage)
17:09:14.283 | INFO  |  -- Remaining time budget: 19899 ms, #remaining_methods: 22, budget for method: 904 ms, solver timeout: 452 ms, budget for symbolic execution: 452 ms, budget for concrete execution: 452 ms,  -- 
17:09:14.296 | DEBUG | --new testCase collected, to generate: testIo.seata.core.rpc.netty.RmRpcClient.onRegisterMsgSuccess(String, Channel, Object, AbstractMessage)1
17:09:14.705 | DEBUG | --new testCase collected, to generate: testIo.seata.core.rpc.netty.RmRpcClient.onRegisterMsgSuccess(String, Channel, Object, AbstractMessage)2
17:09:14.735 | INFO  | |> Starting concrete execution for remaining state: io.seata.core.rpc.netty.RmRpcClient.onRegisterMsgSuccess(String, Channel, Object, AbstractMessage)
17:09:15.187 | INFO  | (X) Cancelling concrete execution: io.seata.core.rpc.netty.RmRpcClient.onRegisterMsgSuccess(String, Channel, Object, AbstractMessage)
17:09:15.219 | INFO  | Finished (in 0.936 sec): method io.seata.core.rpc.netty.RmRpcClient.onRegisterMsgSuccess(String, Channel, Object, AbstractMessage) 
<StatsForMethod> :
	#generatedTC=2
	WITH NO EXCEPTIONS
17:09:15.251 | DEBUG |  ... 
17:09:15.252 | INFO  | Started: method io.seata.core.rpc.netty.RmRpcClient.onRegisterMsgFail(String, Channel, Object, AbstractMessage)
17:09:15.252 | INFO  |  -- Remaining time budget: 18930 ms, #remaining_methods: 21, budget for method: 901 ms, solver timeout: 450 ms, budget for symbolic execution: 451 ms, budget for concrete execution: 450 ms,  -- 
17:09:15.261 | DEBUG | --new testCase collected, to generate: testIo.seata.core.rpc.netty.RmRpcClient.onRegisterMsgFail(String, Channel, Object, AbstractMessage)1
17:09:15.459 | DEBUG | --new testCase collected, to generate: testIo.seata.core.rpc.netty.RmRpcClient.onRegisterMsgFail(String, Channel, Object, AbstractMessage)2
17:09:15.544 | DEBUG | --new testCase collected, to generate: testIo.seata.core.rpc.netty.RmRpcClient.onRegisterMsgFail(String, Channel, Object, AbstractMessage)3
17:09:15.703 | INFO  | |> Starting concrete execution for remaining state: io.seata.core.rpc.netty.RmRpcClient.onRegisterMsgFail(String, Channel, Object, AbstractMessage)
17:09:15.862 | INFO  | Finished (in 0.610 sec): method io.seata.core.rpc.netty.RmRpcClient.onRegisterMsgFail(String, Channel, Object, AbstractMessage) 
<StatsForMethod> :
	#generatedTC=3
	WITH NO EXCEPTIONS
17:09:15.886 | DEBUG |  ... 
17:09:15.887 | INFO  | Started: method io.seata.core.rpc.netty.RmRpcClient.sendMsgWithResponse(Object)
17:09:15.887 | INFO  |  -- Remaining time budget: 18294 ms, #remaining_methods: 20, budget for method: 914 ms, solver timeout: 457 ms, budget for symbolic execution: 457 ms, budget for concrete execution: 457 ms,  -- 
17:09:16.009 | ERROR | Symbolic execution FAILED
com.huawei.utbot.instrumentation.util.ChildProcessError: Error in the child process |> java.util.concurrent.TimeoutException: Timeout 100 elapsed
	at com.huawei.utbot.instrumentation.instrumentation.InvokeInstrumentation.invoke-d1pmJ48(InvokeInstrumentation.kt:75)
	at com.huawei.utbot.instrumentation.instrumentation.InvokeInstrumentation.invoke(InvokeInstrumentation.kt:22)
	at com.huawei.utbot.instrumentation.instrumentation.Instrumentation$DefaultImpls.invoke$default(Instrumentation.kt:25)
	at com.huawei.utbot.framework.concrete.UtExecutionInstrumentation$invoke$$inlined$use$lambda$1.invoke(UtExecutionInstrumentation.kt:146)
	at com.huawei.utbot.framework.concrete.UtExecutionInstrumentation$invoke$$inlined$use$lambda$1.invoke(UtExecutionInstrumentation.kt:96)
	at com.huawei.utbot.framework.concrete.UtExecutionInstrumentation.withStaticFields(UtExecutionInstrumentation.kt:225)
	at com.huawei.utbot.framework.concrete.UtExecutionInstrumentation.invoke(UtExecutionInstrumentation.kt:137)
	at com.huawei.utbot.framework.concrete.UtExecutionInstrumentation.invoke(UtExecutionInstrumentation.kt:96)
	at com.huawei.utbot.instrumentation.process.ChildProcessKt.loop(ChildProcess.kt:114)
	at com.huawei.utbot.instrumentation.process.ChildProcessKt.main(ChildProcess.kt:76)
	at com.huawei.utbot.instrumentation.process.ChildProcessKt.main(ChildProcess.kt)

	at com.huawei.utbot.instrumentation.ConcreteExecutor.executeAsync(ConcreteExecutor.kt:391) ~[utbot-junit-contest-1.0.jar:?]
	at com.huawei.utbot.instrumentation.ConcreteExecutor$executeAsync$1.invokeSuspend(ConcreteExecutor.kt) ~[utbot-junit-contest-1.0.jar:?]
	at kotlin.coroutines.jvm.internal.BaseContinuationImpl.resumeWith(ContinuationImpl.kt:33) [utbot-junit-contest-1.0.jar:?]
	at kotlinx.coroutines.DispatchedTask.run(DispatchedTask.kt:106) [utbot-junit-contest-1.0.jar:?]
	at java.util.concurrent.Executors$RunnableAdapter.call(Executors.java:511) [?:1.8.0_312]
	at java.util.concurrent.FutureTask.run(FutureTask.java:266) [?:1.8.0_312]
	at java.util.concurrent.ScheduledThreadPoolExecutor$ScheduledFutureTask.access$201(ScheduledThreadPoolExecutor.java:180) [?:1.8.0_312]
	at java.util.concurrent.ScheduledThreadPoolExecutor$ScheduledFutureTask.run(ScheduledThreadPoolExecutor.java:293) [?:1.8.0_312]
	at java.util.concurrent.ThreadPoolExecutor.runWorker(ThreadPoolExecutor.java:1149) [?:1.8.0_312]
	at java.util.concurrent.ThreadPoolExecutor$Worker.run(ThreadPoolExecutor.java:624) [?:1.8.0_312]
	at java.lang.Thread.run(Thread.java:748) [?:1.8.0_312]
17:09:16.344 | INFO  | |> Starting concrete execution for remaining state: io.seata.core.rpc.netty.RmRpcClient.sendMsgWithResponse(Object)
17:09:16.802 | INFO  | (X) Cancelling concrete execution: io.seata.core.rpc.netty.RmRpcClient.sendMsgWithResponse(Object)
17:09:16.853 | INFO  | Finished (in 0.966 sec): method io.seata.core.rpc.netty.RmRpcClient.sendMsgWithResponse(Object) 
<StatsForMethod> :
	#generatedTC=0
	FAILED 1 time(s) with 1 different exception(s)"
17:09:16.874 | DEBUG |  ... 
17:09:16.875 | INFO  | Started: method io.seata.core.rpc.netty.RmRpcClient.sendMsgWithResponse(String, Object, long)
17:09:16.875 | INFO  |  -- Remaining time budget: 17306 ms, #remaining_methods: 19, budget for method: 910 ms, solver timeout: 455 ms, budget for symbolic execution: 455 ms, budget for concrete execution: 455 ms,  -- 
17:09:16.883 | DEBUG | --new testCase collected, to generate: testIo.seata.core.rpc.netty.RmRpcClient.sendMsgWithResponse(String, Object, long)1
17:09:17.330 | INFO  | |> Starting concrete execution for remaining state: io.seata.core.rpc.netty.RmRpcClient.sendMsgWithResponse(String, Object, long)
17:09:17.786 | INFO  | (X) Cancelling concrete execution: io.seata.core.rpc.netty.RmRpcClient.sendMsgWithResponse(String, Object, long)
17:09:17.833 | INFO  | Finished (in 0.958 sec): method io.seata.core.rpc.netty.RmRpcClient.sendMsgWithResponse(String, Object, long) 
<StatsForMethod> :
	#generatedTC=1
	WITH NO EXCEPTIONS
17:09:17.878 | DEBUG |  ... 
17:09:17.878 | INFO  | Started: method io.seata.core.rpc.netty.RmRpcClient.sendMsgWithResponse(Object, long)
17:09:17.879 | INFO  |  -- Remaining time budget: 16303 ms, #remaining_methods: 18, budget for method: 905 ms, solver timeout: 452 ms, budget for symbolic execution: 453 ms, budget for concrete execution: 452 ms,  -- 
17:09:17.995 | ERROR | Symbolic execution FAILED
com.huawei.utbot.instrumentation.util.ChildProcessError: Error in the child process |> java.util.concurrent.TimeoutException: Timeout 100 elapsed
	at com.huawei.utbot.instrumentation.instrumentation.InvokeInstrumentation.invoke-d1pmJ48(InvokeInstrumentation.kt:75)
	at com.huawei.utbot.instrumentation.instrumentation.InvokeInstrumentation.invoke(InvokeInstrumentation.kt:22)
	at com.huawei.utbot.instrumentation.instrumentation.Instrumentation$DefaultImpls.invoke$default(Instrumentation.kt:25)
	at com.huawei.utbot.framework.concrete.UtExecutionInstrumentation$invoke$$inlined$use$lambda$1.invoke(UtExecutionInstrumentation.kt:146)
	at com.huawei.utbot.framework.concrete.UtExecutionInstrumentation$invoke$$inlined$use$lambda$1.invoke(UtExecutionInstrumentation.kt:96)
	at com.huawei.utbot.framework.concrete.UtExecutionInstrumentation.withStaticFields(UtExecutionInstrumentation.kt:225)
	at com.huawei.utbot.framework.concrete.UtExecutionInstrumentation.invoke(UtExecutionInstrumentation.kt:137)
	at com.huawei.utbot.framework.concrete.UtExecutionInstrumentation.invoke(UtExecutionInstrumentation.kt:96)
	at com.huawei.utbot.instrumentation.process.ChildProcessKt.loop(ChildProcess.kt:114)
	at com.huawei.utbot.instrumentation.process.ChildProcessKt.main(ChildProcess.kt:76)
	at com.huawei.utbot.instrumentation.process.ChildProcessKt.main(ChildProcess.kt)

	at com.huawei.utbot.instrumentation.ConcreteExecutor.executeAsync(ConcreteExecutor.kt:391) ~[utbot-junit-contest-1.0.jar:?]
	at com.huawei.utbot.instrumentation.ConcreteExecutor$executeAsync$1.invokeSuspend(ConcreteExecutor.kt) ~[utbot-junit-contest-1.0.jar:?]
	at kotlin.coroutines.jvm.internal.BaseContinuationImpl.resumeWith(ContinuationImpl.kt:33) [utbot-junit-contest-1.0.jar:?]
	at kotlinx.coroutines.DispatchedTask.run(DispatchedTask.kt:106) [utbot-junit-contest-1.0.jar:?]
	at java.util.concurrent.Executors$RunnableAdapter.call(Executors.java:511) [?:1.8.0_312]
	at java.util.concurrent.FutureTask.run(FutureTask.java:266) [?:1.8.0_312]
	at java.util.concurrent.ScheduledThreadPoolExecutor$ScheduledFutureTask.access$201(ScheduledThreadPoolExecutor.java:180) [?:1.8.0_312]
	at java.util.concurrent.ScheduledThreadPoolExecutor$ScheduledFutureTask.run(ScheduledThreadPoolExecutor.java:293) [?:1.8.0_312]
	at java.util.concurrent.ThreadPoolExecutor.runWorker(ThreadPoolExecutor.java:1149) [?:1.8.0_312]
	at java.util.concurrent.ThreadPoolExecutor$Worker.run(ThreadPoolExecutor.java:624) [?:1.8.0_312]
	at java.lang.Thread.run(Thread.java:748) [?:1.8.0_312]
17:09:18.332 | INFO  | |> Starting concrete execution for remaining state: io.seata.core.rpc.netty.RmRpcClient.sendMsgWithResponse(Object, long)
17:09:18.785 | INFO  | (X) Cancelling concrete execution: io.seata.core.rpc.netty.RmRpcClient.sendMsgWithResponse(Object, long)
17:09:18.814 | INFO  | Finished (in 0.935 sec): method io.seata.core.rpc.netty.RmRpcClient.sendMsgWithResponse(Object, long) 
<StatsForMethod> :
	#generatedTC=0
	FAILED 1 time(s) with 1 different exception(s)"
17:09:18.825 | DEBUG |  ... 
17:09:18.825 | INFO  | Started: method io.seata.core.rpc.netty.RmRpcClient.getTransactionRole()
17:09:18.826 | INFO  |  -- Remaining time budget: 15356 ms, #remaining_methods: 17, budget for method: 903 ms, solver timeout: 451 ms, budget for symbolic execution: 452 ms, budget for concrete execution: 451 ms,  -- 
17:09:18.837 | DEBUG | --new testCase collected, to generate: testIo.seata.core.rpc.netty.RmRpcClient.getTransactionRole()1
17:09:18.920 | INFO  | Finished (in 0.095 sec): method io.seata.core.rpc.netty.RmRpcClient.getTransactionRole() 
<StatsForMethod> :
	#generatedTC=1
	WITH NO EXCEPTIONS
17:09:18.929 | DEBUG |  ... 
17:09:18.929 | INFO  | Started: method io.seata.core.rpc.netty.RmRpcClient.getNettyPoolConfig()
17:09:18.930 | INFO  |  -- Remaining time budget: 15252 ms, #remaining_methods: 16, budget for method: 953 ms, solver timeout: 476 ms, budget for symbolic execution: 477 ms, budget for concrete execution: 476 ms,  -- 
17:09:18.936 | DEBUG | --new testCase collected, to generate: testIo.seata.core.rpc.netty.RmRpcClient.getNettyPoolConfig()1
17:09:19.006 | DEBUG | --new testCase collected, to generate: testIo.seata.core.rpc.netty.RmRpcClient.getNettyPoolConfig()2
17:09:19.006 | INFO  | Finished (in 0.077 sec): method io.seata.core.rpc.netty.RmRpcClient.getNettyPoolConfig() 
<StatsForMethod> :
	#generatedTC=2
	WITH NO EXCEPTIONS
17:09:19.010 | DEBUG |  ... 
17:09:19.011 | INFO  | Started: method io.seata.core.rpc.netty.RmRpcClient.releaseChannel(Channel, String)
17:09:19.011 | INFO  |  -- Remaining time budget: 15170 ms, #remaining_methods: 15, budget for method: 1011 ms, solver timeout: 505 ms, budget for symbolic execution: 506 ms, budget for concrete execution: 505 ms,  -- 
17:09:19.020 | DEBUG | --new testCase collected, to generate: testIo.seata.core.rpc.netty.RmRpcClient.releaseChannel(Channel, String)1
17:09:19.066 | DEBUG | --new testCase collected, to generate: testIo.seata.core.rpc.netty.RmRpcClient.releaseChannel(Channel, String)2
17:09:19.087 | DEBUG | --new testCase collected, to generate: testIo.seata.core.rpc.netty.RmRpcClient.releaseChannel(Channel, String)3
17:09:19.517 | INFO  | |> Starting concrete execution for remaining state: io.seata.core.rpc.netty.RmRpcClient.releaseChannel(Channel, String)
17:09:20.023 | INFO  | (X) Cancelling concrete execution: io.seata.core.rpc.netty.RmRpcClient.releaseChannel(Channel, String)
17:09:20.041 | INFO  | Finished (in 1.030 sec): method io.seata.core.rpc.netty.RmRpcClient.releaseChannel(Channel, String) 
<StatsForMethod> :
	#generatedTC=3
	WITH NO EXCEPTIONS
17:09:20.104 | DEBUG |  ... 
17:09:20.104 | INFO  | Started: method io.seata.core.rpc.netty.RmRpcClient.setTransactionServiceGroup(String)
17:09:20.105 | INFO  |  -- Remaining time budget: 14077 ms, #remaining_methods: 14, budget for method: 1005 ms, solver timeout: 502 ms, budget for symbolic execution: 503 ms, budget for concrete execution: 502 ms,  -- 
17:09:20.112 | DEBUG | --new testCase collected, to generate: testIo.seata.core.rpc.netty.RmRpcClient.setTransactionServiceGroup(String)1
17:09:20.138 | DEBUG | --new testCase collected, to generate: testIo.seata.core.rpc.netty.RmRpcClient.setTransactionServiceGroup(String)2
17:09:20.139 | INFO  | Finished (in 0.034 sec): method io.seata.core.rpc.netty.RmRpcClient.setTransactionServiceGroup(String) 
<StatsForMethod> :
	#generatedTC=2
	WITH NO EXCEPTIONS
17:09:20.139 | DEBUG |  ... 
17:09:20.140 | INFO  | Started: method io.seata.core.rpc.netty.RmRpcClient.setResourceManager(ResourceManager)
17:09:20.140 | INFO  |  -- Remaining time budget: 14041 ms, #remaining_methods: 13, budget for method: 1080 ms, solver timeout: 540 ms, budget for symbolic execution: 540 ms, budget for concrete execution: 540 ms,  -- 
17:09:20.147 | DEBUG | --new testCase collected, to generate: testIo.seata.core.rpc.netty.RmRpcClient.setResourceManager(ResourceManager)1
17:09:20.173 | DEBUG | --new testCase collected, to generate: testIo.seata.core.rpc.netty.RmRpcClient.setResourceManager(ResourceManager)2
17:09:20.173 | INFO  | Finished (in 0.033 sec): method io.seata.core.rpc.netty.RmRpcClient.setResourceManager(ResourceManager) 
<StatsForMethod> :
	#generatedTC=2
	WITH NO EXCEPTIONS
17:09:20.174 | DEBUG |  ... 
17:09:20.175 | INFO  | Started: method io.seata.core.rpc.netty.RmRpcClient.setApplicationId(String)
17:09:20.175 | INFO  |  -- Remaining time budget: 14006 ms, #remaining_methods: 12, budget for method: 1167 ms, solver timeout: 583 ms, budget for symbolic execution: 584 ms, budget for concrete execution: 583 ms,  -- 
17:09:20.181 | DEBUG | --new testCase collected, to generate: testIo.seata.core.rpc.netty.RmRpcClient.setApplicationId(String)1
17:09:20.206 | DEBUG | --new testCase collected, to generate: testIo.seata.core.rpc.netty.RmRpcClient.setApplicationId(String)2
17:09:20.207 | INFO  | Finished (in 0.032 sec): method io.seata.core.rpc.netty.RmRpcClient.setApplicationId(String) 
<StatsForMethod> :
	#generatedTC=2
	WITH NO EXCEPTIONS
17:09:20.208 | DEBUG |  ... 
17:09:20.208 | INFO  | Started: method io.seata.core.rpc.netty.RmRpcClient.doConnect(String)
17:09:20.208 | INFO  |  -- Remaining time budget: 13973 ms, #remaining_methods: 11, budget for method: 1270 ms, solver timeout: 635 ms, budget for symbolic execution: 635 ms, budget for concrete execution: 635 ms,  -- 
17:09:20.219 | DEBUG | --new testCase collected, to generate: testIo.seata.core.rpc.netty.RmRpcClient.doConnect(String)1
17:09:20.844 | INFO  | |> Starting concrete execution for remaining state: io.seata.core.rpc.netty.RmRpcClient.doConnect(String)
17:09:21.480 | INFO  | (X) Cancelling concrete execution: io.seata.core.rpc.netty.RmRpcClient.doConnect(String)
17:09:21.513 | INFO  | Finished (in 1.304 sec): method io.seata.core.rpc.netty.RmRpcClient.doConnect(String) 
<StatsForMethod> :
	#generatedTC=1
	WITH NO EXCEPTIONS
17:09:21.577 | DEBUG |  ... 
17:09:21.578 | INFO  | Started: method io.seata.core.rpc.netty.RmRpcClient.getExistAliveChannel(Channel, String)
17:09:21.578 | INFO  |  -- Remaining time budget: 12603 ms, #remaining_methods: 10, budget for method: 1260 ms, solver timeout: 630 ms, budget for symbolic execution: 630 ms, budget for concrete execution: 630 ms,  -- 
17:09:21.585 | DEBUG | --new testCase collected, to generate: testIo.seata.core.rpc.netty.RmRpcClient.getExistAliveChannel(Channel, String)1
17:09:21.614 | DEBUG | --new testCase collected, to generate: testIo.seata.core.rpc.netty.RmRpcClient.getExistAliveChannel(Channel, String)2
17:09:21.636 | DEBUG | --new testCase collected, to generate: testIo.seata.core.rpc.netty.RmRpcClient.getExistAliveChannel(Channel, String)3
17:09:21.681 | DEBUG | --new testCase collected, to generate: testIo.seata.core.rpc.netty.RmRpcClient.getExistAliveChannel(Channel, String)4
17:09:21.913 | DEBUG | --new testCase collected, to generate: testIo.seata.core.rpc.netty.RmRpcClient.getExistAliveChannel(Channel, String)5
17:09:22.209 | INFO  | |> Starting concrete execution for remaining state: io.seata.core.rpc.netty.RmRpcClient.getExistAliveChannel(Channel, String)
17:09:22.840 | INFO  | (X) Cancelling concrete execution: io.seata.core.rpc.netty.RmRpcClient.getExistAliveChannel(Channel, String)
17:09:22.874 | INFO  | Finished (in 1.295 sec): method io.seata.core.rpc.netty.RmRpcClient.getExistAliveChannel(Channel, String) 
<StatsForMethod> :
	#generatedTC=5
	WITH NO EXCEPTIONS
17:09:22.953 | DEBUG |  ... 
17:09:22.954 | INFO  | Started: method io.seata.core.rpc.netty.RmRpcClient.sendRegisterMessage(String, Channel, String)
17:09:22.954 | INFO  |  -- Remaining time budget: 11228 ms, #remaining_methods: 9, budget for method: 1247 ms, solver timeout: 623 ms, budget for symbolic execution: 624 ms, budget for concrete execution: 623 ms,  -- 
17:09:22.963 | DEBUG | --new testCase collected, to generate: testIo.seata.core.rpc.netty.RmRpcClient.sendRegisterMessage(String, Channel, String)1
17:09:23.578 | INFO  | |> Starting concrete execution for remaining state: io.seata.core.rpc.netty.RmRpcClient.sendRegisterMessage(String, Channel, String)
17:09:24.202 | INFO  | (X) Cancelling concrete execution: io.seata.core.rpc.netty.RmRpcClient.sendRegisterMessage(String, Channel, String)
17:09:24.203 | DEBUG |  ... 
17:09:24.203 | INFO  | Started: method io.seata.core.rpc.netty.RmRpcClient.registerResource(String, String)
17:09:24.203 | INFO  |  -- Remaining time budget: 9978 ms, #remaining_methods: 8, budget for method: 1247 ms, solver timeout: 623 ms, budget for symbolic execution: 624 ms, budget for concrete execution: 623 ms,  -- 
17:09:24.215 | INFO  | Finished (in 1.261 sec): method io.seata.core.rpc.netty.RmRpcClient.sendRegisterMessage(String, Channel, String) 
<StatsForMethod> :
	#generatedTC=1
	WITH NO EXCEPTIONS
17:09:24.238 | DEBUG | --new testCase collected, to generate: testIo.seata.core.rpc.netty.RmRpcClient.registerResource(String, String)1
17:09:24.827 | INFO  | |> Starting concrete execution for remaining state: io.seata.core.rpc.netty.RmRpcClient.registerResource(String, String)
17:09:25.104 | DEBUG | --new testCase collected, to generate: testIo.seata.core.rpc.netty.RmRpcClient.registerResource(String, String)2
17:09:25.302 | DEBUG | --new testCase collected, to generate: testIo.seata.core.rpc.netty.RmRpcClient.registerResource(String, String)3
17:09:25.451 | INFO  | (X) Cancelling concrete execution: io.seata.core.rpc.netty.RmRpcClient.registerResource(String, String)
17:09:25.464 | INFO  | Finished (in 1.261 sec): method io.seata.core.rpc.netty.RmRpcClient.registerResource(String, String) 
<StatsForMethod> :
	#generatedTC=3
	WITH NO EXCEPTIONS
17:09:25.538 | DEBUG |  ... 
17:09:25.539 | INFO  | Started: method io.seata.core.rpc.netty.RmRpcClient.getCustomerKeys()
17:09:25.539 | INFO  |  -- Remaining time budget: 8642 ms, #remaining_methods: 7, budget for method: 1234 ms, solver timeout: 617 ms, budget for symbolic execution: 617 ms, budget for concrete execution: 617 ms,  -- 
17:09:25.547 | DEBUG | --new testCase collected, to generate: testIo.seata.core.rpc.netty.RmRpcClient.getCustomerKeys()1
17:09:25.571 | DEBUG | --new testCase collected, to generate: testIo.seata.core.rpc.netty.RmRpcClient.getCustomerKeys()2
17:09:25.572 | INFO  | Finished (in 0.033 sec): method io.seata.core.rpc.netty.RmRpcClient.getCustomerKeys() 
<StatsForMethod> :
	#generatedTC=2
	WITH NO EXCEPTIONS
17:09:25.573 | DEBUG |  ... 
17:09:25.573 | INFO  | Started: method io.seata.core.rpc.netty.RmRpcClient.setCustomerKeys(String)
17:09:25.573 | INFO  |  -- Remaining time budget: 8608 ms, #remaining_methods: 6, budget for method: 1434 ms, solver timeout: 717 ms, budget for symbolic execution: 717 ms, budget for concrete execution: 717 ms,  -- 
17:09:25.581 | DEBUG | --new testCase collected, to generate: testIo.seata.core.rpc.netty.RmRpcClient.setCustomerKeys(String)1
17:09:25.609 | DEBUG | --new testCase collected, to generate: testIo.seata.core.rpc.netty.RmRpcClient.setCustomerKeys(String)2
17:09:25.611 | INFO  | Finished (in 0.037 sec): method io.seata.core.rpc.netty.RmRpcClient.setCustomerKeys(String) 
<StatsForMethod> :
	#generatedTC=2
	WITH NO EXCEPTIONS
17:09:25.612 | DEBUG |  ... 
17:09:25.612 | INFO  | Started: method io.seata.core.rpc.netty.RmRpcClient.getMergedResourceKeys(ResourceManager)
17:09:25.612 | INFO  |  -- Remaining time budget: 8569 ms, #remaining_methods: 5, budget for method: 1713 ms, solver timeout: 856 ms, budget for symbolic execution: 857 ms, budget for concrete execution: 856 ms,  -- 
17:09:25.621 | DEBUG | --new testCase collected, to generate: testIo.seata.core.rpc.netty.RmRpcClient.getMergedResourceKeys(ResourceManager)1
17:09:25.646 | DEBUG | --new testCase collected, to generate: testIo.seata.core.rpc.netty.RmRpcClient.getMergedResourceKeys(ResourceManager)2
17:09:25.667 | DEBUG | --new testCase collected, to generate: testIo.seata.core.rpc.netty.RmRpcClient.getMergedResourceKeys(ResourceManager)3
17:09:26.470 | INFO  | |> Starting concrete execution for remaining state: io.seata.core.rpc.netty.RmRpcClient.getMergedResourceKeys(ResourceManager)
17:09:27.326 | INFO  | (X) Cancelling concrete execution: io.seata.core.rpc.netty.RmRpcClient.getMergedResourceKeys(ResourceManager)
17:09:27.455 | INFO  | Finished (in 1.842 sec): method io.seata.core.rpc.netty.RmRpcClient.getMergedResourceKeys(ResourceManager) 
<StatsForMethod> :
	#generatedTC=3
	WITH NO EXCEPTIONS
17:09:27.492 | DEBUG |  ... 
17:09:27.492 | INFO  | Started: method io.seata.core.rpc.netty.RmRpcClient.getInstance(String, String)
17:09:27.492 | INFO  |  -- Remaining time budget: 6689 ms, #remaining_methods: 4, budget for method: 1672 ms, solver timeout: 836 ms, budget for symbolic execution: 836 ms, budget for concrete execution: 836 ms,  -- 
17:09:27.501 | DEBUG | --new testCase collected, to generate: testIo.seata.core.rpc.netty.RmRpcClient.getInstance(String, String)1
17:09:27.642 | DEBUG | --new testCase collected, to generate: testIo.seata.core.rpc.netty.RmRpcClient.getInstance(String, String)2
17:09:27.642 | INFO  | Finished (in 0.150 sec): method io.seata.core.rpc.netty.RmRpcClient.getInstance(String, String) 
<StatsForMethod> :
	#generatedTC=2
	WITH NO EXCEPTIONS
17:09:27.655 | DEBUG |  ... 
17:09:27.656 | INFO  | Started: method io.seata.core.rpc.netty.RmRpcClient.getInstance()
17:09:27.656 | INFO  |  -- Remaining time budget: 6526 ms, #remaining_methods: 3, budget for method: 2175 ms, solver timeout: 1000 ms, budget for symbolic execution: 1088 ms, budget for concrete execution: 1087 ms,  -- 
17:09:27.660 | DEBUG | --new testCase collected, to generate: testIo.seata.core.rpc.netty.RmRpcClient.getInstance()1
17:09:27.724 | DEBUG | --new testCase collected, to generate: testIo.seata.core.rpc.netty.RmRpcClient.getInstance()2
17:09:27.779 | INFO  | Finished (in 0.123 sec): method io.seata.core.rpc.netty.RmRpcClient.getInstance() 
<StatsForMethod> :
	#generatedTC=2
	WITH NO EXCEPTIONS
17:09:27.790 | DEBUG |  ... 
17:09:27.790 | INFO  | Started: method io.seata.core.rpc.netty.RmRpcClient.<init>(NettyClientConfig, EventExecutorGroup, ThreadPoolExecutor)
17:09:27.791 | INFO  |  -- Remaining time budget: 6391 ms, #remaining_methods: 2, budget for method: 3195 ms, solver timeout: 1000 ms, budget for symbolic execution: 1995 ms, budget for concrete execution: 1200 ms,  -- 
17:09:27.814 | ERROR | Symbolic execution FAILED
com.huawei.utbot.instrumentation.util.ReadingFromKryoException: Failure reading from kryo
	at com.huawei.utbot.instrumentation.ConcreteExecutor.executeAsync(ConcreteExecutor.kt:392) ~[utbot-junit-contest-1.0.jar:?]
	at com.huawei.utbot.instrumentation.ConcreteExecutor$executeAsync$1.invokeSuspend(ConcreteExecutor.kt) ~[utbot-junit-contest-1.0.jar:?]
	at kotlin.coroutines.jvm.internal.BaseContinuationImpl.resumeWith(ContinuationImpl.kt:33) [utbot-junit-contest-1.0.jar:?]
	at kotlinx.coroutines.DispatchedTask.run(DispatchedTask.kt:106) [utbot-junit-contest-1.0.jar:?]
	at java.util.concurrent.Executors$RunnableAdapter.call(Executors.java:511) [?:1.8.0_312]
	at java.util.concurrent.FutureTask.run(FutureTask.java:266) [?:1.8.0_312]
	at java.util.concurrent.ScheduledThreadPoolExecutor$ScheduledFutureTask.access$201(ScheduledThreadPoolExecutor.java:180) [?:1.8.0_312]
	at java.util.concurrent.ScheduledThreadPoolExecutor$ScheduledFutureTask.run(ScheduledThreadPoolExecutor.java:293) [?:1.8.0_312]
	at java.util.concurrent.ThreadPoolExecutor.runWorker(ThreadPoolExecutor.java:1149) [?:1.8.0_312]
	at java.util.concurrent.ThreadPoolExecutor$Worker.run(ThreadPoolExecutor.java:624) [?:1.8.0_312]
	at java.lang.Thread.run(Thread.java:748) [?:1.8.0_312]
Caused by: com.esotericsoftware.kryo.KryoException: Buffer underflow.
	at com.esotericsoftware.kryo.io.Input.require(Input.java:219) ~[utbot-junit-contest-1.0.jar:?]
	at com.esotericsoftware.kryo.io.Input.readVarLong(Input.java:570) ~[utbot-junit-contest-1.0.jar:?]
	at com.esotericsoftware.kryo.serializers.DefaultSerializers$LongSerializer.read(DefaultSerializers.java:131) ~[utbot-junit-contest-1.0.jar:?]
	at com.esotericsoftware.kryo.serializers.DefaultSerializers$LongSerializer.read(DefaultSerializers.java:125) ~[utbot-junit-contest-1.0.jar:?]
	at com.esotericsoftware.kryo.Kryo.readObject(Kryo.java:774) ~[utbot-junit-contest-1.0.jar:?]
	at com.huawei.utbot.instrumentation.util.KryoHelper.readLong(KryoHelper.kt:36) ~[utbot-junit-contest-1.0.jar:?]
	at com.huawei.utbot.instrumentation.ConcreteExecutor$restartIfNeeded$$inlined$bracket$lambda$1$1$1.invokeSuspend(ConcreteExecutor.kt:256) ~[utbot-junit-contest-1.0.jar:?]
	at kotlin.coroutines.jvm.internal.BaseContinuationImpl.resumeWith(ContinuationImpl.kt:33) ~[utbot-junit-contest-1.0.jar:?]
	at kotlinx.coroutines.DispatchedTask.run(DispatchedTask.kt:106) ~[utbot-junit-contest-1.0.jar:?]
	at kotlinx.coroutines.EventLoopImplBase.processNextEvent(EventLoop.common.kt:274) ~[utbot-junit-contest-1.0.jar:?]
	at kotlinx.coroutines.BlockingCoroutine.joinBlocking(Builders.kt:84) ~[utbot-junit-contest-1.0.jar:?]
	at kotlinx.coroutines.BuildersKt__BuildersKt.runBlocking(Builders.kt:59) ~[utbot-junit-contest-1.0.jar:?]
	at kotlinx.coroutines.BuildersKt.runBlocking(Unknown Source) ~[utbot-junit-contest-1.0.jar:?]
	at kotlinx.coroutines.BuildersKt__BuildersKt.runBlocking$default(Builders.kt:38) ~[utbot-junit-contest-1.0.jar:?]
	at kotlinx.coroutines.BuildersKt.runBlocking$default(Unknown Source) ~[utbot-junit-contest-1.0.jar:?]
	at com.huawei.utbot.instrumentation.ConcreteExecutor$restartIfNeeded$$inlined$bracket$lambda$1$1.invoke(ConcreteExecutor.kt:253) ~[utbot-junit-contest-1.0.jar:?]
	at com.huawei.utbot.instrumentation.ConcreteExecutor$restartIfNeeded$$inlined$bracket$lambda$1$1.invoke(ConcreteExecutor.kt:101) ~[utbot-junit-contest-1.0.jar:?]
	at kotlin.concurrent.ThreadsKt$thread$thread$1.run(Thread.kt:30) ~[utbot-junit-contest-1.0.jar:?]
17:09:28.636 | INFO  | Finished (in 0.846 sec): method io.seata.core.rpc.netty.RmRpcClient.<init>(NettyClientConfig, EventExecutorGroup, ThreadPoolExecutor) 
<StatsForMethod> :
	#generatedTC=0
	FAILED 1 time(s) with 1 different exception(s)"
17:09:28.713 | DEBUG |  ... 
17:09:28.714 | INFO  | Started: method io.seata.core.rpc.netty.RmRpcClient.<init>(NettyClientConfig)
17:09:28.714 | INFO  |  -- Remaining time budget: 5467 ms, #remaining_methods: 1, budget for method: 5467 ms, solver timeout: 1000 ms, budget for symbolic execution: 4267 ms, budget for concrete execution: 1200 ms,  -- 
17:09:32.981 | INFO  | |> Starting concrete execution for remaining state: io.seata.core.rpc.netty.RmRpcClient.<init>(NettyClientConfig)
17:09:34.182 | INFO  | (X) Cancelling concrete execution: io.seata.core.rpc.netty.RmRpcClient.<init>(NettyClientConfig)
17:09:34.186 | INFO  | Finished (in 5.472 sec): method io.seata.core.rpc.netty.RmRpcClient.<init>(NettyClientConfig) 
<StatsForMethod> : SUSPICIOUS
	#generatedTC=0
	WITH NO EXCEPTIONS
17:09:34.187 | INFO  | Started: Flushing tests for [RmRpcClient] on disk
17:09:34.470 | INFO  | File size for RmRpcClientTest: 44 KB
17:09:34.472 | INFO  | Finished (in 0.285 sec): Flushing tests for [RmRpcClient] on disk 
17:09:34.473 | INFO  | Finished (in 25.765 sec): class io.seata.core.rpc.netty.RmRpcClient 
<StatsForClass> :
	canceled by timeout = false
	#methods = 28, 
	#methods started symbolic exploration = 28
	#methods with at least one TC = 24
	#methods with exceptions = 3
	#generated TC = 47
	#coverage = null
[READY]
