Started UtBot Contest, classfileDir = /var/benchmarks/projects/guava/guava/target/classes, classpathString=/var/benchmarks/projects/guava/guava/target/classes:/var/benchmarks/projects/guava/guava/target/guava-26.0-jre.jar:/var/benchmarks/projects/./guava/guava/target/dependency/checker-qual-2.5.2.jar:/var/benchmarks/projects/guava/guava/target/dependency/error_prone_annotations-2.1.3.jar:/var/benchmarks/projects/guava/guava/target/dependency/j2objc-annotations-1.1.jar:/var/benchmarks/projects/guava/guava/target/dependency/jsr305-3.0.2.jar:/var/benchmarks/projects/guava/guava/target/dependency/animal-sniffer-annotations-1.14.jar, outputDir=/home/utbot_mocks/temp/testcases, mocks=Other classes: Mockito
19:07:37.445 | INFO  | Started: warmup: kotlin reflection :: init
19:07:37.519 | INFO  | Finished (in 0.073 sec): warmup: kotlin reflection :: init 
[INIT]
>> [RUN] com.google.common.collect.ReverseOrdering 30
19:07:37.527 | DEBUG | -----------------------------------------------------------------------------
19:07:37.528 | INFO  | Contest.runGeneration: Time budget: 30000 ms, Generation timeout=25500 ms, classpath=/var/benchmarks/projects/guava/guava/target/classes:/var/benchmarks/projects/guava/guava/target/guava-26.0-jre.jar:/var/benchmarks/projects/./guava/guava/target/dependency/checker-qual-2.5.2.jar:/var/benchmarks/projects/guava/guava/target/dependency/error_prone_annotations-2.1.3.jar:/var/benchmarks/projects/guava/guava/target/dependency/j2objc-annotations-1.1.jar:/var/benchmarks/projects/guava/guava/target/dependency/jsr305-3.0.2.jar:/var/benchmarks/projects/guava/guava/target/dependency/animal-sniffer-annotations-1.14.jar, methodNameFilter=null
19:07:37.529 | INFO  | ClassUnderTest[ FQN: com.google.common.collect.ReverseOrdering
    classfileDir: /var/benchmarks/projects/guava/guava/target/classes
    testClassSimpleName: ReverseOrderingTest
    generatedTestFile: /home/utbot_mocks/temp/testcases/com/google/common/collect/ReverseOrderingTest.java
    generatedTestsSourcesDir: /home/utbot_mocks/temp/testcases
]
19:07:37.549 | INFO  | Started: class com.google.common.collect.ReverseOrdering
19:07:37.550 | INFO  | Started: preparation class class com.google.common.collect.ReverseOrdering: kotlin reflection :: run
19:07:37.686 | INFO  | Finished (in 0.135 sec): preparation class class com.google.common.collect.ReverseOrdering: kotlin reflection :: run 
19:07:37.686 | INFO  | Started: 2nd optional soot initialization
19:07:37.687 | INFO  | Finished (in 0.001 sec): 2nd optional soot initialization 
19:07:37.695 | DEBUG |  ... 
19:07:37.715 | INFO  | Started: method com.google.common.collect.ReverseOrdering.equals(Object)
19:07:37.716 | INFO  |  -- Remaining time budget: 25331 ms, #remaining_methods: 14, budget for method: 1809 ms, solver timeout: 904 ms, budget for symbolic execution: 905 ms, budget for concrete execution: 904 ms,  -- 
19:07:38.023 | DEBUG | --new testCase collected, to generate: testCom.google.common.collect.ReverseOrdering.equals(Object)1
19:07:38.502 | DEBUG | --new testCase collected, to generate: testCom.google.common.collect.ReverseOrdering.equals(Object)2
19:07:38.606 | DEBUG | --new testCase collected, to generate: testCom.google.common.collect.ReverseOrdering.equals(Object)3
19:07:38.616 | INFO  | |> Starting concrete execution for remaining state: com.google.common.collect.ReverseOrdering.equals(Object)
19:07:38.649 | DEBUG | --new testCase collected, to generate: testCom.google.common.collect.ReverseOrdering.equals(Object)4
19:07:38.650 | INFO  | Finished (in 0.935 sec): method com.google.common.collect.ReverseOrdering.equals(Object) 
<StatsForMethod> :
	#generatedTC=4
	WITH NO EXCEPTIONS
19:07:38.653 | DEBUG |  ... 
19:07:38.654 | INFO  | Started: method com.google.common.collect.ReverseOrdering.hashCode()
19:07:38.654 | INFO  |  -- Remaining time budget: 24374 ms, #remaining_methods: 13, budget for method: 1874 ms, solver timeout: 937 ms, budget for symbolic execution: 937 ms, budget for concrete execution: 937 ms,  -- 
19:07:38.663 | DEBUG | --new testCase collected, to generate: testCom.google.common.collect.ReverseOrdering.hashCode()1
19:07:38.701 | DEBUG | --new testCase collected, to generate: testCom.google.common.collect.ReverseOrdering.hashCode()2
19:07:38.701 | INFO  | Finished (in 0.047 sec): method com.google.common.collect.ReverseOrdering.hashCode() 
<StatsForMethod> :
	#generatedTC=2
	WITH NO EXCEPTIONS
19:07:38.702 | DEBUG |  ... 
19:07:38.702 | INFO  | Started: method com.google.common.collect.ReverseOrdering.toString()
19:07:38.702 | INFO  |  -- Remaining time budget: 24326 ms, #remaining_methods: 12, budget for method: 2027 ms, solver timeout: 1000 ms, budget for symbolic execution: 1014 ms, budget for concrete execution: 1013 ms,  -- 
19:07:38.708 | DEBUG | --new testCase collected, to generate: testCom.google.common.collect.ReverseOrdering.toString()1
19:07:39.716 | INFO  | |> Starting concrete execution for remaining state: com.google.common.collect.ReverseOrdering.toString()
19:07:40.439 | DEBUG | --new testCase collected, to generate: testCom.google.common.collect.ReverseOrdering.toString()2
19:07:40.443 | INFO  | Finished (in 1.741 sec): method com.google.common.collect.ReverseOrdering.toString() 
<StatsForMethod> :
	#generatedTC=2
	WITH NO EXCEPTIONS
19:07:40.516 | DEBUG |  ... 
19:07:40.517 | INFO  | Started: method com.google.common.collect.ReverseOrdering.compare(T, T)
19:07:40.517 | INFO  |  -- Remaining time budget: 22512 ms, #remaining_methods: 11, budget for method: 2046 ms, solver timeout: 1000 ms, budget for symbolic execution: 1023 ms, budget for concrete execution: 1023 ms,  -- 
19:07:40.524 | DEBUG | --new testCase collected, to generate: testCom.google.common.collect.ReverseOrdering.compare(T, T)1
19:07:40.811 | DEBUG | --new testCase collected, to generate: testCom.google.common.collect.ReverseOrdering.compare(T, T)2
19:07:40.811 | INFO  | Finished (in 0.294 sec): method com.google.common.collect.ReverseOrdering.compare(T, T) 
<StatsForMethod> :
	#generatedTC=2
	WITH NO EXCEPTIONS
19:07:40.813 | DEBUG |  ... 
19:07:40.813 | INFO  | Started: method com.google.common.collect.ReverseOrdering.min(Iterable)
19:07:40.814 | INFO  |  -- Remaining time budget: 22215 ms, #remaining_methods: 10, budget for method: 2221 ms, solver timeout: 1000 ms, budget for symbolic execution: 1111 ms, budget for concrete execution: 1110 ms,  -- 
19:07:40.823 | DEBUG | --new testCase collected, to generate: testCom.google.common.collect.ReverseOrdering.min(Iterable)1
19:07:41.084 | DEBUG | --new testCase collected, to generate: testCom.google.common.collect.ReverseOrdering.min(Iterable)2
19:07:41.084 | INFO  | Finished (in 0.271 sec): method com.google.common.collect.ReverseOrdering.min(Iterable) 
<StatsForMethod> :
	#generatedTC=2
	WITH NO EXCEPTIONS
19:07:41.086 | DEBUG |  ... 
19:07:41.086 | INFO  | Started: method com.google.common.collect.ReverseOrdering.min(Iterator)
19:07:41.086 | INFO  |  -- Remaining time budget: 21942 ms, #remaining_methods: 9, budget for method: 2438 ms, solver timeout: 1000 ms, budget for symbolic execution: 1238 ms, budget for concrete execution: 1200 ms,  -- 
19:07:41.093 | DEBUG | --new testCase collected, to generate: testCom.google.common.collect.ReverseOrdering.min(Iterator)1
19:07:41.354 | DEBUG | --new testCase collected, to generate: testCom.google.common.collect.ReverseOrdering.min(Iterator)2
19:07:41.355 | INFO  | Finished (in 0.269 sec): method com.google.common.collect.ReverseOrdering.min(Iterator) 
<StatsForMethod> :
	#generatedTC=2
	WITH NO EXCEPTIONS
19:07:41.356 | DEBUG |  ... 
19:07:41.356 | INFO  | Started: method com.google.common.collect.ReverseOrdering.min(E, E)
19:07:41.356 | INFO  |  -- Remaining time budget: 21672 ms, #remaining_methods: 8, budget for method: 2709 ms, solver timeout: 1000 ms, budget for symbolic execution: 1509 ms, budget for concrete execution: 1200 ms,  -- 
19:07:41.362 | DEBUG | --new testCase collected, to generate: testCom.google.common.collect.ReverseOrdering.min(E, E)1
19:07:41.761 | DEBUG | --new testCase collected, to generate: testCom.google.common.collect.ReverseOrdering.min(E, E)2
19:07:41.761 | INFO  | Finished (in 0.405 sec): method com.google.common.collect.ReverseOrdering.min(E, E) 
<StatsForMethod> :
	#generatedTC=2
	WITH NO EXCEPTIONS
19:07:41.762 | DEBUG |  ... 
19:07:41.762 | INFO  | Started: method com.google.common.collect.ReverseOrdering.min(E, E, E, E[])
19:07:41.762 | INFO  |  -- Remaining time budget: 21266 ms, #remaining_methods: 7, budget for method: 3038 ms, solver timeout: 1000 ms, budget for symbolic execution: 1838 ms, budget for concrete execution: 1200 ms,  -- 
19:07:41.772 | DEBUG | --new testCase collected, to generate: testCom.google.common.collect.ReverseOrdering.min(E, E, E, E[])1
19:07:42.468 | DEBUG | --new testCase collected, to generate: testCom.google.common.collect.ReverseOrdering.min(E, E, E, E[])2
19:07:42.468 | INFO  | Finished (in 0.705 sec): method com.google.common.collect.ReverseOrdering.min(E, E, E, E[]) 
<StatsForMethod> :
	#generatedTC=2
	WITH NO EXCEPTIONS
19:07:42.469 | DEBUG |  ... 
19:07:42.469 | INFO  | Started: method com.google.common.collect.ReverseOrdering.max(E, E)
19:07:42.469 | INFO  |  -- Remaining time budget: 20559 ms, #remaining_methods: 6, budget for method: 3426 ms, solver timeout: 1000 ms, budget for symbolic execution: 2226 ms, budget for concrete execution: 1200 ms,  -- 
19:07:42.475 | DEBUG | --new testCase collected, to generate: testCom.google.common.collect.ReverseOrdering.max(E, E)1
19:07:42.871 | DEBUG | --new testCase collected, to generate: testCom.google.common.collect.ReverseOrdering.max(E, E)2
19:07:42.872 | INFO  | Finished (in 0.403 sec): method com.google.common.collect.ReverseOrdering.max(E, E) 
<StatsForMethod> :
	#generatedTC=2
	WITH NO EXCEPTIONS
19:07:42.873 | DEBUG |  ... 
19:07:42.874 | INFO  | Started: method com.google.common.collect.ReverseOrdering.max(Iterable)
19:07:42.874 | INFO  |  -- Remaining time budget: 20154 ms, #remaining_methods: 5, budget for method: 4030 ms, solver timeout: 1000 ms, budget for symbolic execution: 2830 ms, budget for concrete execution: 1200 ms,  -- 
19:07:42.881 | DEBUG | --new testCase collected, to generate: testCom.google.common.collect.ReverseOrdering.max(Iterable)1
19:07:43.154 | DEBUG | --new testCase collected, to generate: testCom.google.common.collect.ReverseOrdering.max(Iterable)2
19:07:43.154 | INFO  | Finished (in 0.280 sec): method com.google.common.collect.ReverseOrdering.max(Iterable) 
<StatsForMethod> :
	#generatedTC=2
	WITH NO EXCEPTIONS
19:07:43.155 | DEBUG |  ... 
19:07:43.156 | INFO  | Started: method com.google.common.collect.ReverseOrdering.max(Iterator)
19:07:43.156 | INFO  |  -- Remaining time budget: 19872 ms, #remaining_methods: 4, budget for method: 4968 ms, solver timeout: 1000 ms, budget for symbolic execution: 3768 ms, budget for concrete execution: 1200 ms,  -- 
19:07:43.163 | DEBUG | --new testCase collected, to generate: testCom.google.common.collect.ReverseOrdering.max(Iterator)1
19:07:43.453 | DEBUG | --new testCase collected, to generate: testCom.google.common.collect.ReverseOrdering.max(Iterator)2
19:07:43.453 | INFO  | Finished (in 0.297 sec): method com.google.common.collect.ReverseOrdering.max(Iterator) 
<StatsForMethod> :
	#generatedTC=2
	WITH NO EXCEPTIONS
19:07:43.454 | DEBUG |  ... 
19:07:43.454 | INFO  | Started: method com.google.common.collect.ReverseOrdering.max(E, E, E, E[])
19:07:43.455 | INFO  |  -- Remaining time budget: 19574 ms, #remaining_methods: 3, budget for method: 6524 ms, solver timeout: 1000 ms, budget for symbolic execution: 5324 ms, budget for concrete execution: 1200 ms,  -- 
19:07:43.460 | DEBUG | --new testCase collected, to generate: testCom.google.common.collect.ReverseOrdering.max(E, E, E, E[])1
19:07:44.112 | DEBUG | --new testCase collected, to generate: testCom.google.common.collect.ReverseOrdering.max(E, E, E, E[])2
19:07:44.112 | INFO  | Finished (in 0.657 sec): method com.google.common.collect.ReverseOrdering.max(E, E, E, E[]) 
<StatsForMethod> :
	#generatedTC=2
	WITH NO EXCEPTIONS
19:07:44.113 | DEBUG |  ... 
19:07:44.114 | INFO  | Started: method com.google.common.collect.ReverseOrdering.reverse()
19:07:44.114 | INFO  |  -- Remaining time budget: 18915 ms, #remaining_methods: 2, budget for method: 9457 ms, solver timeout: 1000 ms, budget for symbolic execution: 8257 ms, budget for concrete execution: 1200 ms,  -- 
19:07:44.118 | DEBUG | --new testCase collected, to generate: testCom.google.common.collect.ReverseOrdering.reverse()1
19:07:44.143 | DEBUG | --new testCase collected, to generate: testCom.google.common.collect.ReverseOrdering.reverse()2
19:07:44.144 | INFO  | Finished (in 0.029 sec): method com.google.common.collect.ReverseOrdering.reverse() 
<StatsForMethod> :
	#generatedTC=2
	WITH NO EXCEPTIONS
19:07:44.144 | DEBUG |  ... 
19:07:44.145 | INFO  | Started: method com.google.common.collect.ReverseOrdering.<init>(Ordering)
19:07:44.145 | INFO  |  -- Remaining time budget: 18883 ms, #remaining_methods: 1, budget for method: 18883 ms, solver timeout: 1000 ms, budget for symbolic execution: 17683 ms, budget for concrete execution: 1200 ms,  -- 
19:07:44.154 | DEBUG | --new testCase collected, to generate: testCom.google.common.collect.ReverseOrdering.<init>(Ordering)1
19:07:44.355 | DEBUG | --new testCase collected, to generate: testCom.google.common.collect.ReverseOrdering.<init>(Ordering)2
19:07:44.384 | INFO  | Finished (in 0.239 sec): method com.google.common.collect.ReverseOrdering.<init>(Ordering) 
<StatsForMethod> :
	#generatedTC=2
	WITH NO EXCEPTIONS
19:07:44.394 | INFO  | Started: Flushing tests for [ReverseOrdering] on disk
19:07:44.601 | INFO  | File size for ReverseOrderingTest: 23 KB
19:07:44.603 | INFO  | Finished (in 0.209 sec): Flushing tests for [ReverseOrdering] on disk 
19:07:44.604 | INFO  | Finished (in 7.054 sec): class com.google.common.collect.ReverseOrdering 
<StatsForClass> :
	canceled by timeout = false
	#methods = 14, 
	#methods started symbolic exploration = 14
	#methods with at least one TC = 14
	#methods with exceptions = 0
	#generated TC = 30
	#coverage = null
[READY]
