Started UtBot Contest, classfileDir = /var/benchmarks/projects/fastjson/target/classes, classpathString=/var/benchmarks/projects/fastjson/target/classes:/var/benchmarks/projects/fastjson/target/fastjson-1.2.50-SNAPSHOT.jar:/var/benchmarks/projects/./fastjson/target/dependency/deeptestutils-1.1.0.jar:/var/benchmarks/projects/fastjson/target/dependency/commons-beanutils-1.8.0.jar:/var/benchmarks/projects/fastjson/target/dependency/woodstox-core-asl-4.4.1.jar:/var/benchmarks/projects/fastjson/target/dependency/spring-aop-4.3.7.RELEASE.jar:/var/benchmarks/projects/fastjson/target/dependency/hibernate-core-5.2.10.Final.jar:/var/benchmarks/projects/fastjson/target/dependency/jackson-module-kotlin-2.9.0.jar:/var/benchmarks/projects/fastjson/target/dependency/spring-data-commons-1.13.6.RELEASE.jar:/var/benchmarks/projects/fastjson/target/dependency/javax.annotation-api-1.2.jar:/var/benchmarks/projects/fastjson/target/dependency/gson-2.6.2.jar:/var/benchmarks/projects/fastjson/target/dependency/jetty-continuation-8.1.8.v20121106.jar:/var/benchmarks/projects/fastjson/target/dependency/objenesis-2.5.1.jar:/var/benchmarks/projects/fastjson/target/dependency/powermock-reflect-1.6.6.jar:/var/benchmarks/projects/fastjson/target/dependency/springfox-spring-web-2.6.1.jar:/var/benchmarks/projects/fastjson/target/dependency/javaslang-2.0.6.jar:/var/benchmarks/projects/fastjson/target/dependency/guava-18.0.jar:/var/benchmarks/projects/fastjson/target/dependency/mockito-core-1.10.19.jar:/var/benchmarks/projects/fastjson/target/dependency/json-lib-2.4-jdk15.jar:/var/benchmarks/projects/fastjson/target/dependency/jetty-xml-8.1.8.v20121106.jar:/var/benchmarks/projects/fastjson/target/dependency/xmlschema-core-2.2.1.jar:/var/benchmarks/projects/fastjson/target/dependency/powermock-api-support-1.6.6.jar:/var/benchmarks/projects/fastjson/target/dependency/commons-collections4-4.1.jar:/var/benchmarks/projects/fastjson/target/dependency/cglib-nodep-2.2.2.jar:/var/benchmarks/projects/fastjson/target/dependency/asm-debug-all-5.0.4.jar:/var/benchmarks/projects/fastjson/target/dependency/spring-plugin-core-1.2.0.RELEASE.jar:/var/benchmarks/projects/fastjson/target/dependency/cxf-rt-rs-client-3.1.2.jar:/var/benchmarks/projects/fastjson/target/dependency/jetty-io-8.1.8.v20121106.jar:/var/benchmarks/projects/fastjson/target/dependency/commons-lang3-3.4.jar:/var/benchmarks/projects/fastjson/target/dependency/stax2-api-3.1.4.jar:/var/benchmarks/projects/fastjson/target/dependency/jackson-annotations-2.9.0.jar:/var/benchmarks/projects/fastjson/target/dependency/jetty-server-8.1.8.v20121106.jar:/var/benchmarks/projects/fastjson/target/dependency/json-simple-1.1.1.jar:/var/benchmarks/projects/fastjson/target/dependency/asm-tree-4.0.jar:/var/benchmarks/projects/fastjson/target/dependency/spring-data-commons-core-1.4.1.RELEASE.jar:/var/benchmarks/projects/fastjson/target/dependency/powermock-module-junit4-common-1.6.6.jar:/var/benchmarks/projects/fastjson/target/dependency/jcl-over-slf4j-1.7.25.jar:/var/benchmarks/projects/fastjson/target/dependency/javax.servlet-3.0.0.v201112011016.jar:/var/benchmarks/projects/fastjson/target/dependency/springfox-core-2.6.1.jar:/var/benchmarks/projects/fastjson/target/dependency/osgi-resource-locator-1.0.1.jar:/var/benchmarks/projects/fastjson/target/dependency/javassist-3.18.0-GA.jar:/var/benchmarks/projects/fastjson/target/dependency/kotlin-reflect-1.1.3-2.jar:/var/benchmarks/projects/fastjson/target/dependency/spring-context-support-4.3.10.RELEASE.jar:/var/benchmarks/projects/fastjson/target/dependency/spring-plugin-metadata-1.2.0.RELEASE.jar:/var/benchmarks/projects/fastjson/target/dependency/kotlin-stdlib-1.1.3-2.jar:/var/benchmarks/projects/fastjson/target/dependency/spring-data-keyvalue-1.2.6.RELEASE.jar:/var/benchmarks/projects/fastjson/target/dependency/jersey-container-servlet-core-2.23.2.jar:/var/benchmarks/projects/fastjson/target/dependency/asm-4.0.jar:/var/benchmarks/projects/fastjson/target/dependency/asm-commons-4.0.jar:/var/benchmarks/projects/fastjson/target/dependency/jersey-guava-2.23.2.jar:/var/benchmarks/projects/fastjson/target/dependency/aopalliance-1.0.jar:/var/benchmarks/projects/fastjson/target/dependency/groovy-2.1.5.jar:/var/benchmarks/projects/fastjson/target/dependency/hk2-api-2.5.0-b05.jar:/var/benchmarks/projects/fastjson/target/dependency/jetty-security-8.1.8.v20121106.jar:/var/benchmarks/projects/fastjson/target/dependency/jmh-core-1.21.jar:/var/benchmarks/projects/fastjson/target/dependency/jersey-container-servlet-2.23.2.jar:/var/benchmarks/projects/fastjson/target/dependency/dom4j-1.6.1.jar:/var/benchmarks/projects/fastjson/target/dependency/spring-core-4.3.7.RELEASE.jar:/var/benchmarks/projects/fastjson/target/dependency/spring-data-redis-1.8.6.RELEASE.jar:/var/benchmarks/projects/fastjson/target/dependency/jackson-core-asl-1.9.13.jar:/var/benchmarks/projects/fastjson/target/dependency/jackson-mapper-asl-1.9.13.jar:/var/benchmarks/projects/fastjson/target/dependency/hibernate-jpa-2.1-api-1.0.0.Final.jar:/var/benchmarks/projects/fastjson/target/dependency/junit-4.12.jar:/var/benchmarks/projects/fastjson/target/dependency/commons-io-1.4.jar:/var/benchmarks/projects/fastjson/target/dependency/jetty-util-8.1.8.v20121106.jar:/var/benchmarks/projects/fastjson/target/dependency/hamcrest-core-1.3.jar:/var/benchmarks/projects/fastjson/target/dependency/jmh-generator-annprocess-1.21.jar:/var/benchmarks/projects/fastjson/target/dependency/jackson-jaxrs-base-2.8.7.jar:/var/benchmarks/projects/fastjson/target/dependency/powermock-module-junit4-1.6.6.jar:/var/benchmarks/projects/fastjson/target/dependency/powermock-core-1.6.6.jar:/var/benchmarks/projects/fastjson/target/dependency/slf4j-api-1.7.25.jar:/var/benchmarks/projects/fastjson/target/dependency/antlr-2.7.7.jar:/var/benchmarks/projects/fastjson/target/dependency/mockito-all-1.10.19.jar:/var/benchmarks/projects/fastjson/target/dependency/jersey-container-jdk-http-2.23.2.jar:/var/benchmarks/projects/fastjson/target/dependency/javaslang-match-2.0.6.jar:/var/benchmarks/projects/fastjson/target/dependency/jersey-test-framework-provider-jdk-http-2.23.2.jar:/var/benchmarks/projects/fastjson/target/dependency/jersey-entity-filtering-2.23.2.jar:/var/benchmarks/projects/fastjson/target/dependency/jandex-2.0.3.Final.jar:/var/benchmarks/projects/fastjson/target/dependency/ezmorph-1.0.6.jar:/var/benchmarks/projects/fastjson/target/dependency/jackson-jaxrs-json-provider-2.8.7.jar:/var/benchmarks/projects/fastjson/target/dependency/cxf-rt-transports-http-3.1.2.jar:/var/benchmarks/projects/fastjson/target/dependency/spring-beans-4.3.7.RELEASE.jar:/var/benchmarks/projects/fastjson/target/dependency/jersey-server-2.23.2.jar:/var/benchmarks/projects/fastjson/target/dependency/powermock-api-mockito-1.6.6.jar:/var/benchmarks/projects/fastjson/target/dependency/jackson-module-jaxb-annotations-2.8.7.jar:/var/benchmarks/projects/fastjson/target/dependency/jopt-simple-4.6.jar:/var/benchmarks/projects/fastjson/target/dependency/asm-analysis-4.0.jar:/var/benchmarks/projects/fastjson/target/dependency/annotations-13.0.jar:/var/benchmarks/projects/fastjson/target/dependency/json-path-2.3.0.jar:/var/benchmarks/projects/fastjson/target/dependency/springfox-spi-2.6.1.jar:/var/benchmarks/projects/fastjson/target/dependency/spring-websocket-4.3.7.RELEASE.jar:/var/benchmarks/projects/fastjson/target/dependency/spring-messaging-4.3.7.RELEASE.jar:/var/benchmarks/projects/fastjson/target/dependency/jersey-client-2.23.2.jar:/var/benchmarks/projects/fastjson/target/dependency/javax.ws.rs-api-2.0.1.jar:/var/benchmarks/projects/fastjson/target/dependency/accessors-smart-1.1.jar:/var/benchmarks/projects/fastjson/target/dependency/hibernate-commons-annotations-5.0.1.Final.jar:/var/benchmarks/projects/fastjson/target/dependency/commons-logging-1.1.1.jar:/var/benchmarks/projects/fastjson/target/dependency/jackson-core-2.9.0.jar:/var/benchmarks/projects/fastjson/target/dependency/spring-expression-4.3.7.RELEASE.jar:/var/benchmarks/projects/fastjson/target/dependency/jersey-media-jaxb-2.23.2.jar:/var/benchmarks/projects/fastjson/target/dependency/okhttp-3.6.0.jar:/var/benchmarks/projects/fastjson/target/dependency/commons-math3-3.2.jar:/var/benchmarks/projects/fastjson/target/dependency/jetty-webapp-8.1.8.v20121106.jar:/var/benchmarks/projects/fastjson/target/dependency/javax.inject-2.5.0-b05.jar:/var/benchmarks/projects/fastjson/target/dependency/cxf-core-3.1.2.jar:/var/benchmarks/projects/fastjson/target/dependency/powermock-api-mockito-common-1.6.6.jar:/var/benchmarks/projects/fastjson/target/dependency/jetty-http-8.1.8.v20121106.jar:/var/benchmarks/projects/fastjson/target/dependency/spring-security-config-3.2.10.RELEASE.jar:/var/benchmarks/projects/fastjson/target/dependency/okio-1.11.0.jar:/var/benchmarks/projects/fastjson/target/dependency/javax.servlet-api-3.1.0.jar:/var/benchmarks/projects/fastjson/target/dependency/json-smart-2.2.1.jar:/var/benchmarks/projects/fastjson/target/dependency/spring-tx-4.3.10.RELEASE.jar:/var/benchmarks/projects/fastjson/target/dependency/jackson-module-afterburner-2.9.0.jar:/var/benchmarks/projects/fastjson/target/dependency/asm-util-4.0.jar:/var/benchmarks/projects/fastjson/target/dependency/spring-security-web-4.2.3.RELEASE.jar:/var/benchmarks/projects/fastjson/target/dependency/spring-webmvc-4.3.7.RELEASE.jar:/var/benchmarks/projects/fastjson/target/dependency/hk2-locator-2.5.0-b05.jar:/var/benchmarks/projects/fastjson/target/dependency/retrofit-2.1.0.jar:/var/benchmarks/projects/fastjson/target/dependency/clojure-1.5.1.jar:/var/benchmarks/projects/fastjson/target/dependency/spring-security-oauth2-2.3.3.RELEASE.jar:/var/benchmarks/projects/fastjson/target/dependency/spring-test-4.3.7.RELEASE.jar:/var/benchmarks/projects/fastjson/target/dependency/aopalliance-repackaged-2.5.0-b05.jar:/var/benchmarks/projects/fastjson/target/dependency/spring-oxm-4.3.10.RELEASE.jar:/var/benchmarks/projects/fastjson/target/dependency/spring-security-core-4.2.3.RELEASE.jar:/var/benchmarks/projects/fastjson/target/dependency/jboss-transaction-api_1.2_spec-1.0.1.Final.jar:/var/benchmarks/projects/fastjson/target/dependency/lombok-1.14.4.jar:/var/benchmarks/projects/fastjson/target/dependency/commons-collections-3.2.1.jar:/var/benchmarks/projects/fastjson/target/dependency/cxf-rt-frontend-jaxrs-3.1.2.jar:/var/benchmarks/projects/fastjson/target/dependency/spring-context-4.3.7.RELEASE.jar:/var/benchmarks/projects/fastjson/target/dependency/jersey-test-framework-core-2.23.2.jar:/var/benchmarks/projects/fastjson/target/dependency/classmate-1.3.1.jar:/var/benchmarks/projects/fastjson/target/dependency/hk2-utils-2.5.0-b05.jar:/var/benchmarks/projects/fastjson/target/dependency/jersey-common-2.23.2.jar:/var/benchmarks/projects/fastjson/target/dependency/jackson-databind-2.9.0.jar:/var/benchmarks/projects/fastjson/target/dependency/jersey-media-json-jackson-2.23.2.jar:/var/benchmarks/projects/fastjson/target/dependency/commons-lang-2.5.jar:/var/benchmarks/projects/fastjson/target/dependency/jetty-servlet-8.1.8.v20121106.jar:/var/benchmarks/projects/fastjson/target/dependency/validation-api-1.1.0.Final.jar:/var/benchmarks/projects/fastjson/target/dependency/spring-web-4.3.7.RELEASE.jar:/var/benchmarks/projects/fastjson/target/dependency/jsoniter-0.9.8.jar:/var/benchmarks/projects/fastjson/target/dependency/jboss-logging-3.3.0.Final.jar, outputDir=/home/utbot_mocks/temp/testcases, mocks=Other classes: Mockito
20:14:27.996 | INFO  | Started: warmup: kotlin reflection :: init
20:14:28.094 | INFO  | Finished (in 0.097 sec): warmup: kotlin reflection :: init 
[INIT]
>> [RUN] com.alibaba.fastjson.serializer.AwtCodec 120
20:14:28.108 | DEBUG | -----------------------------------------------------------------------------
20:14:28.109 | INFO  | Contest.runGeneration: Time budget: 120000 ms, Generation timeout=102000 ms, classpath=/var/benchmarks/projects/fastjson/target/classes:/var/benchmarks/projects/fastjson/target/fastjson-1.2.50-SNAPSHOT.jar:/var/benchmarks/projects/./fastjson/target/dependency/deeptestutils-1.1.0.jar:/var/benchmarks/projects/fastjson/target/dependency/commons-beanutils-1.8.0.jar:/var/benchmarks/projects/fastjson/target/dependency/woodstox-core-asl-4.4.1.jar:/var/benchmarks/projects/fastjson/target/dependency/spring-aop-4.3.7.RELEASE.jar:/var/benchmarks/projects/fastjson/target/dependency/hibernate-core-5.2.10.Final.jar:/var/benchmarks/projects/fastjson/target/dependency/jackson-module-kotlin-2.9.0.jar:/var/benchmarks/projects/fastjson/target/dependency/spring-data-commons-1.13.6.RELEASE.jar:/var/benchmarks/projects/fastjson/target/dependency/javax.annotation-api-1.2.jar:/var/benchmarks/projects/fastjson/target/dependency/gson-2.6.2.jar:/var/benchmarks/projects/fastjson/target/dependency/jetty-continuation-8.1.8.v20121106.jar:/var/benchmarks/projects/fastjson/target/dependency/objenesis-2.5.1.jar:/var/benchmarks/projects/fastjson/target/dependency/powermock-reflect-1.6.6.jar:/var/benchmarks/projects/fastjson/target/dependency/springfox-spring-web-2.6.1.jar:/var/benchmarks/projects/fastjson/target/dependency/javaslang-2.0.6.jar:/var/benchmarks/projects/fastjson/target/dependency/guava-18.0.jar:/var/benchmarks/projects/fastjson/target/dependency/mockito-core-1.10.19.jar:/var/benchmarks/projects/fastjson/target/dependency/json-lib-2.4-jdk15.jar:/var/benchmarks/projects/fastjson/target/dependency/jetty-xml-8.1.8.v20121106.jar:/var/benchmarks/projects/fastjson/target/dependency/xmlschema-core-2.2.1.jar:/var/benchmarks/projects/fastjson/target/dependency/powermock-api-support-1.6.6.jar:/var/benchmarks/projects/fastjson/target/dependency/commons-collections4-4.1.jar:/var/benchmarks/projects/fastjson/target/dependency/cglib-nodep-2.2.2.jar:/var/benchmarks/projects/fastjson/target/dependency/asm-debug-all-5.0.4.jar:/var/benchmarks/projects/fastjson/target/dependency/spring-plugin-core-1.2.0.RELEASE.jar:/var/benchmarks/projects/fastjson/target/dependency/cxf-rt-rs-client-3.1.2.jar:/var/benchmarks/projects/fastjson/target/dependency/jetty-io-8.1.8.v20121106.jar:/var/benchmarks/projects/fastjson/target/dependency/commons-lang3-3.4.jar:/var/benchmarks/projects/fastjson/target/dependency/stax2-api-3.1.4.jar:/var/benchmarks/projects/fastjson/target/dependency/jackson-annotations-2.9.0.jar:/var/benchmarks/projects/fastjson/target/dependency/jetty-server-8.1.8.v20121106.jar:/var/benchmarks/projects/fastjson/target/dependency/json-simple-1.1.1.jar:/var/benchmarks/projects/fastjson/target/dependency/asm-tree-4.0.jar:/var/benchmarks/projects/fastjson/target/dependency/spring-data-commons-core-1.4.1.RELEASE.jar:/var/benchmarks/projects/fastjson/target/dependency/powermock-module-junit4-common-1.6.6.jar:/var/benchmarks/projects/fastjson/target/dependency/jcl-over-slf4j-1.7.25.jar:/var/benchmarks/projects/fastjson/target/dependency/javax.servlet-3.0.0.v201112011016.jar:/var/benchmarks/projects/fastjson/target/dependency/springfox-core-2.6.1.jar:/var/benchmarks/projects/fastjson/target/dependency/osgi-resource-locator-1.0.1.jar:/var/benchmarks/projects/fastjson/target/dependency/javassist-3.18.0-GA.jar:/var/benchmarks/projects/fastjson/target/dependency/kotlin-reflect-1.1.3-2.jar:/var/benchmarks/projects/fastjson/target/dependency/spring-context-support-4.3.10.RELEASE.jar:/var/benchmarks/projects/fastjson/target/dependency/spring-plugin-metadata-1.2.0.RELEASE.jar:/var/benchmarks/projects/fastjson/target/dependency/kotlin-stdlib-1.1.3-2.jar:/var/benchmarks/projects/fastjson/target/dependency/spring-data-keyvalue-1.2.6.RELEASE.jar:/var/benchmarks/projects/fastjson/target/dependency/jersey-container-servlet-core-2.23.2.jar:/var/benchmarks/projects/fastjson/target/dependency/asm-4.0.jar:/var/benchmarks/projects/fastjson/target/dependency/asm-commons-4.0.jar:/var/benchmarks/projects/fastjson/target/dependency/jersey-guava-2.23.2.jar:/var/benchmarks/projects/fastjson/target/dependency/aopalliance-1.0.jar:/var/benchmarks/projects/fastjson/target/dependency/groovy-2.1.5.jar:/var/benchmarks/projects/fastjson/target/dependency/hk2-api-2.5.0-b05.jar:/var/benchmarks/projects/fastjson/target/dependency/jetty-security-8.1.8.v20121106.jar:/var/benchmarks/projects/fastjson/target/dependency/jmh-core-1.21.jar:/var/benchmarks/projects/fastjson/target/dependency/jersey-container-servlet-2.23.2.jar:/var/benchmarks/projects/fastjson/target/dependency/dom4j-1.6.1.jar:/var/benchmarks/projects/fastjson/target/dependency/spring-core-4.3.7.RELEASE.jar:/var/benchmarks/projects/fastjson/target/dependency/spring-data-redis-1.8.6.RELEASE.jar:/var/benchmarks/projects/fastjson/target/dependency/jackson-core-asl-1.9.13.jar:/var/benchmarks/projects/fastjson/target/dependency/jackson-mapper-asl-1.9.13.jar:/var/benchmarks/projects/fastjson/target/dependency/hibernate-jpa-2.1-api-1.0.0.Final.jar:/var/benchmarks/projects/fastjson/target/dependency/junit-4.12.jar:/var/benchmarks/projects/fastjson/target/dependency/commons-io-1.4.jar:/var/benchmarks/projects/fastjson/target/dependency/jetty-util-8.1.8.v20121106.jar:/var/benchmarks/projects/fastjson/target/dependency/hamcrest-core-1.3.jar:/var/benchmarks/projects/fastjson/target/dependency/jmh-generator-annprocess-1.21.jar:/var/benchmarks/projects/fastjson/target/dependency/jackson-jaxrs-base-2.8.7.jar:/var/benchmarks/projects/fastjson/target/dependency/powermock-module-junit4-1.6.6.jar:/var/benchmarks/projects/fastjson/target/dependency/powermock-core-1.6.6.jar:/var/benchmarks/projects/fastjson/target/dependency/slf4j-api-1.7.25.jar:/var/benchmarks/projects/fastjson/target/dependency/antlr-2.7.7.jar:/var/benchmarks/projects/fastjson/target/dependency/mockito-all-1.10.19.jar:/var/benchmarks/projects/fastjson/target/dependency/jersey-container-jdk-http-2.23.2.jar:/var/benchmarks/projects/fastjson/target/dependency/javaslang-match-2.0.6.jar:/var/benchmarks/projects/fastjson/target/dependency/jersey-test-framework-provider-jdk-http-2.23.2.jar:/var/benchmarks/projects/fastjson/target/dependency/jersey-entity-filtering-2.23.2.jar:/var/benchmarks/projects/fastjson/target/dependency/jandex-2.0.3.Final.jar:/var/benchmarks/projects/fastjson/target/dependency/ezmorph-1.0.6.jar:/var/benchmarks/projects/fastjson/target/dependency/jackson-jaxrs-json-provider-2.8.7.jar:/var/benchmarks/projects/fastjson/target/dependency/cxf-rt-transports-http-3.1.2.jar:/var/benchmarks/projects/fastjson/target/dependency/spring-beans-4.3.7.RELEASE.jar:/var/benchmarks/projects/fastjson/target/dependency/jersey-server-2.23.2.jar:/var/benchmarks/projects/fastjson/target/dependency/powermock-api-mockito-1.6.6.jar:/var/benchmarks/projects/fastjson/target/dependency/jackson-module-jaxb-annotations-2.8.7.jar:/var/benchmarks/projects/fastjson/target/dependency/jopt-simple-4.6.jar:/var/benchmarks/projects/fastjson/target/dependency/asm-analysis-4.0.jar:/var/benchmarks/projects/fastjson/target/dependency/annotations-13.0.jar:/var/benchmarks/projects/fastjson/target/dependency/json-path-2.3.0.jar:/var/benchmarks/projects/fastjson/target/dependency/springfox-spi-2.6.1.jar:/var/benchmarks/projects/fastjson/target/dependency/spring-websocket-4.3.7.RELEASE.jar:/var/benchmarks/projects/fastjson/target/dependency/spring-messaging-4.3.7.RELEASE.jar:/var/benchmarks/projects/fastjson/target/dependency/jersey-client-2.23.2.jar:/var/benchmarks/projects/fastjson/target/dependency/javax.ws.rs-api-2.0.1.jar:/var/benchmarks/projects/fastjson/target/dependency/accessors-smart-1.1.jar:/var/benchmarks/projects/fastjson/target/dependency/hibernate-commons-annotations-5.0.1.Final.jar:/var/benchmarks/projects/fastjson/target/dependency/commons-logging-1.1.1.jar:/var/benchmarks/projects/fastjson/target/dependency/jackson-core-2.9.0.jar:/var/benchmarks/projects/fastjson/target/dependency/spring-expression-4.3.7.RELEASE.jar:/var/benchmarks/projects/fastjson/target/dependency/jersey-media-jaxb-2.23.2.jar:/var/benchmarks/projects/fastjson/target/dependency/okhttp-3.6.0.jar:/var/benchmarks/projects/fastjson/target/dependency/commons-math3-3.2.jar:/var/benchmarks/projects/fastjson/target/dependency/jetty-webapp-8.1.8.v20121106.jar:/var/benchmarks/projects/fastjson/target/dependency/javax.inject-2.5.0-b05.jar:/var/benchmarks/projects/fastjson/target/dependency/cxf-core-3.1.2.jar:/var/benchmarks/projects/fastjson/target/dependency/powermock-api-mockito-common-1.6.6.jar:/var/benchmarks/projects/fastjson/target/dependency/jetty-http-8.1.8.v20121106.jar:/var/benchmarks/projects/fastjson/target/dependency/spring-security-config-3.2.10.RELEASE.jar:/var/benchmarks/projects/fastjson/target/dependency/okio-1.11.0.jar:/var/benchmarks/projects/fastjson/target/dependency/javax.servlet-api-3.1.0.jar:/var/benchmarks/projects/fastjson/target/dependency/json-smart-2.2.1.jar:/var/benchmarks/projects/fastjson/target/dependency/spring-tx-4.3.10.RELEASE.jar:/var/benchmarks/projects/fastjson/target/dependency/jackson-module-afterburner-2.9.0.jar:/var/benchmarks/projects/fastjson/target/dependency/asm-util-4.0.jar:/var/benchmarks/projects/fastjson/target/dependency/spring-security-web-4.2.3.RELEASE.jar:/var/benchmarks/projects/fastjson/target/dependency/spring-webmvc-4.3.7.RELEASE.jar:/var/benchmarks/projects/fastjson/target/dependency/hk2-locator-2.5.0-b05.jar:/var/benchmarks/projects/fastjson/target/dependency/retrofit-2.1.0.jar:/var/benchmarks/projects/fastjson/target/dependency/clojure-1.5.1.jar:/var/benchmarks/projects/fastjson/target/dependency/spring-security-oauth2-2.3.3.RELEASE.jar:/var/benchmarks/projects/fastjson/target/dependency/spring-test-4.3.7.RELEASE.jar:/var/benchmarks/projects/fastjson/target/dependency/aopalliance-repackaged-2.5.0-b05.jar:/var/benchmarks/projects/fastjson/target/dependency/spring-oxm-4.3.10.RELEASE.jar:/var/benchmarks/projects/fastjson/target/dependency/spring-security-core-4.2.3.RELEASE.jar:/var/benchmarks/projects/fastjson/target/dependency/jboss-transaction-api_1.2_spec-1.0.1.Final.jar:/var/benchmarks/projects/fastjson/target/dependency/lombok-1.14.4.jar:/var/benchmarks/projects/fastjson/target/dependency/commons-collections-3.2.1.jar:/var/benchmarks/projects/fastjson/target/dependency/cxf-rt-frontend-jaxrs-3.1.2.jar:/var/benchmarks/projects/fastjson/target/dependency/spring-context-4.3.7.RELEASE.jar:/var/benchmarks/projects/fastjson/target/dependency/jersey-test-framework-core-2.23.2.jar:/var/benchmarks/projects/fastjson/target/dependency/classmate-1.3.1.jar:/var/benchmarks/projects/fastjson/target/dependency/hk2-utils-2.5.0-b05.jar:/var/benchmarks/projects/fastjson/target/dependency/jersey-common-2.23.2.jar:/var/benchmarks/projects/fastjson/target/dependency/jackson-databind-2.9.0.jar:/var/benchmarks/projects/fastjson/target/dependency/jersey-media-json-jackson-2.23.2.jar:/var/benchmarks/projects/fastjson/target/dependency/commons-lang-2.5.jar:/var/benchmarks/projects/fastjson/target/dependency/jetty-servlet-8.1.8.v20121106.jar:/var/benchmarks/projects/fastjson/target/dependency/validation-api-1.1.0.Final.jar:/var/benchmarks/projects/fastjson/target/dependency/spring-web-4.3.7.RELEASE.jar:/var/benchmarks/projects/fastjson/target/dependency/jsoniter-0.9.8.jar:/var/benchmarks/projects/fastjson/target/dependency/jboss-logging-3.3.0.Final.jar, methodNameFilter=null
20:14:28.115 | INFO  | ClassUnderTest[ FQN: com.alibaba.fastjson.serializer.AwtCodec
    classfileDir: /var/benchmarks/projects/fastjson/target/classes
    testClassSimpleName: AwtCodecTest
    generatedTestFile: /home/utbot_mocks/temp/testcases/com/alibaba/fastjson/serializer/AwtCodecTest.java
    generatedTestsSourcesDir: /home/utbot_mocks/temp/testcases
]
20:14:28.149 | INFO  | Started: class com.alibaba.fastjson.serializer.AwtCodec
20:14:28.150 | INFO  | Started: preparation class class com.alibaba.fastjson.serializer.AwtCodec: kotlin reflection :: run
20:14:28.206 | INFO  | Finished (in 0.056 sec): preparation class class com.alibaba.fastjson.serializer.AwtCodec: kotlin reflection :: run 
20:14:28.207 | INFO  | Started: 2nd optional soot initialization
20:14:28.209 | INFO  | Finished (in 0.001 sec): 2nd optional soot initialization 
20:14:28.221 | DEBUG |  ... 
20:14:28.231 | INFO  | Started: method com.alibaba.fastjson.serializer.AwtCodec.write(JSONSerializer, Object, Object, Type, int)
20:14:28.232 | INFO  |  -- Remaining time budget: 101890 ms, #remaining_methods: 11, budget for method: 9262 ms, solver timeout: 1000 ms, budget for symbolic execution: 8062 ms, budget for concrete execution: 1200 ms,  -- 
20:14:31.109 | DEBUG | --new testCase collected, to generate: testCom.alibaba.fastjson.serializer.AwtCodec.write(JSONSerializer, Object, Object, Type, int)1
20:14:32.088 | DEBUG | --new testCase collected, to generate: testCom.alibaba.fastjson.serializer.AwtCodec.write(JSONSerializer, Object, Object, Type, int)2
20:14:32.145 | DEBUG | --new testCase collected, to generate: testCom.alibaba.fastjson.serializer.AwtCodec.write(JSONSerializer, Object, Object, Type, int)3
20:14:33.385 | DEBUG | --new testCase collected, to generate: testCom.alibaba.fastjson.serializer.AwtCodec.write(JSONSerializer, Object, Object, Type, int)4
20:14:36.290 | INFO  | |> Starting concrete execution for remaining state: com.alibaba.fastjson.serializer.AwtCodec.write(JSONSerializer, Object, Object, Type, int)
20:14:37.492 | INFO  | (X) Cancelling concrete execution: com.alibaba.fastjson.serializer.AwtCodec.write(JSONSerializer, Object, Object, Type, int)
20:14:37.545 | INFO  | Finished (in 9.313 sec): method com.alibaba.fastjson.serializer.AwtCodec.write(JSONSerializer, Object, Object, Type, int) 
<StatsForMethod> :
	#generatedTC=4
	WITH NO EXCEPTIONS
20:14:37.703 | DEBUG |  ... 
20:14:37.703 | INFO  | Started: method com.alibaba.fastjson.serializer.AwtCodec.getFastMatchToken()
20:14:37.704 | INFO  |  -- Remaining time budget: 92410 ms, #remaining_methods: 10, budget for method: 9241 ms, solver timeout: 1000 ms, budget for symbolic execution: 8041 ms, budget for concrete execution: 1200 ms,  -- 
20:14:37.712 | DEBUG | --new testCase collected, to generate: testCom.alibaba.fastjson.serializer.AwtCodec.getFastMatchToken()1
20:14:37.743 | DEBUG | --new testCase collected, to generate: testCom.alibaba.fastjson.serializer.AwtCodec.getFastMatchToken()2
20:14:37.743 | INFO  | Finished (in 0.039 sec): method com.alibaba.fastjson.serializer.AwtCodec.getFastMatchToken() 
<StatsForMethod> :
	#generatedTC=2
	WITH NO EXCEPTIONS
20:14:37.744 | DEBUG |  ... 
20:14:37.745 | INFO  | Started: method com.alibaba.fastjson.serializer.AwtCodec.deserialze(DefaultJSONParser, Type, Object)
20:14:37.745 | INFO  |  -- Remaining time budget: 92368 ms, #remaining_methods: 9, budget for method: 10263 ms, solver timeout: 1000 ms, budget for symbolic execution: 9063 ms, budget for concrete execution: 1200 ms,  -- 
20:14:37.768 | ERROR | Symbolic execution FAILED
com.huawei.utbot.instrumentation.util.ChildProcessError: Error in the child process |> java.util.NoSuchElementException: List is empty.
	at kotlin.collections.CollectionsKt___CollectionsKt.first(_Collections.kt:212)
	at com.huawei.utbot.framework.concrete.UtExecutionInstrumentation.sortOutException(UtExecutionInstrumentation.kt:179)
	at com.huawei.utbot.framework.concrete.UtExecutionInstrumentation.access$sortOutException(UtExecutionInstrumentation.kt:96)
	at com.huawei.utbot.framework.concrete.UtExecutionInstrumentation$invoke$$inlined$use$lambda$1.invoke(UtExecutionInstrumentation.kt:152)
	at com.huawei.utbot.framework.concrete.UtExecutionInstrumentation$invoke$$inlined$use$lambda$1.invoke(UtExecutionInstrumentation.kt:96)
	at com.huawei.utbot.framework.concrete.UtExecutionInstrumentation.withStaticFields(UtExecutionInstrumentation.kt:225)
	at com.huawei.utbot.framework.concrete.UtExecutionInstrumentation.invoke(UtExecutionInstrumentation.kt:137)
	at com.huawei.utbot.framework.concrete.UtExecutionInstrumentation.invoke(UtExecutionInstrumentation.kt:96)
	at com.huawei.utbot.instrumentation.process.ChildProcessKt.loop(ChildProcess.kt:114)
	at com.huawei.utbot.instrumentation.process.ChildProcessKt.main(ChildProcess.kt:76)
	at com.huawei.utbot.instrumentation.process.ChildProcessKt.main(ChildProcess.kt)

	at com.huawei.utbot.instrumentation.ConcreteExecutor.executeAsync(ConcreteExecutor.kt:391) ~[utbot-junit-contest-1.0.jar:?]
	at com.huawei.utbot.instrumentation.ConcreteExecutor$executeAsync$1.invokeSuspend(ConcreteExecutor.kt) ~[utbot-junit-contest-1.0.jar:?]
	at kotlin.coroutines.jvm.internal.BaseContinuationImpl.resumeWith(ContinuationImpl.kt:33) [utbot-junit-contest-1.0.jar:?]
	at kotlinx.coroutines.DispatchedTask.run(DispatchedTask.kt:106) [utbot-junit-contest-1.0.jar:?]
	at java.util.concurrent.Executors$RunnableAdapter.call(Executors.java:511) [?:1.8.0_312]
	at java.util.concurrent.FutureTask.run(FutureTask.java:266) [?:1.8.0_312]
	at java.util.concurrent.ScheduledThreadPoolExecutor$ScheduledFutureTask.access$201(ScheduledThreadPoolExecutor.java:180) [?:1.8.0_312]
	at java.util.concurrent.ScheduledThreadPoolExecutor$ScheduledFutureTask.run(ScheduledThreadPoolExecutor.java:293) [?:1.8.0_312]
	at java.util.concurrent.ThreadPoolExecutor.runWorker(ThreadPoolExecutor.java:1149) [?:1.8.0_312]
	at java.util.concurrent.ThreadPoolExecutor$Worker.run(ThreadPoolExecutor.java:624) [?:1.8.0_312]
	at java.lang.Thread.run(Thread.java:748) [?:1.8.0_312]
20:14:38.107 | DEBUG | --new testCase collected, to generate: testCom.alibaba.fastjson.serializer.AwtCodec.deserialze(DefaultJSONParser, Type, Object)1
20:14:38.415 | DEBUG | --new testCase collected, to generate: testCom.alibaba.fastjson.serializer.AwtCodec.deserialze(DefaultJSONParser, Type, Object)2
20:14:38.577 | DEBUG | --new testCase collected, to generate: testCom.alibaba.fastjson.serializer.AwtCodec.deserialze(DefaultJSONParser, Type, Object)3
20:14:39.185 | DEBUG | --new testCase collected, to generate: testCom.alibaba.fastjson.serializer.AwtCodec.deserialze(DefaultJSONParser, Type, Object)4
20:14:40.516 | DEBUG | --new testCase collected, to generate: testCom.alibaba.fastjson.serializer.AwtCodec.deserialze(DefaultJSONParser, Type, Object)5
20:14:42.470 | DEBUG | --new testCase collected, to generate: testCom.alibaba.fastjson.serializer.AwtCodec.deserialze(DefaultJSONParser, Type, Object)6
20:14:42.949 | DEBUG | --new testCase collected, to generate: testCom.alibaba.fastjson.serializer.AwtCodec.deserialze(DefaultJSONParser, Type, Object)7
20:14:44.070 | DEBUG | --new testCase collected, to generate: testCom.alibaba.fastjson.serializer.AwtCodec.deserialze(DefaultJSONParser, Type, Object)8
20:14:45.091 | DEBUG | --new testCase collected, to generate: testCom.alibaba.fastjson.serializer.AwtCodec.deserialze(DefaultJSONParser, Type, Object)9
20:14:46.268 | DEBUG | --new testCase collected, to generate: testCom.alibaba.fastjson.serializer.AwtCodec.deserialze(DefaultJSONParser, Type, Object)10
20:14:46.808 | INFO  | |> Starting concrete execution for remaining state: com.alibaba.fastjson.serializer.AwtCodec.deserialze(DefaultJSONParser, Type, Object)
20:14:46.905 | DEBUG | --new testCase collected, to generate: testCom.alibaba.fastjson.serializer.AwtCodec.deserialze(DefaultJSONParser, Type, Object)11
20:14:48.009 | INFO  | (X) Cancelling concrete execution: com.alibaba.fastjson.serializer.AwtCodec.deserialze(DefaultJSONParser, Type, Object)
20:14:48.170 | INFO  | Finished (in 10.425 sec): method com.alibaba.fastjson.serializer.AwtCodec.deserialze(DefaultJSONParser, Type, Object) 
<StatsForMethod> :
	#generatedTC=11
	FAILED 1 time(s) with 1 different exception(s)"
20:14:48.472 | DEBUG |  ... 
20:14:48.473 | INFO  | Started: method com.alibaba.fastjson.serializer.AwtCodec.parseFont(DefaultJSONParser)
20:14:48.473 | INFO  |  -- Remaining time budget: 81640 ms, #remaining_methods: 8, budget for method: 10205 ms, solver timeout: 1000 ms, budget for symbolic execution: 9005 ms, budget for concrete execution: 1200 ms,  -- 
20:14:48.481 | ERROR | Symbolic execution FAILED
com.huawei.utbot.instrumentation.util.ChildProcessError: Error in the child process |> java.util.NoSuchElementException: List is empty.
	at kotlin.collections.CollectionsKt___CollectionsKt.first(_Collections.kt:212)
	at com.huawei.utbot.framework.concrete.UtExecutionInstrumentation.sortOutException(UtExecutionInstrumentation.kt:179)
	at com.huawei.utbot.framework.concrete.UtExecutionInstrumentation.access$sortOutException(UtExecutionInstrumentation.kt:96)
	at com.huawei.utbot.framework.concrete.UtExecutionInstrumentation$invoke$$inlined$use$lambda$1.invoke(UtExecutionInstrumentation.kt:152)
	at com.huawei.utbot.framework.concrete.UtExecutionInstrumentation$invoke$$inlined$use$lambda$1.invoke(UtExecutionInstrumentation.kt:96)
	at com.huawei.utbot.framework.concrete.UtExecutionInstrumentation.withStaticFields(UtExecutionInstrumentation.kt:225)
	at com.huawei.utbot.framework.concrete.UtExecutionInstrumentation.invoke(UtExecutionInstrumentation.kt:137)
	at com.huawei.utbot.framework.concrete.UtExecutionInstrumentation.invoke(UtExecutionInstrumentation.kt:96)
	at com.huawei.utbot.instrumentation.process.ChildProcessKt.loop(ChildProcess.kt:114)
	at com.huawei.utbot.instrumentation.process.ChildProcessKt.main(ChildProcess.kt:76)
	at com.huawei.utbot.instrumentation.process.ChildProcessKt.main(ChildProcess.kt)

	at com.huawei.utbot.instrumentation.ConcreteExecutor.executeAsync(ConcreteExecutor.kt:391) ~[utbot-junit-contest-1.0.jar:?]
	at com.huawei.utbot.instrumentation.ConcreteExecutor$executeAsync$1.invokeSuspend(ConcreteExecutor.kt) ~[utbot-junit-contest-1.0.jar:?]
	at kotlin.coroutines.jvm.internal.BaseContinuationImpl.resumeWith(ContinuationImpl.kt:33) [utbot-junit-contest-1.0.jar:?]
	at kotlinx.coroutines.DispatchedTask.run(DispatchedTask.kt:106) [utbot-junit-contest-1.0.jar:?]
	at java.util.concurrent.Executors$RunnableAdapter.call(Executors.java:511) [?:1.8.0_312]
	at java.util.concurrent.FutureTask.run(FutureTask.java:266) [?:1.8.0_312]
	at java.util.concurrent.ScheduledThreadPoolExecutor$ScheduledFutureTask.access$201(ScheduledThreadPoolExecutor.java:180) [?:1.8.0_312]
	at java.util.concurrent.ScheduledThreadPoolExecutor$ScheduledFutureTask.run(ScheduledThreadPoolExecutor.java:293) [?:1.8.0_312]
	at java.util.concurrent.ThreadPoolExecutor.runWorker(ThreadPoolExecutor.java:1149) [?:1.8.0_312]
	at java.util.concurrent.ThreadPoolExecutor$Worker.run(ThreadPoolExecutor.java:624) [?:1.8.0_312]
	at java.lang.Thread.run(Thread.java:748) [?:1.8.0_312]
20:14:48.510 | DEBUG | --new testCase collected, to generate: testCom.alibaba.fastjson.serializer.AwtCodec.parseFont(DefaultJSONParser)1
20:14:48.553 | DEBUG | --new testCase collected, to generate: testCom.alibaba.fastjson.serializer.AwtCodec.parseFont(DefaultJSONParser)2
20:14:48.594 | DEBUG | --new testCase collected, to generate: testCom.alibaba.fastjson.serializer.AwtCodec.parseFont(DefaultJSONParser)3
20:14:48.705 | DEBUG | --new testCase collected, to generate: testCom.alibaba.fastjson.serializer.AwtCodec.parseFont(DefaultJSONParser)4
20:14:52.397 | DEBUG | --new testCase collected, to generate: testCom.alibaba.fastjson.serializer.AwtCodec.parseFont(DefaultJSONParser)5
20:14:54.324 | DEBUG | --new testCase collected, to generate: testCom.alibaba.fastjson.serializer.AwtCodec.parseFont(DefaultJSONParser)6
20:14:57.479 | INFO  | |> Starting concrete execution for remaining state: com.alibaba.fastjson.serializer.AwtCodec.parseFont(DefaultJSONParser)
20:14:58.560 | DEBUG | --new testCase collected, to generate: testCom.alibaba.fastjson.serializer.AwtCodec.parseFont(DefaultJSONParser)7
20:14:58.679 | INFO  | (X) Cancelling concrete execution: com.alibaba.fastjson.serializer.AwtCodec.parseFont(DefaultJSONParser)
20:14:58.793 | INFO  | Finished (in 10.319 sec): method com.alibaba.fastjson.serializer.AwtCodec.parseFont(DefaultJSONParser) 
<StatsForMethod> :
	#generatedTC=7
	FAILED 1 time(s) with 1 different exception(s)"
20:14:58.894 | DEBUG |  ... 
20:14:58.895 | INFO  | Started: method com.alibaba.fastjson.serializer.AwtCodec.parseColor(DefaultJSONParser)
20:14:58.895 | INFO  |  -- Remaining time budget: 71219 ms, #remaining_methods: 7, budget for method: 10174 ms, solver timeout: 1000 ms, budget for symbolic execution: 8974 ms, budget for concrete execution: 1200 ms,  -- 
20:14:58.903 | ERROR | Symbolic execution FAILED
com.huawei.utbot.instrumentation.util.ChildProcessError: Error in the child process |> java.util.NoSuchElementException: List is empty.
	at kotlin.collections.CollectionsKt___CollectionsKt.first(_Collections.kt:212)
	at com.huawei.utbot.framework.concrete.UtExecutionInstrumentation.sortOutException(UtExecutionInstrumentation.kt:179)
	at com.huawei.utbot.framework.concrete.UtExecutionInstrumentation.access$sortOutException(UtExecutionInstrumentation.kt:96)
	at com.huawei.utbot.framework.concrete.UtExecutionInstrumentation$invoke$$inlined$use$lambda$1.invoke(UtExecutionInstrumentation.kt:152)
	at com.huawei.utbot.framework.concrete.UtExecutionInstrumentation$invoke$$inlined$use$lambda$1.invoke(UtExecutionInstrumentation.kt:96)
	at com.huawei.utbot.framework.concrete.UtExecutionInstrumentation.withStaticFields(UtExecutionInstrumentation.kt:225)
	at com.huawei.utbot.framework.concrete.UtExecutionInstrumentation.invoke(UtExecutionInstrumentation.kt:137)
	at com.huawei.utbot.framework.concrete.UtExecutionInstrumentation.invoke(UtExecutionInstrumentation.kt:96)
	at com.huawei.utbot.instrumentation.process.ChildProcessKt.loop(ChildProcess.kt:114)
	at com.huawei.utbot.instrumentation.process.ChildProcessKt.main(ChildProcess.kt:76)
	at com.huawei.utbot.instrumentation.process.ChildProcessKt.main(ChildProcess.kt)

	at com.huawei.utbot.instrumentation.ConcreteExecutor.executeAsync(ConcreteExecutor.kt:391) ~[utbot-junit-contest-1.0.jar:?]
	at com.huawei.utbot.instrumentation.ConcreteExecutor$executeAsync$1.invokeSuspend(ConcreteExecutor.kt) ~[utbot-junit-contest-1.0.jar:?]
	at kotlin.coroutines.jvm.internal.BaseContinuationImpl.resumeWith(ContinuationImpl.kt:33) [utbot-junit-contest-1.0.jar:?]
	at kotlinx.coroutines.DispatchedTask.run(DispatchedTask.kt:106) [utbot-junit-contest-1.0.jar:?]
	at java.util.concurrent.Executors$RunnableAdapter.call(Executors.java:511) [?:1.8.0_312]
	at java.util.concurrent.FutureTask.run(FutureTask.java:266) [?:1.8.0_312]
	at java.util.concurrent.ScheduledThreadPoolExecutor$ScheduledFutureTask.access$201(ScheduledThreadPoolExecutor.java:180) [?:1.8.0_312]
	at java.util.concurrent.ScheduledThreadPoolExecutor$ScheduledFutureTask.run(ScheduledThreadPoolExecutor.java:293) [?:1.8.0_312]
	at java.util.concurrent.ThreadPoolExecutor.runWorker(ThreadPoolExecutor.java:1149) [?:1.8.0_312]
	at java.util.concurrent.ThreadPoolExecutor$Worker.run(ThreadPoolExecutor.java:624) [?:1.8.0_312]
	at java.lang.Thread.run(Thread.java:748) [?:1.8.0_312]
20:14:58.932 | DEBUG | --new testCase collected, to generate: testCom.alibaba.fastjson.serializer.AwtCodec.parseColor(DefaultJSONParser)1
20:14:58.988 | DEBUG | --new testCase collected, to generate: testCom.alibaba.fastjson.serializer.AwtCodec.parseColor(DefaultJSONParser)2
20:14:59.016 | DEBUG | --new testCase collected, to generate: testCom.alibaba.fastjson.serializer.AwtCodec.parseColor(DefaultJSONParser)3
20:14:59.024 | DEBUG | --new testCase collected, to generate: testCom.alibaba.fastjson.serializer.AwtCodec.parseColor(DefaultJSONParser)4
20:14:59.143 | DEBUG | --new testCase collected, to generate: testCom.alibaba.fastjson.serializer.AwtCodec.parseColor(DefaultJSONParser)5
20:14:59.593 | DEBUG | --new testCase collected, to generate: testCom.alibaba.fastjson.serializer.AwtCodec.parseColor(DefaultJSONParser)6
20:14:59.669 | DEBUG | --new testCase collected, to generate: testCom.alibaba.fastjson.serializer.AwtCodec.parseColor(DefaultJSONParser)7
20:15:02.350 | DEBUG | --new testCase collected, to generate: testCom.alibaba.fastjson.serializer.AwtCodec.parseColor(DefaultJSONParser)8
20:15:06.493 | DEBUG | --new testCase collected, to generate: testCom.alibaba.fastjson.serializer.AwtCodec.parseColor(DefaultJSONParser)9
20:15:07.869 | INFO  | |> Starting concrete execution for remaining state: com.alibaba.fastjson.serializer.AwtCodec.parseColor(DefaultJSONParser)
20:15:09.071 | INFO  | (X) Cancelling concrete execution: com.alibaba.fastjson.serializer.AwtCodec.parseColor(DefaultJSONParser)
20:15:09.190 | INFO  | Finished (in 10.295 sec): method com.alibaba.fastjson.serializer.AwtCodec.parseColor(DefaultJSONParser) 
<StatsForMethod> :
	#generatedTC=9
	FAILED 1 time(s) with 1 different exception(s)"
20:15:09.806 | DEBUG |  ... 
20:15:09.807 | INFO  | Started: method com.alibaba.fastjson.serializer.AwtCodec.parseRectangle(DefaultJSONParser)
20:15:09.807 | INFO  |  -- Remaining time budget: 60306 ms, #remaining_methods: 6, budget for method: 10051 ms, solver timeout: 1000 ms, budget for symbolic execution: 8851 ms, budget for concrete execution: 1200 ms,  -- 
20:15:09.816 | ERROR | Symbolic execution FAILED
com.huawei.utbot.instrumentation.util.ChildProcessError: Error in the child process |> java.util.NoSuchElementException: List is empty.
	at kotlin.collections.CollectionsKt___CollectionsKt.first(_Collections.kt:212)
	at com.huawei.utbot.framework.concrete.UtExecutionInstrumentation.sortOutException(UtExecutionInstrumentation.kt:179)
	at com.huawei.utbot.framework.concrete.UtExecutionInstrumentation.access$sortOutException(UtExecutionInstrumentation.kt:96)
	at com.huawei.utbot.framework.concrete.UtExecutionInstrumentation$invoke$$inlined$use$lambda$1.invoke(UtExecutionInstrumentation.kt:152)
	at com.huawei.utbot.framework.concrete.UtExecutionInstrumentation$invoke$$inlined$use$lambda$1.invoke(UtExecutionInstrumentation.kt:96)
	at com.huawei.utbot.framework.concrete.UtExecutionInstrumentation.withStaticFields(UtExecutionInstrumentation.kt:225)
	at com.huawei.utbot.framework.concrete.UtExecutionInstrumentation.invoke(UtExecutionInstrumentation.kt:137)
	at com.huawei.utbot.framework.concrete.UtExecutionInstrumentation.invoke(UtExecutionInstrumentation.kt:96)
	at com.huawei.utbot.instrumentation.process.ChildProcessKt.loop(ChildProcess.kt:114)
	at com.huawei.utbot.instrumentation.process.ChildProcessKt.main(ChildProcess.kt:76)
	at com.huawei.utbot.instrumentation.process.ChildProcessKt.main(ChildProcess.kt)

	at com.huawei.utbot.instrumentation.ConcreteExecutor.executeAsync(ConcreteExecutor.kt:391) ~[utbot-junit-contest-1.0.jar:?]
	at com.huawei.utbot.instrumentation.ConcreteExecutor$executeAsync$1.invokeSuspend(ConcreteExecutor.kt) ~[utbot-junit-contest-1.0.jar:?]
	at kotlin.coroutines.jvm.internal.BaseContinuationImpl.resumeWith(ContinuationImpl.kt:33) [utbot-junit-contest-1.0.jar:?]
	at kotlinx.coroutines.DispatchedTask.run(DispatchedTask.kt:106) [utbot-junit-contest-1.0.jar:?]
	at java.util.concurrent.Executors$RunnableAdapter.call(Executors.java:511) [?:1.8.0_312]
	at java.util.concurrent.FutureTask.run(FutureTask.java:266) [?:1.8.0_312]
	at java.util.concurrent.ScheduledThreadPoolExecutor$ScheduledFutureTask.access$201(ScheduledThreadPoolExecutor.java:180) [?:1.8.0_312]
	at java.util.concurrent.ScheduledThreadPoolExecutor$ScheduledFutureTask.run(ScheduledThreadPoolExecutor.java:293) [?:1.8.0_312]
	at java.util.concurrent.ThreadPoolExecutor.runWorker(ThreadPoolExecutor.java:1149) [?:1.8.0_312]
	at java.util.concurrent.ThreadPoolExecutor$Worker.run(ThreadPoolExecutor.java:624) [?:1.8.0_312]
	at java.lang.Thread.run(Thread.java:748) [?:1.8.0_312]
20:15:09.845 | DEBUG | --new testCase collected, to generate: testCom.alibaba.fastjson.serializer.AwtCodec.parseRectangle(DefaultJSONParser)1
20:15:09.900 | DEBUG | --new testCase collected, to generate: testCom.alibaba.fastjson.serializer.AwtCodec.parseRectangle(DefaultJSONParser)2
20:15:09.927 | DEBUG | --new testCase collected, to generate: testCom.alibaba.fastjson.serializer.AwtCodec.parseRectangle(DefaultJSONParser)3
20:15:09.935 | DEBUG | --new testCase collected, to generate: testCom.alibaba.fastjson.serializer.AwtCodec.parseRectangle(DefaultJSONParser)4
20:15:09.977 | DEBUG | --new testCase collected, to generate: testCom.alibaba.fastjson.serializer.AwtCodec.parseRectangle(DefaultJSONParser)5
20:15:10.138 | DEBUG | --new testCase collected, to generate: testCom.alibaba.fastjson.serializer.AwtCodec.parseRectangle(DefaultJSONParser)6
20:15:10.670 | DEBUG | --new testCase collected, to generate: testCom.alibaba.fastjson.serializer.AwtCodec.parseRectangle(DefaultJSONParser)7
20:15:10.724 | DEBUG | --new testCase collected, to generate: testCom.alibaba.fastjson.serializer.AwtCodec.parseRectangle(DefaultJSONParser)8
20:15:18.658 | INFO  | |> Starting concrete execution for remaining state: com.alibaba.fastjson.serializer.AwtCodec.parseRectangle(DefaultJSONParser)
20:15:19.859 | INFO  | (X) Cancelling concrete execution: com.alibaba.fastjson.serializer.AwtCodec.parseRectangle(DefaultJSONParser)
20:15:19.984 | INFO  | Finished (in 10.177 sec): method com.alibaba.fastjson.serializer.AwtCodec.parseRectangle(DefaultJSONParser) 
<StatsForMethod> :
	#generatedTC=8
	FAILED 1 time(s) with 1 different exception(s)"
20:15:20.132 | DEBUG |  ... 
20:15:20.133 | INFO  | Started: method com.alibaba.fastjson.serializer.AwtCodec.parsePoint(DefaultJSONParser, Object)
20:15:20.133 | INFO  |  -- Remaining time budget: 49981 ms, #remaining_methods: 5, budget for method: 9996 ms, solver timeout: 1000 ms, budget for symbolic execution: 8796 ms, budget for concrete execution: 1200 ms,  -- 
20:15:20.140 | ERROR | Symbolic execution FAILED
com.huawei.utbot.instrumentation.util.ChildProcessError: Error in the child process |> java.util.NoSuchElementException: List is empty.
	at kotlin.collections.CollectionsKt___CollectionsKt.first(_Collections.kt:212)
	at com.huawei.utbot.framework.concrete.UtExecutionInstrumentation.sortOutException(UtExecutionInstrumentation.kt:179)
	at com.huawei.utbot.framework.concrete.UtExecutionInstrumentation.access$sortOutException(UtExecutionInstrumentation.kt:96)
	at com.huawei.utbot.framework.concrete.UtExecutionInstrumentation$invoke$$inlined$use$lambda$1.invoke(UtExecutionInstrumentation.kt:152)
	at com.huawei.utbot.framework.concrete.UtExecutionInstrumentation$invoke$$inlined$use$lambda$1.invoke(UtExecutionInstrumentation.kt:96)
	at com.huawei.utbot.framework.concrete.UtExecutionInstrumentation.withStaticFields(UtExecutionInstrumentation.kt:225)
	at com.huawei.utbot.framework.concrete.UtExecutionInstrumentation.invoke(UtExecutionInstrumentation.kt:137)
	at com.huawei.utbot.framework.concrete.UtExecutionInstrumentation.invoke(UtExecutionInstrumentation.kt:96)
	at com.huawei.utbot.instrumentation.process.ChildProcessKt.loop(ChildProcess.kt:114)
	at com.huawei.utbot.instrumentation.process.ChildProcessKt.main(ChildProcess.kt:76)
	at com.huawei.utbot.instrumentation.process.ChildProcessKt.main(ChildProcess.kt)

	at com.huawei.utbot.instrumentation.ConcreteExecutor.executeAsync(ConcreteExecutor.kt:391) ~[utbot-junit-contest-1.0.jar:?]
	at com.huawei.utbot.instrumentation.ConcreteExecutor$executeAsync$1.invokeSuspend(ConcreteExecutor.kt) ~[utbot-junit-contest-1.0.jar:?]
	at kotlin.coroutines.jvm.internal.BaseContinuationImpl.resumeWith(ContinuationImpl.kt:33) [utbot-junit-contest-1.0.jar:?]
	at kotlinx.coroutines.DispatchedTask.run(DispatchedTask.kt:106) [utbot-junit-contest-1.0.jar:?]
	at java.util.concurrent.Executors$RunnableAdapter.call(Executors.java:511) [?:1.8.0_312]
	at java.util.concurrent.FutureTask.run(FutureTask.java:266) [?:1.8.0_312]
	at java.util.concurrent.ScheduledThreadPoolExecutor$ScheduledFutureTask.access$201(ScheduledThreadPoolExecutor.java:180) [?:1.8.0_312]
	at java.util.concurrent.ScheduledThreadPoolExecutor$ScheduledFutureTask.run(ScheduledThreadPoolExecutor.java:293) [?:1.8.0_312]
	at java.util.concurrent.ThreadPoolExecutor.runWorker(ThreadPoolExecutor.java:1149) [?:1.8.0_312]
	at java.util.concurrent.ThreadPoolExecutor$Worker.run(ThreadPoolExecutor.java:624) [?:1.8.0_312]
	at java.lang.Thread.run(Thread.java:748) [?:1.8.0_312]
20:15:20.444 | DEBUG | --new testCase collected, to generate: testCom.alibaba.fastjson.serializer.AwtCodec.parsePoint(DefaultJSONParser, Object)1
20:15:20.731 | DEBUG | --new testCase collected, to generate: testCom.alibaba.fastjson.serializer.AwtCodec.parsePoint(DefaultJSONParser, Object)2
20:15:21.119 | DEBUG | --new testCase collected, to generate: testCom.alibaba.fastjson.serializer.AwtCodec.parsePoint(DefaultJSONParser, Object)3
20:15:21.120 | INFO  | Finished (in 0.987 sec): method com.alibaba.fastjson.serializer.AwtCodec.parsePoint(DefaultJSONParser, Object) 
<StatsForMethod> :
	#generatedTC=3
	FAILED 1 time(s) with 1 different exception(s)"
20:15:21.139 | DEBUG |  ... 
20:15:21.140 | INFO  | Started: method com.alibaba.fastjson.serializer.AwtCodec.parseRef(DefaultJSONParser, Object)
20:15:21.140 | INFO  |  -- Remaining time budget: 48973 ms, #remaining_methods: 4, budget for method: 12243 ms, solver timeout: 1000 ms, budget for symbolic execution: 11043 ms, budget for concrete execution: 1200 ms,  -- 
20:15:21.148 | DEBUG | --new testCase collected, to generate: testCom.alibaba.fastjson.serializer.AwtCodec.parseRef(DefaultJSONParser, Object)1
20:15:21.424 | DEBUG | --new testCase collected, to generate: testCom.alibaba.fastjson.serializer.AwtCodec.parseRef(DefaultJSONParser, Object)2
20:15:21.588 | DEBUG | --new testCase collected, to generate: testCom.alibaba.fastjson.serializer.AwtCodec.parseRef(DefaultJSONParser, Object)3
20:15:22.049 | DEBUG | --new testCase collected, to generate: testCom.alibaba.fastjson.serializer.AwtCodec.parseRef(DefaultJSONParser, Object)4
20:15:22.049 | INFO  | Finished (in 0.909 sec): method com.alibaba.fastjson.serializer.AwtCodec.parseRef(DefaultJSONParser, Object) 
<StatsForMethod> :
	#generatedTC=4
	WITH NO EXCEPTIONS
20:15:22.065 | DEBUG |  ... 
20:15:22.066 | INFO  | Started: method com.alibaba.fastjson.serializer.AwtCodec.writeClassName(SerializeWriter, Class, char)
20:15:22.066 | INFO  |  -- Remaining time budget: 48047 ms, #remaining_methods: 3, budget for method: 16015 ms, solver timeout: 1000 ms, budget for symbolic execution: 14815 ms, budget for concrete execution: 1200 ms,  -- 
20:15:22.078 | ERROR | Symbolic execution FAILED
com.huawei.utbot.instrumentation.util.ChildProcessError: Error in the child process |> java.lang.IllegalAccessException: java.lang.Class
	at sun.misc.Unsafe.allocateInstance(Native Method)
	at com.huawei.utbot.framework.util.EngineUtilsKt.getAnyInstance(EngineUtils.kt:61)
	at com.huawei.utbot.framework.concrete.MockValueConstructor.constructObject(MockValueConstructor.kt:158)
	at com.huawei.utbot.framework.concrete.MockValueConstructor.construct(MockValueConstructor.kt:124)
	at com.huawei.utbot.framework.concrete.MockValueConstructor.constructMethodParameters(MockValueConstructor.kt:101)
	at com.huawei.utbot.framework.concrete.UtExecutionInstrumentation.invoke(UtExecutionInstrumentation.kt:126)
	at com.huawei.utbot.framework.concrete.UtExecutionInstrumentation.invoke(UtExecutionInstrumentation.kt:96)
	at com.huawei.utbot.instrumentation.process.ChildProcessKt.loop(ChildProcess.kt:114)
	at com.huawei.utbot.instrumentation.process.ChildProcessKt.main(ChildProcess.kt:76)
	at com.huawei.utbot.instrumentation.process.ChildProcessKt.main(ChildProcess.kt)

	at com.huawei.utbot.instrumentation.ConcreteExecutor.executeAsync(ConcreteExecutor.kt:391) ~[utbot-junit-contest-1.0.jar:?]
	at com.huawei.utbot.instrumentation.ConcreteExecutor$executeAsync$1.invokeSuspend(ConcreteExecutor.kt) ~[utbot-junit-contest-1.0.jar:?]
	at kotlin.coroutines.jvm.internal.BaseContinuationImpl.resumeWith(ContinuationImpl.kt:33) [utbot-junit-contest-1.0.jar:?]
	at kotlinx.coroutines.DispatchedTask.run(DispatchedTask.kt:106) [utbot-junit-contest-1.0.jar:?]
	at java.util.concurrent.Executors$RunnableAdapter.call(Executors.java:511) [?:1.8.0_312]
	at java.util.concurrent.FutureTask.run(FutureTask.java:266) [?:1.8.0_312]
	at java.util.concurrent.ScheduledThreadPoolExecutor$ScheduledFutureTask.access$201(ScheduledThreadPoolExecutor.java:180) [?:1.8.0_312]
	at java.util.concurrent.ScheduledThreadPoolExecutor$ScheduledFutureTask.run(ScheduledThreadPoolExecutor.java:293) [?:1.8.0_312]
	at java.util.concurrent.ThreadPoolExecutor.runWorker(ThreadPoolExecutor.java:1149) [?:1.8.0_312]
	at java.util.concurrent.ThreadPoolExecutor$Worker.run(ThreadPoolExecutor.java:624) [?:1.8.0_312]
	at java.lang.Thread.run(Thread.java:748) [?:1.8.0_312]
20:15:22.260 | INFO  | Finished (in 0.193 sec): method com.alibaba.fastjson.serializer.AwtCodec.writeClassName(SerializeWriter, Class, char) 
<StatsForMethod> :
	#generatedTC=0
	FAILED 1 time(s) with 1 different exception(s)"
20:15:22.271 | DEBUG |  ... 
20:15:22.272 | INFO  | Started: method com.alibaba.fastjson.serializer.AwtCodec.support(Class)
20:15:22.272 | INFO  |  -- Remaining time budget: 47842 ms, #remaining_methods: 2, budget for method: 23921 ms, solver timeout: 1000 ms, budget for symbolic execution: 22721 ms, budget for concrete execution: 1200 ms,  -- 
20:15:22.277 | ERROR | Symbolic execution FAILED
com.huawei.utbot.instrumentation.util.ChildProcessError: Error in the child process |> java.lang.IllegalAccessException: java.lang.Class
	at sun.misc.Unsafe.allocateInstance(Native Method)
	at com.huawei.utbot.framework.util.EngineUtilsKt.getAnyInstance(EngineUtils.kt:61)
	at com.huawei.utbot.framework.concrete.MockValueConstructor.constructObject(MockValueConstructor.kt:158)
	at com.huawei.utbot.framework.concrete.MockValueConstructor.construct(MockValueConstructor.kt:124)
	at com.huawei.utbot.framework.concrete.MockValueConstructor.constructMethodParameters(MockValueConstructor.kt:101)
	at com.huawei.utbot.framework.concrete.UtExecutionInstrumentation.invoke(UtExecutionInstrumentation.kt:126)
	at com.huawei.utbot.framework.concrete.UtExecutionInstrumentation.invoke(UtExecutionInstrumentation.kt:96)
	at com.huawei.utbot.instrumentation.process.ChildProcessKt.loop(ChildProcess.kt:114)
	at com.huawei.utbot.instrumentation.process.ChildProcessKt.main(ChildProcess.kt:76)
	at com.huawei.utbot.instrumentation.process.ChildProcessKt.main(ChildProcess.kt)

	at com.huawei.utbot.instrumentation.ConcreteExecutor.executeAsync(ConcreteExecutor.kt:391) ~[utbot-junit-contest-1.0.jar:?]
	at com.huawei.utbot.instrumentation.ConcreteExecutor$executeAsync$1.invokeSuspend(ConcreteExecutor.kt) ~[utbot-junit-contest-1.0.jar:?]
	at kotlin.coroutines.jvm.internal.BaseContinuationImpl.resumeWith(ContinuationImpl.kt:33) [utbot-junit-contest-1.0.jar:?]
	at kotlinx.coroutines.DispatchedTask.run(DispatchedTask.kt:106) [utbot-junit-contest-1.0.jar:?]
	at java.util.concurrent.Executors$RunnableAdapter.call(Executors.java:511) [?:1.8.0_312]
	at java.util.concurrent.FutureTask.run(FutureTask.java:266) [?:1.8.0_312]
	at java.util.concurrent.ScheduledThreadPoolExecutor$ScheduledFutureTask.access$201(ScheduledThreadPoolExecutor.java:180) [?:1.8.0_312]
	at java.util.concurrent.ScheduledThreadPoolExecutor$ScheduledFutureTask.run(ScheduledThreadPoolExecutor.java:293) [?:1.8.0_312]
	at java.util.concurrent.ThreadPoolExecutor.runWorker(ThreadPoolExecutor.java:1149) [?:1.8.0_312]
	at java.util.concurrent.ThreadPoolExecutor$Worker.run(ThreadPoolExecutor.java:624) [?:1.8.0_312]
	at java.lang.Thread.run(Thread.java:748) [?:1.8.0_312]
20:15:22.382 | DEBUG | --new testCase collected, to generate: testCom.alibaba.fastjson.serializer.AwtCodec.support(Class)1
20:15:22.401 | DEBUG | --new testCase collected, to generate: testCom.alibaba.fastjson.serializer.AwtCodec.support(Class)2
20:15:22.434 | DEBUG | --new testCase collected, to generate: testCom.alibaba.fastjson.serializer.AwtCodec.support(Class)3
20:15:22.438 | DEBUG | --new testCase collected, to generate: testCom.alibaba.fastjson.serializer.AwtCodec.support(Class)4
20:15:22.442 | DEBUG | --new testCase collected, to generate: testCom.alibaba.fastjson.serializer.AwtCodec.support(Class)5
20:15:22.443 | INFO  | Finished (in 0.171 sec): method com.alibaba.fastjson.serializer.AwtCodec.support(Class) 
<StatsForMethod> :
	#generatedTC=5
	FAILED 1 time(s) with 1 different exception(s)"
20:15:22.444 | DEBUG |  ... 
20:15:22.444 | INFO  | Started: method com.alibaba.fastjson.serializer.AwtCodec.<init>()
20:15:22.444 | INFO  |  -- Remaining time budget: 47669 ms, #remaining_methods: 1, budget for method: 47669 ms, solver timeout: 1000 ms, budget for symbolic execution: 46469 ms, budget for concrete execution: 1200 ms,  -- 
20:15:22.450 | DEBUG | --new testCase collected, to generate: testCom.alibaba.fastjson.serializer.AwtCodec.<init>()1
20:15:22.473 | DEBUG | --new testCase collected, to generate: testCom.alibaba.fastjson.serializer.AwtCodec.<init>()2
20:15:22.473 | INFO  | Finished (in 0.029 sec): method com.alibaba.fastjson.serializer.AwtCodec.<init>() 
<StatsForMethod> :
	#generatedTC=2
	WITH NO EXCEPTIONS
20:15:22.480 | INFO  | Started: Flushing tests for [AwtCodec] on disk
20:15:22.918 | INFO  | File size for AwtCodecTest: 61 KB
20:15:22.921 | INFO  | Finished (in 0.441 sec): Flushing tests for [AwtCodec] on disk 
20:15:22.921 | INFO  | Finished (in 54.772 sec): class com.alibaba.fastjson.serializer.AwtCodec 
<StatsForClass> :
	canceled by timeout = false
	#methods = 11, 
	#methods started symbolic exploration = 11
	#methods with at least one TC = 10
	#methods with exceptions = 7
	#generated TC = 55
	#coverage = null
[READY]
