Started UtBot Contest, classfileDir = /var/benchmarks/projects/guava/guava/target/classes, classpathString=/var/benchmarks/projects/guava/guava/target/classes:/var/benchmarks/projects/guava/guava/target/guava-26.0-jre.jar:/var/benchmarks/projects/./guava/guava/target/dependency/checker-qual-2.5.2.jar:/var/benchmarks/projects/guava/guava/target/dependency/error_prone_annotations-2.1.3.jar:/var/benchmarks/projects/guava/guava/target/dependency/j2objc-annotations-1.1.jar:/var/benchmarks/projects/guava/guava/target/dependency/jsr305-3.0.2.jar:/var/benchmarks/projects/guava/guava/target/dependency/animal-sniffer-annotations-1.14.jar, outputDir=/home/utbot_mocks/temp/testcases, mocks=Other classes: Mockito
18:01:52.715 | INFO  | Started: warmup: kotlin reflection :: init
18:01:52.800 | INFO  | Finished (in 0.084 sec): warmup: kotlin reflection :: init 
[INIT]
>> [RUN] com.google.common.collect.SparseImmutableTable 30
18:01:52.812 | DEBUG | -----------------------------------------------------------------------------
18:01:52.813 | INFO  | Contest.runGeneration: Time budget: 30000 ms, Generation timeout=25500 ms, classpath=/var/benchmarks/projects/guava/guava/target/classes:/var/benchmarks/projects/guava/guava/target/guava-26.0-jre.jar:/var/benchmarks/projects/./guava/guava/target/dependency/checker-qual-2.5.2.jar:/var/benchmarks/projects/guava/guava/target/dependency/error_prone_annotations-2.1.3.jar:/var/benchmarks/projects/guava/guava/target/dependency/j2objc-annotations-1.1.jar:/var/benchmarks/projects/guava/guava/target/dependency/jsr305-3.0.2.jar:/var/benchmarks/projects/guava/guava/target/dependency/animal-sniffer-annotations-1.14.jar, methodNameFilter=null
18:01:52.814 | INFO  | ClassUnderTest[ FQN: com.google.common.collect.SparseImmutableTable
    classfileDir: /var/benchmarks/projects/guava/guava/target/classes
    testClassSimpleName: SparseImmutableTableTest
    generatedTestFile: /home/utbot_mocks/temp/testcases/com/google/common/collect/SparseImmutableTableTest.java
    generatedTestsSourcesDir: /home/utbot_mocks/temp/testcases
]
18:01:52.842 | INFO  | Started: class com.google.common.collect.SparseImmutableTable
18:01:52.842 | INFO  | Started: preparation class class com.google.common.collect.SparseImmutableTable: kotlin reflection :: run
18:01:53.110 | INFO  | Finished (in 0.267 sec): preparation class class com.google.common.collect.SparseImmutableTable: kotlin reflection :: run 
18:01:53.111 | INFO  | Started: 2nd optional soot initialization
18:01:53.113 | INFO  | Finished (in 0.001 sec): 2nd optional soot initialization 
18:01:53.121 | DEBUG |  ... 
18:01:53.130 | INFO  | Started: method com.google.common.collect.SparseImmutableTable.size()
18:01:53.131 | INFO  |  -- Remaining time budget: 25189 ms, #remaining_methods: 7, budget for method: 3598 ms, solver timeout: 1000 ms, budget for symbolic execution: 2398 ms, budget for concrete execution: 1200 ms,  -- 
18:01:53.467 | ERROR | Symbolic execution FAILED
com.huawei.utbot.instrumentation.util.ChildProcessError: Error in the child process |> java.util.NoSuchElementException: List is empty.
	at kotlin.collections.CollectionsKt___CollectionsKt.first(_Collections.kt:212)
	at com.huawei.utbot.framework.concrete.UtExecutionInstrumentation.sortOutException(UtExecutionInstrumentation.kt:179)
	at com.huawei.utbot.framework.concrete.UtExecutionInstrumentation.access$sortOutException(UtExecutionInstrumentation.kt:96)
	at com.huawei.utbot.framework.concrete.UtExecutionInstrumentation$invoke$$inlined$use$lambda$1.invoke(UtExecutionInstrumentation.kt:152)
	at com.huawei.utbot.framework.concrete.UtExecutionInstrumentation$invoke$$inlined$use$lambda$1.invoke(UtExecutionInstrumentation.kt:96)
	at com.huawei.utbot.framework.concrete.UtExecutionInstrumentation.withStaticFields(UtExecutionInstrumentation.kt:225)
	at com.huawei.utbot.framework.concrete.UtExecutionInstrumentation.invoke(UtExecutionInstrumentation.kt:137)
	at com.huawei.utbot.framework.concrete.UtExecutionInstrumentation.invoke(UtExecutionInstrumentation.kt:96)
	at com.huawei.utbot.instrumentation.process.ChildProcessKt.loop(ChildProcess.kt:114)
	at com.huawei.utbot.instrumentation.process.ChildProcessKt.main(ChildProcess.kt:76)
	at com.huawei.utbot.instrumentation.process.ChildProcessKt.main(ChildProcess.kt)

	at com.huawei.utbot.instrumentation.ConcreteExecutor.executeAsync(ConcreteExecutor.kt:391) ~[utbot-junit-contest-1.0.jar:?]
	at com.huawei.utbot.instrumentation.ConcreteExecutor$executeAsync$1.invokeSuspend(ConcreteExecutor.kt) ~[utbot-junit-contest-1.0.jar:?]
	at kotlin.coroutines.jvm.internal.BaseContinuationImpl.resumeWith(ContinuationImpl.kt:33) [utbot-junit-contest-1.0.jar:?]
	at kotlinx.coroutines.DispatchedTask.run(DispatchedTask.kt:106) [utbot-junit-contest-1.0.jar:?]
	at java.util.concurrent.Executors$RunnableAdapter.call(Executors.java:511) [?:1.8.0_312]
	at java.util.concurrent.FutureTask.run(FutureTask.java:266) [?:1.8.0_312]
	at java.util.concurrent.ScheduledThreadPoolExecutor$ScheduledFutureTask.access$201(ScheduledThreadPoolExecutor.java:180) [?:1.8.0_312]
	at java.util.concurrent.ScheduledThreadPoolExecutor$ScheduledFutureTask.run(ScheduledThreadPoolExecutor.java:293) [?:1.8.0_312]
	at java.util.concurrent.ThreadPoolExecutor.runWorker(ThreadPoolExecutor.java:1149) [?:1.8.0_312]
	at java.util.concurrent.ThreadPoolExecutor$Worker.run(ThreadPoolExecutor.java:624) [?:1.8.0_312]
	at java.lang.Thread.run(Thread.java:748) [?:1.8.0_312]
18:01:53.681 | DEBUG | --new testCase collected, to generate: testCom.google.common.collect.SparseImmutableTable.size()1
18:01:53.683 | INFO  | Finished (in 0.552 sec): method com.google.common.collect.SparseImmutableTable.size() 
<StatsForMethod> :
	#generatedTC=1
	FAILED 1 time(s) with 1 different exception(s)"
18:01:53.685 | DEBUG |  ... 
18:01:53.685 | INFO  | Started: method com.google.common.collect.SparseImmutableTable.rowMap()
18:01:53.686 | INFO  |  -- Remaining time budget: 24628 ms, #remaining_methods: 6, budget for method: 4104 ms, solver timeout: 1000 ms, budget for symbolic execution: 2904 ms, budget for concrete execution: 1200 ms,  -- 
18:01:53.691 | ERROR | Symbolic execution FAILED
com.huawei.utbot.instrumentation.util.ChildProcessError: Error in the child process |> java.util.NoSuchElementException: List is empty.
	at kotlin.collections.CollectionsKt___CollectionsKt.first(_Collections.kt:212)
	at com.huawei.utbot.framework.concrete.UtExecutionInstrumentation.sortOutException(UtExecutionInstrumentation.kt:179)
	at com.huawei.utbot.framework.concrete.UtExecutionInstrumentation.access$sortOutException(UtExecutionInstrumentation.kt:96)
	at com.huawei.utbot.framework.concrete.UtExecutionInstrumentation$invoke$$inlined$use$lambda$1.invoke(UtExecutionInstrumentation.kt:152)
	at com.huawei.utbot.framework.concrete.UtExecutionInstrumentation$invoke$$inlined$use$lambda$1.invoke(UtExecutionInstrumentation.kt:96)
	at com.huawei.utbot.framework.concrete.UtExecutionInstrumentation.withStaticFields(UtExecutionInstrumentation.kt:225)
	at com.huawei.utbot.framework.concrete.UtExecutionInstrumentation.invoke(UtExecutionInstrumentation.kt:137)
	at com.huawei.utbot.framework.concrete.UtExecutionInstrumentation.invoke(UtExecutionInstrumentation.kt:96)
	at com.huawei.utbot.instrumentation.process.ChildProcessKt.loop(ChildProcess.kt:114)
	at com.huawei.utbot.instrumentation.process.ChildProcessKt.main(ChildProcess.kt:76)
	at com.huawei.utbot.instrumentation.process.ChildProcessKt.main(ChildProcess.kt)

	at com.huawei.utbot.instrumentation.ConcreteExecutor.executeAsync(ConcreteExecutor.kt:391) ~[utbot-junit-contest-1.0.jar:?]
	at com.huawei.utbot.instrumentation.ConcreteExecutor$executeAsync$1.invokeSuspend(ConcreteExecutor.kt) ~[utbot-junit-contest-1.0.jar:?]
	at kotlin.coroutines.jvm.internal.BaseContinuationImpl.resumeWith(ContinuationImpl.kt:33) [utbot-junit-contest-1.0.jar:?]
	at kotlinx.coroutines.DispatchedTask.run(DispatchedTask.kt:106) [utbot-junit-contest-1.0.jar:?]
	at java.util.concurrent.Executors$RunnableAdapter.call(Executors.java:511) [?:1.8.0_312]
	at java.util.concurrent.FutureTask.run(FutureTask.java:266) [?:1.8.0_312]
	at java.util.concurrent.ScheduledThreadPoolExecutor$ScheduledFutureTask.access$201(ScheduledThreadPoolExecutor.java:180) [?:1.8.0_312]
	at java.util.concurrent.ScheduledThreadPoolExecutor$ScheduledFutureTask.run(ScheduledThreadPoolExecutor.java:293) [?:1.8.0_312]
	at java.util.concurrent.ThreadPoolExecutor.runWorker(ThreadPoolExecutor.java:1149) [?:1.8.0_312]
	at java.util.concurrent.ThreadPoolExecutor$Worker.run(ThreadPoolExecutor.java:624) [?:1.8.0_312]
	at java.lang.Thread.run(Thread.java:748) [?:1.8.0_312]
18:01:53.745 | DEBUG | --new testCase collected, to generate: testCom.google.common.collect.SparseImmutableTable.rowMap()1
18:01:53.746 | INFO  | Finished (in 0.060 sec): method com.google.common.collect.SparseImmutableTable.rowMap() 
<StatsForMethod> :
	#generatedTC=1
	FAILED 1 time(s) with 1 different exception(s)"
18:01:53.747 | DEBUG |  ... 
18:01:53.748 | INFO  | Started: method com.google.common.collect.SparseImmutableTable.columnMap()
18:01:53.748 | INFO  |  -- Remaining time budget: 24566 ms, #remaining_methods: 5, budget for method: 4913 ms, solver timeout: 1000 ms, budget for symbolic execution: 3713 ms, budget for concrete execution: 1200 ms,  -- 
18:01:53.754 | ERROR | Symbolic execution FAILED
com.huawei.utbot.instrumentation.util.ChildProcessError: Error in the child process |> java.util.NoSuchElementException: List is empty.
	at kotlin.collections.CollectionsKt___CollectionsKt.first(_Collections.kt:212)
	at com.huawei.utbot.framework.concrete.UtExecutionInstrumentation.sortOutException(UtExecutionInstrumentation.kt:179)
	at com.huawei.utbot.framework.concrete.UtExecutionInstrumentation.access$sortOutException(UtExecutionInstrumentation.kt:96)
	at com.huawei.utbot.framework.concrete.UtExecutionInstrumentation$invoke$$inlined$use$lambda$1.invoke(UtExecutionInstrumentation.kt:152)
	at com.huawei.utbot.framework.concrete.UtExecutionInstrumentation$invoke$$inlined$use$lambda$1.invoke(UtExecutionInstrumentation.kt:96)
	at com.huawei.utbot.framework.concrete.UtExecutionInstrumentation.withStaticFields(UtExecutionInstrumentation.kt:225)
	at com.huawei.utbot.framework.concrete.UtExecutionInstrumentation.invoke(UtExecutionInstrumentation.kt:137)
	at com.huawei.utbot.framework.concrete.UtExecutionInstrumentation.invoke(UtExecutionInstrumentation.kt:96)
	at com.huawei.utbot.instrumentation.process.ChildProcessKt.loop(ChildProcess.kt:114)
	at com.huawei.utbot.instrumentation.process.ChildProcessKt.main(ChildProcess.kt:76)
	at com.huawei.utbot.instrumentation.process.ChildProcessKt.main(ChildProcess.kt)

	at com.huawei.utbot.instrumentation.ConcreteExecutor.executeAsync(ConcreteExecutor.kt:391) ~[utbot-junit-contest-1.0.jar:?]
	at com.huawei.utbot.instrumentation.ConcreteExecutor$executeAsync$1.invokeSuspend(ConcreteExecutor.kt) ~[utbot-junit-contest-1.0.jar:?]
	at kotlin.coroutines.jvm.internal.BaseContinuationImpl.resumeWith(ContinuationImpl.kt:33) [utbot-junit-contest-1.0.jar:?]
	at kotlinx.coroutines.DispatchedTask.run(DispatchedTask.kt:106) [utbot-junit-contest-1.0.jar:?]
	at java.util.concurrent.Executors$RunnableAdapter.call(Executors.java:511) [?:1.8.0_312]
	at java.util.concurrent.FutureTask.run(FutureTask.java:266) [?:1.8.0_312]
	at java.util.concurrent.ScheduledThreadPoolExecutor$ScheduledFutureTask.access$201(ScheduledThreadPoolExecutor.java:180) [?:1.8.0_312]
	at java.util.concurrent.ScheduledThreadPoolExecutor$ScheduledFutureTask.run(ScheduledThreadPoolExecutor.java:293) [?:1.8.0_312]
	at java.util.concurrent.ThreadPoolExecutor.runWorker(ThreadPoolExecutor.java:1149) [?:1.8.0_312]
	at java.util.concurrent.ThreadPoolExecutor$Worker.run(ThreadPoolExecutor.java:624) [?:1.8.0_312]
	at java.lang.Thread.run(Thread.java:748) [?:1.8.0_312]
18:01:53.793 | DEBUG | --new testCase collected, to generate: testCom.google.common.collect.SparseImmutableTable.columnMap()1
18:01:53.794 | INFO  | Finished (in 0.045 sec): method com.google.common.collect.SparseImmutableTable.columnMap() 
<StatsForMethod> :
	#generatedTC=1
	FAILED 1 time(s) with 1 different exception(s)"
18:01:53.794 | DEBUG |  ... 
18:01:53.795 | INFO  | Started: method com.google.common.collect.SparseImmutableTable.createSerializedForm()
18:01:53.795 | INFO  |  -- Remaining time budget: 24518 ms, #remaining_methods: 4, budget for method: 6129 ms, solver timeout: 1000 ms, budget for symbolic execution: 4929 ms, budget for concrete execution: 1200 ms,  -- 
18:01:53.803 | ERROR | Symbolic execution FAILED
com.huawei.utbot.instrumentation.util.ChildProcessError: Error in the child process |> java.util.NoSuchElementException: List is empty.
	at kotlin.collections.CollectionsKt___CollectionsKt.first(_Collections.kt:212)
	at com.huawei.utbot.framework.concrete.UtExecutionInstrumentation.sortOutException(UtExecutionInstrumentation.kt:179)
	at com.huawei.utbot.framework.concrete.UtExecutionInstrumentation.access$sortOutException(UtExecutionInstrumentation.kt:96)
	at com.huawei.utbot.framework.concrete.UtExecutionInstrumentation$invoke$$inlined$use$lambda$1.invoke(UtExecutionInstrumentation.kt:152)
	at com.huawei.utbot.framework.concrete.UtExecutionInstrumentation$invoke$$inlined$use$lambda$1.invoke(UtExecutionInstrumentation.kt:96)
	at com.huawei.utbot.framework.concrete.UtExecutionInstrumentation.withStaticFields(UtExecutionInstrumentation.kt:225)
	at com.huawei.utbot.framework.concrete.UtExecutionInstrumentation.invoke(UtExecutionInstrumentation.kt:137)
	at com.huawei.utbot.framework.concrete.UtExecutionInstrumentation.invoke(UtExecutionInstrumentation.kt:96)
	at com.huawei.utbot.instrumentation.process.ChildProcessKt.loop(ChildProcess.kt:114)
	at com.huawei.utbot.instrumentation.process.ChildProcessKt.main(ChildProcess.kt:76)
	at com.huawei.utbot.instrumentation.process.ChildProcessKt.main(ChildProcess.kt)

	at com.huawei.utbot.instrumentation.ConcreteExecutor.executeAsync(ConcreteExecutor.kt:391) ~[utbot-junit-contest-1.0.jar:?]
	at com.huawei.utbot.instrumentation.ConcreteExecutor$executeAsync$1.invokeSuspend(ConcreteExecutor.kt) ~[utbot-junit-contest-1.0.jar:?]
	at kotlin.coroutines.jvm.internal.BaseContinuationImpl.resumeWith(ContinuationImpl.kt:33) [utbot-junit-contest-1.0.jar:?]
	at kotlinx.coroutines.DispatchedTask.run(DispatchedTask.kt:106) [utbot-junit-contest-1.0.jar:?]
	at java.util.concurrent.Executors$RunnableAdapter.call(Executors.java:511) [?:1.8.0_312]
	at java.util.concurrent.FutureTask.run(FutureTask.java:266) [?:1.8.0_312]
	at java.util.concurrent.ScheduledThreadPoolExecutor$ScheduledFutureTask.access$201(ScheduledThreadPoolExecutor.java:180) [?:1.8.0_312]
	at java.util.concurrent.ScheduledThreadPoolExecutor$ScheduledFutureTask.run(ScheduledThreadPoolExecutor.java:293) [?:1.8.0_312]
	at java.util.concurrent.ThreadPoolExecutor.runWorker(ThreadPoolExecutor.java:1149) [?:1.8.0_312]
	at java.util.concurrent.ThreadPoolExecutor$Worker.run(ThreadPoolExecutor.java:624) [?:1.8.0_312]
	at java.lang.Thread.run(Thread.java:748) [?:1.8.0_312]
18:01:54.942 | DEBUG | --new testCase collected, to generate: testCom.google.common.collect.SparseImmutableTable.createSerializedForm()1
18:01:55.137 | DEBUG | --new testCase collected, to generate: testCom.google.common.collect.SparseImmutableTable.createSerializedForm()2
18:01:55.173 | DEBUG | --new testCase collected, to generate: testCom.google.common.collect.SparseImmutableTable.createSerializedForm()3
18:01:55.225 | INFO  | Finished (in 1.430 sec): method com.google.common.collect.SparseImmutableTable.createSerializedForm() 
<StatsForMethod> :
	#generatedTC=3
	FAILED 1 time(s) with 1 different exception(s)"
18:01:55.255 | DEBUG |  ... 
18:01:55.256 | INFO  | Started: method com.google.common.collect.SparseImmutableTable.getValue(int)
18:01:55.256 | INFO  |  -- Remaining time budget: 23057 ms, #remaining_methods: 3, budget for method: 7685 ms, solver timeout: 1000 ms, budget for symbolic execution: 6485 ms, budget for concrete execution: 1200 ms,  -- 
18:01:55.264 | ERROR | Symbolic execution FAILED
com.huawei.utbot.instrumentation.util.ChildProcessError: Error in the child process |> java.util.NoSuchElementException: List is empty.
	at kotlin.collections.CollectionsKt___CollectionsKt.first(_Collections.kt:212)
	at com.huawei.utbot.framework.concrete.UtExecutionInstrumentation.sortOutException(UtExecutionInstrumentation.kt:179)
	at com.huawei.utbot.framework.concrete.UtExecutionInstrumentation.access$sortOutException(UtExecutionInstrumentation.kt:96)
	at com.huawei.utbot.framework.concrete.UtExecutionInstrumentation$invoke$$inlined$use$lambda$1.invoke(UtExecutionInstrumentation.kt:152)
	at com.huawei.utbot.framework.concrete.UtExecutionInstrumentation$invoke$$inlined$use$lambda$1.invoke(UtExecutionInstrumentation.kt:96)
	at com.huawei.utbot.framework.concrete.UtExecutionInstrumentation.withStaticFields(UtExecutionInstrumentation.kt:225)
	at com.huawei.utbot.framework.concrete.UtExecutionInstrumentation.invoke(UtExecutionInstrumentation.kt:137)
	at com.huawei.utbot.framework.concrete.UtExecutionInstrumentation.invoke(UtExecutionInstrumentation.kt:96)
	at com.huawei.utbot.instrumentation.process.ChildProcessKt.loop(ChildProcess.kt:114)
	at com.huawei.utbot.instrumentation.process.ChildProcessKt.main(ChildProcess.kt:76)
	at com.huawei.utbot.instrumentation.process.ChildProcessKt.main(ChildProcess.kt)

	at com.huawei.utbot.instrumentation.ConcreteExecutor.executeAsync(ConcreteExecutor.kt:391) ~[utbot-junit-contest-1.0.jar:?]
	at com.huawei.utbot.instrumentation.ConcreteExecutor$executeAsync$1.invokeSuspend(ConcreteExecutor.kt) ~[utbot-junit-contest-1.0.jar:?]
	at kotlin.coroutines.jvm.internal.BaseContinuationImpl.resumeWith(ContinuationImpl.kt:33) [utbot-junit-contest-1.0.jar:?]
	at kotlinx.coroutines.DispatchedTask.run(DispatchedTask.kt:106) [utbot-junit-contest-1.0.jar:?]
	at java.util.concurrent.Executors$RunnableAdapter.call(Executors.java:511) [?:1.8.0_312]
	at java.util.concurrent.FutureTask.run(FutureTask.java:266) [?:1.8.0_312]
	at java.util.concurrent.ScheduledThreadPoolExecutor$ScheduledFutureTask.access$201(ScheduledThreadPoolExecutor.java:180) [?:1.8.0_312]
	at java.util.concurrent.ScheduledThreadPoolExecutor$ScheduledFutureTask.run(ScheduledThreadPoolExecutor.java:293) [?:1.8.0_312]
	at java.util.concurrent.ThreadPoolExecutor.runWorker(ThreadPoolExecutor.java:1149) [?:1.8.0_312]
	at java.util.concurrent.ThreadPoolExecutor$Worker.run(ThreadPoolExecutor.java:624) [?:1.8.0_312]
	at java.lang.Thread.run(Thread.java:748) [?:1.8.0_312]
18:01:55.301 | DEBUG | --new testCase collected, to generate: testCom.google.common.collect.SparseImmutableTable.getValue(int)1
18:01:55.323 | DEBUG | --new testCase collected, to generate: testCom.google.common.collect.SparseImmutableTable.getValue(int)2
18:01:55.538 | DEBUG | --new testCase collected, to generate: testCom.google.common.collect.SparseImmutableTable.getValue(int)3
18:01:55.564 | DEBUG | --new testCase collected, to generate: testCom.google.common.collect.SparseImmutableTable.getValue(int)4
18:01:55.590 | DEBUG | --new testCase collected, to generate: testCom.google.common.collect.SparseImmutableTable.getValue(int)5
18:01:55.691 | DEBUG | --new testCase collected, to generate: testCom.google.common.collect.SparseImmutableTable.getValue(int)6
18:01:55.785 | DEBUG | --new testCase collected, to generate: testCom.google.common.collect.SparseImmutableTable.getValue(int)7
18:01:55.877 | DEBUG | --new testCase collected, to generate: testCom.google.common.collect.SparseImmutableTable.getValue(int)8
18:01:56.005 | DEBUG | --new testCase collected, to generate: testCom.google.common.collect.SparseImmutableTable.getValue(int)9
18:01:56.071 | INFO  | Finished (in 0.815 sec): method com.google.common.collect.SparseImmutableTable.getValue(int) 
<StatsForMethod> :
	#generatedTC=9
	FAILED 1 time(s) with 1 different exception(s)"
18:01:56.078 | DEBUG |  ... 
18:01:56.079 | INFO  | Started: method com.google.common.collect.SparseImmutableTable.getCell(int)
18:01:56.079 | INFO  |  -- Remaining time budget: 22234 ms, #remaining_methods: 2, budget for method: 11117 ms, solver timeout: 1000 ms, budget for symbolic execution: 9917 ms, budget for concrete execution: 1200 ms,  -- 
18:01:56.086 | ERROR | Symbolic execution FAILED
com.huawei.utbot.instrumentation.util.ChildProcessError: Error in the child process |> java.util.NoSuchElementException: List is empty.
	at kotlin.collections.CollectionsKt___CollectionsKt.first(_Collections.kt:212)
	at com.huawei.utbot.framework.concrete.UtExecutionInstrumentation.sortOutException(UtExecutionInstrumentation.kt:179)
	at com.huawei.utbot.framework.concrete.UtExecutionInstrumentation.access$sortOutException(UtExecutionInstrumentation.kt:96)
	at com.huawei.utbot.framework.concrete.UtExecutionInstrumentation$invoke$$inlined$use$lambda$1.invoke(UtExecutionInstrumentation.kt:152)
	at com.huawei.utbot.framework.concrete.UtExecutionInstrumentation$invoke$$inlined$use$lambda$1.invoke(UtExecutionInstrumentation.kt:96)
	at com.huawei.utbot.framework.concrete.UtExecutionInstrumentation.withStaticFields(UtExecutionInstrumentation.kt:225)
	at com.huawei.utbot.framework.concrete.UtExecutionInstrumentation.invoke(UtExecutionInstrumentation.kt:137)
	at com.huawei.utbot.framework.concrete.UtExecutionInstrumentation.invoke(UtExecutionInstrumentation.kt:96)
	at com.huawei.utbot.instrumentation.process.ChildProcessKt.loop(ChildProcess.kt:114)
	at com.huawei.utbot.instrumentation.process.ChildProcessKt.main(ChildProcess.kt:76)
	at com.huawei.utbot.instrumentation.process.ChildProcessKt.main(ChildProcess.kt)

	at com.huawei.utbot.instrumentation.ConcreteExecutor.executeAsync(ConcreteExecutor.kt:391) ~[utbot-junit-contest-1.0.jar:?]
	at com.huawei.utbot.instrumentation.ConcreteExecutor$executeAsync$1.invokeSuspend(ConcreteExecutor.kt) ~[utbot-junit-contest-1.0.jar:?]
	at kotlin.coroutines.jvm.internal.BaseContinuationImpl.resumeWith(ContinuationImpl.kt:33) [utbot-junit-contest-1.0.jar:?]
	at kotlinx.coroutines.DispatchedTask.run(DispatchedTask.kt:106) [utbot-junit-contest-1.0.jar:?]
	at java.util.concurrent.Executors$RunnableAdapter.call(Executors.java:511) [?:1.8.0_312]
	at java.util.concurrent.FutureTask.run(FutureTask.java:266) [?:1.8.0_312]
	at java.util.concurrent.ScheduledThreadPoolExecutor$ScheduledFutureTask.access$201(ScheduledThreadPoolExecutor.java:180) [?:1.8.0_312]
	at java.util.concurrent.ScheduledThreadPoolExecutor$ScheduledFutureTask.run(ScheduledThreadPoolExecutor.java:293) [?:1.8.0_312]
	at java.util.concurrent.ThreadPoolExecutor.runWorker(ThreadPoolExecutor.java:1149) [?:1.8.0_312]
	at java.util.concurrent.ThreadPoolExecutor$Worker.run(ThreadPoolExecutor.java:624) [?:1.8.0_312]
	at java.lang.Thread.run(Thread.java:748) [?:1.8.0_312]
18:01:56.121 | DEBUG | --new testCase collected, to generate: testCom.google.common.collect.SparseImmutableTable.getCell(int)1
18:01:56.143 | DEBUG | --new testCase collected, to generate: testCom.google.common.collect.SparseImmutableTable.getCell(int)2
18:01:56.314 | DEBUG | --new testCase collected, to generate: testCom.google.common.collect.SparseImmutableTable.getCell(int)3
18:01:56.339 | DEBUG | --new testCase collected, to generate: testCom.google.common.collect.SparseImmutableTable.getCell(int)4
18:01:56.363 | DEBUG | --new testCase collected, to generate: testCom.google.common.collect.SparseImmutableTable.getCell(int)5
18:01:56.430 | DEBUG | --new testCase collected, to generate: testCom.google.common.collect.SparseImmutableTable.getCell(int)6
18:01:56.759 | DEBUG | --new testCase collected, to generate: testCom.google.common.collect.SparseImmutableTable.getCell(int)7
18:01:56.905 | DEBUG | --new testCase collected, to generate: testCom.google.common.collect.SparseImmutableTable.getCell(int)8
18:01:57.058 | DEBUG | --new testCase collected, to generate: testCom.google.common.collect.SparseImmutableTable.getCell(int)9
18:01:57.203 | DEBUG | --new testCase collected, to generate: testCom.google.common.collect.SparseImmutableTable.getCell(int)10
18:01:57.394 | DEBUG | --new testCase collected, to generate: testCom.google.common.collect.SparseImmutableTable.getCell(int)11
18:01:57.588 | DEBUG | --new testCase collected, to generate: testCom.google.common.collect.SparseImmutableTable.getCell(int)12
18:01:57.975 | DEBUG | --new testCase collected, to generate: testCom.google.common.collect.SparseImmutableTable.getCell(int)13
18:01:58.305 | DEBUG | --new testCase collected, to generate: testCom.google.common.collect.SparseImmutableTable.getCell(int)14
18:01:59.510 | DEBUG | --new testCase collected, to generate: testCom.google.common.collect.SparseImmutableTable.getCell(int)15
18:02:00.711 | DEBUG | --new testCase collected, to generate: testCom.google.common.collect.SparseImmutableTable.getCell(int)16
18:02:01.621 | DEBUG | --new testCase collected, to generate: testCom.google.common.collect.SparseImmutableTable.getCell(int)17
18:02:03.017 | DEBUG | --new testCase collected, to generate: testCom.google.common.collect.SparseImmutableTable.getCell(int)18
18:02:03.536 | DEBUG | --new testCase collected, to generate: testCom.google.common.collect.SparseImmutableTable.getCell(int)19
18:02:04.207 | DEBUG | --new testCase collected, to generate: testCom.google.common.collect.SparseImmutableTable.getCell(int)20
18:02:05.997 | INFO  | |> Starting concrete execution for remaining state: com.google.common.collect.SparseImmutableTable.getCell(int)
18:02:07.199 | INFO  | (X) Cancelling concrete execution: com.google.common.collect.SparseImmutableTable.getCell(int)
18:02:07.369 | INFO  | Finished (in 11.290 sec): method com.google.common.collect.SparseImmutableTable.getCell(int) 
<StatsForMethod> :
	#generatedTC=20
	FAILED 1 time(s) with 1 different exception(s)"
18:02:07.546 | DEBUG |  ... 
18:02:07.547 | INFO  | Started: method com.google.common.collect.SparseImmutableTable.<init>(ImmutableList, ImmutableSet, ImmutableSet)
18:02:07.547 | INFO  |  -- Remaining time budget: 10766 ms, #remaining_methods: 1, budget for method: 10766 ms, solver timeout: 1000 ms, budget for symbolic execution: 9566 ms, budget for concrete execution: 1200 ms,  -- 
18:02:07.564 | DEBUG | --new testCase collected, to generate: testCom.google.common.collect.SparseImmutableTable.<init>(ImmutableList, ImmutableSet, ImmutableSet)1
18:02:07.697 | DEBUG | --new testCase collected, to generate: testCom.google.common.collect.SparseImmutableTable.<init>(ImmutableList, ImmutableSet, ImmutableSet)2
18:02:07.720 | DEBUG | --new testCase collected, to generate: testCom.google.common.collect.SparseImmutableTable.<init>(ImmutableList, ImmutableSet, ImmutableSet)3
18:02:07.802 | DEBUG | --new testCase collected, to generate: testCom.google.common.collect.SparseImmutableTable.<init>(ImmutableList, ImmutableSet, ImmutableSet)4
18:02:07.919 | DEBUG | --new testCase collected, to generate: testCom.google.common.collect.SparseImmutableTable.<init>(ImmutableList, ImmutableSet, ImmutableSet)5
18:02:08.100 | DEBUG | --new testCase collected, to generate: testCom.google.common.collect.SparseImmutableTable.<init>(ImmutableList, ImmutableSet, ImmutableSet)6
18:02:08.110 | DEBUG | --new testCase collected, to generate: testCom.google.common.collect.SparseImmutableTable.<init>(ImmutableList, ImmutableSet, ImmutableSet)7
18:02:08.135 | DEBUG | --new testCase collected, to generate: testCom.google.common.collect.SparseImmutableTable.<init>(ImmutableList, ImmutableSet, ImmutableSet)8
18:02:08.277 | DEBUG | --new testCase collected, to generate: testCom.google.common.collect.SparseImmutableTable.<init>(ImmutableList, ImmutableSet, ImmutableSet)9
18:02:08.373 | DEBUG | --new testCase collected, to generate: testCom.google.common.collect.SparseImmutableTable.<init>(ImmutableList, ImmutableSet, ImmutableSet)10
18:02:08.595 | DEBUG | --new testCase collected, to generate: testCom.google.common.collect.SparseImmutableTable.<init>(ImmutableList, ImmutableSet, ImmutableSet)11
18:02:09.745 | DEBUG | --new testCase collected, to generate: testCom.google.common.collect.SparseImmutableTable.<init>(ImmutableList, ImmutableSet, ImmutableSet)12
18:02:10.707 | DEBUG | --new testCase collected, to generate: testCom.google.common.collect.SparseImmutableTable.<init>(ImmutableList, ImmutableSet, ImmutableSet)13
18:02:10.876 | DEBUG | --new testCase collected, to generate: testCom.google.common.collect.SparseImmutableTable.<init>(ImmutableList, ImmutableSet, ImmutableSet)14
18:02:11.405 | DEBUG | --new testCase collected, to generate: testCom.google.common.collect.SparseImmutableTable.<init>(ImmutableList, ImmutableSet, ImmutableSet)15
18:02:12.132 | DEBUG | --new testCase collected, to generate: testCom.google.common.collect.SparseImmutableTable.<init>(ImmutableList, ImmutableSet, ImmutableSet)16
18:02:13.617 | DEBUG | --new testCase collected, to generate: testCom.google.common.collect.SparseImmutableTable.<init>(ImmutableList, ImmutableSet, ImmutableSet)17
18:02:14.031 | DEBUG | --new testCase collected, to generate: testCom.google.common.collect.SparseImmutableTable.<init>(ImmutableList, ImmutableSet, ImmutableSet)18
18:02:17.113 | INFO  | |> Starting concrete execution for remaining state: com.google.common.collect.SparseImmutableTable.<init>(ImmutableList, ImmutableSet, ImmutableSet)
18:02:18.314 | INFO  | (X) Cancelling concrete execution: com.google.common.collect.SparseImmutableTable.<init>(ImmutableList, ImmutableSet, ImmutableSet)
18:02:18.319 | WARN  | Cancelling job because timeout 25500 ms elapsed (real cancellation can take time)
18:02:18.379 | INFO  | Finished (in 10.832 sec): method com.google.common.collect.SparseImmutableTable.<init>(ImmutableList, ImmutableSet, ImmutableSet) 
<StatsForMethod> :
	#generatedTC=18
	WITH NO EXCEPTIONS
18:02:18.441 | INFO  | Started: Flushing tests for [SparseImmutableTable] on disk
18:02:18.847 | INFO  | File size for SparseImmutableTableTest: 79 KB
18:02:18.850 | INFO  | Finished (in 0.408 sec): Flushing tests for [SparseImmutableTable] on disk 
18:02:18.850 | INFO  | Finished (in 26.008 sec): class com.google.common.collect.SparseImmutableTable 
<StatsForClass> :
	canceled by timeout = true
	#methods = 7, 
	#methods started symbolic exploration = 7
	#methods with at least one TC = 7
	#methods with exceptions = 6
	#generated TC = 53
	#coverage = null
[READY]
