Started UtBot Contest, classfileDir = /var/benchmarks/projects/seata/core/target/classes, classpathString=/var/benchmarks/projects/seata/core/target/classes:/var/benchmarks/projects/seata/core/target/seata-core-0.5.0.jar:/var/benchmarks/projects/./seata/core/target/dependency/mockito-core-2.23.4.jar:/var/benchmarks/projects/seata/core/target/dependency/byte-buddy-agent-1.9.3.jar:/var/benchmarks/projects/seata/core/target/dependency/assertj-core-2.6.0.jar:/var/benchmarks/projects/seata/core/target/dependency/seata-common-0.5.0.jar:/var/benchmarks/projects/seata/core/target/dependency/byte-buddy-1.9.3.jar:/var/benchmarks/projects/seata/core/target/dependency/objenesis-2.6.jar:/var/benchmarks/projects/seata/core/target/dependency/seata-discovery-core-0.5.0.jar:/var/benchmarks/projects/seata/core/target/dependency/commons-pool2-2.4.2.jar:/var/benchmarks/projects/seata/core/target/dependency/junit-4.12.jar:/var/benchmarks/projects/seata/core/target/dependency/hamcrest-core-1.3.jar:/var/benchmarks/projects/seata/core/target/dependency/slf4j-api-1.7.22.jar:/var/benchmarks/projects/seata/core/target/dependency/seata-config-core-0.5.0.jar:/var/benchmarks/projects/seata/core/target/dependency/netty-all-4.1.24.Final.jar:/var/benchmarks/projects/seata/core/target/dependency/commons-lang-2.6.jar:/var/benchmarks/projects/seata/core/target/dependency/fastjson-1.2.48.jar:/var/benchmarks/projects/seata/core/target/dependency/config-1.2.1.jar:/var/benchmarks/projects/seata/core/target/dependency/commons-pool-1.6.jar, outputDir=/home/utbot_mocks/temp/testcases, mocks=Other classes: Mockito
17:41:19.021 | INFO  | Started: warmup: kotlin reflection :: init
17:41:19.102 | INFO  | Finished (in 0.080 sec): warmup: kotlin reflection :: init 
[INIT]
>> [RUN] io.seata.core.rpc.netty.TmRpcClient 30
17:41:19.117 | DEBUG | -----------------------------------------------------------------------------
17:41:19.117 | INFO  | Contest.runGeneration: Time budget: 30000 ms, Generation timeout=25500 ms, classpath=/var/benchmarks/projects/seata/core/target/classes:/var/benchmarks/projects/seata/core/target/seata-core-0.5.0.jar:/var/benchmarks/projects/./seata/core/target/dependency/mockito-core-2.23.4.jar:/var/benchmarks/projects/seata/core/target/dependency/byte-buddy-agent-1.9.3.jar:/var/benchmarks/projects/seata/core/target/dependency/assertj-core-2.6.0.jar:/var/benchmarks/projects/seata/core/target/dependency/seata-common-0.5.0.jar:/var/benchmarks/projects/seata/core/target/dependency/byte-buddy-1.9.3.jar:/var/benchmarks/projects/seata/core/target/dependency/objenesis-2.6.jar:/var/benchmarks/projects/seata/core/target/dependency/seata-discovery-core-0.5.0.jar:/var/benchmarks/projects/seata/core/target/dependency/commons-pool2-2.4.2.jar:/var/benchmarks/projects/seata/core/target/dependency/junit-4.12.jar:/var/benchmarks/projects/seata/core/target/dependency/hamcrest-core-1.3.jar:/var/benchmarks/projects/seata/core/target/dependency/slf4j-api-1.7.22.jar:/var/benchmarks/projects/seata/core/target/dependency/seata-config-core-0.5.0.jar:/var/benchmarks/projects/seata/core/target/dependency/netty-all-4.1.24.Final.jar:/var/benchmarks/projects/seata/core/target/dependency/commons-lang-2.6.jar:/var/benchmarks/projects/seata/core/target/dependency/fastjson-1.2.48.jar:/var/benchmarks/projects/seata/core/target/dependency/config-1.2.1.jar:/var/benchmarks/projects/seata/core/target/dependency/commons-pool-1.6.jar, methodNameFilter=null
17:41:19.119 | INFO  | ClassUnderTest[ FQN: io.seata.core.rpc.netty.TmRpcClient
    classfileDir: /var/benchmarks/projects/seata/core/target/classes
    testClassSimpleName: TmRpcClientTest
    generatedTestFile: /home/utbot_mocks/temp/testcases/io/seata/core/rpc/netty/TmRpcClientTest.java
    generatedTestsSourcesDir: /home/utbot_mocks/temp/testcases
]
17:41:19.141 | INFO  | Started: class io.seata.core.rpc.netty.TmRpcClient
17:41:19.142 | INFO  | Started: preparation class class io.seata.core.rpc.netty.TmRpcClient: kotlin reflection :: run
17:41:19.324 | INFO  | Finished (in 0.181 sec): preparation class class io.seata.core.rpc.netty.TmRpcClient: kotlin reflection :: run 
17:41:19.325 | INFO  | Started: 2nd optional soot initialization
17:41:19.326 | INFO  | Finished (in 0.001 sec): 2nd optional soot initialization 
17:41:19.335 | DEBUG |  ... 
17:41:19.354 | INFO  | Started: method io.seata.core.rpc.netty.TmRpcClient.exceptionCaught(ChannelHandlerContext, Throwable)
17:41:19.355 | INFO  |  -- Remaining time budget: 25281 ms, #remaining_methods: 25, budget for method: 1011 ms, solver timeout: 505 ms, budget for symbolic execution: 506 ms, budget for concrete execution: 505 ms,  -- 
17:41:19.855 | INFO  | |> Starting concrete execution for remaining state: io.seata.core.rpc.netty.TmRpcClient.exceptionCaught(ChannelHandlerContext, Throwable)
17:41:20.361 | INFO  | (X) Cancelling concrete execution: io.seata.core.rpc.netty.TmRpcClient.exceptionCaught(ChannelHandlerContext, Throwable)
17:41:20.364 | DEBUG |  ... 
17:41:20.365 | INFO  | Started: method io.seata.core.rpc.netty.TmRpcClient.userEventTriggered(ChannelHandlerContext, Object)
17:41:20.365 | INFO  |  -- Remaining time budget: 24253 ms, #remaining_methods: 24, budget for method: 1010 ms, solver timeout: 505 ms, budget for symbolic execution: 505 ms, budget for concrete execution: 505 ms,  -- 
17:41:20.396 | INFO  | Finished (in 1.042 sec): method io.seata.core.rpc.netty.TmRpcClient.exceptionCaught(ChannelHandlerContext, Throwable) 
<StatsForMethod> : SUSPICIOUS
	#generatedTC=0
	WITH NO EXCEPTIONS
17:41:20.870 | INFO  | |> Starting concrete execution for remaining state: io.seata.core.rpc.netty.TmRpcClient.userEventTriggered(ChannelHandlerContext, Object)
17:41:21.376 | INFO  | (X) Cancelling concrete execution: io.seata.core.rpc.netty.TmRpcClient.userEventTriggered(ChannelHandlerContext, Object)
17:41:21.378 | INFO  | Finished (in 1.013 sec): method io.seata.core.rpc.netty.TmRpcClient.userEventTriggered(ChannelHandlerContext, Object) 
<StatsForMethod> : SUSPICIOUS
	#generatedTC=0
	WITH NO EXCEPTIONS
17:41:21.378 | DEBUG |  ... 
17:41:21.379 | INFO  | Started: method io.seata.core.rpc.netty.TmRpcClient.connect(String)
17:41:21.379 | INFO  |  -- Remaining time budget: 23240 ms, #remaining_methods: 23, budget for method: 1010 ms, solver timeout: 505 ms, budget for symbolic execution: 505 ms, budget for concrete execution: 505 ms,  -- 
17:41:21.884 | INFO  | |> Starting concrete execution for remaining state: io.seata.core.rpc.netty.TmRpcClient.connect(String)
17:41:22.390 | INFO  | (X) Cancelling concrete execution: io.seata.core.rpc.netty.TmRpcClient.connect(String)
17:41:22.391 | INFO  | Finished (in 1.012 sec): method io.seata.core.rpc.netty.TmRpcClient.connect(String) 
<StatsForMethod> : SUSPICIOUS
	#generatedTC=0
	WITH NO EXCEPTIONS
17:41:22.392 | DEBUG |  ... 
17:41:22.392 | INFO  | Started: method io.seata.core.rpc.netty.TmRpcClient.sendResponse(long, String, Object)
17:41:22.393 | INFO  |  -- Remaining time budget: 22226 ms, #remaining_methods: 22, budget for method: 1010 ms, solver timeout: 505 ms, budget for symbolic execution: 505 ms, budget for concrete execution: 505 ms,  -- 
17:41:22.898 | INFO  | |> Starting concrete execution for remaining state: io.seata.core.rpc.netty.TmRpcClient.sendResponse(long, String, Object)
17:41:23.404 | INFO  | (X) Cancelling concrete execution: io.seata.core.rpc.netty.TmRpcClient.sendResponse(long, String, Object)
17:41:23.406 | INFO  | Finished (in 1.014 sec): method io.seata.core.rpc.netty.TmRpcClient.sendResponse(long, String, Object) 
<StatsForMethod> : SUSPICIOUS
	#generatedTC=0
	WITH NO EXCEPTIONS
17:41:23.407 | DEBUG |  ... 
17:41:23.407 | INFO  | Started: method io.seata.core.rpc.netty.TmRpcClient.destroyChannel(String, Channel)
17:41:23.407 | INFO  |  -- Remaining time budget: 21211 ms, #remaining_methods: 21, budget for method: 1010 ms, solver timeout: 505 ms, budget for symbolic execution: 505 ms, budget for concrete execution: 505 ms,  -- 
17:41:23.913 | INFO  | |> Starting concrete execution for remaining state: io.seata.core.rpc.netty.TmRpcClient.destroyChannel(String, Channel)
17:41:24.419 | INFO  | (X) Cancelling concrete execution: io.seata.core.rpc.netty.TmRpcClient.destroyChannel(String, Channel)
17:41:24.420 | INFO  | Finished (in 1.012 sec): method io.seata.core.rpc.netty.TmRpcClient.destroyChannel(String, Channel) 
<StatsForMethod> : SUSPICIOUS
	#generatedTC=0
	WITH NO EXCEPTIONS
17:41:24.420 | DEBUG |  ... 
17:41:24.421 | INFO  | Started: method io.seata.core.rpc.netty.TmRpcClient.init(long, long)
17:41:24.421 | INFO  |  -- Remaining time budget: 20198 ms, #remaining_methods: 20, budget for method: 1009 ms, solver timeout: 504 ms, budget for symbolic execution: 505 ms, budget for concrete execution: 504 ms,  -- 
17:41:24.926 | INFO  | |> Starting concrete execution for remaining state: io.seata.core.rpc.netty.TmRpcClient.init(long, long)
17:41:24.948 | ERROR | Symbolic execution FAILED
com.huawei.utbot.instrumentation.util.ReadingFromKryoException: Failure reading from kryo
	at com.huawei.utbot.instrumentation.ConcreteExecutor.executeAsync(ConcreteExecutor.kt:392) ~[utbot-junit-contest-1.0.jar:?]
	at com.huawei.utbot.instrumentation.ConcreteExecutor$executeAsync$1.invokeSuspend(ConcreteExecutor.kt) ~[utbot-junit-contest-1.0.jar:?]
	at kotlin.coroutines.jvm.internal.BaseContinuationImpl.resumeWith(ContinuationImpl.kt:33) [utbot-junit-contest-1.0.jar:?]
	at kotlinx.coroutines.DispatchedTask.run(DispatchedTask.kt:106) [utbot-junit-contest-1.0.jar:?]
	at java.util.concurrent.Executors$RunnableAdapter.call(Executors.java:511) [?:1.8.0_312]
	at java.util.concurrent.FutureTask.run(FutureTask.java:266) [?:1.8.0_312]
	at java.util.concurrent.ScheduledThreadPoolExecutor$ScheduledFutureTask.access$201(ScheduledThreadPoolExecutor.java:180) [?:1.8.0_312]
	at java.util.concurrent.ScheduledThreadPoolExecutor$ScheduledFutureTask.run(ScheduledThreadPoolExecutor.java:293) [?:1.8.0_312]
	at java.util.concurrent.ThreadPoolExecutor.runWorker(ThreadPoolExecutor.java:1149) [?:1.8.0_312]
	at java.util.concurrent.ThreadPoolExecutor$Worker.run(ThreadPoolExecutor.java:624) [?:1.8.0_312]
	at java.lang.Thread.run(Thread.java:748) [?:1.8.0_312]
Caused by: com.esotericsoftware.kryo.KryoException: Buffer underflow.
	at com.esotericsoftware.kryo.io.Input.require(Input.java:219) ~[utbot-junit-contest-1.0.jar:?]
	at com.esotericsoftware.kryo.io.Input.readVarLong(Input.java:570) ~[utbot-junit-contest-1.0.jar:?]
	at com.esotericsoftware.kryo.serializers.DefaultSerializers$LongSerializer.read(DefaultSerializers.java:131) ~[utbot-junit-contest-1.0.jar:?]
	at com.esotericsoftware.kryo.serializers.DefaultSerializers$LongSerializer.read(DefaultSerializers.java:125) ~[utbot-junit-contest-1.0.jar:?]
	at com.esotericsoftware.kryo.Kryo.readObject(Kryo.java:774) ~[utbot-junit-contest-1.0.jar:?]
	at com.huawei.utbot.instrumentation.util.KryoHelper.readLong(KryoHelper.kt:36) ~[utbot-junit-contest-1.0.jar:?]
	at com.huawei.utbot.instrumentation.ConcreteExecutor$restartIfNeeded$$inlined$bracket$lambda$1$1$1.invokeSuspend(ConcreteExecutor.kt:256) ~[utbot-junit-contest-1.0.jar:?]
	at kotlin.coroutines.jvm.internal.BaseContinuationImpl.resumeWith(ContinuationImpl.kt:33) ~[utbot-junit-contest-1.0.jar:?]
	at kotlinx.coroutines.DispatchedTask.run(DispatchedTask.kt:106) ~[utbot-junit-contest-1.0.jar:?]
	at kotlinx.coroutines.EventLoopImplBase.processNextEvent(EventLoop.common.kt:274) ~[utbot-junit-contest-1.0.jar:?]
	at kotlinx.coroutines.BlockingCoroutine.joinBlocking(Builders.kt:84) ~[utbot-junit-contest-1.0.jar:?]
	at kotlinx.coroutines.BuildersKt__BuildersKt.runBlocking(Builders.kt:59) ~[utbot-junit-contest-1.0.jar:?]
	at kotlinx.coroutines.BuildersKt.runBlocking(Unknown Source) ~[utbot-junit-contest-1.0.jar:?]
	at kotlinx.coroutines.BuildersKt__BuildersKt.runBlocking$default(Builders.kt:38) ~[utbot-junit-contest-1.0.jar:?]
	at kotlinx.coroutines.BuildersKt.runBlocking$default(Unknown Source) ~[utbot-junit-contest-1.0.jar:?]
	at com.huawei.utbot.instrumentation.ConcreteExecutor$restartIfNeeded$$inlined$bracket$lambda$1$1.invoke(ConcreteExecutor.kt:253) ~[utbot-junit-contest-1.0.jar:?]
	at com.huawei.utbot.instrumentation.ConcreteExecutor$restartIfNeeded$$inlined$bracket$lambda$1$1.invoke(ConcreteExecutor.kt:101) ~[utbot-junit-contest-1.0.jar:?]
	at kotlin.concurrent.ThreadsKt$thread$thread$1.run(Thread.kt:30) ~[utbot-junit-contest-1.0.jar:?]
17:41:25.119 | INFO  | Finished (in 0.698 sec): method io.seata.core.rpc.netty.TmRpcClient.init(long, long) 
<StatsForMethod> :
	#generatedTC=0
	FAILED 1 time(s) with 1 different exception(s)"
17:41:25.123 | DEBUG |  ... 
17:41:25.123 | INFO  | Started: method io.seata.core.rpc.netty.TmRpcClient.init()
17:41:25.124 | INFO  |  -- Remaining time budget: 19495 ms, #remaining_methods: 19, budget for method: 1026 ms, solver timeout: 513 ms, budget for symbolic execution: 513 ms, budget for concrete execution: 513 ms,  -- 
17:41:25.637 | INFO  | |> Starting concrete execution for remaining state: io.seata.core.rpc.netty.TmRpcClient.init()
17:41:26.151 | INFO  | (X) Cancelling concrete execution: io.seata.core.rpc.netty.TmRpcClient.init()
17:41:26.152 | INFO  | Finished (in 1.028 sec): method io.seata.core.rpc.netty.TmRpcClient.init() 
<StatsForMethod> : SUSPICIOUS
	#generatedTC=0
	WITH NO EXCEPTIONS
17:41:26.153 | DEBUG |  ... 
17:41:26.154 | INFO  | Started: method io.seata.core.rpc.netty.TmRpcClient.onRegisterMsgSuccess(String, Channel, Object, AbstractMessage)
17:41:26.154 | INFO  |  -- Remaining time budget: 18465 ms, #remaining_methods: 18, budget for method: 1025 ms, solver timeout: 512 ms, budget for symbolic execution: 513 ms, budget for concrete execution: 512 ms,  -- 
17:41:26.667 | INFO  | |> Starting concrete execution for remaining state: io.seata.core.rpc.netty.TmRpcClient.onRegisterMsgSuccess(String, Channel, Object, AbstractMessage)
17:41:27.180 | INFO  | (X) Cancelling concrete execution: io.seata.core.rpc.netty.TmRpcClient.onRegisterMsgSuccess(String, Channel, Object, AbstractMessage)
17:41:27.181 | INFO  | Finished (in 1.027 sec): method io.seata.core.rpc.netty.TmRpcClient.onRegisterMsgSuccess(String, Channel, Object, AbstractMessage) 
<StatsForMethod> : SUSPICIOUS
	#generatedTC=0
	WITH NO EXCEPTIONS
17:41:27.182 | DEBUG |  ... 
17:41:27.182 | INFO  | Started: method io.seata.core.rpc.netty.TmRpcClient.onRegisterMsgFail(String, Channel, Object, AbstractMessage)
17:41:27.182 | INFO  |  -- Remaining time budget: 17436 ms, #remaining_methods: 17, budget for method: 1025 ms, solver timeout: 512 ms, budget for symbolic execution: 513 ms, budget for concrete execution: 512 ms,  -- 
17:41:27.695 | INFO  | |> Starting concrete execution for remaining state: io.seata.core.rpc.netty.TmRpcClient.onRegisterMsgFail(String, Channel, Object, AbstractMessage)
17:41:28.208 | INFO  | (X) Cancelling concrete execution: io.seata.core.rpc.netty.TmRpcClient.onRegisterMsgFail(String, Channel, Object, AbstractMessage)
17:41:28.210 | INFO  | Finished (in 1.027 sec): method io.seata.core.rpc.netty.TmRpcClient.onRegisterMsgFail(String, Channel, Object, AbstractMessage) 
<StatsForMethod> : SUSPICIOUS
	#generatedTC=0
	WITH NO EXCEPTIONS
17:41:28.210 | DEBUG |  ... 
17:41:28.211 | INFO  | Started: method io.seata.core.rpc.netty.TmRpcClient.sendMsgWithResponse(Object, long)
17:41:28.211 | INFO  |  -- Remaining time budget: 16408 ms, #remaining_methods: 16, budget for method: 1025 ms, solver timeout: 512 ms, budget for symbolic execution: 513 ms, budget for concrete execution: 512 ms,  -- 
17:41:28.724 | INFO  | |> Starting concrete execution for remaining state: io.seata.core.rpc.netty.TmRpcClient.sendMsgWithResponse(Object, long)
17:41:29.237 | INFO  | (X) Cancelling concrete execution: io.seata.core.rpc.netty.TmRpcClient.sendMsgWithResponse(Object, long)
17:41:29.238 | INFO  | Finished (in 1.027 sec): method io.seata.core.rpc.netty.TmRpcClient.sendMsgWithResponse(Object, long) 
<StatsForMethod> : SUSPICIOUS
	#generatedTC=0
	WITH NO EXCEPTIONS
17:41:29.239 | DEBUG |  ... 
17:41:29.239 | INFO  | Started: method io.seata.core.rpc.netty.TmRpcClient.sendMsgWithResponse(Object)
17:41:29.239 | INFO  |  -- Remaining time budget: 15379 ms, #remaining_methods: 15, budget for method: 1025 ms, solver timeout: 512 ms, budget for symbolic execution: 513 ms, budget for concrete execution: 512 ms,  -- 
17:41:29.753 | INFO  | |> Starting concrete execution for remaining state: io.seata.core.rpc.netty.TmRpcClient.sendMsgWithResponse(Object)
17:41:30.266 | INFO  | (X) Cancelling concrete execution: io.seata.core.rpc.netty.TmRpcClient.sendMsgWithResponse(Object)
17:41:30.267 | INFO  | Finished (in 1.028 sec): method io.seata.core.rpc.netty.TmRpcClient.sendMsgWithResponse(Object) 
<StatsForMethod> : SUSPICIOUS
	#generatedTC=0
	WITH NO EXCEPTIONS
17:41:30.267 | DEBUG |  ... 
17:41:30.268 | INFO  | Started: method io.seata.core.rpc.netty.TmRpcClient.sendMsgWithResponse(String, Object, long)
17:41:30.268 | INFO  |  -- Remaining time budget: 14350 ms, #remaining_methods: 14, budget for method: 1025 ms, solver timeout: 512 ms, budget for symbolic execution: 513 ms, budget for concrete execution: 512 ms,  -- 
17:41:30.781 | INFO  | |> Starting concrete execution for remaining state: io.seata.core.rpc.netty.TmRpcClient.sendMsgWithResponse(String, Object, long)
17:41:31.294 | INFO  | (X) Cancelling concrete execution: io.seata.core.rpc.netty.TmRpcClient.sendMsgWithResponse(String, Object, long)
17:41:31.295 | INFO  | Finished (in 1.027 sec): method io.seata.core.rpc.netty.TmRpcClient.sendMsgWithResponse(String, Object, long) 
<StatsForMethod> : SUSPICIOUS
	#generatedTC=0
	WITH NO EXCEPTIONS
17:41:31.296 | DEBUG |  ... 
17:41:31.297 | INFO  | Started: method io.seata.core.rpc.netty.TmRpcClient.releaseChannel(Channel, String)
17:41:31.297 | INFO  |  -- Remaining time budget: 13322 ms, #remaining_methods: 13, budget for method: 1024 ms, solver timeout: 512 ms, budget for symbolic execution: 512 ms, budget for concrete execution: 512 ms,  -- 
17:41:31.317 | ERROR | Symbolic execution FAILED
com.huawei.utbot.instrumentation.util.ReadingFromKryoException: Failure reading from kryo
	at com.huawei.utbot.instrumentation.ConcreteExecutor.executeAsync(ConcreteExecutor.kt:392) ~[utbot-junit-contest-1.0.jar:?]
	at com.huawei.utbot.instrumentation.ConcreteExecutor$executeAsync$1.invokeSuspend(ConcreteExecutor.kt) ~[utbot-junit-contest-1.0.jar:?]
	at kotlin.coroutines.jvm.internal.BaseContinuationImpl.resumeWith(ContinuationImpl.kt:33) [utbot-junit-contest-1.0.jar:?]
	at kotlinx.coroutines.DispatchedTask.run(DispatchedTask.kt:106) [utbot-junit-contest-1.0.jar:?]
	at java.util.concurrent.Executors$RunnableAdapter.call(Executors.java:511) [?:1.8.0_312]
	at java.util.concurrent.FutureTask.run(FutureTask.java:266) [?:1.8.0_312]
	at java.util.concurrent.ScheduledThreadPoolExecutor$ScheduledFutureTask.access$201(ScheduledThreadPoolExecutor.java:180) [?:1.8.0_312]
	at java.util.concurrent.ScheduledThreadPoolExecutor$ScheduledFutureTask.run(ScheduledThreadPoolExecutor.java:293) [?:1.8.0_312]
	at java.util.concurrent.ThreadPoolExecutor.runWorker(ThreadPoolExecutor.java:1149) [?:1.8.0_312]
	at java.util.concurrent.ThreadPoolExecutor$Worker.run(ThreadPoolExecutor.java:624) [?:1.8.0_312]
	at java.lang.Thread.run(Thread.java:748) [?:1.8.0_312]
Caused by: com.esotericsoftware.kryo.KryoException: Buffer underflow.
	at com.esotericsoftware.kryo.io.Input.require(Input.java:219) ~[utbot-junit-contest-1.0.jar:?]
	at com.esotericsoftware.kryo.io.Input.readVarLong(Input.java:570) ~[utbot-junit-contest-1.0.jar:?]
	at com.esotericsoftware.kryo.serializers.DefaultSerializers$LongSerializer.read(DefaultSerializers.java:131) ~[utbot-junit-contest-1.0.jar:?]
	at com.esotericsoftware.kryo.serializers.DefaultSerializers$LongSerializer.read(DefaultSerializers.java:125) ~[utbot-junit-contest-1.0.jar:?]
	at com.esotericsoftware.kryo.Kryo.readObject(Kryo.java:774) ~[utbot-junit-contest-1.0.jar:?]
	at com.huawei.utbot.instrumentation.util.KryoHelper.readLong(KryoHelper.kt:36) ~[utbot-junit-contest-1.0.jar:?]
	at com.huawei.utbot.instrumentation.ConcreteExecutor$restartIfNeeded$$inlined$bracket$lambda$1$1$1.invokeSuspend(ConcreteExecutor.kt:256) ~[utbot-junit-contest-1.0.jar:?]
	at kotlin.coroutines.jvm.internal.BaseContinuationImpl.resumeWith(ContinuationImpl.kt:33) ~[utbot-junit-contest-1.0.jar:?]
	at kotlinx.coroutines.DispatchedTask.run(DispatchedTask.kt:106) ~[utbot-junit-contest-1.0.jar:?]
	at kotlinx.coroutines.EventLoopImplBase.processNextEvent(EventLoop.common.kt:274) ~[utbot-junit-contest-1.0.jar:?]
	at kotlinx.coroutines.BlockingCoroutine.joinBlocking(Builders.kt:84) ~[utbot-junit-contest-1.0.jar:?]
	at kotlinx.coroutines.BuildersKt__BuildersKt.runBlocking(Builders.kt:59) ~[utbot-junit-contest-1.0.jar:?]
	at kotlinx.coroutines.BuildersKt.runBlocking(Unknown Source) ~[utbot-junit-contest-1.0.jar:?]
	at kotlinx.coroutines.BuildersKt__BuildersKt.runBlocking$default(Builders.kt:38) ~[utbot-junit-contest-1.0.jar:?]
	at kotlinx.coroutines.BuildersKt.runBlocking$default(Unknown Source) ~[utbot-junit-contest-1.0.jar:?]
	at com.huawei.utbot.instrumentation.ConcreteExecutor$restartIfNeeded$$inlined$bracket$lambda$1$1.invoke(ConcreteExecutor.kt:253) ~[utbot-junit-contest-1.0.jar:?]
	at com.huawei.utbot.instrumentation.ConcreteExecutor$restartIfNeeded$$inlined$bracket$lambda$1$1.invoke(ConcreteExecutor.kt:101) ~[utbot-junit-contest-1.0.jar:?]
	at kotlin.concurrent.ThreadsKt$thread$thread$1.run(Thread.kt:30) ~[utbot-junit-contest-1.0.jar:?]
17:41:31.413 | DEBUG | --new testCase collected, to generate: testIo.seata.core.rpc.netty.TmRpcClient.releaseChannel(Channel, String)1
17:41:31.441 | DEBUG | --new testCase collected, to generate: testIo.seata.core.rpc.netty.TmRpcClient.releaseChannel(Channel, String)2
17:41:31.808 | INFO  | |> Starting concrete execution for remaining state: io.seata.core.rpc.netty.TmRpcClient.releaseChannel(Channel, String)
17:41:32.321 | INFO  | (X) Cancelling concrete execution: io.seata.core.rpc.netty.TmRpcClient.releaseChannel(Channel, String)
17:41:32.344 | INFO  | Finished (in 1.047 sec): method io.seata.core.rpc.netty.TmRpcClient.releaseChannel(Channel, String) 
<StatsForMethod> :
	#generatedTC=2
	FAILED 1 time(s) with 1 different exception(s)"
17:41:32.370 | DEBUG |  ... 
17:41:32.371 | INFO  | Started: method io.seata.core.rpc.netty.TmRpcClient.getNettyPoolConfig()
17:41:32.371 | INFO  |  -- Remaining time budget: 12247 ms, #remaining_methods: 12, budget for method: 1020 ms, solver timeout: 510 ms, budget for symbolic execution: 510 ms, budget for concrete execution: 510 ms,  -- 
17:41:32.882 | INFO  | |> Starting concrete execution for remaining state: io.seata.core.rpc.netty.TmRpcClient.getNettyPoolConfig()
17:41:33.392 | INFO  | (X) Cancelling concrete execution: io.seata.core.rpc.netty.TmRpcClient.getNettyPoolConfig()
17:41:33.394 | INFO  | Finished (in 1.022 sec): method io.seata.core.rpc.netty.TmRpcClient.getNettyPoolConfig() 
<StatsForMethod> : SUSPICIOUS
	#generatedTC=0
	WITH NO EXCEPTIONS
17:41:33.394 | DEBUG |  ... 
17:41:33.394 | INFO  | Started: method io.seata.core.rpc.netty.TmRpcClient.getTransactionRole()
17:41:33.394 | INFO  |  -- Remaining time budget: 11224 ms, #remaining_methods: 11, budget for method: 1020 ms, solver timeout: 510 ms, budget for symbolic execution: 510 ms, budget for concrete execution: 510 ms,  -- 
17:41:33.905 | INFO  | |> Starting concrete execution for remaining state: io.seata.core.rpc.netty.TmRpcClient.getTransactionRole()
17:41:34.415 | INFO  | (X) Cancelling concrete execution: io.seata.core.rpc.netty.TmRpcClient.getTransactionRole()
17:41:34.416 | INFO  | Finished (in 1.022 sec): method io.seata.core.rpc.netty.TmRpcClient.getTransactionRole() 
<StatsForMethod> : SUSPICIOUS
	#generatedTC=0
	WITH NO EXCEPTIONS
17:41:34.417 | DEBUG |  ... 
17:41:34.417 | INFO  | Started: method io.seata.core.rpc.netty.TmRpcClient.initVars()
17:41:34.417 | INFO  |  -- Remaining time budget: 10201 ms, #remaining_methods: 10, budget for method: 1020 ms, solver timeout: 510 ms, budget for symbolic execution: 510 ms, budget for concrete execution: 510 ms,  -- 
17:41:34.928 | INFO  | |> Starting concrete execution for remaining state: io.seata.core.rpc.netty.TmRpcClient.initVars()
17:41:35.438 | INFO  | (X) Cancelling concrete execution: io.seata.core.rpc.netty.TmRpcClient.initVars()
17:41:35.439 | INFO  | Finished (in 1.022 sec): method io.seata.core.rpc.netty.TmRpcClient.initVars() 
<StatsForMethod> : SUSPICIOUS
	#generatedTC=0
	WITH NO EXCEPTIONS
17:41:35.440 | DEBUG |  ... 
17:41:35.440 | INFO  | Started: method io.seata.core.rpc.netty.TmRpcClient.getExistAliveChannel(Channel, String)
17:41:35.441 | INFO  |  -- Remaining time budget: 9178 ms, #remaining_methods: 9, budget for method: 1019 ms, solver timeout: 509 ms, budget for symbolic execution: 510 ms, budget for concrete execution: 509 ms,  -- 
17:41:35.951 | INFO  | |> Starting concrete execution for remaining state: io.seata.core.rpc.netty.TmRpcClient.getExistAliveChannel(Channel, String)
17:41:36.461 | INFO  | (X) Cancelling concrete execution: io.seata.core.rpc.netty.TmRpcClient.getExistAliveChannel(Channel, String)
17:41:36.462 | INFO  | Finished (in 1.021 sec): method io.seata.core.rpc.netty.TmRpcClient.getExistAliveChannel(Channel, String) 
<StatsForMethod> : SUSPICIOUS
	#generatedTC=0
	WITH NO EXCEPTIONS
17:41:36.462 | DEBUG |  ... 
17:41:36.463 | INFO  | Started: method io.seata.core.rpc.netty.TmRpcClient.doConnect(String)
17:41:36.463 | INFO  |  -- Remaining time budget: 8155 ms, #remaining_methods: 8, budget for method: 1019 ms, solver timeout: 509 ms, budget for symbolic execution: 510 ms, budget for concrete execution: 509 ms,  -- 
17:41:36.973 | INFO  | |> Starting concrete execution for remaining state: io.seata.core.rpc.netty.TmRpcClient.doConnect(String)
17:41:37.483 | INFO  | (X) Cancelling concrete execution: io.seata.core.rpc.netty.TmRpcClient.doConnect(String)
17:41:37.484 | INFO  | Finished (in 1.021 sec): method io.seata.core.rpc.netty.TmRpcClient.doConnect(String) 
<StatsForMethod> : SUSPICIOUS
	#generatedTC=0
	WITH NO EXCEPTIONS
17:41:37.485 | DEBUG |  ... 
17:41:37.485 | INFO  | Started: method io.seata.core.rpc.netty.TmRpcClient.getApplicationId()
17:41:37.486 | INFO  |  -- Remaining time budget: 7133 ms, #remaining_methods: 7, budget for method: 1019 ms, solver timeout: 509 ms, budget for symbolic execution: 510 ms, budget for concrete execution: 509 ms,  -- 
17:41:37.996 | INFO  | |> Starting concrete execution for remaining state: io.seata.core.rpc.netty.TmRpcClient.getApplicationId()
17:41:38.504 | ERROR | Symbolic execution FAILED
com.huawei.utbot.instrumentation.util.ReadingFromKryoException: Failure reading from kryo
	at com.huawei.utbot.instrumentation.ConcreteExecutor.executeAsync(ConcreteExecutor.kt:392) ~[utbot-junit-contest-1.0.jar:?]
	at com.huawei.utbot.instrumentation.ConcreteExecutor$executeAsync$1.invokeSuspend(ConcreteExecutor.kt) ~[utbot-junit-contest-1.0.jar:?]
	at kotlin.coroutines.jvm.internal.BaseContinuationImpl.resumeWith(ContinuationImpl.kt:33) [utbot-junit-contest-1.0.jar:?]
	at kotlinx.coroutines.DispatchedTask.run(DispatchedTask.kt:106) [utbot-junit-contest-1.0.jar:?]
	at java.util.concurrent.Executors$RunnableAdapter.call(Executors.java:511) [?:1.8.0_312]
	at java.util.concurrent.FutureTask.run(FutureTask.java:266) [?:1.8.0_312]
	at java.util.concurrent.ScheduledThreadPoolExecutor$ScheduledFutureTask.access$201(ScheduledThreadPoolExecutor.java:180) [?:1.8.0_312]
	at java.util.concurrent.ScheduledThreadPoolExecutor$ScheduledFutureTask.run(ScheduledThreadPoolExecutor.java:293) [?:1.8.0_312]
	at java.util.concurrent.ThreadPoolExecutor.runWorker(ThreadPoolExecutor.java:1149) [?:1.8.0_312]
	at java.util.concurrent.ThreadPoolExecutor$Worker.run(ThreadPoolExecutor.java:624) [?:1.8.0_312]
	at java.lang.Thread.run(Thread.java:748) [?:1.8.0_312]
Caused by: com.esotericsoftware.kryo.KryoException: Buffer underflow.
	at com.esotericsoftware.kryo.io.Input.require(Input.java:219) ~[utbot-junit-contest-1.0.jar:?]
	at com.esotericsoftware.kryo.io.Input.readVarLong(Input.java:570) ~[utbot-junit-contest-1.0.jar:?]
	at com.esotericsoftware.kryo.serializers.DefaultSerializers$LongSerializer.read(DefaultSerializers.java:131) ~[utbot-junit-contest-1.0.jar:?]
	at com.esotericsoftware.kryo.serializers.DefaultSerializers$LongSerializer.read(DefaultSerializers.java:125) ~[utbot-junit-contest-1.0.jar:?]
	at com.esotericsoftware.kryo.Kryo.readObject(Kryo.java:774) ~[utbot-junit-contest-1.0.jar:?]
	at com.huawei.utbot.instrumentation.util.KryoHelper.readLong(KryoHelper.kt:36) ~[utbot-junit-contest-1.0.jar:?]
	at com.huawei.utbot.instrumentation.ConcreteExecutor$restartIfNeeded$$inlined$bracket$lambda$1$1$1.invokeSuspend(ConcreteExecutor.kt:256) ~[utbot-junit-contest-1.0.jar:?]
	at kotlin.coroutines.jvm.internal.BaseContinuationImpl.resumeWith(ContinuationImpl.kt:33) ~[utbot-junit-contest-1.0.jar:?]
	at kotlinx.coroutines.DispatchedTask.run(DispatchedTask.kt:106) ~[utbot-junit-contest-1.0.jar:?]
	at kotlinx.coroutines.EventLoopImplBase.processNextEvent(EventLoop.common.kt:274) ~[utbot-junit-contest-1.0.jar:?]
	at kotlinx.coroutines.BlockingCoroutine.joinBlocking(Builders.kt:84) ~[utbot-junit-contest-1.0.jar:?]
	at kotlinx.coroutines.BuildersKt__BuildersKt.runBlocking(Builders.kt:59) ~[utbot-junit-contest-1.0.jar:?]
	at kotlinx.coroutines.BuildersKt.runBlocking(Unknown Source) ~[utbot-junit-contest-1.0.jar:?]
	at kotlinx.coroutines.BuildersKt__BuildersKt.runBlocking$default(Builders.kt:38) ~[utbot-junit-contest-1.0.jar:?]
	at kotlinx.coroutines.BuildersKt.runBlocking$default(Unknown Source) ~[utbot-junit-contest-1.0.jar:?]
	at com.huawei.utbot.instrumentation.ConcreteExecutor$restartIfNeeded$$inlined$bracket$lambda$1$1.invoke(ConcreteExecutor.kt:253) ~[utbot-junit-contest-1.0.jar:?]
	at com.huawei.utbot.instrumentation.ConcreteExecutor$restartIfNeeded$$inlined$bracket$lambda$1$1.invoke(ConcreteExecutor.kt:101) ~[utbot-junit-contest-1.0.jar:?]
	at kotlin.concurrent.ThreadsKt$thread$thread$1.run(Thread.kt:30) ~[utbot-junit-contest-1.0.jar:?]
17:41:38.506 | INFO  | (X) Cancelling concrete execution: io.seata.core.rpc.netty.TmRpcClient.getApplicationId()
17:41:38.508 | INFO  | Finished (in 1.022 sec): method io.seata.core.rpc.netty.TmRpcClient.getApplicationId() 
<StatsForMethod> :
	#generatedTC=0
	FAILED 1 time(s) with 1 different exception(s)"
17:41:38.509 | DEBUG |  ... 
17:41:38.509 | INFO  | Started: method io.seata.core.rpc.netty.TmRpcClient.setApplicationId(String)
17:41:38.509 | INFO  |  -- Remaining time budget: 6109 ms, #remaining_methods: 6, budget for method: 1018 ms, solver timeout: 509 ms, budget for symbolic execution: 509 ms, budget for concrete execution: 509 ms,  -- 
17:41:39.019 | INFO  | |> Starting concrete execution for remaining state: io.seata.core.rpc.netty.TmRpcClient.setApplicationId(String)
17:41:39.529 | INFO  | (X) Cancelling concrete execution: io.seata.core.rpc.netty.TmRpcClient.setApplicationId(String)
17:41:39.530 | INFO  | Finished (in 1.020 sec): method io.seata.core.rpc.netty.TmRpcClient.setApplicationId(String) 
<StatsForMethod> : SUSPICIOUS
	#generatedTC=0
	WITH NO EXCEPTIONS
17:41:39.530 | DEBUG |  ... 
17:41:39.531 | INFO  | Started: method io.seata.core.rpc.netty.TmRpcClient.getTransactionServiceGroup()
17:41:39.531 | INFO  |  -- Remaining time budget: 5087 ms, #remaining_methods: 5, budget for method: 1017 ms, solver timeout: 508 ms, budget for symbolic execution: 509 ms, budget for concrete execution: 508 ms,  -- 
17:41:40.040 | INFO  | |> Starting concrete execution for remaining state: io.seata.core.rpc.netty.TmRpcClient.getTransactionServiceGroup()
17:41:40.550 | INFO  | (X) Cancelling concrete execution: io.seata.core.rpc.netty.TmRpcClient.getTransactionServiceGroup()
17:41:40.551 | INFO  | Finished (in 1.019 sec): method io.seata.core.rpc.netty.TmRpcClient.getTransactionServiceGroup() 
<StatsForMethod> : SUSPICIOUS
	#generatedTC=0
	WITH NO EXCEPTIONS
17:41:40.551 | DEBUG |  ... 
17:41:40.551 | INFO  | Started: method io.seata.core.rpc.netty.TmRpcClient.setTransactionServiceGroup(String)
17:41:40.552 | INFO  |  -- Remaining time budget: 4067 ms, #remaining_methods: 4, budget for method: 1016 ms, solver timeout: 508 ms, budget for symbolic execution: 508 ms, budget for concrete execution: 508 ms,  -- 
17:41:41.060 | INFO  | |> Starting concrete execution for remaining state: io.seata.core.rpc.netty.TmRpcClient.setTransactionServiceGroup(String)
17:41:41.569 | INFO  | (X) Cancelling concrete execution: io.seata.core.rpc.netty.TmRpcClient.setTransactionServiceGroup(String)
17:41:41.570 | INFO  | Finished (in 1.018 sec): method io.seata.core.rpc.netty.TmRpcClient.setTransactionServiceGroup(String) 
<StatsForMethod> : SUSPICIOUS
	#generatedTC=0
	WITH NO EXCEPTIONS
17:41:41.570 | DEBUG |  ... 
17:41:41.570 | INFO  | Started: method io.seata.core.rpc.netty.TmRpcClient.getInstance()
17:41:41.571 | INFO  |  -- Remaining time budget: 3048 ms, #remaining_methods: 3, budget for method: 1016 ms, solver timeout: 508 ms, budget for symbolic execution: 508 ms, budget for concrete execution: 508 ms,  -- 
17:41:42.079 | INFO  | |> Starting concrete execution for remaining state: io.seata.core.rpc.netty.TmRpcClient.getInstance()
17:41:42.587 | INFO  | (X) Cancelling concrete execution: io.seata.core.rpc.netty.TmRpcClient.getInstance()
17:41:42.588 | INFO  | Finished (in 1.018 sec): method io.seata.core.rpc.netty.TmRpcClient.getInstance() 
<StatsForMethod> : SUSPICIOUS
	#generatedTC=0
	WITH NO EXCEPTIONS
17:41:42.589 | DEBUG |  ... 
17:41:42.589 | INFO  | Started: method io.seata.core.rpc.netty.TmRpcClient.getInstance(String, String)
17:41:42.589 | INFO  |  -- Remaining time budget: 2029 ms, #remaining_methods: 2, budget for method: 1014 ms, solver timeout: 507 ms, budget for symbolic execution: 507 ms, budget for concrete execution: 507 ms,  -- 
17:41:43.097 | INFO  | |> Starting concrete execution for remaining state: io.seata.core.rpc.netty.TmRpcClient.getInstance(String, String)
17:41:43.604 | INFO  | (X) Cancelling concrete execution: io.seata.core.rpc.netty.TmRpcClient.getInstance(String, String)
17:41:43.605 | INFO  | Finished (in 1.016 sec): method io.seata.core.rpc.netty.TmRpcClient.getInstance(String, String) 
<StatsForMethod> : SUSPICIOUS
	#generatedTC=0
	WITH NO EXCEPTIONS
17:41:43.606 | DEBUG |  ... 
17:41:43.606 | INFO  | Started: method io.seata.core.rpc.netty.TmRpcClient.<init>(NettyClientConfig, EventExecutorGroup, ThreadPoolExecutor)
17:41:43.606 | INFO  |  -- Remaining time budget: 1012 ms, #remaining_methods: 1, budget for method: 1012 ms, solver timeout: 506 ms, budget for symbolic execution: 506 ms, budget for concrete execution: 506 ms,  -- 
17:41:44.113 | INFO  | |> Starting concrete execution for remaining state: io.seata.core.rpc.netty.TmRpcClient.<init>(NettyClientConfig, EventExecutorGroup, ThreadPoolExecutor)
17:41:44.619 | WARN  | Cancelling job because timeout 25500 ms elapsed (real cancellation can take time)
17:41:44.621 | INFO  | Finished (in 1.014 sec): method io.seata.core.rpc.netty.TmRpcClient.<init>(NettyClientConfig, EventExecutorGroup, ThreadPoolExecutor) 
<StatsForMethod> : SUSPICIOUS
	#generatedTC=0
	WITH NO EXCEPTIONS
17:41:44.622 | INFO  | Started: Flushing tests for [TmRpcClient] on disk
17:41:44.753 | INFO  | File size for TmRpcClientTest: 2 KB
17:41:44.755 | INFO  | Finished (in 0.133 sec): Flushing tests for [TmRpcClient] on disk 
17:41:44.755 | INFO  | Finished (in 25.614 sec): class io.seata.core.rpc.netty.TmRpcClient 
<StatsForClass> :
	canceled by timeout = true
	#methods = 25, 
	#methods started symbolic exploration = 25
	#methods with at least one TC = 1
	#methods with exceptions = 3
	#generated TC = 2
	#coverage = null
[READY]
