Started UtBot Contest, classfileDir = /var/benchmarks/projects/seata/core/target/classes, classpathString=/var/benchmarks/projects/seata/core/target/classes:/var/benchmarks/projects/seata/core/target/seata-core-0.5.0.jar:/var/benchmarks/projects/./seata/core/target/dependency/mockito-core-2.23.4.jar:/var/benchmarks/projects/seata/core/target/dependency/byte-buddy-agent-1.9.3.jar:/var/benchmarks/projects/seata/core/target/dependency/assertj-core-2.6.0.jar:/var/benchmarks/projects/seata/core/target/dependency/seata-common-0.5.0.jar:/var/benchmarks/projects/seata/core/target/dependency/byte-buddy-1.9.3.jar:/var/benchmarks/projects/seata/core/target/dependency/objenesis-2.6.jar:/var/benchmarks/projects/seata/core/target/dependency/seata-discovery-core-0.5.0.jar:/var/benchmarks/projects/seata/core/target/dependency/commons-pool2-2.4.2.jar:/var/benchmarks/projects/seata/core/target/dependency/junit-4.12.jar:/var/benchmarks/projects/seata/core/target/dependency/hamcrest-core-1.3.jar:/var/benchmarks/projects/seata/core/target/dependency/slf4j-api-1.7.22.jar:/var/benchmarks/projects/seata/core/target/dependency/seata-config-core-0.5.0.jar:/var/benchmarks/projects/seata/core/target/dependency/netty-all-4.1.24.Final.jar:/var/benchmarks/projects/seata/core/target/dependency/commons-lang-2.6.jar:/var/benchmarks/projects/seata/core/target/dependency/fastjson-1.2.48.jar:/var/benchmarks/projects/seata/core/target/dependency/config-1.2.1.jar:/var/benchmarks/projects/seata/core/target/dependency/commons-pool-1.6.jar, outputDir=/home/utbot_mocks/temp/testcases, mocks=Other classes: Mockito
11:38:46.740 | INFO  | Started: warmup: kotlin reflection :: init
11:38:46.809 | INFO  | Finished (in 0.069 sec): warmup: kotlin reflection :: init 
[INIT]
>> [RUN] io.seata.core.protocol.transaction.BranchRegisterRequest 30
11:38:46.824 | DEBUG | -----------------------------------------------------------------------------
11:38:46.824 | INFO  | Contest.runGeneration: Time budget: 30000 ms, Generation timeout=25500 ms, classpath=/var/benchmarks/projects/seata/core/target/classes:/var/benchmarks/projects/seata/core/target/seata-core-0.5.0.jar:/var/benchmarks/projects/./seata/core/target/dependency/mockito-core-2.23.4.jar:/var/benchmarks/projects/seata/core/target/dependency/byte-buddy-agent-1.9.3.jar:/var/benchmarks/projects/seata/core/target/dependency/assertj-core-2.6.0.jar:/var/benchmarks/projects/seata/core/target/dependency/seata-common-0.5.0.jar:/var/benchmarks/projects/seata/core/target/dependency/byte-buddy-1.9.3.jar:/var/benchmarks/projects/seata/core/target/dependency/objenesis-2.6.jar:/var/benchmarks/projects/seata/core/target/dependency/seata-discovery-core-0.5.0.jar:/var/benchmarks/projects/seata/core/target/dependency/commons-pool2-2.4.2.jar:/var/benchmarks/projects/seata/core/target/dependency/junit-4.12.jar:/var/benchmarks/projects/seata/core/target/dependency/hamcrest-core-1.3.jar:/var/benchmarks/projects/seata/core/target/dependency/slf4j-api-1.7.22.jar:/var/benchmarks/projects/seata/core/target/dependency/seata-config-core-0.5.0.jar:/var/benchmarks/projects/seata/core/target/dependency/netty-all-4.1.24.Final.jar:/var/benchmarks/projects/seata/core/target/dependency/commons-lang-2.6.jar:/var/benchmarks/projects/seata/core/target/dependency/fastjson-1.2.48.jar:/var/benchmarks/projects/seata/core/target/dependency/config-1.2.1.jar:/var/benchmarks/projects/seata/core/target/dependency/commons-pool-1.6.jar, methodNameFilter=null
11:38:46.827 | INFO  | ClassUnderTest[ FQN: io.seata.core.protocol.transaction.BranchRegisterRequest
    classfileDir: /var/benchmarks/projects/seata/core/target/classes
    testClassSimpleName: BranchRegisterRequestTest
    generatedTestFile: /home/utbot_mocks/temp/testcases/io/seata/core/protocol/transaction/BranchRegisterRequestTest.java
    generatedTestsSourcesDir: /home/utbot_mocks/temp/testcases
]
11:38:46.853 | INFO  | Started: class io.seata.core.protocol.transaction.BranchRegisterRequest
11:38:46.854 | INFO  | Started: preparation class class io.seata.core.protocol.transaction.BranchRegisterRequest: kotlin reflection :: run
11:38:46.913 | INFO  | Finished (in 0.058 sec): preparation class class io.seata.core.protocol.transaction.BranchRegisterRequest: kotlin reflection :: run 
11:38:46.914 | INFO  | Started: 2nd optional soot initialization
11:38:46.915 | INFO  | Finished (in 0.001 sec): 2nd optional soot initialization 
11:38:46.923 | DEBUG |  ... 
11:38:46.935 | INFO  | Started: method io.seata.core.protocol.transaction.BranchRegisterRequest.toString()
11:38:46.936 | INFO  |  -- Remaining time budget: 25400 ms, #remaining_methods: 16, budget for method: 1587 ms, solver timeout: 793 ms, budget for symbolic execution: 794 ms, budget for concrete execution: 793 ms,  -- 
11:38:47.299 | DEBUG | --new testCase collected, to generate: testIo.seata.core.protocol.transaction.BranchRegisterRequest.toString()1
11:38:47.727 | INFO  | |> Starting concrete execution for remaining state: io.seata.core.protocol.transaction.BranchRegisterRequest.toString()
11:38:48.521 | INFO  | (X) Cancelling concrete execution: io.seata.core.protocol.transaction.BranchRegisterRequest.toString()
11:38:48.526 | INFO  | Finished (in 1.591 sec): method io.seata.core.protocol.transaction.BranchRegisterRequest.toString() 
<StatsForMethod> :
	#generatedTC=1
	WITH NO EXCEPTIONS
11:38:48.576 | DEBUG |  ... 
11:38:48.577 | INFO  | Started: method io.seata.core.protocol.transaction.BranchRegisterRequest.decode(ByteBuffer)
11:38:48.577 | INFO  |  -- Remaining time budget: 23750 ms, #remaining_methods: 15, budget for method: 1583 ms, solver timeout: 791 ms, budget for symbolic execution: 792 ms, budget for concrete execution: 791 ms,  -- 
11:38:48.606 | DEBUG | --new testCase collected, to generate: testIo.seata.core.protocol.transaction.BranchRegisterRequest.decode(ByteBuffer)1
11:38:48.675 | DEBUG | --new testCase collected, to generate: testIo.seata.core.protocol.transaction.BranchRegisterRequest.decode(ByteBuffer)2
11:38:48.844 | DEBUG | --new testCase collected, to generate: testIo.seata.core.protocol.transaction.BranchRegisterRequest.decode(ByteBuffer)3
11:38:49.369 | INFO  | |> Starting concrete execution for remaining state: io.seata.core.protocol.transaction.BranchRegisterRequest.decode(ByteBuffer)
11:38:50.163 | INFO  | (X) Cancelling concrete execution: io.seata.core.protocol.transaction.BranchRegisterRequest.decode(ByteBuffer)
11:38:51.133 | INFO  | Finished (in 2.555 sec): method io.seata.core.protocol.transaction.BranchRegisterRequest.decode(ByteBuffer) 
<StatsForMethod> :
	#generatedTC=3
	WITH NO EXCEPTIONS
11:38:51.170 | DEBUG |  ... 
11:38:51.170 | INFO  | Started: method io.seata.core.protocol.transaction.BranchRegisterRequest.encode()
11:38:51.171 | INFO  |  -- Remaining time budget: 21156 ms, #remaining_methods: 14, budget for method: 1511 ms, solver timeout: 755 ms, budget for symbolic execution: 756 ms, budget for concrete execution: 755 ms,  -- 
11:38:51.193 | DEBUG | --new testCase collected, to generate: testIo.seata.core.protocol.transaction.BranchRegisterRequest.encode()1
11:38:51.349 | DEBUG | --new testCase collected, to generate: testIo.seata.core.protocol.transaction.BranchRegisterRequest.encode()2
11:38:51.356 | DEBUG | --new testCase collected, to generate: testIo.seata.core.protocol.transaction.BranchRegisterRequest.encode()3
11:38:51.501 | DEBUG | --new testCase collected, to generate: testIo.seata.core.protocol.transaction.BranchRegisterRequest.encode()4
11:38:51.537 | DEBUG | --new testCase collected, to generate: testIo.seata.core.protocol.transaction.BranchRegisterRequest.encode()5
11:38:51.985 | INFO  | |> Starting concrete execution for remaining state: io.seata.core.protocol.transaction.BranchRegisterRequest.encode()
11:38:52.740 | INFO  | (X) Cancelling concrete execution: io.seata.core.protocol.transaction.BranchRegisterRequest.encode()
11:38:52.741 | DEBUG |  ... 
11:38:52.741 | INFO  | Started: method io.seata.core.protocol.transaction.BranchRegisterRequest.getTypeCode()
11:38:52.742 | INFO  |  -- Remaining time budget: 19585 ms, #remaining_methods: 13, budget for method: 1506 ms, solver timeout: 753 ms, budget for symbolic execution: 753 ms, budget for concrete execution: 753 ms,  -- 
11:38:52.757 | INFO  | Finished (in 1.586 sec): method io.seata.core.protocol.transaction.BranchRegisterRequest.encode() 
<StatsForMethod> :
	#generatedTC=5
	WITH NO EXCEPTIONS
11:38:52.835 | DEBUG | --new testCase collected, to generate: testIo.seata.core.protocol.transaction.BranchRegisterRequest.getTypeCode()1
11:38:52.868 | DEBUG | --new testCase collected, to generate: testIo.seata.core.protocol.transaction.BranchRegisterRequest.getTypeCode()2
11:38:52.868 | INFO  | Finished (in 0.127 sec): method io.seata.core.protocol.transaction.BranchRegisterRequest.getTypeCode() 
<StatsForMethod> :
	#generatedTC=2
	WITH NO EXCEPTIONS
11:38:52.869 | DEBUG |  ... 
11:38:52.870 | INFO  | Started: method io.seata.core.protocol.transaction.BranchRegisterRequest.handle(RpcContext)
11:38:52.870 | INFO  |  -- Remaining time budget: 19457 ms, #remaining_methods: 12, budget for method: 1621 ms, solver timeout: 810 ms, budget for symbolic execution: 811 ms, budget for concrete execution: 810 ms,  -- 
11:38:52.930 | DEBUG | --new testCase collected, to generate: testIo.seata.core.protocol.transaction.BranchRegisterRequest.handle(RpcContext)1
11:38:52.961 | DEBUG | --new testCase collected, to generate: testIo.seata.core.protocol.transaction.BranchRegisterRequest.handle(RpcContext)2
11:38:52.986 | DEBUG | --new testCase collected, to generate: testIo.seata.core.protocol.transaction.BranchRegisterRequest.handle(RpcContext)3
11:38:52.987 | INFO  | Finished (in 0.117 sec): method io.seata.core.protocol.transaction.BranchRegisterRequest.handle(RpcContext) 
<StatsForMethod> :
	#generatedTC=3
	WITH NO EXCEPTIONS
11:38:52.988 | DEBUG |  ... 
11:38:52.988 | INFO  | Started: method io.seata.core.protocol.transaction.BranchRegisterRequest.setBranchType(BranchType)
11:38:52.988 | INFO  |  -- Remaining time budget: 19338 ms, #remaining_methods: 11, budget for method: 1758 ms, solver timeout: 879 ms, budget for symbolic execution: 879 ms, budget for concrete execution: 879 ms,  -- 
11:38:53.003 | ERROR | Symbolic execution FAILED
com.huawei.utbot.instrumentation.util.ChildProcessError: Error in the child process |> java.lang.IllegalAccessException: Class com.huawei.utbot.framework.concrete.MockValueConstructor can not access a member of class io.seata.core.model.BranchType with modifiers "private"
	at sun.reflect.Reflection.ensureMemberAccess(Reflection.java:102)
	at java.lang.reflect.AccessibleObject.slowCheckMemberAccess(AccessibleObject.java:296)
	at java.lang.reflect.AccessibleObject.checkAccess(AccessibleObject.java:288)
	at java.lang.reflect.Constructor.newInstance(Constructor.java:413)
	at com.huawei.utbot.framework.concrete.MockValueConstructor.call(MockValueConstructor.kt:414)
	at com.huawei.utbot.framework.concrete.MockValueConstructor.updateWithExecutableCallModel(MockValueConstructor.kt:353)
	at com.huawei.utbot.framework.concrete.MockValueConstructor.constructFromAssembleModel(MockValueConstructor.kt:332)
	at com.huawei.utbot.framework.concrete.MockValueConstructor.construct(MockValueConstructor.kt:126)
	at com.huawei.utbot.framework.concrete.MockValueConstructor.constructMethodParameters(MockValueConstructor.kt:101)
	at com.huawei.utbot.framework.concrete.UtExecutionInstrumentation.invoke(UtExecutionInstrumentation.kt:126)
	at com.huawei.utbot.framework.concrete.UtExecutionInstrumentation.invoke(UtExecutionInstrumentation.kt:96)
	at com.huawei.utbot.instrumentation.process.ChildProcessKt.loop(ChildProcess.kt:114)
	at com.huawei.utbot.instrumentation.process.ChildProcessKt.main(ChildProcess.kt:76)
	at com.huawei.utbot.instrumentation.process.ChildProcessKt.main(ChildProcess.kt)

	at com.huawei.utbot.instrumentation.ConcreteExecutor.executeAsync(ConcreteExecutor.kt:391) ~[utbot-junit-contest-1.0.jar:?]
	at com.huawei.utbot.instrumentation.ConcreteExecutor$executeAsync$1.invokeSuspend(ConcreteExecutor.kt) ~[utbot-junit-contest-1.0.jar:?]
	at kotlin.coroutines.jvm.internal.BaseContinuationImpl.resumeWith(ContinuationImpl.kt:33) [utbot-junit-contest-1.0.jar:?]
	at kotlinx.coroutines.DispatchedTask.run(DispatchedTask.kt:106) [utbot-junit-contest-1.0.jar:?]
	at java.util.concurrent.Executors$RunnableAdapter.call(Executors.java:511) [?:1.8.0_312]
	at java.util.concurrent.FutureTask.run(FutureTask.java:266) [?:1.8.0_312]
	at java.util.concurrent.ScheduledThreadPoolExecutor$ScheduledFutureTask.access$201(ScheduledThreadPoolExecutor.java:180) [?:1.8.0_312]
	at java.util.concurrent.ScheduledThreadPoolExecutor$ScheduledFutureTask.run(ScheduledThreadPoolExecutor.java:293) [?:1.8.0_312]
	at java.util.concurrent.ThreadPoolExecutor.runWorker(ThreadPoolExecutor.java:1149) [?:1.8.0_312]
	at java.util.concurrent.ThreadPoolExecutor$Worker.run(ThreadPoolExecutor.java:624) [?:1.8.0_312]
	at java.lang.Thread.run(Thread.java:748) [?:1.8.0_312]
11:38:53.034 | DEBUG | --new testCase collected, to generate: testIo.seata.core.protocol.transaction.BranchRegisterRequest.setBranchType(BranchType)1
11:38:53.035 | INFO  | Finished (in 0.046 sec): method io.seata.core.protocol.transaction.BranchRegisterRequest.setBranchType(BranchType) 
<StatsForMethod> :
	#generatedTC=1
	FAILED 1 time(s) with 1 different exception(s)"
11:38:53.036 | DEBUG |  ... 
11:38:53.036 | INFO  | Started: method io.seata.core.protocol.transaction.BranchRegisterRequest.getBranchType()
11:38:53.037 | INFO  |  -- Remaining time budget: 19290 ms, #remaining_methods: 10, budget for method: 1929 ms, solver timeout: 964 ms, budget for symbolic execution: 965 ms, budget for concrete execution: 964 ms,  -- 
11:38:53.057 | DEBUG | --new testCase collected, to generate: testIo.seata.core.protocol.transaction.BranchRegisterRequest.getBranchType()1
11:38:53.087 | DEBUG | --new testCase collected, to generate: testIo.seata.core.protocol.transaction.BranchRegisterRequest.getBranchType()2
11:38:53.087 | INFO  | Finished (in 0.050 sec): method io.seata.core.protocol.transaction.BranchRegisterRequest.getBranchType() 
<StatsForMethod> :
	#generatedTC=2
	WITH NO EXCEPTIONS
11:38:53.088 | DEBUG |  ... 
11:38:53.088 | INFO  | Started: method io.seata.core.protocol.transaction.BranchRegisterRequest.setApplicationData(String)
11:38:53.089 | INFO  |  -- Remaining time budget: 19238 ms, #remaining_methods: 9, budget for method: 2137 ms, solver timeout: 1000 ms, budget for symbolic execution: 1069 ms, budget for concrete execution: 1068 ms,  -- 
11:38:53.144 | DEBUG | --new testCase collected, to generate: testIo.seata.core.protocol.transaction.BranchRegisterRequest.setApplicationData(String)1
11:38:53.177 | DEBUG | --new testCase collected, to generate: testIo.seata.core.protocol.transaction.BranchRegisterRequest.setApplicationData(String)2
11:38:53.177 | INFO  | Finished (in 0.088 sec): method io.seata.core.protocol.transaction.BranchRegisterRequest.setApplicationData(String) 
<StatsForMethod> :
	#generatedTC=2
	WITH NO EXCEPTIONS
11:38:53.178 | DEBUG |  ... 
11:38:53.178 | INFO  | Started: method io.seata.core.protocol.transaction.BranchRegisterRequest.getApplicationData()
11:38:53.179 | INFO  |  -- Remaining time budget: 19148 ms, #remaining_methods: 8, budget for method: 2393 ms, solver timeout: 1000 ms, budget for symbolic execution: 1197 ms, budget for concrete execution: 1196 ms,  -- 
11:38:53.193 | DEBUG | --new testCase collected, to generate: testIo.seata.core.protocol.transaction.BranchRegisterRequest.getApplicationData()1
11:38:53.219 | DEBUG | --new testCase collected, to generate: testIo.seata.core.protocol.transaction.BranchRegisterRequest.getApplicationData()2
11:38:53.220 | INFO  | Finished (in 0.041 sec): method io.seata.core.protocol.transaction.BranchRegisterRequest.getApplicationData() 
<StatsForMethod> :
	#generatedTC=2
	WITH NO EXCEPTIONS
11:38:53.221 | DEBUG |  ... 
11:38:53.221 | INFO  | Started: method io.seata.core.protocol.transaction.BranchRegisterRequest.setLockKey(String)
11:38:53.221 | INFO  |  -- Remaining time budget: 19105 ms, #remaining_methods: 7, budget for method: 2729 ms, solver timeout: 1000 ms, budget for symbolic execution: 1529 ms, budget for concrete execution: 1200 ms,  -- 
11:38:53.231 | DEBUG | --new testCase collected, to generate: testIo.seata.core.protocol.transaction.BranchRegisterRequest.setLockKey(String)1
11:38:53.260 | DEBUG | --new testCase collected, to generate: testIo.seata.core.protocol.transaction.BranchRegisterRequest.setLockKey(String)2
11:38:53.261 | INFO  | Finished (in 0.039 sec): method io.seata.core.protocol.transaction.BranchRegisterRequest.setLockKey(String) 
<StatsForMethod> :
	#generatedTC=2
	WITH NO EXCEPTIONS
11:38:53.261 | DEBUG |  ... 
11:38:53.261 | INFO  | Started: method io.seata.core.protocol.transaction.BranchRegisterRequest.getResourceId()
11:38:53.262 | INFO  |  -- Remaining time budget: 19065 ms, #remaining_methods: 6, budget for method: 3177 ms, solver timeout: 1000 ms, budget for symbolic execution: 1977 ms, budget for concrete execution: 1200 ms,  -- 
11:38:53.275 | DEBUG | --new testCase collected, to generate: testIo.seata.core.protocol.transaction.BranchRegisterRequest.getResourceId()1
11:38:53.301 | DEBUG | --new testCase collected, to generate: testIo.seata.core.protocol.transaction.BranchRegisterRequest.getResourceId()2
11:38:53.301 | INFO  | Finished (in 0.040 sec): method io.seata.core.protocol.transaction.BranchRegisterRequest.getResourceId() 
<StatsForMethod> :
	#generatedTC=2
	WITH NO EXCEPTIONS
11:38:53.302 | DEBUG |  ... 
11:38:53.302 | INFO  | Started: method io.seata.core.protocol.transaction.BranchRegisterRequest.setResourceId(String)
11:38:53.302 | INFO  |  -- Remaining time budget: 19024 ms, #remaining_methods: 5, budget for method: 3804 ms, solver timeout: 1000 ms, budget for symbolic execution: 2604 ms, budget for concrete execution: 1200 ms,  -- 
11:38:53.311 | DEBUG | --new testCase collected, to generate: testIo.seata.core.protocol.transaction.BranchRegisterRequest.setResourceId(String)1
11:38:53.338 | DEBUG | --new testCase collected, to generate: testIo.seata.core.protocol.transaction.BranchRegisterRequest.setResourceId(String)2
11:38:53.338 | INFO  | Finished (in 0.036 sec): method io.seata.core.protocol.transaction.BranchRegisterRequest.setResourceId(String) 
<StatsForMethod> :
	#generatedTC=2
	WITH NO EXCEPTIONS
11:38:53.338 | DEBUG |  ... 
11:38:53.339 | INFO  | Started: method io.seata.core.protocol.transaction.BranchRegisterRequest.setXid(String)
11:38:53.339 | INFO  |  -- Remaining time budget: 18988 ms, #remaining_methods: 4, budget for method: 4747 ms, solver timeout: 1000 ms, budget for symbolic execution: 3547 ms, budget for concrete execution: 1200 ms,  -- 
11:38:53.348 | DEBUG | --new testCase collected, to generate: testIo.seata.core.protocol.transaction.BranchRegisterRequest.setXid(String)1
11:38:53.374 | DEBUG | --new testCase collected, to generate: testIo.seata.core.protocol.transaction.BranchRegisterRequest.setXid(String)2
11:38:53.374 | INFO  | Finished (in 0.035 sec): method io.seata.core.protocol.transaction.BranchRegisterRequest.setXid(String) 
<StatsForMethod> :
	#generatedTC=2
	WITH NO EXCEPTIONS
11:38:53.374 | DEBUG |  ... 
11:38:53.375 | INFO  | Started: method io.seata.core.protocol.transaction.BranchRegisterRequest.getLockKey()
11:38:53.375 | INFO  |  -- Remaining time budget: 18951 ms, #remaining_methods: 3, budget for method: 6317 ms, solver timeout: 1000 ms, budget for symbolic execution: 5117 ms, budget for concrete execution: 1200 ms,  -- 
11:38:53.384 | DEBUG | --new testCase collected, to generate: testIo.seata.core.protocol.transaction.BranchRegisterRequest.getLockKey()1
11:38:53.408 | DEBUG | --new testCase collected, to generate: testIo.seata.core.protocol.transaction.BranchRegisterRequest.getLockKey()2
11:38:53.408 | INFO  | Finished (in 0.033 sec): method io.seata.core.protocol.transaction.BranchRegisterRequest.getLockKey() 
<StatsForMethod> :
	#generatedTC=2
	WITH NO EXCEPTIONS
11:38:53.408 | DEBUG |  ... 
11:38:53.408 | INFO  | Started: method io.seata.core.protocol.transaction.BranchRegisterRequest.getXid()
11:38:53.409 | INFO  |  -- Remaining time budget: 18918 ms, #remaining_methods: 2, budget for method: 9459 ms, solver timeout: 1000 ms, budget for symbolic execution: 8259 ms, budget for concrete execution: 1200 ms,  -- 
11:38:53.416 | DEBUG | --new testCase collected, to generate: testIo.seata.core.protocol.transaction.BranchRegisterRequest.getXid()1
11:38:53.441 | DEBUG | --new testCase collected, to generate: testIo.seata.core.protocol.transaction.BranchRegisterRequest.getXid()2
11:38:53.441 | INFO  | Finished (in 0.033 sec): method io.seata.core.protocol.transaction.BranchRegisterRequest.getXid() 
<StatsForMethod> :
	#generatedTC=2
	WITH NO EXCEPTIONS
11:38:53.442 | DEBUG |  ... 
11:38:53.442 | INFO  | Started: method io.seata.core.protocol.transaction.BranchRegisterRequest.<init>()
11:38:53.442 | INFO  |  -- Remaining time budget: 18884 ms, #remaining_methods: 1, budget for method: 18884 ms, solver timeout: 1000 ms, budget for symbolic execution: 17684 ms, budget for concrete execution: 1200 ms,  -- 
11:38:53.452 | DEBUG | --new testCase collected, to generate: testIo.seata.core.protocol.transaction.BranchRegisterRequest.<init>()1
11:38:53.598 | INFO  | Finished (in 0.156 sec): method io.seata.core.protocol.transaction.BranchRegisterRequest.<init>() 
<StatsForMethod> :
	#generatedTC=1
	WITH NO EXCEPTIONS
11:38:53.613 | INFO  | Started: Flushing tests for [BranchRegisterRequest] on disk
11:38:53.831 | INFO  | File size for BranchRegisterRequestTest: 26 KB
11:38:53.833 | INFO  | Finished (in 0.219 sec): Flushing tests for [BranchRegisterRequest] on disk 
11:38:53.834 | INFO  | Finished (in 6.980 sec): class io.seata.core.protocol.transaction.BranchRegisterRequest 
<StatsForClass> :
	canceled by timeout = false
	#methods = 16, 
	#methods started symbolic exploration = 16
	#methods with at least one TC = 16
	#methods with exceptions = 1
	#generated TC = 34
	#coverage = null
[READY]
